
> opencv@5.0.0 install /root/Targets/abecms/node_modules/opencv
> node-pre-gyp install --fallback-to-build

Failed to execute '/root/.nvm/versions/node/v7.5.0/bin/node /root/.nvm/versions/node/v7.5.0/lib/node_modules/npm/node_modules/node-gyp/bin/node-gyp.js configure --fallback-to-build --module=/root/Targets/abecms/node_modules/opencv/build/opencv/v5.0.0/Release/node-v51-linux-x64/opencv.node --module_name=opencv --module_path=/root/Targets/abecms/node_modules/opencv/build/opencv/v5.0.0/Release/node-v51-linux-x64' (1)
/root/Targets/abecms
└── abecms@3.4.6 

Setup Done exists, not setting up
:../FeatureTester/libs/:/root/Targets/abecms/node_modules
Set Default Z3_PATH to ./node_modules/z3javascript/bin/libz3.so
ExpoSE Master: /root/ExpoSE/lib/Harness/src/harness.js max concurrent: 16 max paths: 1000000
Setting timeout to 900000
*** [0 done /0 queued / 1 running / 0 errors / 0% coverage ] ****** [0 done /0 queued / 1 running / 0 errors / 0% coverage ] ****** [1 done /0 queued / 0 running / 1 errors / 33% coverage ] ***
*-- Stat Module Output --*
*-- concretizations: ["defineProperty","bound log"]
*-- Stat Module Done --*
*-- Test Case {"_bound":0} start 0.0894 took 6.0205s
*-- Errors occured in test {"_bound":0}
* Error: Error: Cannot find module 'abecms'
*-- Replay with NO_COMPILE=1 expoSE replay '/root/ExpoSE/lib/Harness/src/harness.js' '{"_bound":0}'
*-- Coverage Data
*- File /root/ExpoSE/lib/Harness/src/harness.js. Coverage (Term): 18% Coverage (LOC): 24%
*- File /root/ExpoSE/lib/S$/bin/symbols.js. Coverage (Term): 16% Coverage (LOC): 34%
*- Re-run with EXPOSE_PRINT_COVERAGE=1 to print line by line coverage information
** ExpoSE Finished. 1 paths with 1 errors **
