/root/Targets/angular-restangular
└─┬ angular-restangular@1.5.1 
  └── lodash@4.17.4 

Setup Done exists, not setting up
:../FeatureTester/libs/:/root/Targets/angular-restangular/node_modules
Set Default Z3_PATH to ./node_modules/z3javascript/bin/libz3.so
ExpoSE Master: /root/ExpoSE/lib/Harness/src/harness.js max concurrent: 16 max paths: 1000000
Setting timeout to 900000
*** [0 done /0 queued / 1 running / 0 errors / 0% coverage ] ****** [0 done /0 queued / 1 running / 0 errors / 0% coverage ] ****** [1 done /0 queued / 0 running / 1 errors / 30% coverage ] ***
*-- Stat Module Output --*
*-- concretizations: ["defineProperty","bound log","call","RegExp","join","binding","Object","WeakMap","create","Set","Array","ArrayBuffer","DataView","Map","resolve","max","now","apply"]
*-- Stat Module Done --*
*-- Test Case {"_bound":0} start 0.0243 took 17.0454s
*-- Errors occured in test {"_bound":0}
* Error: Error: Cannot find module 'angular'
*-- Replay with NO_COMPILE=1 expoSE replay '/root/ExpoSE/lib/Harness/src/harness.js' '{"_bound":0}'
*-- Coverage Data
*- File /root/ExpoSE/lib/Harness/src/harness.js. Coverage (Term): 18% Coverage (LOC): 24%
*- File /root/ExpoSE/lib/S$/bin/symbols.js. Coverage (Term): 16% Coverage (LOC): 34%
*- File /root/Targets/angular-restangular/node_modules/angular-restangular/src/restangular.js. Coverage (Term): 0% Coverage (LOC): 1%
*- File /root/Targets/angular-restangular/node_modules/lodash/lodash.js. Coverage (Term): 22% Coverage (LOC): 35%
*- Re-run with EXPOSE_PRINT_COVERAGE=1 to print line by line coverage information
** ExpoSE Finished. 1 paths with 1 errors **
