/root/Targets/antarctic-runner
└─┬ antarctic-runner@0.1.2 
  ├─┬ consul@0.29.0 
  │ └── papi@0.27.0 
  ├── javascript-state-machine@2.4.0 
  ├── lodash@4.17.4 
  └─┬ winston@2.3.1 
    ├── async@1.0.0 
    ├── colors@1.0.3 
    ├── cycle@1.0.3 
    ├── eyes@0.1.8 
    ├── isstream@0.1.2 
    └── stack-trace@0.0.10 

Setup Done exists, not setting up
:../FeatureTester/libs/:/root/Targets/antarctic-runner/node_modules
Set Default Z3_PATH to ./node_modules/z3javascript/bin/libz3.so
ExpoSE Master: /root/ExpoSE/lib/Harness/src/harness.js max concurrent: 16 max paths: 1000000
Setting timeout to 900000
*** [0 done /0 queued / 1 running / 0 errors / 0% coverage ] ****** [0 done /0 queued / 1 running / 0 errors / 0% coverage ] ****** [1 done /0 queued / 0 running / 1 errors / 34% coverage ] ***
*-- Stat Module Output --*
*-- concretizations: ["defineProperty","bound log"]
*-- Stat Module Done --*
*-- Test Case {"_bound":0} start 0.0566 took 4.0244s
*-- Errors occured in test {"_bound":0}
* Error: TypeError: Cannot read property 'length' of undefined
*-- Replay with NO_COMPILE=1 expoSE replay '/root/ExpoSE/lib/Harness/src/harness.js' '{"_bound":0}'
*-- Coverage Data
*- File /root/ExpoSE/lib/Harness/src/harness.js. Coverage (Term): 18% Coverage (LOC): 24%
*- File /root/ExpoSE/lib/S$/bin/symbols.js. Coverage (Term): 16% Coverage (LOC): 34%
*- File /root/Targets/antarctic-runner/node_modules/antarctic-runner/index.js. Coverage (Term): 63% Coverage (LOC): 100%
*- Re-run with EXPOSE_PRINT_COVERAGE=1 to print line by line coverage information
** ExpoSE Finished. 1 paths with 1 errors **
