/root/Targets/anyproxy
└── anyproxy@3.10.4 

Setup Done exists, not setting up
:../FeatureTester/libs/:/root/Targets/anyproxy/node_modules
Set Default Z3_PATH to ./node_modules/z3javascript/bin/libz3.so
ExpoSE Master: /root/ExpoSE/lib/Harness/src/harness.js max concurrent: 16 max paths: 1000000
Setting timeout to 900000
*** [0 done /0 queued / 1 running / 0 errors / 0% coverage ] ****** [0 done /0 queued / 1 running / 0 errors / 0% coverage ] ****** [1 done /0 queued / 0 running / 1 errors / 19% coverage ] ***
*-- Stat Module Output --*
*-- concretizations: ["defineProperty","bound log"]
*-- Stat Module Done --*
*-- Test Case {"_bound":0} start 0.044 took 9.6029s
*-- Errors occured in test {"_bound":0}
* Error: SyntaxError: Unexpected token .
*-- Replay with NO_COMPILE=1 expoSE replay '/root/ExpoSE/lib/Harness/src/harness.js' '{"_bound":0}'
*-- Coverage Data
*- File /root/ExpoSE/lib/Harness/src/harness.js. Coverage (Term): 18% Coverage (LOC): 24%
*- File /root/ExpoSE/lib/S$/bin/symbols.js. Coverage (Term): 16% Coverage (LOC): 34%
*- File /root/Targets/anyproxy/node_modules/anyproxy/proxy.js. Coverage (Term): 9% Coverage (LOC): 5%
*- File /root/Targets/anyproxy/node_modules/anyproxy/lib/util.js. Coverage (Term): 2% Coverage (LOC): 1%
*- File /root/Targets/anyproxy/node_modules/async/lib/async.js. Coverage (Term): 10% Coverage (LOC): 14%
*- File /root/Targets/anyproxy/node_modules/commander/index.js. Coverage (Term): 11% Coverage (LOC): 20%
*- File /root/Targets/anyproxy/node_modules/colorful/index.js. Coverage (Term): 31% Coverage (LOC): 40%
*- File /root/Targets/anyproxy/node_modules/colorful/lib/ansi.js. Coverage (Term): 34% Coverage (LOC): 47%
*- Re-run with EXPOSE_PRINT_COVERAGE=1 to print line by line coverage information
** ExpoSE Finished. 1 paths with 1 errors **
