/root/Targets/anyway
└─┬ anyway@0.0.6 
  ├── cannot@0.1.10 
  ├── conflate@1.1.0 
  ├─┬ glob@3.2.11 
  │ ├── inherits@2.0.3 
  │ └─┬ minimatch@0.3.0 
  │   ├── lru-cache@2.7.3 
  │   └── sigmund@1.0.1 
  ├── mime@1.2.11 
  ├── mkdirp@0.3.5 
  ├─┬ rmdir@1.0.4 
  │ └─┬ node.flow@1.2.3 
  │   └─┬ node.extend@1.0.8 
  │     ├── is@0.2.7 
  │     └── object-keys@0.4.0 
  ├── stashmap@1.2.0 
  └─┬ timesafe@0.1.1 
    └── stashmap@1.1.1 

Setup Done exists, not setting up
:../FeatureTester/libs/:/root/Targets/anyway/node_modules
Set Default Z3_PATH to ./node_modules/z3javascript/bin/libz3.so
ExpoSE Master: /root/ExpoSE/lib/Harness/src/harness.js max concurrent: 16 max paths: 1000000
Setting timeout to 900000
*** [0 done /0 queued / 1 running / 0 errors / 0% coverage ] ****** [0 done /0 queued / 1 running / 0 errors / 0% coverage ] ****** [1 done /0 queued / 0 running / 1 errors / 19% coverage ] ***
*-- Stat Module Output --*
*-- concretizations: ["defineProperty","bound log"]
*-- Stat Module Done --*
*-- Test Case {"_bound":0} start 0.0407 took 7.1883s
*-- Errors occured in test {"_bound":0}
* Error: TypeError: Object.prototype.__defineGetter__: Expecting function
*-- Replay with NO_COMPILE=1 expoSE replay '/root/ExpoSE/lib/Harness/src/harness.js' '{"_bound":0}'
*-- Coverage Data
*- File /root/ExpoSE/lib/Harness/src/harness.js. Coverage (Term): 18% Coverage (LOC): 24%
*- File /root/ExpoSE/lib/S$/bin/symbols.js. Coverage (Term): 16% Coverage (LOC): 34%
*- File /root/Targets/anyway/node_modules/anyway/lib/anyway.js. Coverage (Term): 19% Coverage (LOC): 18%
*- File /root/Targets/anyway/node_modules/conflate/lib/conflate.js. Coverage (Term): 8% Coverage (LOC): 15%
*- File /root/Targets/anyway/node_modules/cannot/lib/cannot.js. Coverage (Term): 10% Coverage (LOC): 11%
*- Re-run with EXPOSE_PRINT_COVERAGE=1 to print line by line coverage information
** ExpoSE Finished. 1 paths with 1 errors **
