
> dtrace-provider@0.8.5 install /root/Targets/apps-api/node_modules/bunyan/node_modules/dtrace-provider
> node scripts/install.js


> dtrace-provider@0.6.0 install /root/Targets/apps-api/node_modules/dtrace-provider
> node scripts/install.js

/root/Targets/apps-api
└─┬ apps-api@2.0.5 
  ├─┬ bene-logger@1.1.1 
  │ ├─┬ winston@2.2.0 
  │ │ ├── async@1.0.0 
  │ │ ├── colors@1.0.3 
  │ │ ├── cycle@1.0.3 
  │ │ ├── eyes@0.1.8 
  │ │ ├── isstream@0.1.2 
  │ │ ├── pkginfo@0.3.1 
  │ │ └── stack-trace@0.0.10 
  │ └─┬ winston-elasticsearch@0.4.0 
  │   ├─┬ debug@2.6.9 
  │   │ └── ms@2.0.0 
  │   ├─┬ elasticsearch@11.0.1 
  │   │ ├─┬ chalk@1.1.3 
  │   │ │ ├── ansi-styles@2.2.1 
  │   │ │ ├── escape-string-regexp@1.0.5 
  │   │ │ ├─┬ has-ansi@2.0.0 
  │   │ │ │ └── ansi-regex@2.1.1 
  │   │ │ ├── strip-ansi@3.0.1 
  │   │ │ └── supports-color@2.0.0 
  │   │ ├── forever-agent@0.6.1 
  │   │ ├── lodash@3.10.1 
  │   │ └── lodash-compat@3.10.2 
  │   ├── lodash@4.17.4 
  │   ├── moment@2.18.1 
  │   ├─┬ promise@7.3.1 
  │   │ └── asap@2.0.6 
  │   └── retry@0.9.0 
  ├─┬ config@1.21.0 
  │ └── json5@0.4.0 
  ├─┬ highland@2.9.0 
  │ └── util-deprecate@1.0.2 
  ├── ramda@0.21.0 
  ├─┬ restify@4.1.1 
  │ ├── assert-plus@0.1.5 
  │ ├─┬ backoff@2.5.0 
  │ │ └── precond@0.2.3 
  │ ├─┬ bunyan@1.8.12 
  │ │ ├── dtrace-provider@0.8.5 
  │ │ ├─┬ mv@2.1.1 
  │ │ │ ├─┬ mkdirp@0.5.1 
  │ │ │ │ └── minimist@0.0.8 
  │ │ │ ├── ncp@2.0.0 
  │ │ │ └─┬ rimraf@2.4.5 
  │ │ │   └─┬ glob@6.0.4 
  │ │ │     ├── inflight@1.0.6 
  │ │ │     ├─┬ minimatch@3.0.4 
  │ │ │     │ └─┬ brace-expansion@1.1.8 
  │ │ │     │   ├── balanced-match@1.0.0 
  │ │ │     │   └── concat-map@0.0.1 
  │ │ │     └── path-is-absolute@1.0.1 
  │ │ └── safe-json-stringify@1.0.4 
  │ ├─┬ csv@0.4.6 
  │ │ ├── csv-generate@0.0.6 
  │ │ ├── csv-parse@1.2.3 
  │ │ ├── csv-stringify@0.0.8 
  │ │ └── stream-transform@0.1.2 
  │ ├─┬ dtrace-provider@0.6.0 
  │ │ └── nan@2.7.0 
  │ ├── escape-regexp-component@1.0.2 
  │ ├── formidable@1.1.1 
  │ ├─┬ http-signature@0.11.0 
  │ │ ├── asn1@0.1.11 
  │ │ └── ctype@0.5.3 
  │ ├── keep-alive-agent@0.0.1 
  │ ├─┬ lru-cache@4.1.1 
  │ │ ├── pseudomap@1.0.2 
  │ │ └── yallist@2.1.2 
  │ ├── mime@1.4.1 
  │ ├── negotiator@0.6.1 
  │ ├── node-uuid@1.4.8 
  │ ├─┬ once@1.4.0 
  │ │ └── wrappy@1.0.2 
  │ ├── qs@3.1.0 
  │ ├── semver@4.3.6 
  │ ├─┬ spdy@3.4.7 
  │ │ ├── handle-thing@1.2.5 
  │ │ ├── http-deceiver@1.2.7 
  │ │ ├── safe-buffer@5.1.1 
  │ │ ├── select-hose@2.0.0 
  │ │ └─┬ spdy-transport@2.0.20 
  │ │   ├── detect-node@2.0.3 
  │ │   ├─┬ hpack.js@2.1.6 
  │ │   │ └── inherits@2.0.3 
  │ │   ├── obuf@1.1.1 
  │ │   ├─┬ readable-stream@2.3.3 
  │ │   │ ├── isarray@1.0.0 
  │ │   │ ├── process-nextick-args@1.0.7 
  │ │   │ └── string_decoder@1.0.3 
  │ │   └─┬ wbuf@1.7.2 
  │ │     └── minimalistic-assert@1.0.0 
  │ ├── tunnel-agent@0.4.3 
  │ ├─┬ vasync@1.6.3 
  │ │ └── verror@1.6.0 
  │ └─┬ verror@1.10.0 
  │   ├── assert-plus@1.0.0 
  │   ├── core-util-is@1.0.2 
  │   └── extsprintf@1.2.0 
  ├── timezone@1.0.6 
  └─┬ tm-apps-db@1.0.1 
    ├─┬ pg@4.5.6 
    │ ├── buffer-writer@1.0.1 
    │ ├── generic-pool@2.4.2 
    │ ├── packet-reader@0.2.0 
    │ ├── pg-connection-string@0.1.3 
    │ ├─┬ pg-types@1.12.1 
    │ │ ├── postgres-array@1.0.2 
    │ │ ├── postgres-bytea@1.0.0 
    │ │ ├── postgres-date@1.0.3 
    │ │ └─┬ postgres-interval@1.1.1 
    │ │   └── xtend@4.0.1 
    │ └─┬ pgpass@0.0.3 
    │   └─┬ split@0.3.3 
    │     └── through@2.3.8 
    └─┬ sequelize@3.23.4 
      ├── bluebird@3.5.0 
      ├── depd@1.1.1 
      ├── dottie@1.1.1 
      ├── inflection@1.12.0 
      ├── lodash@4.12.0 
      ├── moment-timezone@0.5.13 
      ├── retry-as-promised@2.3.1 
      ├── semver@5.4.1 
      ├── shimmer@1.1.0 
      ├─┬ terraformer-wkt-parser@1.1.2 
      │ └─┬ terraformer@1.0.8 
      │   └── @types/geojson@1.0.4 
      ├── toposort-class@1.0.1 
      ├── validator@5.7.0 
      └── wkx@0.2.0 

Setup Done exists, not setting up
:../FeatureTester/libs/:/root/Targets/apps-api/node_modules
Set Default Z3_PATH to ./node_modules/z3javascript/bin/libz3.so
ExpoSE Master: /root/ExpoSE/lib/Harness/src/harness.js max concurrent: 16 max paths: 1000000
Setting timeout to 900000
*** [0 done /0 queued / 1 running / 0 errors / 0% coverage ] ****** [0 done /0 queued / 1 running / 0 errors / 0% coverage ] ****** [1 done /0 queued / 0 running / 1 errors / 33% coverage ] ***
*-- Stat Module Output --*
*-- concretizations: ["defineProperty","bound log"]
*-- Stat Module Done --*
*-- Test Case {"_bound":0} start 0.0267 took 3.9336s
*-- Errors occured in test {"_bound":0}
* Error: SyntaxError: Unexpected token .
*-- Replay with NO_COMPILE=1 expoSE replay '/root/ExpoSE/lib/Harness/src/harness.js' '{"_bound":0}'
*-- Coverage Data
*- File /root/ExpoSE/lib/Harness/src/harness.js. Coverage (Term): 18% Coverage (LOC): 24%
*- File /root/ExpoSE/lib/S$/bin/symbols.js. Coverage (Term): 16% Coverage (LOC): 34%
*- Re-run with EXPOSE_PRINT_COVERAGE=1 to print line by line coverage information
** ExpoSE Finished. 1 paths with 1 errors **
