/root/Targets/arcan
└─┬ arcan@1.0.4 
  ├─┬ cli-color@0.3.2 
  │ ├── d@0.1.1 
  │ ├─┬ es5-ext@0.10.30 
  │ │ ├─┬ es6-iterator@2.0.1 
  │ │ │ └── d@1.0.0 
  │ │ └─┬ es6-symbol@3.1.1 
  │ │   └── d@1.0.0 
  │ ├─┬ memoizee@0.3.10 
  │ │ ├─┬ es6-weak-map@0.1.4 
  │ │ │ ├── es6-iterator@0.1.3 
  │ │ │ └── es6-symbol@2.0.1 
  │ │ ├─┬ event-emitter@0.3.5 
  │ │ │ └── d@1.0.0 
  │ │ ├── lru-queue@0.1.0 
  │ │ └── next-tick@0.2.2 
  │ └─┬ timers-ext@0.1.2 
  │   └── next-tick@1.0.0 
  ├─┬ commander@2.9.0 
  │ └── graceful-readlink@1.0.1 
  └── ramda@0.19.1 

Setup Done exists, not setting up
:../FeatureTester/libs/:/root/Targets/arcan/node_modules
Set Default Z3_PATH to ./node_modules/z3javascript/bin/libz3.so
ExpoSE Master: /root/ExpoSE/lib/Harness/src/harness.js max concurrent: 16 max paths: 1000000
Setting timeout to 900000
*** [0 done /0 queued / 1 running / 0 errors / 0% coverage ] ****** [0 done /0 queued / 1 running / 0 errors / 0% coverage ] ****** [1 done /0 queued / 0 running / 1 errors / 33% coverage ] ***
*-- Stat Module Output --*
*-- concretizations: ["defineProperty","bound log"]
*-- Stat Module Done --*
*-- Test Case {"_bound":0} start 0.0474 took 5.0904s
*-- Errors occured in test {"_bound":0}
* Error: Tropigate failed because SyntaxError: Unexpected character '#' (1:78) on program #! /usr/bin/env node

var fs            = require('fs');
var path          = require('path');
var defaultConfig = path.join(process.cwd(), 'arcan.config.js');
var clc           = require('cli-color');
var pkg           = require('../package.json');
var program       = require('commander');
var app           = require('../app');
var config;
var result;

program.version(pkg.version)
         .usage('<directory>')
         .option('-c, --config <path>', 'path to arcan.config.js file')
         .parse(process.argv);

if (program.args.length < 1 || (!program.config && !fs.existsSync(defaultConfig))) {

    console.log(program.help());
    process.exit(0);

}

if (program.config) {

    config = require(path.resolve(process.cwd(), program.config));

} else {

    config = require(defaultConfig);

}

result = app(program.args[0], config);

if (result.length < 1) {

    console.log(clc.green('No errors :D'));

} else {

    console.log(clc.red(result));

}
 at SyntaxError: Unexpected character '#' (1:78)
    at Parser.pp$4.raise (/root/ExpoSE/lib/Tropigate/node_modules/acorn/dist/acorn.js:2221:15)
    at Parser.pp$7.getTokenFromCode (/root/ExpoSE/lib/Tropigate/node_modules/acorn/dist/acorn.js:2756:10)
    at Parser.pp$7.readToken (/root/ExpoSE/lib/Tropigate/node_modules/acorn/dist/acorn.js:2477:17)
    at Parser.readToken (/root/ExpoSE/lib/Tropigate/bin/Tokens.js:124:26)
    at Parser.pp$7.nextToken (/root/ExpoSE/lib/Tropigate/node_modules/acorn/dist/acorn.js:2468:15)
    at Parser.pp$7.next (/root/ExpoSE/lib/Tropigate/node_modules/acorn/dist/acorn.js:2413:10)
    at Parser.pp.eat (/root/ExpoSE/lib/Tropigate/node_modules/acorn/dist/acorn.js:536:12)
    at Parser.pp.semicolon (/root/ExpoSE/lib/Tropigate/node_modules/acorn/dist/acorn.js:581:15)
    at Parser.pp$1.parseVarStatement (/root/ExpoSE/lib/Tropigate/node_modules/acorn/dist/acorn.js:918:10)
    at Parser.pp$1.parseStatement (/root/ExpoSE/lib/Tropigate/node_modules/acorn/dist/acorn.js:706:19)
*-- Replay with NO_COMPILE=1 expoSE replay '/root/ExpoSE/lib/Harness/src/harness.js' '{"_bound":0}'
*-- Coverage Data
*- File /root/ExpoSE/lib/Harness/src/harness.js. Coverage (Term): 18% Coverage (LOC): 24%
*- File /root/ExpoSE/lib/S$/bin/symbols.js. Coverage (Term): 16% Coverage (LOC): 34%
*- Re-run with EXPOSE_PRINT_COVERAGE=1 to print line by line coverage information
** ExpoSE Finished. 1 paths with 1 errors **
