/root/Targets/authentication-popups
└─┬ authentication-popups@0.0.8 
  ├─┬ debug@2.6.8 
  │ └── ms@2.0.0 
  ├── events@1.1.1 
  └─┬ feathers-errors@2.9.2 
    └── debug@3.0.1 

Setup Done exists, not setting up
:../FeatureTester/libs/:/root/Targets/authentication-popups/node_modules
Set Default Z3_PATH to ./node_modules/z3javascript/bin/libz3.so
ExpoSE Master: /root/ExpoSE/lib/Harness/src/harness.js max concurrent: 16 max paths: 1000000
Setting timeout to 900000
*** [0 done /0 queued / 1 running / 0 errors / 0% coverage ] ****** [0 done /0 queued / 1 running / 0 errors / 0% coverage ] ****** [1 done /0 queued / 0 running / 1 errors / 35% coverage ] ***
*-- Stat Module Output --*
*-- concretizations: ["defineProperty","bound log"]
*-- Stat Module Done --*
*-- Test Case {"_bound":0} start 0.0881 took 6.0246s
*-- Errors occured in test {"_bound":0}
* Error: ReferenceError: window is not defined
*-- Replay with NO_COMPILE=1 expoSE replay '/root/ExpoSE/lib/Harness/src/harness.js' '{"_bound":0}'
*-- Coverage Data
*- File /root/ExpoSE/lib/Harness/src/harness.js. Coverage (Term): 18% Coverage (LOC): 24%
*- File /root/ExpoSE/lib/S$/bin/symbols.js. Coverage (Term): 16% Coverage (LOC): 34%
*- File /root/Targets/authentication-popups/node_modules/authentication-popups/lib/authentication-popups.js. Coverage (Term): 35% Coverage (LOC): 54%
*- Re-run with EXPOSE_PRINT_COVERAGE=1 to print line by line coverage information
** ExpoSE Finished. 1 paths with 1 errors **
