/root/Targets/baasic-sdk-javascript
├─┬ baasic-sdk-javascript@2.0.0-rc.28 
│ ├─┬ es6-symbol@3.1.1 
│ │ ├── d@1.0.0 
│ │ └─┬ es5-ext@0.10.30 
│ │   └── es6-iterator@2.0.1 
│ ├── inversify@3.1.0 
│ ├── reflect-metadata@0.1.10 
│ └── tslib@1.6.0 
└── uritemplate@0.3.7  (git://github.com/baasic/uritemplate-js.git#a2ce5f1c877575281ae15f3c27073c313a37e016)

Setup Done exists, not setting up
:../FeatureTester/libs/:/root/Targets/baasic-sdk-javascript/node_modules
Set Default Z3_PATH to ./node_modules/z3javascript/bin/libz3.so
ExpoSE Master: /root/ExpoSE/lib/Harness/src/harness.js max concurrent: 16 max paths: 1000000
Setting timeout to 900000
*** [0 done /0 queued / 1 running / 0 errors / 0% coverage ] ****** [0 done /0 queued / 1 running / 0 errors / 0% coverage ] ****** [1 done /0 queued / 0 running / 1 errors / 10% coverage ] ***
*-- Stat Module Output --*
*-- concretizations: ["defineProperty","bound log","call","Symbol","random","floor","toString"]
*-- Stat Module Done --*
*-- Test Case {"_bound":0} start 0.0356 took 60.8407s
*-- Errors occured in test {"_bound":0}
* Error: TypeError: Function.prototype.apply was called on undefined, which is a undefined and not a function
*-- Replay with NO_COMPILE=1 expoSE replay '/root/ExpoSE/lib/Harness/src/harness.js' '{"_bound":0}'
*-- Coverage Data
*- File /root/ExpoSE/lib/Harness/src/harness.js. Coverage (Term): 18% Coverage (LOC): 24%
*- File /root/ExpoSE/lib/S$/bin/symbols.js. Coverage (Term): 16% Coverage (LOC): 34%
*- File /root/Targets/baasic-sdk-javascript/node_modules/baasic-sdk-javascript/build/dist/baasic-sdk-javascript.js. Coverage (Term): 4% Coverage (LOC): 10%
*- Re-run with EXPOSE_PRINT_COVERAGE=1 to print line by line coverage information
** ExpoSE Finished. 1 paths with 1 errors **
