
> uws@0.14.5 install /root/Targets/bcoin/node_modules/uws
> node-gyp rebuild > build_log.txt 2>&1 || exit 0


> bcoin-native@0.0.23 install /root/Targets/bcoin/node_modules/bcoin-native
> node-gyp rebuild

make: Entering directory '/root/Targets/bcoin/node_modules/bcoin-native/build'
  CC(target) Release/obj.target/bcoin-native/src/poly1305-donna/poly1305-donna.o
  CC(target) Release/obj.target/bcoin-native/src/chacha20-simple/chacha20_simple.o
  CC(target) Release/obj.target/bcoin-native/src/scrypt/insecure_memzero.o
  CC(target) Release/obj.target/bcoin-native/src/scrypt/sha256.o
  CC(target) Release/obj.target/bcoin-native/src/scrypt/crypto_scrypt.o
  CXX(target) Release/obj.target/bcoin-native/src/chacha20.o
  CXX(target) Release/obj.target/bcoin-native/src/poly1305.o
  CXX(target) Release/obj.target/bcoin-native/src/digest.o
  CXX(target) Release/obj.target/bcoin-native/src/cipher.o
  CXX(target) Release/obj.target/bcoin-native/src/base58.o
  CXX(target) Release/obj.target/bcoin-native/src/bech32.o
  CXX(target) Release/obj.target/bcoin-native/src/scrypt.o
  CXX(target) Release/obj.target/bcoin-native/src/scrypt_async.o
  CXX(target) Release/obj.target/bcoin-native/src/murmur3.o
  CXX(target) Release/obj.target/bcoin-native/src/siphash.o
  CXX(target) Release/obj.target/bcoin-native/src/bcn.o
  SOLINK_MODULE(target) Release/obj.target/bcoin-native.node
  COPY Release/bcoin-native.node
make: Leaving directory '/root/Targets/bcoin/node_modules/bcoin-native/build'

> leveldown@1.7.2 install /root/Targets/bcoin/node_modules/leveldown
> prebuild-install || node-gyp rebuild


> secp256k1@3.3.0 install /root/Targets/bcoin/node_modules/secp256k1
> prebuild-install || node-gyp rebuild || echo "Secp256k1 bindings compilation fail. Pure JS implementation will be used."

/root/Targets/bcoin
└─┬ bcoin@1.0.0-beta.15 
  ├─┬ bcoin-native@0.0.23 
  │ ├── bindings@1.3.0 
  │ └── nan@2.7.0 
  ├── bn.js@4.11.8 
  ├─┬ elliptic@6.4.0 
  │ ├── brorand@1.1.0 
  │ ├── hash.js@1.1.3 
  │ ├── hmac-drbg@1.0.1 
  │ ├── inherits@2.0.3 
  │ ├── minimalistic-assert@1.0.0 
  │ └── minimalistic-crypto-utils@1.0.1 
  ├─┬ leveldown@1.7.2 
  │ ├─┬ abstract-leveldown@2.6.3 
  │ │ └── xtend@4.0.1 
  │ ├── bindings@1.2.1 
  │ ├── fast-future@1.0.2 
  │ ├── nan@2.6.2 
  │ └─┬ prebuild-install@2.2.2 
  │   ├── expand-template@1.1.0 
  │   ├── github-from-package@0.0.0 
  │   ├── minimist@1.2.0 
  │   ├─┬ mkdirp@0.5.1 
  │   │ └── minimist@0.0.8 
  │   ├── node-abi@2.1.1 
  │   ├── noop-logger@0.1.1 
  │   ├─┬ npmlog@4.1.2 
  │   │ ├─┬ are-we-there-yet@1.1.4 
  │   │ │ ├── delegates@1.0.0 
  │   │ │ └─┬ readable-stream@2.3.3 
  │   │ │   ├── core-util-is@1.0.2 
  │   │ │   ├── isarray@1.0.0 
  │   │ │   ├── process-nextick-args@1.0.7 
  │   │ │   ├── string_decoder@1.0.3 
  │   │ │   └── util-deprecate@1.0.2 
  │   │ ├── console-control-strings@1.1.0 
  │   │ ├─┬ gauge@2.7.4 
  │   │ │ ├── aproba@1.2.0 
  │   │ │ ├── has-unicode@2.0.1 
  │   │ │ ├── signal-exit@3.0.2 
  │   │ │ ├─┬ string-width@1.0.2 
  │   │ │ │ ├── code-point-at@1.1.0 
  │   │ │ │ └─┬ is-fullwidth-code-point@1.0.0 
  │   │ │ │   └── number-is-nan@1.0.1 
  │   │ │ ├─┬ strip-ansi@3.0.1 
  │   │ │ │ └── ansi-regex@2.1.1 
  │   │ │ └── wide-align@1.1.2 
  │   │ └── set-blocking@2.0.0 
  │   ├── os-homedir@1.0.2 
  │   ├─┬ pump@1.0.2 
  │   │ ├── end-of-stream@1.4.0 
  │   │ └─┬ once@1.4.0 
  │   │   └── wrappy@1.0.2 
  │   ├─┬ rc@1.2.1 
  │   │ ├── deep-extend@0.4.2 
  │   │ ├── ini@1.3.4 
  │   │ └── strip-json-comments@2.0.1 
  │   ├─┬ simple-get@1.4.3 
  │   │ └── unzip-response@1.0.2 
  │   ├─┬ tar-fs@1.15.3 
  │   │ ├── chownr@1.0.1 
  │   │ └─┬ tar-stream@1.5.4 
  │   │   └── bl@1.2.1 
  │   └── tunnel-agent@0.6.0 
  ├── n64@0.0.18 
  ├─┬ secp256k1@3.3.0 
  │ ├── bip66@1.1.5 
  │ ├─┬ create-hash@1.1.3 
  │ │ ├── cipher-base@1.0.4 
  │ │ ├─┬ ripemd160@2.0.1 
  │ │ │ └── hash-base@2.0.2 
  │ │ └── sha.js@2.4.9 
  │ ├─┬ drbg.js@1.0.1 
  │ │ ├─┬ browserify-aes@1.0.8 
  │ │ │ ├── buffer-xor@1.0.3 
  │ │ │ └─┬ evp_bytestokey@1.0.3 
  │ │ │   └─┬ md5.js@1.3.4 
  │ │ │     └── hash-base@3.0.4 
  │ │ └── create-hmac@1.1.6 
  │ └── safe-buffer@5.1.1 
  ├─┬ socket.io@2.0.3 
  │ ├─┬ debug@2.6.9 
  │ │ └── ms@2.0.0 
  │ ├─┬ engine.io@3.1.2 
  │ │ ├─┬ accepts@1.3.3 
  │ │ │ ├─┬ mime-types@2.1.17 
  │ │ │ │ └── mime-db@1.30.0 
  │ │ │ └── negotiator@0.6.1 
  │ │ ├── base64id@1.0.0 
  │ │ ├── cookie@0.3.1 
  │ │ ├─┬ engine.io-parser@2.1.1 
  │ │ │ ├── after@0.8.2 
  │ │ │ ├── arraybuffer.slice@0.0.6 
  │ │ │ └── blob@0.0.4 
  │ │ ├── uws@0.14.5 
  │ │ └─┬ ws@2.3.1 
  │ │   ├── safe-buffer@5.0.1 
  │ │   └── ultron@1.1.0 
  │ ├── object-assign@4.1.1 
  │ ├── socket.io-adapter@1.1.1 
  │ └─┬ socket.io-parser@3.1.2 
  │   ├─┬ has-binary2@1.0.2 
  │   │ └── isarray@2.0.1 
  │   └── isarray@2.0.1 
  └─┬ socket.io-client@2.0.3 
    ├── backo2@1.0.2 
    ├── base64-arraybuffer@0.1.5 
    ├── component-bind@1.0.0 
    ├── component-emitter@1.2.1 
    ├─┬ engine.io-client@3.1.2 
    │ ├── component-inherit@0.0.3 
    │ ├── xmlhttprequest-ssl@1.5.3 
    │ └── yeast@0.1.2 
    ├── has-cors@1.1.0 
    ├── indexof@0.0.1 
    ├── object-component@0.0.3 
    ├─┬ parseqs@0.0.5 
    │ └─┬ better-assert@1.0.2 
    │   └── callsite@1.0.0 
    ├── parseuri@0.0.5 
    └── to-array@0.1.4 

Setup Done exists, not setting up
:../FeatureTester/libs/:/root/Targets/bcoin/node_modules
Set Default Z3_PATH to ./node_modules/z3javascript/bin/libz3.so
ExpoSE Master: /root/ExpoSE/lib/Harness/src/harness.js max concurrent: 16 max paths: 1000000
Setting timeout to 900000
*** [0 done /0 queued / 1 running / 0 errors / 0% coverage ] ****** [0 done /0 queued / 1 running / 0 errors / 0% coverage ] ****** [1 done /0 queued / 0 running / 1 errors / 33% coverage ] ***
*-- Stat Module Output --*
*-- concretizations: ["defineProperty","bound log"]
*-- Stat Module Done --*
*-- Test Case {"_bound":0} start 0.043 took 1.6544s
*-- Errors occured in test {"_bound":0}
* Error: TypeError: Cannot read property 'length' of undefined
*-- Replay with NO_COMPILE=1 expoSE replay '/root/ExpoSE/lib/Harness/src/harness.js' '{"_bound":0}'
*-- Coverage Data
*- File /root/ExpoSE/lib/Harness/src/harness.js. Coverage (Term): 18% Coverage (LOC): 24%
*- File /root/ExpoSE/lib/S$/bin/symbols.js. Coverage (Term): 16% Coverage (LOC): 34%
*- Re-run with EXPOSE_PRINT_COVERAGE=1 to print line by line coverage information
** ExpoSE Finished. 1 paths with 1 errors **
