
> phantomjs-prebuilt@2.1.15 install /root/Targets/bdwm-orion/node_modules/phantomjs-prebuilt
> node install.js

PhantomJS not found on PATH
Download already available at /tmp/phantomjs/phantomjs-2.1.1-linux-x86_64.tar.bz2
Verified checksum of previously downloaded file
Extracting tar contents (via spawned process)
Removing /root/Targets/bdwm-orion/node_modules/phantomjs-prebuilt/lib/phantom
Copying extracted folder /tmp/phantomjs/phantomjs-2.1.1-linux-x86_64.tar.bz2-extract-1506818996360/phantomjs-2.1.1-linux-x86_64 -> /root/Targets/bdwm-orion/node_modules/phantomjs-prebuilt/lib/phantom
Writing location.js file
Done. Phantomjs binary available at /root/Targets/bdwm-orion/node_modules/phantomjs-prebuilt/lib/phantom/bin/phantomjs
/root/Targets/bdwm-orion
└─┬ bdwm-orion@1.0.13 
  ├─┬ concat-stream@1.6.0 
  │ ├── inherits@2.0.3 
  │ ├─┬ readable-stream@2.3.3 
  │ │ ├── core-util-is@1.0.2 
  │ │ ├── isarray@1.0.0 
  │ │ ├── process-nextick-args@1.0.7 
  │ │ ├── safe-buffer@5.1.1 
  │ │ ├── string_decoder@1.0.3 
  │ │ └── util-deprecate@1.0.2 
  │ └── typedarray@0.0.6 
  ├─┬ fs-promise@0.5.0 
  │ ├── any-promise@1.3.0 
  │ ├─┬ fs-extra@0.26.7 
  │ │ ├── graceful-fs@4.1.11 
  │ │ ├── jsonfile@2.4.0 
  │ │ ├── klaw@1.3.1 
  │ │ ├── path-is-absolute@1.0.1 
  │ │ └─┬ rimraf@2.6.2 
  │ │   └─┬ glob@7.1.2 
  │ │     ├── fs.realpath@1.0.0 
  │ │     ├─┬ inflight@1.0.6 
  │ │     │ └── wrappy@1.0.2 
  │ │     ├─┬ minimatch@3.0.4 
  │ │     │ └─┬ brace-expansion@1.1.8 
  │ │     │   ├── balanced-match@1.0.0 
  │ │     │   └── concat-map@0.0.1 
  │ │     └── once@1.4.0 
  │ ├─┬ mz@2.7.0 
  │ │ └── object-assign@4.1.1 
  │ └─┬ thenify-all@1.6.0 
  │   └── thenify@3.3.0 
  ├─┬ phantom@2.1.21 
  │ ├── linerstream@0.1.4 
  │ ├─┬ phantomjs-prebuilt@2.1.15 
  │ │ ├── es6-promise@4.0.5 
  │ │ ├─┬ extract-zip@1.6.5 
  │ │ │ ├─┬ mkdirp@0.5.0 
  │ │ │ │ └── minimist@0.0.8 
  │ │ │ └─┬ yauzl@2.4.1 
  │ │ │   └─┬ fd-slicer@1.0.1 
  │ │ │     └── pend@1.2.0 
  │ │ ├── fs-extra@1.0.0 
  │ │ ├─┬ hasha@2.2.0 
  │ │ │ ├── is-stream@1.1.0 
  │ │ │ └─┬ pinkie-promise@2.0.1 
  │ │ │   └── pinkie@2.0.4 
  │ │ ├── kew@0.7.0 
  │ │ ├── progress@1.1.8 
  │ │ ├─┬ request@2.81.0 
  │ │ │ ├── aws-sign2@0.6.0 
  │ │ │ ├── aws4@1.6.0 
  │ │ │ ├── caseless@0.12.0 
  │ │ │ ├── forever-agent@0.6.1 
  │ │ │ ├─┬ form-data@2.1.4 
  │ │ │ │ └── asynckit@0.4.0 
  │ │ │ ├─┬ har-validator@4.2.1 
  │ │ │ │ ├─┬ ajv@4.11.8 
  │ │ │ │ │ ├── co@4.6.0 
  │ │ │ │ │ └─┬ json-stable-stringify@1.0.1 
  │ │ │ │ │   └── jsonify@0.0.0 
  │ │ │ │ └── har-schema@1.0.5 
  │ │ │ ├─┬ hawk@3.1.3 
  │ │ │ │ ├── boom@2.10.1 
  │ │ │ │ ├── cryptiles@2.0.5 
  │ │ │ │ ├── hoek@2.16.3 
  │ │ │ │ └── sntp@1.0.9 
  │ │ │ ├─┬ http-signature@1.1.1 
  │ │ │ │ ├── assert-plus@0.2.0 
  │ │ │ │ ├─┬ jsprim@1.4.1 
  │ │ │ │ │ ├── assert-plus@1.0.0 
  │ │ │ │ │ ├── extsprintf@1.3.0 
  │ │ │ │ │ ├── json-schema@0.2.3 
  │ │ │ │ │ └─┬ verror@1.10.0 
  │ │ │ │ │   └── assert-plus@1.0.0 
  │ │ │ │ └─┬ sshpk@1.13.1 
  │ │ │ │   ├── asn1@0.2.3 
  │ │ │ │   ├── assert-plus@1.0.0 
  │ │ │ │   ├── bcrypt-pbkdf@1.0.1 
  │ │ │ │   ├─┬ dashdash@1.14.1 
  │ │ │ │   │ └── assert-plus@1.0.0 
  │ │ │ │   ├── ecc-jsbn@0.1.1 
  │ │ │ │   ├─┬ getpass@0.1.7 
  │ │ │ │   │ └── assert-plus@1.0.0 
  │ │ │ │   ├── jsbn@0.1.1 
  │ │ │ │   └── tweetnacl@0.14.5 
  │ │ │ ├── is-typedarray@1.0.0 
  │ │ │ ├── json-stringify-safe@5.0.1 
  │ │ │ ├── oauth-sign@0.8.2 
  │ │ │ ├── performance-now@0.2.0 
  │ │ │ ├── stringstream@0.0.5 
  │ │ │ ├─┬ tough-cookie@2.3.3 
  │ │ │ │ └── punycode@1.4.1 
  │ │ │ ├── tunnel-agent@0.6.0 
  │ │ │ └── uuid@3.1.0 
  │ │ ├─┬ request-progress@2.0.1 
  │ │ │ └── throttleit@1.0.0 
  │ │ └─┬ which@1.2.14 
  │ │   └── isexe@2.0.0 
  │ └─┬ winston@2.3.1 
  │   ├── async@1.0.0 
  │   ├── colors@1.0.3 
  │   ├── cycle@1.0.3 
  │   ├── eyes@0.1.8 
  │   ├── isstream@0.1.2 
  │   └── stack-trace@0.0.10 
  ├─┬ superagent@2.3.0 
  │ ├── component-emitter@1.2.1 
  │ ├── cookiejar@2.1.1 
  │ ├─┬ debug@2.2.0 
  │ │ └── ms@0.7.1 
  │ ├── extend@3.0.1 
  │ ├─┬ form-data@1.0.0-rc4 
  │ │ ├── async@1.5.2 
  │ │ ├─┬ combined-stream@1.0.5 
  │ │ │ └── delayed-stream@1.0.0 
  │ │ └─┬ mime-types@2.1.17 
  │ │   └── mime-db@1.30.0 
  │ ├── formidable@1.1.1 
  │ ├── methods@1.1.2 
  │ ├── mime@1.4.1 
  │ └── qs@6.4.0 
  └─┬ yargs@4.8.1 
    ├─┬ cliui@3.2.0 
    │ ├─┬ strip-ansi@3.0.1 
    │ │ └── ansi-regex@2.1.1 
    │ └── wrap-ansi@2.1.0 
    ├── decamelize@1.2.0 
    ├── get-caller-file@1.0.2 
    ├── lodash.assign@4.2.0 
    ├─┬ os-locale@1.4.0 
    │ └─┬ lcid@1.0.0 
    │   └── invert-kv@1.0.0 
    ├─┬ read-pkg-up@1.0.1 
    │ ├─┬ find-up@1.1.2 
    │ │ └── path-exists@2.1.0 
    │ └─┬ read-pkg@1.1.0 
    │   ├─┬ load-json-file@1.1.0 
    │   │ ├─┬ parse-json@2.2.0 
    │   │ │ └─┬ error-ex@1.3.1 
    │   │ │   └── is-arrayish@0.2.1 
    │   │ ├── pify@2.3.0 
    │   │ └─┬ strip-bom@2.0.0 
    │   │   └── is-utf8@0.2.1 
    │   ├─┬ normalize-package-data@2.4.0 
    │   │ ├── hosted-git-info@2.5.0 
    │   │ ├─┬ is-builtin-module@1.0.0 
    │   │ │ └── builtin-modules@1.1.1 
    │   │ ├── semver@5.4.1 
    │   │ └─┬ validate-npm-package-license@3.0.1 
    │   │   ├─┬ spdx-correct@1.0.2 
    │   │   │ └── spdx-license-ids@1.2.2 
    │   │   └── spdx-expression-parse@1.0.4 
    │   └── path-type@1.1.0 
    ├── require-directory@2.1.1 
    ├── require-main-filename@1.0.1 
    ├── set-blocking@2.0.0 
    ├─┬ string-width@1.0.2 
    │ ├── code-point-at@1.1.0 
    │ └─┬ is-fullwidth-code-point@1.0.0 
    │   └── number-is-nan@1.0.1 
    ├── which-module@1.0.0 
    ├── window-size@0.2.0 
    ├── y18n@3.2.1 
    └─┬ yargs-parser@2.4.1 
      └── camelcase@3.0.0 

Setup Done exists, not setting up
:../FeatureTester/libs/:/root/Targets/bdwm-orion/node_modules
Set Default Z3_PATH to ./node_modules/z3javascript/bin/libz3.so
ExpoSE Master: /root/ExpoSE/lib/Harness/src/harness.js max concurrent: 16 max paths: 1000000
Setting timeout to 900000
*** [0 done /0 queued / 1 running / 0 errors / 0% coverage ] ****** [0 done /0 queued / 1 running / 0 errors / 0% coverage ] ****** [1 done /0 queued / 0 running / 1 errors / 28.000000000000004% coverage ] ***
*-- Stat Module Output --*
*-- concretizations: ["defineProperty","bound log"]
*-- Stat Module Done --*
*-- Test Case {"_bound":0} start 0.0326 took 3.6272s
*-- Errors occured in test {"_bound":0}
* Error: ReferenceError: yargs is not defined
*-- Replay with NO_COMPILE=1 expoSE replay '/root/ExpoSE/lib/Harness/src/harness.js' '{"_bound":0}'
*-- Coverage Data
*- File /root/ExpoSE/lib/Harness/src/harness.js. Coverage (Term): 18% Coverage (LOC): 24%
*- File /root/ExpoSE/lib/S$/bin/symbols.js. Coverage (Term): 16% Coverage (LOC): 34%
*- File /root/Targets/bdwm-orion/node_modules/bdwm-orion/index.js. Coverage (Term): 8% Coverage (LOC): 9%
*- File /root/Targets/bdwm-orion/node_modules/yargs/index.js. Coverage (Term): 4% Coverage (LOC): 6%
*- Re-run with EXPOSE_PRINT_COVERAGE=1 to print line by line coverage information
** ExpoSE Finished. 1 paths with 1 errors **
