/root/Targets/bicycle
└─┬ bicycle@4.0.0 
  ├── @types/body-parser@1.16.5 
  ├── @types/deep-freeze@0.1.1 
  ├─┬ @types/express@4.0.37 
  │ ├── @types/express-serve-static-core@4.0.53 
  │ └─┬ @types/serve-static@1.7.32 
  │   └── @types/mime@2.0.0 
  ├── @types/leven@2.1.1 
  ├── @types/ms@0.7.30 
  ├── @types/node@8.0.29 
  ├─┬ body-parser@1.18.1 
  │ ├── bytes@3.0.0 
  │ ├── content-type@1.0.4 
  │ ├─┬ debug@2.6.8 
  │ │ └── ms@2.0.0 
  │ ├── depd@1.1.1 
  │ ├─┬ http-errors@1.6.2 
  │ │ ├── inherits@2.0.3 
  │ │ ├── setprototypeof@1.0.3 
  │ │ └── statuses@1.3.1 
  │ ├── iconv-lite@0.4.19 
  │ ├─┬ on-finished@2.3.0 
  │ │ └── ee-first@1.1.1 
  │ ├── qs@6.5.1 
  │ ├─┬ raw-body@2.3.2 
  │ │ └── unpipe@1.0.0 
  │ └─┬ type-is@1.6.15 
  │   ├── media-typer@0.3.0 
  │   └─┬ mime-types@2.1.17 
  │     └── mime-db@1.30.0 
  ├─┬ character-parser@3.0.0 
  │ └── @types/node@7.0.43 
  ├── deep-freeze@0.0.1 
  ├── leven@2.1.0 
  ├── ms@1.0.0 
  ├─┬ promise@8.0.1 
  │ └── asap@2.0.6 
  ├── stable-stringify@1.0.0 
  ├─┬ then-request@4.1.0 
  │ ├── @types/concat-stream@1.6.0 
  │ ├── @types/form-data@0.0.33 
  │ ├── @types/qs@6.5.0 
  │ ├── caseless@0.12.0 
  │ ├─┬ concat-stream@1.6.0 
  │ │ ├─┬ readable-stream@2.3.3 
  │ │ │ ├── core-util-is@1.0.2 
  │ │ │ ├── isarray@1.0.0 
  │ │ │ ├── process-nextick-args@1.0.7 
  │ │ │ ├── safe-buffer@5.1.1 
  │ │ │ ├── string_decoder@1.0.3 
  │ │ │ └── util-deprecate@1.0.2 
  │ │ └── typedarray@0.0.6 
  │ ├─┬ form-data@2.3.1 
  │ │ ├── asynckit@0.4.0 
  │ │ └─┬ combined-stream@1.0.5 
  │ │   └── delayed-stream@1.0.0 
  │ ├─┬ http-basic@5.0.3 
  │ │ ├── @types/node@7.0.43 
  │ │ ├── caseless@0.11.0 
  │ │ └── parse-cache-control@1.0.1 
  │ └─┬ http-response-object@2.0.3 
  │   └── @types/node@7.0.43 
  └── throat@3.2.0 

Setup Done exists, not setting up
:../FeatureTester/libs/:/root/Targets/bicycle/node_modules
Set Default Z3_PATH to ./node_modules/z3javascript/bin/libz3.so
ExpoSE Master: /root/ExpoSE/lib/Harness/src/harness.js max concurrent: 16 max paths: 1000000
Setting timeout to 900000
*** [0 done /0 queued / 1 running / 0 errors / 0% coverage ] ****** [0 done /0 queued / 1 running / 0 errors / 0% coverage ] ****** [1 done /0 queued / 0 running / 1 errors / 33% coverage ] ***
*-- Stat Module Output --*
*-- concretizations: ["defineProperty","bound log"]
*-- Stat Module Done --*
*-- Test Case {"_bound":0} start 0.0608 took 4.0668s
*-- Errors occured in test {"_bound":0}
* Error: Error: Cannot find module 'bicycle'
*-- Replay with NO_COMPILE=1 expoSE replay '/root/ExpoSE/lib/Harness/src/harness.js' '{"_bound":0}'
*-- Coverage Data
*- File /root/ExpoSE/lib/Harness/src/harness.js. Coverage (Term): 18% Coverage (LOC): 24%
*- File /root/ExpoSE/lib/S$/bin/symbols.js. Coverage (Term): 16% Coverage (LOC): 34%
*- Re-run with EXPOSE_PRINT_COVERAGE=1 to print line by line coverage information
** ExpoSE Finished. 1 paths with 1 errors **
