/root/Targets/bit-flow
└─┬ bit-flow@0.0.51 
  ├─┬ firebase@4.3.1 
  │ ├── base64url@2.0.0 
  │ ├── buffer-equal-constant-time@1.0.1 
  │ ├── dom-storage@2.0.2 
  │ ├── ecdsa-sig-formatter@1.0.9 
  │ ├── faye-websocket@0.9.3 
  │ ├── hoek@2.16.3 
  │ ├── isemail@1.2.0 
  │ ├── joi@6.10.1 
  │ ├── jsonwebtoken@7.4.3 
  │ ├── jwa@1.1.5 
  │ ├── jws@3.1.4 
  │ ├── lodash.once@4.1.1 
  │ ├── moment@2.18.1 
  │ ├── ms@2.0.0 
  │ ├── promise-polyfill@6.0.2 
  │ ├── safe-buffer@5.1.1 
  │ ├── topo@1.1.0 
  │ ├── websocket-driver@0.6.5 
  │ ├── websocket-extensions@0.1.1 
  │ ├── xmlhttprequest@1.8.0 
  │ └── xtend@4.0.1 
  ├── firebase-token-generator@0.1.4 
  └─┬ sendgrid@0.3.0-rc.1.7 
    ├── mime@1.2.9 
    ├─┬ nodemailer@0.4.4 
    │ ├─┬ mailcomposer@0.1.34 
    │ │ └─┬ mimelib@0.2.12 
    │ │   ├── addressparser@0.1.3 
    │ │   └─┬ encoding@0.1.6 
    │ │     └── iconv-lite@0.2.7 
    │ └─┬ simplesmtp@0.3.4 
    │   ├── rai@0.1.7 
    │   └── xoauth2@0.1.8 
    ├─┬ request@2.22.0 
    │ ├── aws-sign@0.3.0 
    │ ├── cookie-jar@0.3.0 
    │ ├── forever-agent@0.5.0 
    │ ├─┬ form-data@0.0.8 
    │ │ ├── async@0.2.9 
    │ │ └─┬ combined-stream@0.0.4 
    │ │   └── delayed-stream@0.0.5 
    │ ├─┬ hawk@0.13.1 
    │ │ ├─┬ boom@0.4.2 
    │ │ │ └── hoek@0.9.1 
    │ │ ├── cryptiles@0.2.2 
    │ │ ├── hoek@0.8.5 
    │ │ └─┬ sntp@0.2.4 
    │ │   └── hoek@0.9.1 
    │ ├─┬ http-signature@0.10.0 
    │ │ ├── asn1@0.1.11 
    │ │ ├── assert-plus@0.1.2 
    │ │ └── ctype@0.5.2 
    │ ├── json-stringify-safe@4.0.0 
    │ ├── node-uuid@1.4.0 
    │ ├── oauth-sign@0.3.0 
    │ ├── qs@0.6.5 
    │ └── tunnel-agent@0.3.0 
    └── underscore@1.4.4 

Setup Done exists, not setting up
:../FeatureTester/libs/:/root/Targets/bit-flow/node_modules
Set Default Z3_PATH to ./node_modules/z3javascript/bin/libz3.so
ExpoSE Master: /root/ExpoSE/lib/Harness/src/harness.js max concurrent: 16 max paths: 1000000
Setting timeout to 900000
*** [0 done /0 queued / 1 running / 0 errors / 0% coverage ] ****** [0 done /0 queued / 1 running / 0 errors / 0% coverage ] ****** [1 done /0 queued / 0 running / 1 errors / 33% coverage ] ***
*-- Stat Module Output --*
*-- concretizations: ["defineProperty","bound log"]
*-- Stat Module Done --*
*-- Test Case {"_bound":0} start 0.0969 took 4.694s
*-- Errors occured in test {"_bound":0}
* Error: TypeError: Path must be a string. Received { name: 'bit-flow', main: './bin/bit-flow-base.js' }
*-- Replay with NO_COMPILE=1 expoSE replay '/root/ExpoSE/lib/Harness/src/harness.js' '{"_bound":0}'
*-- Coverage Data
*- File /root/ExpoSE/lib/Harness/src/harness.js. Coverage (Term): 18% Coverage (LOC): 24%
*- File /root/ExpoSE/lib/S$/bin/symbols.js. Coverage (Term): 16% Coverage (LOC): 34%
*- Re-run with EXPOSE_PRINT_COVERAGE=1 to print line by line coverage information
** ExpoSE Finished. 1 paths with 1 errors **
