
> dtrace-provider@0.8.5 install /root/Targets/brew-tour/node_modules/dtrace-provider
> node scripts/install.js

/root/Targets/brew-tour
└─┬ brew-tour@0.2.0 
  ├─┬ optimist@0.6.1 
  │ ├── minimist@0.0.10 
  │ └── wordwrap@0.0.3 
  ├─┬ request@2.82.0 
  │ ├── aws-sign2@0.7.0 
  │ ├── aws4@1.6.0 
  │ ├── caseless@0.12.0 
  │ ├─┬ combined-stream@1.0.5 
  │ │ └── delayed-stream@1.0.0 
  │ ├── extend@3.0.1 
  │ ├── forever-agent@0.6.1 
  │ ├─┬ form-data@2.3.1 
  │ │ └── asynckit@0.4.0 
  │ ├─┬ har-validator@5.0.3 
  │ │ ├─┬ ajv@5.2.3 
  │ │ │ ├── co@4.6.0 
  │ │ │ ├── fast-deep-equal@1.0.0 
  │ │ │ ├── json-schema-traverse@0.3.1 
  │ │ │ └─┬ json-stable-stringify@1.0.1 
  │ │ │   └── jsonify@0.0.0 
  │ │ └── har-schema@2.0.0 
  │ ├─┬ hawk@6.0.2 
  │ │ ├── boom@4.3.1 
  │ │ ├─┬ cryptiles@3.1.2 
  │ │ │ └── boom@5.2.0 
  │ │ ├── hoek@4.2.0 
  │ │ └── sntp@2.0.2 
  │ ├─┬ http-signature@1.2.0 
  │ │ ├─┬ jsprim@1.4.1 
  │ │ │ └── json-schema@0.2.3 
  │ │ └─┬ sshpk@1.13.1 
  │ │   ├── asn1@0.2.3 
  │ │   ├── bcrypt-pbkdf@1.0.1 
  │ │   ├── dashdash@1.14.1 
  │ │   ├── ecc-jsbn@0.1.1 
  │ │   ├── getpass@0.1.7 
  │ │   ├── jsbn@0.1.1 
  │ │   └── tweetnacl@0.14.5 
  │ ├── is-typedarray@1.0.0 
  │ ├── isstream@0.1.2 
  │ ├── json-stringify-safe@5.0.1 
  │ ├─┬ mime-types@2.1.17 
  │ │ └── mime-db@1.30.0 
  │ ├── oauth-sign@0.8.2 
  │ ├── performance-now@2.1.0 
  │ ├── qs@6.5.1 
  │ ├── safe-buffer@5.1.1 
  │ ├── stringstream@0.0.5 
  │ ├─┬ tough-cookie@2.3.3 
  │ │ └── punycode@1.4.1 
  │ ├── tunnel-agent@0.6.0 
  │ └── uuid@3.1.0 
  ├─┬ restify@6.0.1 
  │ ├── assert-plus@1.0.0 
  │ ├─┬ bunyan@1.8.12 
  │ │ ├── moment@2.18.1 
  │ │ ├─┬ mv@2.1.1 
  │ │ │ ├─┬ mkdirp@0.5.1 
  │ │ │ │ └── minimist@0.0.8 
  │ │ │ ├── ncp@2.0.0 
  │ │ │ └─┬ rimraf@2.4.5 
  │ │ │   └─┬ glob@6.0.4 
  │ │ │     ├── inflight@1.0.6 
  │ │ │     ├─┬ minimatch@3.0.4 
  │ │ │     │ └─┬ brace-expansion@1.1.8 
  │ │ │     │   ├── balanced-match@1.0.0 
  │ │ │     │   └── concat-map@0.0.1 
  │ │ │     └── path-is-absolute@1.0.1 
  │ │ └── safe-json-stringify@1.0.4 
  │ ├─┬ clone-regexp@1.0.0 
  │ │ ├── is-regexp@1.0.0 
  │ │ └── is-supported-regexp-flag@1.0.0 
  │ ├─┬ csv@1.1.1 
  │ │ ├── csv-generate@1.0.0 
  │ │ ├── csv-parse@1.2.3 
  │ │ ├─┬ csv-stringify@1.0.4 
  │ │ │ └── lodash.get@4.4.2 
  │ │ └── stream-transform@0.1.2 
  │ ├─┬ dtrace-provider@0.8.5 
  │ │ └── nan@2.7.0 
  │ ├── escape-regexp-component@1.0.2 
  │ ├── ewma@2.0.1 
  │ ├── formidable@1.1.1 
  │ ├── lodash@4.17.4 
  │ ├─┬ lru-cache@4.1.1 
  │ │ ├── pseudomap@1.0.2 
  │ │ └── yallist@2.1.2 
  │ ├── mime@1.4.1 
  │ ├── negotiator@0.6.1 
  │ ├─┬ once@1.4.0 
  │ │ └── wrappy@1.0.2 
  │ ├── pidusage@1.1.6 
  │ ├── restify-errors@5.0.0 
  │ ├── semver@5.4.1 
  │ ├─┬ spdy@3.4.7 
  │ │ ├─┬ debug@2.6.9 
  │ │ │ └── ms@2.0.0 
  │ │ ├── handle-thing@1.2.5 
  │ │ ├── http-deceiver@1.2.7 
  │ │ ├── select-hose@2.0.0 
  │ │ └─┬ spdy-transport@2.0.20 
  │ │   ├── detect-node@2.0.3 
  │ │   ├── hpack.js@2.1.6 
  │ │   ├── obuf@1.1.1 
  │ │   └─┬ wbuf@1.7.2 
  │ │     └── minimalistic-assert@1.0.0 
  │ ├─┬ vasync@1.6.4 
  │ │ └─┬ verror@1.6.0 
  │ │   └── extsprintf@1.2.0 
  │ └─┬ verror@1.10.0 
  │   ├── core-util-is@1.0.2 
  │   └── extsprintf@1.3.0 
  ├── streaming@1.0.3 
  └─┬ websum@0.1.0 
    └─┬ htmlparser2@3.9.2 
      ├── domelementtype@1.3.0 
      ├── domhandler@2.4.1 
      ├─┬ domutils@1.6.2 
      │ └─┬ dom-serializer@0.1.0 
      │   └── domelementtype@1.1.3 
      ├── entities@1.1.1 
      ├── inherits@2.0.3 
      └─┬ readable-stream@2.3.3 
        ├── isarray@1.0.0 
        ├── process-nextick-args@1.0.7 
        ├── string_decoder@1.0.3 
        └── util-deprecate@1.0.2 

Setup Done exists, not setting up
:../FeatureTester/libs/:/root/Targets/brew-tour/node_modules
Set Default Z3_PATH to ./node_modules/z3javascript/bin/libz3.so
ExpoSE Master: /root/ExpoSE/lib/Harness/src/harness.js max concurrent: 16 max paths: 1000000
Setting timeout to 900000
*** [0 done /0 queued / 1 running / 0 errors / 0% coverage ] ****** [0 done /0 queued / 1 running / 0 errors / 0% coverage ] ****** [1 done /0 queued / 0 running / 1 errors / 33% coverage ] ***
*-- Stat Module Output --*
*-- concretizations: ["defineProperty","bound log"]
*-- Stat Module Done --*
*-- Test Case {"_bound":0} start 0.0254 took 2.5481s
*-- Errors occured in test {"_bound":0}
* Error: Error: Cannot find module 'brew-tour'
*-- Replay with NO_COMPILE=1 expoSE replay '/root/ExpoSE/lib/Harness/src/harness.js' '{"_bound":0}'
*-- Coverage Data
*- File /root/ExpoSE/lib/Harness/src/harness.js. Coverage (Term): 18% Coverage (LOC): 24%
*- File /root/ExpoSE/lib/S$/bin/symbols.js. Coverage (Term): 16% Coverage (LOC): 34%
*- Re-run with EXPOSE_PRINT_COVERAGE=1 to print line by line coverage information
** ExpoSE Finished. 1 paths with 1 errors **
