/root/Targets/browserify-adventure
└─┬ browserify-adventure@1.7.7 
  ├─┬ adventure@2.11.0 
  │ ├── inherits@2.0.3 
  │ ├── minimist@0.2.0 
  │ ├─┬ mkdirp@0.5.1 
  │ │ └── minimist@0.0.8 
  │ ├─┬ terminal-menu@2.1.1 
  │ │ ├── charm@0.1.2 
  │ │ ├── duplexer2@0.0.2 
  │ │ ├── resumer@0.0.0 
  │ │ ├─┬ through2@0.6.5 
  │ │ │ └── readable-stream@1.0.34 
  │ │ └── visualwidth@0.0.1 
  │ └── x256@0.0.2 
  ├─┬ adventure-verify@2.2.0 
  │ ├─┬ tap-colorize@1.2.0 
  │ │ ├── quotemeta@0.0.0 
  │ │ ├─┬ stream-combiner@0.2.2 
  │ │ │ └── duplexer@0.1.1 
  │ │ └─┬ through2@1.0.0 
  │ │   └─┬ xtend@2.1.2 
  │ │     └── object-keys@0.4.0 
  │ ├─┬ tap-parser@0.5.0 
  │ │ └── readable-stream@1.1.14 
  │ └─┬ tape@2.14.1 
  │   ├── deep-equal@0.2.2 
  │   ├── defined@0.0.0 
  │   ├─┬ glob@3.2.11 
  │   │ └─┬ minimatch@0.3.0 
  │   │   ├── lru-cache@2.7.3 
  │   │   └── sigmund@1.0.1 
  │   ├── has@0.0.1 
  │   └── object-inspect@1.3.0 
  ├─┬ browser-unpack@1.2.0 
  │ ├── acorn@4.0.13 
  │ ├─┬ browser-pack@5.0.1 
  │ │ ├─┬ combine-source-map@0.6.1 
  │ │ │ ├── convert-source-map@1.1.3 
  │ │ │ ├── inline-source-map@0.5.0 
  │ │ │ ├── lodash.memoize@3.0.4 
  │ │ │ └─┬ source-map@0.4.4 
  │ │ │   └── amdefine@1.0.1 
  │ │ ├── defined@1.0.0 
  │ │ ├─┬ JSONStream@1.3.1 
  │ │ │ └── jsonparse@1.3.1 
  │ │ ├── through2@1.1.1 
  │ │ └── umd@3.0.1 
  │ └── minimist@1.2.0 
  ├── colornames@0.0.2 
  ├─┬ concat-stream@1.6.0 
  │ ├─┬ readable-stream@2.3.3 
  │ │ ├── core-util-is@1.0.2 
  │ │ ├── isarray@1.0.0 
  │ │ ├── process-nextick-args@1.0.7 
  │ │ ├── safe-buffer@5.1.1 
  │ │ ├── string_decoder@1.0.3 
  │ │ └── util-deprecate@1.0.2 
  │ └── typedarray@0.0.6 
  ├─┬ ecstatic@0.5.8 
  │ ├── he@0.5.0 
  │ ├── mime@1.4.1 
  │ └── minimist@1.2.0 
  ├── ever@0.0.3 
  ├─┬ falafel@0.3.1 
  │ └── esprima@1.1.0-dev  (git://github.com/substack/esprima#0a7f8489a11b44b019ce168506f535f22d0be290)
  ├─┬ shoe@0.0.15 
  │ ├─┬ sockjs@0.3.7 
  │ │ ├── faye-websocket@0.4.4 
  │ │ └── node-uuid@1.3.3 
  │ └── sockjs-client@0.0.0-unreleasable 
  ├─┬ split@0.3.3 
  │ └── through@2.3.8 
  ├─┬ split2@2.2.0 
  │ └─┬ through2@2.0.3 
  │   ├─┬ readable-stream@2.3.3 
  │   │ ├── isarray@1.0.0 
  │   │ └── string_decoder@1.0.3 
  │   └── xtend@4.0.1 
  └─┬ through2@0.5.1 
    ├─┬ readable-stream@1.0.34 
    │ ├── isarray@0.0.1 
    │ └── string_decoder@0.10.31 
    └── xtend@3.0.0 

Setup Done exists, not setting up
:../FeatureTester/libs/:/root/Targets/browserify-adventure/node_modules
Set Default Z3_PATH to ./node_modules/z3javascript/bin/libz3.so
ExpoSE Master: /root/ExpoSE/lib/Harness/src/harness.js max concurrent: 16 max paths: 1000000
Setting timeout to 900000
*** [0 done /0 queued / 1 running / 0 errors / 0% coverage ] ****** [0 done /0 queued / 1 running / 0 errors / 0% coverage ] ****** [1 done /0 queued / 0 running / 1 errors / 33% coverage ] ***
*-- Stat Module Output --*
*-- concretizations: ["defineProperty","bound log"]
*-- Stat Module Done --*
*-- Test Case {"_bound":0} start 0.0393 took 2.9961s
*-- Errors occured in test {"_bound":0}
* Error: Error: Cannot find module 'browserify-adventure'
*-- Replay with NO_COMPILE=1 expoSE replay '/root/ExpoSE/lib/Harness/src/harness.js' '{"_bound":0}'
*-- Coverage Data
*- File /root/ExpoSE/lib/Harness/src/harness.js. Coverage (Term): 18% Coverage (LOC): 24%
*- File /root/ExpoSE/lib/S$/bin/symbols.js. Coverage (Term): 16% Coverage (LOC): 34%
*- Re-run with EXPOSE_PRINT_COVERAGE=1 to print line by line coverage information
** ExpoSE Finished. 1 paths with 1 errors **
