
> bs-platform@1.9.2 postinstall /root/Targets/bs-platform/node_modules/bs-platform
> node scripts/install.js

Working dir /root/Targets/bs-platform/node_modules/bs-platform
ninja binary is copied from pre-distribution
Working dir /root/Targets/bs-platform/node_modules/bs-platform/jscomp
System-installed OCaml compiler version not found
Build a local version of OCaml compiler, it may take a couple of minutes
configure again with local ocaml installed
Working dir /root/Targets/bs-platform/node_modules/bs-platform/jscomp
config_output:
version: 4.02.3+BS
standard_library_default: /root/Targets/bs-platform/node_modules/bs-platform/vendor/ocaml/lib/ocaml
standard_library: /root/Targets/bs-platform/node_modules/bs-platform/vendor/ocaml/lib/ocaml
standard_runtime: /root/Targets/bs-platform/node_modules/bs-platform/vendor/ocaml/bin/ocamlrun
ccomp_type: cc
bytecomp_c_compiler: gcc -O -fno-defer-pop -Wall -D_FILE_OFFSET_BITS=64 -O 
bytecomp_c_libraries: -lm  -ldl  
native_c_compiler: gcc -O -Wall -D_FILE_OFFSET_BITS=64
native_c_libraries: -lm  -ldl
native_pack_linker: ld -r  -o 
ranlib: ranlib
cc_profile: -pg
architecture: amd64
model: default
system: linux
asm: as
asm_cfi_supported: true
with_frame_pointers: false
ext_obj: .o
ext_asm: .s
ext_lib: .a
ext_dll: .so
os_type: Unix
default_executable_name: a.out
systhread_supported: false
host: x86_64-unknown-linux-gnu
target: x86_64-unknown-linux-gnu
exec_magic_number: Caml1999X011
cmi_magic_number: Caml1999I017
cmo_magic_number: Caml1999O010
cma_magic_number: Caml1999A011
cmx_magic_number: Caml1999Y014
cmxa_magic_number: Caml1999Z013
ast_impl_magic_number: Caml1999M016
ast_intf_magic_number: Caml1999N015
cmxs_magic_number: Caml2007D002
cmt_magic_number: Caml2012T004

keyvalues
version: 4.02.3+BS
standard_library_default: /root/Targets/bs-platform/node_modules/bs-platform/vendor/ocaml/lib/ocaml
standard_library: /root/Targets/bs-platform/node_modules/bs-platform/vendor/ocaml/lib/ocaml
standard_runtime: /root/Targets/bs-platform/node_modules/bs-platform/vendor/ocaml/bin/ocamlrun
ccomp_type: cc
bytecomp_c_compiler: gcc -O -fno-defer-pop -Wall -D_FILE_OFFSET_BITS=64 -O
bytecomp_c_libraries: -lm  -ldl
native_c_compiler: gcc -O -Wall -D_FILE_OFFSET_BITS=64
native_c_libraries: -lm  -ldl
native_pack_linker: ld -r  -o
ranlib: ranlib
cc_profile: -pg
architecture: amd64
model: default
system: linux
asm: as
asm_cfi_supported: true
with_frame_pointers: false
ext_obj: .o
ext_asm: .s
ext_lib: .a
ext_dll: .so
os_type: Unix
default_executable_name: a.out
systhread_supported: false
host: x86_64-unknown-linux-gnu
target: x86_64-unknown-linux-gnu
exec_magic_number: Caml1999X011
cmi_magic_number: Caml1999I017
cmo_magic_number: Caml1999O010
cma_magic_number: Caml1999A011
cmx_magic_number: Caml1999Y014
cmxa_magic_number: Caml1999Z013
ast_impl_magic_number: Caml1999M016
ast_intf_magic_number: Caml1999N015
cmxs_magic_number: Caml2007D002
cmt_magic_number: Caml2012T004
No value found from ocamlopt.opt -config for "ar"
No value found from ocamlopt.opt -config for "mkdll"
No value found from ocamlopt.opt -config for "mkexe"
No value found from ocamlopt.opt -config for "mkmaindll"
config finished
Build the compiler and runtime .. 
Making compiler
make -B -C bin -j 6 all
make[1]: Entering directory '/root/Targets/bs-platform/node_modules/bs-platform/jscomp/bin'
ocamlopt.opt -g -w -40-30 ../stubs/ext_basic_hash_stubs.c bsppx.mli bsppx.ml -o bsppx.exe
ocamlopt.opt -g -w -40-30 ../stubs/ext_basic_hash_stubs.c bspp.mli bspp.ml -o bspp.exe
ocamlopt.opt -g -w -40-30 ../stubs/ext_basic_hash_stubs.c bsdep.mli bsdep.ml -o bsdep.exe
node ../../scripts/config_compiler.js
ocamlopt.opt -g -w -40-30 ../stubs/ext_basic_hash_stubs.c unix.cmxa  bspack.mli bspack.ml -o bspack.exe
ocamlopt.opt -g -w -40-30 ../stubs/ext_basic_hash_stubs.c unix.cmxa str.cmxa bsb.mli bsb.ml -o bsb.exe
Working dir /root/Targets/bs-platform/node_modules/bs-platform/jscomp/bin
config_output:
version: 4.02.3+BS
standard_library_default: /root/Targets/bs-platform/node_modules/bs-platform/vendor/ocaml/lib/ocaml
standard_library: /root/Targets/bs-platform/node_modules/bs-platform/vendor/ocaml/lib/ocaml
standard_runtime: /root/Targets/bs-platform/node_modules/bs-platform/vendor/ocaml/bin/ocamlrun
ccomp_type: cc
bytecomp_c_compiler: gcc -O -fno-defer-pop -Wall -D_FILE_OFFSET_BITS=64 -O 
bytecomp_c_libraries: -lm  -ldl  
native_c_compiler: gcc -O -Wall -D_FILE_OFFSET_BITS=64
native_c_libraries: -lm  -ldl
native_pack_linker: ld -r  -o 
ranlib: ranlib
cc_profile: -pg
architecture: amd64
model: default
system: linux
asm: as
asm_cfi_supported: true
with_frame_pointers: false
ext_obj: .o
ext_asm: .s
ext_lib: .a
ext_dll: .so
os_type: Unix
default_executable_name: a.out
systhread_supported: false
host: x86_64-unknown-linux-gnu
target: x86_64-unknown-linux-gnu
exec_magic_number: Caml1999X011
cmi_magic_number: Caml1999I017
cmo_magic_number: Caml1999O010
cma_magic_number: Caml1999A011
cmx_magic_number: Caml1999Y014
cmxa_magic_number: Caml1999Z013
ast_impl_magic_number: Caml1999M016
ast_intf_magic_number: Caml1999N015
cmxs_magic_number: Caml2007D002
cmt_magic_number: Caml2012T004

keyvalues
version: 4.02.3+BS
standard_library_default: /root/Targets/bs-platform/node_modules/bs-platform/vendor/ocaml/lib/ocaml
standard_library: /root/Targets/bs-platform/node_modules/bs-platform/vendor/ocaml/lib/ocaml
standard_runtime: /root/Targets/bs-platform/node_modules/bs-platform/vendor/ocaml/bin/ocamlrun
ccomp_type: cc
bytecomp_c_compiler: gcc -O -fno-defer-pop -Wall -D_FILE_OFFSET_BITS=64 -O
bytecomp_c_libraries: -lm  -ldl
native_c_compiler: gcc -O -Wall -D_FILE_OFFSET_BITS=64
native_c_libraries: -lm  -ldl
native_pack_linker: ld -r  -o
ranlib: ranlib
cc_profile: -pg
architecture: amd64
model: default
system: linux
asm: as
asm_cfi_supported: true
with_frame_pointers: false
ext_obj: .o
ext_asm: .s
ext_lib: .a
ext_dll: .so
os_type: Unix
default_executable_name: a.out
systhread_supported: false
host: x86_64-unknown-linux-gnu
target: x86_64-unknown-linux-gnu
exec_magic_number: Caml1999X011
cmi_magic_number: Caml1999I017
cmo_magic_number: Caml1999O010
cma_magic_number: Caml1999A011
cmx_magic_number: Caml1999Y014
cmxa_magic_number: Caml1999Z013
ast_impl_magic_number: Caml1999M016
ast_intf_magic_number: Caml1999N015
cmxs_magic_number: Caml2007D002
cmt_magic_number: Caml2012T004
No value found from ocamlopt.opt -config for "ar"
No value found from ocamlopt.opt -config for "mkdll"
No value found from ocamlopt.opt -config for "mkexe"
No value found from ocamlopt.opt -config for "mkmaindll"
ocamlopt.opt -g -w -40-30 ../stubs/ext_basic_hash_stubs.c unix.cmxa str.cmxa -w -a bsb_helper.mli bsb_helper.ml -o bsb_helper.exe
ocamlopt.opt -no-alias-deps -I +compiler-libs ocamlcommon.cmxa refmt_main.mli refmt_main.ml -o refmt.exe
ocamlopt.opt -no-alias-deps -I +compiler-libs ocamlcommon.cmxa reactjs_ppx.mli reactjs_ppx.ml -o reactjs_jsx_ppx.exe
ocamlopt.opt -no-alias-deps -I +compiler-libs ocamlcommon.cmxa reactjs_ppx_2.mli reactjs_ppx_2.ml -o reactjs_jsx_ppx_2.exe
ocamlopt.opt -g -w -40-30 ../stubs/ext_basic_hash_stubs.c config_whole_compiler.mli config_whole_compiler.ml whole_compiler.mli whole_compiler.ml  -o bsc.exe
make[1]: Leaving directory '/root/Targets/bs-platform/node_modules/bs-platform/jscomp/bin'
Making compiler finished
BS_RELEASE_BUILD=1 make -j8 libs
make[1]: Entering directory '/root/Targets/bs-platform/node_modules/bs-platform/jscomp'
Making stdlib cmis
cd stdlib && make allcmis
make[2]: Entering directory '/root/Targets/bs-platform/node_modules/bs-platform/jscomp/stdlib'
../bin/bsc.exe -bs-no-version-header -bs-no-builtin-ppx-ml -bs-no-builtin-ppx-mli -bs-diagnose -bs-no-check-div-by-zero -bs-cross-module-opt -bs-package-name bs-platform -bs-package-output commonjs:lib/js -bs-package-output amdjs:lib/amdjs -bs-package-output es6:lib/es6  -strict-sequence -w +33..39 -g -warn-error A  -nostdlib -safe-string -I ../runtime  `./Compflags camlinternalFormatBasics.cmi` -c camlinternalFormatBasics.mli
../bin/bsc.exe -bs-no-version-header -bs-no-builtin-ppx-ml -bs-no-builtin-ppx-mli -bs-diagnose -bs-no-check-div-by-zero -bs-cross-module-opt -bs-package-name bs-platform -bs-package-output commonjs:lib/js -bs-package-output amdjs:lib/amdjs -bs-package-output es6:lib/es6  -strict-sequence -w +33..39 -g -warn-error A  -nostdlib -safe-string -I ../runtime  `./Compflags pervasives.cmi` -c pervasives.mli
../bin/bsc.exe -bs-no-version-header -bs-no-builtin-ppx-ml -bs-no-builtin-ppx-mli -bs-diagnose -bs-no-check-div-by-zero -bs-cross-module-opt -bs-package-name bs-platform -bs-package-output commonjs:lib/js -bs-package-output amdjs:lib/amdjs -bs-package-output es6:lib/es6  -strict-sequence -w +33..39 -g -warn-error A  -nostdlib -safe-string -I ../runtime  `./Compflags array.cmi` -c array.mli
../bin/bsc.exe -bs-no-version-header -bs-no-builtin-ppx-ml -bs-no-builtin-ppx-mli -bs-diagnose -bs-no-check-div-by-zero -bs-cross-module-opt -bs-package-name bs-platform -bs-package-output commonjs:lib/js -bs-package-output amdjs:lib/amdjs -bs-package-output es6:lib/es6  -strict-sequence -w +33..39 -g -warn-error A  -nostdlib -safe-string -I ../runtime  `./Compflags list.cmi` -c list.mli
../bin/bsc.exe -bs-no-version-header -bs-no-builtin-ppx-ml -bs-no-builtin-ppx-mli -bs-diagnose -bs-no-check-div-by-zero -bs-cross-module-opt -bs-package-name bs-platform -bs-package-output commonjs:lib/js -bs-package-output amdjs:lib/amdjs -bs-package-output es6:lib/es6  -strict-sequence -w +33..39 -g -warn-error A  -nostdlib -safe-string -I ../runtime  `./Compflags char.cmi` -c char.mli
../bin/bsc.exe -bs-no-version-header -bs-no-builtin-ppx-ml -bs-no-builtin-ppx-mli -bs-diagnose -bs-no-check-div-by-zero -bs-cross-module-opt -bs-package-name bs-platform -bs-package-output commonjs:lib/js -bs-package-output amdjs:lib/amdjs -bs-package-output es6:lib/es6  -strict-sequence -w +33..39 -g -warn-error A  -nostdlib -safe-string -I ../runtime  `./Compflags bytes.cmi` -c bytes.mli
../bin/bsc.exe -bs-no-version-header -bs-no-builtin-ppx-ml -bs-no-builtin-ppx-mli -bs-diagnose -bs-no-check-div-by-zero -bs-cross-module-opt -bs-package-name bs-platform -bs-package-output commonjs:lib/js -bs-package-output amdjs:lib/amdjs -bs-package-output es6:lib/es6  -strict-sequence -w +33..39 -g -warn-error A  -nostdlib -safe-string -I ../runtime  `./Compflags string.cmi` -c string.mli
../bin/bsc.exe -bs-no-version-header -bs-no-builtin-ppx-ml -bs-no-builtin-ppx-mli -bs-diagnose -bs-no-check-div-by-zero -bs-cross-module-opt -bs-package-name bs-platform -bs-package-output commonjs:lib/js -bs-package-output amdjs:lib/amdjs -bs-package-output es6:lib/es6  -strict-sequence -w +33..39 -g -warn-error A  -nostdlib -safe-string -I ../runtime  `./Compflags sys.cmi` -c sys.mli
../bin/bsc.exe -bs-no-version-header -bs-no-builtin-ppx-ml -bs-no-builtin-ppx-mli -bs-diagnose -bs-no-check-div-by-zero -bs-cross-module-opt -bs-package-name bs-platform -bs-package-output commonjs:lib/js -bs-package-output amdjs:lib/amdjs -bs-package-output es6:lib/es6  -strict-sequence -w +33..39 -g -warn-error A  -nostdlib -safe-string -I ../runtime  `./Compflags sort.cmi` -c sort.mli
../bin/bsc.exe -bs-no-version-header -bs-no-builtin-ppx-ml -bs-no-builtin-ppx-mli -bs-diagnose -bs-no-check-div-by-zero -bs-cross-module-opt -bs-package-name bs-platform -bs-package-output commonjs:lib/js -bs-package-output amdjs:lib/amdjs -bs-package-output es6:lib/es6  -strict-sequence -w +33..39 -g -warn-error A  -nostdlib -safe-string -I ../runtime  `./Compflags marshal.cmi` -c marshal.mli
../bin/bsc.exe -bs-no-version-header -bs-no-builtin-ppx-ml -bs-no-builtin-ppx-mli -bs-diagnose -bs-no-check-div-by-zero -bs-cross-module-opt -bs-package-name bs-platform -bs-package-output commonjs:lib/js -bs-package-output amdjs:lib/amdjs -bs-package-output es6:lib/es6  -strict-sequence -w +33..39 -g -warn-error A  -nostdlib -safe-string -I ../runtime  `./Compflags int32.cmi` -c int32.mli
../bin/bsc.exe -bs-no-version-header -bs-no-builtin-ppx-ml -bs-no-builtin-ppx-mli -bs-diagnose -bs-no-check-div-by-zero -bs-cross-module-opt -bs-package-name bs-platform -bs-package-output commonjs:lib/js -bs-package-output amdjs:lib/amdjs -bs-package-output es6:lib/es6  -strict-sequence -w +33..39 -g -warn-error A  -nostdlib -safe-string -I ../runtime  `./Compflags int64.cmi` -c int64.mli
../bin/bsc.exe -bs-no-version-header -bs-no-builtin-ppx-ml -bs-no-builtin-ppx-mli -bs-diagnose -bs-no-check-div-by-zero -bs-cross-module-opt -bs-package-name bs-platform -bs-package-output commonjs:lib/js -bs-package-output amdjs:lib/amdjs -bs-package-output es6:lib/es6  -strict-sequence -w +33..39 -g -warn-error A  -nostdlib -safe-string -I ../runtime  `./Compflags nativeint.cmi` -c nativeint.mli
../bin/bsc.exe -bs-no-version-header -bs-no-builtin-ppx-ml -bs-no-builtin-ppx-mli -bs-diagnose -bs-no-check-div-by-zero -bs-cross-module-opt -bs-package-name bs-platform -bs-package-output commonjs:lib/js -bs-package-output amdjs:lib/amdjs -bs-package-output es6:lib/es6  -strict-sequence -w +33..39 -g -warn-error A  -nostdlib -safe-string -I ../runtime  `./Compflags lexing.cmi` -c lexing.mli
../bin/bsc.exe -bs-no-version-header -bs-no-builtin-ppx-ml -bs-no-builtin-ppx-mli -bs-diagnose -bs-no-check-div-by-zero -bs-cross-module-opt -bs-package-name bs-platform -bs-package-output commonjs:lib/js -bs-package-output amdjs:lib/amdjs -bs-package-output es6:lib/es6  -strict-sequence -w +33..39 -g -warn-error A  -nostdlib -safe-string -I ../runtime  `./Compflags set.cmi` -c set.mli
../bin/bsc.exe -bs-no-version-header -bs-no-builtin-ppx-ml -bs-no-builtin-ppx-mli -bs-diagnose -bs-no-check-div-by-zero -bs-cross-module-opt -bs-package-name bs-platform -bs-package-output commonjs:lib/js -bs-package-output amdjs:lib/amdjs -bs-package-output es6:lib/es6  -strict-sequence -w +33..39 -g -warn-error A  -nostdlib -safe-string -I ../runtime  `./Compflags map.cmi` -c map.mli
../bin/bsc.exe -bs-no-version-header -bs-no-builtin-ppx-ml -bs-no-builtin-ppx-mli -bs-diagnose -bs-no-check-div-by-zero -bs-cross-module-opt -bs-package-name bs-platform -bs-package-output commonjs:lib/js -bs-package-output amdjs:lib/amdjs -bs-package-output es6:lib/es6  -strict-sequence -w +33..39 -g -warn-error A  -nostdlib -safe-string -I ../runtime  `./Compflags stack.cmi` -c stack.mli
../bin/bsc.exe -bs-no-version-header -bs-no-builtin-ppx-ml -bs-no-builtin-ppx-mli -bs-diagnose -bs-no-check-div-by-zero -bs-cross-module-opt -bs-package-name bs-platform -bs-package-output commonjs:lib/js -bs-package-output amdjs:lib/amdjs -bs-package-output es6:lib/es6  -strict-sequence -w +33..39 -g -warn-error A  -nostdlib -safe-string -I ../runtime  `./Compflags queue.cmi` -c queue.mli
../bin/bsc.exe -bs-no-version-header -bs-no-builtin-ppx-ml -bs-no-builtin-ppx-mli -bs-diagnose -bs-no-check-div-by-zero -bs-cross-module-opt -bs-package-name bs-platform -bs-package-output commonjs:lib/js -bs-package-output amdjs:lib/amdjs -bs-package-output es6:lib/es6  -strict-sequence -w +33..39 -g -warn-error A  -nostdlib -safe-string -I ../runtime  `./Compflags camlinternalLazy.cmi` -c camlinternalLazy.mli
../bin/bsc.exe -bs-no-version-header -bs-no-builtin-ppx-ml -bs-no-builtin-ppx-mli -bs-diagnose -bs-no-check-div-by-zero -bs-cross-module-opt -bs-package-name bs-platform -bs-package-output commonjs:lib/js -bs-package-output amdjs:lib/amdjs -bs-package-output es6:lib/es6  -strict-sequence -w +33..39 -g -warn-error A  -nostdlib -safe-string -I ../runtime  `./Compflags lazy.cmi` -c lazy.mli
../bin/bsc.exe -bs-no-version-header -bs-no-builtin-ppx-ml -bs-no-builtin-ppx-mli -bs-diagnose -bs-no-check-div-by-zero -bs-cross-module-opt -bs-package-name bs-platform -bs-package-output commonjs:lib/js -bs-package-output amdjs:lib/amdjs -bs-package-output es6:lib/es6  -strict-sequence -w +33..39 -g -warn-error A  -nostdlib -safe-string -I ../runtime  `./Compflags stream.cmi` -c stream.mli
../bin/bsc.exe -bs-no-version-header -bs-no-builtin-ppx-ml -bs-no-builtin-ppx-mli -bs-diagnose -bs-no-check-div-by-zero -bs-cross-module-opt -bs-package-name bs-platform -bs-package-output commonjs:lib/js -bs-package-output amdjs:lib/amdjs -bs-package-output es6:lib/es6  -strict-sequence -w +33..39 -g -warn-error A  -nostdlib -safe-string -I ../runtime  `./Compflags buffer.cmi` -c buffer.mli
../bin/bsc.exe -bs-no-version-header -bs-no-builtin-ppx-ml -bs-no-builtin-ppx-mli -bs-diagnose -bs-no-check-div-by-zero -bs-cross-module-opt -bs-package-name bs-platform -bs-package-output commonjs:lib/js -bs-package-output amdjs:lib/amdjs -bs-package-output es6:lib/es6  -strict-sequence -w +33..39 -g -warn-error A  -nostdlib -safe-string -I ../runtime  `./Compflags arg.cmi` -c arg.mli
../bin/bsc.exe -bs-no-version-header -bs-no-builtin-ppx-ml -bs-no-builtin-ppx-mli -bs-diagnose -bs-no-check-div-by-zero -bs-cross-module-opt -bs-package-name bs-platform -bs-package-output commonjs:lib/js -bs-package-output amdjs:lib/amdjs -bs-package-output es6:lib/es6  -strict-sequence -w +33..39 -g -warn-error A  -nostdlib -safe-string -I ../runtime  `./Compflags printexc.cmi` -c printexc.mli
../bin/bsc.exe -bs-no-version-header -bs-no-builtin-ppx-ml -bs-no-builtin-ppx-mli -bs-diagnose -bs-no-check-div-by-zero -bs-cross-module-opt -bs-package-name bs-platform -bs-package-output commonjs:lib/js -bs-package-output amdjs:lib/amdjs -bs-package-output es6:lib/es6  -strict-sequence -w +33..39 -g -warn-error A  -nostdlib -safe-string -I ../runtime  `./Compflags gc.cmi` -c gc.mli
../bin/bsc.exe -bs-no-version-header -bs-no-builtin-ppx-ml -bs-no-builtin-ppx-mli -bs-diagnose -bs-no-check-div-by-zero -bs-cross-module-opt -bs-package-name bs-platform -bs-package-output commonjs:lib/js -bs-package-output amdjs:lib/amdjs -bs-package-output es6:lib/es6  -strict-sequence -w +33..39 -g -warn-error A  -nostdlib -safe-string -I ../runtime  `./Compflags digest.cmi` -c digest.mli
../bin/bsc.exe -bs-no-version-header -bs-no-builtin-ppx-ml -bs-no-builtin-ppx-mli -bs-diagnose -bs-no-check-div-by-zero -bs-cross-module-opt -bs-package-name bs-platform -bs-package-output commonjs:lib/js -bs-package-output amdjs:lib/amdjs -bs-package-output es6:lib/es6  -strict-sequence -w +33..39 -g -warn-error A  -nostdlib -safe-string -I ../runtime  `./Compflags random.cmi` -c random.mli
../bin/bsc.exe -bs-no-version-header -bs-no-builtin-ppx-ml -bs-no-builtin-ppx-mli -bs-diagnose -bs-no-check-div-by-zero -bs-cross-module-opt -bs-package-name bs-platform -bs-package-output commonjs:lib/js -bs-package-output amdjs:lib/amdjs -bs-package-output es6:lib/es6  -strict-sequence -w +33..39 -g -warn-error A  -nostdlib -safe-string -I ../runtime  `./Compflags hashtbl.cmi` -c hashtbl.mli
../bin/bsc.exe -bs-no-version-header -bs-no-builtin-ppx-ml -bs-no-builtin-ppx-mli -bs-diagnose -bs-no-check-div-by-zero -bs-cross-module-opt -bs-package-name bs-platform -bs-package-output commonjs:lib/js -bs-package-output amdjs:lib/amdjs -bs-package-output es6:lib/es6  -strict-sequence -w +33..39 -g -warn-error A  -nostdlib -safe-string -I ../runtime  `./Compflags scanf.cmi` -c scanf.mli
../bin/bsc.exe -bs-no-version-header -bs-no-builtin-ppx-ml -bs-no-builtin-ppx-mli -bs-diagnose -bs-no-check-div-by-zero -bs-cross-module-opt -bs-package-name bs-platform -bs-package-output commonjs:lib/js -bs-package-output amdjs:lib/amdjs -bs-package-output es6:lib/es6  -strict-sequence -w +33..39 -g -warn-error A  -nostdlib -safe-string -I ../runtime  `./Compflags callback.cmi` -c callback.mli
../bin/bsc.exe -bs-no-version-header -bs-no-builtin-ppx-ml -bs-no-builtin-ppx-mli -bs-diagnose -bs-no-check-div-by-zero -bs-cross-module-opt -bs-package-name bs-platform -bs-package-output commonjs:lib/js -bs-package-output amdjs:lib/amdjs -bs-package-output es6:lib/es6  -strict-sequence -w +33..39 -g -warn-error A  -nostdlib -safe-string -I ../runtime  `./Compflags filename.cmi` -c filename.mli
../bin/bsc.exe -bs-no-version-header -bs-no-builtin-ppx-ml -bs-no-builtin-ppx-mli -bs-diagnose -bs-no-check-div-by-zero -bs-cross-module-opt -bs-package-name bs-platform -bs-package-output commonjs:lib/js -bs-package-output amdjs:lib/amdjs -bs-package-output es6:lib/es6  -strict-sequence -w +33..39 -g -warn-error A  -nostdlib -safe-string -I ../runtime  `./Compflags complex.cmi` -c complex.mli
../bin/bsc.exe -bs-no-version-header -bs-no-builtin-ppx-ml -bs-no-builtin-ppx-mli -bs-diagnose -bs-no-check-div-by-zero -bs-cross-module-opt -bs-package-name bs-platform -bs-package-output commonjs:lib/js -bs-package-output amdjs:lib/amdjs -bs-package-output es6:lib/es6  -strict-sequence -w +33..39 -g -warn-error A  -nostdlib -safe-string -I ../runtime  `./Compflags arrayLabels.cmi` -c arrayLabels.mli
../bin/bsc.exe -bs-no-version-header -bs-no-builtin-ppx-ml -bs-no-builtin-ppx-mli -bs-diagnose -bs-no-check-div-by-zero -bs-cross-module-opt -bs-package-name bs-platform -bs-package-output commonjs:lib/js -bs-package-output amdjs:lib/amdjs -bs-package-output es6:lib/es6  -strict-sequence -w +33..39 -g -warn-error A  -nostdlib -safe-string -I ../runtime  `./Compflags listLabels.cmi` -c listLabels.mli
../bin/bsc.exe -bs-no-version-header -bs-no-builtin-ppx-ml -bs-no-builtin-ppx-mli -bs-diagnose -bs-no-check-div-by-zero -bs-cross-module-opt -bs-package-name bs-platform -bs-package-output commonjs:lib/js -bs-package-output amdjs:lib/amdjs -bs-package-output es6:lib/es6  -strict-sequence -w +33..39 -g -warn-error A  -nostdlib -safe-string -I ../runtime  `./Compflags bytesLabels.cmi` -c bytesLabels.mli
../bin/bsc.exe -bs-no-version-header -bs-no-builtin-ppx-ml -bs-no-builtin-ppx-mli -bs-diagnose -bs-no-check-div-by-zero -bs-cross-module-opt -bs-package-name bs-platform -bs-package-output commonjs:lib/js -bs-package-output amdjs:lib/amdjs -bs-package-output es6:lib/es6  -strict-sequence -w +33..39 -g -warn-error A  -nostdlib -safe-string -I ../runtime  `./Compflags stringLabels.cmi` -c stringLabels.mli
../bin/bsc.exe -bs-no-version-header -bs-no-builtin-ppx-ml -bs-no-builtin-ppx-mli -bs-diagnose -bs-no-check-div-by-zero -bs-cross-module-opt -bs-package-name bs-platform -bs-package-output commonjs:lib/js -bs-package-output amdjs:lib/amdjs -bs-package-output es6:lib/es6  -strict-sequence -w +33..39 -g -warn-error A  -nostdlib -safe-string -I ../runtime  `./Compflags moreLabels.cmi` -c moreLabels.mli
../bin/bsc.exe -bs-no-version-header -bs-no-builtin-ppx-ml -bs-no-builtin-ppx-mli -bs-diagnose -bs-no-check-div-by-zero -bs-cross-module-opt -bs-package-name bs-platform -bs-package-output commonjs:lib/js -bs-package-output amdjs:lib/amdjs -bs-package-output es6:lib/es6  -strict-sequence -w +33..39 -g -warn-error A  -nostdlib -safe-string -I ../runtime  `./Compflags unix.cmi` -c unix.mli
../bin/bsc.exe -bs-no-version-header -bs-no-builtin-ppx-ml -bs-no-builtin-ppx-mli -bs-diagnose -bs-no-check-div-by-zero -bs-cross-module-opt -bs-package-name bs-platform -bs-package-output commonjs:lib/js -bs-package-output amdjs:lib/amdjs -bs-package-output es6:lib/es6  -strict-sequence -w +33..39 -g -warn-error A  -nostdlib -safe-string -I ../runtime  `./Compflags obj.cmi` -c obj.mli
../bin/bsc.exe -bs-no-version-header -bs-no-builtin-ppx-ml -bs-no-builtin-ppx-mli -bs-diagnose -bs-no-check-div-by-zero -bs-cross-module-opt -bs-package-name bs-platform -bs-package-output commonjs:lib/js -bs-package-output amdjs:lib/amdjs -bs-package-output es6:lib/es6  -strict-sequence -w +33..39 -g -warn-error A  -nostdlib -safe-string -I ../runtime  `./Compflags camlinternalFormat.cmi` -c camlinternalFormat.mli
../bin/bsc.exe -bs-no-version-header -bs-no-builtin-ppx-ml -bs-no-builtin-ppx-mli -bs-diagnose -bs-no-check-div-by-zero -bs-cross-module-opt -bs-package-name bs-platform -bs-package-output commonjs:lib/js -bs-package-output amdjs:lib/amdjs -bs-package-output es6:lib/es6  -strict-sequence -w +33..39 -g -warn-error A  -nostdlib -safe-string -I ../runtime  `./Compflags printf.cmi` -c printf.mli
../bin/bsc.exe -bs-no-version-header -bs-no-builtin-ppx-ml -bs-no-builtin-ppx-mli -bs-diagnose -bs-no-check-div-by-zero -bs-cross-module-opt -bs-package-name bs-platform -bs-package-output commonjs:lib/js -bs-package-output amdjs:lib/amdjs -bs-package-output es6:lib/es6  -strict-sequence -w +33..39 -g -warn-error A  -nostdlib -safe-string -I ../runtime  `./Compflags format.cmi` -c format.mli
../bin/bsc.exe -bs-no-version-header -bs-no-builtin-ppx-ml -bs-no-builtin-ppx-mli -bs-diagnose -bs-no-check-div-by-zero -bs-cross-module-opt -bs-package-name bs-platform -bs-package-output commonjs:lib/js -bs-package-output amdjs:lib/amdjs -bs-package-output es6:lib/es6  -strict-sequence -w +33..39 -g -warn-error A  -nostdlib -safe-string -I ../runtime  `./Compflags genlex.cmi` -c genlex.mli
../bin/bsc.exe -bs-no-version-header -bs-no-builtin-ppx-ml -bs-no-builtin-ppx-mli -bs-diagnose -bs-no-check-div-by-zero -bs-cross-module-opt -bs-package-name bs-platform -bs-package-output commonjs:lib/js -bs-package-output amdjs:lib/amdjs -bs-package-output es6:lib/es6  -strict-sequence -w +33..39 -g -warn-error A  -nostdlib -safe-string -I ../runtime  `./Compflags weak.cmi` -c weak.mli
../bin/bsc.exe -bs-no-version-header -bs-no-builtin-ppx-ml -bs-no-builtin-ppx-mli -bs-diagnose -bs-no-check-div-by-zero -bs-cross-module-opt -bs-package-name bs-platform -bs-package-output commonjs:lib/js -bs-package-output amdjs:lib/amdjs -bs-package-output es6:lib/es6  -strict-sequence -w +33..39 -g -warn-error A  -nostdlib -safe-string -I ../runtime  `./Compflags stdLabels.cmi` -c stdLabels.mli
../bin/bsc.exe -bs-no-version-header -bs-no-builtin-ppx-ml -bs-no-builtin-ppx-mli -bs-diagnose -bs-no-check-div-by-zero -bs-cross-module-opt -bs-package-name bs-platform -bs-package-output commonjs:lib/js -bs-package-output amdjs:lib/amdjs -bs-package-output es6:lib/es6  -strict-sequence -w +33..39 -g -warn-error A  -nostdlib -safe-string -I ../runtime  `./Compflags parsing.cmi` -c parsing.mli
../bin/bsc.exe -bs-no-version-header -bs-no-builtin-ppx-ml -bs-no-builtin-ppx-mli -bs-diagnose -bs-no-check-div-by-zero -bs-cross-module-opt -bs-package-name bs-platform -bs-package-output commonjs:lib/js -bs-package-output amdjs:lib/amdjs -bs-package-output es6:lib/es6  -strict-sequence -w +33..39 -g -warn-error A  -nostdlib -safe-string -I ../runtime  `./Compflags camlinternalOO.cmi` -c camlinternalOO.mli
../bin/bsc.exe -bs-no-version-header -bs-no-builtin-ppx-ml -bs-no-builtin-ppx-mli -bs-diagnose -bs-no-check-div-by-zero -bs-cross-module-opt -bs-package-name bs-platform -bs-package-output commonjs:lib/js -bs-package-output amdjs:lib/amdjs -bs-package-output es6:lib/es6  -strict-sequence -w +33..39 -g -warn-error A  -nostdlib -safe-string -I ../runtime  `./Compflags camlinternalMod.cmi` -c camlinternalMod.mli
../bin/bsc.exe -bs-no-version-header -bs-no-builtin-ppx-ml -bs-no-builtin-ppx-mli -bs-diagnose -bs-no-check-div-by-zero -bs-cross-module-opt -bs-package-name bs-platform -bs-package-output commonjs:lib/js -bs-package-output amdjs:lib/amdjs -bs-package-output es6:lib/es6  -strict-sequence -w +33..39 -g -warn-error A  -nostdlib -safe-string -I ../runtime  `./Compflags unixLabels.cmi` -c unixLabels.mli
../bin/bsc.exe -bs-no-version-header -bs-no-builtin-ppx-ml -bs-no-builtin-ppx-mli -bs-diagnose -bs-no-check-div-by-zero -bs-cross-module-opt -bs-package-name bs-platform -bs-package-output commonjs:lib/js -bs-package-output amdjs:lib/amdjs -bs-package-output es6:lib/es6  -strict-sequence -w +33..39 -g -warn-error A  -nostdlib -safe-string -I ../runtime  `./Compflags bigarray.cmi` -c bigarray.mli
../bin/bsc.exe -bs-no-version-header -bs-no-builtin-ppx-ml -bs-no-builtin-ppx-mli -bs-diagnose -bs-no-check-div-by-zero -bs-cross-module-opt -bs-package-name bs-platform -bs-package-output commonjs:lib/js -bs-package-output amdjs:lib/amdjs -bs-package-output es6:lib/es6  -strict-sequence -w +33..39 -g -warn-error A  -nostdlib -safe-string -I ../runtime  `./Compflags oo.cmi` -c oo.mli
make[2]: Leaving directory '/root/Targets/bs-platform/node_modules/bs-platform/jscomp/stdlib'
Making stdlib finished
Making runtime
cd runtime && make all
make[2]: Entering directory '/root/Targets/bs-platform/node_modules/bs-platform/jscomp/runtime'
../bin/bsc.exe  -absname -no-alias-deps -bs-no-version-header -bs-diagnose -bs-no-check-div-by-zero -bs-cross-module-opt -bs-package-name bs-platform -bs-package-output commonjs:lib/js -bs-package-output amdjs:lib/amdjs -bs-package-output es6:lib/es6 -I ../stdlib -nostdlib -nopervasives -open Pervasives -unsafe -warn-error A -w -40-49 -bin-annot   -c caml_builtin_exceptions.mli
../bin/bsc.exe  -absname -no-alias-deps -bs-no-version-header -bs-diagnose -bs-no-check-div-by-zero -bs-cross-module-opt -bs-package-name bs-platform -bs-package-output commonjs:lib/js -bs-package-output amdjs:lib/amdjs -bs-package-output es6:lib/es6 -I ../stdlib -nostdlib -nopervasives -open Pervasives -unsafe -warn-error A -w -40-49 -bin-annot   -c js_internal.mli
../bin/bsc.exe  -absname -no-alias-deps -bs-no-version-header -bs-diagnose -bs-no-check-div-by-zero -bs-cross-module-opt -bs-package-name bs-platform -bs-package-output commonjs:lib/js -bs-package-output amdjs:lib/amdjs -bs-package-output es6:lib/es6 -I ../stdlib -nostdlib -nopervasives -open Pervasives -unsafe -warn-error A -w -40-49 -bin-annot   -c block.mli
../bin/bsc.exe  -absname -no-alias-deps -bs-no-version-header -bs-diagnose -bs-no-check-div-by-zero -bs-cross-module-opt -bs-package-name bs-platform -bs-package-output commonjs:lib/js -bs-package-output amdjs:lib/amdjs -bs-package-output es6:lib/es6 -I ../stdlib -nostdlib -nopervasives -open Pervasives -unsafe -warn-error A -w -40-49 -bin-annot   -c js_int64.ml
../bin/bsc.exe  -absname -no-alias-deps -bs-no-version-header -bs-diagnose -bs-no-check-div-by-zero -bs-cross-module-opt -bs-package-name bs-platform -bs-package-output commonjs:lib/js -bs-package-output amdjs:lib/amdjs -bs-package-output es6:lib/es6 -I ../stdlib -nostdlib -nopervasives -open Pervasives -unsafe -warn-error A -w -40-49 -bin-annot   -c js.mli
../bin/bsc.exe  -absname -no-alias-deps -bs-no-version-header -bs-diagnose -bs-no-check-div-by-zero -bs-cross-module-opt -bs-package-name bs-platform -bs-package-output commonjs:lib/js -bs-package-output amdjs:lib/amdjs -bs-package-output es6:lib/es6 -I ../stdlib -nostdlib -nopervasives -open Pervasives -unsafe -warn-error A -w -40-49 -bin-annot   -c block.ml
../bin/bsc.exe  -absname -no-alias-deps -bs-no-version-header -bs-diagnose -bs-no-check-div-by-zero -bs-cross-module-opt -bs-package-name bs-platform -bs-package-output commonjs:lib/js -bs-package-output amdjs:lib/amdjs -bs-package-output es6:lib/es6 -I ../stdlib -nostdlib -nopervasives -open Pervasives -unsafe -warn-error A -w -40-49 -bin-annot   -c js_internal.ml
../bin/bsc.exe  -absname -no-alias-deps -bs-no-version-header -bs-diagnose -bs-no-check-div-by-zero -bs-cross-module-opt -bs-package-name bs-platform -bs-package-output commonjs:lib/js -bs-package-output amdjs:lib/amdjs -bs-package-output es6:lib/es6 -I ../stdlib -nostdlib -nopervasives -open Pervasives -unsafe -warn-error A -w -40-49 -bin-annot   -c js_unsafe.mli
../bin/bsc.exe  -absname -no-alias-deps -bs-no-version-header -bs-diagnose -bs-no-check-div-by-zero -bs-cross-module-opt -bs-package-name bs-platform -bs-package-output commonjs:lib/js -bs-package-output amdjs:lib/amdjs -bs-package-output es6:lib/es6 -I ../stdlib -nostdlib -nopervasives -open Pervasives -unsafe -warn-error A -w -40-49 -bin-annot   -c js.ml
../bin/bsc.exe  -absname -no-alias-deps -bs-no-version-header -bs-diagnose -bs-no-check-div-by-zero -bs-cross-module-opt -bs-package-name bs-platform -bs-package-output commonjs:lib/js -bs-package-output amdjs:lib/amdjs -bs-package-output es6:lib/es6 -I ../stdlib -nostdlib -nopervasives -open Pervasives -unsafe -warn-error A -w -40-49 -bin-annot   -c caml_builtin_exceptions.ml
../bin/bsc.exe  -absname -no-alias-deps -bs-no-version-header -bs-diagnose -bs-no-check-div-by-zero -bs-cross-module-opt -bs-package-name bs-platform -bs-package-output commonjs:lib/js -bs-package-output amdjs:lib/amdjs -bs-package-output es6:lib/es6 -I ../stdlib -nostdlib -nopervasives -open Pervasives -unsafe -warn-error A -w -40-49 -bin-annot   -c js_unsafe.ml
../bin/bsc.exe  -absname -no-alias-deps -bs-no-version-header -bs-diagnose -bs-no-check-div-by-zero -bs-cross-module-opt -bs-package-name bs-platform -bs-package-output commonjs:lib/js -bs-package-output amdjs:lib/amdjs -bs-package-output es6:lib/es6 -I ../stdlib -nostdlib -nopervasives -open Pervasives -unsafe -warn-error A -w -40-49 -bin-annot   -c caml_array.mli
../bin/bsc.exe  -absname -no-alias-deps -bs-no-version-header -bs-diagnose -bs-no-check-div-by-zero -bs-cross-module-opt -bs-package-name bs-platform -bs-package-output commonjs:lib/js -bs-package-output amdjs:lib/amdjs -bs-package-output es6:lib/es6 -I ../stdlib -nostdlib -nopervasives -open Pervasives -unsafe -warn-error A -w -40-49 -bin-annot   -c caml_string.mli
../bin/bsc.exe  -absname -no-alias-deps -bs-no-version-header -bs-diagnose -bs-no-check-div-by-zero -bs-cross-module-opt -bs-package-name bs-platform -bs-package-output commonjs:lib/js -bs-package-output amdjs:lib/amdjs -bs-package-output es6:lib/es6 -I ../stdlib -nostdlib -nopervasives -open Pervasives -unsafe -warn-error A -w -40-49 -bin-annot   -c caml_bytes.mli
../bin/bsc.exe  -absname -no-alias-deps -bs-no-version-header -bs-diagnose -bs-no-check-div-by-zero -bs-cross-module-opt -bs-package-name bs-platform -bs-package-output commonjs:lib/js -bs-package-output amdjs:lib/amdjs -bs-package-output es6:lib/es6 -I ../stdlib -nostdlib -nopervasives -open Pervasives -unsafe -warn-error A -w -40-49 -bin-annot   -c js_null.mli
../bin/bsc.exe  -absname -no-alias-deps -bs-no-version-header -bs-diagnose -bs-no-check-div-by-zero -bs-cross-module-opt -bs-package-name bs-platform -bs-package-output commonjs:lib/js -bs-package-output amdjs:lib/amdjs -bs-package-output es6:lib/es6 -I ../stdlib -nostdlib -nopervasives -open Pervasives -unsafe -warn-error A -w -40-49 -bin-annot   -c caml_obj.mli
../bin/bsc.exe  -absname -no-alias-deps -bs-no-version-header -bs-diagnose -bs-no-check-div-by-zero -bs-cross-module-opt -bs-package-name bs-platform -bs-package-output commonjs:lib/js -bs-package-output amdjs:lib/amdjs -bs-package-output es6:lib/es6 -I ../stdlib -nostdlib -nopervasives -open Pervasives -unsafe -warn-error A -w -40-49 -bin-annot   -c caml_utils.mli
../bin/bsc.exe  -absname -no-alias-deps -bs-no-version-header -bs-diagnose -bs-no-check-div-by-zero -bs-cross-module-opt -bs-package-name bs-platform -bs-package-output commonjs:lib/js -bs-package-output amdjs:lib/amdjs -bs-package-output es6:lib/es6 -I ../stdlib -nostdlib -nopervasives -open Pervasives -unsafe -warn-error A -w -40-49 -bin-annot   -c caml_int32.mli
../bin/bsc.exe  -absname -no-alias-deps -bs-no-version-header -bs-diagnose -bs-no-check-div-by-zero -bs-cross-module-opt -bs-package-name bs-platform -bs-package-output commonjs:lib/js -bs-package-output amdjs:lib/amdjs -bs-package-output es6:lib/es6 -I ../stdlib -nostdlib -nopervasives -open Pervasives -unsafe -warn-error A -w -40-49 -bin-annot   -c caml_int64.mli
../bin/bsc.exe  -absname -no-alias-deps -bs-no-version-header -bs-diagnose -bs-no-check-div-by-zero -bs-cross-module-opt -bs-package-name bs-platform -bs-package-output commonjs:lib/js -bs-package-output amdjs:lib/amdjs -bs-package-output es6:lib/es6 -I ../stdlib -nostdlib -nopervasives -open Pervasives -unsafe -warn-error A -w -40-49 -bin-annot   -c caml_exceptions.mli
../bin/bsc.exe  -absname -no-alias-deps -bs-no-version-header -bs-diagnose -bs-no-check-div-by-zero -bs-cross-module-opt -bs-package-name bs-platform -bs-package-output commonjs:lib/js -bs-package-output amdjs:lib/amdjs -bs-package-output es6:lib/es6 -I ../stdlib -nostdlib -nopervasives -open Pervasives -unsafe -warn-error A -w -40-49 -bin-annot   -c js_undefined.mli
../bin/bsc.exe  -absname -no-alias-deps -bs-no-version-header -bs-diagnose -bs-no-check-div-by-zero -bs-cross-module-opt -bs-package-name bs-platform -bs-package-output commonjs:lib/js -bs-package-output amdjs:lib/amdjs -bs-package-output es6:lib/es6 -I ../stdlib -nostdlib -nopervasives -open Pervasives -unsafe -warn-error A -w -40-49 -bin-annot   -c caml_sys.mli
../bin/bsc.exe  -absname -no-alias-deps -bs-no-version-header -bs-diagnose -bs-no-check-div-by-zero -bs-cross-module-opt -bs-package-name bs-platform -bs-package-output commonjs:lib/js -bs-package-output amdjs:lib/amdjs -bs-package-output es6:lib/es6 -I ../stdlib -nostdlib -nopervasives -open Pervasives -unsafe -warn-error A -w -40-49 -bin-annot   -c caml_float.mli
../bin/bsc.exe  -absname -no-alias-deps -bs-no-version-header -bs-diagnose -bs-no-check-div-by-zero -bs-cross-module-opt -bs-package-name bs-platform -bs-package-output commonjs:lib/js -bs-package-output amdjs:lib/amdjs -bs-package-output es6:lib/es6 -I ../stdlib -nostdlib -nopervasives -open Pervasives -unsafe -warn-error A -w -40-49 -bin-annot   -c caml_lexer.mli
../bin/bsc.exe  -absname -no-alias-deps -bs-no-version-header -bs-diagnose -bs-no-check-div-by-zero -bs-cross-module-opt -bs-package-name bs-platform -bs-package-output commonjs:lib/js -bs-package-output amdjs:lib/amdjs -bs-package-output es6:lib/es6 -I ../stdlib -nostdlib -nopervasives -open Pervasives -unsafe -warn-error A -w -40-49 -bin-annot   -c caml_parser.mli
../bin/bsc.exe  -absname -no-alias-deps -bs-no-version-header -bs-diagnose -bs-no-check-div-by-zero -bs-cross-module-opt -bs-package-name bs-platform -bs-package-output commonjs:lib/js -bs-package-output amdjs:lib/amdjs -bs-package-output es6:lib/es6 -I ../stdlib -nostdlib -nopervasives -open Pervasives -unsafe -warn-error A -w -40-49 -bin-annot   -c caml_primitive.mli
../bin/bsc.exe  -absname -no-alias-deps -bs-no-version-header -bs-diagnose -bs-no-check-div-by-zero -bs-cross-module-opt -bs-package-name bs-platform -bs-package-output commonjs:lib/js -bs-package-output amdjs:lib/amdjs -bs-package-output es6:lib/es6 -I ../stdlib -nostdlib -nopervasives -open Pervasives -unsafe -warn-error A -w -40-49 -bin-annot   -c js_nativeint.ml
../bin/bsc.exe  -absname -no-alias-deps -bs-no-version-header -bs-diagnose -bs-no-check-div-by-zero -bs-cross-module-opt -bs-package-name bs-platform -bs-package-output commonjs:lib/js -bs-package-output amdjs:lib/amdjs -bs-package-output es6:lib/es6 -I ../stdlib -nostdlib -nopervasives -open Pervasives -unsafe -warn-error A -w -40-49 -bin-annot   -c caml_format.mli
../bin/bsc.exe  -absname -no-alias-deps -bs-no-version-header -bs-diagnose -bs-no-check-div-by-zero -bs-cross-module-opt -bs-package-name bs-platform -bs-package-output commonjs:lib/js -bs-package-output amdjs:lib/amdjs -bs-package-output es6:lib/es6 -I ../stdlib -nostdlib -nopervasives -open Pervasives -unsafe -warn-error A -w -40-49 -bin-annot   -c caml_md5.mli
../bin/bsc.exe  -absname -no-alias-deps -bs-no-version-header -bs-diagnose -bs-no-check-div-by-zero -bs-cross-module-opt -bs-package-name bs-platform -bs-package-output commonjs:lib/js -bs-package-output amdjs:lib/amdjs -bs-package-output es6:lib/es6 -I ../stdlib -nostdlib -nopervasives -open Pervasives -unsafe -warn-error A -w -40-49 -bin-annot   -c caml_queue.mli
../bin/bsc.exe  -absname -no-alias-deps -bs-no-version-header -bs-diagnose -bs-no-check-div-by-zero -bs-cross-module-opt -bs-package-name bs-platform -bs-package-output commonjs:lib/js -bs-package-output amdjs:lib/amdjs -bs-package-output es6:lib/es6 -I ../stdlib -nostdlib -nopervasives -open Pervasives -unsafe -warn-error A -w -40-49 -bin-annot   -c caml_hash.mli
../bin/bsc.exe  -absname -no-alias-deps -bs-no-version-header -bs-diagnose -bs-no-check-div-by-zero -bs-cross-module-opt -bs-package-name bs-platform -bs-package-output commonjs:lib/js -bs-package-output amdjs:lib/amdjs -bs-package-output es6:lib/es6 -I ../stdlib -nostdlib -nopervasives -open Pervasives -unsafe -warn-error A -w -40-49 -bin-annot   -c js_primitive.mli
../bin/bsc.exe  -absname -no-alias-deps -bs-no-version-header -bs-diagnose -bs-no-check-div-by-zero -bs-cross-module-opt -bs-package-name bs-platform -bs-package-output commonjs:lib/js -bs-package-output amdjs:lib/amdjs -bs-package-output es6:lib/es6 -I ../stdlib -nostdlib -nopervasives -open Pervasives -unsafe -warn-error A -w -40-49 -bin-annot   -c caml_weak.mli
../bin/bsc.exe  -absname -no-alias-deps -bs-no-version-header -bs-diagnose -bs-no-check-div-by-zero -bs-cross-module-opt -bs-package-name bs-platform -bs-package-output commonjs:lib/js -bs-package-output amdjs:lib/amdjs -bs-package-output es6:lib/es6 -I ../stdlib -nostdlib -nopervasives -open Pervasives -unsafe -warn-error A -w -40-49 -bin-annot   -c caml_backtrace.mli
../bin/bsc.exe  -absname -no-alias-deps -bs-no-version-header -bs-diagnose -bs-no-check-div-by-zero -bs-cross-module-opt -bs-package-name bs-platform -bs-package-output commonjs:lib/js -bs-package-output amdjs:lib/amdjs -bs-package-output es6:lib/es6 -I ../stdlib -nostdlib -nopervasives -open Pervasives -unsafe -warn-error A -w -40-49 -bin-annot   -c caml_gc.mli
../bin/bsc.exe  -absname -no-alias-deps -bs-no-version-header -bs-diagnose -bs-no-check-div-by-zero -bs-cross-module-opt -bs-package-name bs-platform -bs-package-output commonjs:lib/js -bs-package-output amdjs:lib/amdjs -bs-package-output es6:lib/es6 -I ../stdlib -nostdlib -nopervasives -open Pervasives -unsafe -warn-error A -w -40-49 -bin-annot   -c caml_basic.mli
../bin/bsc.exe  -absname -no-alias-deps -bs-no-version-header -bs-diagnose -bs-no-check-div-by-zero -bs-cross-module-opt -bs-package-name bs-platform -bs-package-output commonjs:lib/js -bs-package-output amdjs:lib/amdjs -bs-package-output es6:lib/es6 -I ../stdlib -nostdlib -nopervasives -open Pervasives -unsafe -warn-error A -w -40-49 -bin-annot   -c caml_oo.mli
../bin/bsc.exe  -absname -no-alias-deps -bs-no-version-header -bs-diagnose -bs-no-check-div-by-zero -bs-cross-module-opt -bs-package-name bs-platform -bs-package-output commonjs:lib/js -bs-package-output amdjs:lib/amdjs -bs-package-output es6:lib/es6 -I ../stdlib -nostdlib -nopervasives -open Pervasives -unsafe -warn-error A -w -40-49 -bin-annot   -c caml_missing_polyfill.mli
../bin/bsc.exe  -absname -no-alias-deps -bs-no-version-header -bs-diagnose -bs-no-check-div-by-zero -bs-cross-module-opt -bs-package-name bs-platform -bs-package-output commonjs:lib/js -bs-package-output amdjs:lib/amdjs -bs-package-output es6:lib/es6 -I ../stdlib -nostdlib -nopervasives -open Pervasives -unsafe -warn-error A -w -40-49 -bin-annot   -c js_exn.mli
../bin/bsc.exe  -absname -no-alias-deps -bs-no-version-header -bs-diagnose -bs-no-check-div-by-zero -bs-cross-module-opt -bs-package-name bs-platform -bs-package-output commonjs:lib/js -bs-package-output amdjs:lib/amdjs -bs-package-output es6:lib/es6 -I ../stdlib -nostdlib -nopervasives -open Pervasives -unsafe -warn-error A -w -40-49 -bin-annot   -c js_int.ml
../bin/bsc.exe  -absname -no-alias-deps -bs-no-version-header -bs-diagnose -bs-no-check-div-by-zero -bs-cross-module-opt -bs-package-name bs-platform -bs-package-output commonjs:lib/js -bs-package-output amdjs:lib/amdjs -bs-package-output es6:lib/es6 -I ../stdlib -nostdlib -nopervasives -open Pervasives -unsafe -warn-error A -w -40-49 -bin-annot   -c caml_array.ml
../bin/bsc.exe  -absname -no-alias-deps -bs-no-version-header -bs-diagnose -bs-no-check-div-by-zero -bs-cross-module-opt -bs-package-name bs-platform -bs-package-output commonjs:lib/js -bs-package-output amdjs:lib/amdjs -bs-package-output es6:lib/es6 -I ../stdlib -nostdlib -nopervasives -open Pervasives -unsafe -warn-error A -w -40-49 -bin-annot   -c bs_string.ml
../bin/bsc.exe  -absname -no-alias-deps -bs-no-version-header -bs-diagnose -bs-no-check-div-by-zero -bs-cross-module-opt -bs-package-name bs-platform -bs-package-output commonjs:lib/js -bs-package-output amdjs:lib/amdjs -bs-package-output es6:lib/es6 -I ../stdlib -nostdlib -nopervasives -open Pervasives -unsafe -warn-error A -w -40-49 -bin-annot   -c caml_bytes.ml
../bin/bsc.exe  -absname -no-alias-deps -bs-no-version-header -bs-diagnose -bs-no-check-div-by-zero -bs-cross-module-opt -bs-package-name bs-platform -bs-package-output commonjs:lib/js -bs-package-output amdjs:lib/amdjs -bs-package-output es6:lib/es6 -I ../stdlib -nostdlib -nopervasives -open Pervasives -unsafe -warn-error A -w -40-49 -bin-annot   -c js_null.ml
../bin/bsc.exe  -absname -no-alias-deps -bs-no-version-header -bs-diagnose -bs-no-check-div-by-zero -bs-cross-module-opt -bs-package-name bs-platform -bs-package-output commonjs:lib/js -bs-package-output amdjs:lib/amdjs -bs-package-output es6:lib/es6 -I ../stdlib -nostdlib -nopervasives -open Pervasives -unsafe -warn-error A -w -40-49 -bin-annot   -c bs_obj.ml
../bin/bsc.exe  -absname -no-alias-deps -bs-no-version-header -bs-diagnose -bs-no-check-div-by-zero -bs-cross-module-opt -bs-package-name bs-platform -bs-package-output commonjs:lib/js -bs-package-output amdjs:lib/amdjs -bs-package-output es6:lib/es6 -I ../stdlib -nostdlib -nopervasives -open Pervasives -unsafe -warn-error A -w -40-49 -bin-annot   -c js_typed_array.ml
../bin/bsc.exe  -absname -no-alias-deps -bs-no-version-header -bs-diagnose -bs-no-check-div-by-zero -bs-cross-module-opt -bs-package-name bs-platform -bs-package-output commonjs:lib/js -bs-package-output amdjs:lib/amdjs -bs-package-output es6:lib/es6 -I ../stdlib -nostdlib -nopervasives -open Pervasives -unsafe -warn-error A -w -40-49 -bin-annot   -c js_float.ml
../bin/bsc.exe  -absname -no-alias-deps -bs-no-version-header -bs-diagnose -bs-no-check-div-by-zero -bs-cross-module-opt -bs-package-name bs-platform -bs-package-output commonjs:lib/js -bs-package-output amdjs:lib/amdjs -bs-package-output es6:lib/es6 -I ../stdlib -nostdlib -nopervasives -open Pervasives -unsafe -warn-error A -w -40-49 -bin-annot   -c caml_utils.ml
../bin/bsc.exe  -absname -no-alias-deps -bs-no-version-header -bs-diagnose -bs-no-check-div-by-zero -bs-cross-module-opt -bs-package-name bs-platform -bs-package-output commonjs:lib/js -bs-package-output amdjs:lib/amdjs -bs-package-output es6:lib/es6 -I ../stdlib -nostdlib -nopervasives -open Pervasives -unsafe -warn-error A -w -40-49 -bin-annot   -c caml_int32.ml
../bin/bsc.exe  -absname -no-alias-deps -bs-no-version-header -bs-diagnose -bs-no-check-div-by-zero -bs-cross-module-opt -bs-package-name bs-platform -bs-package-output commonjs:lib/js -bs-package-output amdjs:lib/amdjs -bs-package-output es6:lib/es6 -I ../stdlib -nostdlib -nopervasives -open Pervasives -unsafe -warn-error A -w -40-49 -bin-annot   -c caml_exceptions.ml
../bin/bsc.exe  -absname -no-alias-deps -bs-no-version-header -bs-diagnose -bs-no-check-div-by-zero -bs-cross-module-opt -bs-package-name bs-platform -bs-package-output commonjs:lib/js -bs-package-output amdjs:lib/amdjs -bs-package-output es6:lib/es6 -I ../stdlib -nostdlib -nopervasives -open Pervasives -unsafe -warn-error A -w -40-49 -bin-annot   -c js_undefined.ml
../bin/bsc.exe  -absname -no-alias-deps -bs-no-version-header -bs-diagnose -bs-no-check-div-by-zero -bs-cross-module-opt -bs-package-name bs-platform -bs-package-output commonjs:lib/js -bs-package-output amdjs:lib/amdjs -bs-package-output es6:lib/es6 -I ../stdlib -nostdlib -nopervasives -open Pervasives -unsafe -warn-error A -w -40-49 -bin-annot   -c caml_lexer.ml
../bin/bsc.exe  -absname -no-alias-deps -bs-no-version-header -bs-diagnose -bs-no-check-div-by-zero -bs-cross-module-opt -bs-package-name bs-platform -bs-package-output commonjs:lib/js -bs-package-output amdjs:lib/amdjs -bs-package-output es6:lib/es6 -I ../stdlib -nostdlib -nopervasives -open Pervasives -unsafe -warn-error A -w -40-49 -bin-annot   -c caml_parser.ml
../bin/bsc.exe  -absname -no-alias-deps -bs-no-version-header -bs-diagnose -bs-no-check-div-by-zero -bs-cross-module-opt -bs-package-name bs-platform -bs-package-output commonjs:lib/js -bs-package-output amdjs:lib/amdjs -bs-package-output es6:lib/es6 -I ../stdlib -nostdlib -nopervasives -open Pervasives -unsafe -warn-error A -w -40-49 -bin-annot   -c caml_primitive.ml
../bin/bsc.exe  -absname -no-alias-deps -bs-no-version-header -bs-diagnose -bs-no-check-div-by-zero -bs-cross-module-opt -bs-package-name bs-platform -bs-package-output commonjs:lib/js -bs-package-output amdjs:lib/amdjs -bs-package-output es6:lib/es6 -I ../stdlib -nostdlib -nopervasives -open Pervasives -unsafe -warn-error A -w -40-49 -bin-annot   -c caml_md5.ml
../bin/bsc.exe  -absname -no-alias-deps -bs-no-version-header -bs-diagnose -bs-no-check-div-by-zero -bs-cross-module-opt -bs-package-name bs-platform -bs-package-output commonjs:lib/js -bs-package-output amdjs:lib/amdjs -bs-package-output es6:lib/es6 -I ../stdlib -nostdlib -nopervasives -open Pervasives -unsafe -warn-error A -w -40-49 -bin-annot   -c caml_queue.ml
../bin/bsc.exe  -absname -no-alias-deps -bs-no-version-header -bs-diagnose -bs-no-check-div-by-zero -bs-cross-module-opt -bs-package-name bs-platform -bs-package-output commonjs:lib/js -bs-package-output amdjs:lib/amdjs -bs-package-output es6:lib/es6 -I ../stdlib -nostdlib -nopervasives -open Pervasives -unsafe -warn-error A -w -40-49 -bin-annot   -c caml_backtrace.ml
../bin/bsc.exe  -absname -no-alias-deps -bs-no-version-header -bs-diagnose -bs-no-check-div-by-zero -bs-cross-module-opt -bs-package-name bs-platform -bs-package-output commonjs:lib/js -bs-package-output amdjs:lib/amdjs -bs-package-output es6:lib/es6 -I ../stdlib -nostdlib -nopervasives -open Pervasives -unsafe -warn-error A -w -40-49 -bin-annot   -c caml_gc.ml
../bin/bsc.exe  -absname -no-alias-deps -bs-no-version-header -bs-diagnose -bs-no-check-div-by-zero -bs-cross-module-opt -bs-package-name bs-platform -bs-package-output commonjs:lib/js -bs-package-output amdjs:lib/amdjs -bs-package-output es6:lib/es6 -I ../stdlib -nostdlib -nopervasives -open Pervasives -unsafe -warn-error A -w -40-49 -bin-annot   -c caml_oo.ml
../bin/bsc.exe  -absname -no-alias-deps -bs-no-version-header -bs-diagnose -bs-no-check-div-by-zero -bs-cross-module-opt -bs-package-name bs-platform -bs-package-output commonjs:lib/js -bs-package-output amdjs:lib/amdjs -bs-package-output es6:lib/es6 -I ../stdlib -nostdlib -nopervasives -open Pervasives -unsafe -warn-error A -w -40-49 -bin-annot   -c caml_missing_polyfill.ml
../bin/bsc.exe  -absname -no-alias-deps -bs-no-version-header -bs-diagnose -bs-no-check-div-by-zero -bs-cross-module-opt -bs-package-name bs-platform -bs-package-output commonjs:lib/js -bs-package-output amdjs:lib/amdjs -bs-package-output es6:lib/es6 -I ../stdlib -nostdlib -nopervasives -open Pervasives -unsafe -warn-error A -w -40-49 -bin-annot   -c js_exn.ml
../bin/bsc.exe  -absname -no-alias-deps -bs-no-version-header -bs-diagnose -bs-no-check-div-by-zero -bs-cross-module-opt -bs-package-name bs-platform -bs-package-output commonjs:lib/js -bs-package-output amdjs:lib/amdjs -bs-package-output es6:lib/es6 -I ../stdlib -nostdlib -nopervasives -open Pervasives -unsafe -warn-error A -w -40-49 -bin-annot   -c caml_string.ml
../bin/bsc.exe  -absname -no-alias-deps -bs-no-version-header -bs-diagnose -bs-no-check-div-by-zero -bs-cross-module-opt -bs-package-name bs-platform -bs-package-output commonjs:lib/js -bs-package-output amdjs:lib/amdjs -bs-package-output es6:lib/es6 -I ../stdlib -nostdlib -nopervasives -open Pervasives -unsafe -warn-error A -w -40-49 -bin-annot   -c caml_obj.ml
../bin/bsc.exe  -absname -no-alias-deps -bs-no-version-header -bs-diagnose -bs-no-check-div-by-zero -bs-cross-module-opt -bs-package-name bs-platform -bs-package-output commonjs:lib/js -bs-package-output amdjs:lib/amdjs -bs-package-output es6:lib/es6 -I ../stdlib -nostdlib -nopervasives -open Pervasives -unsafe -warn-error A -w -40-49 -bin-annot   -c caml_sys.ml
../bin/bsc.exe  -absname -no-alias-deps -bs-no-version-header -bs-diagnose -bs-no-check-div-by-zero -bs-cross-module-opt -bs-package-name bs-platform -bs-package-output commonjs:lib/js -bs-package-output amdjs:lib/amdjs -bs-package-output es6:lib/es6 -I ../stdlib -nostdlib -nopervasives -open Pervasives -unsafe -warn-error A -w -40-49 -bin-annot   -c curry.ml
../bin/bsc.exe  -absname -no-alias-deps -bs-no-version-header -bs-diagnose -bs-no-check-div-by-zero -bs-cross-module-opt -bs-package-name bs-platform -bs-package-output commonjs:lib/js -bs-package-output amdjs:lib/amdjs -bs-package-output es6:lib/es6 -I ../stdlib -nostdlib -nopervasives -open Pervasives -unsafe -warn-error A -w -40-49 -bin-annot   -c caml_hash.ml
../bin/bsc.exe  -absname -no-alias-deps -bs-no-version-header -bs-diagnose -bs-no-check-div-by-zero -bs-cross-module-opt -bs-package-name bs-platform -bs-package-output commonjs:lib/js -bs-package-output amdjs:lib/amdjs -bs-package-output es6:lib/es6 -I ../stdlib -nostdlib -nopervasives -open Pervasives -unsafe -warn-error A -w -40-49 -bin-annot   -c js_primitive.ml
../bin/bsc.exe  -absname -no-alias-deps -bs-no-version-header -bs-diagnose -bs-no-check-div-by-zero -bs-cross-module-opt -bs-package-name bs-platform -bs-package-output commonjs:lib/js -bs-package-output amdjs:lib/amdjs -bs-package-output es6:lib/es6 -I ../stdlib -nostdlib -nopervasives -open Pervasives -unsafe -warn-error A -w -40-49 -bin-annot   -c caml_basic.ml
../bin/bsc.exe  -absname -no-alias-deps -bs-no-version-header -bs-diagnose -bs-no-check-div-by-zero -bs-cross-module-opt -bs-package-name bs-platform -bs-package-output commonjs:lib/js -bs-package-output amdjs:lib/amdjs -bs-package-output es6:lib/es6 -I ../stdlib -nostdlib -nopervasives -open Pervasives -unsafe -warn-error A -w -40-49 -bin-annot   -c caml_float.ml
../bin/bsc.exe  -absname -no-alias-deps -bs-no-version-header -bs-diagnose -bs-no-check-div-by-zero -bs-cross-module-opt -bs-package-name bs-platform -bs-package-output commonjs:lib/js -bs-package-output amdjs:lib/amdjs -bs-package-output es6:lib/es6 -I ../stdlib -nostdlib -nopervasives -open Pervasives -unsafe -warn-error A -w -40-49 -bin-annot   -c caml_int64.ml
../bin/bsc.exe  -absname -no-alias-deps -bs-no-version-header -bs-diagnose -bs-no-check-div-by-zero -bs-cross-module-opt -bs-package-name bs-platform -bs-package-output commonjs:lib/js -bs-package-output amdjs:lib/amdjs -bs-package-output es6:lib/es6 -I ../stdlib -nostdlib -nopervasives -open Pervasives -unsafe -warn-error A -w -40-49 -bin-annot   -c caml_weak.ml
../bin/bsc.exe  -absname -no-alias-deps -bs-no-version-header -bs-diagnose -bs-no-check-div-by-zero -bs-cross-module-opt -bs-package-name bs-platform -bs-package-output commonjs:lib/js -bs-package-output amdjs:lib/amdjs -bs-package-output es6:lib/es6 -I ../stdlib -nostdlib -nopervasives -open Pervasives -unsafe -warn-error A -w -40-49 -bin-annot   -c caml_module.ml
../bin/bsc.exe  -absname -no-alias-deps -bs-no-version-header -bs-diagnose -bs-no-check-div-by-zero -bs-cross-module-opt -bs-package-name bs-platform -bs-package-output commonjs:lib/js -bs-package-output amdjs:lib/amdjs -bs-package-output es6:lib/es6 -I ../stdlib -nostdlib -nopervasives -open Pervasives -unsafe -warn-error A -w -40-49 -bin-annot   -c caml_io.ml
../bin/bsc.exe  -absname -no-alias-deps -bs-no-version-header -bs-diagnose -bs-no-check-div-by-zero -bs-cross-module-opt -bs-package-name bs-platform -bs-package-output commonjs:lib/js -bs-package-output amdjs:lib/amdjs -bs-package-output es6:lib/es6 -I ../stdlib -nostdlib -nopervasives -open Pervasives -unsafe -warn-error A -w -40-49 -bin-annot   -c caml_oo_curry.ml
../bin/bsc.exe  -absname -no-alias-deps -bs-no-version-header -bs-diagnose -bs-no-check-div-by-zero -bs-cross-module-opt -bs-package-name bs-platform -bs-package-output commonjs:lib/js -bs-package-output amdjs:lib/amdjs -bs-package-output es6:lib/es6 -I ../stdlib -nostdlib -nopervasives -open Pervasives -unsafe -warn-error A -w -40-49 -bin-annot   -c caml_format.ml
make[2]: Leaving directory '/root/Targets/bs-platform/node_modules/bs-platform/jscomp/runtime'
Making runtime finished
Making stdlib
cd stdlib && make all
make[2]: Entering directory '/root/Targets/bs-platform/node_modules/bs-platform/jscomp/stdlib'
../bin/bsc.exe -bs-no-version-header -bs-no-builtin-ppx-ml -bs-no-builtin-ppx-mli -bs-diagnose -bs-no-check-div-by-zero -bs-cross-module-opt -bs-package-name bs-platform -bs-package-output commonjs:lib/js -bs-package-output amdjs:lib/amdjs -bs-package-output es6:lib/es6  -strict-sequence -w +33..39 -g -warn-error A  -nostdlib -safe-string -I ../runtime  `./Compflags camlinternalFormatBasics.cmj` -c camlinternalFormatBasics.ml
../bin/bsc.exe -bs-no-version-header -bs-no-builtin-ppx-ml -bs-no-builtin-ppx-mli -bs-diagnose -bs-no-check-div-by-zero -bs-cross-module-opt -bs-package-name bs-platform -bs-package-output commonjs:lib/js -bs-package-output amdjs:lib/amdjs -bs-package-output es6:lib/es6  -strict-sequence -w +33..39 -g -warn-error A  -nostdlib -safe-string -I ../runtime  `./Compflags pervasives.cmj` -c pervasives.ml
../bin/bsc.exe -bs-no-version-header -bs-no-builtin-ppx-ml -bs-no-builtin-ppx-mli -bs-diagnose -bs-no-check-div-by-zero -bs-cross-module-opt -bs-package-name bs-platform -bs-package-output commonjs:lib/js -bs-package-output amdjs:lib/amdjs -bs-package-output es6:lib/es6  -strict-sequence -w +33..39 -g -warn-error A  -nostdlib -safe-string -I ../runtime  `./Compflags array.cmj` -c array.ml
../bin/bsc.exe -bs-no-version-header -bs-no-builtin-ppx-ml -bs-no-builtin-ppx-mli -bs-diagnose -bs-no-check-div-by-zero -bs-cross-module-opt -bs-package-name bs-platform -bs-package-output commonjs:lib/js -bs-package-output amdjs:lib/amdjs -bs-package-output es6:lib/es6  -strict-sequence -w +33..39 -g -warn-error A  -nostdlib -safe-string -I ../runtime  `./Compflags list.cmj` -c list.ml
../bin/bsc.exe -bs-no-version-header -bs-no-builtin-ppx-ml -bs-no-builtin-ppx-mli -bs-diagnose -bs-no-check-div-by-zero -bs-cross-module-opt -bs-package-name bs-platform -bs-package-output commonjs:lib/js -bs-package-output amdjs:lib/amdjs -bs-package-output es6:lib/es6  -strict-sequence -w +33..39 -g -warn-error A  -nostdlib -safe-string -I ../runtime  `./Compflags char.cmj` -c char.ml
../bin/bsc.exe -bs-no-version-header -bs-no-builtin-ppx-ml -bs-no-builtin-ppx-mli -bs-diagnose -bs-no-check-div-by-zero -bs-cross-module-opt -bs-package-name bs-platform -bs-package-output commonjs:lib/js -bs-package-output amdjs:lib/amdjs -bs-package-output es6:lib/es6  -strict-sequence -w +33..39 -g -warn-error A  -nostdlib -safe-string -I ../runtime  `./Compflags sys.cmj` -c sys.ml
../bin/bsc.exe -bs-no-version-header -bs-no-builtin-ppx-ml -bs-no-builtin-ppx-mli -bs-diagnose -bs-no-check-div-by-zero -bs-cross-module-opt -bs-package-name bs-platform -bs-package-output commonjs:lib/js -bs-package-output amdjs:lib/amdjs -bs-package-output es6:lib/es6  -strict-sequence -w +33..39 -g -warn-error A  -nostdlib -safe-string -I ../runtime  `./Compflags int32.cmj` -c int32.ml
../bin/bsc.exe -bs-no-version-header -bs-no-builtin-ppx-ml -bs-no-builtin-ppx-mli -bs-diagnose -bs-no-check-div-by-zero -bs-cross-module-opt -bs-package-name bs-platform -bs-package-output commonjs:lib/js -bs-package-output amdjs:lib/amdjs -bs-package-output es6:lib/es6  -strict-sequence -w +33..39 -g -warn-error A  -nostdlib -safe-string -I ../runtime  `./Compflags int64.cmj` -c int64.ml
../bin/bsc.exe -bs-no-version-header -bs-no-builtin-ppx-ml -bs-no-builtin-ppx-mli -bs-diagnose -bs-no-check-div-by-zero -bs-cross-module-opt -bs-package-name bs-platform -bs-package-output commonjs:lib/js -bs-package-output amdjs:lib/amdjs -bs-package-output es6:lib/es6  -strict-sequence -w +33..39 -g -warn-error A  -nostdlib -safe-string -I ../runtime  `./Compflags map.cmj` -c map.ml
../bin/bsc.exe -bs-no-version-header -bs-no-builtin-ppx-ml -bs-no-builtin-ppx-mli -bs-diagnose -bs-no-check-div-by-zero -bs-cross-module-opt -bs-package-name bs-platform -bs-package-output commonjs:lib/js -bs-package-output amdjs:lib/amdjs -bs-package-output es6:lib/es6  -strict-sequence -w +33..39 -g -warn-error A  -nostdlib -safe-string -I ../runtime  `./Compflags complex.cmj` -c complex.ml
../bin/bsc.exe -bs-no-version-header -bs-no-builtin-ppx-ml -bs-no-builtin-ppx-mli -bs-diagnose -bs-no-check-div-by-zero -bs-cross-module-opt -bs-package-name bs-platform -bs-package-output commonjs:lib/js -bs-package-output amdjs:lib/amdjs -bs-package-output es6:lib/es6  -strict-sequence -w +33..39 -g -warn-error A  -nostdlib -safe-string -I ../runtime  `./Compflags std_exit.cmj` -c std_exit.ml
../bin/bsc.exe -bs-no-version-header -bs-no-builtin-ppx-ml -bs-no-builtin-ppx-mli -bs-diagnose -bs-no-check-div-by-zero -bs-cross-module-opt -bs-package-name bs-platform -bs-package-output commonjs:lib/js -bs-package-output amdjs:lib/amdjs -bs-package-output es6:lib/es6  -strict-sequence -w +33..39 -g -warn-error A  -nostdlib -safe-string -I ../runtime  `./Compflags nativeint.cmj` -c nativeint.ml
../bin/bsc.exe -bs-no-version-header -bs-no-builtin-ppx-ml -bs-no-builtin-ppx-mli -bs-diagnose -bs-no-check-div-by-zero -bs-cross-module-opt -bs-package-name bs-platform -bs-package-output commonjs:lib/js -bs-package-output amdjs:lib/amdjs -bs-package-output es6:lib/es6  -strict-sequence -w +33..39 -g -warn-error A  -nostdlib -safe-string -I ../runtime  `./Compflags sort.cmj` -c sort.ml
../bin/bsc.exe -bs-no-version-header -bs-no-builtin-ppx-ml -bs-no-builtin-ppx-mli -bs-diagnose -bs-no-check-div-by-zero -bs-cross-module-opt -bs-package-name bs-platform -bs-package-output commonjs:lib/js -bs-package-output amdjs:lib/amdjs -bs-package-output es6:lib/es6  -strict-sequence -w +33..39 -g -warn-error A  -nostdlib -safe-string -I ../runtime  `./Compflags arrayLabels.cmj` -c arrayLabels.ml
../bin/bsc.exe -bs-no-version-header -bs-no-builtin-ppx-ml -bs-no-builtin-ppx-mli -bs-diagnose -bs-no-check-div-by-zero -bs-cross-module-opt -bs-package-name bs-platform -bs-package-output commonjs:lib/js -bs-package-output amdjs:lib/amdjs -bs-package-output es6:lib/es6  -strict-sequence -w +33..39 -g -warn-error A  -nostdlib -safe-string -I ../runtime  `./Compflags bytes.cmj` -c bytes.ml
../bin/bsc.exe -bs-no-version-header -bs-no-builtin-ppx-ml -bs-no-builtin-ppx-mli -bs-diagnose -bs-no-check-div-by-zero -bs-cross-module-opt -bs-package-name bs-platform -bs-package-output commonjs:lib/js -bs-package-output amdjs:lib/amdjs -bs-package-output es6:lib/es6  -strict-sequence -w +33..39 -g -warn-error A  -nostdlib -safe-string -I ../runtime  `./Compflags set.cmj` -c set.ml
../bin/bsc.exe -bs-no-version-header -bs-no-builtin-ppx-ml -bs-no-builtin-ppx-mli -bs-diagnose -bs-no-check-div-by-zero -bs-cross-module-opt -bs-package-name bs-platform -bs-package-output commonjs:lib/js -bs-package-output amdjs:lib/amdjs -bs-package-output es6:lib/es6  -strict-sequence -w +33..39 -g -warn-error A  -nostdlib -safe-string -I ../runtime  `./Compflags stack.cmj` -c stack.ml
../bin/bsc.exe -bs-no-version-header -bs-no-builtin-ppx-ml -bs-no-builtin-ppx-mli -bs-diagnose -bs-no-check-div-by-zero -bs-cross-module-opt -bs-package-name bs-platform -bs-package-output commonjs:lib/js -bs-package-output amdjs:lib/amdjs -bs-package-output es6:lib/es6  -strict-sequence -w +33..39 -g -warn-error A  -nostdlib -safe-string -I ../runtime  `./Compflags listLabels.cmj` -c listLabels.ml
../bin/bsc.exe -bs-no-version-header -bs-no-builtin-ppx-ml -bs-no-builtin-ppx-mli -bs-diagnose -bs-no-check-div-by-zero -bs-cross-module-opt -bs-package-name bs-platform -bs-package-output commonjs:lib/js -bs-package-output amdjs:lib/amdjs -bs-package-output es6:lib/es6  -strict-sequence -w +33..39 -g -warn-error A  -nostdlib -safe-string -I ../runtime  `./Compflags string.cmj` -c string.ml
../bin/bsc.exe -bs-no-version-header -bs-no-builtin-ppx-ml -bs-no-builtin-ppx-mli -bs-diagnose -bs-no-check-div-by-zero -bs-cross-module-opt -bs-package-name bs-platform -bs-package-output commonjs:lib/js -bs-package-output amdjs:lib/amdjs -bs-package-output es6:lib/es6  -strict-sequence -w +33..39 -g -warn-error A  -nostdlib -safe-string -I ../runtime  `./Compflags marshal.cmj` -c marshal.ml
../bin/bsc.exe -bs-no-version-header -bs-no-builtin-ppx-ml -bs-no-builtin-ppx-mli -bs-diagnose -bs-no-check-div-by-zero -bs-cross-module-opt -bs-package-name bs-platform -bs-package-output commonjs:lib/js -bs-package-output amdjs:lib/amdjs -bs-package-output es6:lib/es6  -strict-sequence -w +33..39 -g -warn-error A  -nostdlib -safe-string -I ../runtime  `./Compflags bytesLabels.cmj` -c bytesLabels.ml
../bin/bsc.exe -bs-no-version-header -bs-no-builtin-ppx-ml -bs-no-builtin-ppx-mli -bs-diagnose -bs-no-check-div-by-zero -bs-cross-module-opt -bs-package-name bs-platform -bs-package-output commonjs:lib/js -bs-package-output amdjs:lib/amdjs -bs-package-output es6:lib/es6  -strict-sequence -w +33..39 -g -warn-error A  -nostdlib -safe-string -I ../runtime  `./Compflags obj.cmj` -c obj.ml
../bin/bsc.exe -bs-no-version-header -bs-no-builtin-ppx-ml -bs-no-builtin-ppx-mli -bs-diagnose -bs-no-check-div-by-zero -bs-cross-module-opt -bs-package-name bs-platform -bs-package-output commonjs:lib/js -bs-package-output amdjs:lib/amdjs -bs-package-output es6:lib/es6  -strict-sequence -w +33..39 -g -warn-error A  -nostdlib -safe-string -I ../runtime  `./Compflags lexing.cmj` -c lexing.ml
../bin/bsc.exe -bs-no-version-header -bs-no-builtin-ppx-ml -bs-no-builtin-ppx-mli -bs-diagnose -bs-no-check-div-by-zero -bs-cross-module-opt -bs-package-name bs-platform -bs-package-output commonjs:lib/js -bs-package-output amdjs:lib/amdjs -bs-package-output es6:lib/es6  -strict-sequence -w +33..39 -g -warn-error A  -nostdlib -safe-string -I ../runtime  `./Compflags buffer.cmj` -c buffer.ml
../bin/bsc.exe -bs-no-version-header -bs-no-builtin-ppx-ml -bs-no-builtin-ppx-mli -bs-diagnose -bs-no-check-div-by-zero -bs-cross-module-opt -bs-package-name bs-platform -bs-package-output commonjs:lib/js -bs-package-output amdjs:lib/amdjs -bs-package-output es6:lib/es6  -strict-sequence -w +33..39 -g -warn-error A  -nostdlib -safe-string -I ../runtime  `./Compflags digest.cmj` -c digest.ml
../bin/bsc.exe -bs-no-version-header -bs-no-builtin-ppx-ml -bs-no-builtin-ppx-mli -bs-diagnose -bs-no-check-div-by-zero -bs-cross-module-opt -bs-package-name bs-platform -bs-package-output commonjs:lib/js -bs-package-output amdjs:lib/amdjs -bs-package-output es6:lib/es6  -strict-sequence -w +33..39 -g -warn-error A  -nostdlib -safe-string -I ../runtime  `./Compflags stringLabels.cmj` -c stringLabels.ml
../bin/bsc.exe -bs-no-version-header -bs-no-builtin-ppx-ml -bs-no-builtin-ppx-mli -bs-diagnose -bs-no-check-div-by-zero -bs-cross-module-opt -bs-package-name bs-platform -bs-package-output commonjs:lib/js -bs-package-output amdjs:lib/amdjs -bs-package-output es6:lib/es6  -strict-sequence -w +33..39 -g -warn-error A  -nostdlib -safe-string -I ../runtime  `./Compflags queue.cmj` -c queue.ml
../bin/bsc.exe -bs-no-version-header -bs-no-builtin-ppx-ml -bs-no-builtin-ppx-mli -bs-diagnose -bs-no-check-div-by-zero -bs-cross-module-opt -bs-package-name bs-platform -bs-package-output commonjs:lib/js -bs-package-output amdjs:lib/amdjs -bs-package-output es6:lib/es6  -strict-sequence -w +33..39 -g -warn-error A  -nostdlib -safe-string -I ../runtime  `./Compflags camlinternalLazy.cmj` -c camlinternalLazy.ml
../bin/bsc.exe -bs-no-version-header -bs-no-builtin-ppx-ml -bs-no-builtin-ppx-mli -bs-diagnose -bs-no-check-div-by-zero -bs-cross-module-opt -bs-package-name bs-platform -bs-package-output commonjs:lib/js -bs-package-output amdjs:lib/amdjs -bs-package-output es6:lib/es6  -strict-sequence -w +33..39 -g -warn-error A  -nostdlib -safe-string -I ../runtime  `./Compflags callback.cmj` -c callback.ml
../bin/bsc.exe -bs-no-version-header -bs-no-builtin-ppx-ml -bs-no-builtin-ppx-mli -bs-diagnose -bs-no-check-div-by-zero -bs-cross-module-opt -bs-package-name bs-platform -bs-package-output commonjs:lib/js -bs-package-output amdjs:lib/amdjs -bs-package-output es6:lib/es6  -strict-sequence -w +33..39 -g -warn-error A  -nostdlib -safe-string -I ../runtime  `./Compflags camlinternalOO.cmj` -c camlinternalOO.ml
../bin/bsc.exe -bs-no-version-header -bs-no-builtin-ppx-ml -bs-no-builtin-ppx-mli -bs-diagnose -bs-no-check-div-by-zero -bs-cross-module-opt -bs-package-name bs-platform -bs-package-output commonjs:lib/js -bs-package-output amdjs:lib/amdjs -bs-package-output es6:lib/es6  -strict-sequence -w +33..39 -g -warn-error A  -nostdlib -safe-string -I ../runtime  `./Compflags stdLabels.cmj` -c stdLabels.ml
../bin/bsc.exe -bs-no-version-header -bs-no-builtin-ppx-ml -bs-no-builtin-ppx-mli -bs-diagnose -bs-no-check-div-by-zero -bs-cross-module-opt -bs-package-name bs-platform -bs-package-output commonjs:lib/js -bs-package-output amdjs:lib/amdjs -bs-package-output es6:lib/es6  -strict-sequence -w +33..39 -g -warn-error A  -nostdlib -safe-string -I ../runtime  `./Compflags random.cmj` -c random.ml
../bin/bsc.exe -bs-no-version-header -bs-no-builtin-ppx-ml -bs-no-builtin-ppx-mli -bs-diagnose -bs-no-check-div-by-zero -bs-cross-module-opt -bs-package-name bs-platform -bs-package-output commonjs:lib/js -bs-package-output amdjs:lib/amdjs -bs-package-output es6:lib/es6  -strict-sequence -w +33..39 -g -warn-error A  -nostdlib -safe-string -I ../runtime  `./Compflags parsing.cmj` -c parsing.ml
../bin/bsc.exe -bs-no-version-header -bs-no-builtin-ppx-ml -bs-no-builtin-ppx-mli -bs-diagnose -bs-no-check-div-by-zero -bs-cross-module-opt -bs-package-name bs-platform -bs-package-output commonjs:lib/js -bs-package-output amdjs:lib/amdjs -bs-package-output es6:lib/es6  -strict-sequence -w +33..39 -g -warn-error A  -nostdlib -safe-string -I ../runtime  `./Compflags camlinternalFormat.cmj` -c camlinternalFormat.ml
../bin/bsc.exe -bs-no-version-header -bs-no-builtin-ppx-ml -bs-no-builtin-ppx-mli -bs-diagnose -bs-no-check-div-by-zero -bs-cross-module-opt -bs-package-name bs-platform -bs-package-output commonjs:lib/js -bs-package-output amdjs:lib/amdjs -bs-package-output es6:lib/es6  -strict-sequence -w +33..39 -g -warn-error A  -nostdlib -safe-string -I ../runtime  `./Compflags lazy.cmj` -c lazy.ml
../bin/bsc.exe -bs-no-version-header -bs-no-builtin-ppx-ml -bs-no-builtin-ppx-mli -bs-diagnose -bs-no-check-div-by-zero -bs-cross-module-opt -bs-package-name bs-platform -bs-package-output commonjs:lib/js -bs-package-output amdjs:lib/amdjs -bs-package-output es6:lib/es6  -strict-sequence -w +33..39 -g -warn-error A  -nostdlib -safe-string -I ../runtime  `./Compflags stream.cmj` -c stream.ml
../bin/bsc.exe -bs-no-version-header -bs-no-builtin-ppx-ml -bs-no-builtin-ppx-mli -bs-diagnose -bs-no-check-div-by-zero -bs-cross-module-opt -bs-package-name bs-platform -bs-package-output commonjs:lib/js -bs-package-output amdjs:lib/amdjs -bs-package-output es6:lib/es6  -strict-sequence -w +33..39 -g -warn-error A  -nostdlib -safe-string -I ../runtime  `./Compflags hashtbl.cmj` -c hashtbl.ml
../bin/bsc.exe -bs-no-version-header -bs-no-builtin-ppx-ml -bs-no-builtin-ppx-mli -bs-diagnose -bs-no-check-div-by-zero -bs-cross-module-opt -bs-package-name bs-platform -bs-package-output commonjs:lib/js -bs-package-output amdjs:lib/amdjs -bs-package-output es6:lib/es6  -strict-sequence -w +33..39 -g -warn-error A  -nostdlib -safe-string -I ../runtime  `./Compflags oo.cmj` -c oo.ml
../bin/bsc.exe -bs-no-version-header -bs-no-builtin-ppx-ml -bs-no-builtin-ppx-mli -bs-diagnose -bs-no-check-div-by-zero -bs-cross-module-opt -bs-package-name bs-platform -bs-package-output commonjs:lib/js -bs-package-output amdjs:lib/amdjs -bs-package-output es6:lib/es6  -strict-sequence -w +33..39 -g -warn-error A  -nostdlib -safe-string -I ../runtime  `./Compflags camlinternalMod.cmj` -c camlinternalMod.ml
../bin/bsc.exe -bs-no-version-header -bs-no-builtin-ppx-ml -bs-no-builtin-ppx-mli -bs-diagnose -bs-no-check-div-by-zero -bs-cross-module-opt -bs-package-name bs-platform -bs-package-output commonjs:lib/js -bs-package-output amdjs:lib/amdjs -bs-package-output es6:lib/es6  -strict-sequence -w +33..39 -g -warn-error A  -nostdlib -safe-string -I ../runtime  `./Compflags genlex.cmj` -c genlex.ml
../bin/bsc.exe -bs-no-version-header -bs-no-builtin-ppx-ml -bs-no-builtin-ppx-mli -bs-diagnose -bs-no-check-div-by-zero -bs-cross-module-opt -bs-package-name bs-platform -bs-package-output commonjs:lib/js -bs-package-output amdjs:lib/amdjs -bs-package-output es6:lib/es6  -strict-sequence -w +33..39 -g -warn-error A  -nostdlib -safe-string -I ../runtime  `./Compflags weak.cmj` -c weak.ml
../bin/bsc.exe -bs-no-version-header -bs-no-builtin-ppx-ml -bs-no-builtin-ppx-mli -bs-diagnose -bs-no-check-div-by-zero -bs-cross-module-opt -bs-package-name bs-platform -bs-package-output commonjs:lib/js -bs-package-output amdjs:lib/amdjs -bs-package-output es6:lib/es6  -strict-sequence -w +33..39 -g -warn-error A  -nostdlib -safe-string -I ../runtime  `./Compflags moreLabels.cmj` -c moreLabels.ml
../bin/bsc.exe -bs-no-version-header -bs-no-builtin-ppx-ml -bs-no-builtin-ppx-mli -bs-diagnose -bs-no-check-div-by-zero -bs-cross-module-opt -bs-package-name bs-platform -bs-package-output commonjs:lib/js -bs-package-output amdjs:lib/amdjs -bs-package-output es6:lib/es6  -strict-sequence -w +33..39 -g -warn-error A  -nostdlib -safe-string -I ../runtime  `./Compflags printf.cmj` -c printf.ml
../bin/bsc.exe -bs-no-version-header -bs-no-builtin-ppx-ml -bs-no-builtin-ppx-mli -bs-diagnose -bs-no-check-div-by-zero -bs-cross-module-opt -bs-package-name bs-platform -bs-package-output commonjs:lib/js -bs-package-output amdjs:lib/amdjs -bs-package-output es6:lib/es6  -strict-sequence -w +33..39 -g -warn-error A  -nostdlib -safe-string -I ../runtime  `./Compflags format.cmj` -c format.ml
../bin/bsc.exe -bs-no-version-header -bs-no-builtin-ppx-ml -bs-no-builtin-ppx-mli -bs-diagnose -bs-no-check-div-by-zero -bs-cross-module-opt -bs-package-name bs-platform -bs-package-output commonjs:lib/js -bs-package-output amdjs:lib/amdjs -bs-package-output es6:lib/es6  -strict-sequence -w +33..39 -g -warn-error A  -nostdlib -safe-string -I ../runtime  `./Compflags arg.cmj` -c arg.ml
../bin/bsc.exe -bs-no-version-header -bs-no-builtin-ppx-ml -bs-no-builtin-ppx-mli -bs-diagnose -bs-no-check-div-by-zero -bs-cross-module-opt -bs-package-name bs-platform -bs-package-output commonjs:lib/js -bs-package-output amdjs:lib/amdjs -bs-package-output es6:lib/es6  -strict-sequence -w +33..39 -g -warn-error A  -nostdlib -safe-string -I ../runtime  `./Compflags printexc.cmj` -c printexc.ml
../bin/bsc.exe -bs-no-version-header -bs-no-builtin-ppx-ml -bs-no-builtin-ppx-mli -bs-diagnose -bs-no-check-div-by-zero -bs-cross-module-opt -bs-package-name bs-platform -bs-package-output commonjs:lib/js -bs-package-output amdjs:lib/amdjs -bs-package-output es6:lib/es6  -strict-sequence -w +33..39 -g -warn-error A  -nostdlib -safe-string -I ../runtime  `./Compflags gc.cmj` -c gc.ml
../bin/bsc.exe -bs-no-version-header -bs-no-builtin-ppx-ml -bs-no-builtin-ppx-mli -bs-diagnose -bs-no-check-div-by-zero -bs-cross-module-opt -bs-package-name bs-platform -bs-package-output commonjs:lib/js -bs-package-output amdjs:lib/amdjs -bs-package-output es6:lib/es6  -strict-sequence -w +33..39 -g -warn-error A  -nostdlib -safe-string -I ../runtime  `./Compflags scanf.cmj` -c scanf.ml
../bin/bsc.exe -bs-no-version-header -bs-no-builtin-ppx-ml -bs-no-builtin-ppx-mli -bs-diagnose -bs-no-check-div-by-zero -bs-cross-module-opt -bs-package-name bs-platform -bs-package-output commonjs:lib/js -bs-package-output amdjs:lib/amdjs -bs-package-output es6:lib/es6  -strict-sequence -w +33..39 -g -warn-error A  -nostdlib -safe-string -I ../runtime  `./Compflags filename.cmj` -c filename.ml
../bin/bsc.exe -bs-no-version-header -bs-no-builtin-ppx-ml -bs-no-builtin-ppx-mli -bs-diagnose -bs-no-check-div-by-zero -bs-cross-module-opt -bs-package-name bs-platform -bs-package-output commonjs:lib/js -bs-package-output amdjs:lib/amdjs -bs-package-output es6:lib/es6  -strict-sequence -w +33..39 -g -warn-error A  -nostdlib -safe-string -I ../runtime  `./Compflags unix.cmj` -c unix.ml
../bin/bsc.exe -bs-no-version-header -bs-no-builtin-ppx-ml -bs-no-builtin-ppx-mli -bs-diagnose -bs-no-check-div-by-zero -bs-cross-module-opt -bs-package-name bs-platform -bs-package-output commonjs:lib/js -bs-package-output amdjs:lib/amdjs -bs-package-output es6:lib/es6  -strict-sequence -w +33..39 -g -warn-error A  -nostdlib -safe-string -I ../runtime  `./Compflags unixLabels.cmj` -c unixLabels.ml
../bin/bsc.exe -bs-no-version-header -bs-no-builtin-ppx-ml -bs-no-builtin-ppx-mli -bs-diagnose -bs-no-check-div-by-zero -bs-cross-module-opt -bs-package-name bs-platform -bs-package-output commonjs:lib/js -bs-package-output amdjs:lib/amdjs -bs-package-output es6:lib/es6  -strict-sequence -w +33..39 -g -warn-error A  -nostdlib -safe-string -I ../runtime  `./Compflags bigarray.cmj` -c bigarray.ml
make[2]: Leaving directory '/root/Targets/bs-platform/node_modules/bs-platform/jscomp/stdlib'
Making stdlib finished
Making others
cd others && make all
make[2]: Entering directory '/root/Targets/bs-platform/node_modules/bs-platform/jscomp/others'
../bin/bsc.exe  -no-alias-deps -bs-no-version-header -absname -bs-diagnose -bs-no-check-div-by-zero -bs-cross-module-opt -bs-package-name bs-platform -bs-package-output commonjs:lib/js -bs-package-output amdjs:lib/amdjs -bs-package-output es6:lib/es6  -I ../runtime -I ../stdlib -w +3-40-49 -warn-error A -bin-annot  -c node.ml
../bin/bsc.exe  -no-alias-deps -bs-no-version-header -absname -bs-diagnose -bs-no-check-div-by-zero -bs-cross-module-opt -bs-package-name bs-platform -bs-package-output commonjs:lib/js -bs-package-output amdjs:lib/amdjs -bs-package-output es6:lib/es6  -I ../runtime -I ../stdlib -w +3-40-49 -warn-error A -bin-annot  -c bs.ml
../bin/bsc.exe  -no-alias-deps -bs-no-version-header -absname -bs-diagnose -bs-no-check-div-by-zero -bs-cross-module-opt -bs-package-name bs-platform -bs-package-output commonjs:lib/js -bs-package-output amdjs:lib/amdjs -bs-package-output es6:lib/es6  -I ../runtime -I ../stdlib -w +3-40-49 -warn-error A -bin-annot  -c js_re.mli
../bin/bsc.exe  -no-alias-deps -bs-no-version-header -absname -bs-diagnose -bs-no-check-div-by-zero -bs-cross-module-opt -bs-package-name bs-platform -bs-package-output commonjs:lib/js -bs-package-output amdjs:lib/amdjs -bs-package-output es6:lib/es6  -I ../runtime -I ../stdlib -w +3-40-49 -warn-error A -bin-annot  -c js_dict.mli
../bin/bsc.exe  -no-alias-deps -bs-no-version-header -absname -bs-diagnose -bs-no-check-div-by-zero -bs-cross-module-opt -bs-package-name bs-platform -bs-package-output commonjs:lib/js -bs-package-output amdjs:lib/amdjs -bs-package-output es6:lib/es6  -I ../runtime -I ../stdlib -w +3-40-49 -warn-error A -bin-annot  -c js_null_undefined.mli
../bin/bsc.exe  -no-alias-deps -bs-no-version-header -absname -bs-diagnose -bs-no-check-div-by-zero -bs-cross-module-opt -bs-package-name bs-platform -bs-package-output commonjs:lib/js -bs-package-output amdjs:lib/amdjs -bs-package-output es6:lib/es6  -I ../runtime -I ../stdlib -w +3-40-49 -warn-error A -bin-annot  -c js_types.mli
../bin/bsc.exe  -no-alias-deps -bs-no-version-header -absname -bs-diagnose -bs-no-check-div-by-zero -bs-cross-module-opt -bs-package-name bs-platform -bs-package-output commonjs:lib/js -bs-package-output amdjs:lib/amdjs -bs-package-output es6:lib/es6  -I ../runtime -I ../stdlib -w +3-40-49 -warn-error A -bin-annot  -c js_vector.mli
../bin/bsc.exe  -no-alias-deps -bs-no-version-header -absname -bs-diagnose -bs-no-check-div-by-zero -bs-cross-module-opt -bs-package-name bs-platform -bs-package-output commonjs:lib/js -bs-package-output amdjs:lib/amdjs -bs-package-output es6:lib/es6  -I ../runtime -I ../stdlib -w +3-40-49 -warn-error A -bin-annot  -c js_list.mli
../bin/bsc.exe  -no-alias-deps -bs-no-version-header -absname -bs-diagnose -bs-no-check-div-by-zero -bs-cross-module-opt -bs-package-name bs-platform -bs-package-output commonjs:lib/js -bs-package-output amdjs:lib/amdjs -bs-package-output es6:lib/es6  -I ../runtime -I ../stdlib -w +3-40-49 -warn-error A -bin-annot  -c js_option.mli
../bin/bsc.exe  -no-alias-deps -bs-no-version-header -absname -bs-diagnose -bs-no-check-div-by-zero -bs-cross-module-opt -bs-package-name bs-platform -bs-package-output commonjs:lib/js -bs-package-output amdjs:lib/amdjs -bs-package-output es6:lib/es6  -I ../runtime -I ../stdlib -w +3-40-49 -warn-error A -bin-annot  -c js_result.mli
../bin/bsc.exe  -no-alias-deps -bs-no-version-header -absname -bs-diagnose -bs-no-check-div-by-zero -bs-cross-module-opt -bs-package-name bs-platform -bs-package-output commonjs:lib/js -bs-package-output amdjs:lib/amdjs -bs-package-output es6:lib/es6  -I ../runtime -I ../stdlib -w +3-40-49 -warn-error A -bin-annot  -c bs_dyn.mli
../bin/bsc.exe  -no-alias-deps -bs-no-version-header -absname -bs-diagnose -bs-no-check-div-by-zero -bs-cross-module-opt -bs-package-name bs-platform -bs-package-output commonjs:lib/js -bs-package-output amdjs:lib/amdjs -bs-package-output es6:lib/es6  -I ../runtime -I ../stdlib -w +3-40-49 -warn-error A -bin-annot  -c js_boolean.mli
../bin/bsc.exe  -no-alias-deps -bs-no-version-header -absname -bs-diagnose -bs-no-check-div-by-zero -bs-cross-module-opt -bs-package-name bs-platform -bs-package-output commonjs:lib/js -bs-package-output amdjs:lib/amdjs -bs-package-output es6:lib/es6  -I ../runtime -I ../stdlib -w +3-40-49 -warn-error A -bin-annot  -c js_cast.mli
../bin/bsc.exe  -no-alias-deps -bs-no-version-header -absname -bs-diagnose -bs-no-check-div-by-zero -bs-cross-module-opt -bs-package-name bs-platform -bs-package-output commonjs:lib/js -bs-package-output amdjs:lib/amdjs -bs-package-output es6:lib/es6  -I ../runtime -I ../stdlib -w +3-40-49 -warn-error A -bin-annot  -c dom_storage.mli
../bin/bsc.exe  -no-alias-deps -bs-no-version-header -absname -bs-diagnose -bs-no-check-div-by-zero -bs-cross-module-opt -bs-package-name bs-platform -bs-package-output commonjs:lib/js -bs-package-output amdjs:lib/amdjs -bs-package-output es6:lib/es6  -I ../runtime -I ../stdlib -w +3-40-49 -warn-error A -bin-annot  -c node_path.ml
../bin/bsc.exe  -no-alias-deps -bs-no-version-header -absname -bs-diagnose -bs-no-check-div-by-zero -bs-cross-module-opt -bs-package-name bs-platform -bs-package-output commonjs:lib/js -bs-package-output amdjs:lib/amdjs -bs-package-output es6:lib/es6  -I ../runtime -I ../stdlib -w +3-40-49 -warn-error A -bin-annot  -c js_array.ml
../bin/bsc.exe  -no-alias-deps -bs-no-version-header -absname -bs-diagnose -bs-no-check-div-by-zero -bs-cross-module-opt -bs-package-name bs-platform -bs-package-output commonjs:lib/js -bs-package-output amdjs:lib/amdjs -bs-package-output es6:lib/es6  -I ../runtime -I ../stdlib -w +3-40-49 -warn-error A -bin-annot  -c node_process.mli
../bin/bsc.exe  -no-alias-deps -bs-no-version-header -absname -bs-diagnose -bs-no-check-div-by-zero -bs-cross-module-opt -bs-package-name bs-platform -bs-package-output commonjs:lib/js -bs-package-output amdjs:lib/amdjs -bs-package-output es6:lib/es6  -I ../runtime -I ../stdlib -w +3-40-49 -warn-error A -bin-annot  -c js_null_undefined.ml
../bin/bsc.exe  -no-alias-deps -bs-no-version-header -absname -bs-diagnose -bs-no-check-div-by-zero -bs-cross-module-opt -bs-package-name bs-platform -bs-package-output commonjs:lib/js -bs-package-output amdjs:lib/amdjs -bs-package-output es6:lib/es6  -I ../runtime -I ../stdlib -w +3-40-49 -warn-error A -bin-annot  -c node_buffer.ml
../bin/bsc.exe  -no-alias-deps -bs-no-version-header -absname -bs-diagnose -bs-no-check-div-by-zero -bs-cross-module-opt -bs-package-name bs-platform -bs-package-output commonjs:lib/js -bs-package-output amdjs:lib/amdjs -bs-package-output es6:lib/es6  -I ../runtime -I ../stdlib -w +3-40-49 -warn-error A -bin-annot  -c js_types.ml
../bin/bsc.exe  -no-alias-deps -bs-no-version-header -absname -bs-diagnose -bs-no-check-div-by-zero -bs-cross-module-opt -bs-package-name bs-platform -bs-package-output commonjs:lib/js -bs-package-output amdjs:lib/amdjs -bs-package-output es6:lib/es6  -I ../runtime -I ../stdlib -w +3-40-49 -warn-error A -bin-annot  -c js_obj.ml
../bin/bsc.exe  -no-alias-deps -bs-no-version-header -absname -bs-diagnose -bs-no-check-div-by-zero -bs-cross-module-opt -bs-package-name bs-platform -bs-package-output commonjs:lib/js -bs-package-output amdjs:lib/amdjs -bs-package-output es6:lib/es6  -I ../runtime -I ../stdlib -w +3-40-49 -warn-error A -bin-annot  -c js_option.ml
../bin/bsc.exe  -no-alias-deps -bs-no-version-header -absname -bs-diagnose -bs-no-check-div-by-zero -bs-cross-module-opt -bs-package-name bs-platform -bs-package-output commonjs:lib/js -bs-package-output amdjs:lib/amdjs -bs-package-output es6:lib/es6  -I ../runtime -I ../stdlib -w +3-40-49 -warn-error A -bin-annot  -c js_result.ml
../bin/bsc.exe  -no-alias-deps -bs-no-version-header -absname -bs-diagnose -bs-no-check-div-by-zero -bs-cross-module-opt -bs-package-name bs-platform -bs-package-output commonjs:lib/js -bs-package-output amdjs:lib/amdjs -bs-package-output es6:lib/es6  -I ../runtime -I ../stdlib -w +3-40-49 -warn-error A -bin-annot  -c node_child_process.ml
../bin/bsc.exe  -no-alias-deps -bs-no-version-header -absname -bs-diagnose -bs-no-check-div-by-zero -bs-cross-module-opt -bs-package-name bs-platform -bs-package-output commonjs:lib/js -bs-package-output amdjs:lib/amdjs -bs-package-output es6:lib/es6  -I ../runtime -I ../stdlib -w +3-40-49 -warn-error A -bin-annot  -c js_boolean.ml
../bin/bsc.exe  -no-alias-deps -bs-no-version-header -absname -bs-diagnose -bs-no-check-div-by-zero -bs-cross-module-opt -bs-package-name bs-platform -bs-package-output commonjs:lib/js -bs-package-output amdjs:lib/amdjs -bs-package-output es6:lib/es6  -I ../runtime -I ../stdlib -w +3-40-49 -warn-error A -bin-annot  -c js_math.ml
../bin/bsc.exe  -no-alias-deps -bs-no-version-header -absname -bs-diagnose -bs-no-check-div-by-zero -bs-cross-module-opt -bs-package-name bs-platform -bs-package-output commonjs:lib/js -bs-package-output amdjs:lib/amdjs -bs-package-output es6:lib/es6  -I ../runtime -I ../stdlib -w +3-40-49 -warn-error A -bin-annot  -c js_date.ml
../bin/bsc.exe  -no-alias-deps -bs-no-version-header -absname -bs-diagnose -bs-no-check-div-by-zero -bs-cross-module-opt -bs-package-name bs-platform -bs-package-output commonjs:lib/js -bs-package-output amdjs:lib/amdjs -bs-package-output es6:lib/es6  -I ../runtime -I ../stdlib -w +3-40-49 -warn-error A -bin-annot  -c js_global.ml
../bin/bsc.exe  -no-alias-deps -bs-no-version-header -absname -bs-diagnose -bs-no-check-div-by-zero -bs-cross-module-opt -bs-package-name bs-platform -bs-package-output commonjs:lib/js -bs-package-output amdjs:lib/amdjs -bs-package-output es6:lib/es6  -I ../runtime -I ../stdlib -w +3-40-49 -warn-error A -bin-annot  -c js_cast.ml
../bin/bsc.exe  -no-alias-deps -bs-no-version-header -absname -bs-diagnose -bs-no-check-div-by-zero -bs-cross-module-opt -bs-package-name bs-platform -bs-package-output commonjs:lib/js -bs-package-output amdjs:lib/amdjs -bs-package-output es6:lib/es6  -I ../runtime -I ../stdlib -w +3-40-49 -warn-error A -bin-annot  -c js_promise.ml
../bin/bsc.exe  -no-alias-deps -bs-no-version-header -absname -bs-diagnose -bs-no-check-div-by-zero -bs-cross-module-opt -bs-package-name bs-platform -bs-package-output commonjs:lib/js -bs-package-output amdjs:lib/amdjs -bs-package-output es6:lib/es6  -I ../runtime -I ../stdlib -w +3-40-49 -warn-error A -bin-annot  -c dom.mli
../bin/bsc.exe  -no-alias-deps -bs-no-version-header -absname -bs-diagnose -bs-no-check-div-by-zero -bs-cross-module-opt -bs-package-name bs-platform -bs-package-output commonjs:lib/js -bs-package-output amdjs:lib/amdjs -bs-package-output es6:lib/es6  -I ../runtime -I ../stdlib -w +3-40-49 -warn-error A -bin-annot  -c js_string.ml
../bin/bsc.exe  -no-alias-deps -bs-no-version-header -absname -bs-diagnose -bs-no-check-div-by-zero -bs-cross-module-opt -bs-package-name bs-platform -bs-package-output commonjs:lib/js -bs-package-output amdjs:lib/amdjs -bs-package-output es6:lib/es6  -I ../runtime -I ../stdlib -w +3-40-49 -warn-error A -bin-annot  -c js_dict.ml
../bin/bsc.exe  -no-alias-deps -bs-no-version-header -absname -bs-diagnose -bs-no-check-div-by-zero -bs-cross-module-opt -bs-package-name bs-platform -bs-package-output commonjs:lib/js -bs-package-output amdjs:lib/amdjs -bs-package-output es6:lib/es6  -I ../runtime -I ../stdlib -w +3-40-49 -warn-error A -bin-annot  -c js_vector.ml
../bin/bsc.exe  -no-alias-deps -bs-no-version-header -absname -bs-diagnose -bs-no-check-div-by-zero -bs-cross-module-opt -bs-package-name bs-platform -bs-package-output commonjs:lib/js -bs-package-output amdjs:lib/amdjs -bs-package-output es6:lib/es6  -I ../runtime -I ../stdlib -w +3-40-49 -warn-error A -bin-annot  -c bs_dyn.ml
../bin/bsc.exe  -no-alias-deps -bs-no-version-header -absname -bs-diagnose -bs-no-check-div-by-zero -bs-cross-module-opt -bs-package-name bs-platform -bs-package-output commonjs:lib/js -bs-package-output amdjs:lib/amdjs -bs-package-output es6:lib/es6  -I ../runtime -I ../stdlib -w +3-40-49 -warn-error A -bin-annot  -c bs_dyn_lib.mli
../bin/bsc.exe  -no-alias-deps -bs-no-version-header -absname -bs-diagnose -bs-no-check-div-by-zero -bs-cross-module-opt -bs-package-name bs-platform -bs-package-output commonjs:lib/js -bs-package-output amdjs:lib/amdjs -bs-package-output es6:lib/es6  -I ../runtime -I ../stdlib -w +3-40-49 -warn-error A -bin-annot  -c node_fs.ml
../bin/bsc.exe  -no-alias-deps -bs-no-version-header -absname -bs-diagnose -bs-no-check-div-by-zero -bs-cross-module-opt -bs-package-name bs-platform -bs-package-output commonjs:lib/js -bs-package-output amdjs:lib/amdjs -bs-package-output es6:lib/es6  -I ../runtime -I ../stdlib -w +3-40-49 -warn-error A -bin-annot  -c js_json.mli
../bin/bsc.exe  -no-alias-deps -bs-no-version-header -absname -bs-diagnose -bs-no-check-div-by-zero -bs-cross-module-opt -bs-package-name bs-platform -bs-package-output commonjs:lib/js -bs-package-output amdjs:lib/amdjs -bs-package-output es6:lib/es6  -I ../runtime -I ../stdlib -w +3-40-49 -warn-error A -bin-annot  -c node_process.ml
../bin/bsc.exe  -no-alias-deps -bs-no-version-header -absname -bs-diagnose -bs-no-check-div-by-zero -bs-cross-module-opt -bs-package-name bs-platform -bs-package-output commonjs:lib/js -bs-package-output amdjs:lib/amdjs -bs-package-output es6:lib/es6  -I ../runtime -I ../stdlib -w +3-40-49 -warn-error A -bin-annot  -c node_module.ml
../bin/bsc.exe  -no-alias-deps -bs-no-version-header -absname -bs-diagnose -bs-no-check-div-by-zero -bs-cross-module-opt -bs-package-name bs-platform -bs-package-output commonjs:lib/js -bs-package-output amdjs:lib/amdjs -bs-package-output es6:lib/es6  -I ../runtime -I ../stdlib -w +3-40-49 -warn-error A -bin-annot  -c js_list.ml
../bin/bsc.exe  -no-alias-deps -bs-no-version-header -absname -bs-diagnose -bs-no-check-div-by-zero -bs-cross-module-opt -bs-package-name bs-platform -bs-package-output commonjs:lib/js -bs-package-output amdjs:lib/amdjs -bs-package-output es6:lib/es6  -I ../runtime -I ../stdlib -w +3-40-49 -warn-error A -bin-annot  -c js_json.ml
../bin/bsc.exe  -no-alias-deps -bs-no-version-header -absname -bs-diagnose -bs-no-check-div-by-zero -bs-cross-module-opt -bs-package-name bs-platform -bs-package-output commonjs:lib/js -bs-package-output amdjs:lib/amdjs -bs-package-output es6:lib/es6  -I ../runtime -I ../stdlib -w +3-40-49 -warn-error A -bin-annot  -c bs_dyn_lib.ml
make[2]: Leaving directory '/root/Targets/bs-platform/node_modules/bs-platform/jscomp/others'
Making others finished
make[1]: Leaving directory '/root/Targets/bs-platform/node_modules/bs-platform/jscomp'
Installing
copy exe
mkdir -p ../bin ../lib/ocaml
cp  ./bin/*.js ./bin/*.exe  ../bin
copy stdlib
cp ./runtime/*.cmt* ./runtime/*.cmj* ./stdlib/*.cm* ./others/*.ml ./others/*.mli  ./others/*.cm* \
 ./runtime/js.ml  ./runtime/js.cmi \
./runtime/js_unsafe.cmi \
./runtime/js_internal.cmi \
./runtime/caml_exceptions.mli ./runtime/caml_exceptions.ml ./runtime/caml_exceptions.cmi \
./runtime/js_null.ml ./runtime/js_null.cmi \
./runtime/js_undefined.ml ./runtime/js_undefined.cmi \
./runtime/js_exn.ml ./runtime/js_exn.mli ./runtime/js_exn.cmi \
./runtime/js_int.ml ./runtime/js_int.cmi \
./runtime/js_float.ml ./runtime/js_float.cmi \
./runtime/js_typed_array.ml ./runtime/js_typed_array.cmi   ../lib/ocaml
cp ./stdlib/*.ml ./stdlib/*.mli ../lib/ocaml
/root/Targets/bs-platform
 bs-platform@1.9.2 

Setup Done exists, not setting up
:../FeatureTester/libs/:/root/Targets/bs-platform/node_modules
Set Default Z3_PATH to ./node_modules/z3javascript/bin/libz3.so
ExpoSE Master: /root/ExpoSE/lib/Harness/src/harness.js max concurrent: 16 max paths: 1000000
Setting timeout to 900000
*** [0 done /0 queued / 1 running / 0 errors / 0% coverage ] ****** [0 done /0 queued / 1 running / 0 errors / 0% coverage ] ****** [1 done /0 queued / 0 running / 1 errors / 33% coverage ] ***
*-- Stat Module Output --*
*-- concretizations: ["defineProperty","bound log"]
*-- Stat Module Done --*
*-- Test Case {"_bound":0} start 0.0835 took 4.7485s
*-- Errors occured in test {"_bound":0}
* Error: Error: Cannot find module 'bs-platform'
*-- Replay with NO_COMPILE=1 expoSE replay '/root/ExpoSE/lib/Harness/src/harness.js' '{"_bound":0}'
*-- Coverage Data
*- File /root/ExpoSE/lib/Harness/src/harness.js. Coverage (Term): 18% Coverage (LOC): 24%
*- File /root/ExpoSE/lib/S$/bin/symbols.js. Coverage (Term): 16% Coverage (LOC): 34%
*- Re-run with EXPOSE_PRINT_COVERAGE=1 to print line by line coverage information
** ExpoSE Finished. 1 paths with 1 errors **
