/root/Targets/buildy
└─┬ buildy@0.0.8 
  ├── csslint@0.9.10 
  ├─┬ handlebars@1.0.12 
  │ ├─┬ optimist@0.3.7 
  │ │ └── wordwrap@0.0.3 
  │ └─┬ uglify-js@2.3.6 
  │   ├── async@0.2.10 
  │   └─┬ source-map@0.1.43 
  │     └── amdefine@1.0.1 
  ├─┬ jslint@0.1.11 
  │ └─┬ nopt@1.0.10 
  │   └── abbrev@1.1.0 
  ├── less@1.2.2 
  ├── mime@1.2.11 
  ├── mkdirp@0.0.7 
  ├── uglify-js@1.2.6 
  └─┬ winston@0.5.11 
    ├── async@0.1.22 
    ├── colors@0.6.2 
    ├── eyes@0.1.8 
    ├─┬ loggly@0.3.11 
    │ ├── request@2.9.203 
    │ └── timespan@2.3.0 
    ├── pkginfo@0.2.3 
    └── stack-trace@0.0.10 

Setup Done exists, not setting up
:../FeatureTester/libs/:/root/Targets/buildy/node_modules
Set Default Z3_PATH to ./node_modules/z3javascript/bin/libz3.so
ExpoSE Master: /root/ExpoSE/lib/Harness/src/harness.js max concurrent: 16 max paths: 1000000
Setting timeout to 900000
*** [0 done /0 queued / 1 running / 0 errors / 0% coverage ] ****** [0 done /0 queued / 1 running / 0 errors / 0% coverage ] ****** [1 done /0 queued / 0 running / 1 errors / 18% coverage ] ***
*-- Stat Module Output --*
*-- concretizations: ["defineProperty","bound log","call","isArray","parse"]
*-- Stat Module Done --*
*-- Test Case {"_bound":0} start 0.1406 took 10.2264s
*-- Errors occured in test {"_bound":0}
* Error: TypeError: Object.prototype.__defineGetter__: Expecting function
*-- Replay with NO_COMPILE=1 expoSE replay '/root/ExpoSE/lib/Harness/src/harness.js' '{"_bound":0}'
*-- Coverage Data
*- File /root/ExpoSE/lib/Harness/src/harness.js. Coverage (Term): 18% Coverage (LOC): 24%
*- File /root/ExpoSE/lib/S$/bin/symbols.js. Coverage (Term): 16% Coverage (LOC): 34%
*- File /root/Targets/buildy/node_modules/buildy/lib/buildy.js. Coverage (Term): 56% Coverage (LOC): 83%
*- File /root/Targets/buildy/node_modules/buildy/lib/buildy/queue.js. Coverage (Term): 4% Coverage (LOC): 3%
*- File /root/Targets/buildy/node_modules/winston/lib/winston.js. Coverage (Term): 10% Coverage (LOC): 9%
*- File /root/Targets/buildy/node_modules/pkginfo/lib/pkginfo.js. Coverage (Term): 85% Coverage (LOC): 91%
*- File /root/Targets/buildy/node_modules/winston/lib/winston/transports.js. Coverage (Term): 31% Coverage (LOC): 31%
*- File /root/Targets/buildy/node_modules/winston/lib/winston/common.js. Coverage (Term): 3% Coverage (LOC): 3%
*- File /root/Targets/buildy/node_modules/winston/lib/winston/config.js. Coverage (Term): 13% Coverage (LOC): 20%
*- File /root/Targets/buildy/node_modules/colors/colors.js. Coverage (Term): 9% Coverage (LOC): 10%
*- Re-run with EXPOSE_PRINT_COVERAGE=1 to print line by line coverage information
** ExpoSE Finished. 1 paths with 1 errors **
