/root/Targets/can-stache-moment
└─┬ can-stache-moment@3.0.1 
  ├─┬ can-stache@3.8.0 
  │ ├── can-attribute-encoder@0.3.0 
  │ ├─┬ can-compute@3.3.4 
  │ │ ├── can-cid@1.1.0 
  │ │ ├── can-event@3.7.4 
  │ │ └─┬ can-types@1.1.3 
  │ │   └── can-log@0.1.0 
  │ ├── can-namespace@1.0.0 
  │ ├── can-observation@3.3.5 
  │ ├── can-reflect@1.4.2 
  │ ├─┬ can-route@3.2.3 
  │ │ ├── can-deparam@1.0.1 
  │ │ ├── can-param@1.0.1 
  │ │ └── can-simple-map@3.3.1 
  │ ├─┬ can-stache-key@0.1.0 
  │ │ └── can-reflect-promise@1.1.4 
  │ ├── can-symbol@1.2.0 
  │ ├─┬ can-util@3.10.9 
  │ │ ├── can-ajax@1.0.8 
  │ │ ├── can-assign@1.0.0 
  │ │ ├── can-dom-data-state@0.1.1 
  │ │ ├─┬ can-event-dom-enter@1.0.2 
  │ │ │ └── can-dom-events@1.0.4 
  │ │ ├── can-event-dom-radiochange@1.0.2 
  │ │ ├── can-globals@0.2.2 
  │ │ └── can-parse-uri@1.0.0 
  │ ├── can-view-callbacks@3.2.0 
  │ ├── can-view-live@3.2.3 
  │ ├── can-view-nodelist@3.1.0 
  │ ├── can-view-parser@3.5.0 
  │ ├─┬ can-view-scope@3.3.5 
  │ │ └── can-construct@3.2.1 
  │ └── can-view-target@3.1.4 
  └── moment@2.18.1 

Setup Done exists, not setting up
:../FeatureTester/libs/:/root/Targets/can-stache-moment/node_modules
Set Default Z3_PATH to ./node_modules/z3javascript/bin/libz3.so
ExpoSE Master: /root/ExpoSE/lib/Harness/src/harness.js max concurrent: 16 max paths: 1000000
Setting timeout to 900000
*** [0 done /0 queued / 1 running / 0 errors / 0% coverage ] ****** [0 done /0 queued / 1 running / 0 errors / 0% coverage ] ****** [1 done /0 queued / 0 running / 1 errors / 33% coverage ] ***
*-- Stat Module Output --*
*-- concretizations: ["defineProperty","bound log"]
*-- Stat Module Done --*
*-- Test Case {"_bound":0} start 0.0514 took 4.1871s
*-- Errors occured in test {"_bound":0}
* Error: Error: Cannot find module 'can-stache-moment'
*-- Replay with NO_COMPILE=1 expoSE replay '/root/ExpoSE/lib/Harness/src/harness.js' '{"_bound":0}'
*-- Coverage Data
*- File /root/ExpoSE/lib/Harness/src/harness.js. Coverage (Term): 18% Coverage (LOC): 24%
*- File /root/ExpoSE/lib/S$/bin/symbols.js. Coverage (Term): 16% Coverage (LOC): 34%
*- Re-run with EXPOSE_PRINT_COVERAGE=1 to print line by line coverage information
** ExpoSE Finished. 1 paths with 1 errors **
