/root/Targets/canvas-native
└─┬ canvas-native@2.4.3 
  ├─┬ markdown-it@5.1.0 
  │ ├─┬ argparse@1.0.9 
  │ │ └── sprintf-js@1.0.3 
  │ ├── entities@1.1.1 
  │ ├── linkify-it@1.2.4 
  │ ├── mdurl@1.0.1 
  │ └── uc.micro@1.0.3 
  ├─┬ markdown-it-checkbox@1.1.0 
  │ └── underscore@1.8.3 
  └── remove-markdown@0.0.6 

Setup Done exists, not setting up
:../FeatureTester/libs/:/root/Targets/canvas-native/node_modules
Set Default Z3_PATH to ./node_modules/z3javascript/bin/libz3.so
ExpoSE Master: /root/ExpoSE/lib/Harness/src/harness.js max concurrent: 16 max paths: 1000000
Setting timeout to 900000
*** [0 done /0 queued / 1 running / 0 errors / 0% coverage ] ****** [0 done /0 queued / 1 running / 0 errors / 0% coverage ] ****** [1 done /0 queued / 0 running / 1 errors / 33% coverage ] ***
*-- Stat Module Output --*
*-- concretizations: ["defineProperty","bound log"]
*-- Stat Module Done --*
*-- Test Case {"_bound":0} start 0.0616 took 5.7445s
*-- Errors occured in test {"_bound":0}
* Error: Error: Cannot find module 'canvas-native'
*-- Replay with NO_COMPILE=1 expoSE replay '/root/ExpoSE/lib/Harness/src/harness.js' '{"_bound":0}'
*-- Coverage Data
*- File /root/ExpoSE/lib/Harness/src/harness.js. Coverage (Term): 18% Coverage (LOC): 24%
*- File /root/ExpoSE/lib/S$/bin/symbols.js. Coverage (Term): 16% Coverage (LOC): 34%
*- Re-run with EXPOSE_PRINT_COVERAGE=1 to print line by line coverage information
** ExpoSE Finished. 1 paths with 1 errors **
