/root/Targets/castleblack
└─┬ castleblack@0.0.0 
  ├── angular2@2.0.0-beta.2 
  ├── es6-promise@3.3.1 
  ├── es6-shim@0.33.13 
  ├── reflect-metadata@0.1.2 
  ├── rxjs@5.0.0-beta.0 
  ├─┬ systemjs@0.19.6 
  │ ├── es6-module-loader@0.17.11 
  │ └── when@3.7.8 
  ├─┬ traceur@0.0.102 
  │ ├── commander@2.6.0 
  │ ├─┬ glob@4.3.5 
  │ │ ├─┬ inflight@1.0.6 
  │ │ │ └── wrappy@1.0.2 
  │ │ ├── inherits@2.0.3 
  │ │ ├─┬ minimatch@2.0.10 
  │ │ │ └─┬ brace-expansion@1.1.8 
  │ │ │   ├── balanced-match@1.0.0 
  │ │ │   └── concat-map@0.0.1 
  │ │ └── once@1.4.0 
  │ ├── rsvp@3.6.2 
  │ ├── semver@4.3.2 
  │ └─┬ source-map-support@0.2.10 
  │   └─┬ source-map@0.1.32 
  │     └── amdefine@1.0.1 
  └── zone.js@0.5.10 

Setup Done exists, not setting up
:../FeatureTester/libs/:/root/Targets/castleblack/node_modules
Set Default Z3_PATH to ./node_modules/z3javascript/bin/libz3.so
ExpoSE Master: /root/ExpoSE/lib/Harness/src/harness.js max concurrent: 16 max paths: 1000000
Setting timeout to 900000
*** [0 done /0 queued / 1 running / 0 errors / 0% coverage ] ****** [0 done /0 queued / 1 running / 0 errors / 0% coverage ] ****** [1 done /0 queued / 0 running / 1 errors / 33% coverage ] ***
*-- Stat Module Output --*
*-- concretizations: ["defineProperty","bound log"]
*-- Stat Module Done --*
*-- Test Case {"_bound":0} start 0.0405 took 4.7933s
*-- Errors occured in test {"_bound":0}
* Error: Error: Cannot find module 'castleblack'
*-- Replay with NO_COMPILE=1 expoSE replay '/root/ExpoSE/lib/Harness/src/harness.js' '{"_bound":0}'
*-- Coverage Data
*- File /root/ExpoSE/lib/Harness/src/harness.js. Coverage (Term): 18% Coverage (LOC): 24%
*- File /root/ExpoSE/lib/S$/bin/symbols.js. Coverage (Term): 16% Coverage (LOC): 34%
*- Re-run with EXPOSE_PRINT_COVERAGE=1 to print line by line coverage information
** ExpoSE Finished. 1 paths with 1 errors **
