/root/Targets/choy
└─┬ choy@0.0.0 
  ├─┬ express@3.1.2 
  │ ├── buffer-crc32@0.2.13 
  │ ├── commander@0.6.1 
  │ ├─┬ connect@2.7.5 
  │ │ ├── buffer-crc32@0.1.1 
  │ │ ├── bytes@0.2.0 
  │ │ ├── formidable@1.0.11 
  │ │ ├── pause@0.0.1 
  │ │ └── qs@0.5.1 
  │ ├── cookie@0.0.5 
  │ ├── cookie-signature@1.0.0 
  │ ├─┬ debug@3.0.1 
  │ │ └── ms@2.0.0 
  │ ├── fresh@0.1.0 
  │ ├── methods@0.0.1 
  │ ├── mkdirp@0.3.5 
  │ ├── range-parser@0.0.4 
  │ └─┬ send@0.1.0 
  │   └── mime@1.2.6 
  └── underscore@1.4.4 

Setup Done exists, not setting up
:../FeatureTester/libs/:/root/Targets/choy/node_modules
Set Default Z3_PATH to ./node_modules/z3javascript/bin/libz3.so
ExpoSE Master: /root/ExpoSE/lib/Harness/src/harness.js max concurrent: 16 max paths: 1000000
Setting timeout to 900000
*** [0 done /0 queued / 1 running / 0 errors / 0% coverage ] ****** [0 done /0 queued / 1 running / 0 errors / 0% coverage ] ****** [1 done /0 queued / 0 running / 1 errors / 33% coverage ] ***
*-- Stat Module Output --*
*-- concretizations: ["defineProperty","bound log"]
*-- Stat Module Done --*
*-- Test Case {"_bound":0} start 0.0713 took 5.5248s
*-- Errors occured in test {"_bound":0}
* Error: Error: Cannot find module 'choy'
*-- Replay with NO_COMPILE=1 expoSE replay '/root/ExpoSE/lib/Harness/src/harness.js' '{"_bound":0}'
*-- Coverage Data
*- File /root/ExpoSE/lib/Harness/src/harness.js. Coverage (Term): 18% Coverage (LOC): 24%
*- File /root/ExpoSE/lib/S$/bin/symbols.js. Coverage (Term): 16% Coverage (LOC): 34%
*- Re-run with EXPOSE_PRINT_COVERAGE=1 to print line by line coverage information
** ExpoSE Finished. 1 paths with 1 errors **
