/root/Targets/colony-compiler
└─┬ colony-compiler@1.0.1 
  ├── async@0.9.2 
  ├── colors@0.6.2 
  └─┬ optimist@0.5.2 
    └── wordwrap@0.0.3 

Setup Done exists, not setting up
:../FeatureTester/libs/:/root/Targets/colony-compiler/node_modules
Set Default Z3_PATH to ./node_modules/z3javascript/bin/libz3.so
ExpoSE Master: /root/ExpoSE/lib/Harness/src/harness.js max concurrent: 16 max paths: 1000000
Setting timeout to 900000
*** [0 done /0 queued / 1 running / 0 errors / 0% coverage ] ****** [0 done /0 queued / 1 running / 0 errors / 0% coverage ] ****** [1 done /0 queued / 0 running / 1 errors / 19% coverage ] ***
*-- Stat Module Output --*
*-- concretizations: ["defineProperty","bound log","sort","stringify","Function"]
*-- Stat Module Done --*
*-- Test Case {"_bound":0} start 0.0515 took 15.8124s
*-- Errors occured in test {"_bound":0}
* Error: ReferenceError: require is not defined
*-- Replay with NO_COMPILE=1 expoSE replay '/root/ExpoSE/lib/Harness/src/harness.js' '{"_bound":0}'
*-- Coverage Data
*- File /root/ExpoSE/lib/Harness/src/harness.js. Coverage (Term): 18% Coverage (LOC): 24%
*- File /root/ExpoSE/lib/S$/bin/symbols.js. Coverage (Term): 16% Coverage (LOC): 34%
*- File /root/Targets/colony-compiler/node_modules/colony-compiler/src/index.js. Coverage (Term): 52% Coverage (LOC): 78%
*- File /root/Targets/colony-compiler/node_modules/colony-compiler/src/colonize.js. Coverage (Term): 2% Coverage (LOC): 4%
*- File /root/Targets/colony-compiler/node_modules/colony-compiler/src/acorn_mod.js. Coverage (Term): 13% Coverage (LOC): 22%
*- File evalIndirect. Coverage (Term): 2% Coverage (LOC): 2%
*- Re-run with EXPOSE_PRINT_COVERAGE=1 to print line by line coverage information
** ExpoSE Finished. 1 paths with 1 errors **
