
> cornerstone-cli@1.0.0 install /root/Targets/cornerstone-cli/node_modules/cornerstone-cli
> npm install -g jamjs && jamrc-updator && npm install -g grunt-cli

/root/.nvm/versions/node/v7.5.0/bin/jam -> /root/.nvm/versions/node/v7.5.0/lib/node_modules/jamjs/bin/jam.js
/root/.nvm/versions/node/v7.5.0/lib
└─┬ jamjs@0.2.17 
  ├── almond@0.2.5 
  ├── async@0.1.22 
  ├─┬ fstream@0.1.31 
  │ ├─┬ graceful-fs@3.0.11 
  │ │ └── natives@1.1.0 
  │ ├── inherits@2.0.3 
  │ └─┬ mkdirp@0.5.1 
  │   └── minimist@0.0.8 
  ├─┬ fstream-ignore@0.0.10 
  │ ├── inherits@2.0.3 
  │ └── minimatch@0.3.0 
  ├── inherits@1.0.2 
  ├── mime@1.2.11 
  ├─┬ minimatch@0.2.14 
  │ ├── lru-cache@2.7.3 
  │ └── sigmund@1.0.1 
  ├── mkdirp@0.3.5 
  ├── ncp@0.2.7 
  ├─┬ prompt@0.2.1 
  │ ├── colors@0.6.2 
  │ ├── pkginfo@0.4.1 
  │ ├── revalidator@0.1.8 
  │ ├─┬ utile@0.1.7 
  │ │ ├── deep-equal@1.0.1 
  │ │ ├── i@0.3.5 
  │ │ └── rimraf@1.0.9 
  │ └─┬ winston@0.6.2 
  │   ├── cycle@1.0.3 
  │   ├── eyes@0.1.8 
  │   ├── pkginfo@0.2.3 
  │   └── stack-trace@0.0.10 
  ├── request@2.9.203 
  ├── requirejs@2.1.4 
  ├─┬ rimraf@2.0.3 
  │ └── graceful-fs@1.1.14 
  ├── semver@1.0.14 
  ├─┬ tar@0.1.20 
  │ ├─┬ block-stream@0.0.9 
  │ │ └── inherits@2.0.3 
  │ └── inherits@2.0.3 
  └── underscore@1.3.3 

/root/.nvm/versions/node/v7.5.0/bin/grunt -> /root/.nvm/versions/node/v7.5.0/lib/node_modules/grunt-cli/bin/grunt
/root/.nvm/versions/node/v7.5.0/lib
└─┬ grunt-cli@1.2.0 
  ├─┬ findup-sync@0.3.0 
  │ └─┬ glob@5.0.15 
  │   ├─┬ inflight@1.0.6 
  │   │ └── wrappy@1.0.2 
  │   ├── inherits@2.0.3 
  │   ├─┬ minimatch@3.0.4 
  │   │ └─┬ brace-expansion@1.1.8 
  │   │   ├── balanced-match@1.0.0 
  │   │   └── concat-map@0.0.1 
  │   ├── once@1.4.0 
  │   └── path-is-absolute@1.0.1 
  ├── grunt-known-options@1.1.0 
  ├─┬ nopt@3.0.6 
  │ └── abbrev@1.1.0 
  └── resolve@1.1.7 

/root/Targets/cornerstone-cli
└─┬ cornerstone-cli@1.0.0 
  ├─┬ grunt@0.4.5 
  │ ├── async@0.1.22 
  │ ├── coffee-script@1.3.3 
  │ ├── colors@0.6.2 
  │ ├── dateformat@1.0.2-1.2.3 
  │ ├── eventemitter2@0.4.14 
  │ ├── exit@0.1.2 
  │ ├─┬ findup-sync@0.1.3 
  │ │ ├─┬ glob@3.2.11 
  │ │ │ ├── inherits@2.0.3 
  │ │ │ └── minimatch@0.3.0 
  │ │ └── lodash@2.4.2 
  │ ├── getobject@0.1.0 
  │ ├─┬ glob@3.1.21 
  │ │ ├── graceful-fs@1.2.3 
  │ │ └── inherits@1.0.2 
  │ ├─┬ grunt-legacy-log@0.1.3 
  │ │ ├─┬ grunt-legacy-log-utils@0.1.1 
  │ │ │ ├── lodash@2.4.2 
  │ │ │ └── underscore.string@2.3.3 
  │ │ ├── lodash@2.4.2 
  │ │ └── underscore.string@2.3.3 
  │ ├── grunt-legacy-util@0.2.0 
  │ ├── hooker@0.2.3 
  │ ├── iconv-lite@0.2.11 
  │ ├─┬ js-yaml@2.0.5 
  │ │ ├─┬ argparse@0.1.16 
  │ │ │ ├── underscore@1.7.0 
  │ │ │ └── underscore.string@2.4.0 
  │ │ └── esprima@1.0.4 
  │ ├── lodash@0.9.2 
  │ ├─┬ minimatch@0.2.14 
  │ │ ├── lru-cache@2.7.3 
  │ │ └── sigmund@1.0.1 
  │ ├─┬ nopt@1.0.10 
  │ │ └── abbrev@1.1.0 
  │ ├── rimraf@2.2.8 
  │ ├── underscore.string@2.2.1 
  │ └── which@1.0.9 
  └── underscore@1.5.2 

Setup Done exists, not setting up
:../FeatureTester/libs/:/root/Targets/cornerstone-cli/node_modules
Set Default Z3_PATH to ./node_modules/z3javascript/bin/libz3.so
ExpoSE Master: /root/ExpoSE/lib/Harness/src/harness.js max concurrent: 16 max paths: 1000000
Setting timeout to 900000
*** [0 done /0 queued / 1 running / 0 errors / 0% coverage ] ****** [0 done /0 queued / 1 running / 0 errors / 0% coverage ] ****** [1 done /0 queued / 0 running / 1 errors / 33% coverage ] ***
*-- Stat Module Output --*
*-- concretizations: ["defineProperty","bound log"]
*-- Stat Module Done --*
*-- Test Case {"_bound":0} start 0.0416 took 3.7996s
*-- Errors occured in test {"_bound":0}
* Error: Error: Cannot find module 'cornerstone-cli'
*-- Replay with NO_COMPILE=1 expoSE replay '/root/ExpoSE/lib/Harness/src/harness.js' '{"_bound":0}'
*-- Coverage Data
*- File /root/ExpoSE/lib/Harness/src/harness.js. Coverage (Term): 18% Coverage (LOC): 24%
*- File /root/ExpoSE/lib/S$/bin/symbols.js. Coverage (Term): 16% Coverage (LOC): 34%
*- Re-run with EXPOSE_PRINT_COVERAGE=1 to print line by line coverage information
** ExpoSE Finished. 1 paths with 1 errors **
