/root/Targets/cqaso-canvg
└─┬ cqaso-canvg@1.0.0 
  ├── rgbcolor@0.0.4 
  └── stackblur@1.0.0 

Setup Done exists, not setting up
:../FeatureTester/libs/:/root/Targets/cqaso-canvg/node_modules
Set Default Z3_PATH to ./node_modules/z3javascript/bin/libz3.so
ExpoSE Master: /root/ExpoSE/lib/Harness/src/harness.js max concurrent: 16 max paths: 1000000
Setting timeout to 900000
*** [0 done /0 queued / 1 running / 0 errors / 0% coverage ] ****** [0 done /0 queued / 1 running / 0 errors / 0% coverage ] ****** [1 done /0 queued / 0 running / 1 errors / 15% coverage ] ***
*-- Stat Module Output --*
*-- concretizations: ["defineProperty","bound log"]
*-- Stat Module Done --*
*-- Test Case {"_bound":0} start 0.0484 took 23.1945s
*-- Errors occured in test {"_bound":0}
* Error: ReferenceError: Element is not defined
*-- Replay with NO_COMPILE=1 expoSE replay '/root/ExpoSE/lib/Harness/src/harness.js' '{"_bound":0}'
*-- Coverage Data
*- File /root/ExpoSE/lib/Harness/src/harness.js. Coverage (Term): 18% Coverage (LOC): 24%
*- File /root/ExpoSE/lib/S$/bin/symbols.js. Coverage (Term): 16% Coverage (LOC): 34%
*- File /root/Targets/cqaso-canvg/node_modules/cqaso-canvg/canvg.js. Coverage (Term): 0% Coverage (LOC): 0%
*- File /root/Targets/cqaso-canvg/node_modules/rgbcolor/index.js. Coverage (Term): 2% Coverage (LOC): 2%
*- File /root/Targets/cqaso-canvg/node_modules/stackblur/index.js. Coverage (Term): 31% Coverage (LOC): 75%
*- Re-run with EXPOSE_PRINT_COVERAGE=1 to print line by line coverage information
** ExpoSE Finished. 1 paths with 1 errors **
