
> ws@0.4.32 install /root/Targets/crafty/node_modules/ws
> (node-gyp rebuild 2> builderror.log) || (exit 0)

make: Entering directory '/root/Targets/crafty/node_modules/ws/build'
  CXX(target) Release/obj.target/bufferutil/src/bufferutil.o
bufferutil.target.mk:96: recipe for target 'Release/obj.target/bufferutil/src/bufferutil.o' failed
make: Leaving directory '/root/Targets/crafty/node_modules/ws/build'
/root/Targets/crafty
└─┬ crafty@0.1.1 
  ├── backbone@1.1.2 
  ├── bluebird@1.1.0 
  ├─┬ express@3.5.0 
  │ ├── buffer-crc32@0.2.1 
  │ ├─┬ commander@1.3.2 
  │ │ └── keypress@0.1.0 
  │ ├─┬ connect@2.14.1 
  │ │ ├── basic-auth-connect@1.0.0 
  │ │ ├── bytes@0.2.1 
  │ │ ├─┬ compression@1.0.0 
  │ │ │ ├── compressible@1.0.0 
  │ │ │ └── negotiator@0.3.0 
  │ │ ├── connect-timeout@1.0.0 
  │ │ ├─┬ cookie-parser@1.0.1 
  │ │ │ └── cookie@0.1.0 
  │ │ ├─┬ csurf@1.0.0 
  │ │ │ └── uid2@0.0.3 
  │ │ ├── errorhandler@1.0.0 
  │ │ ├─┬ express-session@1.0.2 
  │ │ │ ├── cookie@0.1.0 
  │ │ │ ├── debug@0.7.4 
  │ │ │ └── utils-merge@1.0.0 
  │ │ ├── method-override@1.0.0 
  │ │ ├── morgan@1.0.0 
  │ │ ├─┬ multiparty@2.2.0 
  │ │ │ ├─┬ readable-stream@1.1.14 
  │ │ │ │ ├── core-util-is@1.0.2 
  │ │ │ │ ├── inherits@2.0.3 
  │ │ │ │ ├── isarray@0.0.1 
  │ │ │ │ └── string_decoder@0.10.31 
  │ │ │ └── stream-counter@0.2.0 
  │ │ ├── pause@0.0.1 
  │ │ ├── qs@0.6.6 
  │ │ ├── raw-body@1.1.3 
  │ │ ├── response-time@1.0.0 
  │ │ ├─┬ serve-index@1.0.1 
  │ │ │ ├── batch@0.5.0 
  │ │ │ └── negotiator@0.4.2 
  │ │ ├── serve-static@1.0.2 
  │ │ ├── static-favicon@1.0.0 
  │ │ └── vhost@1.0.0 
  │ ├── cookie@0.1.1 
  │ ├── cookie-signature@1.0.3 
  │ ├── debug@0.8.1 
  │ ├── fresh@0.2.2 
  │ ├── merge-descriptors@0.0.2 
  │ ├── methods@0.1.0 
  │ ├── range-parser@1.0.0 
  │ └─┬ send@0.2.0 
  │   └── mime@1.2.11 
  ├── jquery@2.1.0 
  ├── mkdirp@0.3.5 
  ├── moment@2.5.1 
  ├── nbt@0.1.0 
  ├── page@1.3.7 
  ├─┬ socket.io@0.9.16 
  │ ├── base64id@0.1.0 
  │ ├── policyfile@0.0.4 
  │ ├── redis@0.7.3 
  │ └─┬ socket.io-client@0.9.16 
  │   ├─┬ active-x-obfuscator@0.0.1 
  │   │ └── zeparser@0.0.5 
  │   ├── uglify-js@1.2.5 
  │   ├─┬ ws@0.4.32 
  │   │ ├── commander@2.1.0 
  │   │ ├── nan@1.0.0 
  │   │ ├── options@0.0.6 
  │   │ └── tinycolor@0.0.1 
  │   └── xmlhttprequest@1.4.2 
  └── underscore@1.6.0 

Setup Done exists, not setting up
:../FeatureTester/libs/:/root/Targets/crafty/node_modules
Set Default Z3_PATH to ./node_modules/z3javascript/bin/libz3.so
ExpoSE Master: /root/ExpoSE/lib/Harness/src/harness.js max concurrent: 16 max paths: 1000000
Setting timeout to 900000
*** [0 done /0 queued / 1 running / 0 errors / 0% coverage ] ****** [0 done /0 queued / 1 running / 0 errors / 0% coverage ] ****** [1 done /0 queued / 0 running / 1 errors / 33% coverage ] ***
*-- Stat Module Output --*
*-- concretizations: ["defineProperty","bound log"]
*-- Stat Module Done --*
*-- Test Case {"_bound":0} start 0.0682 took 2.3131s
*-- Errors occured in test {"_bound":0}
* Error: Error: Cannot find module 'crafty'
*-- Replay with NO_COMPILE=1 expoSE replay '/root/ExpoSE/lib/Harness/src/harness.js' '{"_bound":0}'
*-- Coverage Data
*- File /root/ExpoSE/lib/Harness/src/harness.js. Coverage (Term): 18% Coverage (LOC): 24%
*- File /root/ExpoSE/lib/S$/bin/symbols.js. Coverage (Term): 16% Coverage (LOC): 34%
*- Re-run with EXPOSE_PRINT_COVERAGE=1 to print line by line coverage information
** ExpoSE Finished. 1 paths with 1 errors **
