/root/Targets/cream-soda
└─┬ cream-soda@6.0.13 
  ├── @types/chalk@0.4.31 
  ├── @types/node@6.0.88 
  ├── @types/on-finished@2.3.1 
  ├── @types/on-headers@2.1.30 
  ├── @types/strftime@0.9.2 
  ├─┬ chalk@1.1.3 
  │ ├── ansi-styles@2.2.1 
  │ ├── escape-string-regexp@1.0.5 
  │ ├─┬ has-ansi@2.0.0 
  │ │ └── ansi-regex@2.1.1 
  │ ├── strip-ansi@3.0.1 
  │ └── supports-color@2.0.0 
  ├─┬ on-finished@2.3.0 
  │ └── ee-first@1.1.1 
  ├── on-headers@1.0.1 
  └── strftime@0.9.2 

Setup Done exists, not setting up
:../FeatureTester/libs/:/root/Targets/cream-soda/node_modules
Set Default Z3_PATH to ./node_modules/z3javascript/bin/libz3.so
ExpoSE Master: /root/ExpoSE/lib/Harness/src/harness.js max concurrent: 16 max paths: 1000000
Setting timeout to 900000
*** [0 done /0 queued / 1 running / 0 errors / 0% coverage ] ****** [0 done /0 queued / 1 running / 0 errors / 0% coverage ] ****** [1 done /0 queued / 0 running / 1 errors / 32% coverage ] ***
*-- Stat Module Output --*
*-- concretizations: ["defineProperty","bound log"]
*-- Stat Module Done --*
*-- Test Case {"_bound":0} start 0.0555 took 1.348s
*-- Errors occured in test {"_bound":0}
* Error: ReferenceError: creamSoda is not defined
*-- Replay with NO_COMPILE=1 expoSE replay '/root/ExpoSE/lib/Harness/src/harness.js' '{"_bound":0}'
*-- Coverage Data
*- File /root/ExpoSE/lib/Harness/src/harness.js. Coverage (Term): 18% Coverage (LOC): 24%
*- File /root/ExpoSE/lib/S$/bin/symbols.js. Coverage (Term): 16% Coverage (LOC): 34%
*- File /root/Targets/cream-soda/node_modules/cream-soda/index.js. Coverage (Term): 15% Coverage (LOC): 20%
*- Re-run with EXPOSE_PRINT_COVERAGE=1 to print line by line coverage information
** ExpoSE Finished. 1 paths with 1 errors **
