/root/Targets/csom-node
└─┬ csom-node@0.1.6 
  ├─┬ xml2js@0.4.19 
  │ ├── sax@1.2.4 
  │ └── xmlbuilder@9.0.4 
  └── xmlhttprequest@1.8.0 

Setup Done exists, not setting up
:../FeatureTester/libs/:/root/Targets/csom-node/node_modules
Set Default Z3_PATH to ./node_modules/z3javascript/bin/libz3.so
ExpoSE Master: /root/ExpoSE/lib/Harness/src/harness.js max concurrent: 16 max paths: 1000000
Setting timeout to 900000
*** [0 done /0 queued / 1 running / 0 errors / 0% coverage ] ****** [0 done /0 queued / 1 running / 0 errors / 0% coverage ] ****** [1 done /0 queued / 0 running / 1 errors / 19% coverage ] ***
*-- Stat Module Output --*
*-- concretizations: ["defineProperty","bound log"]
*-- Stat Module Done --*
*-- Test Case {"_bound":0} start 0.068 took 6.3347s
*-- Errors occured in test {"_bound":0}
* Error: SyntaxError: Unexpected token .
*-- Replay with NO_COMPILE=1 expoSE replay '/root/ExpoSE/lib/Harness/src/harness.js' '{"_bound":0}'
*-- Coverage Data
*- File /root/ExpoSE/lib/Harness/src/harness.js. Coverage (Term): 18% Coverage (LOC): 24%
*- File /root/ExpoSE/lib/S$/bin/symbols.js. Coverage (Term): 16% Coverage (LOC): 34%
*- File /root/Targets/csom-node/node_modules/csom-node/lib/csom-loader.js. Coverage (Term): 25% Coverage (LOC): 11%
*- File /root/Targets/csom-node/node_modules/csom-node/lib/request-utilities.js. Coverage (Term): 16% Coverage (LOC): 21%
*- File /root/Targets/csom-node/node_modules/csom-node/lib/csom-settings.js. Coverage (Term): 98% Coverage (LOC): 100%
*- File /root/Targets/csom-node/node_modules/csom-node/lib/csom-dependencies.js. Coverage (Term): 14% Coverage (LOC): 17%
*- File /root/Targets/csom-node/node_modules/csom-node/lib/xmlhttprequest-proxy.js. Coverage (Term): 56% Coverage (LOC): 57%
*- File /root/Targets/csom-node/node_modules/xmlhttprequest/lib/XMLHttpRequest.js. Coverage (Term): 2% Coverage (LOC): 2%
*- Re-run with EXPOSE_PRINT_COVERAGE=1 to print line by line coverage information
** ExpoSE Finished. 1 paths with 1 errors **
