/root/Targets/cyclejs-aws-iot-driver
└── cyclejs-aws-iot-driver@0.0.5 

Setup Done exists, not setting up
:../FeatureTester/libs/:/root/Targets/cyclejs-aws-iot-driver/node_modules
Set Default Z3_PATH to ./node_modules/z3javascript/bin/libz3.so
ExpoSE Master: /root/ExpoSE/lib/Harness/src/harness.js max concurrent: 16 max paths: 1000000
Setting timeout to 900000
*** [0 done /0 queued / 1 running / 0 errors / 0% coverage ] ****** [0 done /0 queued / 1 running / 0 errors / 0% coverage ] ****** [1 done /0 queued / 0 running / 1 errors / 31% coverage ] ***
*-- Stat Module Output --*
*-- concretizations: ["defineProperty","bound log","create","sqrt","pow"]
*-- Stat Module Done --*
*-- Test Case {"_bound":0} start 0.0557 took 6.2641s
*-- Errors occured in test {"_bound":0}
* Error: TypeError: Function.prototype.apply was called on undefined, which is a undefined and not a function
*-- Replay with NO_COMPILE=1 expoSE replay '/root/ExpoSE/lib/Harness/src/harness.js' '{"_bound":0}'
*-- Coverage Data
*- File /root/ExpoSE/lib/Harness/src/harness.js. Coverage (Term): 18% Coverage (LOC): 24%
*- File /root/ExpoSE/lib/S$/bin/symbols.js. Coverage (Term): 16% Coverage (LOC): 34%
*- File /root/Targets/cyclejs-aws-iot-driver/node_modules/cyclejs-aws-iot-driver/lib/index.js. Coverage (Term): 8% Coverage (LOC): 11%
*- File /root/Targets/cyclejs-aws-iot-driver/node_modules/cyclejs-aws-iot-driver/lib/sig.js. Coverage (Term): 9% Coverage (LOC): 15%
*- File /root/Targets/cyclejs-aws-iot-driver/node_modules/crypto-js/hmac-sha256.js. Coverage (Term): 45% Coverage (LOC): 47%
*- File /root/Targets/cyclejs-aws-iot-driver/node_modules/crypto-js/core.js. Coverage (Term): 18% Coverage (LOC): 36%
*- File /root/Targets/cyclejs-aws-iot-driver/node_modules/crypto-js/sha256.js. Coverage (Term): 28% Coverage (LOC): 43%
*- Re-run with EXPOSE_PRINT_COVERAGE=1 to print line by line coverage information
** ExpoSE Finished. 1 paths with 1 errors **
