/root/Targets/d3-jsnext
└── d3-jsnext@3.5.5 

Setup Done exists, not setting up
:../FeatureTester/libs/:/root/Targets/d3-jsnext/node_modules
Set Default Z3_PATH to ./node_modules/z3javascript/bin/libz3.so
ExpoSE Master: /root/ExpoSE/lib/Harness/src/harness.js max concurrent: 16 max paths: 1000000
Setting timeout to 900000
*** [0 done /0 queued / 1 running / 0 errors / 0% coverage ] ****** [0 done /0 queued / 1 running / 0 errors / 0% coverage ] ****** [1 done /0 queued / 0 running / 1 errors / 33% coverage ] ***
*-- Stat Module Output --*
*-- concretizations: ["defineProperty","bound log","Error"]
*-- Stat Module Done --*
*-- Test Case {"_bound":0} start 0.0648 took 3.492s
*-- Errors occured in test {"_bound":0}
* Error: Error: This is not the d3 you are looking for! Configure your module bundler to use the jsnext:main field - see https://github.com/rollup/rollup/wiki/jsnext:main for more info
*-- Replay with NO_COMPILE=1 expoSE replay '/root/ExpoSE/lib/Harness/src/harness.js' '{"_bound":0}'
*-- Coverage Data
*- File /root/ExpoSE/lib/Harness/src/harness.js. Coverage (Term): 18% Coverage (LOC): 24%
*- File /root/ExpoSE/lib/S$/bin/symbols.js. Coverage (Term): 16% Coverage (LOC): 34%
*- File /root/Targets/d3-jsnext/node_modules/d3-jsnext/index.js. Coverage (Term): 95% Coverage (LOC): 100%
*- Re-run with EXPOSE_PRINT_COVERAGE=1 to print line by line coverage information
** ExpoSE Finished. 1 paths with 1 errors **
