/root/Targets/dbuilder
└─┬ dbuilder@1.2.3 
  ├─┬ babel-runtime@6.26.0 
  │ ├── core-js@2.5.1 
  │ └── regenerator-runtime@0.11.0 
  ├─┬ dockerode@2.5.1 
  │ ├─┬ concat-stream@1.5.2 
  │ │ ├── inherits@2.0.3 
  │ │ ├─┬ readable-stream@2.0.6 
  │ │ │ ├── core-util-is@1.0.2 
  │ │ │ ├── isarray@1.0.0 
  │ │ │ ├── process-nextick-args@1.0.7 
  │ │ │ ├── string_decoder@0.10.31 
  │ │ │ └── util-deprecate@1.0.2 
  │ │ └── typedarray@0.0.6 
  │ ├─┬ docker-modem@1.0.2 
  │ │ ├─┬ debug@2.6.9 
  │ │ │ └── ms@2.0.0 
  │ │ ├─┬ JSONStream@0.10.0 
  │ │ │ └── jsonparse@0.0.5 
  │ │ ├─┬ readable-stream@1.0.34 
  │ │ │ └── isarray@0.0.1 
  │ │ └── split-ca@1.0.1 
  │ └─┬ tar-fs@1.12.0 
  │   ├─┬ mkdirp@0.5.1 
  │   │ └── minimist@0.0.8 
  │   └─┬ tar-stream@1.5.4 
  │     └── bl@1.2.1 
  ├─┬ dockerode-build@1.1.6 
  │ ├── end-of-stream@1.4.0 
  │ ├─┬ fs-access@1.0.1 
  │ │ └── null-check@1.0.0 
  │ ├─┬ JSONStream@1.3.1 
  │ │ ├── jsonparse@1.3.1 
  │ │ └── through@2.3.8 
  │ ├─┬ minimatch@3.0.4 
  │ │ └─┬ brace-expansion@1.1.8 
  │ │   ├── balanced-match@1.0.0 
  │ │   └── concat-map@0.0.1 
  │ ├── minimist@1.2.0 
  │ ├── multiline-update@1.0.0 
  │ ├── split2@1.1.1 
  │ └─┬ through2@2.0.3 
  │   ├─┬ readable-stream@2.3.3 
  │   │ ├── safe-buffer@5.1.1 
  │   │ └── string_decoder@1.0.3 
  │   └── xtend@4.0.1 
  └─┬ pump@1.0.2 
    └─┬ once@1.4.0 
      └── wrappy@1.0.2 

Setup Done exists, not setting up
:../FeatureTester/libs/:/root/Targets/dbuilder/node_modules
Set Default Z3_PATH to ./node_modules/z3javascript/bin/libz3.so
ExpoSE Master: /root/ExpoSE/lib/Harness/src/harness.js max concurrent: 16 max paths: 1000000
Setting timeout to 900000
*** [0 done /0 queued / 1 running / 0 errors / 0% coverage ] ****** [0 done /0 queued / 1 running / 0 errors / 0% coverage ] ****** [1 done /0 queued / 0 running / 1 errors / 22% coverage ] ***
*-- Stat Module Output --*
*-- concretizations: ["defineProperty","bound log","Function"]
*-- Stat Module Done --*
*-- Test Case {"_bound":0} start 0.0393 took 7.3722s
*-- Errors occured in test {"_bound":0}
* Error: ReferenceError: require is not defined
*-- Replay with NO_COMPILE=1 expoSE replay '/root/ExpoSE/lib/Harness/src/harness.js' '{"_bound":0}'
*-- Coverage Data
*- File /root/ExpoSE/lib/Harness/src/harness.js. Coverage (Term): 18% Coverage (LOC): 24%
*- File /root/ExpoSE/lib/S$/bin/symbols.js. Coverage (Term): 16% Coverage (LOC): 34%
*- File /root/Targets/dbuilder/node_modules/dbuilder/dist/index.js. Coverage (Term): 5% Coverage (LOC): 4%
*- File /root/Targets/dbuilder/node_modules/babel-runtime/helpers/typeof.js. Coverage (Term): 14% Coverage (LOC): 35%
*- File /root/Targets/dbuilder/node_modules/babel-runtime/core-js/symbol/iterator.js. Coverage (Term): 73% Coverage (LOC): 83%
*- File /root/Targets/dbuilder/node_modules/core-js/library/fn/symbol/iterator.js. Coverage (Term): 48% Coverage (LOC): 80%
*- File /root/Targets/dbuilder/node_modules/core-js/library/modules/es6.string.iterator.js. Coverage (Term): 27% Coverage (LOC): 30%
*- File /root/Targets/dbuilder/node_modules/core-js/library/modules/_string-at.js. Coverage (Term): 24% Coverage (LOC): 50%
*- File /root/Targets/dbuilder/node_modules/core-js/library/modules/_to-integer.js. Coverage (Term): 52% Coverage (LOC): 86%
*- File /root/Targets/dbuilder/node_modules/core-js/library/modules/_defined.js. Coverage (Term): 45% Coverage (LOC): 57%
*- File /root/Targets/dbuilder/node_modules/core-js/library/modules/_iter-define.js. Coverage (Term): 8% Coverage (LOC): 8%
*- File /root/Targets/dbuilder/node_modules/core-js/library/modules/_library.js. Coverage (Term): 94% Coverage (LOC): 100%
*- File /root/Targets/dbuilder/node_modules/core-js/library/modules/_export.js. Coverage (Term): 6% Coverage (LOC): 7%
*- File /root/Targets/dbuilder/node_modules/core-js/library/modules/_global.js. Coverage (Term): 55% Coverage (LOC): 80%
*- File evalIndirect. Coverage (Term): 17% Coverage (LOC): 25%
*- Re-run with EXPOSE_PRINT_COVERAGE=1 to print line by line coverage information
** ExpoSE Finished. 1 paths with 1 errors **
