/root/Targets/dd-rc-nstree
├── UNMET PEER DEPENDENCY antd@1.1.0
├─┬ dd-rc-nstree@0.1.8 
│ ├── UNMET PEER DEPENDENCY react@^0.14.5
│ ├─┬ react-custom-scrollbars@3.1.0 
│ │ ├─┬ dom-css@2.1.0 
│ │ │ ├── add-px-to-style@1.0.0 
│ │ │ ├── prefix-style@2.0.1 
│ │ │ └─┬ to-camel-case@1.0.0 
│ │ │   └─┬ to-space-case@1.0.0 
│ │ │     └── to-no-case@1.0.2 
│ │ └─┬ raf@3.3.2 
│ │   └── performance-now@2.1.0 
│ └── UNMET PEER DEPENDENCY react-dom@^0.14.5
├── UNMET PEER DEPENDENCY jquery@2.2.3
├── UNMET PEER DEPENDENCY lodash@4.11.1
├── UNMET PEER DEPENDENCY react@0.14.3
├── UNMET PEER DEPENDENCY react-dom@0.14.3
└── UNMET PEER DEPENDENCY react-router@2.3.0

Setup Done exists, not setting up
:../FeatureTester/libs/:/root/Targets/dd-rc-nstree/node_modules
Set Default Z3_PATH to ./node_modules/z3javascript/bin/libz3.so
ExpoSE Master: /root/ExpoSE/lib/Harness/src/harness.js max concurrent: 16 max paths: 1000000
Setting timeout to 900000
*** [0 done /0 queued / 1 running / 0 errors / 0% coverage ] ****** [0 done /0 queued / 1 running / 0 errors / 0% coverage ] ****** [1 done /0 queued / 0 running / 1 errors / 33% coverage ] ***
*-- Stat Module Output --*
*-- concretizations: ["defineProperty","bound log"]
*-- Stat Module Done --*
*-- Test Case {"_bound":0} start 0.0663 took 4.1528s
*-- Errors occured in test {"_bound":0}
* Error: Error: Cannot find module 'dd-rc-nstree'
*-- Replay with NO_COMPILE=1 expoSE replay '/root/ExpoSE/lib/Harness/src/harness.js' '{"_bound":0}'
*-- Coverage Data
*- File /root/ExpoSE/lib/Harness/src/harness.js. Coverage (Term): 18% Coverage (LOC): 24%
*- File /root/ExpoSE/lib/S$/bin/symbols.js. Coverage (Term): 16% Coverage (LOC): 34%
*- Re-run with EXPOSE_PRINT_COVERAGE=1 to print line by line coverage information
** ExpoSE Finished. 1 paths with 1 errors **
