/root/Targets/democracyos-toggle
└─┬ democracyos-toggle@0.1.0 
  ├─┬ component-classes@1.2.4 
  │ └── component-indexof@0.0.3 
  ├── component-emitter@1.2.0 
  ├─┬ component-events@1.0.9 
  │ ├─┬ component-delegate@0.2.3 
  │ │ └─┬ component-closest@1.0.1 
  │ │   └─┬ component-matches-selector@0.1.6 
  │ │     └── component-query@0.0.3 
  │ └── component-event@0.1.4 
  ├─┬ component-value@1.1.0 
  │ └── component-type@1.2.1 
  ├── democracyos-prevent@0.0.2 
  ├── democracyos-stop@0.0.2 
  ├── domify@1.4.0 
  └─┬ stringify@3.2.1 
    ├─┬ html-minifier@0.6.9 
    │ ├─┬ change-case@2.1.6 
    │ │ ├── camel-case@1.2.2 
    │ │ ├── constant-case@1.1.2 
    │ │ ├── dot-case@1.1.2 
    │ │ ├── is-lower-case@1.1.3 
    │ │ ├── is-upper-case@1.1.2 
    │ │ ├── lower-case@1.1.4 
    │ │ ├── param-case@1.1.2 
    │ │ ├── pascal-case@1.1.2 
    │ │ ├── path-case@1.1.2 
    │ │ ├── sentence-case@1.1.3 
    │ │ ├── snake-case@1.1.2 
    │ │ ├── swap-case@1.1.2 
    │ │ ├── title-case@1.1.2 
    │ │ ├── upper-case@1.1.3 
    │ │ └── upper-case-first@1.1.2 
    │ ├─┬ clean-css@2.2.23 
    │ │ └── commander@2.2.0 
    │ ├─┬ cli@0.6.6 
    │ │ ├── exit@0.1.2 
    │ │ └─┬ glob@3.2.11 
    │ │   ├── inherits@2.0.3 
    │ │   └─┬ minimatch@0.3.0 
    │ │     ├── lru-cache@2.7.3 
    │ │     └── sigmund@1.0.1 
    │ ├── relateurl@0.2.7 
    │ └─┬ uglify-js@2.4.24 
    │   ├── async@0.2.10 
    │   ├─┬ source-map@0.1.34 
    │   │ └── amdefine@1.0.1 
    │   ├── uglify-to-browserify@1.0.2 
    │   └─┬ yargs@3.5.4 
    │     ├── camelcase@1.2.1 
    │     ├── decamelize@1.2.0 
    │     ├── window-size@0.1.0 
    │     └── wordwrap@0.0.2 
    ├─┬ stream-spec@0.3.5 
    │ └── macgyver@1.10.1 
    └── through@2.3.4 

Setup Done exists, not setting up
:../FeatureTester/libs/:/root/Targets/democracyos-toggle/node_modules
Set Default Z3_PATH to ./node_modules/z3javascript/bin/libz3.so
ExpoSE Master: /root/ExpoSE/lib/Harness/src/harness.js max concurrent: 16 max paths: 1000000
Setting timeout to 900000
*** [0 done /0 queued / 1 running / 0 errors / 0% coverage ] ****** [0 done /0 queued / 1 running / 0 errors / 0% coverage ] ****** [1 done /0 queued / 0 running / 1 errors / 28.000000000000004% coverage ] ***
*-- Stat Module Output --*
*-- concretizations: ["defineProperty","bound log"]
*-- Stat Module Done --*
*-- Test Case {"_bound":0} start 0.0518 took 2.8508s
*-- Errors occured in test {"_bound":0}
* Error: Error: Cannot find module 'classes'
*-- Replay with NO_COMPILE=1 expoSE replay '/root/ExpoSE/lib/Harness/src/harness.js' '{"_bound":0}'
*-- Coverage Data
*- File /root/ExpoSE/lib/Harness/src/harness.js. Coverage (Term): 18% Coverage (LOC): 24%
*- File /root/ExpoSE/lib/S$/bin/symbols.js. Coverage (Term): 16% Coverage (LOC): 34%
*- File /root/Targets/democracyos-toggle/node_modules/democracyos-toggle/lib/index.js. Coverage (Term): 7% Coverage (LOC): 9%
*- Re-run with EXPOSE_PRINT_COVERAGE=1 to print line by line coverage information
** ExpoSE Finished. 1 paths with 1 errors **
