/root/Targets/docdown
└─┬ docdown@0.7.2 
  ├─┬ doctrine@2.0.0 
  │ ├── esutils@2.0.2 
  │ └── isarray@1.0.0 
  └── lodash@4.17.4 

Setup Done exists, not setting up
:../FeatureTester/libs/:/root/Targets/docdown/node_modules
Set Default Z3_PATH to ./node_modules/z3javascript/bin/libz3.so
ExpoSE Master: /root/ExpoSE/lib/Harness/src/harness.js max concurrent: 16 max paths: 1000000
Setting timeout to 900000
*** [0 done /0 queued / 1 running / 0 errors / 0% coverage ] ****** [0 done /0 queued / 1 running / 0 errors / 0% coverage ] ****** [1 done /0 queued / 1 running / 0 errors / 39% coverage ] ****** [1 done /0 queued / 1 running / 0 errors / 39% coverage ] ****** [2 done /0 queued / 1 running / 1 errors / 39% coverage ] ****** [2 done /0 queued / 1 running / 1 errors / 39% coverage ] ****** [3 done /0 queued / 1 running / 2 errors / 39% coverage ] ****** [3 done /0 queued / 1 running / 2 errors / 39% coverage ] ****** [4 done /0 queued / 1 running / 3 errors / 39% coverage ] ****** [4 done /0 queued / 1 running / 3 errors / 39% coverage ] ****** [5 done /0 queued / 1 running / 4 errors / 39% coverage ] ****** [5 done /0 queued / 1 running / 4 errors / 39% coverage ] ****** [6 done /1 queued / 1 running / 5 errors / 40% coverage ] ****** [6 done /0 queued / 2 running / 5 errors / 40% coverage ] ****** [6 done /0 queued / 2 running / 5 errors / 40% coverage ] ****** [7 done /0 queued / 1 running / 6 errors / 40% coverage ] ****** [8 done /1 queued / 1 running / 7 errors / 40% coverage ] ****** [8 done /0 queued / 2 running / 7 errors / 40% coverage ] ****** [8 done /0 queued / 2 running / 7 errors / 40% coverage ] ****** [9 done /1 queued / 2 running / 8 errors / 40% coverage ] ****** [9 done /0 queued / 3 running / 8 errors / 40% coverage ] ****** [9 done /0 queued / 3 running / 8 errors / 40% coverage ] ****** [10 done /2 queued / 3 running / 9 errors / 40% coverage ] ****** [10 done /1 queued / 4 running / 9 errors / 40% coverage ] ****** [10 done /0 queued / 5 running / 9 errors / 40% coverage ] ****** [10 done /0 queued / 5 running / 9 errors / 40% coverage ] ***
*-- Stat Module Output --*
*-- concretizations: ["defineProperty","bound log","call","RegExp","join","binding","Object","WeakMap","create","Set","Array","ArrayBuffer","DataView","Map","resolve","max","now","apply","isArray","get","set","sort","toString","bound docdown"]
*-- Stat Module Done --*
*-- Test Case {"_bound":0,"Switcher":false,"Target_Switch_Base":0} start 0.0442 took 123.1551s
*-- Test Case {"Switcher":true,"Target_Switch_Base":0,"_bound":1,"ExpansionArg_type":0} start 124.4402 took 115.3686s
*-- Errors occured in test {"Switcher":true,"Target_Switch_Base":0,"_bound":1,"ExpansionArg_type":0}
* Error: TypeError: Cannot read property 'path' of undefined
*-- Replay with NO_COMPILE=1 expoSE replay '/root/ExpoSE/lib/Harness/src/harness.js' '{"Switcher":true,"Target_Switch_Base":0,"_bound":1}'
*-- Test Case {"Switcher":true,"ExpansionArg_type":1,"_bound":2} start 240.9475 took 133.9679s
*-- Errors occured in test {"Switcher":true,"ExpansionArg_type":1,"_bound":2}
* Error: TypeError: Cannot read property 'path' of null
*-- Replay with NO_COMPILE=1 expoSE replay '/root/ExpoSE/lib/Harness/src/harness.js' '{"Switcher":true,"ExpansionArg_type":1,"_bound":2}'
*-- Test Case {"Switcher":true,"ExpansionArg_type":2,"_bound":3,"ExpansionArg_int":0} start 376.2419 took 121.0317s
*-- Errors occured in test {"Switcher":true,"ExpansionArg_type":2,"_bound":3,"ExpansionArg_int":0}
* Error: TypeError: Path must be a string. Received undefined
*-- Replay with NO_COMPILE=1 expoSE replay '/root/ExpoSE/lib/Harness/src/harness.js' '{"Switcher":true,"ExpansionArg_type":2,"_bound":3}'
*-- Test Case {"Switcher":true,"ExpansionArg_type":3,"ExpansionArg_int":0,"_bound":4,"ExpansionArg_string":"PureString"} start 498.079 took 133.0967s
*-- Errors occured in test {"Switcher":true,"ExpansionArg_type":3,"ExpansionArg_int":0,"_bound":4,"ExpansionArg_string":"PureString"}
* Error: TypeError: Path must be a string. Received undefined
*-- Replay with NO_COMPILE=1 expoSE replay '/root/ExpoSE/lib/Harness/src/harness.js' '{"Switcher":true,"ExpansionArg_type":3,"ExpansionArg_int":0,"_bound":4}'
*-- Test Case {"Switcher":true,"ExpansionArg_type":4,"ExpansionArg_string":"","_bound":5,"ExpansionArg_array_length":0} start 632.1376 took 95.8511s
*-- Errors occured in test {"Switcher":true,"ExpansionArg_type":4,"ExpansionArg_string":"","_bound":5,"ExpansionArg_array_length":0}
* Error: TypeError: Path must be a string. Received undefined
*-- Replay with NO_COMPILE=1 expoSE replay '/root/ExpoSE/lib/Harness/src/harness.js' '{"Switcher":true,"ExpansionArg_type":4,"ExpansionArg_string":"","_bound":5}'
*-- Test Case {"Switcher":true,"ExpansionArg_type":5,"ExpansionArg_array_length":0,"_bound":6,"ExpansionArg_bool":false} start 728.7448 took 61.46s
*-- Errors occured in test {"Switcher":true,"ExpansionArg_type":5,"ExpansionArg_array_length":0,"_bound":6,"ExpansionArg_bool":false}
* Error: TypeError: Path must be a string. Received undefined
*-- Replay with NO_COMPILE=1 expoSE replay '/root/ExpoSE/lib/Harness/src/harness.js' '{"Switcher":true,"ExpansionArg_type":5,"ExpansionArg_array_length":0,"_bound":6}'
*-- Test Case {"Switcher":true,"ExpansionArg_type":4,"ExpansionArg_array_length":1,"_bound":7,"ExpansionArg_array_element_0_type":0} start 728.8872 took 96.6461s
*-- Errors occured in test {"Switcher":true,"ExpansionArg_type":4,"ExpansionArg_array_length":1,"_bound":7,"ExpansionArg_array_element_0_type":0}
* Error: TypeError: Path must be a string. Received undefined
*-- Replay with NO_COMPILE=1 expoSE replay '/root/ExpoSE/lib/Harness/src/harness.js' '{"Switcher":true,"ExpansionArg_type":4,"ExpansionArg_array_length":1,"_bound":7}'
*-- Test Case {"Switcher":true,"ExpansionArg_type":4,"ExpansionArg_array_length":2,"ExpansionArg_array_element_0_type":0,"_bound":9,"ExpansionArg_array_element_1_type":0} start 826.1425 took 63.5711s
*-- Errors occured in test {"Switcher":true,"ExpansionArg_type":4,"ExpansionArg_array_length":2,"ExpansionArg_array_element_0_type":0,"_bound":9,"ExpansionArg_array_element_1_type":0}
* Error: TypeError: Path must be a string. Received undefined
*-- Replay with NO_COMPILE=1 expoSE replay '/root/ExpoSE/lib/Harness/src/harness.js' '{"Switcher":true,"ExpansionArg_type":4,"ExpansionArg_array_length":2,"ExpansionArg_array_element_0_type":0,"_bound":9}'
*-- Test Case {"Switcher":true,"ExpansionArg_type":4,"ExpansionArg_array_length":1,"ExpansionArg_array_element_0_type":2,"_bound":8,"ExpansionArg_array_element_0_int":0} start 826.0078 took 65.1415s
*-- Errors occured in test {"Switcher":true,"ExpansionArg_type":4,"ExpansionArg_array_length":1,"ExpansionArg_array_element_0_type":2,"_bound":8,"ExpansionArg_array_element_0_int":0}
* Error: TypeError: Path must be a string. Received undefined
*-- Replay with NO_COMPILE=1 expoSE replay '/root/ExpoSE/lib/Harness/src/harness.js' '{"Switcher":true,"ExpansionArg_type":4,"ExpansionArg_array_length":1,"ExpansionArg_array_element_0_type":2,"_bound":8}'
*-- Coverage Data
*- File /root/ExpoSE/lib/Harness/src/harness.js. Coverage (Term): 63% Coverage (LOC): 65%
*- File /root/ExpoSE/lib/S$/bin/symbols.js. Coverage (Term): 37% Coverage (LOC): 55%
*- File /root/Targets/docdown/node_modules/docdown/index.js. Coverage (Term): 63% Coverage (LOC): 65%
*- File /root/Targets/docdown/node_modules/lodash/lodash.js. Coverage (Term): 25% Coverage (LOC): 38%
*- File /root/Targets/docdown/node_modules/docdown/lib/generator.js. Coverage (Term): 8% Coverage (LOC): 10%
*- File /root/Targets/docdown/node_modules/docdown/lib/entry.js. Coverage (Term): 9% Coverage (LOC): 24%
*- File /root/Targets/docdown/node_modules/lodash/fp.js. Coverage (Term): 97% Coverage (LOC): 100%
*- File /root/Targets/docdown/node_modules/lodash/lodash.min.js. Coverage (Term): 24% Coverage (LOC): 40%
*- File /root/Targets/docdown/node_modules/lodash/fp/_baseConvert.js. Coverage (Term): 53% Coverage (LOC): 59%
*- File /root/Targets/docdown/node_modules/lodash/fp/_mapping.js. Coverage (Term): 100% Coverage (LOC): 100%
*- File /root/Targets/docdown/node_modules/lodash/fp/placeholder.js. Coverage (Term): 94% Coverage (LOC): 100%
*- File /root/Targets/docdown/node_modules/docdown/lib/alias.js. Coverage (Term): 30% Coverage (LOC): 68%
*- File /root/Targets/docdown/node_modules/docdown/lib/util.js. Coverage (Term): 28% Coverage (LOC): 49%
*- File /root/Targets/docdown/node_modules/doctrine/lib/doctrine.js. Coverage (Term): 13% Coverage (LOC): 28%
*- File /root/Targets/docdown/node_modules/esutils/lib/utils.js. Coverage (Term): 95% Coverage (LOC): 100%
*- File /root/Targets/docdown/node_modules/esutils/lib/ast.js. Coverage (Term): 12% Coverage (LOC): 17%
*- File /root/Targets/docdown/node_modules/esutils/lib/code.js. Coverage (Term): 42% Coverage (LOC): 79%
*- File /root/Targets/docdown/node_modules/esutils/lib/keyword.js. Coverage (Term): 10% Coverage (LOC): 25%
*- File /root/Targets/docdown/node_modules/isarray/index.js. Coverage (Term): 62% Coverage (LOC): 83%
*- File /root/Targets/docdown/node_modules/doctrine/lib/typed.js. Coverage (Term): 5% Coverage (LOC): 11%
*- File /root/Targets/docdown/node_modules/doctrine/lib/utility.js. Coverage (Term): 75% Coverage (LOC): 85%
*- Re-run with EXPOSE_PRINT_COVERAGE=1 to print line by line coverage information
** ExpoSE Finished. 10 paths with 9 errors **
