/root/Targets/dotsunited-off-canvas-navigation
├── dotsunited-off-canvas-navigation@2.4.0 
└── UNMET PEER DEPENDENCY jquery@>=1.7

Setup Done exists, not setting up
:../FeatureTester/libs/:/root/Targets/dotsunited-off-canvas-navigation/node_modules
Set Default Z3_PATH to ./node_modules/z3javascript/bin/libz3.so
ExpoSE Master: /root/ExpoSE/lib/Harness/src/harness.js max concurrent: 16 max paths: 1000000
Setting timeout to 900000
*** [0 done /0 queued / 1 running / 0 errors / 0% coverage ] ****** [0 done /0 queued / 1 running / 0 errors / 0% coverage ] ****** [1 done /0 queued / 0 running / 1 errors / 30% coverage ] ***
*-- Stat Module Output --*
*-- concretizations: ["defineProperty","bound log"]
*-- Stat Module Done --*
*-- Test Case {"_bound":0} start 0.0196 took 28.3796s
*-- Errors occured in test {"_bound":0}
* Error: Error: Cannot find module 'jquery'
*-- Replay with NO_COMPILE=1 expoSE replay '/root/ExpoSE/lib/Harness/src/harness.js' '{"_bound":0}'
*-- Coverage Data
*- File /root/ExpoSE/lib/Harness/src/harness.js. Coverage (Term): 18% Coverage (LOC): 24%
*- File /root/ExpoSE/lib/S$/bin/symbols.js. Coverage (Term): 16% Coverage (LOC): 34%
*- File /root/Targets/dotsunited-off-canvas-navigation/node_modules/dotsunited-off-canvas-navigation/index.js. Coverage (Term): 76% Coverage (LOC): 100%
*- File /root/Targets/dotsunited-off-canvas-navigation/node_modules/dotsunited-off-canvas-navigation/lib/setup.js. Coverage (Term): 13% Coverage (LOC): 14%
*- Re-run with EXPOSE_PRINT_COVERAGE=1 to print line by line coverage information
** ExpoSE Finished. 1 paths with 1 errors **
