/root/Targets/duckdoc
└── duckdoc@0.11.21 

Setup Done exists, not setting up
:../FeatureTester/libs/:/root/Targets/duckdoc/node_modules
Set Default Z3_PATH to ./node_modules/z3javascript/bin/libz3.so
ExpoSE Master: /root/ExpoSE/lib/Harness/src/harness.js max concurrent: 16 max paths: 1000000
Setting timeout to 900000
*** [0 done /0 queued / 1 running / 0 errors / 0% coverage ] ****** [0 done /0 queued / 1 running / 0 errors / 0% coverage ] ****** [1 done /0 queued / 0 running / 1 errors / 34% coverage ] ***
*-- Stat Module Output --*
*-- concretizations: ["defineProperty","bound log","call","RegExp","join","binding","Object","WeakMap","create","Set","Array","ArrayBuffer","DataView","Map","resolve","max","now","apply"]
*-- Stat Module Done --*
*-- Test Case {"_bound":0} start 0.08 took 51.1503s
*-- Errors occured in test {"_bound":0}
* Error: SyntaxError: Unexpected token .
*-- Replay with NO_COMPILE=1 expoSE replay '/root/ExpoSE/lib/Harness/src/harness.js' '{"_bound":0}'
*-- Coverage Data
*- File /root/ExpoSE/lib/Harness/src/harness.js. Coverage (Term): 18% Coverage (LOC): 24%
*- File /root/ExpoSE/lib/S$/bin/symbols.js. Coverage (Term): 16% Coverage (LOC): 34%
*- File /root/Targets/duckdoc/node_modules/duckdoc/build/index.js. Coverage (Term): 38% Coverage (LOC): 67%
*- File /root/Targets/duckdoc/node_modules/duckdoc/build/lib/Duck.js. Coverage (Term): 12% Coverage (LOC): 11%
*- File /root/Targets/duckdoc/node_modules/lodash/lodash.js. Coverage (Term): 22% Coverage (LOC): 35%
*- File /root/Targets/duckdoc/node_modules/duckdoc/build/lib/Reader.js. Coverage (Term): 14% Coverage (LOC): 17%
*- Re-run with EXPOSE_PRINT_COVERAGE=1 to print line by line coverage information
** ExpoSE Finished. 1 paths with 1 errors **
