
> @lib/dependency-example@0.0.3 postinstall /root/Targets/dyreactive/node_modules/@lib/dependency-example
> autodts link


> dyreactive@0.1.0 postinstall /root/Targets/dyreactive/node_modules/dyreactive
> autodts link

/root/Targets/dyreactive
└─┬ dyreactive@0.1.0 
  ├── @lib/dependency-example@0.0.3 
  └─┬ autodts@0.0.5 
    ├── @lib/autolink@0.0.2 
    ├── minimist@1.1.3 
    └─┬ mkdirp@0.5.1 
      └── minimist@0.0.8 

Setup Done exists, not setting up
:../FeatureTester/libs/:/root/Targets/dyreactive/node_modules
Set Default Z3_PATH to ./node_modules/z3javascript/bin/libz3.so
ExpoSE Master: /root/ExpoSE/lib/Harness/src/harness.js max concurrent: 16 max paths: 1000000
Setting timeout to 900000
*** [0 done /0 queued / 1 running / 0 errors / 0% coverage ] ****** [0 done /0 queued / 1 running / 0 errors / 0% coverage ] ****** [1 done /0 queued / 0 running / 1 errors / 33% coverage ] ***
*-- Stat Module Output --*
*-- concretizations: ["defineProperty","bound log"]
*-- Stat Module Done --*
*-- Test Case {"_bound":0} start 0.0215 took 3.5074s
*-- Errors occured in test {"_bound":0}
* Error: Error: Cannot find module 'dyreactive'
*-- Replay with NO_COMPILE=1 expoSE replay '/root/ExpoSE/lib/Harness/src/harness.js' '{"_bound":0}'
*-- Coverage Data
*- File /root/ExpoSE/lib/Harness/src/harness.js. Coverage (Term): 18% Coverage (LOC): 24%
*- File /root/ExpoSE/lib/S$/bin/symbols.js. Coverage (Term): 16% Coverage (LOC): 34%
*- Re-run with EXPOSE_PRINT_COVERAGE=1 to print line by line coverage information
** ExpoSE Finished. 1 paths with 1 errors **
