
> r1-telemetry@1.0.2 install /root/Targets/echtzeit/node_modules/r1-telemetry
> node build.js -i


> echtzeit@1.6.4 install /root/Targets/echtzeit/node_modules/echtzeit
> node build/

========= ECHTZEIT/BUILD =========

Compiling Echtzeit/Node.. done.
Creating Echtzeit/Client Path.. done.
Compiling Echtzeit/Client.. done.

Compressing Echtzeit/Client.. 
failed!
/root/Targets/echtzeit
└─┬ echtzeit@1.6.4 
  ├─┬ csprng@0.1.2 
  │ └── sequin@0.1.1 
  ├─┬ faye-websocket@0.11.1 
  │ └─┬ websocket-driver@0.7.0 
  │   ├── http-parser-js@0.4.8 
  │   └── websocket-extensions@0.1.2 
  ├─┬ r1-telemetry@1.0.2 
  │ └─┬ keen.io@0.1.3 
  │   ├─┬ superagent@0.21.0 
  │   │ ├── component-emitter@1.1.2 
  │   │ ├── cookiejar@2.0.1 
  │   │ ├─┬ debug@2.6.9 
  │   │ │ └── ms@2.0.0 
  │   │ ├── extend@1.2.1 
  │   │ ├─┬ form-data@0.1.3 
  │   │ │ ├── async@0.9.2 
  │   │ │ └─┬ combined-stream@0.0.7 
  │   │ │   └── delayed-stream@0.0.5 
  │   │ ├── formidable@1.0.14 
  │   │ ├── methods@1.0.1 
  │   │ ├── mime@1.2.11 
  │   │ ├── qs@1.2.0 
  │   │ ├─┬ readable-stream@1.0.27-1 
  │   │ │ ├── core-util-is@1.0.2 
  │   │ │ ├── inherits@2.0.3 
  │   │ │ ├── isarray@0.0.1 
  │   │ │ └── string_decoder@0.10.31 
  │   │ └── reduce-component@1.0.1 
  │   └── underscore@1.5.2 
  ├─┬ tough-cookie@2.3.3 
  │ └── punycode@1.4.1 
  └─┬ uglify-js@3.1.3 
    ├── commander@2.11.0 
    └── source-map@0.5.7 

Setup Done exists, not setting up
:../FeatureTester/libs/:/root/Targets/echtzeit/node_modules
Set Default Z3_PATH to ./node_modules/z3javascript/bin/libz3.so
ExpoSE Master: /root/ExpoSE/lib/Harness/src/harness.js max concurrent: 16 max paths: 1000000
Setting timeout to 900000
*** [0 done /0 queued / 1 running / 0 errors / 0% coverage ] ****** [0 done /0 queued / 1 running / 0 errors / 0% coverage ] ****** [1 done /0 queued / 0 running / 1 errors / 20% coverage ] ***
*-- Stat Module Output --*
*-- concretizations: ["defineProperty","bound log"]
*-- Stat Module Done --*
*-- Test Case {"_bound":0} start 0.0753 took 16.4502s
*-- Errors occured in test {"_bound":0}
* Error: TypeError: Function.prototype.apply was called on undefined, which is a undefined and not a function
*-- Replay with NO_COMPILE=1 expoSE replay '/root/ExpoSE/lib/Harness/src/harness.js' '{"_bound":0}'
*-- Coverage Data
*- File /root/ExpoSE/lib/Harness/src/harness.js. Coverage (Term): 18% Coverage (LOC): 24%
*- File /root/ExpoSE/lib/S$/bin/symbols.js. Coverage (Term): 16% Coverage (LOC): 34%
*- File /root/Targets/echtzeit/node_modules/echtzeit/bin/echtzeit.js. Coverage (Term): 8% Coverage (LOC): 19%
*- Re-run with EXPOSE_PRINT_COVERAGE=1 to print line by line coverage information
** ExpoSE Finished. 1 paths with 1 errors **
