
> contextify@0.1.15 install /root/Targets/ember-gen/node_modules/contextify
> node-gyp rebuild

make: Entering directory '/root/Targets/ember-gen/node_modules/contextify/build'
  CXX(target) Release/obj.target/contextify/src/contextify.o
contextify.target.mk:94: recipe for target 'Release/obj.target/contextify/src/contextify.o' failed
make: Leaving directory '/root/Targets/ember-gen/node_modules/contextify/build'
/root/Targets/ember-gen
└─┬ ember-gen@0.1.0 
  ├─┬ browserbuild@0.6.0 
  │ ├── commander@0.5.2 
  │ └── debug@0.6.0 
  ├─┬ cli-color@0.2.1 
  │ ├── es5-ext@0.9.2 
  │ └─┬ memoizee@0.2.6 
  │   ├── event-emitter@0.2.2 
  │   └── next-tick@0.1.0 
  ├─┬ commander@1.1.1  (git://github.com/alexferreira/commander.js.git#8ae1434c7137b6fd4c2dcf6b6e57c0f88d0156f9)
  │ └── keypress@0.1.0 
  ├─┬ findit@0.1.2 
  │ └─┬ seq@0.3.5 
  │   ├─┬ chainsaw@0.0.9 
  │   │ └── traverse@0.3.9 
  │   └── hashish@0.0.4 
  ├── fleck@0.5.1 
  ├─┬ fs-extra@0.5.0 
  │ ├── jsonfile@0.0.1 
  │ ├── mkdirp@0.3.5 
  │ ├── ncp@0.2.7 
  │ └─┬ rimraf@2.1.4 
  │   └── graceful-fs@1.2.3 
  ├─┬ handlebars@1.0.8 
  │ ├─┬ optimist@0.3.7 
  │ │ └── wordwrap@0.0.3 
  │ └── uglify-js@1.2.6 
  ├─┬ jsdom@0.3.4 
  │ ├── cssom@0.2.5 
  │ ├─┬ cssstyle@0.2.37 
  │ │ └── cssom@0.3.2 
  │ ├── htmlparser@1.7.7 
  │ ├── nwmatcher@1.4.1 
  │ └─┬ request@2.82.0 
  │   ├── aws-sign2@0.7.0 
  │   ├── aws4@1.6.0 
  │   ├── caseless@0.12.0 
  │   ├─┬ combined-stream@1.0.5 
  │   │ └── delayed-stream@1.0.0 
  │   ├── extend@3.0.1 
  │   ├── forever-agent@0.6.1 
  │   ├─┬ form-data@2.3.1 
  │   │ └── asynckit@0.4.0 
  │   ├─┬ har-validator@5.0.3 
  │   │ ├─┬ ajv@5.2.2 
  │   │ │ ├── co@4.6.0 
  │   │ │ ├── fast-deep-equal@1.0.0 
  │   │ │ ├── json-schema-traverse@0.3.1 
  │   │ │ └─┬ json-stable-stringify@1.0.1 
  │   │ │   └── jsonify@0.0.0 
  │   │ └── har-schema@2.0.0 
  │   ├─┬ hawk@6.0.2 
  │   │ ├── boom@4.3.1 
  │   │ ├─┬ cryptiles@3.1.2 
  │   │ │ └── boom@5.2.0 
  │   │ ├── hoek@4.2.0 
  │   │ └── sntp@2.0.2 
  │   ├─┬ http-signature@1.2.0 
  │   │ ├── assert-plus@1.0.0 
  │   │ ├─┬ jsprim@1.4.1 
  │   │ │ ├── extsprintf@1.3.0 
  │   │ │ ├── json-schema@0.2.3 
  │   │ │ └─┬ verror@1.10.0 
  │   │ │   └── core-util-is@1.0.2 
  │   │ └─┬ sshpk@1.13.1 
  │   │   ├── asn1@0.2.3 
  │   │   ├── bcrypt-pbkdf@1.0.1 
  │   │   ├── dashdash@1.14.1 
  │   │   ├── ecc-jsbn@0.1.1 
  │   │   ├── getpass@0.1.7 
  │   │   ├── jsbn@0.1.1 
  │   │   └── tweetnacl@0.14.5 
  │   ├── is-typedarray@1.0.0 
  │   ├── isstream@0.1.2 
  │   ├── json-stringify-safe@5.0.1 
  │   ├─┬ mime-types@2.1.17 
  │   │ └── mime-db@1.30.0 
  │   ├── oauth-sign@0.8.2 
  │   ├── performance-now@2.1.0 
  │   ├── qs@6.5.1 
  │   ├── safe-buffer@5.1.1 
  │   ├── stringstream@0.0.5 
  │   ├─┬ tough-cookie@2.3.3 
  │   │ └── punycode@1.4.1 
  │   ├── tunnel-agent@0.6.0 
  │   └── uuid@3.1.0 
  ├── rsvp-that-works@1.2.0 
  ├─┬ uglify-js@2.2.5 
  │ └─┬ source-map@0.1.43 
  │   └── amdefine@1.0.1 
  └─┬ walk@2.2.1 
    └─┬ forEachAsync@2.2.1 
      └── sequence@2.2.1 

Setup Done exists, not setting up
:../FeatureTester/libs/:/root/Targets/ember-gen/node_modules
Set Default Z3_PATH to ./node_modules/z3javascript/bin/libz3.so
ExpoSE Master: /root/ExpoSE/lib/Harness/src/harness.js max concurrent: 16 max paths: 1000000
Setting timeout to 900000
*** [0 done /0 queued / 1 running / 0 errors / 0% coverage ] ****** [0 done /0 queued / 1 running / 0 errors / 0% coverage ] ****** [1 done /0 queued / 0 running / 1 errors / 33% coverage ] ***
*-- Stat Module Output --*
*-- concretizations: ["defineProperty","bound log"]
*-- Stat Module Done --*
*-- Test Case {"_bound":0} start 0.0436 took 4.112s
*-- Errors occured in test {"_bound":0}
* Error: Error: Cannot find module 'ember-gen'
*-- Replay with NO_COMPILE=1 expoSE replay '/root/ExpoSE/lib/Harness/src/harness.js' '{"_bound":0}'
*-- Coverage Data
*- File /root/ExpoSE/lib/Harness/src/harness.js. Coverage (Term): 18% Coverage (LOC): 24%
*- File /root/ExpoSE/lib/S$/bin/symbols.js. Coverage (Term): 16% Coverage (LOC): 34%
*- Re-run with EXPOSE_PRINT_COVERAGE=1 to print line by line coverage information
** ExpoSE Finished. 1 paths with 1 errors **
