/root/Targets/emc-izak
└─┬ emc-izak@0.0.11 
  ├─┬ cli-color@1.2.0 
  │ ├── ansi-regex@2.1.1 
  │ ├── d@1.0.0 
  │ ├─┬ es5-ext@0.10.30 
  │ │ └── es6-symbol@3.1.1 
  │ ├── es6-iterator@2.0.1 
  │ ├─┬ memoizee@0.4.11 
  │ │ ├── es6-weak-map@2.0.2 
  │ │ ├── event-emitter@0.3.5 
  │ │ ├── is-promise@2.1.0 
  │ │ ├── lru-queue@0.1.0 
  │ │ └── next-tick@1.0.0 
  │ └── timers-ext@0.1.2 
  ├── colors@1.1.2 
  ├─┬ fs-extra@0.26.7 
  │ ├── graceful-fs@4.1.11 
  │ ├── jsonfile@2.4.0 
  │ ├── klaw@1.3.1 
  │ ├── path-is-absolute@1.0.1 
  │ └─┬ rimraf@2.6.2 
  │   └─┬ glob@7.1.2 
  │     ├── fs.realpath@1.0.0 
  │     ├── inflight@1.0.6 
  │     ├── inherits@2.0.3 
  │     └─┬ minimatch@3.0.4 
  │       └─┬ brace-expansion@1.1.8 
  │         ├── balanced-match@1.0.0 
  │         └── concat-map@0.0.1 
  ├─┬ inquirer@0.11.4 
  │ ├── ansi-escapes@1.4.0 
  │ ├─┬ chalk@1.1.3 
  │ │ ├── ansi-styles@2.2.1 
  │ │ ├── escape-string-regexp@1.0.5 
  │ │ ├── has-ansi@2.0.0 
  │ │ └── supports-color@2.0.0 
  │ ├─┬ cli-cursor@1.0.2 
  │ │ └─┬ restore-cursor@1.0.1 
  │ │   ├── exit-hook@1.1.1 
  │ │   └── onetime@1.1.0 
  │ ├── cli-width@1.1.1 
  │ ├─┬ figures@1.7.0 
  │ │ └── object-assign@4.1.1 
  │ ├── lodash@3.10.1 
  │ ├─┬ readline2@1.0.1 
  │ │ ├── code-point-at@1.1.0 
  │ │ ├─┬ is-fullwidth-code-point@1.0.0 
  │ │ │ └── number-is-nan@1.0.1 
  │ │ └── mute-stream@0.0.5 
  │ ├─┬ run-async@0.1.0 
  │ │ └─┬ once@1.4.0 
  │ │   └── wrappy@1.0.2 
  │ ├── rx-lite@3.1.2 
  │ ├── string-width@1.0.2 
  │ ├── strip-ansi@3.0.1 
  │ └── through@2.3.8 
  └── mkpath@1.0.0 

Setup Done exists, not setting up
:../FeatureTester/libs/:/root/Targets/emc-izak/node_modules
Set Default Z3_PATH to ./node_modules/z3javascript/bin/libz3.so
ExpoSE Master: /root/ExpoSE/lib/Harness/src/harness.js max concurrent: 16 max paths: 1000000
Setting timeout to 900000
*** [0 done /0 queued / 1 running / 0 errors / 0% coverage ] ****** [0 done /0 queued / 1 running / 0 errors / 0% coverage ] ****** [1 done /0 queued / 0 running / 1 errors / 33% coverage ] ***
*-- Stat Module Output --*
*-- concretizations: ["defineProperty","bound log"]
*-- Stat Module Done --*
*-- Test Case {"_bound":0} start 0.0688 took 3.8571s
*-- Errors occured in test {"_bound":0}
* Error: Tropigate failed because SyntaxError: Unexpected character '#' (1:79) on program ﻿#!/usr/bin/env node

(function(){
    "use strict";
    var scriptsPath="./scripts/";

    var fs = require("fs"),
        colors = require("cli-color"),
        path = require("path"),
        mkpath = require("mkpath"),
        inquirer = require("inquirer"),
        execSync = require("child_process").execSync,
        fsex = require("fs-extra");
    
    var generateStartingFolders = require(scriptsPath + "generatingFolders.js"), 
        questionAnswering = require (scriptsPath + "questions.js");

    //colors
    var warn = colors.yellow,
        magenta = colors.magentaBright,
        cyan = colors.cyan.bold.bgMagenta,
        green = colors.greenBright;
   
    //The start of program

    console.log(cyan("The EMAKINA.HR frontend installation will start in seconds..."));
    console.log(magenta("\nPrepare yourself for npm initialization and answer the questions"));
    console.log(magenta("------------------------------------------------------------------\n"));

    execSync("npm init", {stdio:[0,1,2]});

    console.log(magenta("\n------------------------------------------------------------------"));
    console.log(magenta("Generating starting folder structure ..."));

    generateStartingFolders();

    console.log(green("Done"));
    console.log(magenta("--------------------------------------------------------------------\n"));
    console.log(magenta("Please answer few questions..."));

    questionAnswering();

}());

 at SyntaxError: Unexpected character '#' (1:79)
    at Parser.pp$4.raise (/root/ExpoSE/lib/Tropigate/node_modules/acorn/dist/acorn.js:2221:15)
    at Parser.pp$7.getTokenFromCode (/root/ExpoSE/lib/Tropigate/node_modules/acorn/dist/acorn.js:2756:10)
    at Parser.pp$7.readToken (/root/ExpoSE/lib/Tropigate/node_modules/acorn/dist/acorn.js:2477:17)
    at Parser.readToken (/root/ExpoSE/lib/Tropigate/bin/Tokens.js:124:26)
    at Parser.pp$7.nextToken (/root/ExpoSE/lib/Tropigate/node_modules/acorn/dist/acorn.js:2468:15)
    at Parser.pp$7.next (/root/ExpoSE/lib/Tropigate/node_modules/acorn/dist/acorn.js:2413:10)
    at Parser.pp.eat (/root/ExpoSE/lib/Tropigate/node_modules/acorn/dist/acorn.js:536:12)
    at Parser.pp.semicolon (/root/ExpoSE/lib/Tropigate/node_modules/acorn/dist/acorn.js:581:15)
    at Parser.pp$1.parseVarStatement (/root/ExpoSE/lib/Tropigate/node_modules/acorn/dist/acorn.js:918:10)
    at Parser.pp$1.parseStatement (/root/ExpoSE/lib/Tropigate/node_modules/acorn/dist/acorn.js:706:19)
*-- Replay with NO_COMPILE=1 expoSE replay '/root/ExpoSE/lib/Harness/src/harness.js' '{"_bound":0}'
*-- Coverage Data
*- File /root/ExpoSE/lib/Harness/src/harness.js. Coverage (Term): 18% Coverage (LOC): 24%
*- File /root/ExpoSE/lib/S$/bin/symbols.js. Coverage (Term): 16% Coverage (LOC): 34%
*- Re-run with EXPOSE_PRINT_COVERAGE=1 to print line by line coverage information
** ExpoSE Finished. 1 paths with 1 errors **
