
> wrtc@0.0.61 install /root/Targets/empireengine/node_modules/wrtc
> node-pre-gyp install --fallback-to-build

make: Entering directory '/root/Targets/empireengine/node_modules/wrtc/build'
  ACTION Downloading WebRTC libraries and headers third_party/webrtc

> wrtc@0.0.61 download-webrtc-libraries-and-headers /root/Targets/empireengine/node_modules/wrtc
> node scripts/download-webrtc-libraries-and-headers.js

Attempting to download WebRTC libraries and headers for platform "linux" and architecture "x64" from

  https://webrtc-libraries-and-headers.s3.amazonaws.com/v1/build/webrtc-50%2B49f7bd3.linux.x64.tar.gz

Complete!
  TOUCH Release/obj.target/action_before_build.stamp
  CXX(target) Release/obj.target/wrtc/src/binding.o
  CXX(target) Release/obj.target/wrtc/src/create-answer-observer.o
  CXX(target) Release/obj.target/wrtc/src/create-offer-observer.o
  CXX(target) Release/obj.target/wrtc/src/datachannel.o
  CXX(target) Release/obj.target/wrtc/src/peerconnection.o
  CXX(target) Release/obj.target/wrtc/src/rtcstatsreport.o
  CXX(target) Release/obj.target/wrtc/src/rtcstatsresponse.o
  CXX(target) Release/obj.target/wrtc/src/set-local-description-observer.o
  CXX(target) Release/obj.target/wrtc/src/set-remote-description-observer.o
  CXX(target) Release/obj.target/wrtc/src/stats-observer.o
  SOLINK_MODULE(target) Release/obj.target/wrtc.node
  COPY Release/wrtc.node
  COPY /root/Targets/empireengine/node_modules/wrtc/build/wrtc/v0.0.61/Release/node-v51-linux-x64/wrtc.node
  TOUCH Release/obj.target/action_after_build.stamp
make: Leaving directory '/root/Targets/empireengine/node_modules/wrtc/build'
/root/Targets/empireengine
└─┬ empireengine@0.4.0 
  ├── @types/extend@2.0.30 
  ├── @types/lodash@4.14.77 
  ├── bencode@0.11.0 
  ├── bitfield@1.1.2 
  ├── extend@3.0.1 
  ├─┬ mkdirp@0.5.1 
  │ └── minimist@0.0.8 
  ├── mobx@3.3.0 
  ├── speedometer@1.0.0 
  ├─┬ write-json-file@2.2.0 
  │ ├── detect-indent@5.0.0 
  │ ├── graceful-fs@4.1.11 
  │ ├── make-dir@1.0.0 
  │ ├── pify@2.3.0 
  │ ├─┬ sort-keys@1.1.2 
  │ │ └── is-plain-obj@1.1.0 
  │ └─┬ write-file-atomic@2.3.0 
  │   ├── imurmurhash@0.1.4 
  │   └── signal-exit@3.0.2 
  ├─┬ wrtc@0.0.61 
  │ ├─┬ download@5.0.3 
  │ │ ├─┬ caw@2.0.1 
  │ │ │ ├─┬ get-proxy@2.1.0 
  │ │ │ │ └─┬ npm-conf@1.1.2 
  │ │ │ │   ├─┬ config-chain@1.1.11 
  │ │ │ │   │ └── proto-list@1.2.4 
  │ │ │ │   └── pify@3.0.0 
  │ │ │ ├─┬ isurl@1.0.0 
  │ │ │ │ ├─┬ has-to-string-tag-x@1.4.1 
  │ │ │ │ │ └── has-symbol-support-x@1.4.1 
  │ │ │ │ └── is-object@1.0.1 
  │ │ │ ├── tunnel-agent@0.6.0 
  │ │ │ └── url-to-options@1.0.1 
  │ │ ├─┬ decompress@4.2.0 
  │ │ │ ├─┬ decompress-tar@4.1.1 
  │ │ │ │ └── file-type@5.2.0 
  │ │ │ ├─┬ decompress-tarbz2@4.1.1 
  │ │ │ │ ├── file-type@6.2.0 
  │ │ │ │ ├─┬ seek-bzip@1.0.5 
  │ │ │ │ │ └─┬ commander@2.8.1 
  │ │ │ │ │   └── graceful-readlink@1.0.1 
  │ │ │ │ └─┬ unbzip2-stream@1.2.5 
  │ │ │ │   ├─┬ buffer@3.6.0 
  │ │ │ │   │ ├── base64-js@0.0.8 
  │ │ │ │   │ └── ieee754@1.1.8 
  │ │ │ │   └── through@2.3.8 
  │ │ │ ├── decompress-targz@4.1.1 
  │ │ │ ├─┬ decompress-unzip@4.0.1 
  │ │ │ │ ├── file-type@3.9.0 
  │ │ │ │ ├─┬ get-stream@2.3.1 
  │ │ │ │ │ └─┬ pinkie-promise@2.0.1 
  │ │ │ │ │   └── pinkie@2.0.4 
  │ │ │ │ └─┬ yauzl@2.8.0 
  │ │ │ │   ├── buffer-crc32@0.2.13 
  │ │ │ │   └─┬ fd-slicer@1.0.1 
  │ │ │ │     └── pend@1.2.0 
  │ │ │ └─┬ strip-dirs@2.0.0 
  │ │ │   └── is-natural-number@4.0.1 
  │ │ ├─┬ filenamify@2.0.0 
  │ │ │ ├── filename-reserved-regex@2.0.0 
  │ │ │ ├─┬ strip-outer@1.0.0 
  │ │ │ │ └── escape-string-regexp@1.0.5 
  │ │ │ └── trim-repeated@1.0.0 
  │ │ ├── get-stream@3.0.0 
  │ │ └─┬ got@6.7.1 
  │ │   ├─┬ create-error-class@3.0.2 
  │ │   │ └── capture-stack-trace@1.0.0 
  │ │   ├── duplexer3@0.1.4 
  │ │   ├── is-redirect@1.0.0 
  │ │   ├── is-retry-allowed@1.1.0 
  │ │   ├── is-stream@1.1.0 
  │ │   ├── lowercase-keys@1.0.0 
  │ │   ├── safe-buffer@5.1.1 
  │ │   ├── timed-out@4.0.1 
  │ │   ├── unzip-response@2.0.1 
  │ │   └─┬ url-parse-lax@1.0.0 
  │ │     └── prepend-http@1.0.4 
  │ ├─┬ gunzip-maybe@1.4.1 
  │ │ ├─┬ browserify-zlib@0.1.4 
  │ │ │ └── pako@0.2.9 
  │ │ ├── is-deflate@1.0.0 
  │ │ ├── is-gzip@1.0.0 
  │ │ ├─┬ peek-stream@1.1.2 
  │ │ │ └─┬ duplexify@3.5.1 
  │ │ │   └── stream-shift@1.0.0 
  │ │ ├─┬ pumpify@1.3.5 
  │ │ │ └── inherits@2.0.3 
  │ │ └─┬ through2@2.0.3 
  │ │   ├─┬ readable-stream@2.3.3 
  │ │   │ ├── core-util-is@1.0.2 
  │ │   │ ├── isarray@1.0.0 
  │ │   │ ├── process-nextick-args@1.0.7 
  │ │   │ ├── string_decoder@1.0.3 
  │ │   │ └── util-deprecate@1.0.2 
  │ │   └── xtend@4.0.1 
  │ ├── nan@2.7.0 
  │ ├─┬ node-pre-gyp@0.6.38 
  │ │ ├─┬ hawk@3.1.3 
  │ │ │ ├── boom@2.10.1 
  │ │ │ ├── cryptiles@2.0.5 
  │ │ │ ├── hoek@2.16.3 
  │ │ │ └── sntp@1.0.9 
  │ │ ├─┬ nopt@4.0.1 
  │ │ │ ├── abbrev@1.1.1 
  │ │ │ └─┬ osenv@0.1.4 
  │ │ │   ├── os-homedir@1.0.2 
  │ │ │   └── os-tmpdir@1.0.2 
  │ │ ├─┬ npmlog@4.1.2 
  │ │ │ ├─┬ are-we-there-yet@1.1.4 
  │ │ │ │ └── delegates@1.0.0 
  │ │ │ ├── console-control-strings@1.1.0 
  │ │ │ ├─┬ gauge@2.7.4 
  │ │ │ │ ├── aproba@1.2.0 
  │ │ │ │ ├── has-unicode@2.0.1 
  │ │ │ │ ├── object-assign@4.1.1 
  │ │ │ │ ├─┬ string-width@1.0.2 
  │ │ │ │ │ ├── code-point-at@1.1.0 
  │ │ │ │ │ └─┬ is-fullwidth-code-point@1.0.0 
  │ │ │ │ │   └── number-is-nan@1.0.1 
  │ │ │ │ ├─┬ strip-ansi@3.0.1 
  │ │ │ │ │ └── ansi-regex@2.1.1 
  │ │ │ │ └── wide-align@1.1.2 
  │ │ │ └── set-blocking@2.0.0 
  │ │ ├─┬ rc@1.2.1 
  │ │ │ ├── deep-extend@0.4.2 
  │ │ │ ├── ini@1.3.4 
  │ │ │ ├── minimist@1.2.0 
  │ │ │ └── strip-json-comments@2.0.1 
  │ │ ├─┬ request@2.81.0 
  │ │ │ ├── aws-sign2@0.6.0 
  │ │ │ ├── aws4@1.6.0 
  │ │ │ ├── caseless@0.12.0 
  │ │ │ ├─┬ combined-stream@1.0.5 
  │ │ │ │ └── delayed-stream@1.0.0 
  │ │ │ ├── forever-agent@0.6.1 
  │ │ │ ├─┬ form-data@2.1.4 
  │ │ │ │ └── asynckit@0.4.0 
  │ │ │ ├─┬ har-validator@4.2.1 
  │ │ │ │ ├─┬ ajv@4.11.8 
  │ │ │ │ │ ├── co@4.6.0 
  │ │ │ │ │ └─┬ json-stable-stringify@1.0.1 
  │ │ │ │ │   └── jsonify@0.0.0 
  │ │ │ │ └── har-schema@1.0.5 
  │ │ │ ├─┬ http-signature@1.1.1 
  │ │ │ │ ├── assert-plus@0.2.0 
  │ │ │ │ ├─┬ jsprim@1.4.1 
  │ │ │ │ │ ├── assert-plus@1.0.0 
  │ │ │ │ │ ├── extsprintf@1.3.0 
  │ │ │ │ │ ├── json-schema@0.2.3 
  │ │ │ │ │ └─┬ verror@1.10.0 
  │ │ │ │ │   └── assert-plus@1.0.0 
  │ │ │ │ └─┬ sshpk@1.13.1 
  │ │ │ │   ├── asn1@0.2.3 
  │ │ │ │   ├── assert-plus@1.0.0 
  │ │ │ │   ├── bcrypt-pbkdf@1.0.1 
  │ │ │ │   ├─┬ dashdash@1.14.1 
  │ │ │ │   │ └── assert-plus@1.0.0 
  │ │ │ │   ├── ecc-jsbn@0.1.1 
  │ │ │ │   ├─┬ getpass@0.1.7 
  │ │ │ │   │ └── assert-plus@1.0.0 
  │ │ │ │   ├── jsbn@0.1.1 
  │ │ │ │   └── tweetnacl@0.14.5 
  │ │ │ ├── is-typedarray@1.0.0 
  │ │ │ ├── isstream@0.1.2 
  │ │ │ ├── json-stringify-safe@5.0.1 
  │ │ │ ├─┬ mime-types@2.1.17 
  │ │ │ │ └── mime-db@1.30.0 
  │ │ │ ├── oauth-sign@0.8.2 
  │ │ │ ├── performance-now@0.2.0 
  │ │ │ ├── qs@6.4.0 
  │ │ │ ├── stringstream@0.0.5 
  │ │ │ ├─┬ tough-cookie@2.3.3 
  │ │ │ │ └── punycode@1.4.1 
  │ │ │ └── uuid@3.1.0 
  │ │ ├─┬ rimraf@2.6.2 
  │ │ │ └─┬ glob@7.1.2 
  │ │ │   ├── fs.realpath@1.0.0 
  │ │ │   ├── inflight@1.0.6 
  │ │ │   ├─┬ minimatch@3.0.4 
  │ │ │   │ └─┬ brace-expansion@1.1.8 
  │ │ │   │   ├── balanced-match@1.0.0 
  │ │ │   │   └── concat-map@0.0.1 
  │ │ │   └── path-is-absolute@1.0.1 
  │ │ ├── semver@5.4.1 
  │ │ ├─┬ tar@2.2.1 
  │ │ │ ├── block-stream@0.0.9 
  │ │ │ └── fstream@1.0.11 
  │ │ └─┬ tar-pack@3.4.0 
  │ │   ├─┬ debug@2.6.9 
  │ │   │ └── ms@2.0.0 
  │ │   ├── fstream-ignore@1.0.5 
  │ │   ├─┬ once@1.4.0 
  │ │   │ └── wrappy@1.0.2 
  │ │   └── uid-number@0.0.6 
  │ └─┬ tar-fs@1.15.3 
  │   ├── chownr@1.0.1 
  │   ├─┬ pump@1.0.2 
  │   │ └── end-of-stream@1.4.0 
  │   └─┬ tar-stream@1.5.4 
  │     └── bl@1.2.1 
  └─┬ ws@1.1.4 
    ├── options@0.0.6 
    └── ultron@1.0.2 

Setup Done exists, not setting up
:../FeatureTester/libs/:/root/Targets/empireengine/node_modules
Set Default Z3_PATH to ./node_modules/z3javascript/bin/libz3.so
ExpoSE Master: /root/ExpoSE/lib/Harness/src/harness.js max concurrent: 16 max paths: 1000000
Setting timeout to 900000
*** [0 done /0 queued / 1 running / 0 errors / 0% coverage ] ****** [0 done /0 queued / 1 running / 0 errors / 0% coverage ] ****** [1 done /0 queued / 0 running / 1 errors / 33% coverage ] ***
*-- Stat Module Output --*
*-- concretizations: ["defineProperty","bound log"]
*-- Stat Module Done --*
*-- Test Case {"_bound":0} start 0.0219 took 4.2856s
*-- Errors occured in test {"_bound":0}
* Error: TypeError: Cannot read property 'length' of undefined
*-- Replay with NO_COMPILE=1 expoSE replay '/root/ExpoSE/lib/Harness/src/harness.js' '{"_bound":0}'
*-- Coverage Data
*- File /root/ExpoSE/lib/Harness/src/harness.js. Coverage (Term): 18% Coverage (LOC): 24%
*- File /root/ExpoSE/lib/S$/bin/symbols.js. Coverage (Term): 16% Coverage (LOC): 34%
*- Re-run with EXPOSE_PRINT_COVERAGE=1 to print line by line coverage information
** ExpoSE Finished. 1 paths with 1 errors **
