/root/Targets/eww
└─┬ eww@0.1.4 
  ├── basscss-background-colors@1.1.3 
  ├── basscss-base-reset@2.0.3 
  ├── basscss-base-typography@2.0.3 
  ├── basscss-borders@1.1.1 
  ├── basscss-btn@1.1.1 
  ├── basscss-btn-outline@1.1.0 
  ├── basscss-btn-primary@1.1.0 
  ├── basscss-color-base@2.0.2 
  ├─┬ basscss-colors@2.2.0 
  │ └── colors.css@3.0.0 
  ├── basscss-defaults@2.1.3 
  ├── basscss-grid@1.0.6 
  ├── basscss-type-scale@1.0.5 
  ├── basscss-utility-layout@2.0.4 
  ├── basscss-utility-typography@2.1.0 
  ├── basscss-white-space@1.1.4 
  ├─┬ color@0.8.0 
  │ ├── color-convert@0.5.3 
  │ └─┬ color-string@0.3.0 
  │   └── color-name@1.1.3 
  ├── colors.css@2.3.0 
  └── flex-object@1.1.3 

Setup Done exists, not setting up
:../FeatureTester/libs/:/root/Targets/eww/node_modules
Set Default Z3_PATH to ./node_modules/z3javascript/bin/libz3.so
ExpoSE Master: /root/ExpoSE/lib/Harness/src/harness.js max concurrent: 16 max paths: 1000000
Setting timeout to 900000
*** [0 done /0 queued / 1 running / 0 errors / 0% coverage ] ****** [0 done /0 queued / 1 running / 0 errors / 0% coverage ] ****** [1 done /0 queued / 0 running / 1 errors / 25% coverage ] ***
*-- Stat Module Output --*
*-- concretizations: ["defineProperty","bound log"]
*-- Stat Module Done --*
*-- Test Case {"_bound":0} start 0.0473 took 3.8085s
*-- Errors occured in test {"_bound":0}
* Error: Error: Cannot find module 'react'
*-- Replay with NO_COMPILE=1 expoSE replay '/root/ExpoSE/lib/Harness/src/harness.js' '{"_bound":0}'
*-- Coverage Data
*- File /root/ExpoSE/lib/Harness/src/harness.js. Coverage (Term): 18% Coverage (LOC): 24%
*- File /root/ExpoSE/lib/S$/bin/symbols.js. Coverage (Term): 16% Coverage (LOC): 34%
*- File /root/Targets/eww/node_modules/eww/index.js. Coverage (Term): 41% Coverage (LOC): 45%
*- File /root/Targets/eww/node_modules/eww/components/Header.js. Coverage (Term): 8% Coverage (LOC): 11%
*- Re-run with EXPOSE_PRINT_COVERAGE=1 to print line by line coverage information
** ExpoSE Finished. 1 paths with 1 errors **
