
> kerberos@0.0.23 install /root/Targets/express-api-user-management-signup/node_modules/kerberos
> (node-gyp rebuild) || (exit 0)

make: Entering directory '/root/Targets/express-api-user-management-signup/node_modules/kerberos/build'
  CXX(target) Release/obj.target/kerberos/lib/kerberos.o
kerberos.target.mk:98: recipe for target 'Release/obj.target/kerberos/lib/kerberos.o' failed
make: Leaving directory '/root/Targets/express-api-user-management-signup/node_modules/kerberos/build'

> bson-ext@0.1.13 install /root/Targets/express-api-user-management-signup/node_modules/bson-ext
> (node-gyp rebuild 2> builderror.log) || (exit 0)

make: Entering directory '/root/Targets/express-api-user-management-signup/node_modules/bson-ext/build'
  CXX(target) Release/obj.target/bson/ext/bson.o
bson.target.mk:92: recipe for target 'Release/obj.target/bson/ext/bson.o' failed
make: Leaving directory '/root/Targets/express-api-user-management-signup/node_modules/bson-ext/build'
/root/Targets/express-api-user-management-signup
└─┬ express-api-user-management-signup@0.0.65 
  ├─┬ body-parser@1.18.1 
  │ ├── bytes@3.0.0 
  │ ├── content-type@1.0.4 
  │ ├─┬ debug@2.6.8 
  │ │ └── ms@2.0.0 
  │ ├── depd@1.1.1 
  │ ├─┬ http-errors@1.6.2 
  │ │ ├── inherits@2.0.3 
  │ │ ├── setprototypeof@1.0.3 
  │ │ └── statuses@1.3.1 
  │ ├── iconv-lite@0.4.19 
  │ ├─┬ on-finished@2.3.0 
  │ │ └── ee-first@1.1.1 
  │ ├── qs@6.5.1 
  │ ├─┬ raw-body@2.3.2 
  │ │ └── unpipe@1.0.0 
  │ └─┬ type-is@1.6.15 
  │   └── media-typer@0.3.0 
  ├── coffee-script@1.12.7 
  ├─┬ cookie-parser@1.4.3 
  │ ├── cookie@0.3.1 
  │ └── cookie-signature@1.0.6 
  ├─┬ emailjs@0.3.3 
  │ └── bufferjs@1.1.0 
  ├─┬ express-session@1.15.5 
  │ ├── crc@3.4.4 
  │ ├── on-headers@1.0.1 
  │ ├── parseurl@1.3.2 
  │ ├─┬ uid-safe@2.1.5 
  │ │ └── random-bytes@1.0.0 
  │ └── utils-merge@1.0.0 
  ├─┬ jade@0.27.7 
  │ ├── coffee-script@1.4.0 
  │ ├── commander@0.6.1 
  │ └── mkdirp@0.3.5 
  ├── moment@1.7.2 
  ├─┬ mongodb@2.0.27 
  │ ├─┬ mongodb-core@1.1.21 
  │ │ ├─┬ bson@0.3.2 
  │ │ │ └─┬ bson-ext@0.1.13 
  │ │ │   ├── bindings@1.3.0 
  │ │ │   └── nan@2.0.9 
  │ │ ├─┬ kerberos@0.0.23 
  │ │ │ └── nan@2.5.1 
  │ │ ├─┬ mkdirp@0.5.0 
  │ │ │ └── minimist@0.0.8 
  │ │ └── rimraf@2.2.6 
  │ └─┬ readable-stream@1.0.31 
  │   ├── core-util-is@1.0.2 
  │   ├── isarray@0.0.1 
  │   └── string_decoder@0.10.31 
  ├─┬ request@2.82.0 
  │ ├── aws-sign2@0.7.0 
  │ ├── aws4@1.6.0 
  │ ├── caseless@0.12.0 
  │ ├─┬ combined-stream@1.0.5 
  │ │ └── delayed-stream@1.0.0 
  │ ├── extend@3.0.1 
  │ ├── forever-agent@0.6.1 
  │ ├─┬ form-data@2.3.1 
  │ │ └── asynckit@0.4.0 
  │ ├─┬ har-validator@5.0.3 
  │ │ ├─┬ ajv@5.2.2 
  │ │ │ ├── co@4.6.0 
  │ │ │ ├── fast-deep-equal@1.0.0 
  │ │ │ ├── json-schema-traverse@0.3.1 
  │ │ │ └─┬ json-stable-stringify@1.0.1 
  │ │ │   └── jsonify@0.0.0 
  │ │ └── har-schema@2.0.0 
  │ ├─┬ hawk@6.0.2 
  │ │ ├── boom@4.3.1 
  │ │ ├─┬ cryptiles@3.1.2 
  │ │ │ └── boom@5.2.0 
  │ │ ├── hoek@4.2.0 
  │ │ └── sntp@2.0.2 
  │ ├─┬ http-signature@1.2.0 
  │ │ ├── assert-plus@1.0.0 
  │ │ ├─┬ jsprim@1.4.1 
  │ │ │ ├── extsprintf@1.3.0 
  │ │ │ ├── json-schema@0.2.3 
  │ │ │ └── verror@1.10.0 
  │ │ └─┬ sshpk@1.13.1 
  │ │   ├── asn1@0.2.3 
  │ │   ├── bcrypt-pbkdf@1.0.1 
  │ │   ├── dashdash@1.14.1 
  │ │   ├── ecc-jsbn@0.1.1 
  │ │   ├── getpass@0.1.7 
  │ │   ├── jsbn@0.1.1 
  │ │   └── tweetnacl@0.14.5 
  │ ├── is-typedarray@1.0.0 
  │ ├── isstream@0.1.2 
  │ ├── json-stringify-safe@5.0.1 
  │ ├─┬ mime-types@2.1.17 
  │ │ └── mime-db@1.30.0 
  │ ├── oauth-sign@0.8.2 
  │ ├── performance-now@2.1.0 
  │ ├── safe-buffer@5.1.1 
  │ ├── stringstream@0.0.5 
  │ ├─┬ tough-cookie@2.3.3 
  │ │ └── punycode@1.4.1 
  │ ├── tunnel-agent@0.6.0 
  │ └── uuid@3.1.0 
  └─┬ stylus@0.31.0 
    └── cssom@0.2.5 

Setup Done exists, not setting up
:../FeatureTester/libs/:/root/Targets/express-api-user-management-signup/node_modules
Set Default Z3_PATH to ./node_modules/z3javascript/bin/libz3.so
ExpoSE Master: /root/ExpoSE/lib/Harness/src/harness.js max concurrent: 16 max paths: 1000000
Setting timeout to 900000
*** [0 done /0 queued / 1 running / 0 errors / 0% coverage ] ****** [0 done /0 queued / 1 running / 0 errors / 0% coverage ] ****** [1 done /0 queued / 0 running / 1 errors / 33% coverage ] ***
*-- Stat Module Output --*
*-- concretizations: ["defineProperty","bound log"]
*-- Stat Module Done --*
*-- Test Case {"_bound":0} start 0.0705 took 3.961s
*-- Errors occured in test {"_bound":0}
* Error: Error: Cannot find module 'express-api-user-management-signup'
*-- Replay with NO_COMPILE=1 expoSE replay '/root/ExpoSE/lib/Harness/src/harness.js' '{"_bound":0}'
*-- Coverage Data
*- File /root/ExpoSE/lib/Harness/src/harness.js. Coverage (Term): 18% Coverage (LOC): 24%
*- File /root/ExpoSE/lib/S$/bin/symbols.js. Coverage (Term): 16% Coverage (LOC): 34%
*- Re-run with EXPOSE_PRINT_COVERAGE=1 to print line by line coverage information
** ExpoSE Finished. 1 paths with 1 errors **
