/root/Targets/express-busboy
└─┬ express-busboy@6.0.1 
  ├─┬ body@5.1.0 
  │ ├── continuable-cache@0.3.1 
  │ ├─┬ error@7.0.2 
  │ │ ├── string-template@0.2.1 
  │ │ └── xtend@4.0.1 
  │ ├─┬ raw-body@1.1.7 
  │ │ ├── bytes@1.0.0 
  │ │ └── string_decoder@0.10.31 
  │ └── safe-json-parse@1.0.1 
  ├─┬ connect-busboy@0.0.2 
  │ └─┬ busboy@0.2.14 
  │   ├─┬ dicer@0.2.5 
  │   │ └── streamsearch@0.1.2 
  │   └─┬ readable-stream@1.1.14 
  │     ├── core-util-is@1.0.2 
  │     ├── inherits@2.0.3 
  │     └── isarray@0.0.1 
  ├─┬ mkdirp@0.5.1 
  │ └── minimist@0.0.8 
  ├── qs@6.5.1 
  └── uuid@1.4.2 

Setup Done exists, not setting up
:../FeatureTester/libs/:/root/Targets/express-busboy/node_modules
Set Default Z3_PATH to ./node_modules/z3javascript/bin/libz3.so
ExpoSE Master: /root/ExpoSE/lib/Harness/src/harness.js max concurrent: 16 max paths: 1000000
Setting timeout to 900000
*** [0 done /0 queued / 1 running / 0 errors / 0% coverage ] ****** [0 done /0 queued / 1 running / 0 errors / 0% coverage ] ****** [1 done /0 queued / 0 running / 1 errors / 33% coverage ] ***
*-- Stat Module Output --*
*-- concretizations: ["defineProperty","bound log"]
*-- Stat Module Done --*
*-- Test Case {"_bound":0} start 0.029 took 3.3079s
*-- Errors occured in test {"_bound":0}
* Error: SyntaxError: Unexpected token .
*-- Replay with NO_COMPILE=1 expoSE replay '/root/ExpoSE/lib/Harness/src/harness.js' '{"_bound":0}'
*-- Coverage Data
*- File /root/ExpoSE/lib/Harness/src/harness.js. Coverage (Term): 18% Coverage (LOC): 24%
*- File /root/ExpoSE/lib/S$/bin/symbols.js. Coverage (Term): 16% Coverage (LOC): 34%
*- Re-run with EXPOSE_PRINT_COVERAGE=1 to print line by line coverage information
** ExpoSE Finished. 1 paths with 1 errors **
