
> contextify@0.1.15 install /root/Targets/fabric-customise-controls/node_modules/contextify
> node-gyp rebuild

make: Entering directory '/root/Targets/fabric-customise-controls/node_modules/contextify/build'
  CXX(target) Release/obj.target/contextify/src/contextify.o
contextify.target.mk:94: recipe for target 'Release/obj.target/contextify/src/contextify.o' failed
make: Leaving directory '/root/Targets/fabric-customise-controls/node_modules/contextify/build'

> canvas@1.6.7 install /root/Targets/fabric-customise-controls/node_modules/canvas
> node-gyp rebuild

/root/Targets/fabric-customise-controls
└─┬ fabric-customise-controls@0.3.5 
  └─┬ fabric@1.7.19 
    └── xmldom@0.1.27 

Setup Done exists, not setting up
:../FeatureTester/libs/:/root/Targets/fabric-customise-controls/node_modules
Set Default Z3_PATH to ./node_modules/z3javascript/bin/libz3.so
ExpoSE Master: /root/ExpoSE/lib/Harness/src/harness.js max concurrent: 16 max paths: 1000000
Setting timeout to 900000
*** [0 done /0 queued / 1 running / 0 errors / 0% coverage ] ****** [0 done /0 queued / 1 running / 0 errors / 0% coverage ] ****** [1 done /0 queued / 0 running / 1 errors / 14.000000000000002% coverage ] ***
*-- Stat Module Output --*
*-- concretizations: ["defineProperty","bound log"]
*-- Stat Module Done --*
*-- Test Case {"_bound":0} start 0.0823 took 6.0415s
*-- Errors occured in test {"_bound":0}
* Error: ReferenceError: window is not defined
*-- Replay with NO_COMPILE=1 expoSE replay '/root/ExpoSE/lib/Harness/src/harness.js' '{"_bound":0}'
*-- Coverage Data
*- File /root/ExpoSE/lib/Harness/src/harness.js. Coverage (Term): 18% Coverage (LOC): 24%
*- File /root/ExpoSE/lib/S$/bin/symbols.js. Coverage (Term): 16% Coverage (LOC): 34%
*- File /root/Targets/fabric-customise-controls/node_modules/fabric-customise-controls/dist/customiseControls.js. Coverage (Term): 1% Coverage (LOC): 1%
*- Re-run with EXPOSE_PRINT_COVERAGE=1 to print line by line coverage information
** ExpoSE Finished. 1 paths with 1 errors **
