/root/Targets/fractal-js
└─┬ fractal-js@0.4.8 
  ├─┬ addressbar@1.0.3 
  │ ├── eventemitter3@2.0.3 
  │ └─┬ url-parse@1.1.9 
  │   ├── querystringify@1.0.0 
  │   └── requires-port@1.0.0 
  ├─┬ babel-runtime@6.26.0 
  │ ├── core-js@2.5.1 
  │ └── regenerator-runtime@0.11.0 
  ├── deep-diff@0.3.8 
  ├─┬ flyd@0.2.4 
  │ └── ramda@0.19.1 
  ├─┬ flyd-forwardto@0.0.2 
  │ └─┬ flyd@0.1.17 
  │   └── ramda@0.17.1 
  ├── free-style@2.4.1 
  ├── mori@0.3.2 
  ├── ramda@0.18.0 
  ├── snabbdom@0.5.4 
  ├─┬ union-type@0.1.6 
  │ └── ramda@0.15.1 
  └─┬ url-mapper@1.1.1 
    ├─┬ path-to-regexp@1.7.0 
    │ └── isarray@0.0.1 
    └── urlon@2.0.1 

Setup Done exists, not setting up
:../FeatureTester/libs/:/root/Targets/fractal-js/node_modules
Set Default Z3_PATH to ./node_modules/z3javascript/bin/libz3.so
ExpoSE Master: /root/ExpoSE/lib/Harness/src/harness.js max concurrent: 16 max paths: 1000000
Setting timeout to 900000
*** [0 done /0 queued / 1 running / 0 errors / 0% coverage ] ****** [0 done /0 queued / 1 running / 0 errors / 0% coverage ] ****** [1 done /0 queued / 0 running / 1 errors / 6% coverage ] ***
*-- Stat Module Output --*
*-- concretizations: ["defineProperty","bound log","call"]
*-- Stat Module Done --*
*-- Test Case {"_bound":0} start 0.0417 took 24.2394s
*-- Errors occured in test {"_bound":0}
* Error: ReferenceError: document is not defined
*-- Replay with NO_COMPILE=1 expoSE replay '/root/ExpoSE/lib/Harness/src/harness.js' '{"_bound":0}'
*-- Coverage Data
*- File /root/ExpoSE/lib/Harness/src/harness.js. Coverage (Term): 18% Coverage (LOC): 24%
*- File /root/ExpoSE/lib/S$/bin/symbols.js. Coverage (Term): 16% Coverage (LOC): 34%
*- File /root/Targets/fractal-js/node_modules/fractal-js/dist/fractal.js. Coverage (Term): 2% Coverage (LOC): 5%
*- Re-run with EXPOSE_PRINT_COVERAGE=1 to print line by line coverage information
** ExpoSE Finished. 1 paths with 1 errors **
