/root/Targets/generator-wupjs
└─┬ generator-wupjs@0.3.0 
  ├── camelcase@4.1.0 
  ├─┬ config@1.26.2 
  │ ├── json5@0.4.0 
  │ └── os-homedir@1.0.2 
  ├── decamelize@1.2.0 
  ├─┬ json-stable-stringify@1.0.1 
  │ └── jsonify@0.0.0 
  ├─┬ slug@0.9.1 
  │ └── unicode@10.0.0 
  ├── uppercamelcase@3.0.0 
  └─┬ yosay@1.2.1 
    ├── ansi-regex@2.1.1 
    ├── ansi-styles@2.2.1 
    ├─┬ chalk@1.1.3 
    │ ├── escape-string-regexp@1.0.5 
    │ ├── has-ansi@2.0.0 
    │ └── supports-color@2.0.0 
    ├── cli-boxes@1.0.0 
    ├── pad-component@0.0.1 
    ├─┬ repeating@2.0.1 
    │ └─┬ is-finite@1.0.2 
    │   └── number-is-nan@1.0.1 
    ├─┬ string-width@1.0.2 
    │ ├── code-point-at@1.1.0 
    │ └── is-fullwidth-code-point@1.0.0 
    ├── strip-ansi@3.0.1 
    ├─┬ taketalk@1.0.0 
    │ ├── get-stdin@4.0.1 
    │ └── minimist@1.2.0 
    └── wrap-ansi@2.1.0 

Setup Done exists, not setting up
:../FeatureTester/libs/:/root/Targets/generator-wupjs/node_modules
Set Default Z3_PATH to ./node_modules/z3javascript/bin/libz3.so
ExpoSE Master: /root/ExpoSE/lib/Harness/src/harness.js max concurrent: 16 max paths: 1000000
Setting timeout to 900000
*** [0 done /0 queued / 1 running / 0 errors / 0% coverage ] ****** [0 done /0 queued / 1 running / 0 errors / 0% coverage ] ****** [1 done /0 queued / 0 running / 1 errors / 33% coverage ] ***
*-- Stat Module Output --*
*-- concretizations: ["defineProperty","bound log"]
*-- Stat Module Done --*
*-- Test Case {"_bound":0} start 0.0619 took 5.4462s
*-- Errors occured in test {"_bound":0}
* Error: Error: Cannot find module 'generator-wupjs'
*-- Replay with NO_COMPILE=1 expoSE replay '/root/ExpoSE/lib/Harness/src/harness.js' '{"_bound":0}'
*-- Coverage Data
*- File /root/ExpoSE/lib/Harness/src/harness.js. Coverage (Term): 18% Coverage (LOC): 24%
*- File /root/ExpoSE/lib/S$/bin/symbols.js. Coverage (Term): 16% Coverage (LOC): 34%
*- Re-run with EXPOSE_PRINT_COVERAGE=1 to print line by line coverage information
** ExpoSE Finished. 1 paths with 1 errors **
