/root/Targets/greg-slider
└─┬ greg-slider@0.0.6 
  ├─┬ cuid@1.3.8 
  │ ├── browser-fingerprint@0.0.1 
  │ ├── core-js@1.2.7 
  │ └── node-fingerprint@0.0.2 
  ├── lodash@3.10.1 
  ├─┬ react-draggable@0.8.5 
  │ ├── classnames@2.2.5 
  │ └── object-assign@4.1.1 
  └─┬ react_explicit_prop_declaration@0.1.0 
    └─┬ thicket@1.2.1 
      ├── bluebird@2.2.2 
      ├─┬ js-yaml@3.10.0 
      │ ├─┬ argparse@1.0.9 
      │ │ └── sprintf-js@1.0.3 
      │ └── esprima@4.0.0 
      ├── mori@0.2.9 
      ├─┬ nopt@3.0.1 
      │ └── abbrev@1.1.1 
      └── underscore@1.7.0 

Setup Done exists, not setting up
:../FeatureTester/libs/:/root/Targets/greg-slider/node_modules
Set Default Z3_PATH to ./node_modules/z3javascript/bin/libz3.so
ExpoSE Master: /root/ExpoSE/lib/Harness/src/harness.js max concurrent: 16 max paths: 1000000
Setting timeout to 900000
*** [0 done /0 queued / 1 running / 0 errors / 0% coverage ] ****** [0 done /0 queued / 1 running / 0 errors / 0% coverage ] ****** [1 done /0 queued / 0 running / 1 errors / 4% coverage ] ***
*-- Stat Module Output --*
*-- concretizations: ["defineProperty","bound log","call"]
*-- Stat Module Done --*
*-- Test Case {"_bound":0} start 0.0562 took 124.1958s
*-- Errors occured in test {"_bound":0}
* Error: Error: Cannot find module 'react'
*-- Replay with NO_COMPILE=1 expoSE replay '/root/ExpoSE/lib/Harness/src/harness.js' '{"_bound":0}'
*-- Coverage Data
*- File /root/ExpoSE/lib/Harness/src/harness.js. Coverage (Term): 18% Coverage (LOC): 24%
*- File /root/ExpoSE/lib/S$/bin/symbols.js. Coverage (Term): 16% Coverage (LOC): 34%
*- File /root/Targets/greg-slider/node_modules/greg-slider/dist/slider.js. Coverage (Term): 1% Coverage (LOC): 4%
*- Re-run with EXPOSE_PRINT_COVERAGE=1 to print line by line coverage information
** ExpoSE Finished. 1 paths with 1 errors **
