
> phantomjs@2.1.7 install /root/Targets/grunt-regress/node_modules/phantomjs
> node install.js

PhantomJS not found on PATH
Downloading https://github.com/Medium/phantomjs/releases/download/v2.1.1//phantomjs-2.1.1-linux-x86_64.tar.bz2
Saving to /root/Targets/grunt-regress/node_modules/phantomjs/phantomjs/phantomjs-2.1.1-linux-x86_64.tar.bz2
Receiving...

Received 22866K total.
Extracting tar contents (via spawned process)
Removing /root/Targets/grunt-regress/node_modules/phantomjs/lib/phantom
Copying extracted folder /root/Targets/grunt-regress/node_modules/phantomjs/phantomjs/phantomjs-2.1.1-linux-x86_64.tar.bz2-extract-1506967968456/phantomjs-2.1.1-linux-x86_64 -> /root/Targets/grunt-regress/node_modules/phantomjs/lib/phantom
Writing location.js file
Done. Phantomjs binary available at /root/Targets/grunt-regress/node_modules/phantomjs/lib/phantom/bin/phantomjs
/root/Targets/grunt-regress
├── UNMET PEER DEPENDENCY grunt@>=0.4.0
└─┬ grunt-regress@0.1.2 
  ├─┬ base64-stream@0.1.3 
  │ └─┬ readable-stream@2.3.3 
  │   ├── core-util-is@1.0.2 
  │   ├── inherits@2.0.3 
  │   ├── isarray@1.0.0 
  │   ├── process-nextick-args@1.0.7 
  │   ├── safe-buffer@5.1.1 
  │   ├── string_decoder@1.0.3 
  │   └── util-deprecate@1.0.2 
  ├── bluebird@2.11.0 
  ├── es5-shim@4.5.9 
  ├── lodash@3.10.1 
  ├─┬ mkdirp@0.5.1 
  │ └── minimist@0.0.8 
  ├─┬ node-resemble-js@0.0.4 
  │ └── pngjs@0.4.0 
  ├── object-assign@2.1.1 
  ├── open@0.0.5 
  ├─┬ parse-cookie-phantomjs@1.2.0 
  │ └─┬ tough-cookie@2.3.3 
  │   └── punycode@1.4.1 
  ├─┬ parse-headers@2.0.1 
  │ ├─┬ for-each@0.3.2 
  │ │ └── is-function@1.0.1 
  │ └── trim@0.0.1 
  └─┬ phantomjs@2.1.7 
    ├─┬ extract-zip@1.5.0 
    │ ├─┬ concat-stream@1.5.0 
    │ │ ├─┬ readable-stream@2.0.6 
    │ │ │ └── string_decoder@0.10.31 
    │ │ └── typedarray@0.0.6 
    │ ├── debug@0.7.4 
    │ ├── mkdirp@0.5.0 
    │ └─┬ yauzl@2.4.1 
    │   └─┬ fd-slicer@1.0.1 
    │     └── pend@1.2.0 
    ├─┬ fs-extra@0.26.7 
    │ ├── graceful-fs@4.1.11 
    │ ├── jsonfile@2.4.0 
    │ ├── klaw@1.3.1 
    │ ├── path-is-absolute@1.0.1 
    │ └─┬ rimraf@2.6.2 
    │   └─┬ glob@7.1.2 
    │     ├── fs.realpath@1.0.0 
    │     ├─┬ inflight@1.0.6 
    │     │ └── wrappy@1.0.2 
    │     ├─┬ minimatch@3.0.4 
    │     │ └─┬ brace-expansion@1.1.8 
    │     │   ├── balanced-match@1.0.0 
    │     │   └── concat-map@0.0.1 
    │     └── once@1.4.0 
    ├─┬ hasha@2.2.0 
    │ ├── is-stream@1.1.0 
    │ └─┬ pinkie-promise@2.0.1 
    │   └── pinkie@2.0.4 
    ├── kew@0.7.0 
    ├── progress@1.1.8 
    ├─┬ request@2.67.0 
    │ ├── aws-sign2@0.6.0 
    │ ├─┬ bl@1.0.3 
    │ │ └─┬ readable-stream@2.0.6 
    │ │   └── string_decoder@0.10.31 
    │ ├── caseless@0.11.0 
    │ ├─┬ combined-stream@1.0.5 
    │ │ └── delayed-stream@1.0.0 
    │ ├── extend@3.0.1 
    │ ├── forever-agent@0.6.1 
    │ ├─┬ form-data@1.0.1 
    │ │ └─┬ async@2.5.0 
    │ │   └── lodash@4.17.4 
    │ ├─┬ har-validator@2.0.6 
    │ │ ├─┬ chalk@1.1.3 
    │ │ │ ├── ansi-styles@2.2.1 
    │ │ │ ├── escape-string-regexp@1.0.5 
    │ │ │ ├─┬ has-ansi@2.0.0 
    │ │ │ │ └── ansi-regex@2.1.1 
    │ │ │ ├── strip-ansi@3.0.1 
    │ │ │ └── supports-color@2.0.0 
    │ │ ├── commander@2.11.0 
    │ │ └─┬ is-my-json-valid@2.16.1 
    │ │   ├── generate-function@2.0.0 
    │ │   ├─┬ generate-object-property@1.2.0 
    │ │   │ └── is-property@1.0.2 
    │ │   ├── jsonpointer@4.0.1 
    │ │   └── xtend@4.0.1 
    │ ├─┬ hawk@3.1.3 
    │ │ ├── boom@2.10.1 
    │ │ ├── cryptiles@2.0.5 
    │ │ ├── hoek@2.16.3 
    │ │ └── sntp@1.0.9 
    │ ├─┬ http-signature@1.1.1 
    │ │ ├── assert-plus@0.2.0 
    │ │ ├─┬ jsprim@1.4.1 
    │ │ │ ├── assert-plus@1.0.0 
    │ │ │ ├── extsprintf@1.3.0 
    │ │ │ ├── json-schema@0.2.3 
    │ │ │ └─┬ verror@1.10.0 
    │ │ │   └── assert-plus@1.0.0 
    │ │ └─┬ sshpk@1.13.1 
    │ │   ├── asn1@0.2.3 
    │ │   ├── assert-plus@1.0.0 
    │ │   ├── bcrypt-pbkdf@1.0.1 
    │ │   ├─┬ dashdash@1.14.1 
    │ │   │ └── assert-plus@1.0.0 
    │ │   ├── ecc-jsbn@0.1.1 
    │ │   ├─┬ getpass@0.1.7 
    │ │   │ └── assert-plus@1.0.0 
    │ │   ├── jsbn@0.1.1 
    │ │   └── tweetnacl@0.14.5 
    │ ├── is-typedarray@1.0.0 
    │ ├── isstream@0.1.2 
    │ ├── json-stringify-safe@5.0.1 
    │ ├─┬ mime-types@2.1.17 
    │ │ └── mime-db@1.30.0 
    │ ├── node-uuid@1.4.8 
    │ ├── oauth-sign@0.8.2 
    │ ├── qs@5.2.1 
    │ ├── stringstream@0.0.5 
    │ ├── tough-cookie@2.2.2 
    │ └── tunnel-agent@0.4.3 
    ├─┬ request-progress@2.0.1 
    │ └── throttleit@1.0.0 
    └─┬ which@1.2.14 
      └── isexe@2.0.0 

Setup Done exists, not setting up
:../FeatureTester/libs/:/root/Targets/grunt-regress/node_modules
Set Default Z3_PATH to ./node_modules/z3javascript/bin/libz3.so
ExpoSE Master: /root/ExpoSE/lib/Harness/src/harness.js max concurrent: 16 max paths: 1000000
Setting timeout to 900000
*** [0 done /0 queued / 1 running / 0 errors / 0% coverage ] ****** [0 done /0 queued / 1 running / 0 errors / 0% coverage ] ****** [1 done /0 queued / 0 running / 1 errors / 33% coverage ] ***
*-- Stat Module Output --*
*-- concretizations: ["defineProperty","bound log"]
*-- Stat Module Done --*
*-- Test Case {"_bound":0} start 0.0444 took 3.6656s
*-- Errors occured in test {"_bound":0}
* Error: Error: Cannot find module 'grunt-regress'
*-- Replay with NO_COMPILE=1 expoSE replay '/root/ExpoSE/lib/Harness/src/harness.js' '{"_bound":0}'
*-- Coverage Data
*- File /root/ExpoSE/lib/Harness/src/harness.js. Coverage (Term): 18% Coverage (LOC): 24%
*- File /root/ExpoSE/lib/S$/bin/symbols.js. Coverage (Term): 16% Coverage (LOC): 34%
*- Re-run with EXPOSE_PRINT_COVERAGE=1 to print line by line coverage information
** ExpoSE Finished. 1 paths with 1 errors **
