/root/Targets/grunt-cachebust-width-temp
├── UNMET PEER DEPENDENCY grunt@~0.4.0
└─┬ grunt-cachebust-width-temp@0.1.2 
  ├─┬ cheerio@0.14.0 
  │ ├─┬ CSSselect@0.4.1 
  │ │ ├── CSSwhat@0.4.7 
  │ │ └── domutils@1.4.3 
  │ ├── entities@1.0.0 
  │ ├─┬ htmlparser2@3.7.3 
  │ │ ├── domelementtype@1.3.0 
  │ │ ├── domhandler@2.2.1 
  │ │ ├─┬ domutils@1.5.1 
  │ │ │ └─┬ dom-serializer@0.1.0 
  │ │ │   ├── domelementtype@1.1.3 
  │ │ │   └── entities@1.1.1 
  │ │ └─┬ readable-stream@1.1.14 
  │ │   ├── core-util-is@1.0.2 
  │ │   ├── inherits@2.0.3 
  │ │   ├── isarray@0.0.1 
  │ │   └── string_decoder@0.10.31 
  │ └── lodash@2.4.2 
  └─┬ css@1.6.0 
    ├── css-parse@1.7.0 
    └─┬ css-stringify@1.4.1 
      └─┬ source-map@0.1.43 
        └── amdefine@1.0.1 

Setup Done exists, not setting up
:../FeatureTester/libs/:/root/Targets/grunt-cachebust-width-temp/node_modules
Set Default Z3_PATH to ./node_modules/z3javascript/bin/libz3.so
ExpoSE Master: /root/ExpoSE/lib/Harness/src/harness.js max concurrent: 16 max paths: 1000000
Setting timeout to 900000
*** [0 done /0 queued / 1 running / 0 errors / 0% coverage ] ****** [0 done /0 queued / 1 running / 0 errors / 0% coverage ] ****** [1 done /0 queued / 0 running / 1 errors / 33% coverage ] ***
*-- Stat Module Output --*
*-- concretizations: ["defineProperty","bound log"]
*-- Stat Module Done --*
*-- Test Case {"_bound":0} start 0.02 took 1.715s
*-- Errors occured in test {"_bound":0}
* Error: Error: Cannot find module 'grunt-cachebust-width-temp'
*-- Replay with NO_COMPILE=1 expoSE replay '/root/ExpoSE/lib/Harness/src/harness.js' '{"_bound":0}'
*-- Coverage Data
*- File /root/ExpoSE/lib/Harness/src/harness.js. Coverage (Term): 18% Coverage (LOC): 24%
*- File /root/ExpoSE/lib/S$/bin/symbols.js. Coverage (Term): 16% Coverage (LOC): 34%
*- Re-run with EXPOSE_PRINT_COVERAGE=1 to print line by line coverage information
** ExpoSE Finished. 1 paths with 1 errors **
