/root/Targets/grunt-smart-assets
└─┬ grunt-smart-assets@0.1.3 
  ├── UNMET PEER DEPENDENCY grunt@~0.4.0
  ├─┬ grunt-contrib-clean@0.5.0 
  │ └── rimraf@2.2.8 
  ├─┬ grunt-contrib-coffee@0.12.0 
  │ ├─┬ chalk@0.5.1 
  │ │ ├── ansi-styles@1.1.0 
  │ │ ├── escape-string-regexp@1.0.5 
  │ │ ├─┬ has-ansi@0.1.0 
  │ │ │ └── ansi-regex@0.2.1 
  │ │ ├── strip-ansi@0.3.0 
  │ │ └── supports-color@0.2.0 
  │ ├─┬ coffee-script@1.8.0 
  │ │ └── mkdirp@0.3.5 
  │ └── uri-path@0.0.2 
  ├── grunt-contrib-copy@0.7.0 
  ├─┬ grunt-contrib-sass@0.8.1 
  │ ├── async@0.9.2 
  │ ├── dargs@2.1.0 
  │ ├─┬ which@1.3.0 
  │ │ └── isexe@2.0.0 
  │ └── win-spawn@2.0.0 
  └── lodash@2.4.2 

Setup Done exists, not setting up
:../FeatureTester/libs/:/root/Targets/grunt-smart-assets/node_modules
Set Default Z3_PATH to ./node_modules/z3javascript/bin/libz3.so
ExpoSE Master: /root/ExpoSE/lib/Harness/src/harness.js max concurrent: 16 max paths: 1000000
Setting timeout to 900000
*** [0 done /0 queued / 1 running / 0 errors / 0% coverage ] ****** [0 done /0 queued / 1 running / 0 errors / 0% coverage ] ****** [1 done /0 queued / 0 running / 1 errors / 33% coverage ] ***
*-- Stat Module Output --*
*-- concretizations: ["defineProperty","bound log"]
*-- Stat Module Done --*
*-- Test Case {"_bound":0} start 0.0219 took 3.7823s
*-- Errors occured in test {"_bound":0}
* Error: Error: Cannot find module 'grunt-smart-assets'
*-- Replay with NO_COMPILE=1 expoSE replay '/root/ExpoSE/lib/Harness/src/harness.js' '{"_bound":0}'
*-- Coverage Data
*- File /root/ExpoSE/lib/Harness/src/harness.js. Coverage (Term): 18% Coverage (LOC): 24%
*- File /root/ExpoSE/lib/S$/bin/symbols.js. Coverage (Term): 16% Coverage (LOC): 34%
*- Re-run with EXPOSE_PRINT_COVERAGE=1 to print line by line coverage information
** ExpoSE Finished. 1 paths with 1 errors **
