- assert-plus@1.0.0 node_modules/dashdash/node_modules/assert-plus
- assert-plus@1.0.0 node_modules/getpass/node_modules/assert-plus
- assert-plus@1.0.0 node_modules/jsprim/node_modules/assert-plus
- qs@6.4.0 node_modules/request/node_modules/qs
- assert-plus@1.0.0 node_modules/sshpk/node_modules/assert-plus
- assert-plus@1.0.0 node_modules/verror/node_modules/assert-plus
/root/Targets/gulp-rax-qap
└─┬ gulp-rax-qap@0.0.23 
  ├─┬ npminstall@2.30.2
  │ ├─┬ node-gyp@3.6.2
  │ │ └─┬ npmlog@4.1.2
  │ │   └─┬ gauge@2.7.4
  │ │     └── aproba@1.2.0 
  │ └─┬ urllib@2.25.0
  │   └─┬ proxy-agent@2.1.0
  │     └─┬ pac-proxy-agent@2.0.0
  │       └── socks-proxy-agent@3.0.1 
  ├─┬ request@2.82.0 
  │ ├── aws-sign2@0.7.0 
  │ ├── form-data@2.3.1 
  │ ├─┬ har-validator@5.0.3 
  │ │ ├─┬ ajv@5.2.2 
  │ │ │ ├── fast-deep-equal@1.0.0 
  │ │ │ └── json-schema-traverse@0.3.1 
  │ │ └── har-schema@2.0.0 
  │ ├─┬ hawk@6.0.2 
  │ │ ├── boom@4.3.1 
  │ │ ├─┬ cryptiles@3.1.2 
  │ │ │ └── boom@5.2.0 
  │ │ ├── hoek@4.2.0 
  │ │ └── sntp@2.0.2 
  │ ├─┬ http-signature@1.2.0 
  │ │ └── assert-plus@1.0.0 
  │ └── performance-now@2.1.0 
  └─┬ weex-loader@0.4.5
    ├─┬ babel-preset-es2015@6.24.1
    │ └─┬ babel-plugin-transform-es2015-unicode-regex@6.24.1
    │   └─┬ regexpu-core@2.0.0
    │     └── regenerate@1.3.3 
    └── UNMET PEER DEPENDENCY css-loader@*

Setup Done exists, not setting up
:../FeatureTester/libs/:/root/Targets/gulp-rax-qap/node_modules
Set Default Z3_PATH to ./node_modules/z3javascript/bin/libz3.so
ExpoSE Master: /root/ExpoSE/lib/Harness/src/harness.js max concurrent: 16 max paths: 1000000
Setting timeout to 900000
*** [0 done /0 queued / 1 running / 0 errors / 0% coverage ] ****** [0 done /0 queued / 1 running / 0 errors / 0% coverage ] ****** [1 done /0 queued / 0 running / 1 errors / 35% coverage ] ***
*-- Stat Module Output --*
*-- concretizations: ["defineProperty","bound log","Object","Function"]
*-- Stat Module Done --*
*-- Test Case {"_bound":0} start 0.045 took 5.5066s
*-- Errors occured in test {"_bound":0}
* Error: ReferenceError: require is not defined
*-- Replay with NO_COMPILE=1 expoSE replay '/root/ExpoSE/lib/Harness/src/harness.js' '{"_bound":0}'
*-- Coverage Data
*- File /root/ExpoSE/lib/Harness/src/harness.js. Coverage (Term): 18% Coverage (LOC): 24%
*- File /root/ExpoSE/lib/S$/bin/symbols.js. Coverage (Term): 16% Coverage (LOC): 34%
*- File /root/Targets/gulp-rax-qap/node_modules/gulp-rax-qap/dist/index.js. Coverage (Term): 34% Coverage (LOC): 56%
*- File /root/Targets/gulp-rax-qap/node_modules/gulp-rax-qap/dist/common/autoupdate.js. Coverage (Term): 11% Coverage (LOC): 15%
*- File /root/Targets/gulp-rax-qap/node_modules/babel-core/register.js. Coverage (Term): 80% Coverage (LOC): 100%
*- File /root/Targets/gulp-rax-qap/node_modules/babel-register/lib/node.js. Coverage (Term): 9% Coverage (LOC): 11%
*- File /root/Targets/gulp-rax-qap/node_modules/babel-runtime/core-js/object/keys.js. Coverage (Term): 73% Coverage (LOC): 83%
*- File /root/Targets/gulp-rax-qap/node_modules/core-js/library/fn/object/keys.js. Coverage (Term): 58% Coverage (LOC): 100%
*- File /root/Targets/gulp-rax-qap/node_modules/core-js/library/modules/es6.object.keys.js. Coverage (Term): 42% Coverage (LOC): 63%
*- File /root/Targets/gulp-rax-qap/node_modules/core-js/library/modules/_to-object.js. Coverage (Term): 64% Coverage (LOC): 83%
*- File /root/Targets/gulp-rax-qap/node_modules/core-js/library/modules/_defined.js. Coverage (Term): 45% Coverage (LOC): 57%
*- File /root/Targets/gulp-rax-qap/node_modules/core-js/library/modules/_object-keys.js. Coverage (Term): 38% Coverage (LOC): 57%
*- File /root/Targets/gulp-rax-qap/node_modules/core-js/library/modules/_object-keys-internal.js. Coverage (Term): 31% Coverage (LOC): 37%
*- File /root/Targets/gulp-rax-qap/node_modules/core-js/library/modules/_has.js. Coverage (Term): 61% Coverage (LOC): 83%
*- File /root/Targets/gulp-rax-qap/node_modules/core-js/library/modules/_to-iobject.js. Coverage (Term): 69% Coverage (LOC): 86%
*- File /root/Targets/gulp-rax-qap/node_modules/core-js/library/modules/_iobject.js. Coverage (Term): 57% Coverage (LOC): 83%
*- File /root/Targets/gulp-rax-qap/node_modules/core-js/library/modules/_cof.js. Coverage (Term): 56% Coverage (LOC): 83%
*- File /root/Targets/gulp-rax-qap/node_modules/core-js/library/modules/_array-includes.js. Coverage (Term): 30% Coverage (LOC): 35%
*- File /root/Targets/gulp-rax-qap/node_modules/core-js/library/modules/_to-length.js. Coverage (Term): 58% Coverage (LOC): 86%
*- File /root/Targets/gulp-rax-qap/node_modules/core-js/library/modules/_to-integer.js. Coverage (Term): 52% Coverage (LOC): 86%
*- File /root/Targets/gulp-rax-qap/node_modules/core-js/library/modules/_to-absolute-index.js. Coverage (Term): 53% Coverage (LOC): 78%
*- File /root/Targets/gulp-rax-qap/node_modules/core-js/library/modules/_shared-key.js. Coverage (Term): 35% Coverage (LOC): 57%
*- File /root/Targets/gulp-rax-qap/node_modules/core-js/library/modules/_shared.js. Coverage (Term): 33% Coverage (LOC): 50%
*- File /root/Targets/gulp-rax-qap/node_modules/core-js/library/modules/_global.js. Coverage (Term): 55% Coverage (LOC): 80%
*- File evalIndirect. Coverage (Term): 17% Coverage (LOC): 25%
*- Re-run with EXPOSE_PRINT_COVERAGE=1 to print line by line coverage information
** ExpoSE Finished. 1 paths with 1 errors **
