/root/Targets/guyue1984
├─┬ guyue1984@1.2.5 
│ ├─┬ async-validator@1.8.1 
│ │ └─┬ babel-runtime@6.26.0 
│ │   ├── core-js@2.5.1 
│ │   └── regenerator-runtime@0.11.0 
│ ├── babel-helper-vue-jsx-merge-props@2.0.2 
│ ├── deepmerge@1.5.2 
│ ├─┬ element-ui@1.4.6 
│ │ └── async-validator@1.6.9 
│ ├─┬ postcss@5.2.18 
│ │ ├─┬ chalk@1.1.3 
│ │ │ ├── ansi-styles@2.2.1 
│ │ │ ├── escape-string-regexp@1.0.5 
│ │ │ ├─┬ has-ansi@2.0.0 
│ │ │ │ └── ansi-regex@2.1.1 
│ │ │ ├── strip-ansi@3.0.1 
│ │ │ └── supports-color@2.0.0 
│ │ ├── js-base64@2.3.2 
│ │ ├── source-map@0.5.7 
│ │ └─┬ supports-color@3.2.3 
│ │   └── has-flag@1.0.0 
│ ├─┬ postcss-loader@0.11.1 
│ │ ├─┬ babel-code-frame@6.26.0 
│ │ │ ├── esutils@2.0.2 
│ │ │ └── js-tokens@3.0.2 
│ │ └─┬ loader-utils@0.2.17 
│ │   ├── big.js@3.2.0 
│ │   ├── emojis-list@2.1.0 
│ │   ├── json5@0.5.1 
│ │   └── object-assign@4.1.1 
│ ├── throttle-debounce@1.0.1 
│ ├── UNMET PEER DEPENDENCY vue@^2.3.0
│ ├─┬ vue-resource@1.3.4 
│ │ └─┬ got@7.1.0 
│ │   ├─┬ decompress-response@3.3.0 
│ │   │ └── mimic-response@1.0.0 
│ │   ├── duplexer3@0.1.4 
│ │   ├── get-stream@3.0.0 
│ │   ├── is-plain-obj@1.1.0 
│ │   ├── is-retry-allowed@1.1.0 
│ │   ├── is-stream@1.1.0 
│ │   ├─┬ isurl@1.0.0 
│ │   │ ├─┬ has-to-string-tag-x@1.4.1 
│ │   │ │ └── has-symbol-support-x@1.4.1 
│ │   │ └── is-object@1.0.1 
│ │   ├── lowercase-keys@1.0.0 
│ │   ├── p-cancelable@0.3.0 
│ │   ├─┬ p-timeout@1.2.0 
│ │   │ └── p-finally@1.0.0 
│ │   ├── safe-buffer@5.1.1 
│ │   ├── timed-out@4.0.1 
│ │   ├─┬ url-parse-lax@1.0.0 
│ │   │ └── prepend-http@1.0.4 
│ │   └── url-to-options@1.0.1 
│ └── vue-router@2.7.0 
└── UNMET PEER DEPENDENCY vue@^2.1.6

Setup Done exists, not setting up
:../FeatureTester/libs/:/root/Targets/guyue1984/node_modules
Set Default Z3_PATH to ./node_modules/z3javascript/bin/libz3.so
ExpoSE Master: /root/ExpoSE/lib/Harness/src/harness.js max concurrent: 16 max paths: 1000000
Setting timeout to 900000
*** [0 done /0 queued / 1 running / 0 errors / 0% coverage ] ****** [0 done /0 queued / 1 running / 0 errors / 0% coverage ] ****** [1 done /0 queued / 0 running / 1 errors / 33% coverage ] ***
*-- Stat Module Output --*
*-- concretizations: ["defineProperty","bound log"]
*-- Stat Module Done --*
*-- Test Case {"_bound":0} start 0.0698 took 3.0341s
*-- Errors occured in test {"_bound":0}
* Error: Error: Cannot find module 'guyue1984'
*-- Replay with NO_COMPILE=1 expoSE replay '/root/ExpoSE/lib/Harness/src/harness.js' '{"_bound":0}'
*-- Coverage Data
*- File /root/ExpoSE/lib/Harness/src/harness.js. Coverage (Term): 18% Coverage (LOC): 24%
*- File /root/ExpoSE/lib/S$/bin/symbols.js. Coverage (Term): 16% Coverage (LOC): 34%
*- Re-run with EXPOSE_PRINT_COVERAGE=1 to print line by line coverage information
** ExpoSE Finished. 1 paths with 1 errors **
