
> ws@0.4.32 install /root/Targets/headless-inspector/node_modules/ws
> (node-gyp rebuild 2> builderror.log) || (exit 0)

make: Entering directory '/root/Targets/headless-inspector/node_modules/ws/build'
  CXX(target) Release/obj.target/bufferutil/src/bufferutil.o
bufferutil.target.mk:96: recipe for target 'Release/obj.target/bufferutil/src/bufferutil.o' failed
make: Leaving directory '/root/Targets/headless-inspector/node_modules/ws/build'
/root/Targets/headless-inspector
└─┬ headless-inspector@0.1.3 
  ├── ansi@0.3.1 
  └─┬ ws@0.4.32 
    ├── commander@2.1.0 
    ├── nan@1.0.0 
    ├── options@0.0.6 
    └── tinycolor@0.0.1 

Setup Done exists, not setting up
:../FeatureTester/libs/:/root/Targets/headless-inspector/node_modules
Set Default Z3_PATH to ./node_modules/z3javascript/bin/libz3.so
ExpoSE Master: /root/ExpoSE/lib/Harness/src/harness.js max concurrent: 16 max paths: 1000000
Setting timeout to 900000
*** [0 done /0 queued / 1 running / 0 errors / 0% coverage ] ****** [0 done /0 queued / 1 running / 0 errors / 0% coverage ] ****** [1 done /0 queued / 0 running / 1 errors / 33% coverage ] ***
*-- Stat Module Output --*
*-- concretizations: ["defineProperty","bound log"]
*-- Stat Module Done --*
*-- Test Case {"_bound":0} start 0.0642 took 2.4441s
*-- Errors occured in test {"_bound":0}
* Error: Error: Cannot find module 'headless-inspector'
*-- Replay with NO_COMPILE=1 expoSE replay '/root/ExpoSE/lib/Harness/src/harness.js' '{"_bound":0}'
*-- Coverage Data
*- File /root/ExpoSE/lib/Harness/src/harness.js. Coverage (Term): 18% Coverage (LOC): 24%
*- File /root/ExpoSE/lib/S$/bin/symbols.js. Coverage (Term): 16% Coverage (LOC): 34%
*- Re-run with EXPOSE_PRINT_COVERAGE=1 to print line by line coverage information
** ExpoSE Finished. 1 paths with 1 errors **
