- assert-plus@1.0.0 node_modules/dashdash/node_modules/assert-plus
- assert-plus@1.0.0 node_modules/getpass/node_modules/assert-plus
- assert-plus@1.0.0 node_modules/jsprim/node_modules/assert-plus
- assert-plus@1.0.0 node_modules/sshpk/node_modules/assert-plus
- assert-plus@1.0.0 node_modules/verror/node_modules/assert-plus
/root/Targets/hovercards
└─┬ hovercards@3.10.2 
  ├─┬ googleapis@12.4.0
  │ └─┬ google-auth-library@0.9.10
  │   └─┬ request@2.74.0
  │     ├── aws-sign2@0.6.0 
  │     ├─┬ hawk@3.1.3 
  │     │ ├── boom@2.10.1 
  │     │ ├── cryptiles@2.0.5 
  │     │ ├── hoek@2.16.3 
  │     │ └── sntp@1.0.9 
  │     └─┬ http-signature@1.1.1 
  │       └── assert-plus@0.2.0 
  ├─┬ open-graph-scraper@2.5.5
  │ └─┬ request@2.81.0 
  │   ├── aws-sign2@0.6.0 
  │   ├── form-data@2.1.4 
  │   ├─┬ har-validator@4.2.1 
  │   │ ├── ajv@4.11.8 
  │   │ └── har-schema@1.0.5 
  │   ├─┬ hawk@3.1.3 
  │   │ ├── boom@2.10.1 
  │   │ ├── cryptiles@2.0.5 
  │   │ ├── hoek@2.16.3 
  │   │ └── sntp@1.0.9 
  │   ├─┬ http-signature@1.1.1 
  │   │ └── assert-plus@0.2.0 
  │   ├── performance-now@0.2.0 
  │   └── qs@6.4.0 
  └─┬ request@2.82.0 
    ├── aws-sign2@0.7.0 
    ├── form-data@2.3.1 
    ├─┬ har-validator@5.0.3 
    │ ├─┬ ajv@5.2.2 
    │ │ ├── fast-deep-equal@1.0.0 
    │ │ └── json-schema-traverse@0.3.1 
    │ └── har-schema@2.0.0 
    ├─┬ hawk@6.0.2 
    │ ├── boom@4.3.1 
    │ ├─┬ cryptiles@3.1.2 
    │ │ └── boom@5.2.0 
    │ ├── hoek@4.2.0 
    │ └── sntp@2.0.2 
    ├─┬ http-signature@1.2.0 
    │ └── assert-plus@1.0.0 
    ├── performance-now@2.1.0 
    └── qs@6.5.1 

Setup Done exists, not setting up
:../FeatureTester/libs/:/root/Targets/hovercards/node_modules
Set Default Z3_PATH to ./node_modules/z3javascript/bin/libz3.so
ExpoSE Master: /root/ExpoSE/lib/Harness/src/harness.js max concurrent: 16 max paths: 1000000
Setting timeout to 900000
*** [0 done /0 queued / 1 running / 0 errors / 0% coverage ] ****** [0 done /0 queued / 1 running / 0 errors / 0% coverage ] ****** [1 done /0 queued / 0 running / 1 errors / 33% coverage ] ***
*-- Stat Module Output --*
*-- concretizations: ["defineProperty","bound log"]
*-- Stat Module Done --*
*-- Test Case {"_bound":0} start 0.0736 took 5.3618s
*-- Errors occured in test {"_bound":0}
* Error: Error: Cannot find module 'hovercards'
*-- Replay with NO_COMPILE=1 expoSE replay '/root/ExpoSE/lib/Harness/src/harness.js' '{"_bound":0}'
*-- Coverage Data
*- File /root/ExpoSE/lib/Harness/src/harness.js. Coverage (Term): 18% Coverage (LOC): 24%
*- File /root/ExpoSE/lib/S$/bin/symbols.js. Coverage (Term): 16% Coverage (LOC): 34%
*- Re-run with EXPOSE_PRINT_COVERAGE=1 to print line by line coverage information
** ExpoSE Finished. 1 paths with 1 errors **
