/root/Targets/http-ravendb
└─┬ http-ravendb@0.0.9 
  ├─┬ buffer-browserify@0.2.5 
  │ └── base64-js@0.0.8 
  ├─┬ http-browserify@1.7.0 
  │ ├── Base64@0.2.1 
  │ └── inherits@2.0.3 
  └─┬ ravendb@0.1.0 
    ├── request@2.1.1 
    ├─┬ testino@0.0.3 
    │ ├─┬ argparse@1.0.9 
    │ │ └── sprintf-js@1.0.3 
    │ └─┬ glob@7.1.2 
    │   ├── fs.realpath@1.0.0 
    │   ├─┬ inflight@1.0.6 
    │   │ └── wrappy@1.0.2 
    │   ├─┬ minimatch@3.0.4 
    │   │ └─┬ brace-expansion@1.1.8 
    │   │   ├── balanced-match@1.0.0 
    │   │   └── concat-map@0.0.1 
    │   ├── once@1.4.0 
    │   └── path-is-absolute@1.0.1 
    └── underscore@1.4.4 

Setup Done exists, not setting up
:../FeatureTester/libs/:/root/Targets/http-ravendb/node_modules
Set Default Z3_PATH to ./node_modules/z3javascript/bin/libz3.so
ExpoSE Master: /root/ExpoSE/lib/Harness/src/harness.js max concurrent: 16 max paths: 1000000
Setting timeout to 900000
*** [0 done /0 queued / 1 running / 0 errors / 0% coverage ] ****** [0 done /0 queued / 1 running / 0 errors / 0% coverage ] ****** [1 done /0 queued / 0 running / 1 errors / 33% coverage ] ***
*-- Stat Module Output --*
*-- concretizations: ["defineProperty","bound log"]
*-- Stat Module Done --*
*-- Test Case {"_bound":0} start 0.0575 took 1.5857s
*-- Errors occured in test {"_bound":0}
* Error: Error: Cannot find module 'http-ravendb'
*-- Replay with NO_COMPILE=1 expoSE replay '/root/ExpoSE/lib/Harness/src/harness.js' '{"_bound":0}'
*-- Coverage Data
*- File /root/ExpoSE/lib/Harness/src/harness.js. Coverage (Term): 18% Coverage (LOC): 24%
*- File /root/ExpoSE/lib/S$/bin/symbols.js. Coverage (Term): 16% Coverage (LOC): 34%
*- Re-run with EXPOSE_PRINT_COVERAGE=1 to print line by line coverage information
** ExpoSE Finished. 1 paths with 1 errors **
