
> ursa@0.9.4 install /root/Targets/http-master/node_modules/ursa
> node-gyp rebuild

make: Entering directory '/root/Targets/http-master/node_modules/ursa/build'
  CXX(target) Release/obj.target/ursaNative/src/ursaNative.o
  SOLINK_MODULE(target) Release/obj.target/ursaNative.node
  COPY Release/ursaNative.node
make: Leaving directory '/root/Targets/http-master/node_modules/ursa/build'

> bufferutil@1.3.0 install /root/Targets/http-master/node_modules/bufferutil
> node-gyp rebuild

make: Entering directory '/root/Targets/http-master/node_modules/bufferutil/build'
  CXX(target) Release/obj.target/bufferutil/src/bufferutil.o
  SOLINK_MODULE(target) Release/obj.target/bufferutil.node
  COPY Release/bufferutil.node
make: Leaving directory '/root/Targets/http-master/node_modules/bufferutil/build'

> utf-8-validate@1.2.2 install /root/Targets/http-master/node_modules/utf-8-validate
> node-gyp rebuild

make: Entering directory '/root/Targets/http-master/node_modules/utf-8-validate/build'
  CXX(target) Release/obj.target/validation/src/validation.o
  SOLINK_MODULE(target) Release/obj.target/validation.node
  COPY Release/validation.node
make: Leaving directory '/root/Targets/http-master/node_modules/utf-8-validate/build'
/root/Targets/http-master
└─┬ http-master@1.2.7 
  ├─┬ async@2.5.0 
  │ └── lodash@4.17.4 
  ├── bluebird@3.5.0 
  ├─┬ bufferutil@1.3.0 
  │ ├── bindings@1.2.1 
  │ └── nan@2.4.0 
  ├─┬ bugsnag@1.8.0 
  │ ├─┬ promise@7.3.1 
  │ │ └── asap@2.0.6 
  │ ├─┬ request@2.83.0 
  │ │ ├── aws-sign2@0.7.0 
  │ │ ├── aws4@1.6.0 
  │ │ ├── caseless@0.12.0 
  │ │ ├─┬ combined-stream@1.0.5 
  │ │ │ └── delayed-stream@1.0.0 
  │ │ ├── extend@3.0.1 
  │ │ ├── forever-agent@0.6.1 
  │ │ ├─┬ form-data@2.3.1 
  │ │ │ └── asynckit@0.4.0 
  │ │ ├─┬ har-validator@5.0.3 
  │ │ │ ├─┬ ajv@5.2.3 
  │ │ │ │ ├── co@4.6.0 
  │ │ │ │ ├── fast-deep-equal@1.0.0 
  │ │ │ │ ├── json-schema-traverse@0.3.1 
  │ │ │ │ └─┬ json-stable-stringify@1.0.1 
  │ │ │ │   └── jsonify@0.0.0 
  │ │ │ └── har-schema@2.0.0 
  │ │ ├─┬ hawk@6.0.2 
  │ │ │ ├── boom@4.3.1 
  │ │ │ ├─┬ cryptiles@3.1.2 
  │ │ │ │ └── boom@5.2.0 
  │ │ │ ├── hoek@4.2.0 
  │ │ │ └── sntp@2.0.2 
  │ │ ├─┬ http-signature@1.2.0 
  │ │ │ ├── assert-plus@1.0.0 
  │ │ │ ├─┬ jsprim@1.4.1 
  │ │ │ │ ├── extsprintf@1.3.0 
  │ │ │ │ ├── json-schema@0.2.3 
  │ │ │ │ └── verror@1.10.0 
  │ │ │ └─┬ sshpk@1.13.1 
  │ │ │   ├── asn1@0.2.3 
  │ │ │   ├── bcrypt-pbkdf@1.0.1 
  │ │ │   ├── dashdash@1.14.1 
  │ │ │   ├── ecc-jsbn@0.1.1 
  │ │ │   ├── getpass@0.1.7 
  │ │ │   ├── jsbn@0.1.1 
  │ │ │   └── tweetnacl@0.14.5 
  │ │ ├── is-typedarray@1.0.0 
  │ │ ├── isstream@0.1.2 
  │ │ ├── json-stringify-safe@5.0.1 
  │ │ ├── mime-types@2.1.17 
  │ │ ├── oauth-sign@0.8.2 
  │ │ ├── performance-now@2.1.0 
  │ │ ├── qs@6.5.1 
  │ │ ├── stringstream@0.0.5 
  │ │ ├─┬ tough-cookie@2.3.3 
  │ │ │ └── punycode@1.4.1 
  │ │ ├── tunnel-agent@0.6.0 
  │ │ └── uuid@3.1.0 
  │ └── stack-trace@0.0.9 
  ├─┬ codeclimate-test-reporter@0.3.3 
  │ ├── async@1.5.2 
  │ ├── lcov-parse@0.0.10 
  │ └─┬ request@2.72.0 
  │   ├── aws-sign2@0.6.0 
  │   ├─┬ bl@1.1.2 
  │   │ └─┬ readable-stream@2.0.6 
  │   │   └── string_decoder@0.10.31 
  │   ├── caseless@0.11.0 
  │   ├─┬ form-data@1.0.1 
  │   │ └── async@2.5.0 
  │   ├─┬ har-validator@2.0.6 
  │   │ ├─┬ chalk@1.1.3 
  │   │ │ ├── ansi-styles@2.2.1 
  │   │ │ ├── escape-string-regexp@1.0.5 
  │   │ │ ├── has-ansi@2.0.0 
  │   │ │ └── supports-color@2.0.0 
  │   │ ├── commander@2.11.0 
  │   │ ├─┬ is-my-json-valid@2.16.1 
  │   │ │ ├── generate-function@2.0.0 
  │   │ │ ├─┬ generate-object-property@1.2.0 
  │   │ │ │ └── is-property@1.0.2 
  │   │ │ ├── jsonpointer@4.0.1 
  │   │ │ └── xtend@4.0.1 
  │   │ └─┬ pinkie-promise@2.0.1 
  │   │   └── pinkie@2.0.4 
  │   ├─┬ hawk@3.1.3 
  │   │ ├── boom@2.10.1 
  │   │ ├── cryptiles@2.0.5 
  │   │ ├── hoek@2.16.3 
  │   │ └── sntp@1.0.9 
  │   ├─┬ http-signature@1.1.1 
  │   │ └── assert-plus@0.2.0 
  │   ├── node-uuid@1.4.8 
  │   ├── qs@6.1.2 
  │   ├── tough-cookie@2.2.2 
  │   └── tunnel-agent@0.4.3 
  ├─┬ compression@1.7.1 
  │ ├─┬ accepts@1.3.4 
  │ │ └── negotiator@0.6.1 
  │ ├── bytes@3.0.0 
  │ ├─┬ compressible@2.0.11 
  │ │ └── mime-db@1.30.0 
  │ ├─┬ debug@2.6.9 
  │ │ └── ms@2.0.0 
  │ ├── on-headers@1.0.1 
  │ ├── safe-buffer@5.1.1 
  │ └── vary@1.1.2 
  ├─┬ connect-gzip-static@1.0.0 
  │ ├─┬ find@0.2.7 
  │ │ └── traverse-chain@0.1.0 
  │ └─┬ serve-static@1.13.1 
  │   └─┬ send@0.16.1 
  │     ├── etag@1.8.1 
  │     ├── fresh@0.5.2 
  │     ├─┬ http-errors@1.6.2 
  │     │ └── setprototypeof@1.0.3 
  │     └── mime@1.4.1 
  ├── eventemitter3@1.2.0 
  ├── extend@3.0.0 
  ├─┬ greenlock@2.1.16 
  │ ├── asn1js@1.2.12 
  │ ├─┬ certpem@1.0.1 
  │ │ └── buffer-v6-polyfill@1.0.5 
  │ ├── homedir@0.6.0 
  │ ├── le-acme-core@2.1.1 
  │ ├─┬ le-challenge-fs@2.0.8 
  │ │ └─┬ mkdirp@0.5.1 
  │ │   └── minimist@0.0.8 
  │ ├─┬ le-challenge-sni@2.0.1 
  │ │ └── le-tls-sni@0.1.4 
  │ ├─┬ le-store-certbot@2.0.5 
  │ │ ├── pyconf@1.1.2 
  │ │ └── safe-replace@1.0.2 
  │ ├── localhost.daplie.me-certificates@1.3.5 
  │ ├─┬ node.extend@1.1.6 
  │ │ └── is@3.2.1 
  │ ├── pkijs@1.3.33 
  │ └─┬ rsa-compat@1.2.7 
  │   ├── node-forge@0.6.49 
  │   └── ursa@0.9.4 
  ├─┬ http-auth@2.2.9 
  │ ├─┬ htpasswd@2.2.2 
  │ │ ├─┬ apache-crypt@1.1.0 
  │ │ │ └── unix-crypt-td-js@1.0.0 
  │ │ ├── apache-md5@1.0.4 
  │ │ ├── commander@2.0.0 
  │ │ └─┬ prompt@0.2.11 
  │ │   ├── pkginfo@0.4.1 
  │ │   ├─┬ read@1.0.7 
  │ │   │ └── mute-stream@0.0.7 
  │ │   ├── revalidator@0.1.8 
  │ │   ├─┬ utile@0.2.1 
  │ │   │ ├── async@0.2.10 
  │ │   │ ├── deep-equal@1.0.1 
  │ │   │ ├── i@0.3.6 
  │ │   │ ├── ncp@0.4.2 
  │ │   │ └─┬ rimraf@2.6.2 
  │ │   │   └─┬ glob@7.1.2 
  │ │   │     ├── fs.realpath@1.0.0 
  │ │   │     ├─┬ inflight@1.0.6 
  │ │   │     │ └── wrappy@1.0.2 
  │ │   │     ├─┬ minimatch@3.0.4 
  │ │   │     │ └─┬ brace-expansion@1.1.8 
  │ │   │     │   ├── balanced-match@1.0.0 
  │ │   │     │   └── concat-map@0.0.1 
  │ │   │     ├── once@1.4.0 
  │ │   │     └── path-is-absolute@1.0.1 
  │ │   └─┬ winston@0.6.2 
  │ │     ├── async@0.1.22 
  │ │     ├── colors@0.6.2 
  │ │     ├── cycle@1.0.3 
  │ │     ├── eyes@0.1.8 
  │ │     ├── pkginfo@0.2.3 
  │ │     └── request@2.9.203 
  │ └── node-uuid@1.4.1 
  ├─┬ http-proxy@1.16.2 
  │ └── requires-port@1.0.0 
  ├─┬ js-yaml@3.6.1 
  │ ├─┬ argparse@1.0.9 
  │ │ └── sprintf-js@1.0.3 
  │ └── esprima@2.7.3 
  ├── jsonfn@0.31.0 
  ├─┬ jsonlint-lines@1.7.1 
  │ ├── JSV@4.0.2 
  │ └─┬ nomnom@1.8.1 
  │   ├─┬ chalk@0.4.0 
  │   │ ├── ansi-styles@1.0.0 
  │   │ ├── has-color@0.1.7 
  │   │ └── strip-ansi@0.1.1 
  │   └── underscore@1.6.0 
  ├── le-challenge-standalone@2.1.0 
  ├── le-sni-auto@2.1.1 
  ├─┬ memoizee@0.4.11 
  │ ├── d@1.0.0 
  │ ├─┬ es5-ext@0.10.30 
  │ │ ├── es6-iterator@2.0.1 
  │ │ └── es6-symbol@3.1.1 
  │ ├── es6-weak-map@2.0.2 
  │ ├── event-emitter@0.3.5 
  │ ├── is-promise@2.1.0 
  │ ├── lru-queue@0.1.0 
  │ ├── next-tick@1.0.0 
  │ └── timers-ext@0.1.2 
  ├── moment@2.18.1 
  ├─┬ morgan@1.7.0 
  │ ├── basic-auth@1.0.4 
  │ ├─┬ debug@2.2.0 
  │ │ └── ms@0.7.1 
  │ ├── depd@1.1.1 
  │ └─┬ on-finished@2.3.0 
  │   └── ee-first@1.1.1 
  ├── node-watch@0.4.1 
  ├─┬ ocsp@1.2.0 
  │ ├─┬ asn1.js@4.9.1 
  │ │ ├── bn.js@4.11.8 
  │ │ ├── inherits@2.0.3 
  │ │ └── minimalistic-assert@1.0.0 
  │ ├── asn1.js-rfc2560@4.0.5 
  │ ├── asn1.js-rfc5280@2.0.0 
  │ ├── async@1.5.2 
  │ └── simple-lru-cache@0.0.2 
  ├── parseurl@1.3.2 
  ├─┬ send@0.14.2 
  │ ├─┬ debug@2.2.0 
  │ │ └── ms@0.7.1 
  │ ├── destroy@1.0.4 
  │ ├── encodeurl@1.0.1 
  │ ├── escape-html@1.0.3 
  │ ├── etag@1.7.0 
  │ ├── fresh@0.3.0 
  │ ├─┬ http-errors@1.5.1 
  │ │ └── setprototypeof@1.0.2 
  │ ├── mime@1.3.4 
  │ ├── ms@0.7.2 
  │ ├── range-parser@1.2.0 
  │ └── statuses@1.3.1 
  ├─┬ spdy@3.4.7 
  │ ├── handle-thing@1.2.5 
  │ ├── http-deceiver@1.2.7 
  │ ├── select-hose@2.0.0 
  │ └─┬ spdy-transport@2.0.20 
  │   ├── detect-node@2.0.3 
  │   ├── hpack.js@2.1.6 
  │   ├── obuf@1.1.1 
  │   ├─┬ readable-stream@2.3.3 
  │   │ ├── core-util-is@1.0.2 
  │   │ ├── isarray@1.0.0 
  │   │ ├── process-nextick-args@1.0.7 
  │   │ ├── string_decoder@1.0.3 
  │   │ └── util-deprecate@1.0.2 
  │   └── wbuf@1.7.2 
  ├── uid-number@0.0.6 
  ├── utf-8-validate@1.2.2 
  ├── uuid@2.0.3 
  ├─┬ ws@1.1.4 
  │ ├── options@0.0.6 
  │ └── ultron@1.0.2 
  ├── x509.js@1.0.0 
  ├── xregexp@3.2.0 
  └─┬ yargs@6.6.0 
    ├── camelcase@3.0.0 
    ├─┬ cliui@3.2.0 
    │ ├─┬ strip-ansi@3.0.1 
    │ │ └── ansi-regex@2.1.1 
    │ └── wrap-ansi@2.1.0 
    ├── decamelize@1.2.0 
    ├── get-caller-file@1.0.2 
    ├─┬ os-locale@1.4.0 
    │ └─┬ lcid@1.0.0 
    │   └── invert-kv@1.0.0 
    ├─┬ read-pkg-up@1.0.1 
    │ ├─┬ find-up@1.1.2 
    │ │ └── path-exists@2.1.0 
    │ └─┬ read-pkg@1.1.0 
    │   ├─┬ load-json-file@1.1.0 
    │   │ ├── graceful-fs@4.1.11 
    │   │ ├─┬ parse-json@2.2.0 
    │   │ │ └─┬ error-ex@1.3.1 
    │   │ │   └── is-arrayish@0.2.1 
    │   │ ├── pify@2.3.0 
    │   │ └─┬ strip-bom@2.0.0 
    │   │   └── is-utf8@0.2.1 
    │   ├─┬ normalize-package-data@2.4.0 
    │   │ ├── hosted-git-info@2.5.0 
    │   │ ├─┬ is-builtin-module@1.0.0 
    │   │ │ └── builtin-modules@1.1.1 
    │   │ ├── semver@5.4.1 
    │   │ └─┬ validate-npm-package-license@3.0.1 
    │   │   ├─┬ spdx-correct@1.0.2 
    │   │   │ └── spdx-license-ids@1.2.2 
    │   │   └── spdx-expression-parse@1.0.4 
    │   └── path-type@1.1.0 
    ├── require-directory@2.1.1 
    ├── require-main-filename@1.0.1 
    ├── set-blocking@2.0.0 
    ├─┬ string-width@1.0.2 
    │ ├── code-point-at@1.1.0 
    │ └─┬ is-fullwidth-code-point@1.0.0 
    │   └── number-is-nan@1.0.1 
    ├── which-module@1.0.0 
    ├── y18n@3.2.1 
    └── yargs-parser@4.2.1 

Setup Done exists, not setting up
:../FeatureTester/libs/:/root/Targets/http-master/node_modules
Set Default Z3_PATH to ./node_modules/z3javascript/bin/libz3.so
ExpoSE Master: /root/ExpoSE/lib/Harness/src/harness.js max concurrent: 16 max paths: 1000000
Setting timeout to 900000
*** [0 done /0 queued / 1 running / 0 errors / 0% coverage ] ****** [0 done /0 queued / 1 running / 0 errors / 0% coverage ] ****** [1 done /0 queued / 0 running / 1 errors / 28.000000000000004% coverage ] ***
*-- Stat Module Output --*
*-- concretizations: ["defineProperty","bound log","Object","call","binding","RegExp","join"]
*-- Stat Module Done --*
*-- Test Case {"_bound":0} start 0.0585 took 16.9557s
*-- Errors occured in test {"_bound":0}
* Error: TypeError: Cannot read property 'length' of undefined
*-- Replay with NO_COMPILE=1 expoSE replay '/root/ExpoSE/lib/Harness/src/harness.js' '{"_bound":0}'
*-- Coverage Data
*- File /root/ExpoSE/lib/Harness/src/harness.js. Coverage (Term): 18% Coverage (LOC): 24%
*- File /root/ExpoSE/lib/S$/bin/symbols.js. Coverage (Term): 16% Coverage (LOC): 34%
*- File /root/Targets/http-master/node_modules/http-master/src/HttpMaster.js. Coverage (Term): 3% Coverage (LOC): 5%
*- File /root/Targets/http-master/node_modules/async/dist/async.js. Coverage (Term): 23% Coverage (LOC): 32%
*- File /root/Targets/http-master/node_modules/eventemitter3/index.js. Coverage (Term): 11% Coverage (LOC): 20%
*- Re-run with EXPOSE_PRINT_COVERAGE=1 to print line by line coverage information
** ExpoSE Finished. 1 paths with 1 errors **
