/root/Targets/huebscher
└─┬ huebscher@0.18.0 
  ├── ast-types@0.9.4 
  ├─┬ babel-code-frame@6.22.0 
  │ └── js-tokens@3.0.2 
  ├── babylon@6.15.0 
  ├─┬ chalk@1.1.3 
  │ ├── ansi-styles@2.2.1 
  │ ├── escape-string-regexp@1.0.5 
  │ ├─┬ has-ansi@2.0.0 
  │ │ └── ansi-regex@2.1.1 
  │ ├── strip-ansi@3.0.1 
  │ └── supports-color@2.0.0 
  ├── esutils@2.0.2 
  ├─┬ flow-parser@0.38.0 
  │ ├── ast-types@0.8.18 
  │ └── colors@1.1.2 
  ├── get-stdin@5.0.1 
  ├─┬ glob@7.1.1 
  │ ├── fs.realpath@1.0.0 
  │ ├─┬ inflight@1.0.6 
  │ │ └── wrappy@1.0.2 
  │ ├── inherits@2.0.3 
  │ ├─┬ minimatch@3.0.4 
  │ │ └─┬ brace-expansion@1.1.8 
  │ │   ├── balanced-match@1.0.0 
  │ │   └── concat-map@0.0.1 
  │ ├── once@1.4.0 
  │ └── path-is-absolute@1.0.1 
  ├─┬ jest-validate@18.2.0 
  │ ├── jest-matcher-utils@18.1.0 
  │ ├── leven@2.1.0 
  │ └── pretty-format@18.1.0 
  └── minimist@1.2.0 

Setup Done exists, not setting up
:../FeatureTester/libs/:/root/Targets/huebscher/node_modules
Set Default Z3_PATH to ./node_modules/z3javascript/bin/libz3.so
ExpoSE Master: /root/ExpoSE/lib/Harness/src/harness.js max concurrent: 16 max paths: 1000000
Setting timeout to 900000
*** [0 done /0 queued / 1 running / 0 errors / 0% coverage ] ****** [0 done /0 queued / 1 running / 0 errors / 0% coverage ] ****** [1 done /0 queued / 0 running / 1 errors / 33% coverage ] ***
*-- Stat Module Output --*
*-- concretizations: ["defineProperty","bound log"]
*-- Stat Module Done --*
*-- Test Case {"_bound":0} start 0.1158 took 2.5958s
*-- Errors occured in test {"_bound":0}
* Error: SyntaxError: Unexpected token .
*-- Replay with NO_COMPILE=1 expoSE replay '/root/ExpoSE/lib/Harness/src/harness.js' '{"_bound":0}'
*-- Coverage Data
*- File /root/ExpoSE/lib/Harness/src/harness.js. Coverage (Term): 18% Coverage (LOC): 24%
*- File /root/ExpoSE/lib/S$/bin/symbols.js. Coverage (Term): 16% Coverage (LOC): 34%
*- Re-run with EXPOSE_PRINT_COVERAGE=1 to print line by line coverage information
** ExpoSE Finished. 1 paths with 1 errors **
