/root/Targets/in-scroll-view
└─┬ in-scroll-view@2.1.0 
  ├── c2-debounce-af@2.1.1 
  └── jquery@2.2.4 

Setup Done exists, not setting up
:../FeatureTester/libs/:/root/Targets/in-scroll-view/node_modules
Set Default Z3_PATH to ./node_modules/z3javascript/bin/libz3.so
ExpoSE Master: /root/ExpoSE/lib/Harness/src/harness.js max concurrent: 16 max paths: 1000000
Setting timeout to 900000
*** [0 done /0 queued / 1 running / 0 errors / 0% coverage ] ****** [0 done /0 queued / 1 running / 0 errors / 0% coverage ] ****** [1 done /0 queued / 0 running / 1 errors / 2% coverage ] ***
*-- Stat Module Output --*
*-- concretizations: ["defineProperty","bound log"]
*-- Stat Module Done --*
*-- Test Case {"_bound":0} start 0.0278 took 15.5202s
*-- Errors occured in test {"_bound":0}
* Error: ReferenceError: window is not defined
*-- Replay with NO_COMPILE=1 expoSE replay '/root/ExpoSE/lib/Harness/src/harness.js' '{"_bound":0}'
*-- Coverage Data
*- File /root/ExpoSE/lib/Harness/src/harness.js. Coverage (Term): 18% Coverage (LOC): 24%
*- File /root/ExpoSE/lib/S$/bin/symbols.js. Coverage (Term): 16% Coverage (LOC): 34%
*- File /root/Targets/in-scroll-view/node_modules/in-scroll-view/cjs/in-scroll-view.js. Coverage (Term): 9% Coverage (LOC): 8%
*- File /root/Targets/in-scroll-view/node_modules/jquery/dist/jquery.js. Coverage (Term): 0% Coverage (LOC): 0%
*- File /root/Targets/in-scroll-view/node_modules/c2-debounce-af/cjs/debounce-af.js. Coverage (Term): 19% Coverage (LOC): 25%
*- Re-run with EXPOSE_PRINT_COVERAGE=1 to print line by line coverage information
** ExpoSE Finished. 1 paths with 1 errors **
