/root/Targets/jidai
└─┬ jidai@0.0.13 
  ├── @angular/common@2.2.1 
  ├── @angular/compiler@2.2.1 
  ├── @angular/core@2.2.1 
  ├── @angular/forms@2.2.1 
  ├── @angular/http@2.2.1 
  ├── @angular/platform-browser@2.2.1 
  ├── @angular/platform-browser-dynamic@2.2.1 
  ├── @angular/router@3.2.1 
  ├── core-js@2.5.1 
  ├── moment@2.18.1 
  ├─┬ rxjs@5.0.0-beta.12 
  │ └── symbol-observable@1.0.4 
  ├── ts-helpers@1.1.2 
  ├── UNMET PEER DEPENDENCY typescript@>=1.8.0  <2.1.0 || >=1.9.0-dev || >=2.0.0-dev || || >=2.1.0-dev
  └── zone.js@0.6.26 

Setup Done exists, not setting up
:../FeatureTester/libs/:/root/Targets/jidai/node_modules
Set Default Z3_PATH to ./node_modules/z3javascript/bin/libz3.so
ExpoSE Master: /root/ExpoSE/lib/Harness/src/harness.js max concurrent: 16 max paths: 1000000
Setting timeout to 900000
*** [0 done /0 queued / 1 running / 0 errors / 0% coverage ] ****** [0 done /0 queued / 1 running / 0 errors / 0% coverage ] ****** [1 done /0 queued / 0 running / 1 errors / 33% coverage ] ***
*-- Stat Module Output --*
*-- concretizations: ["defineProperty","bound log"]
*-- Stat Module Done --*
*-- Test Case {"_bound":0} start 0.0378 took 4.1507s
*-- Errors occured in test {"_bound":0}
* Error: Error: Cannot find module 'jidai'
*-- Replay with NO_COMPILE=1 expoSE replay '/root/ExpoSE/lib/Harness/src/harness.js' '{"_bound":0}'
*-- Coverage Data
*- File /root/ExpoSE/lib/Harness/src/harness.js. Coverage (Term): 18% Coverage (LOC): 24%
*- File /root/ExpoSE/lib/S$/bin/symbols.js. Coverage (Term): 16% Coverage (LOC): 34%
*- Re-run with EXPOSE_PRINT_COVERAGE=1 to print line by line coverage information
** ExpoSE Finished. 1 paths with 1 errors **
