
> jsdoc-plugin-suitescript@1.0.0 postinstall /root/Targets/jsdoc-plugin-suitescript/node_modules/jsdoc-plugin-suitescript
> cp -r plugins/ templates/ ../jsdoc

/root/Targets/jsdoc-plugin-suitescript
└─┬ jsdoc-plugin-suitescript@1.0.0 
  └─┬ jsdoc@3.5.5 
    ├── babylon@7.0.0-beta.19 
    ├── bluebird@3.5.0 
    ├─┬ catharsis@0.8.9 
    │ └─┬ underscore-contrib@0.3.0 
    │   └── underscore@1.6.0 
    ├── escape-string-regexp@1.0.5 
    ├─┬ js2xmlparser@3.0.0 
    │ └── xmlcreate@1.0.2 
    ├─┬ klaw@2.0.0 
    │ └── graceful-fs@4.1.11 
    ├── marked@0.3.6 
    ├─┬ mkdirp@0.5.1 
    │ └── minimist@0.0.8 
    ├─┬ requizzle@0.2.1 
    │ └── underscore@1.6.0 
    ├── strip-json-comments@2.0.1 
    ├── taffydb@2.6.2 
    └── underscore@1.8.3 

Setup Done exists, not setting up
:../FeatureTester/libs/:/root/Targets/jsdoc-plugin-suitescript/node_modules
Set Default Z3_PATH to ./node_modules/z3javascript/bin/libz3.so
ExpoSE Master: /root/ExpoSE/lib/Harness/src/harness.js max concurrent: 16 max paths: 1000000
Setting timeout to 900000
*** [0 done /0 queued / 1 running / 0 errors / 0% coverage ] ****** [0 done /0 queued / 1 running / 0 errors / 0% coverage ] ****** [1 done /0 queued / 0 running / 1 errors / 33% coverage ] ***
*-- Stat Module Output --*
*-- concretizations: ["defineProperty","bound log"]
*-- Stat Module Done --*
*-- Test Case {"_bound":0} start 0.0351 took 2.9854s
*-- Errors occured in test {"_bound":0}
* Error: Error: Cannot find module 'jsdoc-plugin-suitescript'
*-- Replay with NO_COMPILE=1 expoSE replay '/root/ExpoSE/lib/Harness/src/harness.js' '{"_bound":0}'
*-- Coverage Data
*- File /root/ExpoSE/lib/Harness/src/harness.js. Coverage (Term): 18% Coverage (LOC): 24%
*- File /root/ExpoSE/lib/S$/bin/symbols.js. Coverage (Term): 16% Coverage (LOC): 34%
*- Re-run with EXPOSE_PRINT_COVERAGE=1 to print line by line coverage information
** ExpoSE Finished. 1 paths with 1 errors **
