+ jsical@0.0.5
added 1 package in 1.375s
Setup Done exists, not setting up
:../FeatureTester/libs/:/home/blake/Targets/jsical/node_modules
Set Default Z3_PATH to ./node_modules/z3javascript/bin/libz3.so
ExpoSE Master: /home/blake/ExpoSE/lib/Harness/src/harness.js max concurrent: 16 max paths: 1000000
Setting timeout to 900000
*** [0 done /0 queued / 1 running / 0 errors / 0% coverage ] ****** [0 done /0 queued / 1 running / 0 errors / 0% coverage ] ****** [1 done /1 queued / 1 running / 1 errors / 26% coverage ] ****** [1 done /0 queued / 2 running / 1 errors / 26% coverage ] ****** [1 done /0 queued / 2 running / 1 errors / 26% coverage ] ****** [2 done /1 queued / 2 running / 2 errors / 26% coverage ] ****** [2 done /0 queued / 3 running / 2 errors / 26% coverage ] ****** [2 done /0 queued / 3 running / 2 errors / 26% coverage ] ****** [3 done /0 queued / 3 running / 3 errors / 26% coverage ] ****** [3 done /0 queued / 3 running / 3 errors / 26% coverage ] ****** [4 done /1 queued / 3 running / 4 errors / 26% coverage ] ****** [4 done /0 queued / 4 running / 4 errors / 26% coverage ] ****** [4 done /0 queued / 4 running / 4 errors / 26% coverage ] ****** [5 done /2 queued / 4 running / 5 errors / 27% coverage ] ****** [5 done /1 queued / 5 running / 5 errors / 27% coverage ] ****** [5 done /0 queued / 6 running / 5 errors / 27% coverage ] ****** [5 done /0 queued / 6 running / 5 errors / 27% coverage ] ****** [6 done /0 queued / 6 running / 6 errors / 27% coverage ] ****** [6 done /0 queued / 6 running / 6 errors / 27% coverage ] ****** [7 done /3 queued / 6 running / 7 errors / 27% coverage ] ****** [7 done /2 queued / 7 running / 7 errors / 27% coverage ] ****** [7 done /1 queued / 8 running / 7 errors / 27% coverage ] ****** [7 done /0 queued / 9 running / 7 errors / 27% coverage ] ****** [7 done /0 queued / 9 running / 7 errors / 27% coverage ] ****** [8 done /1 queued / 9 running / 8 errors / 27% coverage ] ****** [8 done /0 queued / 10 running / 8 errors / 27% coverage ] ****** [8 done /0 queued / 10 running / 8 errors / 27% coverage ] ****** [9 done /0 queued / 9 running / 9 errors / 27% coverage ] ****** [10 done /2 queued / 9 running / 10 errors / 27% coverage ] ****** [10 done /1 queued / 10 running / 10 errors / 27% coverage ] ****** [10 done /0 queued / 11 running / 10 errors / 27% coverage ] ****** [10 done /0 queued / 11 running / 10 errors / 27% coverage ] ****** [11 done /5 queued / 11 running / 11 errors / 27% coverage ] ****** [11 done /4 queued / 12 running / 11 errors / 27% coverage ] ****** [11 done /3 queued / 13 running / 11 errors / 27% coverage ] ****** [11 done /2 queued / 14 running / 11 errors / 27% coverage ] ****** [11 done /1 queued / 15 running / 11 errors / 27% coverage ] ****** [11 done /0 queued / 16 running / 11 errors / 27% coverage ] ****** [11 done /0 queued / 16 running / 11 errors / 27% coverage ] ****** [12 done /6 queued / 16 running / 12 errors / 28.000000000000004% coverage ] ****** [12 done /6 queued / 16 running / 12 errors / 28.000000000000004% coverage ] ****** [13 done /5 queued / 16 running / 13 errors / 28.000000000000004% coverage ] ****** [13 done /5 queued / 16 running / 13 errors / 28.000000000000004% coverage ] ****** [14 done /6 queued / 16 running / 14 errors / 28.999999999999996% coverage ] ****** [14 done /6 queued / 16 running / 14 errors / 28.999999999999996% coverage ] ****** [15 done /10 queued / 16 running / 15 errors / 28.999999999999996% coverage ] ****** [15 done /10 queued / 16 running / 15 errors / 28.999999999999996% coverage ] ****** [16 done /9 queued / 16 running / 16 errors / 28.999999999999996% coverage ] ****** [16 done /9 queued / 16 running / 16 errors / 28.999999999999996% coverage ] ****** [17 done /9 queued / 16 running / 17 errors / 28.999999999999996% coverage ] ****** [17 done /9 queued / 16 running / 17 errors / 28.999999999999996% coverage ] ****** [18 done /11 queued / 16 running / 18 errors / 28.999999999999996% coverage ] ****** [18 done /11 queued / 16 running / 18 errors / 28.999999999999996% coverage ] ****** [19 done /15 queued / 16 running / 19 errors / 28.999999999999996% coverage ] ****** [19 done /15 queued / 16 running / 19 errors / 28.999999999999996% coverage ] ****** [20 done /19 queued / 16 running / 20 errors / 28.999999999999996% coverage ] ****** [20 done /19 queued / 16 running / 20 errors / 28.999999999999996% coverage ] ****** [21 done /18 queued / 16 running / 20 errors / 28.999999999999996% coverage ] ****** [21 done /18 queued / 16 running / 20 errors / 28.999999999999996% coverage ] ****** [22 done /19 queued / 16 running / 21 errors / 28.999999999999996% coverage ] ****** [22 done /19 queued / 16 running / 21 errors / 28.999999999999996% coverage ] ****** [23 done /19 queued / 16 running / 22 errors / 28.999999999999996% coverage ] ****** [23 done /19 queued / 16 running / 22 errors / 28.999999999999996% coverage ] ****** [24 done /25 queued / 16 running / 22 errors / 28.999999999999996% coverage ] ****** [24 done /25 queued / 16 running / 22 errors / 28.999999999999996% coverage ] ****** [25 done /29 queued / 16 running / 23 errors / 28.999999999999996% coverage ] ****** [25 done /29 queued / 16 running / 23 errors / 28.999999999999996% coverage ] ****** [26 done /30 queued / 16 running / 24 errors / 28.999999999999996% coverage ] ****** [26 done /30 queued / 16 running / 24 errors / 28.999999999999996% coverage ] ****** [27 done /36 queued / 16 running / 25 errors / 28.999999999999996% coverage ] ****** [27 done /36 queued / 16 running / 25 errors / 28.999999999999996% coverage ] ****** [28 done /35 queued / 16 running / 26 errors / 28.999999999999996% coverage ] ****** [28 done /35 queued / 16 running / 26 errors / 28.999999999999996% coverage ] ****** [29 done /34 queued / 16 running / 26 errors / 28.999999999999996% coverage ] ****** [29 done /34 queued / 16 running / 26 errors / 28.999999999999996% coverage ] ****** [30 done /33 queued / 16 running / 27 errors / 28.999999999999996% coverage ] ****** [30 done /33 queued / 16 running / 27 errors / 28.999999999999996% coverage ] ****** [31 done /34 queued / 16 running / 28 errors / 28.999999999999996% coverage ] ****** [31 done /34 queued / 16 running / 28 errors / 28.999999999999996% coverage ] ****** [32 done /33 queued / 16 running / 28 errors / 28.999999999999996% coverage ] ****** [32 done /33 queued / 16 running / 28 errors / 28.999999999999996% coverage ] ****** [33 done /35 queued / 16 running / 29 errors / 28.999999999999996% coverage ] ****** [33 done /35 queued / 16 running / 29 errors / 28.999999999999996% coverage ] ****** [34 done /36 queued / 16 running / 30 errors / 28.999999999999996% coverage ] ****** [34 done /36 queued / 16 running / 30 errors / 28.999999999999996% coverage ] ****** [35 done /38 queued / 16 running / 31 errors / 30% coverage ] ****** [35 done /38 queued / 16 running / 31 errors / 30% coverage ] ****** [36 done /38 queued / 16 running / 32 errors / 30% coverage ] ****** [36 done /38 queued / 16 running / 32 errors / 30% coverage ] ****** [37 done /40 queued / 16 running / 33 errors / 30% coverage ] ****** [37 done /40 queued / 16 running / 33 errors / 30% coverage ] ****** [38 done /40 queued / 16 running / 34 errors / 30% coverage ] ****** [38 done /40 queued / 16 running / 34 errors / 30% coverage ] ****** [39 done /44 queued / 16 running / 35 errors / 30% coverage ] ****** [39 done /44 queued / 16 running / 35 errors / 30% coverage ] ****** [40 done /45 queued / 16 running / 36 errors / 30% coverage ] ****** [40 done /45 queued / 16 running / 36 errors / 30% coverage ] ****** [41 done /46 queued / 16 running / 37 errors / 30% coverage ] ****** [41 done /46 queued / 16 running / 37 errors / 30% coverage ] ****** [42 done /52 queued / 16 running / 38 errors / 30% coverage ] ****** [42 done /52 queued / 16 running / 38 errors / 30% coverage ] ****** [43 done /52 queued / 16 running / 39 errors / 30% coverage ] ****** [43 done /52 queued / 16 running / 39 errors / 30% coverage ] ****** [44 done /51 queued / 16 running / 40 errors / 30% coverage ] ****** [44 done /51 queued / 16 running / 40 errors / 30% coverage ] ****** [45 done /52 queued / 16 running / 41 errors / 30% coverage ] ****** [45 done /52 queued / 16 running / 41 errors / 30% coverage ] ****** [46 done /52 queued / 16 running / 42 errors / 30% coverage ] ****** [46 done /52 queued / 16 running / 42 errors / 30% coverage ] ****** [47 done /53 queued / 16 running / 42 errors / 30% coverage ] ****** [47 done /53 queued / 16 running / 42 errors / 30% coverage ] ****** [48 done /52 queued / 16 running / 43 errors / 30% coverage ] ****** [48 done /52 queued / 16 running / 43 errors / 30% coverage ] ****** [49 done /51 queued / 16 running / 44 errors / 30% coverage ] ****** [49 done /51 queued / 16 running / 44 errors / 30% coverage ] ****** [50 done /50 queued / 16 running / 45 errors / 30% coverage ] ****** [50 done /50 queued / 16 running / 45 errors / 30% coverage ] ****** [51 done /50 queued / 16 running / 46 errors / 31% coverage ] ****** [51 done /50 queued / 16 running / 46 errors / 31% coverage ] ****** [52 done /49 queued / 16 running / 47 errors / 31% coverage ] ****** [52 done /49 queued / 16 running / 47 errors / 31% coverage ] ****** [53 done /48 queued / 16 running / 47 errors / 31% coverage ] ****** [53 done /48 queued / 16 running / 47 errors / 31% coverage ] ****** [54 done /49 queued / 16 running / 48 errors / 31% coverage ] ****** [54 done /49 queued / 16 running / 48 errors / 31% coverage ] ****** [55 done /52 queued / 16 running / 49 errors / 31% coverage ] ****** [55 done /52 queued / 16 running / 49 errors / 31% coverage ] ****** [56 done /51 queued / 16 running / 49 errors / 31% coverage ] ****** [56 done /51 queued / 16 running / 49 errors / 31% coverage ] ****** [57 done /54 queued / 16 running / 49 errors / 31% coverage ] ****** [57 done /54 queued / 16 running / 49 errors / 31% coverage ] ****** [58 done /53 queued / 16 running / 49 errors / 31% coverage ] ****** [58 done /53 queued / 16 running / 49 errors / 31% coverage ] ****** [59 done /56 queued / 16 running / 50 errors / 31% coverage ] ****** [59 done /56 queued / 16 running / 50 errors / 31% coverage ] ****** [60 done /59 queued / 16 running / 51 errors / 31% coverage ] ****** [60 done /59 queued / 16 running / 51 errors / 31% coverage ] ****** [61 done /58 queued / 16 running / 52 errors / 31% coverage ] ****** [61 done /58 queued / 16 running / 52 errors / 31% coverage ] ****** [62 done /59 queued / 16 running / 52 errors / 31% coverage ] ****** [62 done /59 queued / 16 running / 52 errors / 31% coverage ] ****** [63 done /58 queued / 16 running / 53 errors / 31% coverage ] ****** [63 done /58 queued / 16 running / 53 errors / 31% coverage ] ****** [64 done /57 queued / 16 running / 54 errors / 31% coverage ] ****** [64 done /57 queued / 16 running / 54 errors / 31% coverage ] ****** [65 done /56 queued / 16 running / 55 errors / 31% coverage ] ****** [65 done /56 queued / 16 running / 55 errors / 31% coverage ] ****** [66 done /56 queued / 16 running / 56 errors / 31% coverage ] ****** [66 done /56 queued / 16 running / 56 errors / 31% coverage ] ****** [67 done /56 queued / 16 running / 57 errors / 31% coverage ] ****** [67 done /56 queued / 16 running / 57 errors / 31% coverage ] ****** [68 done /59 queued / 16 running / 58 errors / 31% coverage ] ****** [68 done /59 queued / 16 running / 58 errors / 31% coverage ] ****** [69 done /58 queued / 16 running / 58 errors / 31% coverage ] ****** [69 done /58 queued / 16 running / 58 errors / 31% coverage ] ****** [70 done /58 queued / 16 running / 59 errors / 31% coverage ] ****** [70 done /58 queued / 16 running / 59 errors / 31% coverage ] ****** [71 done /58 queued / 16 running / 60 errors / 31% coverage ] ****** [71 done /58 queued / 16 running / 60 errors / 31% coverage ] ****** [72 done /57 queued / 16 running / 61 errors / 31% coverage ] ****** [72 done /57 queued / 16 running / 61 errors / 31% coverage ] ****** [73 done /56 queued / 16 running / 62 errors / 31% coverage ] ****** [73 done /56 queued / 16 running / 62 errors / 31% coverage ] ****** [74 done /60 queued / 16 running / 62 errors / 31% coverage ] ****** [74 done /60 queued / 16 running / 62 errors / 31% coverage ] ****** [75 done /59 queued / 16 running / 63 errors / 31% coverage ] ****** [75 done /59 queued / 16 running / 63 errors / 31% coverage ] ****** [76 done /62 queued / 16 running / 64 errors / 31% coverage ] ****** [76 done /62 queued / 16 running / 64 errors / 31% coverage ] ****** [77 done /61 queued / 16 running / 64 errors / 31% coverage ] ****** [77 done /61 queued / 16 running / 64 errors / 31% coverage ] ****** [78 done /67 queued / 16 running / 65 errors / 31% coverage ] ****** [78 done /67 queued / 16 running / 65 errors / 31% coverage ] ****** [79 done /73 queued / 16 running / 66 errors / 31% coverage ] ****** [79 done /73 queued / 16 running / 66 errors / 31% coverage ] ****** [80 done /78 queued / 16 running / 67 errors / 31% coverage ] ****** [80 done /78 queued / 16 running / 67 errors / 31% coverage ] ****** [81 done /79 queued / 16 running / 68 errors / 31% coverage ] ****** [81 done /79 queued / 16 running / 68 errors / 31% coverage ] ****** [82 done /85 queued / 16 running / 69 errors / 31% coverage ] ****** [82 done /85 queued / 16 running / 69 errors / 31% coverage ] ****** [83 done /84 queued / 16 running / 70 errors / 31% coverage ] ****** [83 done /84 queued / 16 running / 70 errors / 31% coverage ] ****** [84 done /84 queued / 16 running / 71 errors / 31% coverage ] ****** [84 done /84 queued / 16 running / 71 errors / 31% coverage ] ****** [85 done /85 queued / 16 running / 72 errors / 31% coverage ] ****** [85 done /85 queued / 16 running / 72 errors / 31% coverage ] ****** [86 done /87 queued / 16 running / 73 errors / 31% coverage ] ****** [86 done /87 queued / 16 running / 73 errors / 31% coverage ] ****** [87 done /91 queued / 16 running / 74 errors / 32% coverage ] ****** [87 done /91 queued / 16 running / 74 errors / 32% coverage ] ****** [88 done /92 queued / 16 running / 75 errors / 32% coverage ] ****** [88 done /92 queued / 16 running / 75 errors / 32% coverage ] ****** [89 done /93 queued / 16 running / 76 errors / 32% coverage ] ****** [89 done /93 queued / 16 running / 76 errors / 32% coverage ] ****** [90 done /94 queued / 16 running / 77 errors / 32% coverage ] ****** [90 done /94 queued / 16 running / 77 errors / 32% coverage ] ****** [91 done /97 queued / 16 running / 78 errors / 32% coverage ] ****** [91 done /97 queued / 16 running / 78 errors / 32% coverage ] ****** [92 done /97 queued / 16 running / 79 errors / 32% coverage ] ****** [92 done /97 queued / 16 running / 79 errors / 32% coverage ] ****** [93 done /99 queued / 16 running / 80 errors / 32% coverage ] ****** [93 done /99 queued / 16 running / 80 errors / 32% coverage ] ****** [94 done /104 queued / 16 running / 81 errors / 32% coverage ] ****** [94 done /104 queued / 16 running / 81 errors / 32% coverage ] ****** [95 done /107 queued / 16 running / 82 errors / 32% coverage ] ****** [95 done /107 queued / 16 running / 82 errors / 32% coverage ] ****** [96 done /111 queued / 16 running / 83 errors / 32% coverage ] ****** [96 done /111 queued / 16 running / 83 errors / 32% coverage ] ****** [97 done /111 queued / 16 running / 84 errors / 32% coverage ] ****** [97 done /111 queued / 16 running / 84 errors / 32% coverage ] ****** [98 done /112 queued / 16 running / 85 errors / 32% coverage ] ****** [98 done /112 queued / 16 running / 85 errors / 32% coverage ] ****** [99 done /115 queued / 16 running / 86 errors / 32% coverage ] ****** [99 done /115 queued / 16 running / 86 errors / 32% coverage ] ****** [100 done /115 queued / 16 running / 87 errors / 32% coverage ] ****** [100 done /115 queued / 16 running / 87 errors / 32% coverage ] ****** [101 done /114 queued / 16 running / 88 errors / 32% coverage ] ****** [101 done /114 queued / 16 running / 88 errors / 32% coverage ] ****** [102 done /115 queued / 16 running / 89 errors / 32% coverage ] ****** [102 done /115 queued / 16 running / 89 errors / 32% coverage ] ****** [103 done /114 queued / 16 running / 90 errors / 32% coverage ] ****** [103 done /114 queued / 16 running / 90 errors / 32% coverage ] ****** [104 done /113 queued / 16 running / 90 errors / 32% coverage ] ****** [104 done /113 queued / 16 running / 90 errors / 32% coverage ] ****** [105 done /112 queued / 16 running / 91 errors / 32% coverage ] ****** [105 done /112 queued / 16 running / 91 errors / 32% coverage ] ****** [106 done /114 queued / 16 running / 92 errors / 32% coverage ] ****** [106 done /114 queued / 16 running / 92 errors / 32% coverage ] ****** [107 done /113 queued / 16 running / 93 errors / 32% coverage ] ****** [107 done /113 queued / 16 running / 93 errors / 32% coverage ] ****** [108 done /112 queued / 16 running / 94 errors / 32% coverage ] ****** [108 done /112 queued / 16 running / 94 errors / 32% coverage ] ****** [109 done /114 queued / 16 running / 95 errors / 32% coverage ] ****** [109 done /114 queued / 16 running / 95 errors / 32% coverage ] ****** [110 done /115 queued / 16 running / 96 errors / 32% coverage ] ****** [110 done /115 queued / 16 running / 96 errors / 32% coverage ] ****** [111 done /114 queued / 16 running / 97 errors / 32% coverage ] ****** [111 done /114 queued / 16 running / 97 errors / 32% coverage ] ****** [112 done /113 queued / 16 running / 98 errors / 32% coverage ] ****** [112 done /113 queued / 16 running / 98 errors / 32% coverage ] ****** [113 done /112 queued / 16 running / 99 errors / 32% coverage ] ****** [113 done /112 queued / 16 running / 99 errors / 32% coverage ] ****** [114 done /111 queued / 16 running / 100 errors / 32% coverage ] ****** [114 done /111 queued / 16 running / 100 errors / 32% coverage ] ****** [115 done /110 queued / 16 running / 101 errors / 32% coverage ] ****** [115 done /110 queued / 16 running / 101 errors / 32% coverage ] ****** [116 done /109 queued / 16 running / 101 errors / 32% coverage ] ****** [116 done /109 queued / 16 running / 101 errors / 32% coverage ] ****** [117 done /108 queued / 16 running / 102 errors / 32% coverage ] ****** [117 done /108 queued / 16 running / 102 errors / 32% coverage ] ****** [118 done /111 queued / 16 running / 103 errors / 32% coverage ] ****** [118 done /111 queued / 16 running / 103 errors / 32% coverage ] ****** [119 done /110 queued / 16 running / 104 errors / 32% coverage ] ****** [119 done /110 queued / 16 running / 104 errors / 32% coverage ] ****** [120 done /109 queued / 16 running / 105 errors / 32% coverage ] ****** [120 done /109 queued / 16 running / 105 errors / 32% coverage ] ****** [121 done /109 queued / 16 running / 106 errors / 32% coverage ] ****** [121 done /109 queued / 16 running / 106 errors / 32% coverage ] ****** [122 done /108 queued / 16 running / 106 errors / 32% coverage ] ****** [122 done /108 queued / 16 running / 106 errors / 32% coverage ] ****** [123 done /108 queued / 16 running / 107 errors / 32% coverage ] ****** [123 done /108 queued / 16 running / 107 errors / 32% coverage ] ****** [124 done /109 queued / 16 running / 108 errors / 32% coverage ] ****** [124 done /109 queued / 16 running / 108 errors / 32% coverage ] ****** [125 done /108 queued / 16 running / 109 errors / 32% coverage ] ****** [125 done /108 queued / 16 running / 109 errors / 32% coverage ] ****** [126 done /107 queued / 16 running / 109 errors / 32% coverage ] ****** [126 done /107 queued / 16 running / 109 errors / 32% coverage ] ****** [127 done /106 queued / 16 running / 110 errors / 32% coverage ] ****** [127 done /106 queued / 16 running / 110 errors / 32% coverage ] ****** [128 done /109 queued / 16 running / 111 errors / 32% coverage ] ****** [128 done /109 queued / 16 running / 111 errors / 32% coverage ] ****** [129 done /108 queued / 16 running / 112 errors / 32% coverage ] ****** [129 done /108 queued / 16 running / 112 errors / 32% coverage ] ****** [130 done /111 queued / 16 running / 113 errors / 32% coverage ] ****** [130 done /111 queued / 16 running / 113 errors / 32% coverage ] ****** [131 done /114 queued / 16 running / 114 errors / 32% coverage ] ****** [131 done /114 queued / 16 running / 114 errors / 32% coverage ] ****** [132 done /113 queued / 16 running / 115 errors / 32% coverage ] ****** [132 done /113 queued / 16 running / 115 errors / 32% coverage ] ****** [133 done /112 queued / 16 running / 115 errors / 32% coverage ] ****** [133 done /112 queued / 16 running / 115 errors / 32% coverage ] ****** [134 done /111 queued / 16 running / 116 errors / 32% coverage ] ****** [134 done /111 queued / 16 running / 116 errors / 32% coverage ] ****** [135 done /110 queued / 16 running / 117 errors / 32% coverage ] ****** [135 done /110 queued / 16 running / 117 errors / 32% coverage ] ****** [136 done /109 queued / 16 running / 118 errors / 32% coverage ] ****** [136 done /109 queued / 16 running / 118 errors / 32% coverage ] ****** [137 done /112 queued / 16 running / 119 errors / 32% coverage ] ****** [137 done /112 queued / 16 running / 119 errors / 32% coverage ] ****** [138 done /116 queued / 16 running / 120 errors / 32% coverage ] ****** [138 done /116 queued / 16 running / 120 errors / 32% coverage ] ****** [139 done /118 queued / 16 running / 121 errors / 32% coverage ] ****** [139 done /118 queued / 16 running / 121 errors / 32% coverage ] ****** [140 done /117 queued / 16 running / 121 errors / 32% coverage ] ****** [140 done /117 queued / 16 running / 121 errors / 32% coverage ] ****** [141 done /118 queued / 16 running / 122 errors / 32% coverage ] ****** [141 done /118 queued / 16 running / 122 errors / 32% coverage ] ****** [142 done /119 queued / 16 running / 123 errors / 32% coverage ] ****** [142 done /119 queued / 16 running / 123 errors / 32% coverage ] ****** [143 done /120 queued / 16 running / 123 errors / 32% coverage ] ****** [143 done /120 queued / 16 running / 123 errors / 32% coverage ] ****** [144 done /122 queued / 16 running / 124 errors / 32% coverage ] ****** [144 done /122 queued / 16 running / 124 errors / 32% coverage ] ****** [145 done /123 queued / 16 running / 125 errors / 32% coverage ] ****** [145 done /123 queued / 16 running / 125 errors / 32% coverage ] ****** [146 done /124 queued / 16 running / 126 errors / 32% coverage ] ****** [146 done /124 queued / 16 running / 126 errors / 32% coverage ] ****** [147 done /123 queued / 16 running / 127 errors / 32% coverage ] ****** [147 done /123 queued / 16 running / 127 errors / 32% coverage ] ****** [148 done /127 queued / 16 running / 128 errors / 32% coverage ] ****** [148 done /127 queued / 16 running / 128 errors / 32% coverage ] ****** [149 done /126 queued / 16 running / 129 errors / 32% coverage ] ****** [149 done /126 queued / 16 running / 129 errors / 32% coverage ] ****** [150 done /125 queued / 16 running / 130 errors / 32% coverage ] ****** [150 done /125 queued / 16 running / 130 errors / 32% coverage ] ****** [151 done /128 queued / 16 running / 131 errors / 32% coverage ] ****** [151 done /128 queued / 16 running / 131 errors / 32% coverage ] ****** [152 done /129 queued / 16 running / 132 errors / 32% coverage ] ****** [152 done /129 queued / 16 running / 132 errors / 32% coverage ] ****** [153 done /130 queued / 16 running / 133 errors / 32% coverage ] ****** [153 done /130 queued / 16 running / 133 errors / 32% coverage ] ****** [154 done /131 queued / 16 running / 134 errors / 32% coverage ] ****** [154 done /131 queued / 16 running / 134 errors / 32% coverage ] ****** [155 done /132 queued / 16 running / 135 errors / 32% coverage ] ****** [155 done /132 queued / 16 running / 135 errors / 32% coverage ] ****** [156 done /134 queued / 16 running / 136 errors / 32% coverage ] ****** [156 done /134 queued / 16 running / 136 errors / 32% coverage ] ****** [157 done /135 queued / 16 running / 137 errors / 32% coverage ] ****** [157 done /135 queued / 16 running / 137 errors / 32% coverage ] ****** [158 done /136 queued / 16 running / 138 errors / 32% coverage ] ****** [158 done /136 queued / 16 running / 138 errors / 32% coverage ] ****** [159 done /135 queued / 16 running / 139 errors / 32% coverage ] ****** [159 done /135 queued / 16 running / 139 errors / 32% coverage ] ****** [160 done /134 queued / 16 running / 140 errors / 32% coverage ] ****** [160 done /134 queued / 16 running / 140 errors / 32% coverage ] ****** [161 done /133 queued / 16 running / 141 errors / 32% coverage ] ****** [161 done /133 queued / 16 running / 141 errors / 32% coverage ] ****** [162 done /132 queued / 16 running / 142 errors / 32% coverage ] ****** [162 done /132 queued / 16 running / 142 errors / 32% coverage ] ****** [163 done /131 queued / 16 running / 143 errors / 32% coverage ] ****** [163 done /131 queued / 16 running / 143 errors / 32% coverage ] ****** [164 done /132 queued / 16 running / 144 errors / 32% coverage ] ****** [164 done /132 queued / 16 running / 144 errors / 32% coverage ] ****** [165 done /131 queued / 16 running / 145 errors / 32% coverage ] ****** [165 done /131 queued / 16 running / 145 errors / 32% coverage ] ****** [166 done /130 queued / 16 running / 145 errors / 32% coverage ] ****** [166 done /130 queued / 16 running / 145 errors / 32% coverage ] ****** [167 done /132 queued / 16 running / 146 errors / 32% coverage ] ****** [167 done /132 queued / 16 running / 146 errors / 32% coverage ] ****** [168 done /135 queued / 16 running / 147 errors / 32% coverage ] ****** [168 done /135 queued / 16 running / 147 errors / 32% coverage ] ****** [169 done /134 queued / 16 running / 148 errors / 32% coverage ] ****** [169 done /134 queued / 16 running / 148 errors / 32% coverage ] ****** [170 done /135 queued / 16 running / 149 errors / 32% coverage ] ****** [170 done /135 queued / 16 running / 149 errors / 32% coverage ] ****** [171 done /134 queued / 16 running / 149 errors / 32% coverage ] ****** [171 done /134 queued / 16 running / 149 errors / 32% coverage ] ****** [172 done /136 queued / 16 running / 150 errors / 32% coverage ] ****** [172 done /136 queued / 16 running / 150 errors / 32% coverage ] ****** [173 done /139 queued / 16 running / 151 errors / 32% coverage ] ****** [173 done /139 queued / 16 running / 151 errors / 32% coverage ] ****** [174 done /140 queued / 16 running / 152 errors / 32% coverage ] ****** [174 done /140 queued / 16 running / 152 errors / 32% coverage ] ****** [175 done /139 queued / 16 running / 153 errors / 32% coverage ] ****** [175 done /139 queued / 16 running / 153 errors / 32% coverage ] ****** [176 done /142 queued / 16 running / 154 errors / 32% coverage ] ****** [176 done /142 queued / 16 running / 154 errors / 32% coverage ] ****** [177 done /142 queued / 16 running / 155 errors / 32% coverage ] ****** [177 done /142 queued / 16 running / 155 errors / 32% coverage ] ****** [178 done /141 queued / 16 running / 156 errors / 32% coverage ] ****** [178 done /141 queued / 16 running / 156 errors / 32% coverage ] ****** [179 done /140 queued / 16 running / 156 errors / 32% coverage ] ****** [179 done /140 queued / 16 running / 156 errors / 32% coverage ] ****** [180 done /139 queued / 16 running / 157 errors / 32% coverage ] ****** [180 done /139 queued / 16 running / 157 errors / 32% coverage ] ****** [181 done /139 queued / 16 running / 158 errors / 32% coverage ] ****** [181 done /139 queued / 16 running / 158 errors / 32% coverage ] ****** [182 done /139 queued / 16 running / 159 errors / 32% coverage ] ****** [182 done /139 queued / 16 running / 159 errors / 32% coverage ] ****** [183 done /138 queued / 16 running / 160 errors / 32% coverage ] ****** [183 done /138 queued / 16 running / 160 errors / 32% coverage ] ****** [184 done /138 queued / 16 running / 161 errors / 32% coverage ] ****** [184 done /138 queued / 16 running / 161 errors / 32% coverage ] ****** [185 done /137 queued / 16 running / 162 errors / 32% coverage ] ****** [185 done /137 queued / 16 running / 162 errors / 32% coverage ] ****** [186 done /138 queued / 16 running / 163 errors / 32% coverage ] ****** [186 done /138 queued / 16 running / 163 errors / 32% coverage ] ***
*-- Stat Module Output --*
*-- concretizations: ["defineProperty","bound consoleCall","bind","create","toString","apply","bound stringify","bound parser","bound Component","Error","bound Property","bound ","join","bound UtcOffset","pop"]
*-- Stat Module Done --*
*-- Test Case {"_bound":0,"Switcher":false,"Target_Switch_Base":0,"ExpansionArg_type":0} start 0.0083 took 3.2824s
*-- Errors occured in test {"_bound":0,"Switcher":false,"Target_Switch_Base":0,"ExpansionArg_type":0}
* Error: TypeError: Cannot read property '0' of undefined
*-- Replay with NO_COMPILE=1 expoSE replay '/home/blake/ExpoSE/lib/Harness/src/harness.js' '{"_bound":0}'
*-- Test Case {"Switcher":false,"Target_Switch_Base":1,"ExpansionArg_type":0,"_bound":1} start 3.3367 took 3.061s
*-- Errors occured in test {"Switcher":false,"Target_Switch_Base":1,"ExpansionArg_type":0,"_bound":1}
* Error: TypeError: Cannot read property 'length' of undefined
*-- Replay with NO_COMPILE=1 expoSE replay '/home/blake/ExpoSE/lib/Harness/src/harness.js' '{"Switcher":false,"Target_Switch_Base":1,"ExpansionArg_type":0,"_bound":1}'
*-- Test Case {"Switcher":false,"Target_Switch_Base":0,"ExpansionArg_type":1,"_bound":2} start 3.3576 took 3.1832s
*-- Errors occured in test {"Switcher":false,"Target_Switch_Base":0,"ExpansionArg_type":1,"_bound":2}
* Error: TypeError: Cannot read property '0' of null
*-- Replay with NO_COMPILE=1 expoSE replay '/home/blake/ExpoSE/lib/Harness/src/harness.js' '{"Switcher":false,"Target_Switch_Base":0,"ExpansionArg_type":1,"_bound":2}'
*-- Test Case {"Switcher":false,"Target_Switch_Base":1,"ExpansionArg_type":2,"_bound":3,"ExpansionArg_int":0} start 6.4409 took 2.6047s
*-- Errors occured in test {"Switcher":false,"Target_Switch_Base":1,"ExpansionArg_type":2,"_bound":3,"ExpansionArg_int":0}
* Error: TypeError: Function.prototype.apply was called on undefined, which is a undefined and not a function
*-- Replay with NO_COMPILE=1 expoSE replay '/home/blake/ExpoSE/lib/Harness/src/harness.js' '{"Switcher":false,"Target_Switch_Base":1,"ExpansionArg_type":2,"_bound":3}'
*-- Test Case {"Switcher":false,"Target_Switch_Base":2,"ExpansionArg_type":0,"_bound":2,"ExpansionArg_type_2":0,"ExpandedSwitcher":0} start 6.4809 took 2.8045s
*-- Errors occured in test {"Switcher":false,"Target_Switch_Base":2,"ExpansionArg_type":0,"_bound":2,"ExpansionArg_type_2":0,"ExpandedSwitcher":0}
* Error: TypeError: Cannot read property '0' of undefined
*-- Replay with NO_COMPILE=1 expoSE replay '/home/blake/ExpoSE/lib/Harness/src/harness.js' '{"Switcher":false,"Target_Switch_Base":2,"ExpansionArg_type":0,"_bound":2}'
*-- Test Case {"Switcher":false,"Target_Switch_Base":0,"ExpansionArg_type":2,"_bound":3,"ExpansionArg_int":0} start 6.5719 took 2.9588s
*-- Errors occured in test {"Switcher":false,"Target_Switch_Base":0,"ExpansionArg_type":2,"_bound":3,"ExpansionArg_int":0}
* Error: Error: must provide full jCal document
*-- Replay with NO_COMPILE=1 expoSE replay '/home/blake/ExpoSE/lib/Harness/src/harness.js' '{"Switcher":false,"Target_Switch_Base":0,"ExpansionArg_type":2,"_bound":3}'
*-- Test Case {"Switcher":false,"Target_Switch_Base":2,"ExpansionArg_type":0,"ExpansionArg_type_2":3,"ExpandedSwitcher":0,"_bound":5,"ExpansionArg_string":"PureString"} start 9.3493 took 2.9679s
*-- Errors occured in test {"Switcher":false,"Target_Switch_Base":2,"ExpansionArg_type":0,"ExpansionArg_type_2":3,"ExpandedSwitcher":0,"_bound":5,"ExpansionArg_string":"PureString"}
* Error: TypeError: Cannot read property '0' of undefined
*-- Replay with NO_COMPILE=1 expoSE replay '/home/blake/ExpoSE/lib/Harness/src/harness.js' '{"Switcher":false,"Target_Switch_Base":2,"ExpansionArg_type":0,"ExpansionArg_type_2":3,"ExpandedSwitcher":0,"_bound":5}'
*-- Test Case {"Switcher":false,"Target_Switch_Base":0,"ExpansionArg_type":3,"ExpansionArg_int":0,"_bound":4,"ExpansionArg_string":"PureString"} start 9.5624 took 2.9406s
*-- Errors occured in test {"Switcher":false,"Target_Switch_Base":0,"ExpansionArg_type":3,"ExpansionArg_int":0,"_bound":4,"ExpansionArg_string":"PureString"}
* Error: Error: must provide full jCal document
*-- Replay with NO_COMPILE=1 expoSE replay '/home/blake/ExpoSE/lib/Harness/src/harness.js' '{"Switcher":false,"Target_Switch_Base":0,"ExpansionArg_type":3,"ExpansionArg_int":0,"_bound":4}'
*-- Test Case {"Switcher":false,"Target_Switch_Base":1,"ExpansionArg_type":1,"ExpansionArg_int":0,"_bound":4} start 9.1282 took 3.4857s
*-- Errors occured in test {"Switcher":false,"Target_Switch_Base":1,"ExpansionArg_type":1,"ExpansionArg_int":0,"_bound":4}
* Error: TypeError: Cannot read property 'length' of null
*-- Replay with NO_COMPILE=1 expoSE replay '/home/blake/ExpoSE/lib/Harness/src/harness.js' '{"Switcher":false,"Target_Switch_Base":1,"ExpansionArg_type":1,"ExpansionArg_int":0,"_bound":4}'
*-- Test Case {"Switcher":false,"Target_Switch_Base":3,"ExpansionArg_type":0,"ExpansionArg_type_2":0,"ExpandedSwitcher":0,"_bound":3} start 9.3092 took 3.3804s
*-- Errors occured in test {"Switcher":false,"Target_Switch_Base":3,"ExpansionArg_type":0,"ExpansionArg_type_2":0,"ExpandedSwitcher":0,"_bound":3}
* Error: TypeError: Cannot read property '2' of undefined
*-- Replay with NO_COMPILE=1 expoSE replay '/home/blake/ExpoSE/lib/Harness/src/harness.js' '{"Switcher":false,"Target_Switch_Base":3,"ExpansionArg_type":0,"ExpansionArg_type_2":0,"ExpandedSwitcher":0,"_bound":3}'
*-- Test Case {"Switcher":false,"Target_Switch_Base":2,"ExpansionArg_type":3,"ExpansionArg_type_2":0,"ExpandedSwitcher":0,"_bound":4,"ExpansionArg_string":"PureString","ExpansionArg_type_3":0} start 9.3691 took 3.462s
*-- Errors occured in test {"Switcher":false,"Target_Switch_Base":2,"ExpansionArg_type":3,"ExpansionArg_type_2":0,"ExpandedSwitcher":0,"_bound":4,"ExpansionArg_string":"PureString","ExpansionArg_type_3":0}
* Error: TypeError: Cannot read property '2' of undefined
*-- Replay with NO_COMPILE=1 expoSE replay '/home/blake/ExpoSE/lib/Harness/src/harness.js' '{"Switcher":false,"Target_Switch_Base":2,"ExpansionArg_type":3,"ExpansionArg_type_2":0,"ExpandedSwitcher":0,"_bound":4}'
*-- Test Case {"Switcher":false,"Target_Switch_Base":1,"ExpansionArg_type":3,"ExpansionArg_int":0,"_bound":5,"ExpansionArg_string":"PureString"} start 9.0809 took 4.4529s
*-- Errors occured in test {"Switcher":false,"Target_Switch_Base":1,"ExpansionArg_type":3,"ExpansionArg_int":0,"_bound":5,"ExpansionArg_string":"PureString"}
* Error: Error: Concolic(invalid line (no token ";" or ":") "PureString", Expr {(str.++ (str.++ "invalid line (no token "";"" or "":"") """
                (str.substr ExpansionArg_string
                            (to_int 0.0)
                            (to_int (- (- (to_real (str.len ExpansionArg_string))
                                          0.0)
                                       0.0))))
        """")}, )
*-- Replay with NO_COMPILE=1 expoSE replay '/home/blake/ExpoSE/lib/Harness/src/harness.js' '{"Switcher":false,"Target_Switch_Base":1,"ExpansionArg_type":3,"ExpansionArg_int":0,"_bound":5}'
*-- Test Case {"Switcher":false,"Target_Switch_Base":0,"ExpansionArg_type":3,"ExpansionArg_string":"","_bound":6} start 12.545 took 3.1406s
*-- Errors occured in test {"Switcher":false,"Target_Switch_Base":0,"ExpansionArg_type":3,"ExpansionArg_string":"","_bound":6}
* Error: Exception E: SyntaxError: Unexpected end of JSON input of test data on 
* Error: Exception E: SyntaxError: Unexpected end of JSON input of coverage data on 
* Error: Error extracting final output - a fatal error must have occured
*-- Replay with NO_COMPILE=1 expoSE replay '/home/blake/ExpoSE/lib/Harness/src/harness.js' '{"Switcher":false,"Target_Switch_Base":0,"ExpansionArg_type":3,"ExpansionArg_string":"","_bound":6}'
*-- Test Case {"Switcher":false,"Target_Switch_Base":0,"ExpansionArg_type":4,"ExpansionArg_string":"","_bound":5,"ExpansionArg_array_length":0} start 12.5627 took 3.6461s
*-- Errors occured in test {"Switcher":false,"Target_Switch_Base":0,"ExpansionArg_type":4,"ExpansionArg_string":"","_bound":5,"ExpansionArg_array_length":0}
* Error: Error: must provide full jCal document
*-- Replay with NO_COMPILE=1 expoSE replay '/home/blake/ExpoSE/lib/Harness/src/harness.js' '{"Switcher":false,"Target_Switch_Base":0,"ExpansionArg_type":4,"ExpansionArg_string":"","_bound":5}'
*-- Test Case {"Switcher":false,"Target_Switch_Base":2,"ExpansionArg_type":3,"ExpansionArg_string":"","ExpansionArg_type_2":0,"ExpandedSwitcher":4,"ExpansionArg_type_3":0,"_bound":9} start 12.9776 took 3.3445s
*-- Errors occured in test {"Switcher":false,"Target_Switch_Base":2,"ExpansionArg_type":3,"ExpansionArg_string":"","ExpansionArg_type_2":0,"ExpandedSwitcher":4,"ExpansionArg_type_3":0,"_bound":9}
* Error: TypeError: Cannot read property '1' of undefined
*-- Replay with NO_COMPILE=1 expoSE replay '/home/blake/ExpoSE/lib/Harness/src/harness.js' '{"Switcher":false,"Target_Switch_Base":2,"ExpansionArg_type":3,"ExpansionArg_string":"","ExpansionArg_type_2":0,"ExpandedSwitcher":4,"ExpansionArg_type_3":0,"_bound":9}'
*-- Test Case {"Switcher":false,"Target_Switch_Base":2,"ExpansionArg_type":0,"ExpansionArg_type_2":3,"ExpansionArg_string":"","ExpandedSwitcher":0,"_bound":9} start 12.3712 took 4.2504s
*-- Errors occured in test {"Switcher":false,"Target_Switch_Base":2,"ExpansionArg_type":0,"ExpansionArg_type_2":3,"ExpansionArg_string":"","ExpandedSwitcher":0,"_bound":9}
* Error: TypeError: Cannot read property '0' of undefined
*-- Replay with NO_COMPILE=1 expoSE replay '/home/blake/ExpoSE/lib/Harness/src/harness.js' '{"Switcher":false,"Target_Switch_Base":2,"ExpansionArg_type":0,"ExpansionArg_type_2":3,"ExpansionArg_string":"","ExpandedSwitcher":0,"_bound":9}'
*-- Test Case {"Switcher":false,"Target_Switch_Base":2,"ExpansionArg_type":0,"ExpansionArg_type_2":2,"ExpansionArg_string":"","ExpandedSwitcher":0,"_bound":7,"ExpansionArg_int":0} start 12.4014 took 4.3023s
*-- Errors occured in test {"Switcher":false,"Target_Switch_Base":2,"ExpansionArg_type":0,"ExpansionArg_type_2":2,"ExpansionArg_string":"","ExpandedSwitcher":0,"_bound":7,"ExpansionArg_int":0}
* Error: TypeError: Cannot read property '0' of undefined
*-- Replay with NO_COMPILE=1 expoSE replay '/home/blake/ExpoSE/lib/Harness/src/harness.js' '{"Switcher":false,"Target_Switch_Base":2,"ExpansionArg_type":0,"ExpansionArg_type_2":2,"ExpansionArg_string":"","ExpandedSwitcher":0,"_bound":7}'
*-- Test Case {"Switcher":false,"Target_Switch_Base":2,"ExpansionArg_type":2,"ExpansionArg_string":"","ExpansionArg_type_2":0,"ExpandedSwitcher":0,"ExpansionArg_type_3":0,"_bound":6,"ExpansionArg_int":0} start 12.8612 took 4.0389s
*-- Errors occured in test {"Switcher":false,"Target_Switch_Base":2,"ExpansionArg_type":2,"ExpansionArg_string":"","ExpansionArg_type_2":0,"ExpandedSwitcher":0,"ExpansionArg_type_3":0,"_bound":6,"ExpansionArg_int":0}
* Error: TypeError: Cannot read property '2' of undefined
*-- Replay with NO_COMPILE=1 expoSE replay '/home/blake/ExpoSE/lib/Harness/src/harness.js' '{"Switcher":false,"Target_Switch_Base":2,"ExpansionArg_type":2,"ExpansionArg_string":"","ExpansionArg_type_2":0,"ExpandedSwitcher":0,"ExpansionArg_type_3":0,"_bound":6}'
*-- Test Case {"Switcher":false,"Target_Switch_Base":3,"ExpansionArg_type":0,"ExpansionArg_type_2":4,"_bound":6,"ExpansionArg_array_length":0} start 12.7369 took 4.2501s
*-- Errors occured in test {"Switcher":false,"Target_Switch_Base":3,"ExpansionArg_type":0,"ExpansionArg_type_2":4,"_bound":6,"ExpansionArg_array_length":0}
* Error: TypeError: Cannot read property '2' of undefined
*-- Replay with NO_COMPILE=1 expoSE replay '/home/blake/ExpoSE/lib/Harness/src/harness.js' '{"Switcher":false,"Target_Switch_Base":3,"ExpansionArg_type":0,"ExpansionArg_type_2":4,"_bound":6}'
*-- Test Case {"Switcher":false,"Target_Switch_Base":2,"ExpansionArg_type":4,"ExpansionArg_string":"","ExpansionArg_type_2":0,"ExpandedSwitcher":0,"ExpansionArg_type_3":0,"_bound":7,"ExpansionArg_array_length":0} start 12.8932 took 4.2884s
*-- Errors occured in test {"Switcher":false,"Target_Switch_Base":2,"ExpansionArg_type":4,"ExpansionArg_string":"","ExpansionArg_type_2":0,"ExpandedSwitcher":0,"ExpansionArg_type_3":0,"_bound":7,"ExpansionArg_array_length":0}
* Error: TypeError: Cannot read property '2' of undefined
*-- Replay with NO_COMPILE=1 expoSE replay '/home/blake/ExpoSE/lib/Harness/src/harness.js' '{"Switcher":false,"Target_Switch_Base":2,"ExpansionArg_type":4,"ExpansionArg_string":"","ExpansionArg_type_2":0,"ExpandedSwitcher":0,"ExpansionArg_type_3":0,"_bound":7}'
*-- Test Case {"Switcher":false,"Target_Switch_Base":1,"ExpansionArg_type":3,"ExpansionArg_string":"\t","_bound":9,"ExpandedSwitcher":0} start 13.5972 took 3.7309s
*-- Test Case {"Switcher":false,"Target_Switch_Base":4,"ExpansionArg_type":0,"ExpansionArg_type_2":0,"_bound":4} start 12.7932 took 4.595s
*-- Errors occured in test {"Switcher":false,"Target_Switch_Base":4,"ExpansionArg_type":0,"ExpansionArg_type_2":0,"_bound":4}
* Error: TypeError: Cannot read property 'hours' of undefined
*-- Replay with NO_COMPILE=1 expoSE replay '/home/blake/ExpoSE/lib/Harness/src/harness.js' '{"Switcher":false,"Target_Switch_Base":4,"ExpansionArg_type":0,"ExpansionArg_type_2":0,"_bound":4}'
*-- Test Case {"Switcher":false,"Target_Switch_Base":2,"ExpansionArg_type":1,"ExpansionArg_string":"","ExpansionArg_type_2":0,"ExpandedSwitcher":0,"ExpansionArg_type_3":0,"_bound":5} start 12.9292 took 4.5446s
*-- Errors occured in test {"Switcher":false,"Target_Switch_Base":2,"ExpansionArg_type":1,"ExpansionArg_string":"","ExpansionArg_type_2":0,"ExpandedSwitcher":0,"ExpansionArg_type_3":0,"_bound":5}
* Error: TypeError: Cannot read property '0' of null
*-- Replay with NO_COMPILE=1 expoSE replay '/home/blake/ExpoSE/lib/Harness/src/harness.js' '{"Switcher":false,"Target_Switch_Base":2,"ExpansionArg_type":1,"ExpansionArg_string":"","ExpansionArg_type_2":0,"ExpandedSwitcher":0,"ExpansionArg_type_3":0,"_bound":5}'
*-- Test Case {"Switcher":false,"Target_Switch_Base":3,"ExpansionArg_type":4,"ExpansionArg_type_2":0,"_bound":5,"ExpansionArg_array_length":0,"ExpandedSwitcher":0,"ExpandedSwitcher_2":0} start 12.7738 took 4.8064s
*-- Test Case {"Switcher":false,"Target_Switch_Base":2,"ExpansionArg_type":3,"ExpansionArg_string":"","ExpansionArg_type_2":0,"ExpandedSwitcher":0,"ExpansionArg_type_3":4,"_bound":10,"ExpansionArg_array_length":0} start 12.9946 took 4.7916s
*-- Errors occured in test {"Switcher":false,"Target_Switch_Base":2,"ExpansionArg_type":3,"ExpansionArg_string":"","ExpansionArg_type_2":0,"ExpandedSwitcher":0,"ExpansionArg_type_3":4,"_bound":10,"ExpansionArg_array_length":0}
* Error: TypeError: Cannot read property '2' of undefined
*-- Replay with NO_COMPILE=1 expoSE replay '/home/blake/ExpoSE/lib/Harness/src/harness.js' '{"Switcher":false,"Target_Switch_Base":2,"ExpansionArg_type":3,"ExpansionArg_string":"","ExpansionArg_type_2":0,"ExpandedSwitcher":0,"ExpansionArg_type_3":4,"_bound":10}'
*-- Test Case {"Switcher":false,"Target_Switch_Base":2,"ExpansionArg_type":0,"ExpansionArg_type_2":4,"ExpansionArg_string":"","ExpandedSwitcher":0,"_bound":8,"ExpansionArg_array_length":0} start 12.3535 took 5.8987s
*-- Errors occured in test {"Switcher":false,"Target_Switch_Base":2,"ExpansionArg_type":0,"ExpansionArg_type_2":4,"ExpansionArg_string":"","ExpandedSwitcher":0,"_bound":8,"ExpansionArg_array_length":0}
* Error: TypeError: Cannot read property '0' of undefined
*-- Replay with NO_COMPILE=1 expoSE replay '/home/blake/ExpoSE/lib/Harness/src/harness.js' '{"Switcher":false,"Target_Switch_Base":2,"ExpansionArg_type":0,"ExpansionArg_type_2":4,"ExpansionArg_string":"","ExpandedSwitcher":0,"_bound":8}'
*-- Test Case {"Switcher":false,"Target_Switch_Base":2,"ExpansionArg_type":3,"ExpansionArg_string":"","ExpansionArg_type_2":4,"ExpandedSwitcher":0,"ExpansionArg_type_3":0,"_bound":8,"ExpansionArg_array_length":0} start 12.9488 took 5.3834s
*-- Errors occured in test {"Switcher":false,"Target_Switch_Base":2,"ExpansionArg_type":3,"ExpansionArg_string":"","ExpansionArg_type_2":4,"ExpandedSwitcher":0,"ExpansionArg_type_3":0,"_bound":8,"ExpansionArg_array_length":0}
* Error: TypeError: Cannot read property '2' of undefined
*-- Replay with NO_COMPILE=1 expoSE replay '/home/blake/ExpoSE/lib/Harness/src/harness.js' '{"Switcher":false,"Target_Switch_Base":2,"ExpansionArg_type":3,"ExpansionArg_string":"","ExpansionArg_type_2":4,"ExpandedSwitcher":0,"ExpansionArg_type_3":0,"_bound":8}'
*-- Test Case {"Switcher":false,"Target_Switch_Base":2,"ExpansionArg_type":0,"ExpansionArg_type_2":1,"ExpansionArg_string":"","ExpandedSwitcher":0,"_bound":6} start 12.4296 took 6.9127s
*-- Errors occured in test {"Switcher":false,"Target_Switch_Base":2,"ExpansionArg_type":0,"ExpansionArg_type_2":1,"ExpansionArg_string":"","ExpandedSwitcher":0,"_bound":6}
* Error: TypeError: Cannot read property '0' of undefined
*-- Replay with NO_COMPILE=1 expoSE replay '/home/blake/ExpoSE/lib/Harness/src/harness.js' '{"Switcher":false,"Target_Switch_Base":2,"ExpansionArg_type":0,"ExpansionArg_type_2":1,"ExpansionArg_string":"","ExpandedSwitcher":0,"_bound":6}'
*-- Test Case {"Switcher":false,"Target_Switch_Base":1,"ExpansionArg_type":3,"ExpansionArg_string":" ","_bound":8,"ExpandedSwitcher":0} start 15.7098 took 3.7201s
*-- Test Case {"Switcher":false,"Target_Switch_Base":0,"ExpansionArg_type":5,"ExpansionArg_array_length":0,"_bound":6,"ExpansionArg_bool":false} start 16.2493 took 3.7834s
*-- Errors occured in test {"Switcher":false,"Target_Switch_Base":0,"ExpansionArg_type":5,"ExpansionArg_array_length":0,"_bound":6,"ExpansionArg_bool":false}
* Error: Error: must provide full jCal document
*-- Replay with NO_COMPILE=1 expoSE replay '/home/blake/ExpoSE/lib/Harness/src/harness.js' '{"Switcher":false,"Target_Switch_Base":0,"ExpansionArg_type":5,"ExpansionArg_array_length":0,"_bound":6}'
*-- Test Case {"Switcher":false,"Target_Switch_Base":0,"ExpansionArg_type":4,"ExpansionArg_array_length":1,"_bound":7,"ExpansionArg_array_element_0_type":0} start 16.38 took 3.8896s
*-- Errors occured in test {"Switcher":false,"Target_Switch_Base":0,"ExpansionArg_type":4,"ExpansionArg_array_length":1,"_bound":7,"ExpansionArg_array_element_0_type":0}
* Error: Error: must provide full jCal document
*-- Replay with NO_COMPILE=1 expoSE replay '/home/blake/ExpoSE/lib/Harness/src/harness.js' '{"Switcher":false,"Target_Switch_Base":0,"ExpansionArg_type":4,"ExpansionArg_array_length":1,"_bound":7}'
*-- Test Case {"Switcher":false,"Target_Switch_Base":1,"ExpansionArg_type":3,"ExpansionArg_string":"","_bound":11,"ExpandedSwitcher":0} start 16.6695 took 3.8835s
*-- Test Case {"Switcher":false,"Target_Switch_Base":2,"ExpansionArg_type":5,"ExpansionArg_array_length":0,"ExpansionArg_type_2":0,"ExpandedSwitcher":0,"ExpansionArg_type_3":0,"_bound":8,"ExpansionArg_bool":false} start 17.2097 took 3.5181s
*-- Errors occured in test {"Switcher":false,"Target_Switch_Base":2,"ExpansionArg_type":5,"ExpansionArg_array_length":0,"ExpansionArg_type_2":0,"ExpandedSwitcher":0,"ExpansionArg_type_3":0,"_bound":8,"ExpansionArg_bool":false}
* Error: TypeError: Cannot read property '2' of undefined
*-- Replay with NO_COMPILE=1 expoSE replay '/home/blake/ExpoSE/lib/Harness/src/harness.js' '{"Switcher":false,"Target_Switch_Base":2,"ExpansionArg_type":5,"ExpansionArg_array_length":0,"ExpansionArg_type_2":0,"ExpandedSwitcher":0,"ExpansionArg_type_3":0,"_bound":8}'
*-- Test Case {"Switcher":false,"Target_Switch_Base":1,"ExpansionArg_type":3,"ExpansionArg_string":"\u0000\u0000;","_bound":12} start 16.9451 took 4.1406s
*-- Errors occured in test {"Switcher":false,"Target_Switch_Base":1,"ExpansionArg_type":3,"ExpansionArg_string":"\u0000\u0000;","_bound":12}
* Error: TypeError: Cannot read property 'length' of undefined
*-- Replay with NO_COMPILE=1 expoSE replay '/home/blake/ExpoSE/lib/Harness/src/harness.js' '{"Switcher":false,"Target_Switch_Base":1,"ExpansionArg_type":3,"ExpansionArg_string":"\u0000\u0000;","_bound":12}'
*-- Test Case {"Switcher":false,"Target_Switch_Base":1,"ExpansionArg_type":3,"ExpansionArg_string":"\u0000\u0000:","_bound":14} start 17.3771 took 4.5628s
*-- Errors occured in test {"Switcher":false,"Target_Switch_Base":1,"ExpansionArg_type":3,"ExpansionArg_string":"\u0000\u0000:","_bound":14}
* Error: TypeError: Cannot read property 'push' of undefined
*-- Replay with NO_COMPILE=1 expoSE replay '/home/blake/ExpoSE/lib/Harness/src/harness.js' '{"Switcher":false,"Target_Switch_Base":1,"ExpansionArg_type":3,"ExpansionArg_string":"\u0000\u0000:","_bound":14}'
*-- Test Case {"Switcher":false,"Target_Switch_Base":3,"ExpansionArg_type":0,"ExpansionArg_type_2":2,"ExpansionArg_array_length":0,"_bound":8,"ExpansionArg_int":0} start 17.6101 took 4.5123s
*-- Errors occured in test {"Switcher":false,"Target_Switch_Base":3,"ExpansionArg_type":0,"ExpansionArg_type_2":2,"ExpansionArg_array_length":0,"_bound":8,"ExpansionArg_int":0}
* Error: TypeError: Cannot read property '2' of undefined
*-- Replay with NO_COMPILE=1 expoSE replay '/home/blake/ExpoSE/lib/Harness/src/harness.js' '{"Switcher":false,"Target_Switch_Base":3,"ExpansionArg_type":0,"ExpansionArg_type_2":2,"ExpansionArg_array_length":0,"_bound":8}'
*-- Test Case {"Switcher":false,"Target_Switch_Base":2,"ExpansionArg_type":3,"ExpansionArg_string":"","ExpansionArg_type_2":5,"ExpansionArg_array_length":0,"ExpandedSwitcher":0,"ExpansionArg_type_3":0,"_bound":12,"ExpansionArg_bool":false} start 19.4746 took 3.076s
*-- Errors occured in test {"Switcher":false,"Target_Switch_Base":2,"ExpansionArg_type":3,"ExpansionArg_string":"","ExpansionArg_type_2":5,"ExpansionArg_array_length":0,"ExpandedSwitcher":0,"ExpansionArg_type_3":0,"_bound":12,"ExpansionArg_bool":false}
* Error: TypeError: Cannot read property '2' of undefined
*-- Replay with NO_COMPILE=1 expoSE replay '/home/blake/ExpoSE/lib/Harness/src/harness.js' '{"Switcher":false,"Target_Switch_Base":2,"ExpansionArg_type":3,"ExpansionArg_string":"","ExpansionArg_type_2":5,"ExpansionArg_array_length":0,"ExpandedSwitcher":0,"ExpansionArg_type_3":0,"_bound":12}'
*-- Test Case {"Switcher":false,"Target_Switch_Base":3,"ExpansionArg_type":0,"ExpansionArg_type_2":3,"ExpansionArg_array_length":0,"_bound":9,"ExpansionArg_string":"PureString"} start 18.368 took 4.3141s
*-- Errors occured in test {"Switcher":false,"Target_Switch_Base":3,"ExpansionArg_type":0,"ExpansionArg_type_2":3,"ExpansionArg_array_length":0,"_bound":9,"ExpansionArg_string":"PureString"}
* Error: TypeError: Cannot read property '2' of undefined
*-- Replay with NO_COMPILE=1 expoSE replay '/home/blake/ExpoSE/lib/Harness/src/harness.js' '{"Switcher":false,"Target_Switch_Base":3,"ExpansionArg_type":0,"ExpansionArg_type_2":3,"ExpansionArg_array_length":0,"_bound":9}'
*-- Test Case {"Switcher":false,"Target_Switch_Base":2,"ExpansionArg_type":4,"ExpansionArg_array_length":1,"ExpansionArg_type_2":0,"ExpandedSwitcher":0,"ExpansionArg_type_3":0,"_bound":9,"ExpansionArg_array_element_0_type":0} start 17.8411 took 5.0884s
*-- Errors occured in test {"Switcher":false,"Target_Switch_Base":2,"ExpansionArg_type":4,"ExpansionArg_array_length":1,"ExpansionArg_type_2":0,"ExpandedSwitcher":0,"ExpansionArg_type_3":0,"_bound":9,"ExpansionArg_array_element_0_type":0}
* Error: TypeError: Cannot read property '2' of undefined
*-- Replay with NO_COMPILE=1 expoSE replay '/home/blake/ExpoSE/lib/Harness/src/harness.js' '{"Switcher":false,"Target_Switch_Base":2,"ExpansionArg_type":4,"ExpansionArg_array_length":1,"ExpansionArg_type_2":0,"ExpandedSwitcher":0,"ExpansionArg_type_3":0,"_bound":9}'
*-- Test Case {"Switcher":false,"Target_Switch_Base":2,"ExpansionArg_type":0,"ExpansionArg_type_2":4,"ExpansionArg_array_length":1,"ExpandedSwitcher":0,"_bound":10,"ExpansionArg_array_element_0_type":0} start 18.2799 took 4.7293s
*-- Errors occured in test {"Switcher":false,"Target_Switch_Base":2,"ExpansionArg_type":0,"ExpansionArg_type_2":4,"ExpansionArg_array_length":1,"ExpandedSwitcher":0,"_bound":10,"ExpansionArg_array_element_0_type":0}
* Error: TypeError: Cannot read property '0' of undefined
*-- Replay with NO_COMPILE=1 expoSE replay '/home/blake/ExpoSE/lib/Harness/src/harness.js' '{"Switcher":false,"Target_Switch_Base":2,"ExpansionArg_type":0,"ExpansionArg_type_2":4,"ExpansionArg_array_length":1,"ExpandedSwitcher":0,"_bound":10}'
*-- Test Case {"Switcher":false,"Target_Switch_Base":3,"ExpansionArg_type":0,"ExpansionArg_type_2":4,"ExpansionArg_array_length":1,"_bound":11,"ExpansionArg_array_element_0_type":0} start 17.0337 took 6.1443s
*-- Errors occured in test {"Switcher":false,"Target_Switch_Base":3,"ExpansionArg_type":0,"ExpansionArg_type_2":4,"ExpansionArg_array_length":1,"_bound":11,"ExpansionArg_array_element_0_type":0}
* Error: TypeError: Cannot read property '2' of undefined
*-- Replay with NO_COMPILE=1 expoSE replay '/home/blake/ExpoSE/lib/Harness/src/harness.js' '{"Switcher":false,"Target_Switch_Base":3,"ExpansionArg_type":0,"ExpansionArg_type_2":4,"ExpansionArg_array_length":1,"_bound":11}'
*-- Test Case {"Switcher":false,"Target_Switch_Base":1,"ExpansionArg_type":3,"ExpansionArg_string":"\u0000\n","_bound":7} start 17.5229 took 6.133s
*-- Errors occured in test {"Switcher":false,"Target_Switch_Base":1,"ExpansionArg_type":3,"ExpansionArg_string":"\u0000\n","_bound":7}
* Error: Error: Concolic(invalid line (no token ";" or ":") " ", Expr {(str.++ (str.++ "invalid line (no token "";"" or "":"") """
                (str.substr ExpansionArg_string
                            (to_int 0.0)
                            (to_int (- (- (+ (to_real (str.indexof ExpansionArg_string
                                                                   "\n"
                                                                   (to_int 0.0)))
                                             1.0)
                                          0.0)
                                       1.0))))
        """")}, )
*-- Replay with NO_COMPILE=1 expoSE replay '/home/blake/ExpoSE/lib/Harness/src/harness.js' '{"Switcher":false,"Target_Switch_Base":1,"ExpansionArg_type":3,"ExpansionArg_string":"\u0000\n","_bound":7}'
*-- Test Case {"Switcher":false,"Target_Switch_Base":3,"ExpansionArg_type":0,"ExpansionArg_type_2":5,"ExpansionArg_array_length":0,"_bound":10,"ExpansionArg_bool":false} start 17.4418 took 6.5145s
*-- Errors occured in test {"Switcher":false,"Target_Switch_Base":3,"ExpansionArg_type":0,"ExpansionArg_type_2":5,"ExpansionArg_array_length":0,"_bound":10,"ExpansionArg_bool":false}
* Error: TypeError: Cannot read property '2' of undefined
*-- Replay with NO_COMPILE=1 expoSE replay '/home/blake/ExpoSE/lib/Harness/src/harness.js' '{"Switcher":false,"Target_Switch_Base":3,"ExpansionArg_type":0,"ExpansionArg_type_2":5,"ExpansionArg_array_length":0,"_bound":10}'
*-- Test Case {"Switcher":false,"Target_Switch_Base":2,"ExpansionArg_type":0,"ExpansionArg_type_2":2,"ExpansionArg_int":1,"ExpandedSwitcher":0,"_bound":8} start 16.7463 took 7.5472s
*-- Errors occured in test {"Switcher":false,"Target_Switch_Base":2,"ExpansionArg_type":0,"ExpansionArg_type_2":2,"ExpansionArg_int":1,"ExpandedSwitcher":0,"_bound":8}
* Error: TypeError: Cannot read property '0' of undefined
*-- Replay with NO_COMPILE=1 expoSE replay '/home/blake/ExpoSE/lib/Harness/src/harness.js' '{"Switcher":false,"Target_Switch_Base":2,"ExpansionArg_type":0,"ExpansionArg_type_2":2,"ExpansionArg_int":1,"ExpandedSwitcher":0,"_bound":8}'
*-- Test Case {"Switcher":false,"Target_Switch_Base":1,"ExpansionArg_type":4,"ExpansionArg_string":"","_bound":6,"ExpansionArg_array_length":0} start 19.3778 took 5.0841s
*-- Errors occured in test {"Switcher":false,"Target_Switch_Base":1,"ExpansionArg_type":4,"ExpansionArg_string":"","_bound":6,"ExpansionArg_array_length":0}
* Error: TypeError: Function.prototype.apply was called on undefined, which is a undefined and not a function
*-- Replay with NO_COMPILE=1 expoSE replay '/home/blake/ExpoSE/lib/Harness/src/harness.js' '{"Switcher":false,"Target_Switch_Base":1,"ExpansionArg_type":4,"ExpansionArg_string":"","_bound":6}'
*-- Test Case {"Switcher":false,"Target_Switch_Base":2,"ExpansionArg_type":3,"ExpansionArg_string":"","ExpansionArg_type_2":0,"ExpandedSwitcher":3,"ExpansionArg_type_3":0,"_bound":12} start 20.6139 took 4.4724s
*-- Errors occured in test {"Switcher":false,"Target_Switch_Base":2,"ExpansionArg_type":3,"ExpansionArg_string":"","ExpansionArg_type_2":0,"ExpandedSwitcher":3,"ExpansionArg_type_3":0,"_bound":12}
* Error: TypeError: Cannot read property '2' of undefined
*-- Replay with NO_COMPILE=1 expoSE replay '/home/blake/ExpoSE/lib/Harness/src/harness.js' '{"Switcher":false,"Target_Switch_Base":2,"ExpansionArg_type":3,"ExpansionArg_string":"","ExpansionArg_type_2":0,"ExpandedSwitcher":3,"ExpansionArg_type_3":0,"_bound":12}'
*-- Test Case {"Switcher":false,"Target_Switch_Base":3,"ExpansionArg_type":5,"ExpansionArg_array_length":0,"ExpansionArg_type_2":0,"ExpandedSwitcher":0,"ExpandedSwitcher_2":0,"_bound":9,"ExpansionArg_bool":false} start 20.3451 took 6.092s
*-- Test Case {"Switcher":false,"Target_Switch_Base":1,"ExpansionArg_type":3,"ExpansionArg_string":"begin:","_bound":16} start 22.7326 took 4.1381s
*-- Errors occured in test {"Switcher":false,"Target_Switch_Base":1,"ExpansionArg_type":3,"ExpansionArg_string":"begin:","_bound":16}
* Error: Error: invalid ical body. component began but did not end
*-- Replay with NO_COMPILE=1 expoSE replay '/home/blake/ExpoSE/lib/Harness/src/harness.js' '{"Switcher":false,"Target_Switch_Base":1,"ExpansionArg_type":3,"ExpansionArg_string":"begin:","_bound":16}'
*-- Test Case {"Switcher":false,"Target_Switch_Base":2,"ExpansionArg_type":3,"ExpansionArg_string":"","ExpansionArg_type_2":0,"ExpandedSwitcher":0,"ExpansionArg_type_3":5,"ExpansionArg_array_length":0,"_bound":14,"ExpansionArg_bool":false} start 20.8012 took 6.1666s
*-- Errors occured in test {"Switcher":false,"Target_Switch_Base":2,"ExpansionArg_type":3,"ExpansionArg_string":"","ExpansionArg_type_2":0,"ExpandedSwitcher":0,"ExpansionArg_type_3":5,"ExpansionArg_array_length":0,"_bound":14,"ExpansionArg_bool":false}
* Error: TypeError: Cannot read property '2' of undefined
*-- Replay with NO_COMPILE=1 expoSE replay '/home/blake/ExpoSE/lib/Harness/src/harness.js' '{"Switcher":false,"Target_Switch_Base":2,"ExpansionArg_type":3,"ExpansionArg_string":"","ExpansionArg_type_2":0,"ExpandedSwitcher":0,"ExpansionArg_type_3":5,"ExpansionArg_array_length":0,"_bound":14}'
*-- Test Case {"Switcher":false,"Target_Switch_Base":3,"ExpansionArg_type":0,"ExpansionArg_type_2":2,"ExpansionArg_int":1,"_bound":9} start 23.1072 took 3.9276s
*-- Errors occured in test {"Switcher":false,"Target_Switch_Base":3,"ExpansionArg_type":0,"ExpansionArg_type_2":2,"ExpansionArg_int":1,"_bound":9}
* Error: TypeError: Cannot read property '2' of undefined
*-- Replay with NO_COMPILE=1 expoSE replay '/home/blake/ExpoSE/lib/Harness/src/harness.js' '{"Switcher":false,"Target_Switch_Base":3,"ExpansionArg_type":0,"ExpansionArg_type_2":2,"ExpansionArg_int":1,"_bound":9}'
*-- Test Case {"Switcher":false,"Target_Switch_Base":1,"ExpansionArg_type":3,"ExpansionArg_string":"e\u0000:\u0000","_bound":18} start 22.6132 took 4.5116s
*-- Errors occured in test {"Switcher":false,"Target_Switch_Base":1,"ExpansionArg_type":3,"ExpansionArg_string":"e\u0000:\u0000","_bound":18}
* Error: TypeError: Cannot read property 'push' of undefined
*-- Replay with NO_COMPILE=1 expoSE replay '/home/blake/ExpoSE/lib/Harness/src/harness.js' '{"Switcher":false,"Target_Switch_Base":1,"ExpansionArg_type":3,"ExpansionArg_string":"e\u0000:\u0000","_bound":18}'
*-- Test Case {"Switcher":false,"Target_Switch_Base":3,"ExpansionArg_type":0,"ExpansionArg_type_2":3,"ExpansionArg_string":"","_bound":10} start 23.2543 took 3.8704s
*-- Errors occured in test {"Switcher":false,"Target_Switch_Base":3,"ExpansionArg_type":0,"ExpansionArg_type_2":3,"ExpansionArg_string":"","_bound":10}
* Error: TypeError: Cannot read property '2' of undefined
*-- Replay with NO_COMPILE=1 expoSE replay '/home/blake/ExpoSE/lib/Harness/src/harness.js' '{"Switcher":false,"Target_Switch_Base":3,"ExpansionArg_type":0,"ExpansionArg_type_2":3,"ExpansionArg_string":"","_bound":10}'
*-- Test Case {"Switcher":false,"Target_Switch_Base":1,"ExpansionArg_type":3,"ExpansionArg_string":"\n","_bound":12,"ExpandedSwitcher":0} start 23.7239 took 3.5588s
*-- Test Case {"Switcher":false,"Target_Switch_Base":2,"ExpansionArg_type":3,"ExpansionArg_string":"","ExpansionArg_type_2":5,"ExpansionArg_bool":true,"ExpandedSwitcher":0,"ExpansionArg_type_3":0,"_bound":13} start 22.9982 took 4.4197s
*-- Errors occured in test {"Switcher":false,"Target_Switch_Base":2,"ExpansionArg_type":3,"ExpansionArg_string":"","ExpansionArg_type_2":5,"ExpansionArg_bool":true,"ExpandedSwitcher":0,"ExpansionArg_type_3":0,"_bound":13}
* Error: TypeError: Cannot read property '2' of undefined
*-- Replay with NO_COMPILE=1 expoSE replay '/home/blake/ExpoSE/lib/Harness/src/harness.js' '{"Switcher":false,"Target_Switch_Base":2,"ExpansionArg_type":3,"ExpansionArg_string":"","ExpansionArg_type_2":5,"ExpansionArg_bool":true,"ExpandedSwitcher":0,"ExpansionArg_type_3":0,"_bound":13}'
*-- Test Case {"Switcher":false,"Target_Switch_Base":1,"ExpansionArg_type":3,"ExpansionArg_string":"\u0000\u0000:\u0000;","_bound":13} start 22.1771 took 5.3296s
*-- Errors occured in test {"Switcher":false,"Target_Switch_Base":1,"ExpansionArg_type":3,"ExpansionArg_string":"\u0000\u0000:\u0000;","_bound":13}
* Error: TypeError: Cannot read property 'push' of undefined
*-- Replay with NO_COMPILE=1 expoSE replay '/home/blake/ExpoSE/lib/Harness/src/harness.js' '{"Switcher":false,"Target_Switch_Base":1,"ExpansionArg_type":3,"ExpansionArg_string":"\u0000\u0000:\u0000;","_bound":13}'
*-- Test Case {"Switcher":false,"Target_Switch_Base":1,"ExpansionArg_type":3,"ExpansionArg_string":"end:","_bound":17,"ExpandedSwitcher":0} start 22.0228 took 5.5363s
*-- Test Case {"Switcher":false,"Target_Switch_Base":3,"ExpansionArg_type":4,"ExpansionArg_array_length":1,"ExpansionArg_type_2":0,"ExpandedSwitcher":0,"ExpandedSwitcher_2":0,"_bound":10,"ExpansionArg_array_element_0_type":0} start 20.0745 took 7.5634s
*-- Test Case {"Switcher":false,"Target_Switch_Base":1,"ExpansionArg_type":3,"ExpansionArg_string":"","_bound":8,"ExpandedSwitcher":0} start 24.5418 took 5.9997s
*-- Test Case {"Switcher":false,"Target_Switch_Base":1,"ExpansionArg_type":3,"ExpansionArg_string":"\u0000\u0000:\u0000\u0000\n","_bound":15} start 24.0018 took 6.6361s
*-- Errors occured in test {"Switcher":false,"Target_Switch_Base":1,"ExpansionArg_type":3,"ExpansionArg_string":"\u0000\u0000:\u0000\u0000\n","_bound":15}
* Error: TypeError: Cannot read property 'push' of undefined
*-- Replay with NO_COMPILE=1 expoSE replay '/home/blake/ExpoSE/lib/Harness/src/harness.js' '{"Switcher":false,"Target_Switch_Base":1,"ExpansionArg_type":3,"ExpansionArg_string":"\u0000\u0000:\u0000\u0000\n","_bound":15}'
*-- Test Case {"Switcher":false,"Target_Switch_Base":1,"ExpansionArg_type":3,"ExpansionArg_string":" \u0000\u0000\n","_bound":9} start 26.4851 took 4.4724s
*-- Errors occured in test {"Switcher":false,"Target_Switch_Base":1,"ExpansionArg_type":3,"ExpansionArg_string":" \u0000\u0000\n","_bound":9}
* Error: Error: Concolic(invalid line (no token ";" or ":") "  ", Expr {(str.++ (str.++ "invalid line (no token "";"" or "":"") """
                (str.substr ExpansionArg_string
                            (to_int 1.0)
                            (to_int (- (- (+ (to_real (str.indexof ExpansionArg_string
                                                                   "\n"
                                                                   (to_int 1.0)))
                                             1.0)
                                          1.0)
                                       1.0))))
        """")}, )
*-- Replay with NO_COMPILE=1 expoSE replay '/home/blake/ExpoSE/lib/Harness/src/harness.js' '{"Switcher":false,"Target_Switch_Base":1,"ExpansionArg_type":3,"ExpansionArg_string":" \u0000\u0000\n","_bound":9}'
*-- Test Case {"Switcher":false,"Target_Switch_Base":3,"ExpansionArg_type":0,"ExpansionArg_type_2":5,"ExpansionArg_bool":true,"_bound":11} start 27.0147 took 4.2161s
*-- Errors occured in test {"Switcher":false,"Target_Switch_Base":3,"ExpansionArg_type":0,"ExpansionArg_type_2":5,"ExpansionArg_bool":true,"_bound":11}
* Error: TypeError: Cannot read property '2' of undefined
*-- Replay with NO_COMPILE=1 expoSE replay '/home/blake/ExpoSE/lib/Harness/src/harness.js' '{"Switcher":false,"Target_Switch_Base":3,"ExpansionArg_type":0,"ExpansionArg_type_2":5,"ExpansionArg_bool":true,"_bound":11}'
*-- Test Case {"Switcher":false,"Target_Switch_Base":3,"ExpansionArg_type":3,"ExpansionArg_array_length":0,"ExpansionArg_type_2":0,"ExpandedSwitcher":0,"ExpandedSwitcher_2":0,"_bound":8,"ExpansionArg_string":"PureString"} start 27.3178 took 4.0025s
*-- Test Case {"Switcher":false,"Target_Switch_Base":1,"ExpansionArg_type":3,"ExpansionArg_string":"begin:;","_bound":17} start 27.6777 took 3.7952s
*-- Errors occured in test {"Switcher":false,"Target_Switch_Base":1,"ExpansionArg_type":3,"ExpansionArg_string":"begin:;","_bound":17}
* Error: Error: invalid ical body. component began but did not end
*-- Replay with NO_COMPILE=1 expoSE replay '/home/blake/ExpoSE/lib/Harness/src/harness.js' '{"Switcher":false,"Target_Switch_Base":1,"ExpansionArg_type":3,"ExpansionArg_string":"begin:;","_bound":17}'
*-- Test Case {"Switcher":false,"Target_Switch_Base":2,"ExpansionArg_type":3,"ExpansionArg_string":"","ExpansionArg_type_2":0,"ExpandedSwitcher":0,"ExpansionArg_type_3":1,"ExpansionArg_array_length":0,"_bound":11} start 27.0893 took 4.4669s
*-- Errors occured in test {"Switcher":false,"Target_Switch_Base":2,"ExpansionArg_type":3,"ExpansionArg_string":"","ExpansionArg_type_2":0,"ExpandedSwitcher":0,"ExpansionArg_type_3":1,"ExpansionArg_array_length":0,"_bound":11}
* Error: TypeError: Cannot read property '2' of undefined
*-- Replay with NO_COMPILE=1 expoSE replay '/home/blake/ExpoSE/lib/Harness/src/harness.js' '{"Switcher":false,"Target_Switch_Base":2,"ExpansionArg_type":3,"ExpansionArg_string":"","ExpansionArg_type_2":0,"ExpandedSwitcher":0,"ExpansionArg_type_3":1,"ExpansionArg_array_length":0,"_bound":11}'
*-- Test Case {"Switcher":false,"Target_Switch_Base":1,"ExpansionArg_type":3,"ExpansionArg_string":"[:\u0000\\\\","_bound":19} start 27.1751 took 4.6746s
*-- Errors occured in test {"Switcher":false,"Target_Switch_Base":1,"ExpansionArg_type":3,"ExpansionArg_string":"[:\u0000\\\\","_bound":19}
* Error: TypeError: Cannot read property 'push' of undefined
*-- Replay with NO_COMPILE=1 expoSE replay '/home/blake/ExpoSE/lib/Harness/src/harness.js' '{"Switcher":false,"Target_Switch_Base":1,"ExpansionArg_type":3,"ExpansionArg_string":"[:\u0000\\\\","_bound":19}'
*-- Test Case {"Switcher":false,"Target_Switch_Base":2,"ExpansionArg_type":3,"ExpansionArg_string":"","ExpansionArg_type_2":0,"ExpandedSwitcher":1,"ExpansionArg_type_3":0,"_bound":10} start 27.4772 took 4.5074s
*-- Errors occured in test {"Switcher":false,"Target_Switch_Base":2,"ExpansionArg_type":3,"ExpansionArg_string":"","ExpansionArg_type_2":0,"ExpandedSwitcher":1,"ExpansionArg_type_3":0,"_bound":10}
* Error: TypeError: Cannot read property '1' of undefined
*-- Replay with NO_COMPILE=1 expoSE replay '/home/blake/ExpoSE/lib/Harness/src/harness.js' '{"Switcher":false,"Target_Switch_Base":2,"ExpansionArg_type":3,"ExpansionArg_string":"","ExpansionArg_type_2":0,"ExpandedSwitcher":1,"ExpansionArg_type_3":0,"_bound":10}'
*-- Test Case {"Switcher":false,"Target_Switch_Base":2,"ExpansionArg_type":3,"ExpansionArg_string":"","ExpansionArg_type_2":0,"ExpandedSwitcher":2,"ExpansionArg_type_3":0,"_bound":11} start 27.2468 took 4.9109s
*-- Errors occured in test {"Switcher":false,"Target_Switch_Base":2,"ExpansionArg_type":3,"ExpansionArg_string":"","ExpansionArg_type_2":0,"ExpandedSwitcher":2,"ExpansionArg_type_3":0,"_bound":11}
* Error: TypeError: Cannot read property '2' of undefined
*-- Replay with NO_COMPILE=1 expoSE replay '/home/blake/ExpoSE/lib/Harness/src/harness.js' '{"Switcher":false,"Target_Switch_Base":2,"ExpansionArg_type":3,"ExpansionArg_string":"","ExpansionArg_type_2":0,"ExpandedSwitcher":2,"ExpansionArg_type_3":0,"_bound":11}'
*-- Test Case {"Switcher":false,"Target_Switch_Base":1,"ExpansionArg_type":3,"ExpansionArg_string":"\t\u0000\u0000\n","_bound":10} start 26.9105 took 5.2473s
*-- Errors occured in test {"Switcher":false,"Target_Switch_Base":1,"ExpansionArg_type":3,"ExpansionArg_string":"\t\u0000\u0000\n","_bound":10}
* Error: Error: Concolic(invalid line (no token ";" or ":") "  ", Expr {(str.++ (str.++ "invalid line (no token "";"" or "":"") """
                (str.substr ExpansionArg_string
                            (to_int 1.0)
                            (to_int (- (- (+ (to_real (str.indexof ExpansionArg_string
                                                                   "\n"
                                                                   (to_int 1.0)))
                                             1.0)
                                          1.0)
                                       1.0))))
        """")}, )
*-- Replay with NO_COMPILE=1 expoSE replay '/home/blake/ExpoSE/lib/Harness/src/harness.js' '{"Switcher":false,"Target_Switch_Base":1,"ExpansionArg_type":3,"ExpansionArg_string":"\t\u0000\u0000\n","_bound":10}'
*-- Test Case {"Switcher":false,"Target_Switch_Base":1,"ExpansionArg_type":3,"ExpansionArg_string":"end:;","_bound":18,"ExpandedSwitcher":0} start 27.6045 took 4.9073s
*-- Test Case {"Switcher":false,"Target_Switch_Base":1,"ExpansionArg_type":3,"ExpansionArg_string":"\u0000\u0000\u0000\n\u0000","_bound":11} start 24.3542 took 8.2284s
*-- Errors occured in test {"Switcher":false,"Target_Switch_Base":1,"ExpansionArg_type":3,"ExpansionArg_string":"\u0000\u0000\u0000\n\u0000","_bound":11}
* Error: Error: Concolic(invalid line (no token ";" or ":") "   ", Expr {(str.++ (str.++ "invalid line (no token "";"" or "":"") """
                (str.substr ExpansionArg_string
                            (to_int 0.0)
                            (to_int (- (- (+ (to_real (str.indexof ExpansionArg_string
                                                                   "\n"
                                                                   (to_int 0.0)))
                                             1.0)
                                          0.0)
                                       1.0))))
        """")}, )
*-- Replay with NO_COMPILE=1 expoSE replay '/home/blake/ExpoSE/lib/Harness/src/harness.js' '{"Switcher":false,"Target_Switch_Base":1,"ExpansionArg_type":3,"ExpansionArg_string":"\u0000\u0000\u0000\n\u0000","_bound":11}'
*-- Test Case {"Switcher":false,"Target_Switch_Base":1,"ExpansionArg_type":3,"ExpansionArg_string":"\u0000;\u0000:","_bound":14} start 27.5479 took 5.1056s
*-- Errors occured in test {"Switcher":false,"Target_Switch_Base":1,"ExpansionArg_type":3,"ExpansionArg_string":"\u0000;\u0000:","_bound":14}
* Error: TypeError: Cannot read property 'length' of undefined
*-- Replay with NO_COMPILE=1 expoSE replay '/home/blake/ExpoSE/lib/Harness/src/harness.js' '{"Switcher":false,"Target_Switch_Base":1,"ExpansionArg_type":3,"ExpansionArg_string":"\u0000;\u0000:","_bound":14}'
*-- Test Case {"Switcher":false,"Target_Switch_Base":1,"ExpansionArg_type":3,"ExpansionArg_string":"\u0000\u0000\u0000:\u0000\u0000\\\\\u0000;","_bound":20} start 30.576 took 3.6889s
*-- Errors occured in test {"Switcher":false,"Target_Switch_Base":1,"ExpansionArg_type":3,"ExpansionArg_string":"\u0000\u0000\u0000:\u0000\u0000\\\\\u0000;","_bound":20}
* Error: TypeError: Cannot read property 'push' of undefined
*-- Replay with NO_COMPILE=1 expoSE replay '/home/blake/ExpoSE/lib/Harness/src/harness.js' '{"Switcher":false,"Target_Switch_Base":1,"ExpansionArg_type":3,"ExpansionArg_string":"\u0000\u0000\u0000:\u0000\u0000\\\\\u0000;","_bound":20}'
*-- Test Case {"Switcher":false,"Target_Switch_Base":1,"ExpansionArg_type":3,"ExpansionArg_string":"e\u0000:\n","_bound":19} start 30.6777 took 4.6041s
*-- Errors occured in test {"Switcher":false,"Target_Switch_Base":1,"ExpansionArg_type":3,"ExpansionArg_string":"e\u0000:\n","_bound":19}
* Error: TypeError: Cannot read property 'push' of undefined
*-- Replay with NO_COMPILE=1 expoSE replay '/home/blake/ExpoSE/lib/Harness/src/harness.js' '{"Switcher":false,"Target_Switch_Base":1,"ExpansionArg_type":3,"ExpansionArg_string":"e\u0000:\n","_bound":19}'
*-- Test Case {"Switcher":false,"Target_Switch_Base":1,"ExpansionArg_type":3,"ExpansionArg_string":"\n\n","_bound":12,"ExpandedSwitcher":0} start 31.38 took 4.2011s
*-- Test Case {"Switcher":false,"Target_Switch_Base":1,"ExpansionArg_type":3,"ExpansionArg_string":"begin:@\n","_bound":17} start 31.902 took 4.0082s
*-- Errors occured in test {"Switcher":false,"Target_Switch_Base":1,"ExpansionArg_type":3,"ExpansionArg_string":"begin:@\n","_bound":17}
* Error: Error: invalid ical body. component began but did not end
*-- Replay with NO_COMPILE=1 expoSE replay '/home/blake/ExpoSE/lib/Harness/src/harness.js' '{"Switcher":false,"Target_Switch_Base":1,"ExpansionArg_type":3,"ExpansionArg_string":"begin:@\n","_bound":17}'
*-- Test Case {"Switcher":false,"Target_Switch_Base":2,"ExpansionArg_type":3,"ExpansionArg_string":"","ExpansionArg_type_2":0,"ExpandedSwitcher":4,"ExpansionArg_type_3":5,"_bound":14,"ExpansionArg_bool":false} start 32.2064 took 4.018s
*-- Errors occured in test {"Switcher":false,"Target_Switch_Base":2,"ExpansionArg_type":3,"ExpansionArg_string":"","ExpansionArg_type_2":0,"ExpandedSwitcher":4,"ExpansionArg_type_3":5,"_bound":14,"ExpansionArg_bool":false}
* Error: TypeError: Cannot read property '1' of undefined
*-- Replay with NO_COMPILE=1 expoSE replay '/home/blake/ExpoSE/lib/Harness/src/harness.js' '{"Switcher":false,"Target_Switch_Base":2,"ExpansionArg_type":3,"ExpansionArg_string":"","ExpansionArg_type_2":0,"ExpandedSwitcher":4,"ExpansionArg_type_3":5,"_bound":14}'
*-- Test Case {"Switcher":false,"Target_Switch_Base":1,"ExpansionArg_type":3,"ExpansionArg_string":"end:\n","_bound":18,"ExpandedSwitcher":0} start 31.2818 took 5.0362s
*-- Test Case {"Switcher":false,"Target_Switch_Base":1,"ExpansionArg_type":3,"ExpansionArg_string":"\u0000\u0000\u0000\u0000\n\u0000\n","_bound":11} start 31.5252 took 4.9733s
*-- Errors occured in test {"Switcher":false,"Target_Switch_Base":1,"ExpansionArg_type":3,"ExpansionArg_string":"\u0000\u0000\u0000\u0000\n\u0000\n","_bound":11}
* Error: Error: Concolic(invalid line (no token ";" or ":") "    ", Expr {(str.++ (str.++ "invalid line (no token "";"" or "":"") """
                (str.substr ExpansionArg_string
                            (to_int 0.0)
                            (to_int (- (- (+ (to_real (str.indexof ExpansionArg_string
                                                                   "\n"
                                                                   (to_int 0.0)))
                                             1.0)
                                          0.0)
                                       1.0))))
        """")}, )
*-- Replay with NO_COMPILE=1 expoSE replay '/home/blake/ExpoSE/lib/Harness/src/harness.js' '{"Switcher":false,"Target_Switch_Base":1,"ExpansionArg_type":3,"ExpansionArg_string":"\u0000\u0000\u0000\u0000\n\u0000\n","_bound":11}'
*-- Test Case {"Switcher":false,"Target_Switch_Base":1,"ExpansionArg_type":3,"ExpansionArg_string":"\n\t\u0000\u0000\n","_bound":10} start 31.0013 took 6.2286s
*-- Errors occured in test {"Switcher":false,"Target_Switch_Base":1,"ExpansionArg_type":3,"ExpansionArg_string":"\n\t\u0000\u0000\n","_bound":10}
* Error: Error: Concolic(invalid line (no token ";" or ":") "  ", Expr {(str.++ (str.++ "invalid line (no token "";"" or "":"") """
                (str.++ (str.substr ExpansionArg_string
                                    (to_int 0.0)
                                    (to_int (- (- (+ (to_real (str.indexof ExpansionArg_string
                                                                           "\n"
                                                                           (to_int 0.0)))
                                                     1.0)
                                                  0.0)
                                               1.0)))
                        (str.substr ExpansionArg_string
                                    (to_int (+ (+ (to_real (str.indexof ExpansionArg_string
                                                                        "\n"
                                                                        (to_int 0.0)))
                                                  1.0)
                                               1.0))
                                    (to_int (- (- (+ (to_real (str.indexof ExpansionArg_string
                                                                           "\n"
                                                                           (to_int (+ (to_real (str.indexof ExpansionArg_string
                                                                                                            "\n"
                                                                                                            (to_int 0.0)))
                                                                                      1.0))))
                                                     1.0)
                                                  (+ (to_real (str.indexof ExpansionArg_string
                                                                           "\n"
                                                                           (to_int 0.0)))
                                                     1.0))
                                               2.0)))))
        """")}, )
*-- Replay with NO_COMPILE=1 expoSE replay '/home/blake/ExpoSE/lib/Harness/src/harness.js' '{"Switcher":false,"Target_Switch_Base":1,"ExpansionArg_type":3,"ExpansionArg_string":"\n\t\u0000\u0000\n","_bound":10}'
*-- Test Case {"Switcher":false,"Target_Switch_Base":1,"ExpansionArg_type":3,"ExpansionArg_string":"\n\u0000\n","_bound":12} start 32.6098 took 5.367s
*-- Errors occured in test {"Switcher":false,"Target_Switch_Base":1,"ExpansionArg_type":3,"ExpansionArg_string":"\n\u0000\n","_bound":12}
* Error: Error: Concolic(invalid line (no token ";" or ":") " ", Expr {(str.++ (str.++ "invalid line (no token "";"" or "":"") """
                (str.substr ExpansionArg_string
                            (to_int (+ (to_real (str.indexof ExpansionArg_string
                                                             "\n"
                                                             (to_int 0.0)))
                                       1.0))
                            (to_int (- (- (+ (to_real (str.indexof ExpansionArg_string
                                                                   "\n"
                                                                   (to_int (+ (to_real (str.indexof ExpansionArg_string
                                                                                                    "\n"
                                                                                                    (to_int 0.0)))
                                                                              1.0))))
                                             1.0)
                                          (+ (to_real (str.indexof ExpansionArg_string
                                                                   "\n"
                                                                   (to_int 0.0)))
                                             1.0))
                                       1.0))))
        """")}, )
*-- Replay with NO_COMPILE=1 expoSE replay '/home/blake/ExpoSE/lib/Harness/src/harness.js' '{"Switcher":false,"Target_Switch_Base":1,"ExpansionArg_type":3,"ExpansionArg_string":"\n\u0000\n","_bound":12}'
*-- Test Case {"Switcher":false,"Target_Switch_Base":1,"ExpansionArg_type":3,"ExpansionArg_string":"\u0000\n","_bound":12} start 34.2978 took 4.1779s
*-- Errors occured in test {"Switcher":false,"Target_Switch_Base":1,"ExpansionArg_type":3,"ExpansionArg_string":"\u0000\n","_bound":12}
* Error: Error: Concolic(invalid line (no token ";" or ":") " ", Expr {(str.++ (str.++ "invalid line (no token "";"" or "":"") """
                (str.substr ExpansionArg_string
                            (to_int 0.0)
                            (to_int (- (- (+ (to_real (str.indexof ExpansionArg_string
                                                                   "\n"
                                                                   (to_int 0.0)))
                                             1.0)
                                          0.0)
                                       1.0))))
        """")}, )
*-- Replay with NO_COMPILE=1 expoSE replay '/home/blake/ExpoSE/lib/Harness/src/harness.js' '{"Switcher":false,"Target_Switch_Base":1,"ExpansionArg_type":3,"ExpansionArg_string":"\u0000\n","_bound":12}'
*-- Test Case {"Switcher":false,"Target_Switch_Base":1,"ExpansionArg_type":3,"ExpansionArg_string":"\u0000\u0000\u0000\u0000\n\u0000\n","_bound":11} start 32.5612 took 6.6055s
*-- Errors occured in test {"Switcher":false,"Target_Switch_Base":1,"ExpansionArg_type":3,"ExpansionArg_string":"\u0000\u0000\u0000\u0000\n\u0000\n","_bound":11}
* Error: Error: Concolic(invalid line (no token ";" or ":") "    ", Expr {(str.++ (str.++ "invalid line (no token "";"" or "":"") """
                (str.substr ExpansionArg_string
                            (to_int 0.0)
                            (to_int (- (- (+ (to_real (str.indexof ExpansionArg_string
                                                                   "\n"
                                                                   (to_int 0.0)))
                                             1.0)
                                          0.0)
                                       1.0))))
        """")}, )
*-- Replay with NO_COMPILE=1 expoSE replay '/home/blake/ExpoSE/lib/Harness/src/harness.js' '{"Switcher":false,"Target_Switch_Base":1,"ExpansionArg_type":3,"ExpansionArg_string":"\u0000\u0000\u0000\u0000\n\u0000\n","_bound":11}'
*-- Test Case {"Switcher":false,"Target_Switch_Base":1,"ExpansionArg_type":3,"ExpansionArg_string":"\b\u0000:\u0000\\\\\u0000@\n","_bound":20} start 31.5919 took 7.8019s
*-- Errors occured in test {"Switcher":false,"Target_Switch_Base":1,"ExpansionArg_type":3,"ExpansionArg_string":"\b\u0000:\u0000\\\\\u0000@\n","_bound":20}
* Error: TypeError: Cannot read property 'push' of undefined
*-- Replay with NO_COMPILE=1 expoSE replay '/home/blake/ExpoSE/lib/Harness/src/harness.js' '{"Switcher":false,"Target_Switch_Base":1,"ExpansionArg_type":3,"ExpansionArg_string":"\b\u0000:\u0000\\\\\u0000@\n","_bound":20}'
*-- Test Case {"Switcher":false,"Target_Switch_Base":1,"ExpansionArg_type":3,"ExpansionArg_string":"\n\u0000\u0000\n\u0000","ExpandedSwitcher":0,"_bound":16} start 35.9498 took 4.8679s
*-- Errors occured in test {"Switcher":false,"Target_Switch_Base":1,"ExpansionArg_type":3,"ExpansionArg_string":"\n\u0000\u0000\n\u0000","ExpandedSwitcher":0,"_bound":16}
* Error: Error: Concolic(invalid line (no token ";" or ":") "  ", Expr {(str.++ (str.++ "invalid line (no token "";"" or "":"") """
                (str.substr ExpansionArg_string
                            (to_int (+ (to_real (str.indexof ExpansionArg_string
                                                             "\n"
                                                             (to_int 0.0)))
                                       1.0))
                            (to_int (- (- (+ (to_real (str.indexof ExpansionArg_string
                                                                   "\n"
                                                                   (to_int (+ (to_real (str.indexof ExpansionArg_string
                                                                                                    "\n"
                                                                                                    (to_int 0.0)))
                                                                              1.0))))
                                             1.0)
                                          (+ (to_real (str.indexof ExpansionArg_string
                                                                   "\n"
                                                                   (to_int 0.0)))
                                             1.0))
                                       1.0))))
        """")}, )
*-- Replay with NO_COMPILE=1 expoSE replay '/home/blake/ExpoSE/lib/Harness/src/harness.js' '{"Switcher":false,"Target_Switch_Base":1,"ExpansionArg_type":3,"ExpansionArg_string":"\n\u0000\u0000\n\u0000","ExpandedSwitcher":0,"_bound":16}'
*-- Test Case {"Switcher":false,"Target_Switch_Base":1,"ExpansionArg_type":3,"ExpansionArg_string":"\u0000\u0000\u0000;\u0000\u0000\n","_bound":13} start 35.3303 took 5.6485s
*-- Errors occured in test {"Switcher":false,"Target_Switch_Base":1,"ExpansionArg_type":3,"ExpansionArg_string":"\u0000\u0000\u0000;\u0000\u0000\n","_bound":13}
* Error: TypeError: Cannot read property 'length' of undefined
*-- Replay with NO_COMPILE=1 expoSE replay '/home/blake/ExpoSE/lib/Harness/src/harness.js' '{"Switcher":false,"Target_Switch_Base":1,"ExpansionArg_type":3,"ExpansionArg_string":"\u0000\u0000\u0000;\u0000\u0000\n","_bound":13}'
*-- Test Case {"Switcher":false,"Target_Switch_Base":1,"ExpansionArg_type":3,"ExpansionArg_string":"\u0000\n\u0000\u0000\u0000\n","ExpandedSwitcher":0,"_bound":15} start 35.6173 took 5.597s
*-- Errors occured in test {"Switcher":false,"Target_Switch_Base":1,"ExpansionArg_type":3,"ExpansionArg_string":"\u0000\n\u0000\u0000\u0000\n","ExpandedSwitcher":0,"_bound":15}
* Error: Error: Concolic(invalid line (no token ";" or ":") " ", Expr {(str.++ (str.++ "invalid line (no token "";"" or "":"") """
                (str.substr ExpansionArg_string
                            (to_int 0.0)
                            (to_int (- (- (+ (to_real (str.indexof ExpansionArg_string
                                                                   "\n"
                                                                   (to_int 0.0)))
                                             1.0)
                                          0.0)
                                       1.0))))
        """")}, )
*-- Replay with NO_COMPILE=1 expoSE replay '/home/blake/ExpoSE/lib/Harness/src/harness.js' '{"Switcher":false,"Target_Switch_Base":1,"ExpansionArg_type":3,"ExpansionArg_string":"\u0000\n\u0000\u0000\u0000\n","ExpandedSwitcher":0,"_bound":15}'
*-- Test Case {"Switcher":false,"Target_Switch_Base":1,"ExpansionArg_type":3,"ExpansionArg_string":"\u0000\n\u0000\r\n","_bound":12} start 36.5465 took 4.9794s
*-- Errors occured in test {"Switcher":false,"Target_Switch_Base":1,"ExpansionArg_type":3,"ExpansionArg_string":"\u0000\n\u0000\r\n","_bound":12}
* Error: Error: Concolic(invalid line (no token ";" or ":") " ", Expr {(str.++ (str.++ "invalid line (no token "";"" or "":"") """
                (str.substr ExpansionArg_string
                            (to_int 0.0)
                            (to_int (- (- (+ (to_real (str.indexof ExpansionArg_string
                                                                   "\n"
                                                                   (to_int 0.0)))
                                             1.0)
                                          0.0)
                                       1.0))))
        """")}, )
*-- Replay with NO_COMPILE=1 expoSE replay '/home/blake/ExpoSE/lib/Harness/src/harness.js' '{"Switcher":false,"Target_Switch_Base":1,"ExpansionArg_type":3,"ExpansionArg_string":"\u0000\n\u0000\r\n","_bound":12}'
*-- Test Case {"Switcher":false,"Target_Switch_Base":1,"ExpansionArg_type":3,"ExpansionArg_string":"\n\u0000\n","_bound":16} start 37.2681 took 4.3697s
*-- Errors occured in test {"Switcher":false,"Target_Switch_Base":1,"ExpansionArg_type":3,"ExpansionArg_string":"\n\u0000\n","_bound":16}
* Error: Error: Concolic(invalid line (no token ";" or ":") " ", Expr {(str.++ (str.++ "invalid line (no token "";"" or "":"") """
                (str.substr ExpansionArg_string
                            (to_int (+ (to_real (str.indexof ExpansionArg_string
                                                             "\n"
                                                             (to_int 0.0)))
                                       1.0))
                            (to_int (- (- (+ (to_real (str.indexof ExpansionArg_string
                                                                   "\n"
                                                                   (to_int (+ (to_real (str.indexof ExpansionArg_string
                                                                                                    "\n"
                                                                                                    (to_int 0.0)))
                                                                              1.0))))
                                             1.0)
                                          (+ (to_real (str.indexof ExpansionArg_string
                                                                   "\n"
                                                                   (to_int 0.0)))
                                             1.0))
                                       1.0))))
        """")}, )
*-- Replay with NO_COMPILE=1 expoSE replay '/home/blake/ExpoSE/lib/Harness/src/harness.js' '{"Switcher":false,"Target_Switch_Base":1,"ExpansionArg_type":3,"ExpansionArg_string":"\n\u0000\n","_bound":16}'
*-- Test Case {"Switcher":false,"Target_Switch_Base":1,"ExpansionArg_type":3,"ExpansionArg_string":"\u0000\u0000;\u0000\n","_bound":13} start 26.4171 took 16.8922s
*-- Errors occured in test {"Switcher":false,"Target_Switch_Base":1,"ExpansionArg_type":3,"ExpansionArg_string":"\u0000\u0000;\u0000\n","_bound":13}
* Error: TypeError: Cannot read property 'length' of undefined
*-- Replay with NO_COMPILE=1 expoSE replay '/home/blake/ExpoSE/lib/Harness/src/harness.js' '{"Switcher":false,"Target_Switch_Base":1,"ExpansionArg_type":3,"ExpansionArg_string":"\u0000\u0000;\u0000\n","_bound":13}'
*-- Test Case {"Switcher":false,"Target_Switch_Base":1,"ExpansionArg_type":3,"ExpansionArg_string":"\n\u0000\n","_bound":16} start 39.4738 took 4.2521s
*-- Errors occured in test {"Switcher":false,"Target_Switch_Base":1,"ExpansionArg_type":3,"ExpansionArg_string":"\n\u0000\n","_bound":16}
* Error: Error: Concolic(invalid line (no token ";" or ":") " ", Expr {(str.++ (str.++ "invalid line (no token "";"" or "":"") """
                (str.substr ExpansionArg_string
                            (to_int (+ (to_real (str.indexof ExpansionArg_string
                                                             "\n"
                                                             (to_int 0.0)))
                                       1.0))
                            (to_int (- (- (+ (to_real (str.indexof ExpansionArg_string
                                                                   "\n"
                                                                   (to_int (+ (to_real (str.indexof ExpansionArg_string
                                                                                                    "\n"
                                                                                                    (to_int 0.0)))
                                                                              1.0))))
                                             1.0)
                                          (+ (to_real (str.indexof ExpansionArg_string
                                                                   "\n"
                                                                   (to_int 0.0)))
                                             1.0))
                                       1.0))))
        """")}, )
*-- Replay with NO_COMPILE=1 expoSE replay '/home/blake/ExpoSE/lib/Harness/src/harness.js' '{"Switcher":false,"Target_Switch_Base":1,"ExpansionArg_type":3,"ExpansionArg_string":"\n\u0000\n","_bound":16}'
*-- Test Case {"Switcher":false,"Target_Switch_Base":1,"ExpansionArg_type":3,"ExpansionArg_string":"\u0000\u0000\n \u0000\u0000\n","_bound":13} start 38.5656 took 5.2523s
*-- Errors occured in test {"Switcher":false,"Target_Switch_Base":1,"ExpansionArg_type":3,"ExpansionArg_string":"\u0000\u0000\n \u0000\u0000\n","_bound":13}
* Error: Error: Concolic(invalid line (no token ";" or ":") "    ", Expr {(str.++ (str.++ "invalid line (no token "";"" or "":"") """
                (str.++ (str.substr ExpansionArg_string
                                    (to_int 0.0)
                                    (to_int (- (- (+ (to_real (str.indexof ExpansionArg_string
                                                                           "\n"
                                                                           (to_int 0.0)))
                                                     1.0)
                                                  0.0)
                                               1.0)))
                        (str.substr ExpansionArg_string
                                    (to_int (+ (+ (to_real (str.indexof ExpansionArg_string
                                                                        "\n"
                                                                        (to_int 0.0)))
                                                  1.0)
                                               1.0))
                                    (to_int (- (- (+ (to_real (str.indexof ExpansionArg_string
                                                                           "\n"
                                                                           (to_int (+ (to_real (str.indexof ExpansionArg_string
                                                                                                            "\n"
                                                                                                            (to_int 0.0)))
                                                                                      1.0))))
                                                     1.0)
                                                  (+ (to_real (str.indexof ExpansionArg_string
                                                                           "\n"
                                                                           (to_int 0.0)))
                                                     1.0))
                                               2.0)))))
        """")}, )
*-- Replay with NO_COMPILE=1 expoSE replay '/home/blake/ExpoSE/lib/Harness/src/harness.js' '{"Switcher":false,"Target_Switch_Base":1,"ExpansionArg_type":3,"ExpansionArg_string":"\u0000\u0000\n \u0000\u0000\n","_bound":13}'
*-- Test Case {"Switcher":false,"Target_Switch_Base":1,"ExpansionArg_type":3,"ExpansionArg_string":"\n\u0000\u0000\b\n","ExpandedSwitcher":0,"_bound":17} start 36.2612 took 7.644s
*-- Errors occured in test {"Switcher":false,"Target_Switch_Base":1,"ExpansionArg_type":3,"ExpansionArg_string":"\n\u0000\u0000\b\n","ExpandedSwitcher":0,"_bound":17}
* Error: Error: Concolic(invalid line (no token ";" or ":") "  ", Expr {(str.++ (str.++ "invalid line (no token "";"" or "":"") """
                (str.substr ExpansionArg_string
                            (to_int (+ (to_real (str.indexof ExpansionArg_string
                                                             "\n"
                                                             (to_int 0.0)))
                                       1.0))
                            (to_int (- (- (+ (to_real (str.indexof ExpansionArg_string
                                                                   "\n"
                                                                   (to_int (+ (to_real (str.indexof ExpansionArg_string
                                                                                                    "\n"
                                                                                                    (to_int 0.0)))
                                                                              1.0))))
                                             1.0)
                                          (+ (to_real (str.indexof ExpansionArg_string
                                                                   "\n"
                                                                   (to_int 0.0)))
                                             1.0))
                                       1.0))))
        """")}, )
*-- Replay with NO_COMPILE=1 expoSE replay '/home/blake/ExpoSE/lib/Harness/src/harness.js' '{"Switcher":false,"Target_Switch_Base":1,"ExpansionArg_type":3,"ExpansionArg_string":"\n\u0000\u0000\b\n","ExpandedSwitcher":0,"_bound":17}'
*-- Test Case {"Switcher":false,"Target_Switch_Base":1,"ExpansionArg_type":3,"ExpansionArg_string":"\u0000\n\u0000\u0000\u0000\n","_bound":15} start 40.8733 took 3.1694s
*-- Errors occured in test {"Switcher":false,"Target_Switch_Base":1,"ExpansionArg_type":3,"ExpansionArg_string":"\u0000\n\u0000\u0000\u0000\n","_bound":15}
* Error: Error: Concolic(invalid line (no token ";" or ":") " ", Expr {(str.++ (str.++ "invalid line (no token "";"" or "":"") """
                (str.substr ExpansionArg_string
                            (to_int 0.0)
                            (to_int (- (- (+ (to_real (str.indexof ExpansionArg_string
                                                                   "\n"
                                                                   (to_int 0.0)))
                                             1.0)
                                          0.0)
                                       1.0))))
        """")}, )
*-- Replay with NO_COMPILE=1 expoSE replay '/home/blake/ExpoSE/lib/Harness/src/harness.js' '{"Switcher":false,"Target_Switch_Base":1,"ExpansionArg_type":3,"ExpansionArg_string":"\u0000\n\u0000\u0000\u0000\n","_bound":15}'
*-- Test Case {"Switcher":false,"Target_Switch_Base":1,"ExpansionArg_type":3,"ExpansionArg_string":"\u0000\u0000\n\r\n","_bound":11} start 38.0258 took 7.2986s
*-- Errors occured in test {"Switcher":false,"Target_Switch_Base":1,"ExpansionArg_type":3,"ExpansionArg_string":"\u0000\u0000\n\r\n","_bound":11}
* Error: Error: Concolic(invalid line (no token ";" or ":") "  ", Expr {(str.++ (str.++ "invalid line (no token "";"" or "":"") """
                (str.substr ExpansionArg_string
                            (to_int 0.0)
                            (to_int (- (- (+ (to_real (str.indexof ExpansionArg_string
                                                                   "\n"
                                                                   (to_int 0.0)))
                                             1.0)
                                          0.0)
                                       1.0))))
        """")}, )
*-- Replay with NO_COMPILE=1 expoSE replay '/home/blake/ExpoSE/lib/Harness/src/harness.js' '{"Switcher":false,"Target_Switch_Base":1,"ExpansionArg_type":3,"ExpansionArg_string":"\u0000\u0000\n\r\n","_bound":11}'
*-- Test Case {"Switcher":false,"Target_Switch_Base":1,"ExpansionArg_type":3,"ExpansionArg_string":"[;\u0000=\u0000=","_bound":16} start 21.146 took 24.2634s
*-- Errors occured in test {"Switcher":false,"Target_Switch_Base":1,"ExpansionArg_type":3,"ExpansionArg_string":"[;\u0000=\u0000=","_bound":16}
* Error: TypeError: Cannot read property 'push' of undefined
*-- Replay with NO_COMPILE=1 expoSE replay '/home/blake/ExpoSE/lib/Harness/src/harness.js' '{"Switcher":false,"Target_Switch_Base":1,"ExpansionArg_type":3,"ExpansionArg_string":"[;\u0000=\u0000=","_bound":16}'
*-- Test Case {"Switcher":false,"Target_Switch_Base":1,"ExpansionArg_type":3,"ExpansionArg_string":"\u0000\n\r\n","_bound":12} start 39.2189 took 7.9668s
*-- Errors occured in test {"Switcher":false,"Target_Switch_Base":1,"ExpansionArg_type":3,"ExpansionArg_string":"\u0000\n\r\n","_bound":12}
* Error: Error: Concolic(invalid line (no token ";" or ":") " ", Expr {(str.++ (str.++ "invalid line (no token "";"" or "":"") """
                (str.substr ExpansionArg_string
                            (to_int 0.0)
                            (to_int (- (- (+ (to_real (str.indexof ExpansionArg_string
                                                                   "\n"
                                                                   (to_int 0.0)))
                                             1.0)
                                          0.0)
                                       1.0))))
        """")}, )
*-- Replay with NO_COMPILE=1 expoSE replay '/home/blake/ExpoSE/lib/Harness/src/harness.js' '{"Switcher":false,"Target_Switch_Base":1,"ExpansionArg_type":3,"ExpansionArg_string":"\u0000\n\r\n","_bound":12}'
*-- Test Case {"Switcher":false,"Target_Switch_Base":1,"ExpansionArg_type":3,"ExpansionArg_string":"\u0000\u0000\u0000\n\u0000","_bound":13} start 43.8652 took 4.5051s
*-- Errors occured in test {"Switcher":false,"Target_Switch_Base":1,"ExpansionArg_type":3,"ExpansionArg_string":"\u0000\u0000\u0000\n\u0000","_bound":13}
* Error: Error: Concolic(invalid line (no token ";" or ":") "   ", Expr {(str.++ (str.++ "invalid line (no token "";"" or "":"") """
                (str.substr ExpansionArg_string
                            (to_int 0.0)
                            (to_int (- (- (+ (to_real (str.indexof ExpansionArg_string
                                                                   "\n"
                                                                   (to_int 0.0)))
                                             1.0)
                                          0.0)
                                       1.0))))
        """")}, )
*-- Replay with NO_COMPILE=1 expoSE replay '/home/blake/ExpoSE/lib/Harness/src/harness.js' '{"Switcher":false,"Target_Switch_Base":1,"ExpansionArg_type":3,"ExpansionArg_string":"\u0000\u0000\u0000\n\u0000","_bound":13}'
*-- Test Case {"Switcher":false,"Target_Switch_Base":1,"ExpansionArg_type":3,"ExpansionArg_string":"\u0000\u0000\u0000\n\u0000\u0000","_bound":12} start 45.3559 took 5.6905s
*-- Errors occured in test {"Switcher":false,"Target_Switch_Base":1,"ExpansionArg_type":3,"ExpansionArg_string":"\u0000\u0000\u0000\n\u0000\u0000","_bound":12}
* Error: Error: Concolic(invalid line (no token ";" or ":") "   ", Expr {(str.++ (str.++ "invalid line (no token "";"" or "":"") """
                (str.substr ExpansionArg_string
                            (to_int 0.0)
                            (to_int (- (- (+ (to_real (str.indexof ExpansionArg_string
                                                                   "\n"
                                                                   (to_int 0.0)))
                                             1.0)
                                          0.0)
                                       1.0))))
        """")}, )
*-- Replay with NO_COMPILE=1 expoSE replay '/home/blake/ExpoSE/lib/Harness/src/harness.js' '{"Switcher":false,"Target_Switch_Base":1,"ExpansionArg_type":3,"ExpansionArg_string":"\u0000\u0000\u0000\n\u0000\u0000","_bound":12}'
*-- Test Case {"Switcher":false,"Target_Switch_Base":1,"ExpansionArg_type":3,"ExpansionArg_string":"\u0000\u0000:\u0000;\u0000\n","_bound":14} start 41.0298 took 10.805s
*-- Errors occured in test {"Switcher":false,"Target_Switch_Base":1,"ExpansionArg_type":3,"ExpansionArg_string":"\u0000\u0000:\u0000;\u0000\n","_bound":14}
* Error: TypeError: Cannot read property 'push' of undefined
*-- Replay with NO_COMPILE=1 expoSE replay '/home/blake/ExpoSE/lib/Harness/src/harness.js' '{"Switcher":false,"Target_Switch_Base":1,"ExpansionArg_type":3,"ExpansionArg_string":"\u0000\u0000:\u0000;\u0000\n","_bound":14}'
*-- Test Case {"Switcher":false,"Target_Switch_Base":1,"ExpansionArg_type":3,"ExpansionArg_string":"\u0000\u0000;\u0000:\u0000\u0000\u0000\n","_bound":15} start 51.9172 took 6.8031s
*-- Errors occured in test {"Switcher":false,"Target_Switch_Base":1,"ExpansionArg_type":3,"ExpansionArg_string":"\u0000\u0000;\u0000:\u0000\u0000\u0000\n","_bound":15}
* Error: TypeError: Cannot read property 'length' of undefined
*-- Replay with NO_COMPILE=1 expoSE replay '/home/blake/ExpoSE/lib/Harness/src/harness.js' '{"Switcher":false,"Target_Switch_Base":1,"ExpansionArg_type":3,"ExpansionArg_string":"\u0000\u0000;\u0000:\u0000\u0000\u0000\n","_bound":15}'
*-- Test Case {"Switcher":false,"Target_Switch_Base":1,"ExpansionArg_type":3,"ExpansionArg_string":"begin:\u0000;\u0000\u0000\n","_bound":18} start 58.7775 took 3.5686s
*-- Errors occured in test {"Switcher":false,"Target_Switch_Base":1,"ExpansionArg_type":3,"ExpansionArg_string":"begin:\u0000;\u0000\u0000\n","_bound":18}
* Error: Error: invalid ical body. component began but did not end
*-- Replay with NO_COMPILE=1 expoSE replay '/home/blake/ExpoSE/lib/Harness/src/harness.js' '{"Switcher":false,"Target_Switch_Base":1,"ExpansionArg_type":3,"ExpansionArg_string":"begin:\u0000;\u0000\u0000\n","_bound":18}'
*-- Test Case {"Switcher":false,"Target_Switch_Base":1,"ExpansionArg_type":3,"ExpansionArg_string":"\n\u0000\u0000\u0000\n","_bound":16} start 62.7703 took 4.1025s
*-- Errors occured in test {"Switcher":false,"Target_Switch_Base":1,"ExpansionArg_type":3,"ExpansionArg_string":"\n\u0000\u0000\u0000\n","_bound":16}
* Error: Error: Concolic(invalid line (no token ";" or ":") "   ", Expr {(str.++ (str.++ "invalid line (no token "";"" or "":"") """
                (str.substr ExpansionArg_string
                            (to_int (+ (to_real (str.indexof ExpansionArg_string
                                                             "\n"
                                                             (to_int 0.0)))
                                       1.0))
                            (to_int (- (- (+ (to_real (str.indexof ExpansionArg_string
                                                                   "\n"
                                                                   (to_int (+ (to_real (str.indexof ExpansionArg_string
                                                                                                    "\n"
                                                                                                    (to_int 0.0)))
                                                                              1.0))))
                                             1.0)
                                          (+ (to_real (str.indexof ExpansionArg_string
                                                                   "\n"
                                                                   (to_int 0.0)))
                                             1.0))
                                       1.0))))
        """")}, )
*-- Replay with NO_COMPILE=1 expoSE replay '/home/blake/ExpoSE/lib/Harness/src/harness.js' '{"Switcher":false,"Target_Switch_Base":1,"ExpansionArg_type":3,"ExpansionArg_string":"\n\u0000\u0000\u0000\n","_bound":16}'
*-- Test Case {"Switcher":false,"Target_Switch_Base":1,"ExpansionArg_type":3,"ExpansionArg_string":"\u0000\u0000\u0000;\b\u0000\u0000\u0002\u0000==\\\\","_bound":24} start 67.6152 took 4.351s
*-- Errors occured in test {"Switcher":false,"Target_Switch_Base":1,"ExpansionArg_type":3,"ExpansionArg_string":"\u0000\u0000\u0000;\b\u0000\u0000\u0002\u0000==\\\\","_bound":24}
* Error: TypeError: Cannot read property 'push' of undefined
*-- Replay with NO_COMPILE=1 expoSE replay '/home/blake/ExpoSE/lib/Harness/src/harness.js' '{"Switcher":false,"Target_Switch_Base":1,"ExpansionArg_type":3,"ExpansionArg_string":"\u0000\u0000\u0000;\b\u0000\u0000\u0002\u0000==\\\\","_bound":24}'
*-- Test Case {"Switcher":false,"Target_Switch_Base":1,"ExpansionArg_type":3,"ExpansionArg_string":"end:;\u0000\u0000\n","_bound":19,"ExpandedSwitcher":0} start 72.038 took 4.7885s
*-- Test Case {"Switcher":false,"Target_Switch_Base":1,"ExpansionArg_type":3,"ExpansionArg_string":"\u0000\u0000:\\\\;\b\n","_bound":21} start 76.9008 took 5.9528s
*-- Errors occured in test {"Switcher":false,"Target_Switch_Base":1,"ExpansionArg_type":3,"ExpansionArg_string":"\u0000\u0000:\\\\;\b\n","_bound":21}
* Error: TypeError: Cannot read property 'push' of undefined
*-- Replay with NO_COMPILE=1 expoSE replay '/home/blake/ExpoSE/lib/Harness/src/harness.js' '{"Switcher":false,"Target_Switch_Base":1,"ExpansionArg_type":3,"ExpansionArg_string":"\u0000\u0000:\\\\;\b\n","_bound":21}'
*-- Test Case {"Switcher":false,"Target_Switch_Base":1,"ExpansionArg_type":3,"ExpansionArg_string":"\n\u0000\u0000\u0000\n\u0000","_bound":16} start 82.9047 took 3.3833s
*-- Errors occured in test {"Switcher":false,"Target_Switch_Base":1,"ExpansionArg_type":3,"ExpansionArg_string":"\n\u0000\u0000\u0000\n\u0000","_bound":16}
* Error: Error: Concolic(invalid line (no token ";" or ":") "   ", Expr {(str.++ (str.++ "invalid line (no token "";"" or "":"") """
                (str.substr ExpansionArg_string
                            (to_int (+ (to_real (str.indexof ExpansionArg_string
                                                             "\n"
                                                             (to_int 0.0)))
                                       1.0))
                            (to_int (- (- (+ (to_real (str.indexof ExpansionArg_string
                                                                   "\n"
                                                                   (to_int (+ (to_real (str.indexof ExpansionArg_string
                                                                                                    "\n"
                                                                                                    (to_int 0.0)))
                                                                              1.0))))
                                             1.0)
                                          (+ (to_real (str.indexof ExpansionArg_string
                                                                   "\n"
                                                                   (to_int 0.0)))
                                             1.0))
                                       1.0))))
        """")}, )
*-- Replay with NO_COMPILE=1 expoSE replay '/home/blake/ExpoSE/lib/Harness/src/harness.js' '{"Switcher":false,"Target_Switch_Base":1,"ExpansionArg_type":3,"ExpansionArg_string":"\n\u0000\u0000\u0000\n\u0000","_bound":16}'
*-- Test Case {"Switcher":false,"Target_Switch_Base":1,"ExpansionArg_type":3,"ExpansionArg_string":"\u0000\u0000\u0000;\u0000\n\u0000\u0000\n","_bound":13} start 32.1018 took 306.7577s
*-- Errors occured in test {"Switcher":false,"Target_Switch_Base":1,"ExpansionArg_type":3,"ExpansionArg_string":"\u0000\u0000\u0000;\u0000\n\u0000\u0000\n","_bound":13}
* Error: Exception E: SyntaxError: Unexpected end of JSON input of test data on 
* Error: Exception E: SyntaxError: Unexpected end of JSON input of coverage data on 
* Error: Error extracting final output - a fatal error must have occured
*-- Replay with NO_COMPILE=1 expoSE replay '/home/blake/ExpoSE/lib/Harness/src/harness.js' '{"Switcher":false,"Target_Switch_Base":1,"ExpansionArg_type":3,"ExpansionArg_string":"\u0000\u0000\u0000;\u0000\n\u0000\u0000\n","_bound":13}'
*-- Test Case {"Switcher":false,"Target_Switch_Base":1,"ExpansionArg_type":3,"ExpansionArg_string":"\u0000\u0000\n\t\u0000\u0000\n","ExpandedSwitcher":0,"_bound":14} start 36.3692 took 305.5061s
*-- Errors occured in test {"Switcher":false,"Target_Switch_Base":1,"ExpansionArg_type":3,"ExpansionArg_string":"\u0000\u0000\n\t\u0000\u0000\n","ExpandedSwitcher":0,"_bound":14}
* Error: Exception E: SyntaxError: Unexpected end of JSON input of test data on 
* Error: Exception E: SyntaxError: Unexpected end of JSON input of coverage data on 
* Error: Error extracting final output - a fatal error must have occured
*-- Replay with NO_COMPILE=1 expoSE replay '/home/blake/ExpoSE/lib/Harness/src/harness.js' '{"Switcher":false,"Target_Switch_Base":1,"ExpansionArg_type":3,"ExpansionArg_string":"\u0000\u0000\n\t\u0000\u0000\n","ExpandedSwitcher":0,"_bound":14}'
*-- Test Case {"Switcher":false,"Target_Switch_Base":1,"ExpansionArg_type":3,"ExpansionArg_string":"\u0000\u0000\u0000\n\t\u0000\u0000\n","_bound":15} start 338.8857 took 3.5847s
*-- Errors occured in test {"Switcher":false,"Target_Switch_Base":1,"ExpansionArg_type":3,"ExpansionArg_string":"\u0000\u0000\u0000\n\t\u0000\u0000\n","_bound":15}
* Error: Error: Concolic(invalid line (no token ";" or ":") "     ", Expr {(str.++ (str.++ "invalid line (no token "";"" or "":"") """
                (str.++ (str.substr ExpansionArg_string
                                    (to_int 0.0)
                                    (to_int (- (- (+ (to_real (str.indexof ExpansionArg_string
                                                                           "\n"
                                                                           (to_int 0.0)))
                                                     1.0)
                                                  0.0)
                                               1.0)))
                        (str.substr ExpansionArg_string
                                    (to_int (+ (+ (to_real (str.indexof ExpansionArg_string
                                                                        "\n"
                                                                        (to_int 0.0)))
                                                  1.0)
                                               1.0))
                                    (to_int (- (- (+ (to_real (str.indexof ExpansionArg_string
                                                                           "\n"
                                                                           (to_int (+ (to_real (str.indexof ExpansionArg_string
                                                                                                            "\n"
                                                                                                            (to_int 0.0)))
                                                                                      1.0))))
                                                     1.0)
                                                  (+ (to_real (str.indexof ExpansionArg_string
                                                                           "\n"
                                                                           (to_int 0.0)))
                                                     1.0))
                                               2.0)))))
        """")}, )
*-- Replay with NO_COMPILE=1 expoSE replay '/home/blake/ExpoSE/lib/Harness/src/harness.js' '{"Switcher":false,"Target_Switch_Base":1,"ExpansionArg_type":3,"ExpansionArg_string":"\u0000\u0000\u0000\n\t\u0000\u0000\n","_bound":15}'
*-- Test Case {"Switcher":false,"Target_Switch_Base":1,"ExpansionArg_type":3,"ExpansionArg_string":"\n\u0000\r\n","_bound":16} start 341.9175 took 2.7264s
*-- Errors occured in test {"Switcher":false,"Target_Switch_Base":1,"ExpansionArg_type":3,"ExpansionArg_string":"\n\u0000\r\n","_bound":16}
* Error: Error: Concolic(invalid line (no token ";" or ":") " ", Expr {(str.++ (str.++ "invalid line (no token "";"" or "":"") """
                (str.substr ExpansionArg_string
                            (to_int (+ (to_real (str.indexof ExpansionArg_string
                                                             "\n"
                                                             (to_int 0.0)))
                                       1.0))
                            (to_int (- (- (+ (to_real (str.indexof ExpansionArg_string
                                                                   "\n"
                                                                   (to_int (+ (to_real (str.indexof ExpansionArg_string
                                                                                                    "\n"
                                                                                                    (to_int 0.0)))
                                                                              1.0))))
                                             1.0)
                                          (+ (to_real (str.indexof ExpansionArg_string
                                                                   "\n"
                                                                   (to_int 0.0)))
                                             1.0))
                                       2.0))))
        """")}, )
*-- Replay with NO_COMPILE=1 expoSE replay '/home/blake/ExpoSE/lib/Harness/src/harness.js' '{"Switcher":false,"Target_Switch_Base":1,"ExpansionArg_type":3,"ExpansionArg_string":"\n\u0000\r\n","_bound":16}'
*-- Test Case {"Switcher":false,"Target_Switch_Base":1,"ExpansionArg_type":3,"ExpansionArg_string":"[;=\n","_bound":17} start 41.27 took 303.6595s
*-- Errors occured in test {"Switcher":false,"Target_Switch_Base":1,"ExpansionArg_type":3,"ExpansionArg_string":"[;=\n","_bound":17}
* Error: Exception E: SyntaxError: Unexpected end of JSON input of test data on 
* Error: Exception E: SyntaxError: Unexpected end of JSON input of coverage data on 
* Error: Error extracting final output - a fatal error must have occured
*-- Replay with NO_COMPILE=1 expoSE replay '/home/blake/ExpoSE/lib/Harness/src/harness.js' '{"Switcher":false,"Target_Switch_Base":1,"ExpansionArg_type":3,"ExpansionArg_string":"[;=\n","_bound":17}'
*-- Test Case {"Switcher":false,"Target_Switch_Base":1,"ExpansionArg_type":3,"ExpansionArg_string":"\n\u0000\u0000;\u0000\u0000\n","_bound":18} start 41.7027 took 303.8969s
*-- Errors occured in test {"Switcher":false,"Target_Switch_Base":1,"ExpansionArg_type":3,"ExpansionArg_string":"\n\u0000\u0000;\u0000\u0000\n","_bound":18}
* Error: Exception E: SyntaxError: Unexpected end of JSON input of test data on 
* Error: Exception E: SyntaxError: Unexpected end of JSON input of coverage data on 
* Error: Error extracting final output - a fatal error must have occured
*-- Replay with NO_COMPILE=1 expoSE replay '/home/blake/ExpoSE/lib/Harness/src/harness.js' '{"Switcher":false,"Target_Switch_Base":1,"ExpansionArg_type":3,"ExpansionArg_string":"\n\u0000\u0000;\u0000\u0000\n","_bound":18}'
*-- Test Case {"Switcher":false,"Target_Switch_Base":1,"ExpansionArg_type":3,"ExpansionArg_string":"\u0000\u0000:\u0000;\u0000\n","_bound":14} start 43.388 took 303.4788s
*-- Errors occured in test {"Switcher":false,"Target_Switch_Base":1,"ExpansionArg_type":3,"ExpansionArg_string":"\u0000\u0000:\u0000;\u0000\n","_bound":14}
* Error: Exception E: SyntaxError: Unexpected end of JSON input of test data on 
* Error: Exception E: SyntaxError: Unexpected end of JSON input of coverage data on 
* Error: Error extracting final output - a fatal error must have occured
*-- Replay with NO_COMPILE=1 expoSE replay '/home/blake/ExpoSE/lib/Harness/src/harness.js' '{"Switcher":false,"Target_Switch_Base":1,"ExpansionArg_type":3,"ExpansionArg_string":"\u0000\u0000:\u0000;\u0000\n","_bound":14}'
*-- Test Case {"Switcher":false,"Target_Switch_Base":1,"ExpansionArg_type":3,"ExpansionArg_string":"\u0000\n \f\n","_bound":14} start 41.6 took 305.7333s
*-- Errors occured in test {"Switcher":false,"Target_Switch_Base":1,"ExpansionArg_type":3,"ExpansionArg_string":"\u0000\n \f\n","_bound":14}
* Error: Exception E: SyntaxError: Unexpected end of JSON input of test data on 
* Error: Exception E: SyntaxError: Unexpected end of JSON input of coverage data on 
* Error: Error extracting final output - a fatal error must have occured
*-- Replay with NO_COMPILE=1 expoSE replay '/home/blake/ExpoSE/lib/Harness/src/harness.js' '{"Switcher":false,"Target_Switch_Base":1,"ExpansionArg_type":3,"ExpansionArg_string":"\u0000\n \f\n","_bound":14}'
*-- Test Case {"Switcher":false,"Target_Switch_Base":1,"ExpansionArg_type":3,"ExpansionArg_string":"\n\t\u0000;\u0000\n","_bound":17} start 43.7733 took 304.055s
*-- Errors occured in test {"Switcher":false,"Target_Switch_Base":1,"ExpansionArg_type":3,"ExpansionArg_string":"\n\t\u0000;\u0000\n","_bound":17}
* Error: TypeError: Cannot read property 'length' of undefined
*-- Replay with NO_COMPILE=1 expoSE replay '/home/blake/ExpoSE/lib/Harness/src/harness.js' '{"Switcher":false,"Target_Switch_Base":1,"ExpansionArg_type":3,"ExpansionArg_string":"\n\t\u0000;\u0000\n","_bound":17}'
*-- Test Case {"Switcher":false,"Target_Switch_Base":1,"ExpansionArg_type":3,"ExpansionArg_string":"\n\n","_bound":17,"ExpandedSwitcher":0} start 344.685 took 3.4229s
*-- Test Case {"Switcher":false,"Target_Switch_Base":3,"ExpansionArg_type":0,"ExpansionArg_type_2":1,"ExpansionArg_array_length":0,"_bound":7} start 348.1651 took 2.7039s
*-- Errors occured in test {"Switcher":false,"Target_Switch_Base":3,"ExpansionArg_type":0,"ExpansionArg_type_2":1,"ExpansionArg_array_length":0,"_bound":7}
* Error: TypeError: Cannot read property '2' of undefined
*-- Replay with NO_COMPILE=1 expoSE replay '/home/blake/ExpoSE/lib/Harness/src/harness.js' '{"Switcher":false,"Target_Switch_Base":3,"ExpansionArg_type":0,"ExpansionArg_type_2":1,"ExpansionArg_array_length":0,"_bound":7}'
*-- Test Case {"Switcher":false,"Target_Switch_Base":1,"ExpansionArg_type":3,"ExpansionArg_string":"\u0000\u0000\n \n","ExpandedSwitcher":0,"_bound":13} start 44.0858 took 306.8357s
*-- Errors occured in test {"Switcher":false,"Target_Switch_Base":1,"ExpansionArg_type":3,"ExpansionArg_string":"\u0000\u0000\n \n","ExpandedSwitcher":0,"_bound":13}
* Error: Error: Concolic(invalid line (no token ";" or ":") "  ", Expr {(str.++ (str.++ "invalid line (no token "";"" or "":"") """
                (str.++ (str.substr ExpansionArg_string
                                    (to_int 0.0)
                                    (to_int (- (- (+ (to_real (str.indexof ExpansionArg_string
                                                                           "\n"
                                                                           (to_int 0.0)))
                                                     1.0)
                                                  0.0)
                                               1.0)))
                        (str.substr ExpansionArg_string
                                    (to_int (+ (+ (to_real (str.indexof ExpansionArg_string
                                                                        "\n"
                                                                        (to_int 0.0)))
                                                  1.0)
                                               1.0))
                                    (to_int (- (- (+ (to_real (str.indexof ExpansionArg_string
                                                                           "\n"
                                                                           (to_int (+ (to_real (str.indexof ExpansionArg_string
                                                                                                            "\n"
                                                                                                            (to_int 0.0)))
                                                                                      1.0))))
                                                     1.0)
                                                  (+ (to_real (str.indexof ExpansionArg_string
                                                                           "\n"
                                                                           (to_int 0.0)))
                                                     1.0))
                                               2.0)))))
        """")}, )
*-- Replay with NO_COMPILE=1 expoSE replay '/home/blake/ExpoSE/lib/Harness/src/harness.js' '{"Switcher":false,"Target_Switch_Base":1,"ExpansionArg_type":3,"ExpansionArg_string":"\u0000\u0000\n \n","ExpandedSwitcher":0,"_bound":13}'
*-- Test Case {"Switcher":false,"Target_Switch_Base":1,"ExpansionArg_type":3,"ExpansionArg_string":"\u0000;\u0000\n\u0000\u0000\n\u0000","_bound":17} start 48.4212 took 303.16s
*-- Errors occured in test {"Switcher":false,"Target_Switch_Base":1,"ExpansionArg_type":3,"ExpansionArg_string":"\u0000;\u0000\n\u0000\u0000\n\u0000","_bound":17}
* Error: Exception E: SyntaxError: Unexpected end of JSON input of test data on 
* Error: Exception E: SyntaxError: Unexpected end of JSON input of coverage data on 
* Error: Error extracting final output - a fatal error must have occured
*-- Replay with NO_COMPILE=1 expoSE replay '/home/blake/ExpoSE/lib/Harness/src/harness.js' '{"Switcher":false,"Target_Switch_Base":1,"ExpansionArg_type":3,"ExpansionArg_string":"\u0000;\u0000\n\u0000\u0000\n\u0000","_bound":17}'
*-- Test Case {"Switcher":false,"Target_Switch_Base":1,"ExpansionArg_type":3,"ExpansionArg_string":"\u0000\u0000\u0000\n\u0000","_bound":13} start 347.9329 took 4.2027s
*-- Errors occured in test {"Switcher":false,"Target_Switch_Base":1,"ExpansionArg_type":3,"ExpansionArg_string":"\u0000\u0000\u0000\n\u0000","_bound":13}
* Error: Error: Concolic(invalid line (no token ";" or ":") "   ", Expr {(str.++ (str.++ "invalid line (no token "";"" or "":"") """
                (str.substr ExpansionArg_string
                            (to_int 0.0)
                            (to_int (- (- (+ (to_real (str.indexof ExpansionArg_string
                                                                   "\n"
                                                                   (to_int 0.0)))
                                             1.0)
                                          0.0)
                                       1.0))))
        """")}, )
*-- Replay with NO_COMPILE=1 expoSE replay '/home/blake/ExpoSE/lib/Harness/src/harness.js' '{"Switcher":false,"Target_Switch_Base":1,"ExpansionArg_type":3,"ExpansionArg_string":"\u0000\u0000\u0000\n\u0000","_bound":13}'
*-- Test Case {"Switcher":false,"Target_Switch_Base":3,"ExpansionArg_type":1,"ExpansionArg_array_length":0,"ExpansionArg_type_2":0,"ExpandedSwitcher":0,"ExpandedSwitcher_2":0,"_bound":6} start 350.909 took 3.0391s
*-- Errors occured in test {"Switcher":false,"Target_Switch_Base":3,"ExpansionArg_type":1,"ExpansionArg_array_length":0,"ExpansionArg_type_2":0,"ExpandedSwitcher":0,"ExpandedSwitcher_2":0,"_bound":6}
* Error: TypeError: Cannot read property '2' of null
*-- Replay with NO_COMPILE=1 expoSE replay '/home/blake/ExpoSE/lib/Harness/src/harness.js' '{"Switcher":false,"Target_Switch_Base":3,"ExpansionArg_type":1,"ExpansionArg_array_length":0,"ExpansionArg_type_2":0,"ExpandedSwitcher":0,"ExpandedSwitcher_2":0,"_bound":6}'
*-- Test Case {"Switcher":false,"Target_Switch_Base":1,"ExpansionArg_type":3,"ExpansionArg_string":"\n\n","_bound":17,"ExpandedSwitcher":0} start 351.6095 took 2.8332s
*-- Test Case {"Switcher":false,"Target_Switch_Base":2,"ExpansionArg_type":0,"ExpansionArg_type_2":5,"ExpansionArg_array_length":0,"ExpandedSwitcher":0,"_bound":9,"ExpansionArg_bool":false} start 353.9773 took 3.0565s
*-- Errors occured in test {"Switcher":false,"Target_Switch_Base":2,"ExpansionArg_type":0,"ExpansionArg_type_2":5,"ExpansionArg_array_length":0,"ExpandedSwitcher":0,"_bound":9,"ExpansionArg_bool":false}
* Error: TypeError: Cannot read property '0' of undefined
*-- Replay with NO_COMPILE=1 expoSE replay '/home/blake/ExpoSE/lib/Harness/src/harness.js' '{"Switcher":false,"Target_Switch_Base":2,"ExpansionArg_type":0,"ExpansionArg_type_2":5,"ExpansionArg_array_length":0,"ExpandedSwitcher":0,"_bound":9}'
*-- Test Case {"Switcher":false,"Target_Switch_Base":1,"ExpansionArg_type":3,"ExpansionArg_string":"\n\u0000\n","_bound":16} start 354.481 took 3.5425s
*-- Errors occured in test {"Switcher":false,"Target_Switch_Base":1,"ExpansionArg_type":3,"ExpansionArg_string":"\n\u0000\n","_bound":16}
* Error: Error: Concolic(invalid line (no token ";" or ":") " ", Expr {(str.++ (str.++ "invalid line (no token "";"" or "":"") """
                (str.substr ExpansionArg_string
                            (to_int (+ (to_real (str.indexof ExpansionArg_string
                                                             "\n"
                                                             (to_int 0.0)))
                                       1.0))
                            (to_int (- (- (+ (to_real (str.indexof ExpansionArg_string
                                                                   "\n"
                                                                   (to_int (+ (to_real (str.indexof ExpansionArg_string
                                                                                                    "\n"
                                                                                                    (to_int 0.0)))
                                                                              1.0))))
                                             1.0)
                                          (+ (to_real (str.indexof ExpansionArg_string
                                                                   "\n"
                                                                   (to_int 0.0)))
                                             1.0))
                                       1.0))))
        """")}, )
*-- Replay with NO_COMPILE=1 expoSE replay '/home/blake/ExpoSE/lib/Harness/src/harness.js' '{"Switcher":false,"Target_Switch_Base":1,"ExpansionArg_type":3,"ExpansionArg_string":"\n\u0000\n","_bound":16}'
*-- Test Case {"Switcher":false,"Target_Switch_Base":2,"ExpansionArg_type":0,"ExpansionArg_type_2":5,"ExpansionArg_bool":true,"ExpandedSwitcher":0,"_bound":10} start 357.077 took 2.9726s
*-- Errors occured in test {"Switcher":false,"Target_Switch_Base":2,"ExpansionArg_type":0,"ExpansionArg_type_2":5,"ExpansionArg_bool":true,"ExpandedSwitcher":0,"_bound":10}
* Error: TypeError: Cannot read property '0' of undefined
*-- Replay with NO_COMPILE=1 expoSE replay '/home/blake/ExpoSE/lib/Harness/src/harness.js' '{"Switcher":false,"Target_Switch_Base":2,"ExpansionArg_type":0,"ExpansionArg_type_2":5,"ExpansionArg_bool":true,"ExpandedSwitcher":0,"_bound":10}'
*-- Test Case {"Switcher":false,"Target_Switch_Base":1,"ExpansionArg_type":3,"ExpansionArg_string":"\n\n","_bound":17,"ExpandedSwitcher":0} start 360.2359 took 3.1091s
*-- Test Case {"Switcher":false,"Target_Switch_Base":2,"ExpansionArg_type":3,"ExpansionArg_string":"","ExpansionArg_type_2":0,"ExpandedSwitcher":4,"ExpansionArg_type_3":2,"ExpansionArg_bool":false,"_bound":16,"ExpansionArg_int":0} start 363.3732 took 4.5062s
*-- Errors occured in test {"Switcher":false,"Target_Switch_Base":2,"ExpansionArg_type":3,"ExpansionArg_string":"","ExpansionArg_type_2":0,"ExpandedSwitcher":4,"ExpansionArg_type_3":2,"ExpansionArg_bool":false,"_bound":16,"ExpansionArg_int":0}
* Error: TypeError: Cannot read property '1' of undefined
*-- Replay with NO_COMPILE=1 expoSE replay '/home/blake/ExpoSE/lib/Harness/src/harness.js' '{"Switcher":false,"Target_Switch_Base":2,"ExpansionArg_type":3,"ExpansionArg_string":"","ExpansionArg_type_2":0,"ExpandedSwitcher":4,"ExpansionArg_type_3":2,"ExpansionArg_bool":false,"_bound":16}'
*-- Test Case {"Switcher":false,"Target_Switch_Base":2,"ExpansionArg_type":3,"ExpansionArg_string":"","ExpansionArg_type_2":4,"ExpansionArg_array_length":1,"ExpandedSwitcher":0,"ExpansionArg_type_3":0,"_bound":13,"ExpansionArg_array_element_0_type":0} start 367.9298 took 3.3843s
*-- Errors occured in test {"Switcher":false,"Target_Switch_Base":2,"ExpansionArg_type":3,"ExpansionArg_string":"","ExpansionArg_type_2":4,"ExpansionArg_array_length":1,"ExpandedSwitcher":0,"ExpansionArg_type_3":0,"_bound":13,"ExpansionArg_array_element_0_type":0}
* Error: TypeError: Cannot read property '2' of undefined
*-- Replay with NO_COMPILE=1 expoSE replay '/home/blake/ExpoSE/lib/Harness/src/harness.js' '{"Switcher":false,"Target_Switch_Base":2,"ExpansionArg_type":3,"ExpansionArg_string":"","ExpansionArg_type_2":4,"ExpansionArg_array_length":1,"ExpandedSwitcher":0,"ExpansionArg_type_3":0,"_bound":13}'
*-- Test Case {"Switcher":false,"Target_Switch_Base":1,"ExpansionArg_type":3,"ExpansionArg_string":"c;\\\\=\u0000=","_bound":18} start 45.4538 took 325.924s
*-- Errors occured in test {"Switcher":false,"Target_Switch_Base":1,"ExpansionArg_type":3,"ExpansionArg_string":"c;\\\\=\u0000=","_bound":18}
* Error: Exception E: SyntaxError: Unexpected end of JSON input of test data on 
* Error: Exception E: SyntaxError: Unexpected end of JSON input of coverage data on 
* Error: Error extracting final output - a fatal error must have occured
*-- Replay with NO_COMPILE=1 expoSE replay '/home/blake/ExpoSE/lib/Harness/src/harness.js' '{"Switcher":false,"Target_Switch_Base":1,"ExpansionArg_type":3,"ExpansionArg_string":"c;\\\\=\u0000=","_bound":18}'
*-- Test Case {"Switcher":false,"Target_Switch_Base":1,"ExpansionArg_type":3,"ExpansionArg_string":"\u0000\u0000\u0000\n\t\r\n","_bound":15} start 371.3433 took 2.9525s
*-- Errors occured in test {"Switcher":false,"Target_Switch_Base":1,"ExpansionArg_type":3,"ExpansionArg_string":"\u0000\u0000\u0000\n\t\r\n","_bound":15}
* Error: Error: Concolic(invalid line (no token ";" or ":") "   ", Expr {(str.++ (str.++ "invalid line (no token "";"" or "":"") """
                (str.++ (str.substr ExpansionArg_string
                                    (to_int 0.0)
                                    (to_int (- (- (+ (to_real (str.indexof ExpansionArg_string
                                                                           "\n"
                                                                           (to_int 0.0)))
                                                     1.0)
                                                  0.0)
                                               1.0)))
                        (str.substr ExpansionArg_string
                                    (to_int (+ (+ (to_real (str.indexof ExpansionArg_string
                                                                        "\n"
                                                                        (to_int 0.0)))
                                                  1.0)
                                               1.0))
                                    (to_int (- (- (+ (to_real (str.indexof ExpansionArg_string
                                                                           "\n"
                                                                           (to_int (+ (to_real (str.indexof ExpansionArg_string
                                                                                                            "\n"
                                                                                                            (to_int 0.0)))
                                                                                      1.0))))
                                                     1.0)
                                                  (+ (to_real (str.indexof ExpansionArg_string
                                                                           "\n"
                                                                           (to_int 0.0)))
                                                     1.0))
                                               3.0)))))
        """")}, )
*-- Replay with NO_COMPILE=1 expoSE replay '/home/blake/ExpoSE/lib/Harness/src/harness.js' '{"Switcher":false,"Target_Switch_Base":1,"ExpansionArg_type":3,"ExpansionArg_string":"\u0000\u0000\u0000\n\t\r\n","_bound":15}'
*-- Test Case {"Switcher":false,"Target_Switch_Base":1,"ExpansionArg_type":3,"ExpansionArg_string":"\u0000\u0000:\u0000\n","_bound":15} start 371.3995 took 4.4328s
*-- Errors occured in test {"Switcher":false,"Target_Switch_Base":1,"ExpansionArg_type":3,"ExpansionArg_string":"\u0000\u0000:\u0000\n","_bound":15}
* Error: TypeError: Cannot read property 'push' of undefined
*-- Replay with NO_COMPILE=1 expoSE replay '/home/blake/ExpoSE/lib/Harness/src/harness.js' '{"Switcher":false,"Target_Switch_Base":1,"ExpansionArg_type":3,"ExpansionArg_string":"\u0000\u0000:\u0000\n","_bound":15}'
*-- Test Case {"Switcher":false,"Target_Switch_Base":1,"ExpansionArg_type":3,"ExpansionArg_string":"e\u0000:\n","_bound":19} start 375.8821 took 3.3622s
*-- Errors occured in test {"Switcher":false,"Target_Switch_Base":1,"ExpansionArg_type":3,"ExpansionArg_string":"e\u0000:\n","_bound":19}
* Error: TypeError: Cannot read property 'push' of undefined
*-- Replay with NO_COMPILE=1 expoSE replay '/home/blake/ExpoSE/lib/Harness/src/harness.js' '{"Switcher":false,"Target_Switch_Base":1,"ExpansionArg_type":3,"ExpansionArg_string":"e\u0000:\n","_bound":19}'
*-- Test Case {"Switcher":false,"Target_Switch_Base":1,"ExpansionArg_type":3,"ExpansionArg_string":"end:\u0000\u0000\n","_bound":18,"ExpandedSwitcher":0} start 379.2825 took 3.7955s
*-- Test Case {"Switcher":false,"Target_Switch_Base":1,"ExpansionArg_type":3,"ExpansionArg_string":"begin:\u0000\u0000\n","_bound":17} start 383.101 took 2.8493s
*-- Errors occured in test {"Switcher":false,"Target_Switch_Base":1,"ExpansionArg_type":3,"ExpansionArg_string":"begin:\u0000\u0000\n","_bound":17}
* Error: Error: invalid ical body. component began but did not end
*-- Replay with NO_COMPILE=1 expoSE replay '/home/blake/ExpoSE/lib/Harness/src/harness.js' '{"Switcher":false,"Target_Switch_Base":1,"ExpansionArg_type":3,"ExpansionArg_string":"begin:\u0000\u0000\n","_bound":17}'
*-- Test Case {"Switcher":false,"Target_Switch_Base":1,"ExpansionArg_type":3,"ExpansionArg_string":"c;\u0000\u0000=\u0000=\u0000\u0000;","_bound":21} start 86.3853 took 303.0993s
*-- Errors occured in test {"Switcher":false,"Target_Switch_Base":1,"ExpansionArg_type":3,"ExpansionArg_string":"c;\u0000\u0000=\u0000=\u0000\u0000;","_bound":21}
* Error: Exception E: SyntaxError: Unexpected end of JSON input of test data on 
* Error: Exception E: SyntaxError: Unexpected end of JSON input of coverage data on 
* Error: Error extracting final output - a fatal error must have occured
*-- Replay with NO_COMPILE=1 expoSE replay '/home/blake/ExpoSE/lib/Harness/src/harness.js' '{"Switcher":false,"Target_Switch_Base":1,"ExpansionArg_type":3,"ExpansionArg_string":"c;\u0000\u0000=\u0000=\u0000\u0000;","_bound":21}'
*-- Test Case {"Switcher":false,"Target_Switch_Base":1,"ExpansionArg_type":3,"ExpansionArg_string":"e:\\\\\u0010\n","_bound":20} start 386.0052 took 4.172s
*-- Errors occured in test {"Switcher":false,"Target_Switch_Base":1,"ExpansionArg_type":3,"ExpansionArg_string":"e:\\\\\u0010\n","_bound":20}
* Error: TypeError: Cannot read property 'push' of undefined
*-- Replay with NO_COMPILE=1 expoSE replay '/home/blake/ExpoSE/lib/Harness/src/harness.js' '{"Switcher":false,"Target_Switch_Base":1,"ExpansionArg_type":3,"ExpansionArg_string":"e:\\\\\u0010\n","_bound":20}'
*-- Test Case {"Switcher":false,"Target_Switch_Base":1,"ExpansionArg_type":3,"ExpansionArg_string":"\u0000\u0000\n \n","_bound":13} start 389.5151 took 3.7773s
*-- Errors occured in test {"Switcher":false,"Target_Switch_Base":1,"ExpansionArg_type":3,"ExpansionArg_string":"\u0000\u0000\n \n","_bound":13}
* Error: Error: Concolic(invalid line (no token ";" or ":") "  ", Expr {(str.++ (str.++ "invalid line (no token "";"" or "":"") """
                (str.++ (str.substr ExpansionArg_string
                                    (to_int 0.0)
                                    (to_int (- (- (+ (to_real (str.indexof ExpansionArg_string
                                                                           "\n"
                                                                           (to_int 0.0)))
                                                     1.0)
                                                  0.0)
                                               1.0)))
                        (str.substr ExpansionArg_string
                                    (to_int (+ (+ (to_real (str.indexof ExpansionArg_string
                                                                        "\n"
                                                                        (to_int 0.0)))
                                                  1.0)
                                               1.0))
                                    (to_int (- (- (+ (to_real (str.indexof ExpansionArg_string
                                                                           "\n"
                                                                           (to_int (+ (to_real (str.indexof ExpansionArg_string
                                                                                                            "\n"
                                                                                                            (to_int 0.0)))
                                                                                      1.0))))
                                                     1.0)
                                                  (+ (to_real (str.indexof ExpansionArg_string
                                                                           "\n"
                                                                           (to_int 0.0)))
                                                     1.0))
                                               2.0)))))
        """")}, )
*-- Replay with NO_COMPILE=1 expoSE replay '/home/blake/ExpoSE/lib/Harness/src/harness.js' '{"Switcher":false,"Target_Switch_Base":1,"ExpansionArg_type":3,"ExpansionArg_string":"\u0000\u0000\n \n","_bound":13}'
*-- Test Case {"Switcher":false,"Target_Switch_Base":1,"ExpansionArg_type":3,"ExpansionArg_string":"\n\u0000\u0000\u0000\n\u0000\u0000\n","_bound":17} start 390.2179 took 3.9358s
*-- Errors occured in test {"Switcher":false,"Target_Switch_Base":1,"ExpansionArg_type":3,"ExpansionArg_string":"\n\u0000\u0000\u0000\n\u0000\u0000\n","_bound":17}
* Error: Error: Concolic(invalid line (no token ";" or ":") "   ", Expr {(str.++ (str.++ "invalid line (no token "";"" or "":"") """
                (str.substr ExpansionArg_string
                            (to_int (+ (to_real (str.indexof ExpansionArg_string
                                                             "\n"
                                                             (to_int 0.0)))
                                       1.0))
                            (to_int (- (- (+ (to_real (str.indexof ExpansionArg_string
                                                                   "\n"
                                                                   (to_int (+ (to_real (str.indexof ExpansionArg_string
                                                                                                    "\n"
                                                                                                    (to_int 0.0)))
                                                                              1.0))))
                                             1.0)
                                          (+ (to_real (str.indexof ExpansionArg_string
                                                                   "\n"
                                                                   (to_int 0.0)))
                                             1.0))
                                       1.0))))
        """")}, )
*-- Replay with NO_COMPILE=1 expoSE replay '/home/blake/ExpoSE/lib/Harness/src/harness.js' '{"Switcher":false,"Target_Switch_Base":1,"ExpansionArg_type":3,"ExpansionArg_string":"\n\u0000\u0000\u0000\n\u0000\u0000\n","_bound":17}'
*-- Test Case {"Switcher":false,"Target_Switch_Base":1,"ExpansionArg_type":3,"ExpansionArg_string":"\n\u0000\r\n","_bound":16} start 393.3425 took 3.2319s
*-- Errors occured in test {"Switcher":false,"Target_Switch_Base":1,"ExpansionArg_type":3,"ExpansionArg_string":"\n\u0000\r\n","_bound":16}
* Error: Error: Concolic(invalid line (no token ";" or ":") " ", Expr {(str.++ (str.++ "invalid line (no token "";"" or "":"") """
                (str.substr ExpansionArg_string
                            (to_int (+ (to_real (str.indexof ExpansionArg_string
                                                             "\n"
                                                             (to_int 0.0)))
                                       1.0))
                            (to_int (- (- (+ (to_real (str.indexof ExpansionArg_string
                                                                   "\n"
                                                                   (to_int (+ (to_real (str.indexof ExpansionArg_string
                                                                                                    "\n"
                                                                                                    (to_int 0.0)))
                                                                              1.0))))
                                             1.0)
                                          (+ (to_real (str.indexof ExpansionArg_string
                                                                   "\n"
                                                                   (to_int 0.0)))
                                             1.0))
                                       2.0))))
        """")}, )
*-- Replay with NO_COMPILE=1 expoSE replay '/home/blake/ExpoSE/lib/Harness/src/harness.js' '{"Switcher":false,"Target_Switch_Base":1,"ExpansionArg_type":3,"ExpansionArg_string":"\n\u0000\r\n","_bound":16}'
*-- Test Case {"Switcher":false,"Target_Switch_Base":1,"ExpansionArg_type":3,"ExpansionArg_string":"\n\t\n","_bound":16,"ExpandedSwitcher":0} start 394.2045 took 3.1235s
*-- Test Case {"Switcher":false,"Target_Switch_Base":2,"ExpansionArg_type":3,"ExpansionArg_string":"","ExpansionArg_type_2":0,"ExpandedSwitcher":0,"ExpansionArg_type_3":4,"ExpansionArg_array_length":1,"_bound":15,"ExpansionArg_array_element_0_type":0} start 396.6015 took 2.6729s
*-- Errors occured in test {"Switcher":false,"Target_Switch_Base":2,"ExpansionArg_type":3,"ExpansionArg_string":"","ExpansionArg_type_2":0,"ExpandedSwitcher":0,"ExpansionArg_type_3":4,"ExpansionArg_array_length":1,"_bound":15,"ExpansionArg_array_element_0_type":0}
* Error: TypeError: Cannot read property '2' of undefined
*-- Replay with NO_COMPILE=1 expoSE replay '/home/blake/ExpoSE/lib/Harness/src/harness.js' '{"Switcher":false,"Target_Switch_Base":2,"ExpansionArg_type":3,"ExpansionArg_string":"","ExpansionArg_type_2":0,"ExpandedSwitcher":0,"ExpansionArg_type_3":4,"ExpansionArg_array_length":1,"_bound":15}'
*-- Test Case {"Switcher":false,"Target_Switch_Base":1,"ExpansionArg_type":3,"ExpansionArg_string":"\u0000\u0000\u0000\u0000\n\t\u0000\u0000\n\u0000","_bound":15} start 43.9298 took 355.7679s
*-- Errors occured in test {"Switcher":false,"Target_Switch_Base":1,"ExpansionArg_type":3,"ExpansionArg_string":"\u0000\u0000\u0000\u0000\n\t\u0000\u0000\n\u0000","_bound":15}
* Error: Error: Concolic(invalid line (no token ";" or ":") "      ", Expr {(str.++ (str.++ "invalid line (no token "";"" or "":"") """
                (str.++ (str.substr ExpansionArg_string
                                    (to_int 0.0)
                                    (to_int (- (- (+ (to_real (str.indexof ExpansionArg_string
                                                                           "\n"
                                                                           (to_int 0.0)))
                                                     1.0)
                                                  0.0)
                                               1.0)))
                        (str.substr ExpansionArg_string
                                    (to_int (+ (+ (to_real (str.indexof ExpansionArg_string
                                                                        "\n"
                                                                        (to_int 0.0)))
                                                  1.0)
                                               1.0))
                                    (to_int (- (- (+ (to_real (str.indexof ExpansionArg_string
                                                                           "\n"
                                                                           (to_int (+ (to_real (str.indexof ExpansionArg_string
                                                                                                            "\n"
                                                                                                            (to_int 0.0)))
                                                                                      1.0))))
                                                     1.0)
                                                  (+ (to_real (str.indexof ExpansionArg_string
                                                                           "\n"
                                                                           (to_int 0.0)))
                                                     1.0))
                                               2.0)))))
        """")}, )
*-- Replay with NO_COMPILE=1 expoSE replay '/home/blake/ExpoSE/lib/Harness/src/harness.js' '{"Switcher":false,"Target_Switch_Base":1,"ExpansionArg_type":3,"ExpansionArg_string":"\u0000\u0000\u0000\u0000\n\t\u0000\u0000\n\u0000","_bound":15}'
*-- Test Case {"Switcher":false,"Target_Switch_Base":3,"ExpansionArg_type":2,"ExpansionArg_array_length":0,"ExpansionArg_type_2":0,"ExpandedSwitcher":0,"ExpandedSwitcher_2":0,"_bound":7,"ExpansionArg_int":0} start 399.7452 took 3.3552s
*-- Test Case {"Switcher":false,"Target_Switch_Base":1,"ExpansionArg_type":3,"ExpansionArg_string":"\u0000\u0000\u0000:\u0000\n\u0000\u0000\n","_bound":15} start 32.2831 took 371.8743s
*-- Errors occured in test {"Switcher":false,"Target_Switch_Base":1,"ExpansionArg_type":3,"ExpansionArg_string":"\u0000\u0000\u0000:\u0000\n\u0000\u0000\n","_bound":15}
* Error: TypeError: Cannot read property 'push' of undefined
*-- Replay with NO_COMPILE=1 expoSE replay '/home/blake/ExpoSE/lib/Harness/src/harness.js' '{"Switcher":false,"Target_Switch_Base":1,"ExpansionArg_type":3,"ExpansionArg_string":"\u0000\u0000\u0000:\u0000\n\u0000\u0000\n","_bound":15}'
*-- Test Case {"Switcher":false,"Target_Switch_Base":1,"ExpansionArg_type":3,"ExpansionArg_string":"\u0000\u0000\n\u0000","_bound":12} start 399.3252 took 5.1121s
*-- Errors occured in test {"Switcher":false,"Target_Switch_Base":1,"ExpansionArg_type":3,"ExpansionArg_string":"\u0000\u0000\n\u0000","_bound":12}
* Error: Error: Concolic(invalid line (no token ";" or ":") "  ", Expr {(str.++ (str.++ "invalid line (no token "";"" or "":"") """
                (str.substr ExpansionArg_string
                            (to_int 0.0)
                            (to_int (- (- (+ (to_real (str.indexof ExpansionArg_string
                                                                   "\n"
                                                                   (to_int 0.0)))
                                             1.0)
                                          0.0)
                                       1.0))))
        """")}, )
*-- Replay with NO_COMPILE=1 expoSE replay '/home/blake/ExpoSE/lib/Harness/src/harness.js' '{"Switcher":false,"Target_Switch_Base":1,"ExpansionArg_type":3,"ExpansionArg_string":"\u0000\u0000\n\u0000","_bound":12}'
*-- Test Case {"Switcher":false,"Target_Switch_Base":1,"ExpansionArg_type":3,"ExpansionArg_string":";\u0000=\u0000=\u0000:\u0000","_bound":17} start 32.6937 took 372.6989s
*-- Errors occured in test {"Switcher":false,"Target_Switch_Base":1,"ExpansionArg_type":3,"ExpansionArg_string":";\u0000=\u0000=\u0000:\u0000","_bound":17}
* Error: TypeError: Cannot read property 'push' of undefined
*-- Replay with NO_COMPILE=1 expoSE replay '/home/blake/ExpoSE/lib/Harness/src/harness.js' '{"Switcher":false,"Target_Switch_Base":1,"ExpansionArg_type":3,"ExpansionArg_string":";\u0000=\u0000=\u0000:\u0000","_bound":17}'
*-- Test Case {"Switcher":false,"Target_Switch_Base":1,"ExpansionArg_type":5,"ExpansionArg_array_length":0,"_bound":7,"ExpansionArg_bool":false} start 404.1972 took 3.2711s
*-- Errors occured in test {"Switcher":false,"Target_Switch_Base":1,"ExpansionArg_type":5,"ExpansionArg_array_length":0,"_bound":7,"ExpansionArg_bool":false}
* Error: TypeError: Function.prototype.apply was called on undefined, which is a undefined and not a function
*-- Replay with NO_COMPILE=1 expoSE replay '/home/blake/ExpoSE/lib/Harness/src/harness.js' '{"Switcher":false,"Target_Switch_Base":1,"ExpansionArg_type":5,"ExpansionArg_array_length":0,"_bound":7}'
*-- Test Case {"Switcher":false,"Target_Switch_Base":2,"ExpansionArg_type":4,"ExpansionArg_array_length":2,"ExpansionArg_array_element_0_type":0,"ExpansionArg_type_2":0,"ExpandedSwitcher":0,"ExpansionArg_type_3":0,"_bound":11,"ExpansionArg_array_element_1_type":0} start 403.1412 took 4.3797s
*-- Errors occured in test {"Switcher":false,"Target_Switch_Base":2,"ExpansionArg_type":4,"ExpansionArg_array_length":2,"ExpansionArg_array_element_0_type":0,"ExpansionArg_type_2":0,"ExpandedSwitcher":0,"ExpansionArg_type_3":0,"_bound":11,"ExpansionArg_array_element_1_type":0}
* Error: TypeError: Cannot read property '2' of undefined
*-- Replay with NO_COMPILE=1 expoSE replay '/home/blake/ExpoSE/lib/Harness/src/harness.js' '{"Switcher":false,"Target_Switch_Base":2,"ExpansionArg_type":4,"ExpansionArg_array_length":2,"ExpansionArg_array_element_0_type":0,"ExpansionArg_type_2":0,"ExpandedSwitcher":0,"ExpansionArg_type_3":0,"_bound":11}'
*-- Test Case {"Switcher":false,"Target_Switch_Base":2,"ExpansionArg_type":3,"ExpansionArg_string":"","ExpansionArg_type_2":0,"ExpandedSwitcher":0,"ExpansionArg_type_3":2,"ExpansionArg_array_length":0,"_bound":12,"ExpansionArg_int":0} start 404.4972 took 3.5134s
*-- Errors occured in test {"Switcher":false,"Target_Switch_Base":2,"ExpansionArg_type":3,"ExpansionArg_string":"","ExpansionArg_type_2":0,"ExpandedSwitcher":0,"ExpansionArg_type_3":2,"ExpansionArg_array_length":0,"_bound":12,"ExpansionArg_int":0}
* Error: TypeError: Cannot read property '2' of undefined
*-- Replay with NO_COMPILE=1 expoSE replay '/home/blake/ExpoSE/lib/Harness/src/harness.js' '{"Switcher":false,"Target_Switch_Base":2,"ExpansionArg_type":3,"ExpansionArg_string":"","ExpansionArg_type_2":0,"ExpandedSwitcher":0,"ExpansionArg_type_3":2,"ExpansionArg_array_length":0,"_bound":12}'
*-- Test Case {"Switcher":false,"Target_Switch_Base":2,"ExpansionArg_type":3,"ExpansionArg_string":"","ExpansionArg_type_2":0,"ExpandedSwitcher":0,"ExpansionArg_type_3":3,"ExpansionArg_array_length":0,"_bound":13,"ExpansionArg_string_2":"PureString"} start 407.558 took 3.1143s
*-- Errors occured in test {"Switcher":false,"Target_Switch_Base":2,"ExpansionArg_type":3,"ExpansionArg_string":"","ExpansionArg_type_2":0,"ExpandedSwitcher":0,"ExpansionArg_type_3":3,"ExpansionArg_array_length":0,"_bound":13,"ExpansionArg_string_2":"PureString"}
* Error: TypeError: Cannot read property '2' of undefined
*-- Replay with NO_COMPILE=1 expoSE replay '/home/blake/ExpoSE/lib/Harness/src/harness.js' '{"Switcher":false,"Target_Switch_Base":2,"ExpansionArg_type":3,"ExpansionArg_string":"","ExpansionArg_type_2":0,"ExpandedSwitcher":0,"ExpansionArg_type_3":3,"ExpansionArg_array_length":0,"_bound":13}'
*-- Test Case {"Switcher":false,"Target_Switch_Base":1,"ExpansionArg_type":3,"ExpansionArg_string":"\u0000\u0000\n\u0000\n","_bound":14} start 397.3675 took 15.1735s
*-- Errors occured in test {"Switcher":false,"Target_Switch_Base":1,"ExpansionArg_type":3,"ExpansionArg_string":"\u0000\u0000\n\u0000\n","_bound":14}
* Error: Error: Concolic(invalid line (no token ";" or ":") "  ", Expr {(str.++ (str.++ "invalid line (no token "";"" or "":"") """
                (str.substr ExpansionArg_string
                            (to_int 0.0)
                            (to_int (- (- (+ (to_real (str.indexof ExpansionArg_string
                                                                   "\n"
                                                                   (to_int 0.0)))
                                             1.0)
                                          0.0)
                                       1.0))))
        """")}, )
*-- Replay with NO_COMPILE=1 expoSE replay '/home/blake/ExpoSE/lib/Harness/src/harness.js' '{"Switcher":false,"Target_Switch_Base":1,"ExpansionArg_type":3,"ExpansionArg_string":"\u0000\u0000\n\u0000\n","_bound":14}'
*-- Test Case {"Switcher":false,"Target_Switch_Base":1,"ExpansionArg_type":3,"ExpansionArg_string":"\u0000\u0000;\u0000\n\u0000\u0000\u0000\n","_bound":17} start 408.0613 took 5.0598s
*-- Errors occured in test {"Switcher":false,"Target_Switch_Base":1,"ExpansionArg_type":3,"ExpansionArg_string":"\u0000\u0000;\u0000\n\u0000\u0000\u0000\n","_bound":17}
* Error: TypeError: Cannot read property 'length' of undefined
*-- Replay with NO_COMPILE=1 expoSE replay '/home/blake/ExpoSE/lib/Harness/src/harness.js' '{"Switcher":false,"Target_Switch_Base":1,"ExpansionArg_type":3,"ExpansionArg_string":"\u0000\u0000;\u0000\n\u0000\u0000\u0000\n","_bound":17}'
*-- Test Case {"Switcher":false,"Target_Switch_Base":0,"ExpansionArg_type":4,"ExpansionArg_array_length":2,"ExpansionArg_array_element_0_type":0,"_bound":9,"ExpansionArg_array_element_1_type":0} start 410.71 took 4.0975s
*-- Errors occured in test {"Switcher":false,"Target_Switch_Base":0,"ExpansionArg_type":4,"ExpansionArg_array_length":2,"ExpansionArg_array_element_0_type":0,"_bound":9,"ExpansionArg_array_element_1_type":0}
* Error: Error: must provide full jCal document
*-- Replay with NO_COMPILE=1 expoSE replay '/home/blake/ExpoSE/lib/Harness/src/harness.js' '{"Switcher":false,"Target_Switch_Base":0,"ExpansionArg_type":4,"ExpansionArg_array_length":2,"ExpansionArg_array_element_0_type":0,"_bound":9}'
*-- Test Case {"Switcher":false,"Target_Switch_Base":1,"ExpansionArg_type":3,"ExpansionArg_string":"\n\u0000\u0000\u0000\n\u0000","_bound":18} start 412.5882 took 3.6055s
*-- Errors occured in test {"Switcher":false,"Target_Switch_Base":1,"ExpansionArg_type":3,"ExpansionArg_string":"\n\u0000\u0000\u0000\n\u0000","_bound":18}
* Error: Error: Concolic(invalid line (no token ";" or ":") "   ", Expr {(str.++ (str.++ "invalid line (no token "";"" or "":"") """
                (str.substr ExpansionArg_string
                            (to_int (+ (to_real (str.indexof ExpansionArg_string
                                                             "\n"
                                                             (to_int 0.0)))
                                       1.0))
                            (to_int (- (- (+ (to_real (str.indexof ExpansionArg_string
                                                                   "\n"
                                                                   (to_int (+ (to_real (str.indexof ExpansionArg_string
                                                                                                    "\n"
                                                                                                    (to_int 0.0)))
                                                                              1.0))))
                                             1.0)
                                          (+ (to_real (str.indexof ExpansionArg_string
                                                                   "\n"
                                                                   (to_int 0.0)))
                                             1.0))
                                       1.0))))
        """")}, )
*-- Replay with NO_COMPILE=1 expoSE replay '/home/blake/ExpoSE/lib/Harness/src/harness.js' '{"Switcher":false,"Target_Switch_Base":1,"ExpansionArg_type":3,"ExpansionArg_string":"\n\u0000\u0000\u0000\n\u0000","_bound":18}'
*-- Test Case {"Switcher":false,"Target_Switch_Base":2,"ExpansionArg_type":3,"ExpansionArg_string":"","ExpansionArg_type_2":0,"ExpandedSwitcher":5,"ExpansionArg_type_3":0,"_bound":13} start 414.8735 took 2.2926s
*-- Errors occured in test {"Switcher":false,"Target_Switch_Base":2,"ExpansionArg_type":3,"ExpansionArg_string":"","ExpansionArg_type_2":0,"ExpandedSwitcher":5,"ExpansionArg_type_3":0,"_bound":13}
* Error: TypeError: Cannot read property '1' of undefined
*-- Replay with NO_COMPILE=1 expoSE replay '/home/blake/ExpoSE/lib/Harness/src/harness.js' '{"Switcher":false,"Target_Switch_Base":2,"ExpansionArg_type":3,"ExpansionArg_string":"","ExpansionArg_type_2":0,"ExpandedSwitcher":5,"ExpansionArg_type_3":0,"_bound":13}'
*-- Test Case {"Switcher":false,"Target_Switch_Base":2,"ExpansionArg_type":3,"ExpansionArg_string":"","ExpansionArg_type_2":3,"ExpansionArg_array_length":0,"ExpandedSwitcher":0,"ExpansionArg_type_3":0,"_bound":11,"ExpansionArg_string_2":"PureString"} start 417.25 took 2.857s
*-- Errors occured in test {"Switcher":false,"Target_Switch_Base":2,"ExpansionArg_type":3,"ExpansionArg_string":"","ExpansionArg_type_2":3,"ExpansionArg_array_length":0,"ExpandedSwitcher":0,"ExpansionArg_type_3":0,"_bound":11,"ExpansionArg_string_2":"PureString"}
* Error: TypeError: Cannot read property '2' of undefined
*-- Replay with NO_COMPILE=1 expoSE replay '/home/blake/ExpoSE/lib/Harness/src/harness.js' '{"Switcher":false,"Target_Switch_Base":2,"ExpansionArg_type":3,"ExpansionArg_string":"","ExpansionArg_type_2":3,"ExpansionArg_array_length":0,"ExpandedSwitcher":0,"ExpansionArg_type_3":0,"_bound":11}'
*-- Test Case {"Switcher":false,"Target_Switch_Base":2,"ExpansionArg_type":3,"ExpansionArg_string":"","ExpansionArg_type_2":3,"ExpansionArg_string_2":"","ExpandedSwitcher":0,"ExpansionArg_type_3":0,"_bound":12} start 420.1655 took 3.3339s
*-- Errors occured in test {"Switcher":false,"Target_Switch_Base":2,"ExpansionArg_type":3,"ExpansionArg_string":"","ExpansionArg_type_2":3,"ExpansionArg_string_2":"","ExpandedSwitcher":0,"ExpansionArg_type_3":0,"_bound":12}
* Error: TypeError: Cannot read property '2' of undefined
*-- Replay with NO_COMPILE=1 expoSE replay '/home/blake/ExpoSE/lib/Harness/src/harness.js' '{"Switcher":false,"Target_Switch_Base":2,"ExpansionArg_type":3,"ExpansionArg_string":"","ExpansionArg_type_2":3,"ExpansionArg_string_2":"","ExpandedSwitcher":0,"ExpansionArg_type_3":0,"_bound":12}'
*-- Test Case {"Switcher":false,"Target_Switch_Base":1,"ExpansionArg_type":3,"ExpansionArg_string":"\u0000\u0000;==\n","_bound":17} start 51.0892 took 376.7804s
*-- Errors occured in test {"Switcher":false,"Target_Switch_Base":1,"ExpansionArg_type":3,"ExpansionArg_string":"\u0000\u0000;==\n","_bound":17}
* Error: TypeError: Cannot read property 'push' of undefined
*-- Replay with NO_COMPILE=1 expoSE replay '/home/blake/ExpoSE/lib/Harness/src/harness.js' '{"Switcher":false,"Target_Switch_Base":1,"ExpansionArg_type":3,"ExpansionArg_string":"\u0000\u0000;==\n","_bound":17}'
*-- Test Case {"Switcher":false,"Target_Switch_Base":1,"ExpansionArg_type":3,"ExpansionArg_string":"\u0000\u0000:\u0000\n\u0000\u0000\u0000\n","_bound":19} start 342.5725 took 302.6871s
*-- Errors occured in test {"Switcher":false,"Target_Switch_Base":1,"ExpansionArg_type":3,"ExpansionArg_string":"\u0000\u0000:\u0000\n\u0000\u0000\u0000\n","_bound":19}
* Error: Exception E: SyntaxError: Unexpected end of JSON input of test data on 
* Error: Exception E: SyntaxError: Unexpected end of JSON input of coverage data on 
* Error: Error extracting final output - a fatal error must have occured
*-- Replay with NO_COMPILE=1 expoSE replay '/home/blake/ExpoSE/lib/Harness/src/harness.js' '{"Switcher":false,"Target_Switch_Base":1,"ExpansionArg_type":3,"ExpansionArg_string":"\u0000\u0000:\u0000\n\u0000\u0000\u0000\n","_bound":19}'
*-- Test Case {"Switcher":false,"Target_Switch_Base":1,"ExpansionArg_type":3,"ExpansionArg_string":"\u0000\u0000;\u0000\n","_bound":13} start 345.6249 took 302.4374s
*-- Errors occured in test {"Switcher":false,"Target_Switch_Base":1,"ExpansionArg_type":3,"ExpansionArg_string":"\u0000\u0000;\u0000\n","_bound":13}
* Error: Exception E: SyntaxError: Unexpected end of JSON input of test data on 
* Error: Exception E: SyntaxError: Unexpected end of JSON input of coverage data on 
* Error: Error extracting final output - a fatal error must have occured
*-- Replay with NO_COMPILE=1 expoSE replay '/home/blake/ExpoSE/lib/Harness/src/harness.js' '{"Switcher":false,"Target_Switch_Base":1,"ExpansionArg_type":3,"ExpansionArg_string":"\u0000\u0000;\u0000\n","_bound":13}'
*-- Test Case {"Switcher":false,"Target_Switch_Base":1,"ExpansionArg_type":3,"ExpansionArg_string":"[\u0000;==:\n","_bound":18} start 346.8947 took 302.895s
*-- Errors occured in test {"Switcher":false,"Target_Switch_Base":1,"ExpansionArg_type":3,"ExpansionArg_string":"[\u0000;==:\n","_bound":18}
* Error: Exception E: SyntaxError: Unexpected end of JSON input of test data on 
* Error: Exception E: SyntaxError: Unexpected end of JSON input of coverage data on 
* Error: Error extracting final output - a fatal error must have occured
*-- Replay with NO_COMPILE=1 expoSE replay '/home/blake/ExpoSE/lib/Harness/src/harness.js' '{"Switcher":false,"Target_Switch_Base":1,"ExpansionArg_type":3,"ExpansionArg_string":"[\u0000;==:\n","_bound":18}'
*-- Test Case {"Switcher":false,"Target_Switch_Base":1,"ExpansionArg_type":3,"ExpansionArg_string":"\u0000\u0000\n\t\n\u0000","_bound":15} start 347.361 took 304.4271s
*-- Errors occured in test {"Switcher":false,"Target_Switch_Base":1,"ExpansionArg_type":3,"ExpansionArg_string":"\u0000\u0000\n\t\n\u0000","_bound":15}
* Error: Exception E: SyntaxError: Unexpected end of JSON input of test data on 
* Error: Exception E: SyntaxError: Unexpected end of JSON input of coverage data on 
* Error: Error extracting final output - a fatal error must have occured
*-- Replay with NO_COMPILE=1 expoSE replay '/home/blake/ExpoSE/lib/Harness/src/harness.js' '{"Switcher":false,"Target_Switch_Base":1,"ExpansionArg_type":3,"ExpansionArg_string":"\u0000\u0000\n\t\n\u0000","_bound":15}'
*-- Test Case {"Switcher":false,"Target_Switch_Base":1,"ExpansionArg_type":3,"ExpansionArg_string":"\u0000;\u0000\u0000\n\u0000\u0000\u0000\n","_bound":17} start 350.9537 took 302.5912s
*-- Errors occured in test {"Switcher":false,"Target_Switch_Base":1,"ExpansionArg_type":3,"ExpansionArg_string":"\u0000;\u0000\u0000\n\u0000\u0000\u0000\n","_bound":17}
* Error: Exception E: SyntaxError: Unexpected end of JSON input of test data on 
* Error: Exception E: SyntaxError: Unexpected end of JSON input of coverage data on 
* Error: Error extracting final output - a fatal error must have occured
*-- Replay with NO_COMPILE=1 expoSE replay '/home/blake/ExpoSE/lib/Harness/src/harness.js' '{"Switcher":false,"Target_Switch_Base":1,"ExpansionArg_type":3,"ExpansionArg_string":"\u0000;\u0000\u0000\n\u0000\u0000\u0000\n","_bound":17}'
*-- Test Case {"Switcher":false,"Target_Switch_Base":2,"ExpansionArg_type":0,"ExpansionArg_type_2":4,"ExpansionArg_array_length":2,"ExpansionArg_array_element_0_type":0,"ExpandedSwitcher":0,"_bound":12,"ExpansionArg_array_element_1_type":0} start 651.798 took 3.3905s
*-- Errors occured in test {"Switcher":false,"Target_Switch_Base":2,"ExpansionArg_type":0,"ExpansionArg_type_2":4,"ExpansionArg_array_length":2,"ExpansionArg_array_element_0_type":0,"ExpandedSwitcher":0,"_bound":12,"ExpansionArg_array_element_1_type":0}
* Error: TypeError: Cannot read property '0' of undefined
*-- Replay with NO_COMPILE=1 expoSE replay '/home/blake/ExpoSE/lib/Harness/src/harness.js' '{"Switcher":false,"Target_Switch_Base":2,"ExpansionArg_type":0,"ExpansionArg_type_2":4,"ExpansionArg_array_length":2,"ExpansionArg_array_element_0_type":0,"ExpandedSwitcher":0,"_bound":12}'
*-- Test Case {"Switcher":false,"Target_Switch_Base":1,"ExpansionArg_type":3,"ExpansionArg_string":"\u0000\n\t\n","_bound":14} start 344.957 took 310.7698s
*-- Errors occured in test {"Switcher":false,"Target_Switch_Base":1,"ExpansionArg_type":3,"ExpansionArg_string":"\u0000\n\t\n","_bound":14}
* Error: Exception E: SyntaxError: Unexpected end of JSON input of test data on 
* Error: Exception E: SyntaxError: Unexpected end of JSON input of coverage data on 
* Error: Error extracting final output - a fatal error must have occured
*-- Replay with NO_COMPILE=1 expoSE replay '/home/blake/ExpoSE/lib/Harness/src/harness.js' '{"Switcher":false,"Target_Switch_Base":1,"ExpansionArg_type":3,"ExpansionArg_string":"\u0000\n\t\n","_bound":14}'
*-- Test Case {"Switcher":false,"Target_Switch_Base":1,"ExpansionArg_type":3,"ExpansionArg_string":"\n\n","_bound":17,"ExpandedSwitcher":0} start 653.6017 took 2.9361s
*-- Test Case {"Switcher":false,"Target_Switch_Base":2,"ExpansionArg_type":3,"ExpansionArg_string":"","ExpansionArg_type_2":2,"ExpansionArg_array_length":0,"ExpandedSwitcher":0,"ExpansionArg_type_3":0,"_bound":10,"ExpansionArg_int":0} start 655.2216 took 3.2085s
*-- Errors occured in test {"Switcher":false,"Target_Switch_Base":2,"ExpansionArg_type":3,"ExpansionArg_string":"","ExpansionArg_type_2":2,"ExpansionArg_array_length":0,"ExpandedSwitcher":0,"ExpansionArg_type_3":0,"_bound":10,"ExpansionArg_int":0}
* Error: TypeError: Cannot read property '2' of undefined
*-- Replay with NO_COMPILE=1 expoSE replay '/home/blake/ExpoSE/lib/Harness/src/harness.js' '{"Switcher":false,"Target_Switch_Base":2,"ExpansionArg_type":3,"ExpansionArg_string":"","ExpansionArg_type_2":2,"ExpansionArg_array_length":0,"ExpandedSwitcher":0,"ExpansionArg_type_3":0,"_bound":10}'
*-- Test Case {"Switcher":false,"Target_Switch_Base":1,"ExpansionArg_type":3,"ExpansionArg_string":"\u0000\u0000\u0000\n \u0000\r\n","_bound":14} start 656.5828 took 4.1227s
*-- Errors occured in test {"Switcher":false,"Target_Switch_Base":1,"ExpansionArg_type":3,"ExpansionArg_string":"\u0000\u0000\u0000\n \u0000\r\n","_bound":14}
* Error: Error: Concolic(invalid line (no token ";" or ":") "    ", Expr {(str.++ (str.++ "invalid line (no token "";"" or "":"") """
                (str.++ (str.substr ExpansionArg_string
                                    (to_int 0.0)
                                    (to_int (- (- (+ (to_real (str.indexof ExpansionArg_string
                                                                           "\n"
                                                                           (to_int 0.0)))
                                                     1.0)
                                                  0.0)
                                               1.0)))
                        (str.substr ExpansionArg_string
                                    (to_int (+ (+ (to_real (str.indexof ExpansionArg_string
                                                                        "\n"
                                                                        (to_int 0.0)))
                                                  1.0)
                                               1.0))
                                    (to_int (- (- (+ (to_real (str.indexof ExpansionArg_string
                                                                           "\n"
                                                                           (to_int (+ (to_real (str.indexof ExpansionArg_string
                                                                                                            "\n"
                                                                                                            (to_int 0.0)))
                                                                                      1.0))))
                                                     1.0)
                                                  (+ (to_real (str.indexof ExpansionArg_string
                                                                           "\n"
                                                                           (to_int 0.0)))
                                                     1.0))
                                               3.0)))))
        """")}, )
*-- Replay with NO_COMPILE=1 expoSE replay '/home/blake/ExpoSE/lib/Harness/src/harness.js' '{"Switcher":false,"Target_Switch_Base":1,"ExpansionArg_type":3,"ExpansionArg_string":"\u0000\u0000\u0000\n \u0000\r\n","_bound":14}'
*-- Test Case {"Switcher":false,"Target_Switch_Base":1,"ExpansionArg_type":3,"ExpansionArg_string":"\u0000\u0000:\u0000\u0000\u0000\n\u0000\u0000\u0000\n","_bound":19} start 358.054 took 303.1272s
*-- Errors occured in test {"Switcher":false,"Target_Switch_Base":1,"ExpansionArg_type":3,"ExpansionArg_string":"\u0000\u0000:\u0000\u0000\u0000\n\u0000\u0000\u0000\n","_bound":19}
* Error: Exception E: SyntaxError: Unexpected end of JSON input of test data on 
* Error: Exception E: SyntaxError: Unexpected end of JSON input of coverage data on 
* Error: Error extracting final output - a fatal error must have occured
*-- Replay with NO_COMPILE=1 expoSE replay '/home/blake/ExpoSE/lib/Harness/src/harness.js' '{"Switcher":false,"Target_Switch_Base":1,"ExpansionArg_type":3,"ExpansionArg_string":"\u0000\u0000:\u0000\u0000\u0000\n\u0000\u0000\u0000\n","_bound":19}'
*-- Test Case {"Switcher":false,"Target_Switch_Base":2,"ExpansionArg_type":3,"ExpansionArg_string":"","ExpansionArg_type_2":2,"ExpansionArg_int":1,"ExpandedSwitcher":0,"ExpansionArg_type_3":0,"_bound":11} start 658.4762 took 4.0431s
*-- Errors occured in test {"Switcher":false,"Target_Switch_Base":2,"ExpansionArg_type":3,"ExpansionArg_string":"","ExpansionArg_type_2":2,"ExpansionArg_int":1,"ExpandedSwitcher":0,"ExpansionArg_type_3":0,"_bound":11}
* Error: TypeError: Cannot read property '2' of undefined
*-- Replay with NO_COMPILE=1 expoSE replay '/home/blake/ExpoSE/lib/Harness/src/harness.js' '{"Switcher":false,"Target_Switch_Base":2,"ExpansionArg_type":3,"ExpansionArg_string":"","ExpansionArg_type_2":2,"ExpansionArg_int":1,"ExpandedSwitcher":0,"ExpansionArg_type_3":0,"_bound":11}'
*-- Test Case {"Switcher":false,"Target_Switch_Base":1,"ExpansionArg_type":3,"ExpansionArg_string":"\n \n","_bound":16,"ExpandedSwitcher":0} start 661.2016 took 2.7119s
*-- Test Case {"Switcher":false,"Target_Switch_Base":1,"ExpansionArg_type":3,"ExpansionArg_string":"\n\u0000\r\n","_bound":16} start 648.1095 took 16.4207s
*-- Errors occured in test {"Switcher":false,"Target_Switch_Base":1,"ExpansionArg_type":3,"ExpansionArg_string":"\n\u0000\r\n","_bound":16}
* Error: Error: Concolic(invalid line (no token ";" or ":") " ", Expr {(str.++ (str.++ "invalid line (no token "";"" or "":"") """
                (str.substr ExpansionArg_string
                            (to_int (+ (to_real (str.indexof ExpansionArg_string
                                                             "\n"
                                                             (to_int 0.0)))
                                       1.0))
                            (to_int (- (- (+ (to_real (str.indexof ExpansionArg_string
                                                                   "\n"
                                                                   (to_int (+ (to_real (str.indexof ExpansionArg_string
                                                                                                    "\n"
                                                                                                    (to_int 0.0)))
                                                                              1.0))))
                                             1.0)
                                          (+ (to_real (str.indexof ExpansionArg_string
                                                                   "\n"
                                                                   (to_int 0.0)))
                                             1.0))
                                       2.0))))
        """")}, )
*-- Replay with NO_COMPILE=1 expoSE replay '/home/blake/ExpoSE/lib/Harness/src/harness.js' '{"Switcher":false,"Target_Switch_Base":1,"ExpansionArg_type":3,"ExpansionArg_string":"\n\u0000\r\n","_bound":16}'
*-- Test Case {"Switcher":false,"Target_Switch_Base":1,"ExpansionArg_type":3,"ExpansionArg_string":"\u0000\n\u0000\u0000\u0000\n","_bound":14} start 662.5577 took 3.2781s
*-- Errors occured in test {"Switcher":false,"Target_Switch_Base":1,"ExpansionArg_type":3,"ExpansionArg_string":"\u0000\n\u0000\u0000\u0000\n","_bound":14}
* Error: Error: Concolic(invalid line (no token ";" or ":") " ", Expr {(str.++ (str.++ "invalid line (no token "";"" or "":"") """
                (str.substr ExpansionArg_string
                            (to_int 0.0)
                            (to_int (- (- (+ (to_real (str.indexof ExpansionArg_string
                                                                   "\n"
                                                                   (to_int 0.0)))
                                             1.0)
                                          0.0)
                                       1.0))))
        """")}, )
*-- Replay with NO_COMPILE=1 expoSE replay '/home/blake/ExpoSE/lib/Harness/src/harness.js' '{"Switcher":false,"Target_Switch_Base":1,"ExpansionArg_type":3,"ExpansionArg_string":"\u0000\n\u0000\u0000\u0000\n","_bound":14}'
*-- Test Case {"Switcher":false,"Target_Switch_Base":1,"ExpansionArg_type":3,"ExpansionArg_string":"\n\u0000\u0000;\u0000\u0000\n","_bound":18} start 665.8539 took 3.3769s
*-- Errors occured in test {"Switcher":false,"Target_Switch_Base":1,"ExpansionArg_type":3,"ExpansionArg_string":"\n\u0000\u0000;\u0000\u0000\n","_bound":18}
* Error: TypeError: Cannot read property 'length' of undefined
*-- Replay with NO_COMPILE=1 expoSE replay '/home/blake/ExpoSE/lib/Harness/src/harness.js' '{"Switcher":false,"Target_Switch_Base":1,"ExpansionArg_type":3,"ExpansionArg_string":"\n\u0000\u0000;\u0000\u0000\n","_bound":18}'
*-- Test Case {"Switcher":false,"Target_Switch_Base":1,"ExpansionArg_type":3,"ExpansionArg_string":":\n\u0000\n\u0000","_bound":19} start 374.3532 took 302.3238s
*-- Errors occured in test {"Switcher":false,"Target_Switch_Base":1,"ExpansionArg_type":3,"ExpansionArg_string":":\n\u0000\n\u0000","_bound":19}
* Error: Exception E: SyntaxError: Unexpected end of JSON input of test data on 
* Error: Exception E: SyntaxError: Unexpected end of JSON input of coverage data on 
* Error: Error extracting final output - a fatal error must have occured
*-- Replay with NO_COMPILE=1 expoSE replay '/home/blake/ExpoSE/lib/Harness/src/harness.js' '{"Switcher":false,"Target_Switch_Base":1,"ExpansionArg_type":3,"ExpansionArg_string":":\n\u0000\n\u0000","_bound":19}'
*-- Test Case {"Switcher":false,"Target_Switch_Base":1,"ExpansionArg_type":3,"ExpansionArg_string":"\n\u0000\u0000:\u0000;\u0000\u0000\n","_bound":19} start 669.2816 took 8.4094s
*-- Errors occured in test {"Switcher":false,"Target_Switch_Base":1,"ExpansionArg_type":3,"ExpansionArg_string":"\n\u0000\u0000:\u0000;\u0000\u0000\n","_bound":19}
* Error: TypeError: Cannot read property 'push' of undefined
*-- Replay with NO_COMPILE=1 expoSE replay '/home/blake/ExpoSE/lib/Harness/src/harness.js' '{"Switcher":false,"Target_Switch_Base":1,"ExpansionArg_type":3,"ExpansionArg_string":"\n\u0000\u0000:\u0000;\u0000\u0000\n","_bound":19}'
*-- Test Case {"Switcher":false,"Target_Switch_Base":1,"ExpansionArg_type":3,"ExpansionArg_string":"\u0000\n\t\u0000\t\n\u0000","_bound":16} start 352.1696 took 331.8163s
*-- Errors occured in test {"Switcher":false,"Target_Switch_Base":1,"ExpansionArg_type":3,"ExpansionArg_string":"\u0000\n\t\u0000\t\n\u0000","_bound":16}
* Error: Error: Concolic(invalid line (no token ";" or ":") "  	", Expr {(str.++ (str.++ "invalid line (no token "";"" or "":"") """
                (str.++ (str.substr ExpansionArg_string
                                    (to_int 0.0)
                                    (to_int (- (- (+ (to_real (str.indexof ExpansionArg_string
                                                                           "\n"
                                                                           (to_int 0.0)))
                                                     1.0)
                                                  0.0)
                                               1.0)))
                        (str.substr ExpansionArg_string
                                    (to_int (+ (+ (to_real (str.indexof ExpansionArg_string
                                                                        "\n"
                                                                        (to_int 0.0)))
                                                  1.0)
                                               1.0))
                                    (to_int (- (- (+ (to_real (str.indexof ExpansionArg_string
                                                                           "\n"
                                                                           (to_int (+ (to_real (str.indexof ExpansionArg_string
                                                                                                            "\n"
                                                                                                            (to_int 0.0)))
                                                                                      1.0))))
                                                     1.0)
                                                  (+ (to_real (str.indexof ExpansionArg_string
                                                                           "\n"
                                                                           (to_int 0.0)))
                                                     1.0))
                                               2.0)))))
        """")}, )
*-- Replay with NO_COMPILE=1 expoSE replay '/home/blake/ExpoSE/lib/Harness/src/harness.js' '{"Switcher":false,"Target_Switch_Base":1,"ExpansionArg_type":3,"ExpansionArg_string":"\u0000\n\t\u0000\t\n\u0000","_bound":16}'
*-- Test Case {"Switcher":false,"Target_Switch_Base":1,"ExpansionArg_type":3,"ExpansionArg_string":"\nbegin:;\u0000\n","_bound":23} start 684.0267 took 2.7948s
*-- Errors occured in test {"Switcher":false,"Target_Switch_Base":1,"ExpansionArg_type":3,"ExpansionArg_string":"\nbegin:;\u0000\n","_bound":23}
* Error: Error: invalid ical body. component began but did not end
*-- Replay with NO_COMPILE=1 expoSE replay '/home/blake/ExpoSE/lib/Harness/src/harness.js' '{"Switcher":false,"Target_Switch_Base":1,"ExpansionArg_type":3,"ExpansionArg_string":"\nbegin:;\u0000\n","_bound":23}'
*-- Test Case {"Switcher":false,"Target_Switch_Base":1,"ExpansionArg_type":3,"ExpansionArg_string":"\nend:;\n","_bound":24,"ExpandedSwitcher":0} start 686.8707 took 2.7416s
*-- Test Case {"Switcher":false,"Target_Switch_Base":1,"ExpansionArg_type":3,"ExpansionArg_string":"\n\f:\\\\\u0000;\n","_bound":26} start 689.6409 took 2.826s
*-- Errors occured in test {"Switcher":false,"Target_Switch_Base":1,"ExpansionArg_type":3,"ExpansionArg_string":"\n\f:\\\\\u0000;\n","_bound":26}
* Error: TypeError: Cannot read property 'push' of undefined
*-- Replay with NO_COMPILE=1 expoSE replay '/home/blake/ExpoSE/lib/Harness/src/harness.js' '{"Switcher":false,"Target_Switch_Base":1,"ExpansionArg_type":3,"ExpansionArg_string":"\n\f:\\\\\u0000;\n","_bound":26}'
*-- Test Case {"Switcher":false,"Target_Switch_Base":1,"ExpansionArg_type":3,"ExpansionArg_string":"\u0000\u0000;\u0000:\u0000\n\n","_bound":18} start 413.1541 took 302.5277s
*-- Errors occured in test {"Switcher":false,"Target_Switch_Base":1,"ExpansionArg_type":3,"ExpansionArg_string":"\u0000\u0000;\u0000:\u0000\n\n","_bound":18}
* Error: TypeError: Cannot read property 'length' of undefined
*-- Replay with NO_COMPILE=1 expoSE replay '/home/blake/ExpoSE/lib/Harness/src/harness.js' '{"Switcher":false,"Target_Switch_Base":1,"ExpansionArg_type":3,"ExpansionArg_string":"\u0000\u0000;\u0000:\u0000\n\n","_bound":18}'
*-- Test Case {"Switcher":false,"Target_Switch_Base":1,"ExpansionArg_type":3,"ExpansionArg_string":"\u0000;\u0000\u0000\n\u0000\u0000\r\n","_bound":17} start 416.2254 took 303.8582s
*-- Errors occured in test {"Switcher":false,"Target_Switch_Base":1,"ExpansionArg_type":3,"ExpansionArg_string":"\u0000;\u0000\u0000\n\u0000\u0000\r\n","_bound":17}
* Error: TypeError: Cannot read property 'length' of undefined
*-- Replay with NO_COMPILE=1 expoSE replay '/home/blake/ExpoSE/lib/Harness/src/harness.js' '{"Switcher":false,"Target_Switch_Base":1,"ExpansionArg_type":3,"ExpansionArg_string":"\u0000;\u0000\u0000\n\u0000\u0000\r\n","_bound":17}'
*-- Test Case {"Switcher":false,"Target_Switch_Base":1,"ExpansionArg_type":3,"ExpansionArg_string":"\n\t\u0000\r\n","_bound":15} start 423.5338 took 303.4115s
*-- Errors occured in test {"Switcher":false,"Target_Switch_Base":1,"ExpansionArg_type":3,"ExpansionArg_string":"\n\t\u0000\r\n","_bound":15}
* Error: Exception E: SyntaxError: Unexpected end of JSON input of test data on 
* Error: Exception E: SyntaxError: Unexpected end of JSON input of coverage data on 
* Error: Error extracting final output - a fatal error must have occured
*-- Replay with NO_COMPILE=1 expoSE replay '/home/blake/ExpoSE/lib/Harness/src/harness.js' '{"Switcher":false,"Target_Switch_Base":1,"ExpansionArg_type":3,"ExpansionArg_string":"\n\t\u0000\r\n","_bound":15}'
*-- Test Case {"Switcher":false,"Target_Switch_Base":1,"ExpansionArg_type":3,"ExpansionArg_string":"\u0003;\\\\=\u0000:\u0000=","_bound":19} start 407.5052 took 327.4738s
*-- Errors occured in test {"Switcher":false,"Target_Switch_Base":1,"ExpansionArg_type":3,"ExpansionArg_string":"\u0003;\\\\=\u0000:\u0000=","_bound":19}
* Error: TypeError: Cannot read property 'push' of undefined
*-- Replay with NO_COMPILE=1 expoSE replay '/home/blake/ExpoSE/lib/Harness/src/harness.js' '{"Switcher":false,"Target_Switch_Base":1,"ExpansionArg_type":3,"ExpansionArg_string":"\u0003;\\\\=\u0000:\u0000=","_bound":19}'
*-- Test Case {"Switcher":false,"Target_Switch_Base":1,"ExpansionArg_type":3,"ExpansionArg_string":"\u0000;:\u0000\\\\=","_bound":20} start 735.0136 took 4.2323s
*-- Errors occured in test {"Switcher":false,"Target_Switch_Base":1,"ExpansionArg_type":3,"ExpansionArg_string":"\u0000;:\u0000\\\\=","_bound":20}
* Error: TypeError: Cannot read property 'length' of undefined
*-- Replay with NO_COMPILE=1 expoSE replay '/home/blake/ExpoSE/lib/Harness/src/harness.js' '{"Switcher":false,"Target_Switch_Base":1,"ExpansionArg_type":3,"ExpansionArg_string":"\u0000;:\u0000\\\\=","_bound":20}'
*-- Test Case {"Switcher":false,"Target_Switch_Base":2,"ExpansionArg_type":3,"ExpansionArg_string":"","ExpansionArg_type_2":1,"ExpansionArg_array_length":0,"ExpandedSwitcher":0,"ExpansionArg_type_3":0,"_bound":9} start 739.2772 took 3.8667s
*-- Errors occured in test {"Switcher":false,"Target_Switch_Base":2,"ExpansionArg_type":3,"ExpansionArg_string":"","ExpansionArg_type_2":1,"ExpansionArg_array_length":0,"ExpandedSwitcher":0,"ExpansionArg_type_3":0,"_bound":9}
* Error: TypeError: Cannot read property '2' of undefined
*-- Replay with NO_COMPILE=1 expoSE replay '/home/blake/ExpoSE/lib/Harness/src/harness.js' '{"Switcher":false,"Target_Switch_Base":2,"ExpansionArg_type":3,"ExpansionArg_string":"","ExpansionArg_type_2":1,"ExpansionArg_array_length":0,"ExpandedSwitcher":0,"ExpansionArg_type_3":0,"_bound":9}'
*-- Coverage Data
*- File /home/blake/ExpoSE/lib/Harness/src/harness.js. Coverage (Term): 88% Coverage (LOC): 89%
*- File /home/blake/ExpoSE/lib/S$/bin/symbols.js. Coverage (Term): 38% Coverage (LOC): 56%
*- File /home/blake/Targets/jsical/node_modules/jsical/build/ical.js. Coverage (Term): 16% Coverage (LOC): 30%
*- Re-run with EXPOSE_PRINT_COVERAGE=1 to print line by line coverage information
** ExpoSE Finished. 186 paths with 163 errors **
