/root/Targets/jsriffle
└─┬ jsriffle@0.4.9 
  ├── mimetype@0.0.8 
  ├── q@1.5.0 
  ├─┬ request@2.83.0 
  │ ├── aws-sign2@0.7.0 
  │ ├── aws4@1.6.0 
  │ ├── caseless@0.12.0 
  │ ├─┬ combined-stream@1.0.5 
  │ │ └── delayed-stream@1.0.0 
  │ ├── extend@3.0.1 
  │ ├── forever-agent@0.6.1 
  │ ├─┬ form-data@2.3.1 
  │ │ └── asynckit@0.4.0 
  │ ├─┬ har-validator@5.0.3 
  │ │ ├─┬ ajv@5.2.3 
  │ │ │ ├── co@4.6.0 
  │ │ │ ├── fast-deep-equal@1.0.0 
  │ │ │ ├── json-schema-traverse@0.3.1 
  │ │ │ └─┬ json-stable-stringify@1.0.1 
  │ │ │   └── jsonify@0.0.0 
  │ │ └── har-schema@2.0.0 
  │ ├─┬ hawk@6.0.2 
  │ │ ├── boom@4.3.1 
  │ │ ├─┬ cryptiles@3.1.2 
  │ │ │ └── boom@5.2.0 
  │ │ ├── hoek@4.2.0 
  │ │ └── sntp@2.0.2 
  │ ├─┬ http-signature@1.2.0 
  │ │ ├── assert-plus@1.0.0 
  │ │ ├─┬ jsprim@1.4.1 
  │ │ │ ├── extsprintf@1.3.0 
  │ │ │ ├── json-schema@0.2.3 
  │ │ │ └─┬ verror@1.10.0 
  │ │ │   └── core-util-is@1.0.2 
  │ │ └─┬ sshpk@1.13.1 
  │ │   ├── asn1@0.2.3 
  │ │   ├── bcrypt-pbkdf@1.0.1 
  │ │   ├── dashdash@1.14.1 
  │ │   ├── ecc-jsbn@0.1.1 
  │ │   ├── getpass@0.1.7 
  │ │   ├── jsbn@0.1.1 
  │ │   └── tweetnacl@0.14.5 
  │ ├── is-typedarray@1.0.0 
  │ ├── isstream@0.1.2 
  │ ├── json-stringify-safe@5.0.1 
  │ ├─┬ mime-types@2.1.17 
  │ │ └── mime-db@1.30.0 
  │ ├── oauth-sign@0.8.2 
  │ ├── performance-now@2.1.0 
  │ ├── qs@6.5.1 
  │ ├── safe-buffer@5.1.1 
  │ ├── stringstream@0.0.5 
  │ ├─┬ tough-cookie@2.3.3 
  │ │ └── punycode@1.4.1 
  │ ├── tunnel-agent@0.6.0 
  │ └── uuid@3.1.0 
  └─┬ ws@3.2.0 
    ├── async-limiter@1.0.0 
    └── ultron@1.1.0 

Setup Done exists, not setting up
:../FeatureTester/libs/:/root/Targets/jsriffle/node_modules
Set Default Z3_PATH to ./node_modules/z3javascript/bin/libz3.so
ExpoSE Master: /root/ExpoSE/lib/Harness/src/harness.js max concurrent: 16 max paths: 1000000
Setting timeout to 900000
*** [0 done /0 queued / 1 running / 0 errors / 0% coverage ] ****** [0 done /0 queued / 1 running / 0 errors / 0% coverage ] ****** [1 done /0 queued / 0 running / 1 errors / 28.000000000000004% coverage ] ***
*-- Stat Module Output --*
*-- concretizations: ["defineProperty","bound log"]
*-- Stat Module Done --*
*-- Test Case {"_bound":0} start 0.0732 took 3.7314s
*-- Errors occured in test {"_bound":0}
* Error: Tropigate failed because SyntaxError: Unexpected token (1:82) on program var assert = function (cond, text) {
	if (cond) {
      return;
   }
	if (assert.useDebugger || ('RIFFLE_DEBUG' in global && RIFFLE_DEBUG)) {
      debugger;
   }

	throw new Error(text || "Assertion failed!");
};

exports.assert = assert;
 at SyntaxError: Unexpected token (1:82)
    at Parser.pp$4.raise (/root/ExpoSE/lib/Tropigate/node_modules/acorn/dist/acorn.js:2221:15)
    at Parser.pp.unexpected (/root/ExpoSE/lib/Tropigate/node_modules/acorn/dist/acorn.js:603:10)
    at Parser.pp$2.parseBindingAtom (/root/ExpoSE/lib/Tropigate/node_modules/acorn/dist/acorn.js:1417:12)
    at Parser.parseBindingAtom (/root/ExpoSE/lib/Tropigate/bin/FunctionSignatures.js:49:30)
    at Parser.pp$1.parseVarId (/root/ExpoSE/lib/Tropigate/node_modules/acorn/dist/acorn.js:1049:20)
    at Parser.pp$1.parseVar (/root/ExpoSE/lib/Tropigate/node_modules/acorn/dist/acorn.js:1032:14)
    at Parser.pp$1.parseVarStatement (/root/ExpoSE/lib/Tropigate/node_modules/acorn/dist/acorn.js:917:10)
    at Parser.pp$1.parseStatement (/root/ExpoSE/lib/Tropigate/node_modules/acorn/dist/acorn.js:706:19)
    at Parser.parseStatement (/root/ExpoSE/lib/Tropigate/bin/Statements.js:104:30)
    at Parser.pp$1.parseTopLevel (/root/ExpoSE/lib/Tropigate/node_modules/acorn/dist/acorn.js:638:25)
*-- Replay with NO_COMPILE=1 expoSE replay '/root/ExpoSE/lib/Harness/src/harness.js' '{"_bound":0}'
*-- Coverage Data
*- File /root/ExpoSE/lib/Harness/src/harness.js. Coverage (Term): 18% Coverage (LOC): 24%
*- File /root/ExpoSE/lib/S$/bin/symbols.js. Coverage (Term): 16% Coverage (LOC): 34%
*- File /root/Targets/jsriffle/node_modules/jsriffle/index.js. Coverage (Term): 48% Coverage (LOC): 80%
*- File /root/Targets/jsriffle/node_modules/jsriffle/src/node/websocket.js. Coverage (Term): 6% Coverage (LOC): 7%
*- Re-run with EXPOSE_PRINT_COVERAGE=1 to print line by line coverage information
** ExpoSE Finished. 1 paths with 1 errors **
