
> jupyter-js-widgets@2.1.5 postinstall /root/Targets/jupyter-sankey-widget/node_modules/jupyter-js-widgets
> npm dedupe

/root/Targets/jupyter-sankey-widget
└─┬ jupyter-sankey-widget@0.2.1 
  ├─┬ d3-sankey-diagram@0.5.0 
  │ ├── d3-array@1.2.1 
  │ ├── d3-collection@1.0.4 
  │ ├── d3-dispatch@1.0.3 
  │ ├── d3-format@1.2.0 
  │ ├── d3-interpolate@1.1.5 
  │ └─┬ graphlib@2.1.1 
  │   └── lodash@4.17.4 
  ├─┬ d3-scale@1.0.6 
  │ ├── d3-color@1.0.3 
  │ ├── d3-time@1.0.7 
  │ └── d3-time-format@2.0.5 
  ├── d3-selection@1.1.0 
  ├─┬ d3-transition@1.1.0 
  │ ├── d3-ease@1.0.3 
  │ └── d3-timer@1.0.7 
  ├─┬ jupyter-js-widgets@2.1.5 
  │ ├─┬ @jupyterlab/services@0.35.1 
  │ │ ├── @types/minimist@1.2.0 
  │ │ ├── minimist@1.2.0 
  │ │ ├── path-posix@1.0.0 
  │ │ ├─┬ url@0.11.0 
  │ │ │ ├── punycode@1.3.2 
  │ │ │ └── querystring@0.2.0 
  │ │ └── url-join@1.1.0 
  │ ├─┬ @types/backbone@1.3.36 
  │ │ ├── @types/jquery@3.2.12 
  │ │ └── @types/underscore@1.8.3 
  │ ├── @types/semver@5.4.0 
  │ ├─┬ ajv@4.11.8 
  │ │ ├── co@4.6.0 
  │ │ └─┬ json-stable-stringify@1.0.1 
  │ │   └── jsonify@0.0.0 
  │ ├── backbone@1.2.0 
  │ ├── d3-format@0.5.1 
  │ ├── font-awesome@4.7.0 
  │ ├── jquery@3.2.1 
  │ ├── jquery-ui@1.12.1 
  │ ├── jupyter-widgets-schema@0.1.1 
  │ ├── lolex@1.6.0 
  │ ├── phosphor@0.7.1 
  │ ├── scriptjs@2.5.8 
  │ └── semver@5.4.1 
  ├── save-svg-as-png@1.2.0  (git://github.com/ricklupton/saveSvgAsPng.git#aad0b8af5620d4bf24bfd17dd3ca8d62722ef810)
  └── underscore@1.8.3 

Setup Done exists, not setting up
:../FeatureTester/libs/:/root/Targets/jupyter-sankey-widget/node_modules
Set Default Z3_PATH to ./node_modules/z3javascript/bin/libz3.so
ExpoSE Master: /root/ExpoSE/lib/Harness/src/harness.js max concurrent: 16 max paths: 1000000
Setting timeout to 900000
*** [0 done /0 queued / 1 running / 0 errors / 0% coverage ] ****** [0 done /0 queued / 1 running / 0 errors / 0% coverage ] ****** [1 done /0 queued / 0 running / 1 errors / 33% coverage ] ***
*-- Stat Module Output --*
*-- concretizations: ["defineProperty","bound log"]
*-- Stat Module Done --*
*-- Test Case {"_bound":0} start 0.0451 took 1.8644s
*-- Errors occured in test {"_bound":0}
* Error: ReferenceError: document is not defined
*-- Replay with NO_COMPILE=1 expoSE replay '/root/ExpoSE/lib/Harness/src/harness.js' '{"_bound":0}'
*-- Coverage Data
*- File /root/ExpoSE/lib/Harness/src/harness.js. Coverage (Term): 18% Coverage (LOC): 24%
*- File /root/ExpoSE/lib/S$/bin/symbols.js. Coverage (Term): 16% Coverage (LOC): 34%
*- File /root/Targets/jupyter-sankey-widget/node_modules/jupyter-sankey-widget/src/index.js. Coverage (Term): 33% Coverage (LOC): 60%
*- Re-run with EXPOSE_PRINT_COVERAGE=1 to print line by line coverage information
** ExpoSE Finished. 1 paths with 1 errors **
