
> moment-parser@0.3.0 postinstall /root/Targets/juttle/node_modules/moment-parser
> node scripts/peg.js

/root/Targets/juttle
└─┬ juttle@0.7.1 
  ├── babyparse@0.4.6 
  ├── bluebird@2.11.0 
  ├─┬ cli-table@0.3.1 
  │ └── colors@1.0.3 
  ├── cline@0.8.2 
  ├── clone@1.0.2 
  ├── content-type@1.0.4 
  ├─┬ csv-write-stream@1.0.0 
  │ ├─┬ generate-object-property@1.2.0 
  │ │ └── is-property@1.0.2 
  │ └─┬ ndjson@1.5.0 
  │   ├── minimist@1.2.0 
  │   ├── split2@2.1.1 
  │   └─┬ through2@2.0.3 
  │     └─┬ readable-stream@2.3.3 
  │       ├── isarray@1.0.0 
  │       ├── process-nextick-args@1.0.7 
  │       ├── string_decoder@1.0.3 
  │       └── util-deprecate@1.0.2 
  ├── double-ended-queue@0.9.7 
  ├── eventemitter3@1.2.0 
  ├─┬ fast-csv@1.1.0 
  │ ├─┬ extended@0.0.6 
  │ │ └─┬ extender@0.0.10 
  │ │   └── declare.js@0.0.8 
  │ ├── is-extended@0.0.10 
  │ ├─┬ object-extended@0.0.7 
  │ │ └─┬ array-extended@0.0.11 
  │ │   └── arguments-extended@0.0.3 
  │ └─┬ string-extended@0.0.8 
  │   └── date-extended@0.0.6 
  ├─┬ gex@0.1.4 
  │ └── underscore@1.6.0 
  ├── heap@0.2.6 
  ├─┬ isomorphic-fetch@2.2.1 
  │ ├─┬ node-fetch@1.7.3 
  │ │ ├─┬ encoding@0.1.12 
  │ │ │ └── iconv-lite@0.4.19 
  │ │ └── is-stream@1.1.0 
  │ └── whatwg-fetch@2.0.3 
  ├─┬ js-beautify@1.7.3 
  │ ├─┬ config-chain@1.1.11 
  │ │ ├── ini@1.3.4 
  │ │ └── proto-list@1.2.4 
  │ ├─┬ editorconfig@0.13.3 
  │ │ ├── bluebird@3.5.0 
  │ │ ├── commander@2.11.0 
  │ │ ├─┬ lru-cache@3.2.0 
  │ │ │ └── pseudomap@1.0.2 
  │ │ └── sigmund@1.0.1 
  │ ├─┬ mkdirp@0.5.1 
  │ │ └── minimist@0.0.8 
  │ └─┬ nopt@3.0.6 
  │   └── abbrev@1.1.0 
  ├─┬ JSONStream@1.3.1 
  │ ├── jsonparse@1.3.1 
  │ └── through@2.3.8 
  ├─┬ log4js@0.6.38 
  │ ├─┬ readable-stream@1.0.34 
  │ │ ├── core-util-is@1.0.2 
  │ │ ├── inherits@2.0.3 
  │ │ ├── isarray@0.0.1 
  │ │ └── string_decoder@0.10.31 
  │ └── semver@4.3.6 
  ├── marked@0.3.3 
  ├── minimist@1.1.0 
  ├── moment@2.18.1 
  ├── moment-duration-format@1.3.0 
  ├─┬ moment-parser@0.3.0 
  │ └── extendable-base@0.3.1 
  ├── moment-timezone@0.4.1 
  ├─┬ oboe@2.1.3 
  │ └── http-https@1.0.0 
  ├─┬ parse-link-header@0.4.1 
  │ └── xtend@4.0.1 
  ├── pegjs@0.9.0 
  ├─┬ request@2.82.0 
  │ ├── aws-sign2@0.7.0 
  │ ├── aws4@1.6.0 
  │ ├── caseless@0.12.0 
  │ ├─┬ combined-stream@1.0.5 
  │ │ └── delayed-stream@1.0.0 
  │ ├── extend@3.0.1 
  │ ├── forever-agent@0.6.1 
  │ ├─┬ form-data@2.3.1 
  │ │ └── asynckit@0.4.0 
  │ ├─┬ har-validator@5.0.3 
  │ │ ├─┬ ajv@5.2.2 
  │ │ │ ├── co@4.6.0 
  │ │ │ ├── fast-deep-equal@1.0.0 
  │ │ │ ├── json-schema-traverse@0.3.1 
  │ │ │ └─┬ json-stable-stringify@1.0.1 
  │ │ │   └── jsonify@0.0.0 
  │ │ └── har-schema@2.0.0 
  │ ├─┬ hawk@6.0.2 
  │ │ ├── boom@4.3.1 
  │ │ ├─┬ cryptiles@3.1.2 
  │ │ │ └── boom@5.2.0 
  │ │ ├── hoek@4.2.0 
  │ │ └── sntp@2.0.2 
  │ ├─┬ http-signature@1.2.0 
  │ │ ├── assert-plus@1.0.0 
  │ │ ├─┬ jsprim@1.4.1 
  │ │ │ ├── extsprintf@1.3.0 
  │ │ │ ├── json-schema@0.2.3 
  │ │ │ └── verror@1.10.0 
  │ │ └─┬ sshpk@1.13.1 
  │ │   ├── asn1@0.2.3 
  │ │   ├── bcrypt-pbkdf@1.0.1 
  │ │   ├── dashdash@1.14.1 
  │ │   ├── ecc-jsbn@0.1.1 
  │ │   ├── getpass@0.1.7 
  │ │   ├── jsbn@0.1.1 
  │ │   └── tweetnacl@0.14.5 
  │ ├── is-typedarray@1.0.0 
  │ ├── isstream@0.1.2 
  │ ├── json-stringify-safe@5.0.1 
  │ ├─┬ mime-types@2.1.17 
  │ │ └── mime-db@1.30.0 
  │ ├── oauth-sign@0.8.2 
  │ ├── performance-now@2.1.0 
  │ ├── qs@6.5.1 
  │ ├── safe-buffer@5.1.1 
  │ ├── stringstream@0.0.5 
  │ ├─┬ tough-cookie@2.3.2 
  │ │ └── punycode@1.4.1 
  │ ├── tunnel-agent@0.6.0 
  │ └── uuid@3.1.0 
  ├── seedrandom@2.4.3 
  ├── semver@5.4.1 
  ├─┬ tdigest@0.1.1 
  │ └── bintrees@1.0.1 
  ├── tiny-fifo-cache@1.0.1 
  └── underscore@1.8.3 

Setup Done exists, not setting up
:../FeatureTester/libs/:/root/Targets/juttle/node_modules
Set Default Z3_PATH to ./node_modules/z3javascript/bin/libz3.so
ExpoSE Master: /root/ExpoSE/lib/Harness/src/harness.js max concurrent: 16 max paths: 1000000
Setting timeout to 900000
*** [0 done /0 queued / 1 running / 0 errors / 0% coverage ] ****** [0 done /0 queued / 1 running / 0 errors / 0% coverage ] ****** [1 done /0 queued / 0 running / 1 errors / 25% coverage ] ***
*-- Stat Module Output --*
*-- concretizations: ["defineProperty","bound log"]
*-- Stat Module Done --*
*-- Test Case {"_bound":0} start 0.065 took 6.1325s
*-- Errors occured in test {"_bound":0}
* Error: TypeError: Cannot read property 'length' of undefined
*-- Replay with NO_COMPILE=1 expoSE replay '/root/ExpoSE/lib/Harness/src/harness.js' '{"_bound":0}'
*-- Coverage Data
*- File /root/ExpoSE/lib/Harness/src/harness.js. Coverage (Term): 18% Coverage (LOC): 24%
*- File /root/ExpoSE/lib/S$/bin/symbols.js. Coverage (Term): 16% Coverage (LOC): 34%
*- File /root/Targets/juttle/node_modules/juttle/index.js. Coverage (Term): 59% Coverage (LOC): 71%
*- File /root/Targets/juttle/node_modules/juttle/lib/compiler/index.js. Coverage (Term): 8% Coverage (LOC): 7%
*- Re-run with EXPOSE_PRINT_COVERAGE=1 to print line by line coverage information
** ExpoSE Finished. 1 paths with 1 errors **
