/root/Targets/kayfabe
└─┬ kayfabe@0.0.5 
  ├── colors@1.1.2 
  ├─┬ markdown@0.5.0 
  │ └─┬ nopt@2.1.2 
  │   └── abbrev@1.1.0 
  ├── ncp@1.0.1 
  └─┬ prompt@0.2.14 
    ├── pkginfo@0.4.1 
    ├─┬ read@1.0.7 
    │ └── mute-stream@0.0.7 
    ├── revalidator@0.1.8 
    ├─┬ utile@0.2.1 
    │ ├── async@0.2.10 
    │ ├── deep-equal@1.0.1 
    │ ├── i@0.3.5 
    │ ├─┬ mkdirp@0.5.1 
    │ │ └── minimist@0.0.8 
    │ ├── ncp@0.4.2 
    │ └─┬ rimraf@2.6.2 
    │   └─┬ glob@7.1.2 
    │     ├── fs.realpath@1.0.0 
    │     ├─┬ inflight@1.0.6 
    │     │ └── wrappy@1.0.2 
    │     ├── inherits@2.0.3 
    │     ├─┬ minimatch@3.0.4 
    │     │ └─┬ brace-expansion@1.1.8 
    │     │   ├── balanced-match@1.0.0 
    │     │   └── concat-map@0.0.1 
    │     ├── once@1.4.0 
    │     └── path-is-absolute@1.0.1 
    └─┬ winston@0.8.3 
      ├── colors@0.6.2 
      ├── cycle@1.0.3 
      ├── eyes@0.1.8 
      ├── isstream@0.1.2 
      ├── pkginfo@0.3.1 
      └── stack-trace@0.0.10 

Setup Done exists, not setting up
:../FeatureTester/libs/:/root/Targets/kayfabe/node_modules
Set Default Z3_PATH to ./node_modules/z3javascript/bin/libz3.so
ExpoSE Master: /root/ExpoSE/lib/Harness/src/harness.js max concurrent: 16 max paths: 1000000
Setting timeout to 900000
*** [0 done /0 queued / 1 running / 0 errors / 0% coverage ] ****** [0 done /0 queued / 1 running / 0 errors / 0% coverage ] ****** [1 done /0 queued / 0 running / 1 errors / 33% coverage ] ***
*-- Stat Module Output --*
*-- concretizations: ["defineProperty","bound log"]
*-- Stat Module Done --*
*-- Test Case {"_bound":0} start 0.0684 took 3.4014s
*-- Errors occured in test {"_bound":0}
* Error: Tropigate failed because SyntaxError: Unexpected character '#' (1:78) on program #! /usr/bin/env node

'use strict';

global.fs = require('fs');
global.colors = require('colors');
global.ncp = require('ncp').ncp;
global.markdown = require('markdown').markdown;

global.prompt = require('prompt');
prompt.message = "kayfabe".green;

global.kf = {};

var InfoService = require('./services/info_service');
kf.info = new InfoService();

var OptionsService = require('./services/options_service');
kf.options = new OptionsService();

var ParsingService = require('./services/parsing_service');
kf.parsing = new ParsingService();

var DirectoryService = require('./services/directory_service');
kf.directory = new DirectoryService();

var TemplateService = require('./services/template_service');
kf.template = new TemplateService();

var args = process.argv;

this.buildDocumentation = function() {
	var options = kf.options.getOptions();

	kf.parsing.parse(process.cwd(), options, function(appStructure) {
		kf.template.buildDocs(appStructure, options, function(error) {
			if(error) {
				console.log(colors.red(error));
			}
			console.log(colors.blue('Documentation built'));
		});
	});
}

if(!args[2]) {
	this.buildDocumentation();
	return;
}
switch(args[2]) {
	case '.':
		this.buildDocumentation();
		break;
	case '-v':
	case '--version':
	case 'version':
		kf.info.outputVersion();
		break;
	case '-h':
	case '--help':
	case 'help':
		kf.info.outputHelpText();
		break;
	case 'init':
		kf.options.createOptionsJson();
		break;
}
 at SyntaxError: Unexpected character '#' (1:78)
    at Parser.pp$4.raise (/root/ExpoSE/lib/Tropigate/node_modules/acorn/dist/acorn.js:2221:15)
    at Parser.pp$7.getTokenFromCode (/root/ExpoSE/lib/Tropigate/node_modules/acorn/dist/acorn.js:2756:10)
    at Parser.pp$7.readToken (/root/ExpoSE/lib/Tropigate/node_modules/acorn/dist/acorn.js:2477:17)
    at Parser.readToken (/root/ExpoSE/lib/Tropigate/bin/Tokens.js:124:26)
    at Parser.pp$7.nextToken (/root/ExpoSE/lib/Tropigate/node_modules/acorn/dist/acorn.js:2468:15)
    at Parser.pp$7.next (/root/ExpoSE/lib/Tropigate/node_modules/acorn/dist/acorn.js:2413:10)
    at Parser.pp.eat (/root/ExpoSE/lib/Tropigate/node_modules/acorn/dist/acorn.js:536:12)
    at Parser.pp.semicolon (/root/ExpoSE/lib/Tropigate/node_modules/acorn/dist/acorn.js:581:15)
    at Parser.pp$1.parseVarStatement (/root/ExpoSE/lib/Tropigate/node_modules/acorn/dist/acorn.js:918:10)
    at Parser.pp$1.parseStatement (/root/ExpoSE/lib/Tropigate/node_modules/acorn/dist/acorn.js:706:19)
*-- Replay with NO_COMPILE=1 expoSE replay '/root/ExpoSE/lib/Harness/src/harness.js' '{"_bound":0}'
*-- Coverage Data
*- File /root/ExpoSE/lib/Harness/src/harness.js. Coverage (Term): 18% Coverage (LOC): 24%
*- File /root/ExpoSE/lib/S$/bin/symbols.js. Coverage (Term): 16% Coverage (LOC): 34%
*- Re-run with EXPOSE_PRINT_COVERAGE=1 to print line by line coverage information
** ExpoSE Finished. 1 paths with 1 errors **
