/root/Targets/kryo
└─┬ kryo@0.5.0-alpha.14 
  ├─┬ @types/bson@1.0.4 
  │ └── @types/node@8.0.31 
  ├── @types/unorm@1.3.27 
  ├── bson@1.0.4 
  ├── incident@2.0.0 
  └── unorm@1.4.1 

Setup Done exists, not setting up
:../FeatureTester/libs/:/root/Targets/kryo/node_modules
Set Default Z3_PATH to ./node_modules/z3javascript/bin/libz3.so
ExpoSE Master: /root/ExpoSE/lib/Harness/src/harness.js max concurrent: 16 max paths: 1000000
Setting timeout to 900000
*** [0 done /0 queued / 1 running / 0 errors / 0% coverage ] ****** [0 done /0 queued / 1 running / 0 errors / 0% coverage ] ****** [1 done /0 queued / 0 running / 1 errors / 25% coverage ] ***
*-- Stat Module Output --*
*-- concretizations: ["defineProperty","bound log"]
*-- Stat Module Done --*
*-- Test Case {"_bound":0} start 0.0677 took 5.5051s
*-- Errors occured in test {"_bound":0}
* Error: ReferenceError: array is not defined
*-- Replay with NO_COMPILE=1 expoSE replay '/root/ExpoSE/lib/Harness/src/harness.js' '{"_bound":0}'
*-- Coverage Data
*- File /root/ExpoSE/lib/Harness/src/harness.js. Coverage (Term): 18% Coverage (LOC): 24%
*- File /root/ExpoSE/lib/S$/bin/symbols.js. Coverage (Term): 16% Coverage (LOC): 34%
*- File /root/Targets/kryo/node_modules/kryo/index.js. Coverage (Term): 5% Coverage (LOC): 1%
*- Re-run with EXPOSE_PRINT_COVERAGE=1 to print line by line coverage information
** ExpoSE Finished. 1 paths with 1 errors **
