/root/Targets/laji-validate
└─┬ laji-validate@0.0.29 
  ├── moment@2.18.1 
  └── validate.js@0.11.1  (git://github.com/vixriihi/validate.js.git#43e293c8832703046f9c405fe6d71ac207c0ba69)

Setup Done exists, not setting up
:../FeatureTester/libs/:/root/Targets/laji-validate/node_modules
Set Default Z3_PATH to ./node_modules/z3javascript/bin/libz3.so
ExpoSE Master: /root/ExpoSE/lib/Harness/src/harness.js max concurrent: 16 max paths: 1000000
Setting timeout to 900000
*** [0 done /0 queued / 1 running / 0 errors / 0% coverage ] ****** [0 done /0 queued / 1 running / 0 errors / 0% coverage ] ****** [1 done /0 queued / 0 running / 1 errors / 32% coverage ] ***
*-- Stat Module Output --*
*-- concretizations: ["defineProperty","bound log","call","RegExp"]
*-- Stat Module Done --*
*-- Test Case {"_bound":0} start 0.068 took 16.3509s
*-- Errors occured in test {"_bound":0}
* Error: Error: Cannot find module 'babel-runtime/helpers/slicedToArray'
*-- Replay with NO_COMPILE=1 expoSE replay '/root/ExpoSE/lib/Harness/src/harness.js' '{"_bound":0}'
*-- Coverage Data
*- File /root/ExpoSE/lib/Harness/src/harness.js. Coverage (Term): 18% Coverage (LOC): 24%
*- File /root/ExpoSE/lib/S$/bin/symbols.js. Coverage (Term): 16% Coverage (LOC): 34%
*- File /root/Targets/laji-validate/node_modules/laji-validate/dist/main.js. Coverage (Term): 17% Coverage (LOC): 26%
*- File /root/Targets/laji-validate/node_modules/moment/moment.js. Coverage (Term): 21% Coverage (LOC): 37%
*- File /root/Targets/laji-validate/node_modules/validate.js/validate.js. Coverage (Term): 5% Coverage (LOC): 13%
*- File /root/Targets/laji-validate/node_modules/laji-validate/dist/validators/time.js. Coverage (Term): 7% Coverage (LOC): 11%
*- File /root/Targets/laji-validate/node_modules/laji-validate/dist/util.js. Coverage (Term): 8% Coverage (LOC): 15%
*- Re-run with EXPOSE_PRINT_COVERAGE=1 to print line by line coverage information
** ExpoSE Finished. 1 paths with 1 errors **
