
> websocket@1.0.24 install /root/Targets/layer-websdk/node_modules/websocket
> (node-gyp rebuild 2> builderror.log) || (exit 0)

make: Entering directory '/root/Targets/layer-websdk/node_modules/websocket/build'
  CXX(target) Release/obj.target/bufferutil/src/bufferutil.o
  SOLINK_MODULE(target) Release/obj.target/bufferutil.node
  COPY Release/bufferutil.node
  CXX(target) Release/obj.target/validation/src/validation.o
  SOLINK_MODULE(target) Release/obj.target/validation.node
  COPY Release/validation.node
make: Leaving directory '/root/Targets/layer-websdk/node_modules/websocket/build'
/root/Targets/layer-websdk
└─┬ layer-websdk@3.4.4 
  ├── backbone-events-standalone@0.2.7 
  ├── base64-js@1.2.1 
  ├── filereader@0.10.3 
  ├── layer-patch@1.1.2 
  ├── uuid@2.0.3 
  ├─┬ websocket@1.0.24 
  │ ├─┬ debug@2.6.9 
  │ │ └── ms@2.0.0 
  │ ├── nan@2.7.0 
  │ ├─┬ typedarray-to-buffer@3.1.2 
  │ │ └── is-typedarray@1.0.0 
  │ └── yaeti@0.0.6 
  └── xhr2@0.1.4 

Setup Done exists, not setting up
:../FeatureTester/libs/:/root/Targets/layer-websdk/node_modules
Set Default Z3_PATH to ./node_modules/z3javascript/bin/libz3.so
ExpoSE Master: /root/ExpoSE/lib/Harness/src/harness.js max concurrent: 16 max paths: 1000000
Setting timeout to 900000
*** [0 done /0 queued / 1 running / 0 errors / 0% coverage ] ****** [0 done /0 queued / 1 running / 0 errors / 0% coverage ] ****** [1 done /0 queued / 0 running / 1 errors / 16% coverage ] ***
*-- Stat Module Output --*
*-- concretizations: ["defineProperty","bound log","toString","randomBytes"]
*-- Stat Module Done --*
*-- Test Case {"_bound":0} start 0.0132 took 6.4302s
*-- Errors occured in test {"_bound":0}
* Error: TypeError: Function.prototype.apply was called on undefined, which is a undefined and not a function
*-- Replay with NO_COMPILE=1 expoSE replay '/root/ExpoSE/lib/Harness/src/harness.js' '{"_bound":0}'
*-- Coverage Data
*- File /root/ExpoSE/lib/Harness/src/harness.js. Coverage (Term): 18% Coverage (LOC): 24%
*- File /root/ExpoSE/lib/S$/bin/symbols.js. Coverage (Term): 16% Coverage (LOC): 34%
*- File /root/Targets/layer-websdk/node_modules/layer-websdk/index.js. Coverage (Term): 55% Coverage (LOC): 86%
*- File /root/Targets/layer-websdk/node_modules/layer-websdk/lib/layer.js. Coverage (Term): 11% Coverage (LOC): 17%
*- File /root/Targets/layer-websdk/node_modules/layer-websdk/lib/root.js. Coverage (Term): 3% Coverage (LOC): 4%
*- File /root/Targets/layer-websdk/node_modules/layer-websdk/lib/client-utils.js. Coverage (Term): 5% Coverage (LOC): 6%
*- File /root/Targets/layer-websdk/node_modules/uuid/uuid.js. Coverage (Term): 18% Coverage (LOC): 31%
*- File /root/Targets/layer-websdk/node_modules/uuid/rng.js. Coverage (Term): 94% Coverage (LOC): 100%
*- Re-run with EXPOSE_PRINT_COVERAGE=1 to print line by line coverage information
** ExpoSE Finished. 1 paths with 1 errors **
