/root/Targets/likelihood-widgets-react
├── UNMET PEER DEPENDENCY classnames@2.2.5
├── likelihood-widgets-react@1.16.5 
├── UNMET PEER DEPENDENCY lodash@4.17.4
├── UNMET PEER DEPENDENCY react@15.5.4
├── UNMET PEER DEPENDENCY react-contenteditable@2.0.2
├── UNMET PEER DEPENDENCY react-dom@15.5.4
├── UNMET PEER DEPENDENCY react-inlinesvg@0.6.0
├── UNMET PEER DEPENDENCY react-tooltip@3.3.0
├── UNMET PEER DEPENDENCY react-transition-group@1.1.3
├── UNMET PEER DEPENDENCY redux@3.6.0
└── UNMET PEER DEPENDENCY redux-thunk@2.2.0

Setup Done exists, not setting up
:../FeatureTester/libs/:/root/Targets/likelihood-widgets-react/node_modules
Set Default Z3_PATH to ./node_modules/z3javascript/bin/libz3.so
ExpoSE Master: /root/ExpoSE/lib/Harness/src/harness.js max concurrent: 16 max paths: 1000000
Setting timeout to 900000
*** [0 done /0 queued / 1 running / 0 errors / 0% coverage ] ****** [0 done /0 queued / 1 running / 0 errors / 0% coverage ] ****** [1 done /0 queued / 0 running / 1 errors / 3% coverage ] ***
*-- Stat Module Output --*
*-- concretizations: ["defineProperty","bound log"]
*-- Stat Module Done --*
*-- Test Case {"_bound":0} start 0.0484 took 16.0863s
*-- Errors occured in test {"_bound":0}
* Error: Error: Cannot find module 'react'
*-- Replay with NO_COMPILE=1 expoSE replay '/root/ExpoSE/lib/Harness/src/harness.js' '{"_bound":0}'
*-- Coverage Data
*- File /root/ExpoSE/lib/Harness/src/harness.js. Coverage (Term): 18% Coverage (LOC): 24%
*- File /root/ExpoSE/lib/S$/bin/symbols.js. Coverage (Term): 16% Coverage (LOC): 34%
*- File /root/Targets/likelihood-widgets-react/node_modules/likelihood-widgets-react/dist/bundles/bundle.umd.min.js. Coverage (Term): 0% Coverage (LOC): 0%
*- Re-run with EXPOSE_PRINT_COVERAGE=1 to print line by line coverage information
** ExpoSE Finished. 1 paths with 1 errors **
