/root/Targets/loadic
└── loadic@0.1.5 

Setup Done exists, not setting up
:../FeatureTester/libs/:/root/Targets/loadic/node_modules
Set Default Z3_PATH to ./node_modules/z3javascript/bin/libz3.so
ExpoSE Master: /root/ExpoSE/lib/Harness/src/harness.js max concurrent: 16 max paths: 1000000
Setting timeout to 900000
*** [0 done /0 queued / 1 running / 0 errors / 0% coverage ] ****** [0 done /0 queued / 1 running / 0 errors / 0% coverage ] ****** [1 done /1 queued / 1 running / 1 errors / 43% coverage ] ****** [1 done /0 queued / 2 running / 1 errors / 43% coverage ] ****** [1 done /0 queued / 2 running / 1 errors / 43% coverage ] ***
*-- Stat Module Output --*
*-- concretizations: ["defineProperty","bound log","toString","apply","bound Loader"]
*-- Stat Module Done --*
*-- Test Case {"_bound":0,"Switcher":false,"Target_Switch_Base":0,"ExpansionArg_type":0} start 0.2721 took 453.5707s
*-- Errors occured in test {"_bound":0,"Switcher":false,"Target_Switch_Base":0,"ExpansionArg_type":0}
* Error: TypeError: Cannot read property 'common' of undefined
*-- Replay with NO_COMPILE=1 expoSE replay '/root/ExpoSE/lib/Harness/src/harness.js' '{"_bound":0}'
*-- Coverage Data
*- File /root/ExpoSE/lib/Harness/src/harness.js. Coverage (Term): 78% Coverage (LOC): 86%
*- File /root/ExpoSE/lib/S$/bin/symbols.js. Coverage (Term): 21% Coverage (LOC): 39%
*- File /root/Targets/loadic/node_modules/loadic/dist/loadic.js. Coverage (Term): 23% Coverage (LOC): 38%
*- Re-run with EXPOSE_PRINT_COVERAGE=1 to print line by line coverage information
** ExpoSE Finished. 1 paths with 1 errors **
