
> sqlite3@3.1.12 install /root/Targets/lockit/node_modules/sqlite3
> node-pre-gyp install --fallback-to-build

[sqlite3] Success: "/root/Targets/lockit/node_modules/sqlite3/lib/binding/node-v51-linux-x64/node_sqlite3.node" is installed via remote
/root/Targets/lockit
└─┬ lockit@1.3.1 
  ├─┬ chalk@1.1.3 
  │ ├── ansi-styles@2.2.1 
  │ ├── escape-string-regexp@1.0.5 
  │ ├─┬ has-ansi@2.0.0 
  │ │ └── ansi-regex@2.1.1 
  │ ├── strip-ansi@3.0.1 
  │ └── supports-color@2.0.0 
  ├─┬ lockit-delete-account@1.0.5 
  │ └── couch-pwd@0.0.1 
  ├─┬ lockit-forgot-password@1.3.2 
  │ ├─┬ lockit-sendmail@1.1.2 
  │ │ ├── ejs@2.5.7 
  │ │ ├─┬ nodemailer@1.11.0 
  │ │ │ ├─┬ libmime@1.2.0 
  │ │ │ │ ├── iconv-lite@0.4.19 
  │ │ │ │ ├── libbase64@0.1.0 
  │ │ │ │ └── libqp@1.1.0 
  │ │ │ ├─┬ mailcomposer@2.1.0 
  │ │ │ │ └─┬ buildmail@2.0.0 
  │ │ │ │   ├── addressparser@0.3.2 
  │ │ │ │   └── needle@0.10.0 
  │ │ │ ├── needle@0.11.0 
  │ │ │ └── nodemailer-direct-transport@1.1.0 
  │ │ └─┬ nodemailer-smtp-transport@1.1.0 
  │ │   ├── clone@1.0.2 
  │ │   ├── nodemailer-wellknown@0.1.10 
  │ │   └── smtp-connection@1.3.8 
  │ ├── lockit-template-blank@0.0.2 
  │ ├── moment@2.18.1 
  │ ├── ms@0.7.3 
  │ └── node-uuid@1.4.8 
  ├── lockit-login@1.1.6 
  ├── lockit-signup@1.2.2 
  ├─┬ lockit-sql-adapter@0.5.3 
  │ ├─┬ sequelize@3.30.4 
  │ │ ├── bluebird@3.5.0 
  │ │ ├── depd@1.1.1 
  │ │ ├── dottie@1.1.1 
  │ │ ├── generic-pool@2.4.2 
  │ │ ├── inflection@1.12.0 
  │ │ ├── lodash@4.12.0 
  │ │ ├── moment-timezone@0.5.13 
  │ │ ├─┬ retry-as-promised@2.3.1 
  │ │ │ └─┬ debug@2.6.9 
  │ │ │   └── ms@2.0.0 
  │ │ ├── semver@5.4.1 
  │ │ ├── shimmer@1.1.0 
  │ │ ├─┬ terraformer-wkt-parser@1.1.2 
  │ │ │ └─┬ terraformer@1.0.8 
  │ │ │   └── @types/geojson@1.0.4 
  │ │ ├── toposort-class@1.0.1 
  │ │ ├── uuid@3.1.0 
  │ │ ├── validator@5.7.0 
  │ │ └── wkx@0.2.0 
  │ └── uuid@2.0.3 
  ├─┬ lockit-utils@0.5.3 
  │ ├── notp@2.0.3 
  │ └── thirty-two@0.0.2 
  ├─┬ node.extend@1.1.6 
  │ └── is@3.2.1 
  └─┬ sqlite3@3.1.12 
    ├── nan@2.7.0 
    └─┬ node-pre-gyp@0.6.38 
      ├─┬ hawk@3.1.3 
      │ ├── boom@2.10.1 
      │ ├── cryptiles@2.0.5 
      │ ├── hoek@2.16.3 
      │ └── sntp@1.0.9 
      ├─┬ mkdirp@0.5.1 
      │ └── minimist@0.0.8 
      ├─┬ nopt@4.0.1 
      │ ├── abbrev@1.1.0 
      │ └─┬ osenv@0.1.4 
      │   ├── os-homedir@1.0.2 
      │   └── os-tmpdir@1.0.2 
      ├─┬ npmlog@4.1.2 
      │ ├─┬ are-we-there-yet@1.1.4 
      │ │ ├── delegates@1.0.0 
      │ │ └─┬ readable-stream@2.3.3 
      │ │   ├── core-util-is@1.0.2 
      │ │   ├── inherits@2.0.3 
      │ │   ├── isarray@1.0.0 
      │ │   ├── process-nextick-args@1.0.7 
      │ │   ├── safe-buffer@5.1.1 
      │ │   ├── string_decoder@1.0.3 
      │ │   └── util-deprecate@1.0.2 
      │ ├── console-control-strings@1.1.0 
      │ ├─┬ gauge@2.7.4 
      │ │ ├── aproba@1.2.0 
      │ │ ├── has-unicode@2.0.1 
      │ │ ├── object-assign@4.1.1 
      │ │ ├── signal-exit@3.0.2 
      │ │ ├─┬ string-width@1.0.2 
      │ │ │ ├── code-point-at@1.1.0 
      │ │ │ └─┬ is-fullwidth-code-point@1.0.0 
      │ │ │   └── number-is-nan@1.0.1 
      │ │ ├─┬ strip-ansi@3.0.1 
      │ │ │ └── ansi-regex@2.1.1 
      │ │ └── wide-align@1.1.2 
      │ └── set-blocking@2.0.0 
      ├─┬ rc@1.2.1 
      │ ├── deep-extend@0.4.2 
      │ ├── ini@1.3.4 
      │ ├── minimist@1.2.0 
      │ └── strip-json-comments@2.0.1 
      ├─┬ request@2.81.0 
      │ ├── aws-sign2@0.6.0 
      │ ├── aws4@1.6.0 
      │ ├── caseless@0.12.0 
      │ ├─┬ combined-stream@1.0.5 
      │ │ └── delayed-stream@1.0.0 
      │ ├── extend@3.0.1 
      │ ├── forever-agent@0.6.1 
      │ ├─┬ form-data@2.1.4 
      │ │ └── asynckit@0.4.0 
      │ ├─┬ har-validator@4.2.1 
      │ │ ├─┬ ajv@4.11.8 
      │ │ │ ├── co@4.6.0 
      │ │ │ └─┬ json-stable-stringify@1.0.1 
      │ │ │   └── jsonify@0.0.0 
      │ │ └── har-schema@1.0.5 
      │ ├─┬ http-signature@1.1.1 
      │ │ ├── assert-plus@0.2.0 
      │ │ ├─┬ jsprim@1.4.1 
      │ │ │ ├── assert-plus@1.0.0 
      │ │ │ ├── extsprintf@1.3.0 
      │ │ │ ├── json-schema@0.2.3 
      │ │ │ └─┬ verror@1.10.0 
      │ │ │   └── core-util-is@1.0.2 
      │ │ └─┬ sshpk@1.13.1 
      │ │   ├── asn1@0.2.3 
      │ │   ├── assert-plus@1.0.0 
      │ │   ├── bcrypt-pbkdf@1.0.1 
      │ │   ├── dashdash@1.14.1 
      │ │   ├── ecc-jsbn@0.1.1 
      │ │   ├── getpass@0.1.7 
      │ │   ├── jsbn@0.1.1 
      │ │   └── tweetnacl@0.14.5 
      │ ├── is-typedarray@1.0.0 
      │ ├── isstream@0.1.2 
      │ ├── json-stringify-safe@5.0.1 
      │ ├─┬ mime-types@2.1.17 
      │ │ └── mime-db@1.30.0 
      │ ├── oauth-sign@0.8.2 
      │ ├── performance-now@0.2.0 
      │ ├── qs@6.4.0 
      │ ├── safe-buffer@5.1.1 
      │ ├── stringstream@0.0.5 
      │ ├─┬ tough-cookie@2.3.3 
      │ │ └── punycode@1.4.1 
      │ ├── tunnel-agent@0.6.0 
      │ └── uuid@3.1.0 
      ├─┬ rimraf@2.6.2 
      │ └─┬ glob@7.1.2 
      │   ├── fs.realpath@1.0.0 
      │   ├─┬ inflight@1.0.6 
      │   │ └── wrappy@1.0.2 
      │   ├── inherits@2.0.3 
      │   ├─┬ minimatch@3.0.4 
      │   │ └─┬ brace-expansion@1.1.8 
      │   │   ├── balanced-match@1.0.0 
      │   │   └── concat-map@0.0.1 
      │   ├─┬ once@1.4.0 
      │   │ └── wrappy@1.0.2 
      │   └── path-is-absolute@1.0.1 
      ├── semver@5.4.1 
      ├─┬ tar@2.2.1 
      │ ├── block-stream@0.0.9 
      │ ├─┬ fstream@1.0.11 
      │ │ └── graceful-fs@4.1.11 
      │ └── inherits@2.0.3 
      └─┬ tar-pack@3.4.0 
        ├─┬ debug@2.6.9 
        │ └── ms@2.0.0 
        ├─┬ fstream@1.0.11 
        │ ├── graceful-fs@4.1.11 
        │ └── inherits@2.0.3 
        ├─┬ fstream-ignore@1.0.5 
        │ ├── inherits@2.0.3 
        │ └─┬ minimatch@3.0.4 
        │   └─┬ brace-expansion@1.1.8 
        │     ├── balanced-match@1.0.0 
        │     └── concat-map@0.0.1 
        ├─┬ once@1.4.0 
        │ └── wrappy@1.0.2 
        ├─┬ readable-stream@2.3.3 
        │ ├── core-util-is@1.0.2 
        │ ├── inherits@2.0.3 
        │ ├── isarray@1.0.0 
        │ ├── process-nextick-args@1.0.7 
        │ ├── safe-buffer@5.1.1 
        │ ├── string_decoder@1.0.3 
        │ └── util-deprecate@1.0.2 
        └── uid-number@0.0.6 

Setup Done exists, not setting up
:../FeatureTester/libs/:/root/Targets/lockit/node_modules
Set Default Z3_PATH to ./node_modules/z3javascript/bin/libz3.so
ExpoSE Master: /root/ExpoSE/lib/Harness/src/harness.js max concurrent: 16 max paths: 1000000
Setting timeout to 900000
*** [0 done /0 queued / 1 running / 0 errors / 0% coverage ] ****** [0 done /0 queued / 1 running / 0 errors / 0% coverage ] ****** [1 done /0 queued / 0 running / 1 errors / 26% coverage ] ***
*-- Stat Module Output --*
*-- concretizations: ["defineProperty","bound log"]
*-- Stat Module Done --*
*-- Test Case {"_bound":0} start 0.0662 took 3.3207s
*-- Errors occured in test {"_bound":0}
* Error: Error: Cannot find module 'express'
*-- Replay with NO_COMPILE=1 expoSE replay '/root/ExpoSE/lib/Harness/src/harness.js' '{"_bound":0}'
*-- Coverage Data
*- File /root/ExpoSE/lib/Harness/src/harness.js. Coverage (Term): 18% Coverage (LOC): 24%
*- File /root/ExpoSE/lib/S$/bin/symbols.js. Coverage (Term): 16% Coverage (LOC): 34%
*- File /root/Targets/lockit/node_modules/lockit/index.js. Coverage (Term): 8% Coverage (LOC): 8%
*- Re-run with EXPOSE_PRINT_COVERAGE=1 to print line by line coverage information
** ExpoSE Finished. 1 paths with 1 errors **
