/root/Targets/loop-vomvo
└─┬ loop-vomvo@1.0.12 
  └─┬ checkjs-vomvo@1.0.27 
    └── amdefine@0.1.1 

Setup Done exists, not setting up
:../FeatureTester/libs/:/root/Targets/loop-vomvo/node_modules
Set Default Z3_PATH to ./node_modules/z3javascript/bin/libz3.so
ExpoSE Master: /root/ExpoSE/lib/Harness/src/harness.js max concurrent: 16 max paths: 1000000
Setting timeout to 900000
*** [0 done /0 queued / 1 running / 0 errors / 0% coverage ] ****** [0 done /0 queued / 1 running / 0 errors / 0% coverage ] ****** [1 done /0 queued / 0 running / 1 errors / 17% coverage ] ***
*-- Stat Module Output --*
*-- concretizations: ["defineProperty","bound log"]
*-- Stat Module Done --*
*-- Test Case {"_bound":0} start 0.0365 took 4.3941s
*-- Errors occured in test {"_bound":0}
* Error: Error: Cannot find module 'requirejs'
*-- Replay with NO_COMPILE=1 expoSE replay '/root/ExpoSE/lib/Harness/src/harness.js' '{"_bound":0}'
*-- Coverage Data
*- File /root/ExpoSE/lib/Harness/src/harness.js. Coverage (Term): 18% Coverage (LOC): 24%
*- File /root/ExpoSE/lib/S$/bin/symbols.js. Coverage (Term): 16% Coverage (LOC): 34%
*- File /root/Targets/loop-vomvo/node_modules/loop-vomvo/dist/loop.js. Coverage (Term): 4% Coverage (LOC): 4%
*- File /root/Targets/loop-vomvo/node_modules/amdefine/amdefine.js. Coverage (Term): 10% Coverage (LOC): 13%
*- Re-run with EXPOSE_PRINT_COVERAGE=1 to print line by line coverage information
** ExpoSE Finished. 1 paths with 1 errors **
