
> ws@0.4.31 install /root/Targets/lsq-local/node_modules/ws
> (node-gyp rebuild 2> builderror.log) || (exit 0)

make: Entering directory '/root/Targets/lsq-local/node_modules/ws/build'
  CXX(target) Release/obj.target/bufferutil/src/bufferutil.o
bufferutil.target.mk:96: recipe for target 'Release/obj.target/bufferutil/src/bufferutil.o' failed
make: Leaving directory '/root/Targets/lsq-local/node_modules/ws/build'
/root/Targets/lsq-local
└─┬ lsq-local@1.1.10 
  ├── commander@2.11.0 
  ├── component-bind@1.0.0 
  ├── component-emitter@1.1.2 
  ├── debug@0.7.4 
  ├─┬ engine.io-client@1.4.0 
  │ ├── component-inherit@0.0.3 
  │ ├─┬ engine.io-parser@1.1.0 
  │ │ ├── after@0.8.1 
  │ │ ├── arraybuffer.slice@0.0.6 
  │ │ ├── base64-arraybuffer@0.1.2 
  │ │ ├── blob@0.0.2 
  │ │ └── utf8@2.0.0 
  │ ├─┬ has-cors@1.0.3 
  │ │ └── global@2.0.1 
  │ ├── parsejson@0.0.1 
  │ ├── parseqs@0.0.2 
  │ ├── parseuri@0.0.4 
  │ ├─┬ ws@0.4.31 
  │ │ ├── commander@0.6.1 
  │ │ ├── nan@0.3.2 
  │ │ ├── options@0.0.6 
  │ │ └── tinycolor@0.0.1 
  │ └── xmlhttprequest@1.5.0 
  ├─┬ express@3.1.0 
  │ ├── buffer-crc32@0.1.1 
  │ ├── commander@0.6.1 
  │ ├─┬ connect@2.7.2 
  │ │ ├── bytes@0.1.0 
  │ │ ├── formidable@1.0.11 
  │ │ ├── pause@0.0.1 
  │ │ └── qs@0.5.1 
  │ ├── cookie@0.0.5 
  │ ├── cookie-signature@0.0.1 
  │ ├── fresh@0.1.0 
  │ ├── methods@0.0.1 
  │ ├── mkdirp@0.3.3 
  │ ├── range-parser@0.0.4 
  │ └─┬ send@0.1.0 
  │   └── mime@1.2.6 
  ├─┬ has-binary@0.1.5 
  │ └── isarray@0.0.1 
  ├── indexof@0.0.1 
  ├─┬ jade@1.11.0 
  │ ├── character-parser@1.2.1 
  │ ├─┬ clean-css@3.4.28 
  │ │ ├─┬ commander@2.8.1 
  │ │ │ └── graceful-readlink@1.0.1 
  │ │ └─┬ source-map@0.4.4 
  │ │   └── amdefine@1.0.1 
  │ ├── commander@2.6.0 
  │ ├─┬ constantinople@3.0.2 
  │ │ └── acorn@2.7.0 
  │ ├─┬ jstransformer@0.0.2 
  │ │ ├── is-promise@2.1.0 
  │ │ └─┬ promise@6.1.0 
  │ │   └── asap@1.0.0 
  │ ├─┬ mkdirp@0.5.1 
  │ │ └── minimist@0.0.8 
  │ ├─┬ transformers@2.1.0 
  │ │ ├─┬ css@1.0.8 
  │ │ │ ├── css-parse@1.0.4 
  │ │ │ └── css-stringify@1.0.5 
  │ │ ├─┬ promise@2.0.0 
  │ │ │ └── is-promise@1.0.1 
  │ │ └─┬ uglify-js@2.2.5 
  │ │   ├─┬ optimist@0.3.7 
  │ │   │ └── wordwrap@0.0.3 
  │ │   └── source-map@0.1.43 
  │ ├─┬ uglify-js@2.8.29 
  │ │ ├── source-map@0.5.7 
  │ │ ├── uglify-to-browserify@1.0.2 
  │ │ └─┬ yargs@3.10.0 
  │ │   ├── camelcase@1.2.1 
  │ │   ├─┬ cliui@2.1.0 
  │ │   │ ├─┬ center-align@0.1.3 
  │ │   │ │ ├─┬ align-text@0.1.4 
  │ │   │ │ │ ├─┬ kind-of@3.2.2 
  │ │   │ │ │ │ └── is-buffer@1.1.5 
  │ │   │ │ │ ├── longest@1.0.1 
  │ │   │ │ │ └── repeat-string@1.6.1 
  │ │   │ │ └── lazy-cache@1.0.4 
  │ │   │ ├── right-align@0.1.3 
  │ │   │ └── wordwrap@0.0.2 
  │ │   ├── decamelize@1.2.0 
  │ │   └── window-size@0.1.0 
  │ ├── void-elements@2.0.1 
  │ └─┬ with@4.0.3 
  │   ├── acorn@1.2.2 
  │   └── acorn-globals@1.0.9 
  ├─┬ less-middleware@2.2.1 
  │ ├─┬ less@2.7.2 
  │ │ ├─┬ errno@0.1.4 
  │ │ │ └── prr@0.0.0 
  │ │ ├── graceful-fs@4.1.11 
  │ │ ├── image-size@0.5.5 
  │ │ ├── mime@1.4.1 
  │ │ ├── mkdirp@0.5.1 
  │ │ ├─┬ promise@7.3.1 
  │ │ │ └── asap@2.0.6 
  │ │ ├─┬ request@2.83.0 
  │ │ │ ├── aws-sign2@0.7.0 
  │ │ │ ├── aws4@1.6.0 
  │ │ │ ├── caseless@0.12.0 
  │ │ │ ├─┬ combined-stream@1.0.5 
  │ │ │ │ └── delayed-stream@1.0.0 
  │ │ │ ├── extend@3.0.1 
  │ │ │ ├── forever-agent@0.6.1 
  │ │ │ ├─┬ form-data@2.3.1 
  │ │ │ │ └── asynckit@0.4.0 
  │ │ │ ├─┬ har-validator@5.0.3 
  │ │ │ │ ├─┬ ajv@5.2.3 
  │ │ │ │ │ ├── co@4.6.0 
  │ │ │ │ │ ├── fast-deep-equal@1.0.0 
  │ │ │ │ │ ├── json-schema-traverse@0.3.1 
  │ │ │ │ │ └─┬ json-stable-stringify@1.0.1 
  │ │ │ │ │   └── jsonify@0.0.0 
  │ │ │ │ └── har-schema@2.0.0 
  │ │ │ ├─┬ hawk@6.0.2 
  │ │ │ │ ├── boom@4.3.1 
  │ │ │ │ ├─┬ cryptiles@3.1.2 
  │ │ │ │ │ └── boom@5.2.0 
  │ │ │ │ ├── hoek@4.2.0 
  │ │ │ │ └── sntp@2.0.2 
  │ │ │ ├─┬ http-signature@1.2.0 
  │ │ │ │ ├── assert-plus@1.0.0 
  │ │ │ │ ├─┬ jsprim@1.4.1 
  │ │ │ │ │ ├── extsprintf@1.3.0 
  │ │ │ │ │ ├── json-schema@0.2.3 
  │ │ │ │ │ └─┬ verror@1.10.0 
  │ │ │ │ │   └── core-util-is@1.0.2 
  │ │ │ │ └─┬ sshpk@1.13.1 
  │ │ │ │   ├── asn1@0.2.3 
  │ │ │ │   ├── bcrypt-pbkdf@1.0.1 
  │ │ │ │   ├── dashdash@1.14.1 
  │ │ │ │   ├── ecc-jsbn@0.1.1 
  │ │ │ │   ├── getpass@0.1.7 
  │ │ │ │   ├── jsbn@0.1.1 
  │ │ │ │   └── tweetnacl@0.14.5 
  │ │ │ ├── is-typedarray@1.0.0 
  │ │ │ ├── isstream@0.1.2 
  │ │ │ ├── json-stringify-safe@5.0.1 
  │ │ │ ├─┬ mime-types@2.1.17 
  │ │ │ │ └── mime-db@1.30.0 
  │ │ │ ├── oauth-sign@0.8.2 
  │ │ │ ├── performance-now@2.1.0 
  │ │ │ ├── qs@6.5.1 
  │ │ │ ├── safe-buffer@5.1.1 
  │ │ │ ├── stringstream@0.0.5 
  │ │ │ ├─┬ tough-cookie@2.3.3 
  │ │ │ │ └── punycode@1.4.1 
  │ │ │ ├── tunnel-agent@0.6.0 
  │ │ │ └── uuid@3.1.0 
  │ │ └── source-map@0.5.7 
  │ ├── mkdirp@0.5.1 
  │ └─┬ node.extend@2.0.0 
  │   └── is@3.2.1 
  ├── object-component@0.0.3 
  ├─┬ parseuri@0.0.2 
  │ └─┬ better-assert@1.0.2 
  │   └── callsite@1.0.0 
  ├─┬ socket.io@1.1.0 
  │ ├─┬ engine.io@1.4.0 
  │ │ ├── base64id@0.1.0 
  │ │ └─┬ debug@1.0.3 
  │ │   └── ms@0.6.2 
  │ ├── has-binary-data@0.1.3 
  │ ├─┬ socket.io-adapter@0.2.0 
  │ │ └─┬ socket.io-parser@2.1.2 
  │ │   └── emitter@1.0.1 
  │ ├── socket.io-client@1.1.0 
  │ └── socket.io-parser@2.2.1 
  ├─┬ socket.io-parser@2.2.2 
  │ ├── benchmark@1.0.0 
  │ └── json3@3.2.6 
  ├── to-array@0.1.3 
  └── underscore@1.8.3 

Setup Done exists, not setting up
:../FeatureTester/libs/:/root/Targets/lsq-local/node_modules
Set Default Z3_PATH to ./node_modules/z3javascript/bin/libz3.so
ExpoSE Master: /root/ExpoSE/lib/Harness/src/harness.js max concurrent: 16 max paths: 1000000
Setting timeout to 900000
*** [0 done /0 queued / 1 running / 0 errors / 0% coverage ] ****** [0 done /0 queued / 1 running / 0 errors / 0% coverage ] ****** [1 done /0 queued / 0 running / 1 errors / 28.999999999999996% coverage ] ***
*-- Stat Module Output --*
*-- concretizations: ["defineProperty","bound log","call","pow","join","RegExp","sort","some"]
*-- Stat Module Done --*
*-- Test Case {"_bound":0} start 0.0784 took 14.8184s
*-- Errors occured in test {"_bound":0}
* Error: TypeError: Object.prototype.__defineGetter__: Expecting function
*-- Replay with NO_COMPILE=1 expoSE replay '/root/ExpoSE/lib/Harness/src/harness.js' '{"_bound":0}'
*-- Coverage Data
*- File /root/ExpoSE/lib/Harness/src/harness.js. Coverage (Term): 18% Coverage (LOC): 24%
*- File /root/ExpoSE/lib/S$/bin/symbols.js. Coverage (Term): 16% Coverage (LOC): 34%
*- File /root/Targets/lsq-local/node_modules/lsq-local/index.js. Coverage (Term): 67% Coverage (LOC): 100%
*- File /root/Targets/lsq-local/node_modules/lsq-local/lib/lsq-local.js. Coverage (Term): 4% Coverage (LOC): 2%
*- File /root/Targets/lsq-local/node_modules/underscore/underscore.js. Coverage (Term): 19% Coverage (LOC): 33%
*- File /root/Targets/lsq-local/node_modules/express/index.js. Coverage (Term): 75% Coverage (LOC): 100%
*- File /root/Targets/lsq-local/node_modules/express/lib/express.js. Coverage (Term): 13% Coverage (LOC): 16%
*- File /root/Targets/lsq-local/node_modules/connect/index.js. Coverage (Term): 75% Coverage (LOC): 100%
*- File /root/Targets/lsq-local/node_modules/connect/lib/connect.js. Coverage (Term): 25% Coverage (LOC): 19%
*- File /root/Targets/lsq-local/node_modules/connect/lib/proto.js. Coverage (Term): 10% Coverage (LOC): 10%
*- File /root/Targets/lsq-local/node_modules/connect/lib/utils.js. Coverage (Term): 18% Coverage (LOC): 40%
*- File /root/Targets/lsq-local/node_modules/cookie-signature/index.js. Coverage (Term): 21% Coverage (LOC): 39%
*- File /root/Targets/lsq-local/node_modules/pause/index.js. Coverage (Term): 13% Coverage (LOC): 14%
*- File /root/Targets/lsq-local/node_modules/bytes/index.js. Coverage (Term): 12% Coverage (LOC): 24%
*- File /root/Targets/lsq-local/node_modules/debug/lib/debug.js. Coverage (Term): 37% Coverage (LOC): 59%
*- File /root/Targets/lsq-local/node_modules/connect/lib/patch.js. Coverage (Term): 26% Coverage (LOC): 20%
*- Re-run with EXPOSE_PRINT_COVERAGE=1 to print line by line coverage information
** ExpoSE Finished. 1 paths with 1 errors **
