+ lua2js@0.0.11
updated 1 package in 0.791s
Setup Done exists, not setting up
:../FeatureTester/libs/:/home/blake/Targets/lua2js/node_modules
Set Default Z3_PATH to ./node_modules/z3javascript/bin/libz3.so
ExpoSE Master: /home/blake/ExpoSE/lib/Harness/src/harness.js max concurrent: 16 max paths: 1000000
Setting timeout to 900000
*** [0 done /0 queued / 1 running / 0 errors / 0% coverage ] ****** [0 done /0 queued / 1 running / 0 errors / 0% coverage ] ****** [1 done /1 queued / 1 running / 1 errors / 11% coverage ] ****** [1 done /0 queued / 2 running / 1 errors / 11% coverage ] ****** [1 done /0 queued / 2 running / 1 errors / 11% coverage ] ****** [2 done /0 queued / 2 running / 2 errors / 11% coverage ] ****** [2 done /0 queued / 2 running / 2 errors / 11% coverage ] ****** [3 done /0 queued / 1 running / 2 errors / 11% coverage ] ****** [4 done /0 queued / 1 running / 3 errors / 11% coverage ] ****** [4 done /0 queued / 1 running / 3 errors / 11% coverage ] ****** [5 done /54 queued / 1 running / 4 errors / 27% coverage ] ****** [5 done /53 queued / 2 running / 4 errors / 27% coverage ] ****** [5 done /52 queued / 3 running / 4 errors / 27% coverage ] ****** [5 done /51 queued / 4 running / 4 errors / 27% coverage ] ****** [5 done /50 queued / 5 running / 4 errors / 27% coverage ] ****** [5 done /49 queued / 6 running / 4 errors / 27% coverage ] ****** [5 done /48 queued / 7 running / 4 errors / 27% coverage ] ****** [5 done /47 queued / 8 running / 4 errors / 27% coverage ] ****** [5 done /46 queued / 9 running / 4 errors / 27% coverage ] ****** [5 done /45 queued / 10 running / 4 errors / 27% coverage ] ****** [5 done /44 queued / 11 running / 4 errors / 27% coverage ] ****** [5 done /43 queued / 12 running / 4 errors / 27% coverage ] ****** [5 done /42 queued / 13 running / 4 errors / 27% coverage ] ****** [5 done /41 queued / 14 running / 4 errors / 27% coverage ] ****** [5 done /40 queued / 15 running / 4 errors / 27% coverage ] ****** [5 done /39 queued / 16 running / 4 errors / 27% coverage ] ****** [5 done /39 queued / 16 running / 4 errors / 27% coverage ] ****** [6 done /40 queued / 16 running / 5 errors / 27% coverage ] ****** [6 done /40 queued / 16 running / 5 errors / 27% coverage ] ****** [7 done /45 queued / 16 running / 6 errors / 28.999999999999996% coverage ] ****** [7 done /45 queued / 16 running / 6 errors / 28.999999999999996% coverage ] ****** [8 done /59 queued / 16 running / 7 errors / 31% coverage ] ****** [8 done /59 queued / 16 running / 7 errors / 31% coverage ] ****** [9 done /71 queued / 16 running / 8 errors / 31% coverage ] ****** [9 done /71 queued / 16 running / 8 errors / 31% coverage ] ****** [10 done /92 queued / 16 running / 9 errors / 31% coverage ] ****** [10 done /92 queued / 16 running / 9 errors / 31% coverage ] ****** [11 done /109 queued / 16 running / 10 errors / 31% coverage ] ****** [11 done /109 queued / 16 running / 10 errors / 31% coverage ] ****** [12 done /124 queued / 16 running / 11 errors / 31% coverage ] ****** [12 done /124 queued / 16 running / 11 errors / 31% coverage ] ****** [13 done /134 queued / 16 running / 12 errors / 31% coverage ] ****** [13 done /134 queued / 16 running / 12 errors / 31% coverage ] ****** [14 done /165 queued / 16 running / 13 errors / 31% coverage ] ****** [14 done /165 queued / 16 running / 13 errors / 31% coverage ] ****** [15 done /172 queued / 16 running / 14 errors / 31% coverage ] ****** [15 done /172 queued / 16 running / 14 errors / 31% coverage ] ****** [16 done /171 queued / 16 running / 14 errors / 33% coverage ] ****** [16 done /171 queued / 16 running / 14 errors / 33% coverage ] ****** [17 done /171 queued / 16 running / 15 errors / 33% coverage ] ****** [17 done /171 queued / 16 running / 15 errors / 33% coverage ] ****** [18 done /206 queued / 16 running / 16 errors / 33% coverage ] ****** [18 done /206 queued / 16 running / 16 errors / 33% coverage ] ****** [19 done /231 queued / 16 running / 17 errors / 33% coverage ] ****** [19 done /231 queued / 16 running / 17 errors / 33% coverage ] ****** [20 done /263 queued / 16 running / 18 errors / 33% coverage ] ****** [20 done /263 queued / 16 running / 18 errors / 33% coverage ] ****** [21 done /275 queued / 16 running / 19 errors / 33% coverage ] ****** [21 done /275 queued / 16 running / 19 errors / 33% coverage ] ****** [22 done /275 queued / 16 running / 19 errors / 34% coverage ] ****** [22 done /275 queued / 16 running / 19 errors / 34% coverage ] ****** [23 done /287 queued / 16 running / 20 errors / 34% coverage ] ****** [23 done /287 queued / 16 running / 20 errors / 34% coverage ] ****** [24 done /305 queued / 16 running / 21 errors / 34% coverage ] ****** [24 done /305 queued / 16 running / 21 errors / 34% coverage ] ****** [25 done /306 queued / 16 running / 22 errors / 34% coverage ] ****** [25 done /306 queued / 16 running / 22 errors / 34% coverage ] ****** [26 done /318 queued / 16 running / 23 errors / 34% coverage ] ****** [26 done /318 queued / 16 running / 23 errors / 34% coverage ] ****** [27 done /327 queued / 16 running / 24 errors / 34% coverage ] ****** [27 done /327 queued / 16 running / 24 errors / 34% coverage ] ****** [28 done /329 queued / 16 running / 25 errors / 34% coverage ] ****** [28 done /329 queued / 16 running / 25 errors / 34% coverage ] ****** [29 done /334 queued / 16 running / 26 errors / 34% coverage ] ****** [29 done /334 queued / 16 running / 26 errors / 34% coverage ] ****** [30 done /356 queued / 16 running / 27 errors / 34% coverage ] ****** [30 done /356 queued / 16 running / 27 errors / 34% coverage ] ****** [31 done /374 queued / 16 running / 28 errors / 34% coverage ] ****** [31 done /374 queued / 16 running / 28 errors / 34% coverage ] ****** [32 done /379 queued / 16 running / 29 errors / 34% coverage ] ****** [32 done /379 queued / 16 running / 29 errors / 34% coverage ] ****** [33 done /379 queued / 16 running / 29 errors / 34% coverage ] ****** [33 done /379 queued / 16 running / 29 errors / 34% coverage ] ****** [34 done /416 queued / 16 running / 30 errors / 34% coverage ] ****** [34 done /416 queued / 16 running / 30 errors / 34% coverage ] ****** [35 done /442 queued / 16 running / 31 errors / 34% coverage ] ****** [35 done /442 queued / 16 running / 31 errors / 34% coverage ] ****** [36 done /476 queued / 16 running / 32 errors / 34% coverage ] ****** [36 done /476 queued / 16 running / 32 errors / 34% coverage ] ****** [37 done /502 queued / 16 running / 33 errors / 34% coverage ] ****** [37 done /502 queued / 16 running / 33 errors / 34% coverage ] ****** [38 done /501 queued / 16 running / 34 errors / 34% coverage ] ****** [38 done /501 queued / 16 running / 34 errors / 34% coverage ] ****** [39 done /505 queued / 16 running / 35 errors / 34% coverage ] ****** [39 done /505 queued / 16 running / 35 errors / 34% coverage ] ****** [40 done /516 queued / 16 running / 36 errors / 34% coverage ] ****** [40 done /516 queued / 16 running / 36 errors / 34% coverage ] ****** [41 done /516 queued / 16 running / 37 errors / 34% coverage ] ****** [41 done /516 queued / 16 running / 37 errors / 34% coverage ] ****** [42 done /516 queued / 16 running / 37 errors / 34% coverage ] ****** [42 done /516 queued / 16 running / 37 errors / 34% coverage ] ****** [43 done /536 queued / 16 running / 38 errors / 34% coverage ] ****** [43 done /536 queued / 16 running / 38 errors / 34% coverage ] ****** [44 done /572 queued / 16 running / 39 errors / 34% coverage ] ****** [44 done /572 queued / 16 running / 39 errors / 34% coverage ] ****** [45 done /605 queued / 16 running / 40 errors / 34% coverage ] ****** [45 done /605 queued / 16 running / 40 errors / 34% coverage ] ****** [46 done /631 queued / 16 running / 41 errors / 34% coverage ] ****** [46 done /631 queued / 16 running / 41 errors / 34% coverage ] ****** [47 done /630 queued / 16 running / 41 errors / 34% coverage ] ****** [47 done /630 queued / 16 running / 41 errors / 34% coverage ] ****** [48 done /648 queued / 16 running / 42 errors / 34% coverage ] ****** [48 done /648 queued / 16 running / 42 errors / 34% coverage ] ****** [49 done /678 queued / 16 running / 43 errors / 34% coverage ] ****** [49 done /678 queued / 16 running / 43 errors / 34% coverage ] ****** [50 done /700 queued / 16 running / 44 errors / 34% coverage ] ****** [50 done /700 queued / 16 running / 44 errors / 34% coverage ] ****** [51 done /733 queued / 16 running / 45 errors / 34% coverage ] ****** [51 done /733 queued / 16 running / 45 errors / 34% coverage ] ****** [52 done /738 queued / 16 running / 46 errors / 34% coverage ] ****** [52 done /738 queued / 16 running / 46 errors / 34% coverage ] ****** [53 done /764 queued / 16 running / 47 errors / 34% coverage ] ****** [53 done /764 queued / 16 running / 47 errors / 34% coverage ] ****** [54 done /789 queued / 16 running / 48 errors / 34% coverage ] ****** [54 done /789 queued / 16 running / 48 errors / 34% coverage ] ****** [55 done /789 queued / 16 running / 48 errors / 34% coverage ] ****** [55 done /789 queued / 16 running / 48 errors / 34% coverage ] ****** [56 done /816 queued / 16 running / 49 errors / 34% coverage ] ****** [56 done /816 queued / 16 running / 49 errors / 34% coverage ] ****** [57 done /829 queued / 16 running / 50 errors / 35% coverage ] ****** [57 done /829 queued / 16 running / 50 errors / 35% coverage ] ****** [58 done /838 queued / 16 running / 51 errors / 35% coverage ] ****** [58 done /838 queued / 16 running / 51 errors / 35% coverage ] ****** [59 done /861 queued / 16 running / 52 errors / 35% coverage ] ****** [59 done /861 queued / 16 running / 52 errors / 35% coverage ] ****** [60 done /865 queued / 16 running / 52 errors / 35% coverage ] ****** [60 done /865 queued / 16 running / 52 errors / 35% coverage ] ****** [61 done /881 queued / 16 running / 53 errors / 35% coverage ] ****** [61 done /881 queued / 16 running / 53 errors / 35% coverage ] ****** [62 done /881 queued / 16 running / 54 errors / 35% coverage ] ****** [62 done /881 queued / 16 running / 54 errors / 35% coverage ] ****** [63 done /882 queued / 16 running / 55 errors / 36% coverage ] ****** [63 done /882 queued / 16 running / 55 errors / 36% coverage ] ****** [64 done /887 queued / 16 running / 56 errors / 36% coverage ] ****** [64 done /887 queued / 16 running / 56 errors / 36% coverage ] ****** [65 done /899 queued / 16 running / 57 errors / 36% coverage ] ****** [65 done /899 queued / 16 running / 57 errors / 36% coverage ] ****** [66 done /912 queued / 16 running / 58 errors / 36% coverage ] ****** [66 done /912 queued / 16 running / 58 errors / 36% coverage ] ****** [67 done /925 queued / 16 running / 59 errors / 36% coverage ] ****** [67 done /925 queued / 16 running / 59 errors / 36% coverage ] ****** [68 done /951 queued / 16 running / 60 errors / 36% coverage ] ****** [68 done /951 queued / 16 running / 60 errors / 36% coverage ] ****** [69 done /953 queued / 16 running / 61 errors / 36% coverage ] ****** [69 done /953 queued / 16 running / 61 errors / 36% coverage ] ****** [70 done /958 queued / 16 running / 62 errors / 36% coverage ] ****** [70 done /958 queued / 16 running / 62 errors / 36% coverage ] ****** [71 done /983 queued / 16 running / 63 errors / 36% coverage ] ****** [71 done /983 queued / 16 running / 63 errors / 36% coverage ] ****** [72 done /1002 queued / 16 running / 64 errors / 36% coverage ] ****** [72 done /1002 queued / 16 running / 64 errors / 36% coverage ] ****** [73 done /1002 queued / 16 running / 65 errors / 37% coverage ] ****** [73 done /1002 queued / 16 running / 65 errors / 37% coverage ] ****** [74 done /1005 queued / 16 running / 66 errors / 37% coverage ] ****** [74 done /1005 queued / 16 running / 66 errors / 37% coverage ] ****** [75 done /1032 queued / 16 running / 67 errors / 37% coverage ] ****** [75 done /1032 queued / 16 running / 67 errors / 37% coverage ] ****** [76 done /1032 queued / 16 running / 68 errors / 37% coverage ] ****** [76 done /1032 queued / 16 running / 68 errors / 37% coverage ] ****** [77 done /1045 queued / 16 running / 69 errors / 37% coverage ] ****** [77 done /1045 queued / 16 running / 69 errors / 37% coverage ] ****** [78 done /1072 queued / 16 running / 70 errors / 37% coverage ] ****** [78 done /1072 queued / 16 running / 70 errors / 37% coverage ] ****** [79 done /1072 queued / 16 running / 70 errors / 37% coverage ] ****** [79 done /1072 queued / 16 running / 70 errors / 37% coverage ] ****** [80 done /1073 queued / 16 running / 71 errors / 37% coverage ] ****** [80 done /1073 queued / 16 running / 71 errors / 37% coverage ] ****** [81 done /1074 queued / 16 running / 72 errors / 37% coverage ] ****** [81 done /1074 queued / 16 running / 72 errors / 37% coverage ] ****** [82 done /1085 queued / 16 running / 73 errors / 37% coverage ] ****** [82 done /1085 queued / 16 running / 73 errors / 37% coverage ] ****** [83 done /1098 queued / 16 running / 74 errors / 37% coverage ] ****** [83 done /1098 queued / 16 running / 74 errors / 37% coverage ] ****** [84 done /1109 queued / 16 running / 75 errors / 37% coverage ] ****** [84 done /1109 queued / 16 running / 75 errors / 37% coverage ] ****** [85 done /1109 queued / 16 running / 75 errors / 37% coverage ] ****** [85 done /1109 queued / 16 running / 75 errors / 37% coverage ] ****** [86 done /1108 queued / 16 running / 76 errors / 37% coverage ] ****** [86 done /1108 queued / 16 running / 76 errors / 37% coverage ] ****** [87 done /1120 queued / 16 running / 77 errors / 37% coverage ] ****** [87 done /1120 queued / 16 running / 77 errors / 37% coverage ] ****** [88 done /1133 queued / 16 running / 78 errors / 37% coverage ] ****** [88 done /1133 queued / 16 running / 78 errors / 37% coverage ] ****** [89 done /1143 queued / 16 running / 79 errors / 37% coverage ] ****** [89 done /1143 queued / 16 running / 79 errors / 37% coverage ] ****** [90 done /1144 queued / 16 running / 80 errors / 37% coverage ] ****** [90 done /1144 queued / 16 running / 80 errors / 37% coverage ] ****** [91 done /1162 queued / 16 running / 81 errors / 37% coverage ] ****** [91 done /1162 queued / 16 running / 81 errors / 37% coverage ] ****** [92 done /1175 queued / 16 running / 82 errors / 37% coverage ] ****** [92 done /1175 queued / 16 running / 82 errors / 37% coverage ] ****** [93 done /1175 queued / 16 running / 83 errors / 37% coverage ] ****** [93 done /1175 queued / 16 running / 83 errors / 37% coverage ] ****** [94 done /1178 queued / 16 running / 84 errors / 37% coverage ] ****** [94 done /1178 queued / 16 running / 84 errors / 37% coverage ] ****** [95 done /1201 queued / 16 running / 85 errors / 37% coverage ] ****** [95 done /1201 queued / 16 running / 85 errors / 37% coverage ] ****** [96 done /1208 queued / 16 running / 86 errors / 37% coverage ] ****** [96 done /1208 queued / 16 running / 86 errors / 37% coverage ] ****** [97 done /1223 queued / 16 running / 87 errors / 37% coverage ] ****** [97 done /1223 queued / 16 running / 87 errors / 37% coverage ] ****** [98 done /1227 queued / 16 running / 88 errors / 37% coverage ] ****** [98 done /1227 queued / 16 running / 88 errors / 37% coverage ] ****** [99 done /1240 queued / 16 running / 89 errors / 38% coverage ] ****** [99 done /1240 queued / 16 running / 89 errors / 38% coverage ] ****** [100 done /1266 queued / 16 running / 90 errors / 38% coverage ] ****** [100 done /1266 queued / 16 running / 90 errors / 38% coverage ] ****** [101 done /1286 queued / 16 running / 91 errors / 38% coverage ] ****** [101 done /1286 queued / 16 running / 91 errors / 38% coverage ] ****** [102 done /1295 queued / 16 running / 92 errors / 38% coverage ] ****** [102 done /1295 queued / 16 running / 92 errors / 38% coverage ] ****** [103 done /1319 queued / 16 running / 93 errors / 38% coverage ] ****** [103 done /1319 queued / 16 running / 93 errors / 38% coverage ] ****** [104 done /1321 queued / 16 running / 94 errors / 38% coverage ] ****** [104 done /1321 queued / 16 running / 94 errors / 38% coverage ] ****** [105 done /1320 queued / 16 running / 95 errors / 38% coverage ] ****** [105 done /1320 queued / 16 running / 95 errors / 38% coverage ] ****** [106 done /1321 queued / 16 running / 96 errors / 38% coverage ] ****** [106 done /1321 queued / 16 running / 96 errors / 38% coverage ] ****** [107 done /1324 queued / 16 running / 97 errors / 38% coverage ] ****** [107 done /1324 queued / 16 running / 97 errors / 38% coverage ] ****** [108 done /1353 queued / 16 running / 97 errors / 38% coverage ] ****** [108 done /1353 queued / 16 running / 97 errors / 38% coverage ] ****** [109 done /1367 queued / 16 running / 98 errors / 38% coverage ] ****** [109 done /1367 queued / 16 running / 98 errors / 38% coverage ] ****** [110 done /1390 queued / 16 running / 99 errors / 38% coverage ] ****** [110 done /1390 queued / 16 running / 99 errors / 38% coverage ] ****** [111 done /1413 queued / 16 running / 100 errors / 38% coverage ] ****** [111 done /1413 queued / 16 running / 100 errors / 38% coverage ] ****** [112 done /1444 queued / 16 running / 101 errors / 38% coverage ] ****** [112 done /1444 queued / 16 running / 101 errors / 38% coverage ] ****** [113 done /1444 queued / 16 running / 102 errors / 38% coverage ] ****** [113 done /1444 queued / 16 running / 102 errors / 38% coverage ] ****** [114 done /1473 queued / 16 running / 103 errors / 38% coverage ] ****** [114 done /1473 queued / 16 running / 103 errors / 38% coverage ] ****** [115 done /1485 queued / 16 running / 104 errors / 38% coverage ] ****** [115 done /1485 queued / 16 running / 104 errors / 38% coverage ] ****** [116 done /1511 queued / 16 running / 105 errors / 38% coverage ] ****** [116 done /1511 queued / 16 running / 105 errors / 38% coverage ] ****** [117 done /1512 queued / 16 running / 106 errors / 38% coverage ] ****** [117 done /1512 queued / 16 running / 106 errors / 38% coverage ] ****** [118 done /1525 queued / 16 running / 107 errors / 38% coverage ] ****** [118 done /1525 queued / 16 running / 107 errors / 38% coverage ] ****** [119 done /1534 queued / 16 running / 108 errors / 38% coverage ] ****** [119 done /1534 queued / 16 running / 108 errors / 38% coverage ] ****** [120 done /1543 queued / 16 running / 109 errors / 38% coverage ] ****** [120 done /1543 queued / 16 running / 109 errors / 38% coverage ] ****** [121 done /1554 queued / 16 running / 110 errors / 38% coverage ] ****** [121 done /1554 queued / 16 running / 110 errors / 38% coverage ] ****** [122 done /1574 queued / 16 running / 111 errors / 38% coverage ] ****** [122 done /1574 queued / 16 running / 111 errors / 38% coverage ] ****** [123 done /1576 queued / 16 running / 112 errors / 39% coverage ] ****** [123 done /1576 queued / 16 running / 112 errors / 39% coverage ] ****** [124 done /1587 queued / 16 running / 113 errors / 39% coverage ] ****** [124 done /1587 queued / 16 running / 113 errors / 39% coverage ] ****** [125 done /1587 queued / 16 running / 113 errors / 39% coverage ] ****** [125 done /1587 queued / 16 running / 113 errors / 39% coverage ] ****** [126 done /1598 queued / 16 running / 114 errors / 39% coverage ] ****** [126 done /1598 queued / 16 running / 114 errors / 39% coverage ] ****** [127 done /1609 queued / 16 running / 115 errors / 39% coverage ] ****** [127 done /1609 queued / 16 running / 115 errors / 39% coverage ] ****** [128 done /1610 queued / 16 running / 116 errors / 39% coverage ] ****** [128 done /1610 queued / 16 running / 116 errors / 39% coverage ] ****** [129 done /1640 queued / 16 running / 117 errors / 39% coverage ] ****** [129 done /1640 queued / 16 running / 117 errors / 39% coverage ] ****** [130 done /1641 queued / 16 running / 118 errors / 39% coverage ] ****** [130 done /1641 queued / 16 running / 118 errors / 39% coverage ] ****** [131 done /1641 queued / 16 running / 119 errors / 39% coverage ] ****** [131 done /1641 queued / 16 running / 119 errors / 39% coverage ] ****** [132 done /1671 queued / 16 running / 119 errors / 39% coverage ] ****** [132 done /1671 queued / 16 running / 119 errors / 39% coverage ] ****** [133 done /1684 queued / 16 running / 120 errors / 39% coverage ] ****** [133 done /1684 queued / 16 running / 120 errors / 39% coverage ] ****** [134 done /1703 queued / 16 running / 121 errors / 39% coverage ] ****** [134 done /1703 queued / 16 running / 121 errors / 39% coverage ] ****** [135 done /1715 queued / 16 running / 122 errors / 39% coverage ] ****** [135 done /1715 queued / 16 running / 122 errors / 39% coverage ] ****** [136 done /1720 queued / 16 running / 122 errors / 40% coverage ] ****** [136 done /1720 queued / 16 running / 122 errors / 40% coverage ] ****** [137 done /1732 queued / 16 running / 123 errors / 41% coverage ] ****** [137 done /1732 queued / 16 running / 123 errors / 41% coverage ] ****** [138 done /1756 queued / 16 running / 124 errors / 41% coverage ] ****** [138 done /1756 queued / 16 running / 124 errors / 41% coverage ] ****** [139 done /1756 queued / 16 running / 125 errors / 41% coverage ] ****** [139 done /1756 queued / 16 running / 125 errors / 41% coverage ] ****** [140 done /1768 queued / 16 running / 126 errors / 41% coverage ] ****** [140 done /1768 queued / 16 running / 126 errors / 41% coverage ] ****** [141 done /1767 queued / 16 running / 127 errors / 41% coverage ] ****** [141 done /1767 queued / 16 running / 127 errors / 41% coverage ] ****** [142 done /1808 queued / 16 running / 128 errors / 41% coverage ] ****** [142 done /1808 queued / 16 running / 128 errors / 41% coverage ] ****** [143 done /1832 queued / 16 running / 129 errors / 41% coverage ] ****** [143 done /1832 queued / 16 running / 129 errors / 41% coverage ] ****** [144 done /1840 queued / 16 running / 130 errors / 41% coverage ] ****** [144 done /1840 queued / 16 running / 130 errors / 41% coverage ] ****** [145 done /1839 queued / 16 running / 131 errors / 41% coverage ] ****** [145 done /1839 queued / 16 running / 131 errors / 41% coverage ] ****** [146 done /1851 queued / 16 running / 132 errors / 41% coverage ] ****** [146 done /1851 queued / 16 running / 132 errors / 41% coverage ] ****** [147 done /1852 queued / 16 running / 133 errors / 41% coverage ] ****** [147 done /1852 queued / 16 running / 133 errors / 41% coverage ] ****** [148 done /1888 queued / 16 running / 134 errors / 41% coverage ] ****** [148 done /1888 queued / 16 running / 134 errors / 41% coverage ] ****** [149 done /1900 queued / 16 running / 135 errors / 41% coverage ] ****** [149 done /1900 queued / 16 running / 135 errors / 41% coverage ] ****** [150 done /1927 queued / 16 running / 136 errors / 41% coverage ] ****** [150 done /1927 queued / 16 running / 136 errors / 41% coverage ] ****** [151 done /1954 queued / 16 running / 137 errors / 41% coverage ] ****** [151 done /1954 queued / 16 running / 137 errors / 41% coverage ] ****** [152 done /1975 queued / 16 running / 138 errors / 41% coverage ] ****** [152 done /1975 queued / 16 running / 138 errors / 41% coverage ] ****** [153 done /1977 queued / 16 running / 139 errors / 41% coverage ] ****** [153 done /1977 queued / 16 running / 139 errors / 41% coverage ] ****** [154 done /1985 queued / 16 running / 140 errors / 41% coverage ] ****** [154 done /1985 queued / 16 running / 140 errors / 41% coverage ] ****** [155 done /1986 queued / 16 running / 141 errors / 41% coverage ] ****** [155 done /1986 queued / 16 running / 141 errors / 41% coverage ] ****** [156 done /1986 queued / 16 running / 142 errors / 41% coverage ] ****** [156 done /1986 queued / 16 running / 142 errors / 41% coverage ] ****** [157 done /2008 queued / 16 running / 143 errors / 41% coverage ] ****** [157 done /2008 queued / 16 running / 143 errors / 41% coverage ] ****** [158 done /2009 queued / 16 running / 144 errors / 41% coverage ] ****** [158 done /2009 queued / 16 running / 144 errors / 41% coverage ] ****** [159 done /2011 queued / 16 running / 145 errors / 41% coverage ] ****** [159 done /2011 queued / 16 running / 145 errors / 41% coverage ] ****** [160 done /2032 queued / 16 running / 146 errors / 41% coverage ] ****** [160 done /2032 queued / 16 running / 146 errors / 41% coverage ] ****** [161 done /2061 queued / 16 running / 147 errors / 41% coverage ] ****** [161 done /2061 queued / 16 running / 147 errors / 41% coverage ] ****** [162 done /2061 queued / 16 running / 148 errors / 41% coverage ] ****** [162 done /2061 queued / 16 running / 148 errors / 41% coverage ] ****** [163 done /2061 queued / 16 running / 149 errors / 41% coverage ] ****** [163 done /2061 queued / 16 running / 149 errors / 41% coverage ] ****** [164 done /2062 queued / 16 running / 150 errors / 41% coverage ] ****** [164 done /2062 queued / 16 running / 150 errors / 41% coverage ] ****** [165 done /2079 queued / 16 running / 151 errors / 41% coverage ] ****** [165 done /2079 queued / 16 running / 151 errors / 41% coverage ] ****** [166 done /2091 queued / 16 running / 152 errors / 41% coverage ] ****** [166 done /2091 queued / 16 running / 152 errors / 41% coverage ] ****** [167 done /2103 queued / 16 running / 153 errors / 41% coverage ] ****** [167 done /2103 queued / 16 running / 153 errors / 41% coverage ] ****** [168 done /2103 queued / 16 running / 154 errors / 41% coverage ] ****** [168 done /2103 queued / 16 running / 154 errors / 41% coverage ] ****** [169 done /2116 queued / 16 running / 155 errors / 41% coverage ] ****** [169 done /2116 queued / 16 running / 155 errors / 41% coverage ] ****** [170 done /2118 queued / 16 running / 156 errors / 41% coverage ] ****** [170 done /2118 queued / 16 running / 156 errors / 41% coverage ] ****** [171 done /2126 queued / 16 running / 157 errors / 41% coverage ] ****** [171 done /2126 queued / 16 running / 157 errors / 41% coverage ] ****** [172 done /2129 queued / 16 running / 158 errors / 41% coverage ] ****** [172 done /2129 queued / 16 running / 158 errors / 41% coverage ] ****** [173 done /2132 queued / 16 running / 159 errors / 41% coverage ] ****** [173 done /2132 queued / 16 running / 159 errors / 41% coverage ] ****** [174 done /2132 queued / 16 running / 160 errors / 41% coverage ] ****** [174 done /2132 queued / 16 running / 160 errors / 41% coverage ] ****** [175 done /2132 queued / 16 running / 161 errors / 41% coverage ] ****** [175 done /2132 queued / 16 running / 161 errors / 41% coverage ] ****** [176 done /2153 queued / 16 running / 161 errors / 41% coverage ] ****** [176 done /2153 queued / 16 running / 161 errors / 41% coverage ] ****** [177 done /2169 queued / 16 running / 162 errors / 41% coverage ] ****** [177 done /2169 queued / 16 running / 162 errors / 41% coverage ] ****** [178 done /2176 queued / 16 running / 163 errors / 41% coverage ] ****** [178 done /2176 queued / 16 running / 163 errors / 41% coverage ] ****** [179 done /2181 queued / 16 running / 164 errors / 41% coverage ] ****** [179 done /2181 queued / 16 running / 164 errors / 41% coverage ] ****** [180 done /2182 queued / 16 running / 165 errors / 41% coverage ] ****** [180 done /2182 queued / 16 running / 165 errors / 41% coverage ] ****** [181 done /2198 queued / 16 running / 166 errors / 41% coverage ] ****** [181 done /2198 queued / 16 running / 166 errors / 41% coverage ] ****** [182 done /2200 queued / 16 running / 167 errors / 41% coverage ] ****** [182 done /2200 queued / 16 running / 167 errors / 41% coverage ] ****** [183 done /2211 queued / 16 running / 168 errors / 41% coverage ] ****** [183 done /2211 queued / 16 running / 168 errors / 41% coverage ] ****** [184 done /2227 queued / 16 running / 169 errors / 41% coverage ] ****** [184 done /2227 queued / 16 running / 169 errors / 41% coverage ] ****** [185 done /2230 queued / 16 running / 170 errors / 41% coverage ] ****** [185 done /2230 queued / 16 running / 170 errors / 41% coverage ] ****** [186 done /2258 queued / 16 running / 171 errors / 41% coverage ] ****** [186 done /2258 queued / 16 running / 171 errors / 41% coverage ] ****** [187 done /2283 queued / 16 running / 172 errors / 41% coverage ] ****** [187 done /2283 queued / 16 running / 172 errors / 41% coverage ] ****** [188 done /2311 queued / 16 running / 173 errors / 41% coverage ] ****** [188 done /2311 queued / 16 running / 173 errors / 41% coverage ] ****** [189 done /2311 queued / 16 running / 173 errors / 41% coverage ] ****** [189 done /2311 queued / 16 running / 173 errors / 41% coverage ] ****** [190 done /2311 queued / 16 running / 173 errors / 41% coverage ] ****** [190 done /2311 queued / 16 running / 173 errors / 41% coverage ] ****** [191 done /2340 queued / 16 running / 174 errors / 41% coverage ] ****** [191 done /2340 queued / 16 running / 174 errors / 41% coverage ] ****** [192 done /2346 queued / 16 running / 174 errors / 41% coverage ] ****** [192 done /2346 queued / 16 running / 174 errors / 41% coverage ] ****** [193 done /2345 queued / 16 running / 175 errors / 41% coverage ] ****** [193 done /2345 queued / 16 running / 175 errors / 41% coverage ] ****** [194 done /2357 queued / 16 running / 176 errors / 41% coverage ] ****** [194 done /2357 queued / 16 running / 176 errors / 41% coverage ] ****** [195 done /2376 queued / 16 running / 177 errors / 41% coverage ] ****** [195 done /2376 queued / 16 running / 177 errors / 41% coverage ] ****** [196 done /2404 queued / 16 running / 177 errors / 41% coverage ] ****** [196 done /2404 queued / 16 running / 177 errors / 41% coverage ] ****** [197 done /2434 queued / 16 running / 178 errors / 41% coverage ] ****** [197 done /2434 queued / 16 running / 178 errors / 41% coverage ] ****** [198 done /2446 queued / 16 running / 179 errors / 41% coverage ] ****** [198 done /2446 queued / 16 running / 179 errors / 41% coverage ] ****** [199 done /2450 queued / 16 running / 180 errors / 42% coverage ] ****** [199 done /2450 queued / 16 running / 180 errors / 42% coverage ] ****** [200 done /2484 queued / 16 running / 181 errors / 42% coverage ] ****** [200 done /2484 queued / 16 running / 181 errors / 42% coverage ] ****** [201 done /2484 queued / 16 running / 181 errors / 42% coverage ] ****** [201 done /2484 queued / 16 running / 181 errors / 42% coverage ] ****** [202 done /2502 queued / 16 running / 181 errors / 42% coverage ] ****** [202 done /2502 queued / 16 running / 181 errors / 42% coverage ] ****** [203 done /2534 queued / 16 running / 182 errors / 42% coverage ] ****** [203 done /2534 queued / 16 running / 182 errors / 42% coverage ] ****** [204 done /2558 queued / 16 running / 183 errors / 42% coverage ] ****** [204 done /2558 queued / 16 running / 183 errors / 42% coverage ] ****** [205 done /2558 queued / 16 running / 184 errors / 42% coverage ] ****** [205 done /2558 queued / 16 running / 184 errors / 42% coverage ] ****** [206 done /2567 queued / 16 running / 185 errors / 42% coverage ] ****** [206 done /2567 queued / 16 running / 185 errors / 42% coverage ] ****** [207 done /2568 queued / 16 running / 186 errors / 42% coverage ] ****** [207 done /2568 queued / 16 running / 186 errors / 42% coverage ] ****** [208 done /2568 queued / 16 running / 186 errors / 42% coverage ] ****** [208 done /2568 queued / 16 running / 186 errors / 42% coverage ] ****** [209 done /2581 queued / 16 running / 187 errors / 42% coverage ] ****** [209 done /2581 queued / 16 running / 187 errors / 42% coverage ] ****** [210 done /2604 queued / 16 running / 187 errors / 42% coverage ] ****** [210 done /2604 queued / 16 running / 187 errors / 42% coverage ] ****** [211 done /2603 queued / 16 running / 188 errors / 42% coverage ] ****** [211 done /2603 queued / 16 running / 188 errors / 42% coverage ] ****** [212 done /2616 queued / 16 running / 189 errors / 42% coverage ] ****** [212 done /2616 queued / 16 running / 189 errors / 42% coverage ] ****** [213 done /2635 queued / 16 running / 190 errors / 42% coverage ] ****** [213 done /2635 queued / 16 running / 190 errors / 42% coverage ] ****** [214 done /2668 queued / 16 running / 191 errors / 42% coverage ] ****** [214 done /2668 queued / 16 running / 191 errors / 42% coverage ] ****** [215 done /2667 queued / 16 running / 192 errors / 42% coverage ] ****** [215 done /2667 queued / 16 running / 192 errors / 42% coverage ] ****** [216 done /2672 queued / 16 running / 193 errors / 42% coverage ] ****** [216 done /2672 queued / 16 running / 193 errors / 42% coverage ] ****** [217 done /2691 queued / 16 running / 194 errors / 42% coverage ] ****** [217 done /2691 queued / 16 running / 194 errors / 42% coverage ] ****** [218 done /2707 queued / 16 running / 195 errors / 42% coverage ] ****** [218 done /2707 queued / 16 running / 195 errors / 42% coverage ] ****** [219 done /2718 queued / 16 running / 196 errors / 42% coverage ] ****** [219 done /2718 queued / 16 running / 196 errors / 42% coverage ] ****** [220 done /2719 queued / 16 running / 197 errors / 42% coverage ] ****** [220 done /2719 queued / 16 running / 197 errors / 42% coverage ] ****** [221 done /2719 queued / 16 running / 198 errors / 42% coverage ] ****** [221 done /2719 queued / 16 running / 198 errors / 42% coverage ] ****** [222 done /2723 queued / 16 running / 199 errors / 42% coverage ] ****** [222 done /2723 queued / 16 running / 199 errors / 42% coverage ] ****** [223 done /2724 queued / 16 running / 200 errors / 42% coverage ] ****** [223 done /2724 queued / 16 running / 200 errors / 42% coverage ] ****** [224 done /2724 queued / 16 running / 201 errors / 42% coverage ] ****** [224 done /2724 queued / 16 running / 201 errors / 42% coverage ] ***
*-- Stat Module Output --*
*-- concretizations: ["defineProperty","bound consoleCall","toString","apply","bound parse","charCodeAt","stringify","parse","parseFloat","call","join","parseInt","pow","sort","splice","Array","toUpperCase"]
*-- regex: 18893
*-- Stat Module Done --*
*-- Test Case {"_bound":0,"Switcher":false,"Target_Switch_Base":0,"ExpansionArg_type":0} start 0.0336 took 7.118s
*-- Errors occured in test {"_bound":0,"Switcher":false,"Target_Switch_Base":0,"ExpansionArg_type":0}
* Error: TypeError: Cannot read property 'charCodeAt' of undefined
*-- Replay with NO_COMPILE=1 expoSE replay '/home/blake/ExpoSE/lib/Harness/src/harness.js' '{"_bound":0}'
*-- Test Case {"Switcher":false,"Target_Switch_Base":0,"ExpansionArg_type":1,"_bound":2} start 7.4529 took 6.2061s
*-- Errors occured in test {"Switcher":false,"Target_Switch_Base":0,"ExpansionArg_type":1,"_bound":2}
* Error: TypeError: Cannot read property 'charCodeAt' of null
*-- Replay with NO_COMPILE=1 expoSE replay '/home/blake/ExpoSE/lib/Harness/src/harness.js' '{"Switcher":false,"Target_Switch_Base":0,"ExpansionArg_type":1,"_bound":2}'
*-- Test Case {"Switcher":false,"Target_Switch_Base":1,"ExpansionArg_type":0,"_bound":1} start 7.3874 took 7.6862s
*-- Test Case {"Switcher":false,"Target_Switch_Base":0,"ExpansionArg_type":2,"_bound":3,"ExpansionArg_int":0} start 13.8263 took 11.3918s
*-- Errors occured in test {"Switcher":false,"Target_Switch_Base":0,"ExpansionArg_type":2,"_bound":3,"ExpansionArg_int":0}
* Error: TypeError: Function.prototype.apply was called on undefined, which is a undefined and not a function
*-- Replay with NO_COMPILE=1 expoSE replay '/home/blake/ExpoSE/lib/Harness/src/harness.js' '{"Switcher":false,"Target_Switch_Base":0,"ExpansionArg_type":2,"_bound":3}'
*-- Test Case {"Switcher":false,"Target_Switch_Base":0,"ExpansionArg_type":3,"ExpansionArg_int":0,"_bound":4,"ExpansionArg_string":"PureString"} start 25.2846 took 96.2616s
*-- Errors occured in test {"Switcher":false,"Target_Switch_Base":0,"ExpansionArg_type":3,"ExpansionArg_int":0,"_bound":4,"ExpansionArg_string":"PureString"}
* Error: SyntaxError: Concolic(Found an expression but expected a statement: PureString, Expr {(str.++ "Found an expression but expected a statement: "
        (str.substr ExpansionArg_string (to_int 0.0) (to_int 10.0)))}, )
*-- Replay with NO_COMPILE=1 expoSE replay '/home/blake/ExpoSE/lib/Harness/src/harness.js' '{"Switcher":false,"Target_Switch_Base":0,"ExpansionArg_type":3,"ExpansionArg_int":0,"_bound":4}'
*-- Test Case {"Switcher":false,"Target_Switch_Base":0,"ExpansionArg_type":4,"ExpansionArg_string":"","_bound":5,"ExpansionArg_array_length":0} start 121.6877 took 7.2566s
*-- Errors occured in test {"Switcher":false,"Target_Switch_Base":0,"ExpansionArg_type":4,"ExpansionArg_string":"","_bound":5,"ExpansionArg_array_length":0}
* Error: TypeError: Function.prototype.apply was called on undefined, which is a undefined and not a function
*-- Replay with NO_COMPILE=1 expoSE replay '/home/blake/ExpoSE/lib/Harness/src/harness.js' '{"Switcher":false,"Target_Switch_Base":0,"ExpansionArg_type":4,"ExpansionArg_string":"","_bound":5}'
*-- Test Case {"Switcher":false,"Target_Switch_Base":0,"ExpansionArg_type":3,"ExpansionArg_string":"PHAhtCPPhb'","_bound":68} start 121.7785 took 21.7341s
*-- Errors occured in test {"Switcher":false,"Target_Switch_Base":0,"ExpansionArg_type":3,"ExpansionArg_string":"PHAhtCPPhb'","_bound":68}
* Error: SyntaxError: `'` expected (to close string at 1:11) at 1:12
*-- Replay with NO_COMPILE=1 expoSE replay '/home/blake/ExpoSE/lib/Harness/src/harness.js' '{"Switcher":false,"Target_Switch_Base":0,"ExpansionArg_type":3,"ExpansionArg_string":"PHAhtCPPhb'\''","_bound":68}'
*-- Test Case {"Switcher":false,"Target_Switch_Base":0,"ExpansionArg_type":3,"ExpansionArg_string":"\u0000","_bound":39} start 121.7407 took 30.3221s
*-- Errors occured in test {"Switcher":false,"Target_Switch_Base":0,"ExpansionArg_type":3,"ExpansionArg_string":"\u0000","_bound":39}
* Error: SyntaxError: Concolic(Parser error near ` `, Expr {(str.++ (str.++ "Parser error near `"
                (str.substr ExpansionArg_string (to_int 0.0) (to_int 1.0)))
        "`")}, )
*-- Replay with NO_COMPILE=1 expoSE replay '/home/blake/ExpoSE/lib/Harness/src/harness.js' '{"Switcher":false,"Target_Switch_Base":0,"ExpansionArg_type":3,"ExpansionArg_string":"\u0000","_bound":39}'
*-- Test Case {"Switcher":false,"Target_Switch_Base":0,"ExpansionArg_type":3,"ExpansionArg_string":"\u0000","_bound":41} start 122.1442 took 30.3715s
*-- Errors occured in test {"Switcher":false,"Target_Switch_Base":0,"ExpansionArg_type":3,"ExpansionArg_string":"\u0000","_bound":41}
* Error: SyntaxError: Concolic(Parser error near ` `, Expr {(str.++ (str.++ "Parser error near `"
                (str.substr ExpansionArg_string (to_int 0.0) (to_int 1.0)))
        "`")}, )
*-- Replay with NO_COMPILE=1 expoSE replay '/home/blake/ExpoSE/lib/Harness/src/harness.js' '{"Switcher":false,"Target_Switch_Base":0,"ExpansionArg_type":3,"ExpansionArg_string":"\u0000","_bound":41}'
*-- Test Case {"Switcher":false,"Target_Switch_Base":0,"ExpansionArg_type":3,"ExpansionArg_string":"\u0000","_bound":28} start 122.0921 took 30.7434s
*-- Errors occured in test {"Switcher":false,"Target_Switch_Base":0,"ExpansionArg_type":3,"ExpansionArg_string":"\u0000","_bound":28}
* Error: SyntaxError: Concolic(Parser error near ` `, Expr {(str.++ (str.++ "Parser error near `"
                (str.substr ExpansionArg_string (to_int 0.0) (to_int 1.0)))
        "`")}, )
*-- Replay with NO_COMPILE=1 expoSE replay '/home/blake/ExpoSE/lib/Harness/src/harness.js' '{"Switcher":false,"Target_Switch_Base":0,"ExpansionArg_type":3,"ExpansionArg_string":"\u0000","_bound":28}'
*-- Test Case {"Switcher":false,"Target_Switch_Base":0,"ExpansionArg_type":3,"ExpansionArg_string":"\u0000","_bound":34} start 121.822 took 32.7857s
*-- Errors occured in test {"Switcher":false,"Target_Switch_Base":0,"ExpansionArg_type":3,"ExpansionArg_string":"\u0000","_bound":34}
* Error: SyntaxError: Concolic(Parser error near ` `, Expr {(str.++ (str.++ "Parser error near `"
                (str.substr ExpansionArg_string (to_int 0.0) (to_int 1.0)))
        "`")}, )
*-- Replay with NO_COMPILE=1 expoSE replay '/home/blake/ExpoSE/lib/Harness/src/harness.js' '{"Switcher":false,"Target_Switch_Base":0,"ExpansionArg_type":3,"ExpansionArg_string":"\u0000","_bound":34}'
*-- Test Case {"Switcher":false,"Target_Switch_Base":0,"ExpansionArg_type":3,"ExpansionArg_string":"\u0000","_bound":38} start 121.9924 took 33.4958s
*-- Errors occured in test {"Switcher":false,"Target_Switch_Base":0,"ExpansionArg_type":3,"ExpansionArg_string":"\u0000","_bound":38}
* Error: SyntaxError: Concolic(Parser error near ` `, Expr {(str.++ (str.++ "Parser error near `"
                (str.substr ExpansionArg_string (to_int 0.0) (to_int 1.0)))
        "`")}, )
*-- Replay with NO_COMPILE=1 expoSE replay '/home/blake/ExpoSE/lib/Harness/src/harness.js' '{"Switcher":false,"Target_Switch_Base":0,"ExpansionArg_type":3,"ExpansionArg_string":"\u0000","_bound":38}'
*-- Test Case {"Switcher":false,"Target_Switch_Base":0,"ExpansionArg_type":3,"ExpansionArg_string":"\u0000","_bound":43} start 122.1241 took 37.7869s
*-- Errors occured in test {"Switcher":false,"Target_Switch_Base":0,"ExpansionArg_type":3,"ExpansionArg_string":"\u0000","_bound":43}
* Error: SyntaxError: Concolic(Parser error near ` `, Expr {(str.++ (str.++ "Parser error near `"
                (str.substr ExpansionArg_string (to_int 0.0) (to_int 1.0)))
        "`")}, )
*-- Replay with NO_COMPILE=1 expoSE replay '/home/blake/ExpoSE/lib/Harness/src/harness.js' '{"Switcher":false,"Target_Switch_Base":0,"ExpansionArg_type":3,"ExpansionArg_string":"\u0000","_bound":43}'
*-- Test Case {"Switcher":false,"Target_Switch_Base":0,"ExpansionArg_type":3,"ExpansionArg_string":"\u0000","_bound":16} start 121.6634 took 38.4181s
*-- Errors occured in test {"Switcher":false,"Target_Switch_Base":0,"ExpansionArg_type":3,"ExpansionArg_string":"\u0000","_bound":16}
* Error: SyntaxError: Concolic(Parser error near ` `, Expr {(str.++ (str.++ "Parser error near `"
                (str.substr ExpansionArg_string (to_int 0.0) (to_int 1.0)))
        "`")}, )
*-- Replay with NO_COMPILE=1 expoSE replay '/home/blake/ExpoSE/lib/Harness/src/harness.js' '{"Switcher":false,"Target_Switch_Base":0,"ExpansionArg_type":3,"ExpansionArg_string":"\u0000","_bound":16}'
*-- Test Case {"Switcher":false,"Target_Switch_Base":0,"ExpansionArg_type":3,"ExpansionArg_string":"a0bhbhdD0A'\u0000","_bound":112} start 143.6198 took 18.5739s
*-- Errors occured in test {"Switcher":false,"Target_Switch_Base":0,"ExpansionArg_type":3,"ExpansionArg_string":"a0bhbhdD0A'\u0000","_bound":112}
* Error: SyntaxError: `'` expected (to close string at 1:11) at 1:13
*-- Replay with NO_COMPILE=1 expoSE replay '/home/blake/ExpoSE/lib/Harness/src/harness.js' '{"Switcher":false,"Target_Switch_Base":0,"ExpansionArg_type":3,"ExpansionArg_string":"a0bhbhdD0A'\''\u0000","_bound":112}'
*-- Test Case {"Switcher":false,"Target_Switch_Base":0,"ExpansionArg_type":3,"ExpansionArg_string":"","_bound":575,"ExpandedSwitcher":0} start 155.5593 took 7.2959s
*-- Test Case {"Switcher":false,"Target_Switch_Base":0,"ExpansionArg_type":3,"ExpansionArg_string":"a0bhbhdD0A'\"","_bound":118} start 152.9895 took 10.8834s
*-- Errors occured in test {"Switcher":false,"Target_Switch_Base":0,"ExpansionArg_type":3,"ExpansionArg_string":"a0bhbhdD0A'\"","_bound":118}
* Error: SyntaxError: `'` expected (to close string at 1:11) at 1:13
*-- Replay with NO_COMPILE=1 expoSE replay '/home/blake/ExpoSE/lib/Harness/src/harness.js' '{"Switcher":false,"Target_Switch_Base":0,"ExpansionArg_type":3,"ExpansionArg_string":"a0bhbhdD0A'\''\"","_bound":118}'
*-- Test Case {"Switcher":false,"Target_Switch_Base":0,"ExpansionArg_type":3,"ExpansionArg_string":"\u0000","_bound":11} start 122.0511 took 42.3359s
*-- Errors occured in test {"Switcher":false,"Target_Switch_Base":0,"ExpansionArg_type":3,"ExpansionArg_string":"\u0000","_bound":11}
* Error: SyntaxError: Concolic(Parser error near ` `, Expr {(str.++ (str.++ "Parser error near `"
                (str.substr ExpansionArg_string (to_int 0.0) (to_int 1.0)))
        "`")}, )
*-- Replay with NO_COMPILE=1 expoSE replay '/home/blake/ExpoSE/lib/Harness/src/harness.js' '{"Switcher":false,"Target_Switch_Base":0,"ExpansionArg_type":3,"ExpansionArg_string":"\u0000","_bound":11}'
*-- Test Case {"Switcher":false,"Target_Switch_Base":0,"ExpansionArg_type":3,"ExpansionArg_string":"\u0000","_bound":23} start 121.8652 took 43.4046s
*-- Errors occured in test {"Switcher":false,"Target_Switch_Base":0,"ExpansionArg_type":3,"ExpansionArg_string":"\u0000","_bound":23}
* Error: SyntaxError: Concolic(Parser error near ` `, Expr {(str.++ (str.++ "Parser error near `"
                (str.substr ExpansionArg_string (to_int 0.0) (to_int 1.0)))
        "`")}, )
*-- Replay with NO_COMPILE=1 expoSE replay '/home/blake/ExpoSE/lib/Harness/src/harness.js' '{"Switcher":false,"Target_Switch_Base":0,"ExpansionArg_type":3,"ExpansionArg_string":"\u0000","_bound":23}'
*-- Test Case {"Switcher":false,"Target_Switch_Base":0,"ExpansionArg_type":3,"ExpansionArg_string":"\u0000","_bound":15} start 121.9387 took 43.9276s
*-- Errors occured in test {"Switcher":false,"Target_Switch_Base":0,"ExpansionArg_type":3,"ExpansionArg_string":"\u0000","_bound":15}
* Error: SyntaxError: Concolic(Parser error near ` `, Expr {(str.++ (str.++ "Parser error near `"
                (str.substr ExpansionArg_string (to_int 0.0) (to_int 1.0)))
        "`")}, )
*-- Replay with NO_COMPILE=1 expoSE replay '/home/blake/ExpoSE/lib/Harness/src/harness.js' '{"Switcher":false,"Target_Switch_Base":0,"ExpansionArg_type":3,"ExpansionArg_string":"\u0000","_bound":15}'
*-- Test Case {"Switcher":false,"Target_Switch_Base":0,"ExpansionArg_type":3,"ExpansionArg_string":"X","_bound":47} start 121.7074 took 44.8952s
*-- Errors occured in test {"Switcher":false,"Target_Switch_Base":0,"ExpansionArg_type":3,"ExpansionArg_string":"X","_bound":47}
* Error: SyntaxError: Concolic(Found an expression but expected a statement: X, Expr {(str.++ "Found an expression but expected a statement: "
        (str.substr ExpansionArg_string (to_int 0.0) (to_int 1.0)))}, )
*-- Replay with NO_COMPILE=1 expoSE replay '/home/blake/ExpoSE/lib/Harness/src/harness.js' '{"Switcher":false,"Target_Switch_Base":0,"ExpansionArg_type":3,"ExpansionArg_string":"X","_bound":47}'
*-- Test Case {"Switcher":false,"Target_Switch_Base":0,"ExpansionArg_type":3,"ExpansionArg_string":"\n","_bound":579,"ExpandedSwitcher":0} start 152.2091 took 16.9485s
*-- Test Case {"Switcher":false,"Target_Switch_Base":0,"ExpansionArg_type":3,"ExpansionArg_string":"Xz","_bound":48} start 121.7994 took 47.5505s
*-- Errors occured in test {"Switcher":false,"Target_Switch_Base":0,"ExpansionArg_type":3,"ExpansionArg_string":"Xz","_bound":48}
* Error: SyntaxError: Concolic(Found an expression but expected a statement: Xz, Expr {(str.++ "Found an expression but expected a statement: "
        (str.substr ExpansionArg_string (to_int 0.0) (to_int 2.0)))}, )
*-- Replay with NO_COMPILE=1 expoSE replay '/home/blake/ExpoSE/lib/Harness/src/harness.js' '{"Switcher":false,"Target_Switch_Base":0,"ExpansionArg_type":3,"ExpansionArg_string":"Xz","_bound":48}'
*-- Test Case {"Switcher":false,"Target_Switch_Base":0,"ExpansionArg_type":3,"ExpansionArg_string":"\u0000","_bound":31} start 129.0169 took 44.3423s
*-- Errors occured in test {"Switcher":false,"Target_Switch_Base":0,"ExpansionArg_type":3,"ExpansionArg_string":"\u0000","_bound":31}
* Error: SyntaxError: Concolic(Parser error near ` `, Expr {(str.++ (str.++ "Parser error near `"
                (str.substr ExpansionArg_string (to_int 0.0) (to_int 1.0)))
        "`")}, )
*-- Replay with NO_COMPILE=1 expoSE replay '/home/blake/ExpoSE/lib/Harness/src/harness.js' '{"Switcher":false,"Target_Switch_Base":0,"ExpansionArg_type":3,"ExpansionArg_string":"\u0000","_bound":31}'
*-- Test Case {"Switcher":false,"Target_Switch_Base":0,"ExpansionArg_type":4,"ExpansionArg_array_length":1,"_bound":7,"ExpansionArg_array_element_0_type":0} start 169.258 took 7.6002s
*-- Errors occured in test {"Switcher":false,"Target_Switch_Base":0,"ExpansionArg_type":4,"ExpansionArg_array_length":1,"_bound":7,"ExpansionArg_array_element_0_type":0}
* Error: TypeError: Function.prototype.apply was called on undefined, which is a undefined and not a function
*-- Replay with NO_COMPILE=1 expoSE replay '/home/blake/ExpoSE/lib/Harness/src/harness.js' '{"Switcher":false,"Target_Switch_Base":0,"ExpansionArg_type":4,"ExpansionArg_array_length":1,"_bound":7}'
*-- Test Case {"Switcher":false,"Target_Switch_Base":0,"ExpansionArg_type":3,"ExpansionArg_string":"\u0000","_bound":41} start 152.6373 took 28.6171s
*-- Errors occured in test {"Switcher":false,"Target_Switch_Base":0,"ExpansionArg_type":3,"ExpansionArg_string":"\u0000","_bound":41}
* Error: SyntaxError: Concolic(Parser error near ` `, Expr {(str.++ (str.++ "Parser error near `"
                (str.substr ExpansionArg_string (to_int 0.0) (to_int 1.0)))
        "`")}, )
*-- Replay with NO_COMPILE=1 expoSE replay '/home/blake/ExpoSE/lib/Harness/src/harness.js' '{"Switcher":false,"Target_Switch_Base":0,"ExpansionArg_type":3,"ExpansionArg_string":"\u0000","_bound":41}'
*-- Test Case {"Switcher":false,"Target_Switch_Base":0,"ExpansionArg_type":3,"ExpansionArg_string":"pP0A00BpBp'z","_bound":110} start 165.3601 took 18.2857s
*-- Errors occured in test {"Switcher":false,"Target_Switch_Base":0,"ExpansionArg_type":3,"ExpansionArg_string":"pP0A00BpBp'z","_bound":110}
* Error: SyntaxError: `'` expected (to close string at 1:11) at 1:13
*-- Replay with NO_COMPILE=1 expoSE replay '/home/blake/ExpoSE/lib/Harness/src/harness.js' '{"Switcher":false,"Target_Switch_Base":0,"ExpansionArg_type":3,"ExpansionArg_string":"pP0A00BpBp'\''z","_bound":110}'
*-- Test Case {"Switcher":false,"Target_Switch_Base":0,"ExpansionArg_type":4,"ExpansionArg_array_length":1,"ExpansionArg_array_element_0_type":2,"_bound":8,"ExpansionArg_array_element_0_int":0} start 176.9181 took 6.8554s
*-- Errors occured in test {"Switcher":false,"Target_Switch_Base":0,"ExpansionArg_type":4,"ExpansionArg_array_length":1,"ExpansionArg_array_element_0_type":2,"_bound":8,"ExpansionArg_array_element_0_int":0}
* Error: TypeError: Function.prototype.apply was called on undefined, which is a undefined and not a function
*-- Replay with NO_COMPILE=1 expoSE replay '/home/blake/ExpoSE/lib/Harness/src/harness.js' '{"Switcher":false,"Target_Switch_Base":0,"ExpansionArg_type":4,"ExpansionArg_array_length":1,"ExpansionArg_array_element_0_type":2,"_bound":8}'
*-- Test Case {"Switcher":false,"Target_Switch_Base":0,"ExpansionArg_type":3,"ExpansionArg_string":"PHAhuCPPhb\"","_bound":67} start 163.937 took 27.3688s
*-- Errors occured in test {"Switcher":false,"Target_Switch_Base":0,"ExpansionArg_type":3,"ExpansionArg_string":"PHAhuCPPhb\"","_bound":67}
* Error: SyntaxError: `"` expected (to close string at 1:11) at 1:12
*-- Replay with NO_COMPILE=1 expoSE replay '/home/blake/ExpoSE/lib/Harness/src/harness.js' '{"Switcher":false,"Target_Switch_Base":0,"ExpansionArg_type":3,"ExpansionArg_string":"PHAhuCPPhb\"","_bound":67}'
*-- Test Case {"Switcher":false,"Target_Switch_Base":0,"ExpansionArg_type":3,"ExpansionArg_string":"\u0000","_bound":27} start 162.9548 took 32.0408s
*-- Errors occured in test {"Switcher":false,"Target_Switch_Base":0,"ExpansionArg_type":3,"ExpansionArg_string":"\u0000","_bound":27}
* Error: SyntaxError: Concolic(Parser error near ` `, Expr {(str.++ (str.++ "Parser error near `"
                (str.substr ExpansionArg_string (to_int 0.0) (to_int 1.0)))
        "`")}, )
*-- Replay with NO_COMPILE=1 expoSE replay '/home/blake/ExpoSE/lib/Harness/src/harness.js' '{"Switcher":false,"Target_Switch_Base":0,"ExpansionArg_type":3,"ExpansionArg_string":"\u0000","_bound":27}'
*-- Test Case {"Switcher":false,"Target_Switch_Base":0,"ExpansionArg_type":3,"ExpansionArg_string":"\u0000","_bound":31} start 154.7852 took 42.4452s
*-- Errors occured in test {"Switcher":false,"Target_Switch_Base":0,"ExpansionArg_type":3,"ExpansionArg_string":"\u0000","_bound":31}
* Error: SyntaxError: Concolic(Parser error near ` `, Expr {(str.++ (str.++ "Parser error near `"
                (str.substr ExpansionArg_string (to_int 0.0) (to_int 1.0)))
        "`")}, )
*-- Replay with NO_COMPILE=1 expoSE replay '/home/blake/ExpoSE/lib/Harness/src/harness.js' '{"Switcher":false,"Target_Switch_Base":0,"ExpansionArg_type":3,"ExpansionArg_string":"\u0000","_bound":31}'
*-- Test Case {"Switcher":false,"Target_Switch_Base":0,"ExpansionArg_type":3,"ExpansionArg_string":"\u0000\u0000","_bound":576} start 191.4056 took 11.3882s
*-- Errors occured in test {"Switcher":false,"Target_Switch_Base":0,"ExpansionArg_type":3,"ExpansionArg_string":"\u0000\u0000","_bound":576}
* Error: SyntaxError: Concolic(Parser error near ` `, Expr {(str.++ (str.++ "Parser error near `"
                (str.substr ExpansionArg_string (to_int 0.0) (to_int 1.0)))
        "`")}, )
*-- Replay with NO_COMPILE=1 expoSE replay '/home/blake/ExpoSE/lib/Harness/src/harness.js' '{"Switcher":false,"Target_Switch_Base":0,"ExpansionArg_type":3,"ExpansionArg_string":"\u0000\u0000","_bound":576}'
*-- Test Case {"Switcher":false,"Target_Switch_Base":0,"ExpansionArg_type":3,"ExpansionArg_string":"","_bound":54,"ExpandedSwitcher":0} start 169.4809 took 35.0394s
*-- Test Case {"Switcher":false,"Target_Switch_Base":0,"ExpansionArg_type":3,"ExpansionArg_string":"\u0000","_bound":8} start 165.9622 took 40.1051s
*-- Errors occured in test {"Switcher":false,"Target_Switch_Base":0,"ExpansionArg_type":3,"ExpansionArg_string":"\u0000","_bound":8}
* Error: SyntaxError: Concolic(Parser error near ` `, Expr {(str.++ (str.++ "Parser error near `"
                (str.substr ExpansionArg_string (to_int 0.0) (to_int 1.0)))
        "`")}, )
*-- Replay with NO_COMPILE=1 expoSE replay '/home/blake/ExpoSE/lib/Harness/src/harness.js' '{"Switcher":false,"Target_Switch_Base":0,"ExpansionArg_type":3,"ExpansionArg_string":"\u0000","_bound":8}'
*-- Test Case {"Switcher":false,"Target_Switch_Base":0,"ExpansionArg_type":3,"ExpansionArg_string":"\u0000","_bound":22} start 160.1604 took 46.1155s
*-- Errors occured in test {"Switcher":false,"Target_Switch_Base":0,"ExpansionArg_type":3,"ExpansionArg_string":"\u0000","_bound":22}
* Error: SyntaxError: Concolic(Parser error near ` `, Expr {(str.++ (str.++ "Parser error near `"
                (str.substr ExpansionArg_string (to_int 0.0) (to_int 1.0)))
        "`")}, )
*-- Replay with NO_COMPILE=1 expoSE replay '/home/blake/ExpoSE/lib/Harness/src/harness.js' '{"Switcher":false,"Target_Switch_Base":0,"ExpansionArg_type":3,"ExpansionArg_string":"\u0000","_bound":22}'
*-- Test Case {"Switcher":false,"Target_Switch_Base":0,"ExpansionArg_type":3,"ExpansionArg_string":"\u0000","_bound":12} start 166.6931 took 39.7221s
*-- Errors occured in test {"Switcher":false,"Target_Switch_Base":0,"ExpansionArg_type":3,"ExpansionArg_string":"\u0000","_bound":12}
* Error: SyntaxError: Concolic(Parser error near ` `, Expr {(str.++ (str.++ "Parser error near `"
                (str.substr ExpansionArg_string (to_int 0.0) (to_int 1.0)))
        "`")}, )
*-- Replay with NO_COMPILE=1 expoSE replay '/home/blake/ExpoSE/lib/Harness/src/harness.js' '{"Switcher":false,"Target_Switch_Base":0,"ExpansionArg_type":3,"ExpansionArg_string":"\u0000","_bound":12}'
*-- Test Case {"Switcher":false,"Target_Switch_Base":0,"ExpansionArg_type":3,"ExpansionArg_string":"\u0000","_bound":22} start 164.4691 took 45.7747s
*-- Errors occured in test {"Switcher":false,"Target_Switch_Base":0,"ExpansionArg_type":3,"ExpansionArg_string":"\u0000","_bound":22}
* Error: SyntaxError: Concolic(Parser error near ` `, Expr {(str.++ (str.++ "Parser error near `"
                (str.substr ExpansionArg_string (to_int 0.0) (to_int 1.0)))
        "`")}, )
*-- Replay with NO_COMPILE=1 expoSE replay '/home/blake/ExpoSE/lib/Harness/src/harness.js' '{"Switcher":false,"Target_Switch_Base":0,"ExpansionArg_type":3,"ExpansionArg_string":"\u0000","_bound":22}'
*-- Test Case {"Switcher":false,"Target_Switch_Base":0,"ExpansionArg_type":5,"ExpansionArg_array_length":0,"_bound":6,"ExpansionArg_bool":false} start 206.1741 took 6.2153s
*-- Errors occured in test {"Switcher":false,"Target_Switch_Base":0,"ExpansionArg_type":5,"ExpansionArg_array_length":0,"_bound":6,"ExpansionArg_bool":false}
* Error: TypeError: Function.prototype.apply was called on undefined, which is a undefined and not a function
*-- Replay with NO_COMPILE=1 expoSE replay '/home/blake/ExpoSE/lib/Harness/src/harness.js' '{"Switcher":false,"Target_Switch_Base":0,"ExpansionArg_type":5,"ExpansionArg_array_length":0,"_bound":6}'
*-- Test Case {"Switcher":false,"Target_Switch_Base":0,"ExpansionArg_type":3,"ExpansionArg_string":"\u0000n","_bound":577} start 202.9369 took 9.6219s
*-- Errors occured in test {"Switcher":false,"Target_Switch_Base":0,"ExpansionArg_type":3,"ExpansionArg_string":"\u0000n","_bound":577}
* Error: SyntaxError: Concolic(Parser error near ` `, Expr {(str.++ (str.++ "Parser error near `"
                (str.substr ExpansionArg_string (to_int 0.0) (to_int 1.0)))
        "`")}, )
*-- Replay with NO_COMPILE=1 expoSE replay '/home/blake/ExpoSE/lib/Harness/src/harness.js' '{"Switcher":false,"Target_Switch_Base":0,"ExpansionArg_type":3,"ExpansionArg_string":"\u0000n","_bound":577}'
*-- Test Case {"Switcher":false,"Target_Switch_Base":0,"ExpansionArg_type":3,"ExpansionArg_string":"\u0000","_bound":42} start 183.7032 took 29.2159s
*-- Errors occured in test {"Switcher":false,"Target_Switch_Base":0,"ExpansionArg_type":3,"ExpansionArg_string":"\u0000","_bound":42}
* Error: SyntaxError: Concolic(Parser error near ` `, Expr {(str.++ (str.++ "Parser error near `"
                (str.substr ExpansionArg_string (to_int 0.0) (to_int 1.0)))
        "`")}, )
*-- Replay with NO_COMPILE=1 expoSE replay '/home/blake/ExpoSE/lib/Harness/src/harness.js' '{"Switcher":false,"Target_Switch_Base":0,"ExpansionArg_type":3,"ExpansionArg_string":"\u0000","_bound":42}'
*-- Test Case {"Switcher":false,"Target_Switch_Base":0,"ExpansionArg_type":4,"ExpansionArg_array_length":1,"ExpansionArg_array_element_0_type":1,"ExpansionArg_array_element_0_int":0,"_bound":9} start 206.3626 took 8.1466s
*-- Errors occured in test {"Switcher":false,"Target_Switch_Base":0,"ExpansionArg_type":4,"ExpansionArg_array_length":1,"ExpansionArg_array_element_0_type":1,"ExpansionArg_array_element_0_int":0,"_bound":9}
* Error: TypeError: Function.prototype.apply was called on undefined, which is a undefined and not a function
*-- Replay with NO_COMPILE=1 expoSE replay '/home/blake/ExpoSE/lib/Harness/src/harness.js' '{"Switcher":false,"Target_Switch_Base":0,"ExpansionArg_type":4,"ExpansionArg_array_length":1,"ExpansionArg_array_element_0_type":1,"ExpansionArg_array_element_0_int":0,"_bound":9}'
*-- Test Case {"Switcher":false,"Target_Switch_Base":0,"ExpansionArg_type":3,"ExpansionArg_string":"\r","_bound":580,"ExpandedSwitcher":0} start 206.505 took 10.2922s
*-- Test Case {"Switcher":false,"Target_Switch_Base":0,"ExpansionArg_type":3,"ExpansionArg_string":"\u0000","_bound":29} start 181.3338 took 37.482s
*-- Errors occured in test {"Switcher":false,"Target_Switch_Base":0,"ExpansionArg_type":3,"ExpansionArg_string":"\u0000","_bound":29}
* Error: SyntaxError: Concolic(Parser error near ` `, Expr {(str.++ (str.++ "Parser error near `"
                (str.substr ExpansionArg_string (to_int 0.0) (to_int 1.0)))
        "`")}, )
*-- Replay with NO_COMPILE=1 expoSE replay '/home/blake/ExpoSE/lib/Harness/src/harness.js' '{"Switcher":false,"Target_Switch_Base":0,"ExpansionArg_type":3,"ExpansionArg_string":"\u0000","_bound":29}'
*-- Test Case {"Switcher":false,"Target_Switch_Base":0,"ExpansionArg_type":3,"ExpansionArg_string":"\u0000","_bound":9} start 173.4579 took 48.917s
*-- Errors occured in test {"Switcher":false,"Target_Switch_Base":0,"ExpansionArg_type":3,"ExpansionArg_string":"\u0000","_bound":9}
* Error: SyntaxError: Concolic(Parser error near ` `, Expr {(str.++ (str.++ "Parser error near `"
                (str.substr ExpansionArg_string (to_int 0.0) (to_int 1.0)))
        "`")}, )
*-- Replay with NO_COMPILE=1 expoSE replay '/home/blake/ExpoSE/lib/Harness/src/harness.js' '{"Switcher":false,"Target_Switch_Base":0,"ExpansionArg_type":3,"ExpansionArg_string":"\u0000","_bound":9}'
*-- Test Case {"Switcher":false,"Target_Switch_Base":0,"ExpansionArg_type":3,"ExpansionArg_string":"\u0000","_bound":13} start 183.838 took 40.5763s
*-- Errors occured in test {"Switcher":false,"Target_Switch_Base":0,"ExpansionArg_type":3,"ExpansionArg_string":"\u0000","_bound":13}
* Error: SyntaxError: Concolic(Parser error near ` `, Expr {(str.++ (str.++ "Parser error near `"
                (str.substr ExpansionArg_string (to_int 0.0) (to_int 1.0)))
        "`")}, )
*-- Replay with NO_COMPILE=1 expoSE replay '/home/blake/ExpoSE/lib/Harness/src/harness.js' '{"Switcher":false,"Target_Switch_Base":0,"ExpansionArg_type":3,"ExpansionArg_string":"\u0000","_bound":13}'
*-- Test Case {"Switcher":false,"Target_Switch_Base":0,"ExpansionArg_type":3,"ExpansionArg_string":"Hpw00p000D//\u0000\u0000","_bound":744} start 121.8911 took 112.2073s
*-- Errors occured in test {"Switcher":false,"Target_Switch_Base":0,"ExpansionArg_type":3,"ExpansionArg_string":"Hpw00p000D//\u0000\u0000","_bound":744}
* Error: SyntaxError: Concolic(Found an expression but expected a statement: Hpw00p000D, Expr {(str.++ "Found an expression but expected a statement: "
        (str.substr ExpansionArg_string (to_int 0.0) (to_int 10.0)))}, )
*-- Replay with NO_COMPILE=1 expoSE replay '/home/blake/ExpoSE/lib/Harness/src/harness.js' '{"Switcher":false,"Target_Switch_Base":0,"ExpansionArg_type":3,"ExpansionArg_string":"Hpw00p000D//\u0000\u0000","_bound":744}'
*-- Test Case {"Switcher":false,"Target_Switch_Base":0,"ExpansionArg_type":3,"ExpansionArg_string":"","_bound":575,"ExpandedSwitcher":0} start 224.5696 took 10.4765s
*-- Test Case {"Switcher":false,"Target_Switch_Base":0,"ExpansionArg_type":3,"ExpansionArg_string":"\u0000","_bound":31} start 197.3971 took 38.2845s
*-- Errors occured in test {"Switcher":false,"Target_Switch_Base":0,"ExpansionArg_type":3,"ExpansionArg_string":"\u0000","_bound":31}
* Error: SyntaxError: Concolic(Parser error near ` `, Expr {(str.++ (str.++ "Parser error near `"
                (str.substr ExpansionArg_string (to_int 0.0) (to_int 1.0)))
        "`")}, )
*-- Replay with NO_COMPILE=1 expoSE replay '/home/blake/ExpoSE/lib/Harness/src/harness.js' '{"Switcher":false,"Target_Switch_Base":0,"ExpansionArg_type":3,"ExpansionArg_string":"\u0000","_bound":31}'
*-- Test Case {"Switcher":false,"Target_Switch_Base":0,"ExpansionArg_type":3,"ExpansionArg_string":"\u0000","_bound":17} start 210.3404 took 31.9631s
*-- Errors occured in test {"Switcher":false,"Target_Switch_Base":0,"ExpansionArg_type":3,"ExpansionArg_string":"\u0000","_bound":17}
* Error: SyntaxError: Concolic(Parser error near ` `, Expr {(str.++ (str.++ "Parser error near `"
                (str.substr ExpansionArg_string (to_int 0.0) (to_int 1.0)))
        "`")}, )
*-- Replay with NO_COMPILE=1 expoSE replay '/home/blake/ExpoSE/lib/Harness/src/harness.js' '{"Switcher":false,"Target_Switch_Base":0,"ExpansionArg_type":3,"ExpansionArg_string":"\u0000","_bound":17}'
*-- Test Case {"Switcher":false,"Target_Switch_Base":0,"ExpansionArg_type":3,"ExpansionArg_string":"\u0000","_bound":27} start 212.4582 took 30.2857s
*-- Errors occured in test {"Switcher":false,"Target_Switch_Base":0,"ExpansionArg_type":3,"ExpansionArg_string":"\u0000","_bound":27}
* Error: SyntaxError: Concolic(Parser error near ` `, Expr {(str.++ (str.++ "Parser error near `"
                (str.substr ExpansionArg_string (to_int 0.0) (to_int 1.0)))
        "`")}, )
*-- Replay with NO_COMPILE=1 expoSE replay '/home/blake/ExpoSE/lib/Harness/src/harness.js' '{"Switcher":false,"Target_Switch_Base":0,"ExpansionArg_type":3,"ExpansionArg_string":"\u0000","_bound":27}'
*-- Test Case {"Switcher":false,"Target_Switch_Base":0,"ExpansionArg_type":3,"ExpansionArg_string":"\u0000","_bound":13} start 213.0153 took 31.9805s
*-- Errors occured in test {"Switcher":false,"Target_Switch_Base":0,"ExpansionArg_type":3,"ExpansionArg_string":"\u0000","_bound":13}
* Error: SyntaxError: Concolic(Parser error near ` `, Expr {(str.++ (str.++ "Parser error near `"
                (str.substr ExpansionArg_string (to_int 0.0) (to_int 1.0)))
        "`")}, )
*-- Replay with NO_COMPILE=1 expoSE replay '/home/blake/ExpoSE/lib/Harness/src/harness.js' '{"Switcher":false,"Target_Switch_Base":0,"ExpansionArg_type":3,"ExpansionArg_string":"\u0000","_bound":13}'
*-- Test Case {"Switcher":false,"Target_Switch_Base":0,"ExpansionArg_type":3,"ExpansionArg_string":"'","_bound":53} start 235.7501 took 10.6177s
*-- Errors occured in test {"Switcher":false,"Target_Switch_Base":0,"ExpansionArg_type":3,"ExpansionArg_string":"'","_bound":53}
* Error: SyntaxError: `'` expected (to close string at 1:1) at 1:2
*-- Replay with NO_COMPILE=1 expoSE replay '/home/blake/ExpoSE/lib/Harness/src/harness.js' '{"Switcher":false,"Target_Switch_Base":0,"ExpansionArg_type":3,"ExpansionArg_string":"'\''","_bound":53}'
*-- Test Case {"Switcher":false,"Target_Switch_Base":0,"ExpansionArg_type":3,"ExpansionArg_string":"TH0hTCPPhb<=","_bound":739} start 121.9617 took 129.3882s
*-- Errors occured in test {"Switcher":false,"Target_Switch_Base":0,"ExpansionArg_type":3,"ExpansionArg_string":"TH0hTCPPhb<=","_bound":739}
* Error: SyntaxError: Concolic(Found an expression but expected a statement: TH0hTCPPhb, Expr {(str.++ "Found an expression but expected a statement: "
        (str.substr ExpansionArg_string (to_int 0.0) (to_int 10.0)))}, )
*-- Replay with NO_COMPILE=1 expoSE replay '/home/blake/ExpoSE/lib/Harness/src/harness.js' '{"Switcher":false,"Target_Switch_Base":0,"ExpansionArg_type":3,"ExpansionArg_string":"TH0hTCPPhb<=","_bound":739}'
*-- Test Case {"Switcher":false,"Target_Switch_Base":0,"ExpansionArg_type":3,"ExpansionArg_string":"\u0000","_bound":23} start 204.6541 took 50.7646s
*-- Errors occured in test {"Switcher":false,"Target_Switch_Base":0,"ExpansionArg_type":3,"ExpansionArg_string":"\u0000","_bound":23}
* Error: SyntaxError: Concolic(Parser error near ` `, Expr {(str.++ (str.++ "Parser error near `"
                (str.substr ExpansionArg_string (to_int 0.0) (to_int 1.0)))
        "`")}, )
*-- Replay with NO_COMPILE=1 expoSE replay '/home/blake/ExpoSE/lib/Harness/src/harness.js' '{"Switcher":false,"Target_Switch_Base":0,"ExpansionArg_type":3,"ExpansionArg_string":"\u0000","_bound":23}'
*-- Test Case {"Switcher":false,"Target_Switch_Base":0,"ExpansionArg_type":3,"ExpansionArg_string":"","_bound":54,"ExpandedSwitcher":0} start 214.676 took 42.7164s
*-- Test Case {"Switcher":false,"Target_Switch_Base":0,"ExpansionArg_type":3,"ExpansionArg_string":"\u0000","_bound":21} start 218.9533 took 41.2011s
*-- Errors occured in test {"Switcher":false,"Target_Switch_Base":0,"ExpansionArg_type":3,"ExpansionArg_string":"\u0000","_bound":21}
* Error: SyntaxError: Concolic(Parser error near ` `, Expr {(str.++ (str.++ "Parser error near `"
                (str.substr ExpansionArg_string (to_int 0.0) (to_int 1.0)))
        "`")}, )
*-- Replay with NO_COMPILE=1 expoSE replay '/home/blake/ExpoSE/lib/Harness/src/harness.js' '{"Switcher":false,"Target_Switch_Base":0,"ExpansionArg_type":3,"ExpansionArg_string":"\u0000","_bound":21}'
*-- Test Case {"Switcher":false,"Target_Switch_Base":0,"ExpansionArg_type":3,"ExpansionArg_string":"4","_bound":50} start 245.1033 took 20.3147s
*-- Errors occured in test {"Switcher":false,"Target_Switch_Base":0,"ExpansionArg_type":3,"ExpansionArg_string":"4","_bound":50}
* Error: SyntaxError: Concolic(Found an expression but expected a statement: 4, Expr {(str.++ "Found an expression but expected a statement: "
        (str.substr ExpansionArg_string (to_int 0.0) (to_int 1.0)))}, )
*-- Replay with NO_COMPILE=1 expoSE replay '/home/blake/ExpoSE/lib/Harness/src/harness.js' '{"Switcher":false,"Target_Switch_Base":0,"ExpansionArg_type":3,"ExpansionArg_string":"4","_bound":50}'
*-- Test Case {"Switcher":false,"Target_Switch_Base":0,"ExpansionArg_type":3,"ExpansionArg_string":"\u0000","_bound":44} start 216.9513 took 48.9059s
*-- Errors occured in test {"Switcher":false,"Target_Switch_Base":0,"ExpansionArg_type":3,"ExpansionArg_string":"\u0000","_bound":44}
* Error: SyntaxError: Concolic(Parser error near ` `, Expr {(str.++ (str.++ "Parser error near `"
                (str.substr ExpansionArg_string (to_int 0.0) (to_int 1.0)))
        "`")}, )
*-- Replay with NO_COMPILE=1 expoSE replay '/home/blake/ExpoSE/lib/Harness/src/harness.js' '{"Switcher":false,"Target_Switch_Base":0,"ExpansionArg_type":3,"ExpansionArg_string":"\u0000","_bound":44}'
*-- Test Case {"Switcher":false,"Target_Switch_Base":0,"ExpansionArg_type":3,"ExpansionArg_string":"\u0000","_bound":25} start 222.5667 took 47.2823s
*-- Errors occured in test {"Switcher":false,"Target_Switch_Base":0,"ExpansionArg_type":3,"ExpansionArg_string":"\u0000","_bound":25}
* Error: SyntaxError: Concolic(Parser error near ` `, Expr {(str.++ (str.++ "Parser error near `"
                (str.substr ExpansionArg_string (to_int 0.0) (to_int 1.0)))
        "`")}, )
*-- Replay with NO_COMPILE=1 expoSE replay '/home/blake/ExpoSE/lib/Harness/src/harness.js' '{"Switcher":false,"Target_Switch_Base":0,"ExpansionArg_type":3,"ExpansionArg_string":"\u0000","_bound":25}'
*-- Test Case {"Switcher":false,"Target_Switch_Base":0,"ExpansionArg_type":3,"ExpansionArg_string":"","_bound":46,"ExpandedSwitcher":0} start 235.1393 took 37.7353s
*-- Test Case {"Switcher":false,"Target_Switch_Base":0,"ExpansionArg_type":3,"ExpansionArg_string":"\u0000","_bound":37} start 242.8381 took 30.5467s
*-- Errors occured in test {"Switcher":false,"Target_Switch_Base":0,"ExpansionArg_type":3,"ExpansionArg_string":"\u0000","_bound":37}
* Error: SyntaxError: Concolic(Parser error near ` `, Expr {(str.++ (str.++ "Parser error near `"
                (str.substr ExpansionArg_string (to_int 0.0) (to_int 1.0)))
        "`")}, )
*-- Replay with NO_COMPILE=1 expoSE replay '/home/blake/ExpoSE/lib/Harness/src/harness.js' '{"Switcher":false,"Target_Switch_Base":0,"ExpansionArg_type":3,"ExpansionArg_string":"\u0000","_bound":37}'
*-- Test Case {"Switcher":false,"Target_Switch_Base":0,"ExpansionArg_type":3,"ExpansionArg_string":"a_yuySkKCs'\"\"","_bound":126} start 260.2133 took 13.6699s
*-- Errors occured in test {"Switcher":false,"Target_Switch_Base":0,"ExpansionArg_type":3,"ExpansionArg_string":"a_yuySkKCs'\"\"","_bound":126}
* Error: SyntaxError: `'` expected (to close string at 1:11) at 1:14
*-- Replay with NO_COMPILE=1 expoSE replay '/home/blake/ExpoSE/lib/Harness/src/harness.js' '{"Switcher":false,"Target_Switch_Base":0,"ExpansionArg_type":3,"ExpansionArg_string":"a_yuySkKCs'\''\"\"","_bound":126}'
*-- Test Case {"Switcher":false,"Target_Switch_Base":0,"ExpansionArg_type":3,"ExpansionArg_string":"P--[","_bound":49} start 212.6618 took 66.9429s
*-- Errors occured in test {"Switcher":false,"Target_Switch_Base":0,"ExpansionArg_type":3,"ExpansionArg_string":"P--[","_bound":49}
* Error: SyntaxError: Concolic(Found an expression but expected a statement: P, Expr {(str.++ "Found an expression but expected a statement: "
        (str.substr ExpansionArg_string (to_int 0.0) (to_int 1.0)))}, )
*-- Replay with NO_COMPILE=1 expoSE replay '/home/blake/ExpoSE/lib/Harness/src/harness.js' '{"Switcher":false,"Target_Switch_Base":0,"ExpansionArg_type":3,"ExpansionArg_string":"P--[","_bound":49}'
*-- Test Case {"Switcher":false,"Target_Switch_Base":0,"ExpansionArg_type":3,"ExpansionArg_string":"'","_bound":53} start 269.922 took 9.8255s
*-- Errors occured in test {"Switcher":false,"Target_Switch_Base":0,"ExpansionArg_type":3,"ExpansionArg_string":"'","_bound":53}
* Error: SyntaxError: `'` expected (to close string at 1:1) at 1:2
*-- Replay with NO_COMPILE=1 expoSE replay '/home/blake/ExpoSE/lib/Harness/src/harness.js' '{"Switcher":false,"Target_Switch_Base":0,"ExpansionArg_type":3,"ExpansionArg_string":"'\''","_bound":53}'
*-- Test Case {"Switcher":false,"Target_Switch_Base":0,"ExpansionArg_type":3,"ExpansionArg_string":"p0_K_8p0Hs ","_bound":57} start 162.2769 took 122.602s
*-- Errors occured in test {"Switcher":false,"Target_Switch_Base":0,"ExpansionArg_type":3,"ExpansionArg_string":"p0_K_8p0Hs ","_bound":57}
* Error: SyntaxError: Concolic(Found an expression but expected a statement: p0_K_8p0Hs, Expr {(str.++ "Found an expression but expected a statement: "
        (str.substr ExpansionArg_string (to_int 0.0) (to_int 10.0)))}, )
*-- Replay with NO_COMPILE=1 expoSE replay '/home/blake/ExpoSE/lib/Harness/src/harness.js' '{"Switcher":false,"Target_Switch_Base":0,"ExpansionArg_type":3,"ExpansionArg_string":"p0_K_8p0Hs ","_bound":57}'
*-- Test Case {"Switcher":false,"Target_Switch_Base":0,"ExpansionArg_type":3,"ExpansionArg_string":"44","_bound":51} start 265.4968 took 22.8691s
*-- Errors occured in test {"Switcher":false,"Target_Switch_Base":0,"ExpansionArg_type":3,"ExpansionArg_string":"44","_bound":51}
* Error: SyntaxError: Concolic(Found an expression but expected a statement: 44, Expr {(str.++ "Found an expression but expected a statement: "
        (str.substr ExpansionArg_string (to_int 0.0) (to_int 2.0)))}, )
*-- Replay with NO_COMPILE=1 expoSE replay '/home/blake/ExpoSE/lib/Harness/src/harness.js' '{"Switcher":false,"Target_Switch_Base":0,"ExpansionArg_type":3,"ExpansionArg_string":"44","_bound":51}'
*-- Test Case {"Switcher":false,"Target_Switch_Base":0,"ExpansionArg_type":3,"ExpansionArg_string":"2","_bound":50} start 265.9415 took 22.8737s
*-- Errors occured in test {"Switcher":false,"Target_Switch_Base":0,"ExpansionArg_type":3,"ExpansionArg_string":"2","_bound":50}
* Error: SyntaxError: Concolic(Found an expression but expected a statement: 2, Expr {(str.++ "Found an expression but expected a statement: "
        (str.substr ExpansionArg_string (to_int 0.0) (to_int 1.0)))}, )
*-- Replay with NO_COMPILE=1 expoSE replay '/home/blake/ExpoSE/lib/Harness/src/harness.js' '{"Switcher":false,"Target_Switch_Base":0,"ExpansionArg_type":3,"ExpansionArg_string":"2","_bound":50}'
*-- Test Case {"Switcher":false,"Target_Switch_Base":0,"ExpansionArg_type":3,"ExpansionArg_string":"\u0000","_bound":22} start 242.3922 took 47.4057s
*-- Errors occured in test {"Switcher":false,"Target_Switch_Base":0,"ExpansionArg_type":3,"ExpansionArg_string":"\u0000","_bound":22}
* Error: SyntaxError: Concolic(Parser error near ` `, Expr {(str.++ (str.++ "Parser error near `"
                (str.substr ExpansionArg_string (to_int 0.0) (to_int 1.0)))
        "`")}, )
*-- Replay with NO_COMPILE=1 expoSE replay '/home/blake/ExpoSE/lib/Harness/src/harness.js' '{"Switcher":false,"Target_Switch_Base":0,"ExpansionArg_type":3,"ExpansionArg_string":"\u0000","_bound":22}'
*-- Test Case {"Switcher":false,"Target_Switch_Base":0,"ExpansionArg_type":3,"ExpansionArg_string":"P--\u0000","_bound":50} start 195.104 took 100.112s
*-- Errors occured in test {"Switcher":false,"Target_Switch_Base":0,"ExpansionArg_type":3,"ExpansionArg_string":"P--\u0000","_bound":50}
* Error: SyntaxError: Concolic(Found an expression but expected a statement: P, Expr {(str.++ "Found an expression but expected a statement: "
        (str.substr ExpansionArg_string (to_int 0.0) (to_int 1.0)))}, )
*-- Replay with NO_COMPILE=1 expoSE replay '/home/blake/ExpoSE/lib/Harness/src/harness.js' '{"Switcher":false,"Target_Switch_Base":0,"ExpansionArg_type":3,"ExpansionArg_string":"P--\u0000","_bound":50}'
*-- Test Case {"Switcher":false,"Target_Switch_Base":0,"ExpansionArg_type":3,"ExpansionArg_string":"\"","_bound":52} start 289.8941 took 14.7427s
*-- Errors occured in test {"Switcher":false,"Target_Switch_Base":0,"ExpansionArg_type":3,"ExpansionArg_string":"\"","_bound":52}
* Error: SyntaxError: `"` expected (to close string at 1:1) at 1:2
*-- Replay with NO_COMPILE=1 expoSE replay '/home/blake/ExpoSE/lib/Harness/src/harness.js' '{"Switcher":false,"Target_Switch_Base":0,"ExpansionArg_type":3,"ExpansionArg_string":"\"","_bound":52}'
*-- Test Case {"Switcher":false,"Target_Switch_Base":0,"ExpansionArg_type":3,"ExpansionArg_string":"\u0000","_bound":23} start 257.4711 took 48.0907s
*-- Errors occured in test {"Switcher":false,"Target_Switch_Base":0,"ExpansionArg_type":3,"ExpansionArg_string":"\u0000","_bound":23}
* Error: SyntaxError: Concolic(Parser error near ` `, Expr {(str.++ (str.++ "Parser error near `"
                (str.substr ExpansionArg_string (to_int 0.0) (to_int 1.0)))
        "`")}, )
*-- Replay with NO_COMPILE=1 expoSE replay '/home/blake/ExpoSE/lib/Harness/src/harness.js' '{"Switcher":false,"Target_Switch_Base":0,"ExpansionArg_type":3,"ExpansionArg_string":"\u0000","_bound":23}'
*-- Test Case {"Switcher":false,"Target_Switch_Base":0,"ExpansionArg_type":3,"ExpansionArg_string":"\u0000","_bound":30} start 273.9602 took 34.5718s
*-- Errors occured in test {"Switcher":false,"Target_Switch_Base":0,"ExpansionArg_type":3,"ExpansionArg_string":"\u0000","_bound":30}
* Error: SyntaxError: Concolic(Parser error near ` `, Expr {(str.++ (str.++ "Parser error near `"
                (str.substr ExpansionArg_string (to_int 0.0) (to_int 1.0)))
        "`")}, )
*-- Replay with NO_COMPILE=1 expoSE replay '/home/blake/ExpoSE/lib/Harness/src/harness.js' '{"Switcher":false,"Target_Switch_Base":0,"ExpansionArg_type":3,"ExpansionArg_string":"\u0000","_bound":30}'
*-- Test Case {"Switcher":false,"Target_Switch_Base":0,"ExpansionArg_type":3,"ExpansionArg_string":"22E","_bound":53} start 288.4454 took 20.3791s
*-- Errors occured in test {"Switcher":false,"Target_Switch_Base":0,"ExpansionArg_type":3,"ExpansionArg_string":"22E","_bound":53}
* Error: SyntaxError: Concolic(Found an expression but expected a statement: 22, Expr {(str.++ "Found an expression but expected a statement: "
        (str.substr ExpansionArg_string (to_int 0.0) (to_int 2.0)))}, )
*-- Replay with NO_COMPILE=1 expoSE replay '/home/blake/ExpoSE/lib/Harness/src/harness.js' '{"Switcher":false,"Target_Switch_Base":0,"ExpansionArg_type":3,"ExpansionArg_string":"22E","_bound":53}'
*-- Test Case {"Switcher":false,"Target_Switch_Base":0,"ExpansionArg_type":3,"ExpansionArg_string":"H0B0jH0HB0<=for","_bound":758} start 251.4377 took 57.713s
*-- Errors occured in test {"Switcher":false,"Target_Switch_Base":0,"ExpansionArg_type":3,"ExpansionArg_string":"H0B0jH0HB0<=for","_bound":758}
* Error: SyntaxError: Concolic(Found an expression but expected a statement: H0B0jH0HB0, Expr {(str.++ "Found an expression but expected a statement: "
        (str.substr ExpansionArg_string (to_int 0.0) (to_int 10.0)))}, )
*-- Replay with NO_COMPILE=1 expoSE replay '/home/blake/ExpoSE/lib/Harness/src/harness.js' '{"Switcher":false,"Target_Switch_Base":0,"ExpansionArg_type":3,"ExpansionArg_string":"H0B0jH0HB0<=for","_bound":758}'
*-- Test Case {"Switcher":false,"Target_Switch_Base":0,"ExpansionArg_type":3,"ExpansionArg_string":"\u0000","_bound":21} start 273.4862 took 39.2129s
*-- Errors occured in test {"Switcher":false,"Target_Switch_Base":0,"ExpansionArg_type":3,"ExpansionArg_string":"\u0000","_bound":21}
* Error: SyntaxError: Concolic(Parser error near ` `, Expr {(str.++ (str.++ "Parser error near `"
                (str.substr ExpansionArg_string (to_int 0.0) (to_int 1.0)))
        "`")}, )
*-- Replay with NO_COMPILE=1 expoSE replay '/home/blake/ExpoSE/lib/Harness/src/harness.js' '{"Switcher":false,"Target_Switch_Base":0,"ExpansionArg_type":3,"ExpansionArg_string":"\u0000","_bound":21}'
*-- Test Case {"Switcher":false,"Target_Switch_Base":0,"ExpansionArg_type":3,"ExpansionArg_string":"4E","_bound":52} start 288.9178 took 24.19s
*-- Errors occured in test {"Switcher":false,"Target_Switch_Base":0,"ExpansionArg_type":3,"ExpansionArg_string":"4E","_bound":52}
* Error: SyntaxError: Concolic(Found an expression but expected a statement: 4, Expr {(str.++ "Found an expression but expected a statement: "
        (str.substr ExpansionArg_string (to_int 0.0) (to_int 1.0)))}, )
*-- Replay with NO_COMPILE=1 expoSE replay '/home/blake/ExpoSE/lib/Harness/src/harness.js' '{"Switcher":false,"Target_Switch_Base":0,"ExpansionArg_type":3,"ExpansionArg_string":"4E","_bound":52}'
*-- Test Case {"Switcher":false,"Target_Switch_Base":0,"ExpansionArg_type":3,"ExpansionArg_string":"\u0000","_bound":40} start 272.9989 took 42.0785s
*-- Errors occured in test {"Switcher":false,"Target_Switch_Base":0,"ExpansionArg_type":3,"ExpansionArg_string":"\u0000","_bound":40}
* Error: SyntaxError: Concolic(Parser error near ` `, Expr {(str.++ (str.++ "Parser error near `"
                (str.substr ExpansionArg_string (to_int 0.0) (to_int 1.0)))
        "`")}, )
*-- Replay with NO_COMPILE=1 expoSE replay '/home/blake/ExpoSE/lib/Harness/src/harness.js' '{"Switcher":false,"Target_Switch_Base":0,"ExpansionArg_type":3,"ExpansionArg_string":"\u0000","_bound":40}'
*-- Test Case {"Switcher":false,"Target_Switch_Base":0,"ExpansionArg_type":3,"ExpansionArg_string":"\u0000","_bound":21} start 284.9979 took 31.6989s
*-- Errors occured in test {"Switcher":false,"Target_Switch_Base":0,"ExpansionArg_type":3,"ExpansionArg_string":"\u0000","_bound":21}
* Error: SyntaxError: Concolic(Parser error near ` `, Expr {(str.++ (str.++ "Parser error near `"
                (str.substr ExpansionArg_string (to_int 0.0) (to_int 1.0)))
        "`")}, )
*-- Replay with NO_COMPILE=1 expoSE replay '/home/blake/ExpoSE/lib/Harness/src/harness.js' '{"Switcher":false,"Target_Switch_Base":0,"ExpansionArg_type":3,"ExpansionArg_string":"\u0000","_bound":21}'
*-- Test Case {"Switcher":false,"Target_Switch_Base":0,"ExpansionArg_type":3,"ExpansionArg_string":"\r","_bound":580,"ExpandedSwitcher":0} start 305.6371 took 11.7939s
*-- Test Case {"Switcher":false,"Target_Switch_Base":0,"ExpansionArg_type":4,"ExpansionArg_array_length":1,"ExpansionArg_array_element_0_type":3,"ExpansionArg_array_element_0_int":0,"_bound":10,"ExpansionArg_array_element_0_string":"PureString"} start 317.5334 took 7.8019s
*-- Errors occured in test {"Switcher":false,"Target_Switch_Base":0,"ExpansionArg_type":4,"ExpansionArg_array_length":1,"ExpansionArg_array_element_0_type":3,"ExpansionArg_array_element_0_int":0,"_bound":10,"ExpansionArg_array_element_0_string":"PureString"}
* Error: TypeError: Function.prototype.apply was called on undefined, which is a undefined and not a function
*-- Replay with NO_COMPILE=1 expoSE replay '/home/blake/ExpoSE/lib/Harness/src/harness.js' '{"Switcher":false,"Target_Switch_Base":0,"ExpansionArg_type":4,"ExpansionArg_array_length":1,"ExpansionArg_array_element_0_type":3,"ExpansionArg_array_element_0_int":0,"_bound":10}'
*-- Test Case {"Switcher":false,"Target_Switch_Base":0,"ExpansionArg_type":4,"ExpansionArg_array_length":1,"ExpansionArg_array_element_0_type":5,"ExpansionArg_array_element_0_string":"","_bound":11,"ExpansionArg_array_element_0_bool":false} start 325.4018 took 7.8192s
*-- Errors occured in test {"Switcher":false,"Target_Switch_Base":0,"ExpansionArg_type":4,"ExpansionArg_array_length":1,"ExpansionArg_array_element_0_type":5,"ExpansionArg_array_element_0_string":"","_bound":11,"ExpansionArg_array_element_0_bool":false}
* Error: TypeError: Function.prototype.apply was called on undefined, which is a undefined and not a function
*-- Replay with NO_COMPILE=1 expoSE replay '/home/blake/ExpoSE/lib/Harness/src/harness.js' '{"Switcher":false,"Target_Switch_Base":0,"ExpansionArg_type":4,"ExpansionArg_array_length":1,"ExpansionArg_array_element_0_type":5,"ExpansionArg_array_element_0_string":"","_bound":11}'
*-- Test Case {"Switcher":false,"Target_Switch_Base":0,"ExpansionArg_type":3,"ExpansionArg_string":"k_1_p_co93'\u0000\n","_bound":113} start 308.9133 took 24.8519s
*-- Errors occured in test {"Switcher":false,"Target_Switch_Base":0,"ExpansionArg_type":3,"ExpansionArg_string":"k_1_p_co93'\u0000\n","_bound":113}
* Error: SyntaxError: `'` expected (to close string at 1:11) at 2:1
*-- Replay with NO_COMPILE=1 expoSE replay '/home/blake/ExpoSE/lib/Harness/src/harness.js' '{"Switcher":false,"Target_Switch_Base":0,"ExpansionArg_type":3,"ExpansionArg_string":"k_1_p_co93'\''\u0000\n","_bound":113}'
*-- Test Case {"Switcher":false,"Target_Switch_Base":0,"ExpansionArg_type":3,"ExpansionArg_string":"44","_bound":51} start 312.7942 took 21.3385s
*-- Errors occured in test {"Switcher":false,"Target_Switch_Base":0,"ExpansionArg_type":3,"ExpansionArg_string":"44","_bound":51}
* Error: SyntaxError: Concolic(Found an expression but expected a statement: 44, Expr {(str.++ "Found an expression but expected a statement: "
        (str.substr ExpansionArg_string (to_int 0.0) (to_int 2.0)))}, )
*-- Replay with NO_COMPILE=1 expoSE replay '/home/blake/ExpoSE/lib/Harness/src/harness.js' '{"Switcher":false,"Target_Switch_Base":0,"ExpansionArg_type":3,"ExpansionArg_string":"44","_bound":51}'
*-- Test Case {"Switcher":false,"Target_Switch_Base":0,"ExpansionArg_type":3,"ExpansionArg_string":"k_1_p_co93'\u0000z","_bound":114} start 308.6371 took 31.0568s
*-- Errors occured in test {"Switcher":false,"Target_Switch_Base":0,"ExpansionArg_type":3,"ExpansionArg_string":"k_1_p_co93'\u0000z","_bound":114}
* Error: SyntaxError: `'` expected (to close string at 1:11) at 1:14
*-- Replay with NO_COMPILE=1 expoSE replay '/home/blake/ExpoSE/lib/Harness/src/harness.js' '{"Switcher":false,"Target_Switch_Base":0,"ExpansionArg_type":3,"ExpansionArg_string":"k_1_p_co93'\''\u0000z","_bound":114}'
*-- Test Case {"Switcher":false,"Target_Switch_Base":0,"ExpansionArg_type":3,"ExpansionArg_string":"\r","_bound":580,"ExpandedSwitcher":0} start 333.2833 took 8.7792s
*-- Test Case {"Switcher":false,"Target_Switch_Base":0,"ExpansionArg_type":3,"ExpansionArg_string":"hPHbhHhpPD\u0000","_bound":785} start 333.8441 took 8.3718s
*-- Errors occured in test {"Switcher":false,"Target_Switch_Base":0,"ExpansionArg_type":3,"ExpansionArg_string":"hPHbhHhpPD\u0000","_bound":785}
* Error: SyntaxError: Concolic(Found an expression but expected a statement: hPHbhHhpPD, Expr {(str.++ "Found an expression but expected a statement: "
        (str.substr ExpansionArg_string (to_int 0.0) (to_int 10.0)))}, )
*-- Replay with NO_COMPILE=1 expoSE replay '/home/blake/ExpoSE/lib/Harness/src/harness.js' '{"Switcher":false,"Target_Switch_Base":0,"ExpansionArg_type":3,"ExpansionArg_string":"hPHbhHhpPD\u0000","_bound":785}'
*-- Test Case {"Switcher":false,"Target_Switch_Base":0,"ExpansionArg_type":3,"ExpansionArg_string":"\u0000","_bound":41} start 316.7833 took 29.2365s
*-- Errors occured in test {"Switcher":false,"Target_Switch_Base":0,"ExpansionArg_type":3,"ExpansionArg_string":"\u0000","_bound":41}
* Error: SyntaxError: Concolic(Parser error near ` `, Expr {(str.++ (str.++ "Parser error near `"
                (str.substr ExpansionArg_string (to_int 0.0) (to_int 1.0)))
        "`")}, )
*-- Replay with NO_COMPILE=1 expoSE replay '/home/blake/ExpoSE/lib/Harness/src/harness.js' '{"Switcher":false,"Target_Switch_Base":0,"ExpansionArg_type":3,"ExpansionArg_string":"\u0000","_bound":41}'
*-- Test Case {"Switcher":false,"Target_Switch_Base":0,"ExpansionArg_type":3,"ExpansionArg_string":"\u0000","_bound":40} start 313.1892 took 34.2736s
*-- Errors occured in test {"Switcher":false,"Target_Switch_Base":0,"ExpansionArg_type":3,"ExpansionArg_string":"\u0000","_bound":40}
* Error: SyntaxError: Concolic(Parser error near ` `, Expr {(str.++ (str.++ "Parser error near `"
                (str.substr ExpansionArg_string (to_int 0.0) (to_int 1.0)))
        "`")}, )
*-- Replay with NO_COMPILE=1 expoSE replay '/home/blake/ExpoSE/lib/Harness/src/harness.js' '{"Switcher":false,"Target_Switch_Base":0,"ExpansionArg_type":3,"ExpansionArg_string":"\u0000","_bound":40}'
*-- Test Case {"Switcher":false,"Target_Switch_Base":0,"ExpansionArg_type":3,"ExpansionArg_string":"\u0000","_bound":43} start 309.2353 took 40.3116s
*-- Errors occured in test {"Switcher":false,"Target_Switch_Base":0,"ExpansionArg_type":3,"ExpansionArg_string":"\u0000","_bound":43}
* Error: SyntaxError: Concolic(Parser error near ` `, Expr {(str.++ (str.++ "Parser error near `"
                (str.substr ExpansionArg_string (to_int 0.0) (to_int 1.0)))
        "`")}, )
*-- Replay with NO_COMPILE=1 expoSE replay '/home/blake/ExpoSE/lib/Harness/src/harness.js' '{"Switcher":false,"Target_Switch_Base":0,"ExpansionArg_type":3,"ExpansionArg_string":"\u0000","_bound":43}'
*-- Test Case {"Switcher":false,"Target_Switch_Base":0,"ExpansionArg_type":3,"ExpansionArg_string":"H--[\u0000","_bound":52} start 279.834 took 72.549s
*-- Errors occured in test {"Switcher":false,"Target_Switch_Base":0,"ExpansionArg_type":3,"ExpansionArg_string":"H--[\u0000","_bound":52}
* Error: SyntaxError: Concolic(Found an expression but expected a statement: H, Expr {(str.++ "Found an expression but expected a statement: "
        (str.substr ExpansionArg_string (to_int 0.0) (to_int 1.0)))}, )
*-- Replay with NO_COMPILE=1 expoSE replay '/home/blake/ExpoSE/lib/Harness/src/harness.js' '{"Switcher":false,"Target_Switch_Base":0,"ExpansionArg_type":3,"ExpansionArg_string":"H--[\u0000","_bound":52}'
*-- Test Case {"Switcher":false,"Target_Switch_Base":0,"ExpansionArg_type":3,"ExpansionArg_string":"\u0000","_bound":31} start 315.1699 took 37.7922s
*-- Errors occured in test {"Switcher":false,"Target_Switch_Base":0,"ExpansionArg_type":3,"ExpansionArg_string":"\u0000","_bound":31}
* Error: SyntaxError: Concolic(Parser error near ` `, Expr {(str.++ (str.++ "Parser error near `"
                (str.substr ExpansionArg_string (to_int 0.0) (to_int 1.0)))
        "`")}, )
*-- Replay with NO_COMPILE=1 expoSE replay '/home/blake/ExpoSE/lib/Harness/src/harness.js' '{"Switcher":false,"Target_Switch_Base":0,"ExpansionArg_type":3,"ExpansionArg_string":"\u0000","_bound":31}'
*-- Test Case {"Switcher":false,"Target_Switch_Base":0,"ExpansionArg_type":3,"ExpansionArg_string":"4","_bound":50} start 346.1087 took 15.6558s
*-- Errors occured in test {"Switcher":false,"Target_Switch_Base":0,"ExpansionArg_type":3,"ExpansionArg_string":"4","_bound":50}
* Error: SyntaxError: Concolic(Found an expression but expected a statement: 4, Expr {(str.++ "Found an expression but expected a statement: "
        (str.substr ExpansionArg_string (to_int 0.0) (to_int 1.0)))}, )
*-- Replay with NO_COMPILE=1 expoSE replay '/home/blake/ExpoSE/lib/Harness/src/harness.js' '{"Switcher":false,"Target_Switch_Base":0,"ExpansionArg_type":3,"ExpansionArg_string":"4","_bound":50}'
*-- Test Case {"Switcher":false,"Target_Switch_Base":0,"ExpansionArg_type":3,"ExpansionArg_string":"H--[n","_bound":54} start 279.6873 took 87.7043s
*-- Errors occured in test {"Switcher":false,"Target_Switch_Base":0,"ExpansionArg_type":3,"ExpansionArg_string":"H--[n","_bound":54}
* Error: SyntaxError: Concolic(Found an expression but expected a statement: H, Expr {(str.++ "Found an expression but expected a statement: "
        (str.substr ExpansionArg_string (to_int 0.0) (to_int 1.0)))}, )
*-- Replay with NO_COMPILE=1 expoSE replay '/home/blake/ExpoSE/lib/Harness/src/harness.js' '{"Switcher":false,"Target_Switch_Base":0,"ExpansionArg_type":3,"ExpansionArg_string":"H--[n","_bound":54}'
*-- Test Case {"Switcher":false,"Target_Switch_Base":0,"ExpansionArg_type":3,"ExpansionArg_string":"_u--\u0000\u0000","_bound":51} start 255.5033 took 114.6165s
*-- Errors occured in test {"Switcher":false,"Target_Switch_Base":0,"ExpansionArg_type":3,"ExpansionArg_string":"_u--\u0000\u0000","_bound":51}
* Error: SyntaxError: Concolic(Found an expression but expected a statement: _u, Expr {(str.++ "Found an expression but expected a statement: "
        (str.substr ExpansionArg_string (to_int 0.0) (to_int 2.0)))}, )
*-- Replay with NO_COMPILE=1 expoSE replay '/home/blake/ExpoSE/lib/Harness/src/harness.js' '{"Switcher":false,"Target_Switch_Base":0,"ExpansionArg_type":3,"ExpansionArg_string":"_u--\u0000\u0000","_bound":51}'
*-- Test Case {"Switcher":false,"Target_Switch_Base":0,"ExpansionArg_type":3,"ExpansionArg_string":"\u0000","_bound":25} start 334.208 took 39.3155s
*-- Errors occured in test {"Switcher":false,"Target_Switch_Base":0,"ExpansionArg_type":3,"ExpansionArg_string":"\u0000","_bound":25}
* Error: SyntaxError: Concolic(Parser error near ` `, Expr {(str.++ (str.++ "Parser error near `"
                (str.substr ExpansionArg_string (to_int 0.0) (to_int 1.0)))
        "`")}, )
*-- Replay with NO_COMPILE=1 expoSE replay '/home/blake/ExpoSE/lib/Harness/src/harness.js' '{"Switcher":false,"Target_Switch_Base":0,"ExpansionArg_type":3,"ExpansionArg_string":"\u0000","_bound":25}'
*-- Test Case {"Switcher":false,"Target_Switch_Base":0,"ExpansionArg_type":3,"ExpansionArg_string":"\u0000\u0000\u0000","_bound":577} start 367.4713 took 10.7529s
*-- Errors occured in test {"Switcher":false,"Target_Switch_Base":0,"ExpansionArg_type":3,"ExpansionArg_string":"\u0000\u0000\u0000","_bound":577}
* Error: SyntaxError: Concolic(Parser error near ` `, Expr {(str.++ (str.++ "Parser error near `"
                (str.substr ExpansionArg_string (to_int 0.0) (to_int 1.0)))
        "`")}, )
*-- Replay with NO_COMPILE=1 expoSE replay '/home/blake/ExpoSE/lib/Harness/src/harness.js' '{"Switcher":false,"Target_Switch_Base":0,"ExpansionArg_type":3,"ExpansionArg_string":"\u0000\u0000\u0000","_bound":577}'
*-- Test Case {"Switcher":false,"Target_Switch_Base":0,"ExpansionArg_type":3,"ExpansionArg_string":"\u0000","_bound":38} start 339.773 took 39.836s
*-- Errors occured in test {"Switcher":false,"Target_Switch_Base":0,"ExpansionArg_type":3,"ExpansionArg_string":"\u0000","_bound":38}
* Error: SyntaxError: Concolic(Parser error near ` `, Expr {(str.++ (str.++ "Parser error near `"
                (str.substr ExpansionArg_string (to_int 0.0) (to_int 1.0)))
        "`")}, )
*-- Replay with NO_COMPILE=1 expoSE replay '/home/blake/ExpoSE/lib/Harness/src/harness.js' '{"Switcher":false,"Target_Switch_Base":0,"ExpansionArg_type":3,"ExpansionArg_string":"\u0000","_bound":38}'
*-- Test Case {"Switcher":false,"Target_Switch_Base":0,"ExpansionArg_type":3,"ExpansionArg_string":"\u0000n","_bound":577} start 370.22 took 10.7935s
*-- Errors occured in test {"Switcher":false,"Target_Switch_Base":0,"ExpansionArg_type":3,"ExpansionArg_string":"\u0000n","_bound":577}
* Error: SyntaxError: Concolic(Parser error near ` `, Expr {(str.++ (str.++ "Parser error near `"
                (str.substr ExpansionArg_string (to_int 0.0) (to_int 1.0)))
        "`")}, )
*-- Replay with NO_COMPILE=1 expoSE replay '/home/blake/ExpoSE/lib/Harness/src/harness.js' '{"Switcher":false,"Target_Switch_Base":0,"ExpansionArg_type":3,"ExpansionArg_string":"\u0000n","_bound":577}'
*-- Test Case {"Switcher":false,"Target_Switch_Base":0,"ExpansionArg_type":3,"ExpansionArg_string":"b4hh00x00a//for\u0000\u0000\u0000\u0000\u0000","_bound":763} start 234.193 took 148.6294s
*-- Errors occured in test {"Switcher":false,"Target_Switch_Base":0,"ExpansionArg_type":3,"ExpansionArg_string":"b4hh00x00a//for\u0000\u0000\u0000\u0000\u0000","_bound":763}
* Error: SyntaxError: Concolic(Found an expression but expected a statement: b4hh00x00a//for, Expr {(str.++ "Found an expression but expected a statement: "
        (str.substr ExpansionArg_string (to_int 0.0) (to_int 15.0)))}, )
*-- Replay with NO_COMPILE=1 expoSE replay '/home/blake/ExpoSE/lib/Harness/src/harness.js' '{"Switcher":false,"Target_Switch_Base":0,"ExpansionArg_type":3,"ExpansionArg_string":"b4hh00x00a//for\u0000\u0000\u0000\u0000\u0000","_bound":763}'
*-- Test Case {"Switcher":false,"Target_Switch_Base":0,"ExpansionArg_type":3,"ExpansionArg_string":"TH0hTCPPhb>=","_bound":738} start 246.442 took 139.1858s
*-- Errors occured in test {"Switcher":false,"Target_Switch_Base":0,"ExpansionArg_type":3,"ExpansionArg_string":"TH0hTCPPhb>=","_bound":738}
* Error: SyntaxError: Concolic(Found an expression but expected a statement: TH0hTCPPhb, Expr {(str.++ "Found an expression but expected a statement: "
        (str.substr ExpansionArg_string (to_int 0.0) (to_int 10.0)))}, )
*-- Replay with NO_COMPILE=1 expoSE replay '/home/blake/ExpoSE/lib/Harness/src/harness.js' '{"Switcher":false,"Target_Switch_Base":0,"ExpansionArg_type":3,"ExpansionArg_string":"TH0hTCPPhb>=","_bound":738}'
*-- Test Case {"Switcher":false,"Target_Switch_Base":0,"ExpansionArg_type":3,"ExpansionArg_string":"\u0000","_bound":29} start 342.1374 took 44.1731s
*-- Errors occured in test {"Switcher":false,"Target_Switch_Base":0,"ExpansionArg_type":3,"ExpansionArg_string":"\u0000","_bound":29}
* Error: SyntaxError: Concolic(Parser error near ` `, Expr {(str.++ (str.++ "Parser error near `"
                (str.substr ExpansionArg_string (to_int 0.0) (to_int 1.0)))
        "`")}, )
*-- Replay with NO_COMPILE=1 expoSE replay '/home/blake/ExpoSE/lib/Harness/src/harness.js' '{"Switcher":false,"Target_Switch_Base":0,"ExpansionArg_type":3,"ExpansionArg_string":"\u0000","_bound":29}'
*-- Test Case {"Switcher":false,"Target_Switch_Base":0,"ExpansionArg_type":3,"ExpansionArg_string":"\u0000\u0000\u0000\u0000","_bound":578} start 378.3066 took 11.7s
*-- Errors occured in test {"Switcher":false,"Target_Switch_Base":0,"ExpansionArg_type":3,"ExpansionArg_string":"\u0000\u0000\u0000\u0000","_bound":578}
* Error: SyntaxError: Concolic(Parser error near ` `, Expr {(str.++ (str.++ "Parser error near `"
                (str.substr ExpansionArg_string (to_int 0.0) (to_int 1.0)))
        "`")}, )
*-- Replay with NO_COMPILE=1 expoSE replay '/home/blake/ExpoSE/lib/Harness/src/harness.js' '{"Switcher":false,"Target_Switch_Base":0,"ExpansionArg_type":3,"ExpansionArg_string":"\u0000\u0000\u0000\u0000","_bound":578}'
*-- Test Case {"Switcher":false,"Target_Switch_Base":0,"ExpansionArg_type":3,"ExpansionArg_string":"\u0000","_bound":24} start 349.6558 took 40.5798s
*-- Errors occured in test {"Switcher":false,"Target_Switch_Base":0,"ExpansionArg_type":3,"ExpansionArg_string":"\u0000","_bound":24}
* Error: SyntaxError: Concolic(Parser error near ` `, Expr {(str.++ (str.++ "Parser error near `"
                (str.substr ExpansionArg_string (to_int 0.0) (to_int 1.0)))
        "`")}, )
*-- Replay with NO_COMPILE=1 expoSE replay '/home/blake/ExpoSE/lib/Harness/src/harness.js' '{"Switcher":false,"Target_Switch_Base":0,"ExpansionArg_type":3,"ExpansionArg_string":"\u0000","_bound":24}'
*-- Test Case {"Switcher":false,"Target_Switch_Base":0,"ExpansionArg_type":3,"ExpansionArg_string":"_--n\u0000","_bound":51} start 304.729 took 93.5784s
*-- Errors occured in test {"Switcher":false,"Target_Switch_Base":0,"ExpansionArg_type":3,"ExpansionArg_string":"_--n\u0000","_bound":51}
* Error: SyntaxError: Concolic(Found an expression but expected a statement: _, Expr {(str.++ "Found an expression but expected a statement: "
        (str.substr ExpansionArg_string (to_int 0.0) (to_int 1.0)))}, )
*-- Replay with NO_COMPILE=1 expoSE replay '/home/blake/ExpoSE/lib/Harness/src/harness.js' '{"Switcher":false,"Target_Switch_Base":0,"ExpansionArg_type":3,"ExpansionArg_string":"_--n\u0000","_bound":51}'
*-- Test Case {"Switcher":false,"Target_Switch_Base":0,"ExpansionArg_type":3,"ExpansionArg_string":"hDB0DdP_bh//for\u0000\u0000\u0000","_bound":1000} start 382.91 took 19.138s
*-- Errors occured in test {"Switcher":false,"Target_Switch_Base":0,"ExpansionArg_type":3,"ExpansionArg_string":"hDB0DdP_bh//for\u0000\u0000\u0000","_bound":1000}
* Error: SyntaxError: Concolic(Found an expression but expected a statement: hDB0DdP_bh//for, Expr {(str.++ "Found an expression but expected a statement: "
        (str.substr ExpansionArg_string (to_int 0.0) (to_int 15.0)))}, )
*-- Replay with NO_COMPILE=1 expoSE replay '/home/blake/ExpoSE/lib/Harness/src/harness.js' '{"Switcher":false,"Target_Switch_Base":0,"ExpansionArg_type":3,"ExpansionArg_string":"hDB0DdP_bh//for\u0000\u0000\u0000","_bound":1000}'
*-- Test Case {"Switcher":false,"Target_Switch_Base":0,"ExpansionArg_type":3,"ExpansionArg_string":"_--\u0000\u0000","_bound":52} start 295.2865 took 109.5398s
*-- Errors occured in test {"Switcher":false,"Target_Switch_Base":0,"ExpansionArg_type":3,"ExpansionArg_string":"_--\u0000\u0000","_bound":52}
* Error: SyntaxError: Concolic(Found an expression but expected a statement: _, Expr {(str.++ "Found an expression but expected a statement: "
        (str.substr ExpansionArg_string (to_int 0.0) (to_int 1.0)))}, )
*-- Replay with NO_COMPILE=1 expoSE replay '/home/blake/ExpoSE/lib/Harness/src/harness.js' '{"Switcher":false,"Target_Switch_Base":0,"ExpansionArg_type":3,"ExpansionArg_string":"_--\u0000\u0000","_bound":52}'
*-- Test Case {"Switcher":false,"Target_Switch_Base":0,"ExpansionArg_type":3,"ExpansionArg_string":"_00PPbdbP_//if","_bound":750} start 347.5339 took 57.7097s
*-- Errors occured in test {"Switcher":false,"Target_Switch_Base":0,"ExpansionArg_type":3,"ExpansionArg_string":"_00PPbdbP_//if","_bound":750}
* Error: SyntaxError: Concolic(Found an expression but expected a statement: _00PPbdbP_, Expr {(str.++ "Found an expression but expected a statement: "
        (str.substr ExpansionArg_string (to_int 0.0) (to_int 10.0)))}, )
*-- Replay with NO_COMPILE=1 expoSE replay '/home/blake/ExpoSE/lib/Harness/src/harness.js' '{"Switcher":false,"Target_Switch_Base":0,"ExpansionArg_type":3,"ExpansionArg_string":"_00PPbdbP_//if","_bound":750}'
*-- Test Case {"Switcher":false,"Target_Switch_Base":0,"ExpansionArg_type":3,"ExpansionArg_string":"","_bound":13,"ExpandedSwitcher":0} start 379.6808 took 36.9058s
*-- Test Case {"Switcher":false,"Target_Switch_Base":0,"ExpansionArg_type":3,"ExpansionArg_string":"\u0000","_bound":39} start 390.1053 took 29.3742s
*-- Errors occured in test {"Switcher":false,"Target_Switch_Base":0,"ExpansionArg_type":3,"ExpansionArg_string":"\u0000","_bound":39}
* Error: SyntaxError: Concolic(Parser error near ` `, Expr {(str.++ (str.++ "Parser error near `"
                (str.substr ExpansionArg_string (to_int 0.0) (to_int 1.0)))
        "`")}, )
*-- Replay with NO_COMPILE=1 expoSE replay '/home/blake/ExpoSE/lib/Harness/src/harness.js' '{"Switcher":false,"Target_Switch_Base":0,"ExpansionArg_type":3,"ExpansionArg_string":"\u0000","_bound":39}'
*-- Test Case {"Switcher":false,"Target_Switch_Base":0,"ExpansionArg_type":3,"ExpansionArg_string":"\u0000","_bound":25} start 386.4218 took 44.7805s
*-- Errors occured in test {"Switcher":false,"Target_Switch_Base":0,"ExpansionArg_type":3,"ExpansionArg_string":"\u0000","_bound":25}
* Error: SyntaxError: Concolic(Parser error near ` `, Expr {(str.++ (str.++ "Parser error near `"
                (str.substr ExpansionArg_string (to_int 0.0) (to_int 1.0)))
        "`")}, )
*-- Replay with NO_COMPILE=1 expoSE replay '/home/blake/ExpoSE/lib/Harness/src/harness.js' '{"Switcher":false,"Target_Switch_Base":0,"ExpansionArg_type":3,"ExpansionArg_string":"\u0000","_bound":25}'
*-- Test Case {"Switcher":false,"Target_Switch_Base":0,"ExpansionArg_type":3,"ExpansionArg_string":"\u0000","_bound":25} start 398.405 took 37.3605s
*-- Errors occured in test {"Switcher":false,"Target_Switch_Base":0,"ExpansionArg_type":3,"ExpansionArg_string":"\u0000","_bound":25}
* Error: SyntaxError: Concolic(Parser error near ` `, Expr {(str.++ (str.++ "Parser error near `"
                (str.substr ExpansionArg_string (to_int 0.0) (to_int 1.0)))
        "`")}, )
*-- Replay with NO_COMPILE=1 expoSE replay '/home/blake/ExpoSE/lib/Harness/src/harness.js' '{"Switcher":false,"Target_Switch_Base":0,"ExpansionArg_type":3,"ExpansionArg_string":"\u0000","_bound":25}'
*-- Test Case {"Switcher":false,"Target_Switch_Base":0,"ExpansionArg_type":3,"ExpansionArg_string":"\u0000","_bound":16} start 390.3293 took 50.1925s
*-- Errors occured in test {"Switcher":false,"Target_Switch_Base":0,"ExpansionArg_type":3,"ExpansionArg_string":"\u0000","_bound":16}
* Error: SyntaxError: Concolic(Parser error near ` `, Expr {(str.++ (str.++ "Parser error near `"
                (str.substr ExpansionArg_string (to_int 0.0) (to_int 1.0)))
        "`")}, )
*-- Replay with NO_COMPILE=1 expoSE replay '/home/blake/ExpoSE/lib/Harness/src/harness.js' '{"Switcher":false,"Target_Switch_Base":0,"ExpansionArg_type":3,"ExpansionArg_string":"\u0000","_bound":16}'
*-- Test Case {"Switcher":false,"Target_Switch_Base":0,"ExpansionArg_type":3,"ExpansionArg_string":"P--[\u0000n","_bound":56} start 352.4662 took 98.0828s
*-- Errors occured in test {"Switcher":false,"Target_Switch_Base":0,"ExpansionArg_type":3,"ExpansionArg_string":"P--[\u0000n","_bound":56}
* Error: SyntaxError: Concolic(Found an expression but expected a statement: P, Expr {(str.++ "Found an expression but expected a statement: "
        (str.substr ExpansionArg_string (to_int 0.0) (to_int 1.0)))}, )
*-- Replay with NO_COMPILE=1 expoSE replay '/home/blake/ExpoSE/lib/Harness/src/harness.js' '{"Switcher":false,"Target_Switch_Base":0,"ExpansionArg_type":3,"ExpansionArg_string":"P--[\u0000n","_bound":56}'
*-- Test Case {"Switcher":false,"Target_Switch_Base":0,"ExpansionArg_type":3,"ExpansionArg_string":"\u0000","_bound":18} start 416.6893 took 39.4346s
*-- Errors occured in test {"Switcher":false,"Target_Switch_Base":0,"ExpansionArg_type":3,"ExpansionArg_string":"\u0000","_bound":18}
* Error: SyntaxError: Concolic(Parser error near ` `, Expr {(str.++ (str.++ "Parser error near `"
                (str.substr ExpansionArg_string (to_int 0.0) (to_int 1.0)))
        "`")}, )
*-- Replay with NO_COMPILE=1 expoSE replay '/home/blake/ExpoSE/lib/Harness/src/harness.js' '{"Switcher":false,"Target_Switch_Base":0,"ExpansionArg_type":3,"ExpansionArg_string":"\u0000","_bound":18}'
*-- Test Case {"Switcher":false,"Target_Switch_Base":0,"ExpansionArg_type":3,"ExpansionArg_string":"\u0000","_bound":41} start 419.5559 took 36.7332s
*-- Errors occured in test {"Switcher":false,"Target_Switch_Base":0,"ExpansionArg_type":3,"ExpansionArg_string":"\u0000","_bound":41}
* Error: SyntaxError: Concolic(Parser error near ` `, Expr {(str.++ (str.++ "Parser error near `"
                (str.substr ExpansionArg_string (to_int 0.0) (to_int 1.0)))
        "`")}, )
*-- Replay with NO_COMPILE=1 expoSE replay '/home/blake/ExpoSE/lib/Harness/src/harness.js' '{"Switcher":false,"Target_Switch_Base":0,"ExpansionArg_type":3,"ExpansionArg_string":"\u0000","_bound":41}'
*-- Test Case {"Switcher":false,"Target_Switch_Base":0,"ExpansionArg_type":3,"ExpansionArg_string":"TH0hTCPPhb==","_bound":737} start 159.9693 took 296.6092s
*-- Errors occured in test {"Switcher":false,"Target_Switch_Base":0,"ExpansionArg_type":3,"ExpansionArg_string":"TH0hTCPPhb==","_bound":737}
* Error: SyntaxError: Concolic(Found an expression but expected a statement: TH0hTCPPhb, Expr {(str.++ "Found an expression but expected a statement: "
        (str.substr ExpansionArg_string (to_int 0.0) (to_int 10.0)))}, )
*-- Replay with NO_COMPILE=1 expoSE replay '/home/blake/ExpoSE/lib/Harness/src/harness.js' '{"Switcher":false,"Target_Switch_Base":0,"ExpansionArg_type":3,"ExpansionArg_string":"TH0hTCPPhb==","_bound":737}'
*-- Test Case {"Switcher":false,"Target_Switch_Base":0,"ExpansionArg_type":3,"ExpansionArg_string":"P--[\u0000\u0000","_bound":53} start 353.0473 took 112.6206s
*-- Errors occured in test {"Switcher":false,"Target_Switch_Base":0,"ExpansionArg_type":3,"ExpansionArg_string":"P--[\u0000\u0000","_bound":53}
* Error: SyntaxError: Concolic(Found an expression but expected a statement: P, Expr {(str.++ "Found an expression but expected a statement: "
        (str.substr ExpansionArg_string (to_int 0.0) (to_int 1.0)))}, )
*-- Replay with NO_COMPILE=1 expoSE replay '/home/blake/ExpoSE/lib/Harness/src/harness.js' '{"Switcher":false,"Target_Switch_Base":0,"ExpansionArg_type":3,"ExpansionArg_string":"P--[\u0000\u0000","_bound":53}'
*-- Test Case {"Switcher":false,"Target_Switch_Base":0,"ExpansionArg_type":3,"ExpansionArg_string":"224","_bound":52} start 435.9837 took 31.0036s
*-- Errors occured in test {"Switcher":false,"Target_Switch_Base":0,"ExpansionArg_type":3,"ExpansionArg_string":"224","_bound":52}
* Error: SyntaxError: Concolic(Found an expression but expected a statement: 224, Expr {(str.++ "Found an expression but expected a statement: "
        (str.substr ExpansionArg_string (to_int 0.0) (to_int 3.0)))}, )
*-- Replay with NO_COMPILE=1 expoSE replay '/home/blake/ExpoSE/lib/Harness/src/harness.js' '{"Switcher":false,"Target_Switch_Base":0,"ExpansionArg_type":3,"ExpansionArg_string":"224","_bound":52}'
*-- Test Case {"Switcher":false,"Target_Switch_Base":0,"ExpansionArg_type":3,"ExpansionArg_string":"\u0000","_bound":44} start 431.3032 took 37.6639s
*-- Errors occured in test {"Switcher":false,"Target_Switch_Base":0,"ExpansionArg_type":3,"ExpansionArg_string":"\u0000","_bound":44}
* Error: SyntaxError: Concolic(Parser error near ` `, Expr {(str.++ (str.++ "Parser error near `"
                (str.substr ExpansionArg_string (to_int 0.0) (to_int 1.0)))
        "`")}, )
*-- Replay with NO_COMPILE=1 expoSE replay '/home/blake/ExpoSE/lib/Harness/src/harness.js' '{"Switcher":false,"Target_Switch_Base":0,"ExpansionArg_type":3,"ExpansionArg_string":"\u0000","_bound":44}'
*-- Test Case {"Switcher":false,"Target_Switch_Base":0,"ExpansionArg_type":3,"ExpansionArg_string":"k_1_phco93'\u0000\u0000","_bound":116} start 456.2423 took 21.7652s
*-- Errors occured in test {"Switcher":false,"Target_Switch_Base":0,"ExpansionArg_type":3,"ExpansionArg_string":"k_1_phco93'\u0000\u0000","_bound":116}
* Error: SyntaxError: `'` expected (to close string at 1:11) at 1:14
*-- Replay with NO_COMPILE=1 expoSE replay '/home/blake/ExpoSE/lib/Harness/src/harness.js' '{"Switcher":false,"Target_Switch_Base":0,"ExpansionArg_type":3,"ExpansionArg_string":"k_1_phco93'\''\u0000\u0000","_bound":116}'
*-- Test Case {"Switcher":false,"Target_Switch_Base":0,"ExpansionArg_type":3,"ExpansionArg_string":"p0_K_\u0000\u0000","_bound":51} start 404.9094 took 74.7068s
*-- Errors occured in test {"Switcher":false,"Target_Switch_Base":0,"ExpansionArg_type":3,"ExpansionArg_string":"p0_K_\u0000\u0000","_bound":51}
* Error: SyntaxError: Concolic(Found an expression but expected a statement: p0_K_, Expr {(str.++ "Found an expression but expected a statement: "
        (str.substr ExpansionArg_string (to_int 0.0) (to_int 5.0)))}, )
*-- Replay with NO_COMPILE=1 expoSE replay '/home/blake/ExpoSE/lib/Harness/src/harness.js' '{"Switcher":false,"Target_Switch_Base":0,"ExpansionArg_type":3,"ExpansionArg_string":"p0_K_\u0000\u0000","_bound":51}'
*-- Test Case {"Switcher":false,"Target_Switch_Base":0,"ExpansionArg_type":3,"ExpansionArg_string":"\u0000","_bound":29} start 440.7394 took 45.8164s
*-- Errors occured in test {"Switcher":false,"Target_Switch_Base":0,"ExpansionArg_type":3,"ExpansionArg_string":"\u0000","_bound":29}
* Error: SyntaxError: Concolic(Parser error near ` `, Expr {(str.++ (str.++ "Parser error near `"
                (str.substr ExpansionArg_string (to_int 0.0) (to_int 1.0)))
        "`")}, )
*-- Replay with NO_COMPILE=1 expoSE replay '/home/blake/ExpoSE/lib/Harness/src/harness.js' '{"Switcher":false,"Target_Switch_Base":0,"ExpansionArg_type":3,"ExpansionArg_string":"\u0000","_bound":29}'
*-- Test Case {"Switcher":false,"Target_Switch_Base":0,"ExpansionArg_type":3,"ExpansionArg_string":"L_nyZ_5KKK --[\u0000","_bound":59} start 342.3033 took 144.9785s
*-- Errors occured in test {"Switcher":false,"Target_Switch_Base":0,"ExpansionArg_type":3,"ExpansionArg_string":"L_nyZ_5KKK --[\u0000","_bound":59}
* Error: SyntaxError: Concolic(Found an expression but expected a statement: L_nyZ_5KKK, Expr {(str.++ "Found an expression but expected a statement: "
        (str.substr ExpansionArg_string (to_int 0.0) (to_int 10.0)))}, )
*-- Replay with NO_COMPILE=1 expoSE replay '/home/blake/ExpoSE/lib/Harness/src/harness.js' '{"Switcher":false,"Target_Switch_Base":0,"ExpansionArg_type":3,"ExpansionArg_string":"L_nyZ_5KKK --[\u0000","_bound":59}'
*-- Test Case {"Switcher":false,"Target_Switch_Base":0,"ExpansionArg_type":3,"ExpansionArg_string":"xu0KysCZr3'\u0000\n","_bound":113} start 467.0641 took 24.8952s
*-- Errors occured in test {"Switcher":false,"Target_Switch_Base":0,"ExpansionArg_type":3,"ExpansionArg_string":"xu0KysCZr3'\u0000\n","_bound":113}
* Error: SyntaxError: `'` expected (to close string at 1:11) at 2:1
*-- Replay with NO_COMPILE=1 expoSE replay '/home/blake/ExpoSE/lib/Harness/src/harness.js' '{"Switcher":false,"Target_Switch_Base":0,"ExpansionArg_type":3,"ExpansionArg_string":"xu0KysCZr3'\''\u0000\n","_bound":113}'
*-- Test Case {"Switcher":false,"Target_Switch_Base":0,"ExpansionArg_type":3,"ExpansionArg_string":"\n","_bound":579,"ExpandedSwitcher":0} start 486.6554 took 9.6571s
*-- Test Case {"Switcher":false,"Target_Switch_Base":0,"ExpansionArg_type":3,"ExpansionArg_string":"\u0000","_bound":42} start 456.3952 took 43.0233s
*-- Errors occured in test {"Switcher":false,"Target_Switch_Base":0,"ExpansionArg_type":3,"ExpansionArg_string":"\u0000","_bound":42}
* Error: SyntaxError: Concolic(Parser error near ` `, Expr {(str.++ (str.++ "Parser error near `"
                (str.substr ExpansionArg_string (to_int 0.0) (to_int 1.0)))
        "`")}, )
*-- Replay with NO_COMPILE=1 expoSE replay '/home/blake/ExpoSE/lib/Harness/src/harness.js' '{"Switcher":false,"Target_Switch_Base":0,"ExpansionArg_type":3,"ExpansionArg_string":"\u0000","_bound":42}'
*-- Test Case {"Switcher":false,"Target_Switch_Base":0,"ExpansionArg_type":3,"ExpansionArg_string":"L_nyZ_5KKK r","_bound":58} start 381.1292 took 120.1825s
*-- Errors occured in test {"Switcher":false,"Target_Switch_Base":0,"ExpansionArg_type":3,"ExpansionArg_string":"L_nyZ_5KKK r","_bound":58}
* Error: SyntaxError: Concolic(Found an expression but expected a statement: L_nyZ_5KKK, Expr {(str.++ "Found an expression but expected a statement: "
        (str.substr ExpansionArg_string (to_int 0.0) (to_int 10.0)))}, )
*-- Replay with NO_COMPILE=1 expoSE replay '/home/blake/ExpoSE/lib/Harness/src/harness.js' '{"Switcher":false,"Target_Switch_Base":0,"ExpansionArg_type":3,"ExpansionArg_string":"L_nyZ_5KKK r","_bound":58}'
*-- Test Case {"Switcher":false,"Target_Switch_Base":0,"ExpansionArg_type":4,"ExpansionArg_array_length":2,"ExpansionArg_array_element_0_type":2,"ExpansionArg_array_element_0_int":0,"_bound":11,"ExpansionArg_array_element_1_type":0} start 496.397 took 7.5069s
*-- Errors occured in test {"Switcher":false,"Target_Switch_Base":0,"ExpansionArg_type":4,"ExpansionArg_array_length":2,"ExpansionArg_array_element_0_type":2,"ExpansionArg_array_element_0_int":0,"_bound":11,"ExpansionArg_array_element_1_type":0}
* Error: TypeError: Function.prototype.apply was called on undefined, which is a undefined and not a function
*-- Replay with NO_COMPILE=1 expoSE replay '/home/blake/ExpoSE/lib/Harness/src/harness.js' '{"Switcher":false,"Target_Switch_Base":0,"ExpansionArg_type":4,"ExpansionArg_array_length":2,"ExpansionArg_array_element_0_type":2,"ExpansionArg_array_element_0_int":0,"_bound":11}'
*-- Test Case {"Switcher":false,"Target_Switch_Base":0,"ExpansionArg_type":3,"ExpansionArg_string":"\u0000","_bound":17} start 450.6346 took 53.7534s
*-- Errors occured in test {"Switcher":false,"Target_Switch_Base":0,"ExpansionArg_type":3,"ExpansionArg_string":"\u0000","_bound":17}
* Error: SyntaxError: Concolic(Parser error near ` `, Expr {(str.++ (str.++ "Parser error near `"
                (str.substr ExpansionArg_string (to_int 0.0) (to_int 1.0)))
        "`")}, )
*-- Replay with NO_COMPILE=1 expoSE replay '/home/blake/ExpoSE/lib/Harness/src/harness.js' '{"Switcher":false,"Target_Switch_Base":0,"ExpansionArg_type":3,"ExpansionArg_string":"\u0000","_bound":17}'
*-- Test Case {"Switcher":false,"Target_Switch_Base":0,"ExpansionArg_type":4,"ExpansionArg_array_length":2,"ExpansionArg_array_element_0_type":2,"ExpansionArg_array_element_0_int":0,"ExpansionArg_array_element_1_type":1,"_bound":12} start 503.9866 took 6.2368s
*-- Errors occured in test {"Switcher":false,"Target_Switch_Base":0,"ExpansionArg_type":4,"ExpansionArg_array_length":2,"ExpansionArg_array_element_0_type":2,"ExpansionArg_array_element_0_int":0,"ExpansionArg_array_element_1_type":1,"_bound":12}
* Error: TypeError: Function.prototype.apply was called on undefined, which is a undefined and not a function
*-- Replay with NO_COMPILE=1 expoSE replay '/home/blake/ExpoSE/lib/Harness/src/harness.js' '{"Switcher":false,"Target_Switch_Base":0,"ExpansionArg_type":4,"ExpansionArg_array_length":2,"ExpansionArg_array_element_0_type":2,"ExpansionArg_array_element_0_int":0,"ExpansionArg_array_element_1_type":1,"_bound":12}'
*-- Test Case {"Switcher":false,"Target_Switch_Base":0,"ExpansionArg_type":3,"ExpansionArg_string":"P--[\u0000n\u0000","_bound":56} start 373.6235 took 144.1814s
*-- Errors occured in test {"Switcher":false,"Target_Switch_Base":0,"ExpansionArg_type":3,"ExpansionArg_string":"P--[\u0000n\u0000","_bound":56}
* Error: SyntaxError: Concolic(Found an expression but expected a statement: P, Expr {(str.++ "Found an expression but expected a statement: "
        (str.substr ExpansionArg_string (to_int 0.0) (to_int 1.0)))}, )
*-- Replay with NO_COMPILE=1 expoSE replay '/home/blake/ExpoSE/lib/Harness/src/harness.js' '{"Switcher":false,"Target_Switch_Base":0,"ExpansionArg_type":3,"ExpansionArg_string":"P--[\u0000n\u0000","_bound":56}'
*-- Test Case {"Switcher":false,"Target_Switch_Base":0,"ExpansionArg_type":3,"ExpansionArg_string":"","_bound":12,"ExpandedSwitcher":0} start 479.7214 took 38.9412s
*-- Test Case {"Switcher":false,"Target_Switch_Base":0,"ExpansionArg_type":3,"ExpansionArg_string":"b4hh00x00a//while\u0000\u0000\u0000","_bound":766} start 402.1246 took 126.0659s
*-- Errors occured in test {"Switcher":false,"Target_Switch_Base":0,"ExpansionArg_type":3,"ExpansionArg_string":"b4hh00x00a//while\u0000\u0000\u0000","_bound":766}
* Error: SyntaxError: Concolic(Found an expression but expected a statement: b4hh00x00a//while, Expr {(str.++ "Found an expression but expected a statement: "
        (str.substr ExpansionArg_string (to_int 0.0) (to_int 17.0)))}, )
*-- Replay with NO_COMPILE=1 expoSE replay '/home/blake/ExpoSE/lib/Harness/src/harness.js' '{"Switcher":false,"Target_Switch_Base":0,"ExpansionArg_type":3,"ExpansionArg_string":"b4hh00x00a//while\u0000\u0000\u0000","_bound":766}'
*-- Test Case {"Switcher":false,"Target_Switch_Base":0,"ExpansionArg_type":3,"ExpansionArg_string":"\u0000","_bound":30} start 478.0955 took 52.994s
*-- Errors occured in test {"Switcher":false,"Target_Switch_Base":0,"ExpansionArg_type":3,"ExpansionArg_string":"\u0000","_bound":30}
* Error: SyntaxError: Concolic(Parser error near ` `, Expr {(str.++ (str.++ "Parser error near `"
                (str.substr ExpansionArg_string (to_int 0.0) (to_int 1.0)))
        "`")}, )
*-- Replay with NO_COMPILE=1 expoSE replay '/home/blake/ExpoSE/lib/Harness/src/harness.js' '{"Switcher":false,"Target_Switch_Base":0,"ExpansionArg_type":3,"ExpansionArg_string":"\u0000","_bound":30}'
*-- Test Case {"Switcher":false,"Target_Switch_Base":0,"ExpansionArg_type":3,"ExpansionArg_string":"d0dd00b0Dh>=break\u0000","_bound":756} start 385.7336 took 149.6554s
*-- Errors occured in test {"Switcher":false,"Target_Switch_Base":0,"ExpansionArg_type":3,"ExpansionArg_string":"d0dd00b0Dh>=break\u0000","_bound":756}
* Error: SyntaxError: Concolic(Found an expression but expected a statement: d0dd00b0Dh>=break, Expr {(str.++ "Found an expression but expected a statement: "
        (str.substr ExpansionArg_string (to_int 0.0) (to_int 17.0)))}, )
*-- Replay with NO_COMPILE=1 expoSE replay '/home/blake/ExpoSE/lib/Harness/src/harness.js' '{"Switcher":false,"Target_Switch_Base":0,"ExpansionArg_type":3,"ExpansionArg_string":"d0dd00b0Dh>=break\u0000","_bound":756}'
*-- Test Case {"Switcher":false,"Target_Switch_Base":0,"ExpansionArg_type":3,"ExpansionArg_string":"a0bhbhdD0A''","_bound":113,"ExpandedSwitcher":0} start 504.5074 took 32.1787s
*-- Test Case {"Switcher":false,"Target_Switch_Base":0,"ExpansionArg_type":3,"ExpansionArg_string":"22E4","_bound":54} start 510.3594 took 28.1081s
*-- Errors occured in test {"Switcher":false,"Target_Switch_Base":0,"ExpansionArg_type":3,"ExpansionArg_string":"22E4","_bound":54}
* Error: SyntaxError: Concolic(Found an expression but expected a statement: 22E4, Expr {(str.++ "Found an expression but expected a statement: "
        (str.substr ExpansionArg_string (to_int 0.0) (to_int 4.0)))}, )
*-- Replay with NO_COMPILE=1 expoSE replay '/home/blake/ExpoSE/lib/Harness/src/harness.js' '{"Switcher":false,"Target_Switch_Base":0,"ExpansionArg_type":3,"ExpansionArg_string":"22E4","_bound":54}'
*-- Test Case {"Switcher":false,"Target_Switch_Base":0,"ExpansionArg_type":3,"ExpansionArg_string":"\u0000","_bound":24} start 499.5031 took 46.099s
*-- Errors occured in test {"Switcher":false,"Target_Switch_Base":0,"ExpansionArg_type":3,"ExpansionArg_string":"\u0000","_bound":24}
* Error: SyntaxError: Concolic(Parser error near ` `, Expr {(str.++ (str.++ "Parser error near `"
                (str.substr ExpansionArg_string (to_int 0.0) (to_int 1.0)))
        "`")}, )
*-- Replay with NO_COMPILE=1 expoSE replay '/home/blake/ExpoSE/lib/Harness/src/harness.js' '{"Switcher":false,"Target_Switch_Base":0,"ExpansionArg_type":3,"ExpansionArg_string":"\u0000","_bound":24}'
*-- Test Case {"Switcher":false,"Target_Switch_Base":0,"ExpansionArg_type":3,"ExpansionArg_string":"4E","_bound":52} start 535.4901 took 20.2984s
*-- Errors occured in test {"Switcher":false,"Target_Switch_Base":0,"ExpansionArg_type":3,"ExpansionArg_string":"4E","_bound":52}
* Error: SyntaxError: Concolic(Found an expression but expected a statement: 4, Expr {(str.++ "Found an expression but expected a statement: "
        (str.substr ExpansionArg_string (to_int 0.0) (to_int 1.0)))}, )
*-- Replay with NO_COMPILE=1 expoSE replay '/home/blake/ExpoSE/lib/Harness/src/harness.js' '{"Switcher":false,"Target_Switch_Base":0,"ExpansionArg_type":3,"ExpansionArg_string":"4E","_bound":52}'
*-- Test Case {"Switcher":false,"Target_Switch_Base":0,"ExpansionArg_type":3,"ExpansionArg_string":"22e22","_bound":55} start 539.0733 took 18.8896s
*-- Errors occured in test {"Switcher":false,"Target_Switch_Base":0,"ExpansionArg_type":3,"ExpansionArg_string":"22e22","_bound":55}
* Error: SyntaxError: Concolic(Found an expression but expected a statement: 22e22, Expr {(str.++ "Found an expression but expected a statement: "
        (str.substr ExpansionArg_string (to_int 0.0) (to_int 5.0)))}, )
*-- Replay with NO_COMPILE=1 expoSE replay '/home/blake/ExpoSE/lib/Harness/src/harness.js' '{"Switcher":false,"Target_Switch_Base":0,"ExpansionArg_type":3,"ExpansionArg_string":"22e22","_bound":55}'
*-- Test Case {"Switcher":false,"Target_Switch_Base":0,"ExpansionArg_type":3,"ExpansionArg_string":"pB0bPdPH00//while\u0000\u0000\u0000\u0000","_bound":1025} start 528.2647 took 30.2444s
*-- Errors occured in test {"Switcher":false,"Target_Switch_Base":0,"ExpansionArg_type":3,"ExpansionArg_string":"pB0bPdPH00//while\u0000\u0000\u0000\u0000","_bound":1025}
* Error: SyntaxError: Concolic(Found an expression but expected a statement: pB0bPdPH00//while, Expr {(str.++ "Found an expression but expected a statement: "
        (str.substr ExpansionArg_string (to_int 0.0) (to_int 17.0)))}, )
*-- Replay with NO_COMPILE=1 expoSE replay '/home/blake/ExpoSE/lib/Harness/src/harness.js' '{"Switcher":false,"Target_Switch_Base":0,"ExpansionArg_type":3,"ExpansionArg_string":"pB0bPdPH00//while\u0000\u0000\u0000\u0000","_bound":1025}'
*-- Test Case {"Switcher":false,"Target_Switch_Base":0,"ExpansionArg_type":3,"ExpansionArg_string":"\u0000\u0000","_bound":7} start 517.905 took 43.1882s
*-- Errors occured in test {"Switcher":false,"Target_Switch_Base":0,"ExpansionArg_type":3,"ExpansionArg_string":"\u0000\u0000","_bound":7}
* Error: SyntaxError: Concolic(Parser error near ` `, Expr {(str.++ (str.++ "Parser error near `"
                (str.substr ExpansionArg_string (to_int 0.0) (to_int 1.0)))
        "`")}, )
*-- Replay with NO_COMPILE=1 expoSE replay '/home/blake/ExpoSE/lib/Harness/src/harness.js' '{"Switcher":false,"Target_Switch_Base":0,"ExpansionArg_type":3,"ExpansionArg_string":"\u0000\u0000","_bound":7}'
*-- Test Case {"Switcher":false,"Target_Switch_Base":0,"ExpansionArg_type":3,"ExpansionArg_string":"p0_j_8p0Hr:","_bound":60} start 361.8422 took 206.751s
*-- Errors occured in test {"Switcher":false,"Target_Switch_Base":0,"ExpansionArg_type":3,"ExpansionArg_string":"p0_j_8p0Hr:","_bound":60}
* Error: SyntaxError: Concolic(Found an expression but expected a statement: p0_j_8p0Hr, Expr {(str.++ "Found an expression but expected a statement: "
        (str.substr ExpansionArg_string (to_int 0.0) (to_int 10.0)))}, )
*-- Replay with NO_COMPILE=1 expoSE replay '/home/blake/ExpoSE/lib/Harness/src/harness.js' '{"Switcher":false,"Target_Switch_Base":0,"ExpansionArg_type":3,"ExpansionArg_string":"p0_j_8p0Hr:","_bound":60}'
*-- Test Case {"Switcher":false,"Target_Switch_Base":0,"ExpansionArg_type":3,"ExpansionArg_string":"D0DHDbbBD8\"x","_bound":110} start 558.6325 took 18.1014s
*-- Errors occured in test {"Switcher":false,"Target_Switch_Base":0,"ExpansionArg_type":3,"ExpansionArg_string":"D0DHDbbBD8\"x","_bound":110}
* Error: SyntaxError: `"` expected (to close string at 1:11) at 1:13
*-- Replay with NO_COMPILE=1 expoSE replay '/home/blake/ExpoSE/lib/Harness/src/harness.js' '{"Switcher":false,"Target_Switch_Base":0,"ExpansionArg_type":3,"ExpansionArg_string":"D0DHDbbBD8\"x","_bound":110}'
*-- Test Case {"Switcher":false,"Target_Switch_Base":0,"ExpansionArg_type":3,"ExpansionArg_string":"d__0s_P_0Z//while","_bound":770} start 531.207 took 45.8942s
*-- Errors occured in test {"Switcher":false,"Target_Switch_Base":0,"ExpansionArg_type":3,"ExpansionArg_string":"d__0s_P_0Z//while","_bound":770}
* Error: SyntaxError: Concolic(Found an expression but expected a statement: d__0s_P_0Z, Expr {(str.++ "Found an expression but expected a statement: "
        (str.substr ExpansionArg_string (to_int 0.0) (to_int 10.0)))}, )
*-- Replay with NO_COMPILE=1 expoSE replay '/home/blake/ExpoSE/lib/Harness/src/harness.js' '{"Switcher":false,"Target_Switch_Base":0,"ExpansionArg_type":3,"ExpansionArg_string":"d__0s_P_0Z//while","_bound":770}'
*-- Test Case {"Switcher":false,"Target_Switch_Base":0,"ExpansionArg_type":3,"ExpansionArg_string":"64e224","_bound":56} start 558.0784 took 21.031s
*-- Errors occured in test {"Switcher":false,"Target_Switch_Base":0,"ExpansionArg_type":3,"ExpansionArg_string":"64e224","_bound":56}
* Error: SyntaxError: Concolic(Found an expression but expected a statement: 64e224, Expr {(str.++ "Found an expression but expected a statement: "
        (str.substr ExpansionArg_string (to_int 0.0) (to_int 6.0)))}, )
*-- Replay with NO_COMPILE=1 expoSE replay '/home/blake/ExpoSE/lib/Harness/src/harness.js' '{"Switcher":false,"Target_Switch_Base":0,"ExpansionArg_type":3,"ExpansionArg_string":"64e224","_bound":56}'
*-- Test Case {"Switcher":false,"Target_Switch_Base":0,"ExpansionArg_type":3,"ExpansionArg_string":"p0_j_8p0Hr--","_bound":59} start 465.785 took 115.437s
*-- Errors occured in test {"Switcher":false,"Target_Switch_Base":0,"ExpansionArg_type":3,"ExpansionArg_string":"p0_j_8p0Hr--","_bound":59}
* Error: SyntaxError: Concolic(Found an expression but expected a statement: p0_j_8p0Hr, Expr {(str.++ "Found an expression but expected a statement: "
        (str.substr ExpansionArg_string (to_int 0.0) (to_int 10.0)))}, )
*-- Replay with NO_COMPILE=1 expoSE replay '/home/blake/ExpoSE/lib/Harness/src/harness.js' '{"Switcher":false,"Target_Switch_Base":0,"ExpansionArg_type":3,"ExpansionArg_string":"p0_j_8p0Hr--","_bound":59}'
*-- Test Case {"Switcher":false,"Target_Switch_Base":0,"ExpansionArg_type":3,"ExpansionArg_string":"\u0000","_bound":9} start 545.7011 took 37.5476s
*-- Errors occured in test {"Switcher":false,"Target_Switch_Base":0,"ExpansionArg_type":3,"ExpansionArg_string":"\u0000","_bound":9}
* Error: SyntaxError: Concolic(Parser error near ` `, Expr {(str.++ (str.++ "Parser error near `"
                (str.substr ExpansionArg_string (to_int 0.0) (to_int 1.0)))
        "`")}, )
*-- Replay with NO_COMPILE=1 expoSE replay '/home/blake/ExpoSE/lib/Harness/src/harness.js' '{"Switcher":false,"Target_Switch_Base":0,"ExpansionArg_type":3,"ExpansionArg_string":"\u0000","_bound":9}'
*-- Test Case {"Switcher":false,"Target_Switch_Base":0,"ExpansionArg_type":3,"ExpansionArg_string":"22E2224","_bound":57} start 579.1974 took 20.374s
*-- Errors occured in test {"Switcher":false,"Target_Switch_Base":0,"ExpansionArg_type":3,"ExpansionArg_string":"22E2224","_bound":57}
* Error: SyntaxError: Concolic(Found an expression but expected a statement: 22E2224, Expr {(str.++ "Found an expression but expected a statement: "
        (str.substr ExpansionArg_string (to_int 0.0) (to_int 7.0)))}, )
*-- Replay with NO_COMPILE=1 expoSE replay '/home/blake/ExpoSE/lib/Harness/src/harness.js' '{"Switcher":false,"Target_Switch_Base":0,"ExpansionArg_type":3,"ExpansionArg_string":"22E2224","_bound":57}'
*-- Test Case {"Switcher":false,"Target_Switch_Base":0,"ExpansionArg_type":3,"ExpansionArg_string":"\u0000","_bound":21} start 561.2069 took 38.6195s
*-- Errors occured in test {"Switcher":false,"Target_Switch_Base":0,"ExpansionArg_type":3,"ExpansionArg_string":"\u0000","_bound":21}
* Error: SyntaxError: Concolic(Parser error near ` `, Expr {(str.++ (str.++ "Parser error near `"
                (str.substr ExpansionArg_string (to_int 0.0) (to_int 1.0)))
        "`")}, )
*-- Replay with NO_COMPILE=1 expoSE replay '/home/blake/ExpoSE/lib/Harness/src/harness.js' '{"Switcher":false,"Target_Switch_Base":0,"ExpansionArg_type":3,"ExpansionArg_string":"\u0000","_bound":21}'
*-- Test Case {"Switcher":false,"Target_Switch_Base":0,"ExpansionArg_type":3,"ExpansionArg_string":"_u.\u0000\u0000\u0000","_bound":52} start 469.0917 took 138.1922s
*-- Errors occured in test {"Switcher":false,"Target_Switch_Base":0,"ExpansionArg_type":3,"ExpansionArg_string":"_u.\u0000\u0000\u0000","_bound":52}
* Error: SyntaxError: Concolic(Found an expression but expected a statement: _u, Expr {(str.++ "Found an expression but expected a statement: "
        (str.substr ExpansionArg_string (to_int 0.0) (to_int 2.0)))}, )
*-- Replay with NO_COMPILE=1 expoSE replay '/home/blake/ExpoSE/lib/Harness/src/harness.js' '{"Switcher":false,"Target_Switch_Base":0,"ExpansionArg_type":3,"ExpansionArg_string":"_u.\u0000\u0000\u0000","_bound":52}'
*-- Test Case {"Switcher":false,"Target_Switch_Base":0,"ExpansionArg_type":3,"ExpansionArg_string":"\u0000","_bound":28} start 577.1815 took 36.9609s
*-- Errors occured in test {"Switcher":false,"Target_Switch_Base":0,"ExpansionArg_type":3,"ExpansionArg_string":"\u0000","_bound":28}
* Error: SyntaxError: Concolic(Parser error near ` `, Expr {(str.++ (str.++ "Parser error near `"
                (str.substr ExpansionArg_string (to_int 0.0) (to_int 1.0)))
        "`")}, )
*-- Replay with NO_COMPILE=1 expoSE replay '/home/blake/ExpoSE/lib/Harness/src/harness.js' '{"Switcher":false,"Target_Switch_Base":0,"ExpansionArg_type":3,"ExpansionArg_string":"\u0000","_bound":28}'
*-- Test Case {"Switcher":false,"Target_Switch_Base":0,"ExpansionArg_type":4,"ExpansionArg_array_length":2,"ExpansionArg_array_element_0_type":2,"ExpansionArg_array_element_0_int":0,"ExpansionArg_array_element_1_type":3,"_bound":13,"ExpansionArg_array_element_1_string":"PureString"} start 599.9391 took 14.9061s
*-- Errors occured in test {"Switcher":false,"Target_Switch_Base":0,"ExpansionArg_type":4,"ExpansionArg_array_length":2,"ExpansionArg_array_element_0_type":2,"ExpansionArg_array_element_0_int":0,"ExpansionArg_array_element_1_type":3,"_bound":13,"ExpansionArg_array_element_1_string":"PureString"}
* Error: TypeError: Function.prototype.apply was called on undefined, which is a undefined and not a function
*-- Replay with NO_COMPILE=1 expoSE replay '/home/blake/ExpoSE/lib/Harness/src/harness.js' '{"Switcher":false,"Target_Switch_Base":0,"ExpansionArg_type":4,"ExpansionArg_array_length":2,"ExpansionArg_array_element_0_type":2,"ExpansionArg_array_element_0_int":0,"ExpansionArg_array_element_1_type":3,"_bound":13}'
*-- Test Case {"Switcher":false,"Target_Switch_Base":0,"ExpansionArg_type":3,"ExpansionArg_string":"xu0KysCZr3'x","_bound":111} start 599.6573 took 17.8583s
*-- Errors occured in test {"Switcher":false,"Target_Switch_Base":0,"ExpansionArg_type":3,"ExpansionArg_string":"xu0KysCZr3'x","_bound":111}
* Error: SyntaxError: `'` expected (to close string at 1:11) at 1:13
*-- Replay with NO_COMPILE=1 expoSE replay '/home/blake/ExpoSE/lib/Harness/src/harness.js' '{"Switcher":false,"Target_Switch_Base":0,"ExpansionArg_type":3,"ExpansionArg_string":"xu0KysCZr3'\''x","_bound":111}'
*-- Test Case {"Switcher":false,"Target_Switch_Base":0,"ExpansionArg_type":4,"ExpansionArg_array_length":2,"ExpansionArg_array_element_0_type":0,"_bound":9,"ExpansionArg_array_element_1_type":0} start 614.2491 took 8.2599s
*-- Errors occured in test {"Switcher":false,"Target_Switch_Base":0,"ExpansionArg_type":4,"ExpansionArg_array_length":2,"ExpansionArg_array_element_0_type":0,"_bound":9,"ExpansionArg_array_element_1_type":0}
* Error: TypeError: Function.prototype.apply was called on undefined, which is a undefined and not a function
*-- Replay with NO_COMPILE=1 expoSE replay '/home/blake/ExpoSE/lib/Harness/src/harness.js' '{"Switcher":false,"Target_Switch_Base":0,"ExpansionArg_type":4,"ExpansionArg_array_length":2,"ExpansionArg_array_element_0_type":0,"_bound":9}'
*-- Test Case {"Switcher":false,"Target_Switch_Base":0,"ExpansionArg_type":3,"ExpansionArg_string":"_k--","_bound":52} start 536.7691 took 87.7986s
*-- Errors occured in test {"Switcher":false,"Target_Switch_Base":0,"ExpansionArg_type":3,"ExpansionArg_string":"_k--","_bound":52}
* Error: SyntaxError: Concolic(Found an expression but expected a statement: _k, Expr {(str.++ "Found an expression but expected a statement: "
        (str.substr ExpansionArg_string (to_int 0.0) (to_int 2.0)))}, )
*-- Replay with NO_COMPILE=1 expoSE replay '/home/blake/ExpoSE/lib/Harness/src/harness.js' '{"Switcher":false,"Target_Switch_Base":0,"ExpansionArg_type":3,"ExpansionArg_string":"_k--","_bound":52}'
*-- Test Case {"Switcher":false,"Target_Switch_Base":0,"ExpansionArg_type":3,"ExpansionArg_string":"\u0000","_bound":27} start 576.8804 took 50.5754s
*-- Errors occured in test {"Switcher":false,"Target_Switch_Base":0,"ExpansionArg_type":3,"ExpansionArg_string":"\u0000","_bound":27}
* Error: SyntaxError: Concolic(Parser error near ` `, Expr {(str.++ (str.++ "Parser error near `"
                (str.substr ExpansionArg_string (to_int 0.0) (to_int 1.0)))
        "`")}, )
*-- Replay with NO_COMPILE=1 expoSE replay '/home/blake/ExpoSE/lib/Harness/src/harness.js' '{"Switcher":false,"Target_Switch_Base":0,"ExpansionArg_type":3,"ExpansionArg_string":"\u0000","_bound":27}'
*-- Test Case {"Switcher":false,"Target_Switch_Base":0,"ExpansionArg_type":4,"ExpansionArg_array_length":2,"ExpansionArg_array_element_0_type":0,"ExpansionArg_array_element_1_type":1,"_bound":10} start 622.5833 took 7.3536s
*-- Errors occured in test {"Switcher":false,"Target_Switch_Base":0,"ExpansionArg_type":4,"ExpansionArg_array_length":2,"ExpansionArg_array_element_0_type":0,"ExpansionArg_array_element_1_type":1,"_bound":10}
* Error: TypeError: Function.prototype.apply was called on undefined, which is a undefined and not a function
*-- Replay with NO_COMPILE=1 expoSE replay '/home/blake/ExpoSE/lib/Harness/src/harness.js' '{"Switcher":false,"Target_Switch_Base":0,"ExpansionArg_type":4,"ExpansionArg_array_length":2,"ExpansionArg_array_element_0_type":0,"ExpansionArg_array_element_1_type":1,"_bound":10}'
*-- Test Case {"Switcher":false,"Target_Switch_Base":0,"ExpansionArg_type":4,"ExpansionArg_array_length":2,"ExpansionArg_array_element_0_type":0,"ExpansionArg_array_element_1_type":3,"_bound":11,"ExpansionArg_array_element_1_string":"PureString"} start 629.9964 took 6.6958s
*-- Errors occured in test {"Switcher":false,"Target_Switch_Base":0,"ExpansionArg_type":4,"ExpansionArg_array_length":2,"ExpansionArg_array_element_0_type":0,"ExpansionArg_array_element_1_type":3,"_bound":11,"ExpansionArg_array_element_1_string":"PureString"}
* Error: TypeError: Function.prototype.apply was called on undefined, which is a undefined and not a function
*-- Replay with NO_COMPILE=1 expoSE replay '/home/blake/ExpoSE/lib/Harness/src/harness.js' '{"Switcher":false,"Target_Switch_Base":0,"ExpansionArg_type":4,"ExpansionArg_array_length":2,"ExpansionArg_array_element_0_type":0,"ExpansionArg_array_element_1_type":3,"_bound":11}'
*-- Test Case {"Switcher":false,"Target_Switch_Base":0,"ExpansionArg_type":3,"ExpansionArg_string":"\u0000","_bound":28} start 614.9023 took 40.8162s
*-- Errors occured in test {"Switcher":false,"Target_Switch_Base":0,"ExpansionArg_type":3,"ExpansionArg_string":"\u0000","_bound":28}
* Error: SyntaxError: Concolic(Parser error near ` `, Expr {(str.++ (str.++ "Parser error near `"
                (str.substr ExpansionArg_string (to_int 0.0) (to_int 1.0)))
        "`")}, )
*-- Replay with NO_COMPILE=1 expoSE replay '/home/blake/ExpoSE/lib/Harness/src/harness.js' '{"Switcher":false,"Target_Switch_Base":0,"ExpansionArg_type":3,"ExpansionArg_string":"\u0000","_bound":28}'
*-- Test Case {"Switcher":false,"Target_Switch_Base":0,"ExpansionArg_type":3,"ExpansionArg_string":"\u0000","_bound":18} start 617.6113 took 38.4657s
*-- Errors occured in test {"Switcher":false,"Target_Switch_Base":0,"ExpansionArg_type":3,"ExpansionArg_string":"\u0000","_bound":18}
* Error: SyntaxError: Concolic(Parser error near ` `, Expr {(str.++ (str.++ "Parser error near `"
                (str.substr ExpansionArg_string (to_int 0.0) (to_int 1.0)))
        "`")}, )
*-- Replay with NO_COMPILE=1 expoSE replay '/home/blake/ExpoSE/lib/Harness/src/harness.js' '{"Switcher":false,"Target_Switch_Base":0,"ExpansionArg_type":3,"ExpansionArg_string":"\u0000","_bound":18}'
*-- Test Case {"Switcher":false,"Target_Switch_Base":0,"ExpansionArg_type":3,"ExpansionArg_string":"_--\u0000n","_bound":54} start 555.8678 took 100.6141s
*-- Errors occured in test {"Switcher":false,"Target_Switch_Base":0,"ExpansionArg_type":3,"ExpansionArg_string":"_--\u0000n","_bound":54}
* Error: SyntaxError: Concolic(Found an expression but expected a statement: _, Expr {(str.++ "Found an expression but expected a statement: "
        (str.substr ExpansionArg_string (to_int 0.0) (to_int 1.0)))}, )
*-- Replay with NO_COMPILE=1 expoSE replay '/home/blake/ExpoSE/lib/Harness/src/harness.js' '{"Switcher":false,"Target_Switch_Base":0,"ExpansionArg_type":3,"ExpansionArg_string":"_--\u0000n","_bound":54}'
*-- Test Case {"Switcher":false,"Target_Switch_Base":0,"ExpansionArg_type":3,"ExpansionArg_string":"zkOzKzkks9 --[\u0000n","_bound":66} start 492.1012 took 171.6384s
*-- Errors occured in test {"Switcher":false,"Target_Switch_Base":0,"ExpansionArg_type":3,"ExpansionArg_string":"zkOzKzkks9 --[\u0000n","_bound":66}
* Error: SyntaxError: Concolic(Found an expression but expected a statement: zkOzKzkks9, Expr {(str.++ "Found an expression but expected a statement: "
        (str.substr ExpansionArg_string (to_int 0.0) (to_int 10.0)))}, )
*-- Replay with NO_COMPILE=1 expoSE replay '/home/blake/ExpoSE/lib/Harness/src/harness.js' '{"Switcher":false,"Target_Switch_Base":0,"ExpansionArg_type":3,"ExpansionArg_string":"zkOzKzkks9 --[\u0000n","_bound":66}'
*-- Test Case {"Switcher":false,"Target_Switch_Base":0,"ExpansionArg_type":3,"ExpansionArg_string":"zkOzKzkks9 --[\u0000\u0000","_bound":63} start 487.3627 took 185.5752s
*-- Errors occured in test {"Switcher":false,"Target_Switch_Base":0,"ExpansionArg_type":3,"ExpansionArg_string":"zkOzKzkks9 --[\u0000\u0000","_bound":63}
* Error: SyntaxError: Concolic(Found an expression but expected a statement: zkOzKzkks9, Expr {(str.++ "Found an expression but expected a statement: "
        (str.substr ExpansionArg_string (to_int 0.0) (to_int 10.0)))}, )
*-- Replay with NO_COMPILE=1 expoSE replay '/home/blake/ExpoSE/lib/Harness/src/harness.js' '{"Switcher":false,"Target_Switch_Base":0,"ExpansionArg_type":3,"ExpansionArg_string":"zkOzKzkks9 --[\u0000\u0000","_bound":63}'
*-- Test Case {"Switcher":false,"Target_Switch_Base":0,"ExpansionArg_type":3,"ExpansionArg_string":"\u0000","_bound":34} start 636.7721 took 39.1058s
*-- Errors occured in test {"Switcher":false,"Target_Switch_Base":0,"ExpansionArg_type":3,"ExpansionArg_string":"\u0000","_bound":34}
* Error: SyntaxError: Concolic(Parser error near ` `, Expr {(str.++ (str.++ "Parser error near `"
                (str.substr ExpansionArg_string (to_int 0.0) (to_int 1.0)))
        "`")}, )
*-- Replay with NO_COMPILE=1 expoSE replay '/home/blake/ExpoSE/lib/Harness/src/harness.js' '{"Switcher":false,"Target_Switch_Base":0,"ExpansionArg_type":3,"ExpansionArg_string":"\u0000","_bound":34}'
*-- Test Case {"Switcher":false,"Target_Switch_Base":0,"ExpansionArg_type":3,"ExpansionArg_string":"4E4","_bound":53} start 656.5664 took 19.8715s
*-- Errors occured in test {"Switcher":false,"Target_Switch_Base":0,"ExpansionArg_type":3,"ExpansionArg_string":"4E4","_bound":53}
* Error: SyntaxError: Concolic(Found an expression but expected a statement: 4E4, Expr {(str.++ "Found an expression but expected a statement: "
        (str.substr ExpansionArg_string (to_int 0.0) (to_int 3.0)))}, )
*-- Replay with NO_COMPILE=1 expoSE replay '/home/blake/ExpoSE/lib/Harness/src/harness.js' '{"Switcher":false,"Target_Switch_Base":0,"ExpansionArg_type":3,"ExpansionArg_string":"4E4","_bound":53}'
*-- Test Case {"Switcher":false,"Target_Switch_Base":0,"ExpansionArg_type":3,"ExpansionArg_string":"H0B0bH0HB0<=while\u0000\u0000\u0000","_bound":761} start 518.7593 took 158.1777s
*-- Errors occured in test {"Switcher":false,"Target_Switch_Base":0,"ExpansionArg_type":3,"ExpansionArg_string":"H0B0bH0HB0<=while\u0000\u0000\u0000","_bound":761}
* Error: SyntaxError: Concolic(Found an expression but expected a statement: H0B0bH0HB0<=while, Expr {(str.++ "Found an expression but expected a statement: "
        (str.substr ExpansionArg_string (to_int 0.0) (to_int 17.0)))}, )
*-- Replay with NO_COMPILE=1 expoSE replay '/home/blake/ExpoSE/lib/Harness/src/harness.js' '{"Switcher":false,"Target_Switch_Base":0,"ExpansionArg_type":3,"ExpansionArg_string":"H0B0bH0HB0<=while\u0000\u0000\u0000","_bound":761}'
*-- Test Case {"Switcher":false,"Target_Switch_Base":0,"ExpansionArg_type":3,"ExpansionArg_string":"22E","_bound":53} start 663.8298 took 13.8497s
*-- Errors occured in test {"Switcher":false,"Target_Switch_Base":0,"ExpansionArg_type":3,"ExpansionArg_string":"22E","_bound":53}
* Error: SyntaxError: Concolic(Found an expression but expected a statement: 22, Expr {(str.++ "Found an expression but expected a statement: "
        (str.substr ExpansionArg_string (to_int 0.0) (to_int 2.0)))}, )
*-- Replay with NO_COMPILE=1 expoSE replay '/home/blake/ExpoSE/lib/Harness/src/harness.js' '{"Switcher":false,"Target_Switch_Base":0,"ExpansionArg_type":3,"ExpansionArg_string":"22E","_bound":53}'
*-- Test Case {"Switcher":false,"Target_Switch_Base":0,"ExpansionArg_type":3,"ExpansionArg_string":"44","_bound":51} start 656.2219 took 23.4919s
*-- Errors occured in test {"Switcher":false,"Target_Switch_Base":0,"ExpansionArg_type":3,"ExpansionArg_string":"44","_bound":51}
* Error: SyntaxError: Concolic(Found an expression but expected a statement: 44, Expr {(str.++ "Found an expression but expected a statement: "
        (str.substr ExpansionArg_string (to_int 0.0) (to_int 2.0)))}, )
*-- Replay with NO_COMPILE=1 expoSE replay '/home/blake/ExpoSE/lib/Harness/src/harness.js' '{"Switcher":false,"Target_Switch_Base":0,"ExpansionArg_type":3,"ExpansionArg_string":"44","_bound":51}'
*-- Test Case {"Switcher":false,"Target_Switch_Base":0,"ExpansionArg_type":3,"ExpansionArg_string":"p_K_zs__3_ --[\u0000","_bound":59} start 501.4172 took 184.6065s
*-- Errors occured in test {"Switcher":false,"Target_Switch_Base":0,"ExpansionArg_type":3,"ExpansionArg_string":"p_K_zs__3_ --[\u0000","_bound":59}
* Error: SyntaxError: Concolic(Found an expression but expected a statement: p_K_zs__3_, Expr {(str.++ "Found an expression but expected a statement: "
        (str.substr ExpansionArg_string (to_int 0.0) (to_int 10.0)))}, )
*-- Replay with NO_COMPILE=1 expoSE replay '/home/blake/ExpoSE/lib/Harness/src/harness.js' '{"Switcher":false,"Target_Switch_Base":0,"ExpansionArg_type":3,"ExpansionArg_string":"p_K_zs__3_ --[\u0000","_bound":59}'
*-- Test Case {"Switcher":false,"Target_Switch_Base":0,"ExpansionArg_type":3,"ExpansionArg_string":"'x","_bound":56} start 677.0314 took 14.3762s
*-- Errors occured in test {"Switcher":false,"Target_Switch_Base":0,"ExpansionArg_type":3,"ExpansionArg_string":"'x","_bound":56}
* Error: SyntaxError: `'` expected (to close string at 1:1) at 1:3
*-- Replay with NO_COMPILE=1 expoSE replay '/home/blake/ExpoSE/lib/Harness/src/harness.js' '{"Switcher":false,"Target_Switch_Base":0,"ExpansionArg_type":3,"ExpansionArg_string":"'\''x","_bound":56}'
*-- Test Case {"Switcher":false,"Target_Switch_Base":0,"ExpansionArg_type":3,"ExpansionArg_string":"A0:function","_bound":71} start 607.3914 took 105.4948s
*-- Errors occured in test {"Switcher":false,"Target_Switch_Base":0,"ExpansionArg_type":3,"ExpansionArg_string":"A0:function","_bound":71}
* Error: SyntaxError: Concolic(Found an expression but expected a statement: A0, Expr {(str.++ "Found an expression but expected a statement: "
        (str.substr ExpansionArg_string (to_int 0.0) (to_int 2.0)))}, )
*-- Replay with NO_COMPILE=1 expoSE replay '/home/blake/ExpoSE/lib/Harness/src/harness.js' '{"Switcher":false,"Target_Switch_Base":0,"ExpansionArg_type":3,"ExpansionArg_string":"A0:function","_bound":71}'
*-- Test Case {"Switcher":false,"Target_Switch_Base":0,"ExpansionArg_type":3,"ExpansionArg_string":"D00h0p3dB0:function","_bound":79} start 568.6761 took 151.199s
*-- Errors occured in test {"Switcher":false,"Target_Switch_Base":0,"ExpansionArg_type":3,"ExpansionArg_string":"D00h0p3dB0:function","_bound":79}
* Error: SyntaxError: Concolic(Found an expression but expected a statement: D00h0p3dB0, Expr {(str.++ "Found an expression but expected a statement: "
        (str.substr ExpansionArg_string (to_int 0.0) (to_int 10.0)))}, )
*-- Replay with NO_COMPILE=1 expoSE replay '/home/blake/ExpoSE/lib/Harness/src/harness.js' '{"Switcher":false,"Target_Switch_Base":0,"ExpansionArg_type":3,"ExpansionArg_string":"D00h0p3dB0:function","_bound":79}'
*-- Test Case {"Switcher":false,"Target_Switch_Base":0,"ExpansionArg_type":3,"ExpansionArg_string":"k__kuxzd0_--n","_bound":61} start 581.2975 took 138.8988s
*-- Errors occured in test {"Switcher":false,"Target_Switch_Base":0,"ExpansionArg_type":3,"ExpansionArg_string":"k__kuxzd0_--n","_bound":61}
* Error: SyntaxError: Concolic(Found an expression but expected a statement: k__kuxzd0_, Expr {(str.++ "Found an expression but expected a statement: "
        (str.substr ExpansionArg_string (to_int 0.0) (to_int 10.0)))}, )
*-- Replay with NO_COMPILE=1 expoSE replay '/home/blake/ExpoSE/lib/Harness/src/harness.js' '{"Switcher":false,"Target_Switch_Base":0,"ExpansionArg_type":3,"ExpansionArg_string":"k__kuxzd0_--n","_bound":61}'
*-- Test Case {"Switcher":false,"Target_Switch_Base":0,"ExpansionArg_type":3,"ExpansionArg_string":"ks--n","_bound":53} start 624.6588 took 97.3615s
*-- Errors occured in test {"Switcher":false,"Target_Switch_Base":0,"ExpansionArg_type":3,"ExpansionArg_string":"ks--n","_bound":53}
* Error: SyntaxError: Concolic(Found an expression but expected a statement: ks, Expr {(str.++ "Found an expression but expected a statement: "
        (str.substr ExpansionArg_string (to_int 0.0) (to_int 2.0)))}, )
*-- Replay with NO_COMPILE=1 expoSE replay '/home/blake/ExpoSE/lib/Harness/src/harness.js' '{"Switcher":false,"Target_Switch_Base":0,"ExpansionArg_type":3,"ExpansionArg_string":"ks--n","_bound":53}'
*-- Test Case {"Switcher":false,"Target_Switch_Base":0,"ExpansionArg_type":3,"ExpansionArg_string":"","_bound":23,"ExpandedSwitcher":0} start 676.544 took 45.6478s
*-- Test Case {"Switcher":false,"Target_Switch_Base":0,"ExpansionArg_type":3,"ExpansionArg_string":"\u0000","_bound":37} start 679.8474 took 48.8949s
*-- Errors occured in test {"Switcher":false,"Target_Switch_Base":0,"ExpansionArg_type":3,"ExpansionArg_string":"\u0000","_bound":37}
* Error: SyntaxError: Concolic(Parser error near ` `, Expr {(str.++ (str.++ "Parser error near `"
                (str.substr ExpansionArg_string (to_int 0.0) (to_int 1.0)))
        "`")}, )
*-- Replay with NO_COMPILE=1 expoSE replay '/home/blake/ExpoSE/lib/Harness/src/harness.js' '{"Switcher":false,"Target_Switch_Base":0,"ExpansionArg_type":3,"ExpansionArg_string":"\u0000","_bound":37}'
*-- Test Case {"Switcher":false,"Target_Switch_Base":0,"ExpansionArg_type":3,"ExpansionArg_string":"\u0000\u0000\u0000","_bound":577} start 720.2735 took 14.5297s
*-- Errors occured in test {"Switcher":false,"Target_Switch_Base":0,"ExpansionArg_type":3,"ExpansionArg_string":"\u0000\u0000\u0000","_bound":577}
* Error: SyntaxError: Concolic(Parser error near ` `, Expr {(str.++ (str.++ "Parser error near `"
                (str.substr ExpansionArg_string (to_int 0.0) (to_int 1.0)))
        "`")}, )
*-- Replay with NO_COMPILE=1 expoSE replay '/home/blake/ExpoSE/lib/Harness/src/harness.js' '{"Switcher":false,"Target_Switch_Base":0,"ExpansionArg_type":3,"ExpansionArg_string":"\u0000\u0000\u0000","_bound":577}'
*-- Test Case {"Switcher":false,"Target_Switch_Base":0,"ExpansionArg_type":3,"ExpansionArg_string":"\u0000\u0000","_bound":576} start 728.8573 took 9.7935s
*-- Errors occured in test {"Switcher":false,"Target_Switch_Base":0,"ExpansionArg_type":3,"ExpansionArg_string":"\u0000\u0000","_bound":576}
* Error: SyntaxError: Concolic(Parser error near ` `, Expr {(str.++ (str.++ "Parser error near `"
                (str.substr ExpansionArg_string (to_int 0.0) (to_int 1.0)))
        "`")}, )
*-- Replay with NO_COMPILE=1 expoSE replay '/home/blake/ExpoSE/lib/Harness/src/harness.js' '{"Switcher":false,"Target_Switch_Base":0,"ExpansionArg_type":3,"ExpansionArg_string":"\u0000\u0000","_bound":576}'
*-- Test Case {"Switcher":false,"Target_Switch_Base":0,"ExpansionArg_type":3,"ExpansionArg_string":"_u--[","_bound":50} start 677.7772 took 72.1838s
*-- Errors occured in test {"Switcher":false,"Target_Switch_Base":0,"ExpansionArg_type":3,"ExpansionArg_string":"_u--[","_bound":50}
* Error: SyntaxError: Concolic(Found an expression but expected a statement: _u, Expr {(str.++ "Found an expression but expected a statement: "
        (str.substr ExpansionArg_string (to_int 0.0) (to_int 2.0)))}, )
*-- Replay with NO_COMPILE=1 expoSE replay '/home/blake/ExpoSE/lib/Harness/src/harness.js' '{"Switcher":false,"Target_Switch_Base":0,"ExpansionArg_type":3,"ExpansionArg_string":"_u--[","_bound":50}'
*-- Test Case {"Switcher":false,"Target_Switch_Base":0,"ExpansionArg_type":3,"ExpansionArg_string":"\u0000","_bound":37} start 712.9611 took 43.2014s
*-- Errors occured in test {"Switcher":false,"Target_Switch_Base":0,"ExpansionArg_type":3,"ExpansionArg_string":"\u0000","_bound":37}
* Error: SyntaxError: Concolic(Parser error near ` `, Expr {(str.++ (str.++ "Parser error near `"
                (str.substr ExpansionArg_string (to_int 0.0) (to_int 1.0)))
        "`")}, )
*-- Replay with NO_COMPILE=1 expoSE replay '/home/blake/ExpoSE/lib/Harness/src/harness.js' '{"Switcher":false,"Target_Switch_Base":0,"ExpansionArg_type":3,"ExpansionArg_string":"\u0000","_bound":37}'
*-- Test Case {"Switcher":false,"Target_Switch_Base":0,"ExpansionArg_type":3,"ExpansionArg_string":"k__kuxzd0_--\u0000\u0000","_bound":60} start 583.3739 took 181.9031s
*-- Errors occured in test {"Switcher":false,"Target_Switch_Base":0,"ExpansionArg_type":3,"ExpansionArg_string":"k__kuxzd0_--\u0000\u0000","_bound":60}
* Error: SyntaxError: Concolic(Found an expression but expected a statement: k__kuxzd0_, Expr {(str.++ "Found an expression but expected a statement: "
        (str.substr ExpansionArg_string (to_int 0.0) (to_int 10.0)))}, )
*-- Replay with NO_COMPILE=1 expoSE replay '/home/blake/ExpoSE/lib/Harness/src/harness.js' '{"Switcher":false,"Target_Switch_Base":0,"ExpansionArg_type":3,"ExpansionArg_string":"k__kuxzd0_--\u0000\u0000","_bound":60}'
*-- Test Case {"Switcher":false,"Target_Switch_Base":0,"ExpansionArg_type":3,"ExpansionArg_string":"p0_K_8\u0000","_bound":52} start 655.8691 took 109.8994s
*-- Errors occured in test {"Switcher":false,"Target_Switch_Base":0,"ExpansionArg_type":3,"ExpansionArg_string":"p0_K_8\u0000","_bound":52}
* Error: SyntaxError: Concolic(Found an expression but expected a statement: p0_K_8, Expr {(str.++ "Found an expression but expected a statement: "
        (str.substr ExpansionArg_string (to_int 0.0) (to_int 6.0)))}, )
*-- Replay with NO_COMPILE=1 expoSE replay '/home/blake/ExpoSE/lib/Harness/src/harness.js' '{"Switcher":false,"Target_Switch_Base":0,"ExpansionArg_type":3,"ExpansionArg_string":"p0_K_8\u0000","_bound":52}'
*-- Test Case {"Switcher":false,"Target_Switch_Base":0,"ExpansionArg_type":3,"ExpansionArg_string":"\u0000","_bound":37} start 722.2991 took 43.9542s
*-- Errors occured in test {"Switcher":false,"Target_Switch_Base":0,"ExpansionArg_type":3,"ExpansionArg_string":"\u0000","_bound":37}
* Error: SyntaxError: Concolic(Parser error near ` `, Expr {(str.++ (str.++ "Parser error near `"
                (str.substr ExpansionArg_string (to_int 0.0) (to_int 1.0)))
        "`")}, )
*-- Replay with NO_COMPILE=1 expoSE replay '/home/blake/ExpoSE/lib/Harness/src/harness.js' '{"Switcher":false,"Target_Switch_Base":0,"ExpansionArg_type":3,"ExpansionArg_string":"\u0000","_bound":37}'
*-- Test Case {"Switcher":false,"Target_Switch_Base":0,"ExpansionArg_type":3,"ExpansionArg_string":"D00h_p3dB0:break","_bound":76} start 627.559 took 140.5037s
*-- Errors occured in test {"Switcher":false,"Target_Switch_Base":0,"ExpansionArg_type":3,"ExpansionArg_string":"D00h_p3dB0:break","_bound":76}
* Error: SyntaxError: Concolic(Found an expression but expected a statement: D00h_p3dB0, Expr {(str.++ "Found an expression but expected a statement: "
        (str.substr ExpansionArg_string (to_int 0.0) (to_int 10.0)))}, )
*-- Replay with NO_COMPILE=1 expoSE replay '/home/blake/ExpoSE/lib/Harness/src/harness.js' '{"Switcher":false,"Target_Switch_Base":0,"ExpansionArg_type":3,"ExpansionArg_string":"D00h_p3dB0:break","_bound":76}'
*-- Test Case {"Switcher":false,"Target_Switch_Base":0,"ExpansionArg_type":3,"ExpansionArg_string":"\u0000","_bound":19} start 719.9724 took 48.7712s
*-- Errors occured in test {"Switcher":false,"Target_Switch_Base":0,"ExpansionArg_type":3,"ExpansionArg_string":"\u0000","_bound":19}
* Error: SyntaxError: Concolic(Parser error near ` `, Expr {(str.++ (str.++ "Parser error near `"
                (str.substr ExpansionArg_string (to_int 0.0) (to_int 1.0)))
        "`")}, )
*-- Replay with NO_COMPILE=1 expoSE replay '/home/blake/ExpoSE/lib/Harness/src/harness.js' '{"Switcher":false,"Target_Switch_Base":0,"ExpansionArg_type":3,"ExpansionArg_string":"\u0000","_bound":19}'
*-- Test Case {"Switcher":false,"Target_Switch_Base":0,"ExpansionArg_type":3,"ExpansionArg_string":"\u0000","_bound":23} start 722.1132 took 47.0109s
*-- Errors occured in test {"Switcher":false,"Target_Switch_Base":0,"ExpansionArg_type":3,"ExpansionArg_string":"\u0000","_bound":23}
* Error: SyntaxError: Concolic(Parser error near ` `, Expr {(str.++ (str.++ "Parser error near `"
                (str.substr ExpansionArg_string (to_int 0.0) (to_int 1.0)))
        "`")}, )
*-- Replay with NO_COMPILE=1 expoSE replay '/home/blake/ExpoSE/lib/Harness/src/harness.js' '{"Switcher":false,"Target_Switch_Base":0,"ExpansionArg_type":3,"ExpansionArg_string":"\u0000","_bound":23}'
*-- Test Case {"Switcher":false,"Target_Switch_Base":0,"ExpansionArg_type":3,"ExpansionArg_string":"\u0000","_bound":19} start 738.7251 took 31.666s
*-- Errors occured in test {"Switcher":false,"Target_Switch_Base":0,"ExpansionArg_type":3,"ExpansionArg_string":"\u0000","_bound":19}
* Error: SyntaxError: Concolic(Parser error near ` `, Expr {(str.++ (str.++ "Parser error near `"
                (str.substr ExpansionArg_string (to_int 0.0) (to_int 1.0)))
        "`")}, )
*-- Replay with NO_COMPILE=1 expoSE replay '/home/blake/ExpoSE/lib/Harness/src/harness.js' '{"Switcher":false,"Target_Switch_Base":0,"ExpansionArg_type":3,"ExpansionArg_string":"\u0000","_bound":19}'
*-- Test Case {"Switcher":false,"Target_Switch_Base":0,"ExpansionArg_type":3,"ExpansionArg_string":"\n","_bound":579,"ExpandedSwitcher":0} start 765.3532 took 12.043s
*-- Test Case {"Switcher":false,"Target_Switch_Base":0,"ExpansionArg_type":3,"ExpansionArg_string":"\n","_bound":579,"ExpandedSwitcher":0} start 765.865 took 12.8475s
*-- Test Case {"Switcher":false,"Target_Switch_Base":0,"ExpansionArg_type":3,"ExpansionArg_string":"\u0000","_bound":18} start 734.8873 took 44.8524s
*-- Errors occured in test {"Switcher":false,"Target_Switch_Base":0,"ExpansionArg_type":3,"ExpansionArg_string":"\u0000","_bound":18}
* Error: SyntaxError: Concolic(Parser error near ` `, Expr {(str.++ (str.++ "Parser error near `"
                (str.substr ExpansionArg_string (to_int 0.0) (to_int 1.0)))
        "`")}, )
*-- Replay with NO_COMPILE=1 expoSE replay '/home/blake/ExpoSE/lib/Harness/src/harness.js' '{"Switcher":false,"Target_Switch_Base":0,"ExpansionArg_type":3,"ExpansionArg_string":"\u0000","_bound":18}'
*-- Test Case {"Switcher":false,"Target_Switch_Base":0,"ExpansionArg_type":3,"ExpansionArg_string":"xu0KysCZr3''","_bound":112,"ExpandedSwitcher":0} start 750.0299 took 33.6047s
*-- Test Case {"Switcher":false,"Target_Switch_Base":0,"ExpansionArg_type":3,"ExpansionArg_string":"kY1d2__v_3//if\u0000\u0000\u0000\u0000\u0000\u0000","_bound":754} start 405.3192 took 383.61s
*-- Errors occured in test {"Switcher":false,"Target_Switch_Base":0,"ExpansionArg_type":3,"ExpansionArg_string":"kY1d2__v_3//if\u0000\u0000\u0000\u0000\u0000\u0000","_bound":754}
* Error: Exception E: SyntaxError: Unexpected end of JSON input of test data on 
* Error: Exception E: SyntaxError: Unexpected end of JSON input of coverage data on 
* Error: Error extracting final output - a fatal error must have occured
*-- Replay with NO_COMPILE=1 expoSE replay '/home/blake/ExpoSE/lib/Harness/src/harness.js' '{"Switcher":false,"Target_Switch_Base":0,"ExpansionArg_type":3,"ExpansionArg_string":"kY1d2__v_3//if\u0000\u0000\u0000\u0000\u0000\u0000","_bound":754}'
*-- Test Case {"Switcher":false,"Target_Switch_Base":0,"ExpansionArg_type":3,"ExpansionArg_string":"\u0000","_bound":41} start 756.267 took 40.2808s
*-- Errors occured in test {"Switcher":false,"Target_Switch_Base":0,"ExpansionArg_type":3,"ExpansionArg_string":"\u0000","_bound":41}
* Error: SyntaxError: Concolic(Parser error near ` `, Expr {(str.++ (str.++ "Parser error near `"
                (str.substr ExpansionArg_string (to_int 0.0) (to_int 1.0)))
        "`")}, )
*-- Replay with NO_COMPILE=1 expoSE replay '/home/blake/ExpoSE/lib/Harness/src/harness.js' '{"Switcher":false,"Target_Switch_Base":0,"ExpansionArg_type":3,"ExpansionArg_string":"\u0000","_bound":41}'
*-- Test Case {"Switcher":false,"Target_Switch_Base":0,"ExpansionArg_type":3,"ExpansionArg_string":"\u0000","_bound":30} start 766.3518 took 30.936s
*-- Errors occured in test {"Switcher":false,"Target_Switch_Base":0,"ExpansionArg_type":3,"ExpansionArg_string":"\u0000","_bound":30}
* Error: SyntaxError: Concolic(Parser error near ` `, Expr {(str.++ (str.++ "Parser error near `"
                (str.substr ExpansionArg_string (to_int 0.0) (to_int 1.0)))
        "`")}, )
*-- Replay with NO_COMPILE=1 expoSE replay '/home/blake/ExpoSE/lib/Harness/src/harness.js' '{"Switcher":false,"Target_Switch_Base":0,"ExpansionArg_type":3,"ExpansionArg_string":"\u0000","_bound":30}'
*-- Test Case {"Switcher":false,"Target_Switch_Base":0,"ExpansionArg_type":3,"ExpansionArg_string":"","_bound":15,"ExpandedSwitcher":0} start 768.2083 took 32.5908s
*-- Test Case {"Switcher":false,"Target_Switch_Base":0,"ExpansionArg_type":3,"ExpansionArg_string":"\u0000","_bound":17} start 769.3092 took 34.446s
*-- Errors occured in test {"Switcher":false,"Target_Switch_Base":0,"ExpansionArg_type":3,"ExpansionArg_string":"\u0000","_bound":17}
* Error: SyntaxError: Concolic(Parser error near ` `, Expr {(str.++ (str.++ "Parser error near `"
                (str.substr ExpansionArg_string (to_int 0.0) (to_int 1.0)))
        "`")}, )
*-- Replay with NO_COMPILE=1 expoSE replay '/home/blake/ExpoSE/lib/Harness/src/harness.js' '{"Switcher":false,"Target_Switch_Base":0,"ExpansionArg_type":3,"ExpansionArg_string":"\u0000","_bound":17}'
*-- Test Case {"Switcher":false,"Target_Switch_Base":0,"ExpansionArg_type":3,"ExpansionArg_string":"2e22","_bound":54} start 789.054 took 17.6483s
*-- Errors occured in test {"Switcher":false,"Target_Switch_Base":0,"ExpansionArg_type":3,"ExpansionArg_string":"2e22","_bound":54}
* Error: SyntaxError: Concolic(Found an expression but expected a statement: 2e22, Expr {(str.++ "Found an expression but expected a statement: "
        (str.substr ExpansionArg_string (to_int 0.0) (to_int 4.0)))}, )
*-- Replay with NO_COMPILE=1 expoSE replay '/home/blake/ExpoSE/lib/Harness/src/harness.js' '{"Switcher":false,"Target_Switch_Base":0,"ExpansionArg_type":3,"ExpansionArg_string":"2e22","_bound":54}'
*-- Test Case {"Switcher":false,"Target_Switch_Base":0,"ExpansionArg_type":3,"ExpansionArg_string":"uBH008eD05''\u0000","ExpandedSwitcher":0,"_bound":369} start 783.8198 took 31.2388s
*-- Errors occured in test {"Switcher":false,"Target_Switch_Base":0,"ExpansionArg_type":3,"ExpansionArg_string":"uBH008eD05''\u0000","ExpandedSwitcher":0,"_bound":369}
* Error: SyntaxError: Expected "(", "--", "--[", ".", ":", ";", "[", "{", [ \r\t\n], ["], ['] or end of input but "\x00" found.
*-- Replay with NO_COMPILE=1 expoSE replay '/home/blake/ExpoSE/lib/Harness/src/harness.js' '{"Switcher":false,"Target_Switch_Base":0,"ExpansionArg_type":3,"ExpansionArg_string":"uBH008eD05'\'''\''\u0000","ExpandedSwitcher":0,"_bound":369}'
*-- Test Case {"Switcher":false,"Target_Switch_Base":0,"ExpansionArg_type":3,"ExpansionArg_string":"\u0000","_bound":12} start 768.9662 took 46.2761s
*-- Errors occured in test {"Switcher":false,"Target_Switch_Base":0,"ExpansionArg_type":3,"ExpansionArg_string":"\u0000","_bound":12}
* Error: SyntaxError: Concolic(Parser error near ` `, Expr {(str.++ (str.++ "Parser error near `"
                (str.substr ExpansionArg_string (to_int 0.0) (to_int 1.0)))
        "`")}, )
*-- Replay with NO_COMPILE=1 expoSE replay '/home/blake/ExpoSE/lib/Harness/src/harness.js' '{"Switcher":false,"Target_Switch_Base":0,"ExpansionArg_type":3,"ExpansionArg_string":"\u0000","_bound":12}'
*-- Test Case {"Switcher":false,"Target_Switch_Base":0,"ExpansionArg_type":3,"ExpansionArg_string":"","_bound":54,"ExpandedSwitcher":0} start 777.5736 took 44.4533s
*-- Test Case {"Switcher":false,"Target_Switch_Base":0,"ExpansionArg_type":3,"ExpansionArg_string":"","_bound":27,"ExpandedSwitcher":0} start 779.9799 took 45.58s
*-- Test Case {"Switcher":false,"Target_Switch_Base":0,"ExpansionArg_type":3,"ExpansionArg_string":"\u0000","_bound":15} start 796.7314 took 30.096s
*-- Errors occured in test {"Switcher":false,"Target_Switch_Base":0,"ExpansionArg_type":3,"ExpansionArg_string":"\u0000","_bound":15}
* Error: SyntaxError: Concolic(Parser error near ` `, Expr {(str.++ (str.++ "Parser error near `"
                (str.substr ExpansionArg_string (to_int 0.0) (to_int 1.0)))
        "`")}, )
*-- Replay with NO_COMPILE=1 expoSE replay '/home/blake/ExpoSE/lib/Harness/src/harness.js' '{"Switcher":false,"Target_Switch_Base":0,"ExpansionArg_type":3,"ExpansionArg_string":"\u0000","_bound":15}'
*-- Test Case {"Switcher":false,"Target_Switch_Base":0,"ExpansionArg_type":3,"ExpansionArg_string":"\u0000","_bound":24} start 801.0817 took 34.2562s
*-- Errors occured in test {"Switcher":false,"Target_Switch_Base":0,"ExpansionArg_type":3,"ExpansionArg_string":"\u0000","_bound":24}
* Error: SyntaxError: Concolic(Parser error near ` `, Expr {(str.++ (str.++ "Parser error near `"
                (str.substr ExpansionArg_string (to_int 0.0) (to_int 1.0)))
        "`")}, )
*-- Replay with NO_COMPILE=1 expoSE replay '/home/blake/ExpoSE/lib/Harness/src/harness.js' '{"Switcher":false,"Target_Switch_Base":0,"ExpansionArg_type":3,"ExpansionArg_string":"\u0000","_bound":24}'
*-- Test Case {"Switcher":false,"Target_Switch_Base":0,"ExpansionArg_type":3,"ExpansionArg_string":"hpaPb5000_''\b","_bound":432} start 815.1608 took 25.157s
*-- Errors occured in test {"Switcher":false,"Target_Switch_Base":0,"ExpansionArg_type":3,"ExpansionArg_string":"hpaPb5000_''\b","_bound":432}
* Error: SyntaxError: Expected "(", "--", "--[", ".", ":", ";", "[", "{", [ \r\t\n], ["], ['] or end of input but "\b" found.
*-- Replay with NO_COMPILE=1 expoSE replay '/home/blake/ExpoSE/lib/Harness/src/harness.js' '{"Switcher":false,"Target_Switch_Base":0,"ExpansionArg_type":3,"ExpansionArg_string":"hpaPb5000_'\'''\''\b","_bound":432}'
*-- Test Case {"Switcher":false,"Target_Switch_Base":0,"ExpansionArg_type":3,"ExpansionArg_string":"pP0A00BpBp'\n","_bound":109} start 825.6734 took 20.0941s
*-- Errors occured in test {"Switcher":false,"Target_Switch_Base":0,"ExpansionArg_type":3,"ExpansionArg_string":"pP0A00BpBp'\n","_bound":109}
* Error: SyntaxError: `'` expected (to close string at 1:11) at 2:1
*-- Replay with NO_COMPILE=1 expoSE replay '/home/blake/ExpoSE/lib/Harness/src/harness.js' '{"Switcher":false,"Target_Switch_Base":0,"ExpansionArg_type":3,"ExpansionArg_string":"pP0A00BpBp'\''\n","_bound":109}'
*-- Test Case {"Switcher":false,"Target_Switch_Base":0,"ExpansionArg_type":3,"ExpansionArg_string":"_n0ZcS_cY9 --[\u0000\u0000\u0000","_bound":64} start 675.9678 took 171.2426s
*-- Errors occured in test {"Switcher":false,"Target_Switch_Base":0,"ExpansionArg_type":3,"ExpansionArg_string":"_n0ZcS_cY9 --[\u0000\u0000\u0000","_bound":64}
* Error: SyntaxError: Concolic(Found an expression but expected a statement: _n0ZcS_cY9, Expr {(str.++ "Found an expression but expected a statement: "
        (str.substr ExpansionArg_string (to_int 0.0) (to_int 10.0)))}, )
*-- Replay with NO_COMPILE=1 expoSE replay '/home/blake/ExpoSE/lib/Harness/src/harness.js' '{"Switcher":false,"Target_Switch_Base":0,"ExpansionArg_type":3,"ExpansionArg_string":"_n0ZcS_cY9 --[\u0000\u0000\u0000","_bound":64}'
*-- Test Case {"Switcher":false,"Target_Switch_Base":0,"ExpansionArg_type":3,"ExpansionArg_string":"","_bound":54,"ExpandedSwitcher":0} start 803.9455 took 46.3596s
*-- Test Case {"Switcher":false,"Target_Switch_Base":0,"ExpansionArg_type":3,"ExpansionArg_string":"d","_bound":46} start 797.4639 took 55.3875s
*-- Errors occured in test {"Switcher":false,"Target_Switch_Base":0,"ExpansionArg_type":3,"ExpansionArg_string":"d","_bound":46}
* Error: SyntaxError: Concolic(Found an expression but expected a statement: d, Expr {(str.++ "Found an expression but expected a statement: "
        (str.substr ExpansionArg_string (to_int 0.0) (to_int 1.0)))}, )
*-- Replay with NO_COMPILE=1 expoSE replay '/home/blake/ExpoSE/lib/Harness/src/harness.js' '{"Switcher":false,"Target_Switch_Base":0,"ExpansionArg_type":3,"ExpansionArg_string":"d","_bound":46}'
*-- Test Case {"Switcher":false,"Target_Switch_Base":0,"ExpansionArg_type":3,"ExpansionArg_string":"","_bound":21,"ExpandedSwitcher":0} start 815.3742 took 38.4737s
*-- Test Case {"Switcher":false,"Target_Switch_Base":0,"ExpansionArg_type":3,"ExpansionArg_string":"H0\u0000","_bound":641} start 845.8873 took 10.2507s
*-- Errors occured in test {"Switcher":false,"Target_Switch_Base":0,"ExpansionArg_type":3,"ExpansionArg_string":"H0\u0000","_bound":641}
* Error: SyntaxError: Concolic(Found an expression but expected a statement: H0, Expr {(str.++ "Found an expression but expected a statement: "
        (str.substr ExpansionArg_string (to_int 0.0) (to_int 2.0)))}, )
*-- Replay with NO_COMPILE=1 expoSE replay '/home/blake/ExpoSE/lib/Harness/src/harness.js' '{"Switcher":false,"Target_Switch_Base":0,"ExpansionArg_type":3,"ExpansionArg_string":"H0\u0000","_bound":641}'
*-- Test Case {"Switcher":false,"Target_Switch_Base":0,"ExpansionArg_type":3,"ExpansionArg_string":"\u0000","_bound":40} start 822.1013 took 34.1601s
*-- Errors occured in test {"Switcher":false,"Target_Switch_Base":0,"ExpansionArg_type":3,"ExpansionArg_string":"\u0000","_bound":40}
* Error: SyntaxError: Concolic(Parser error near ` `, Expr {(str.++ (str.++ "Parser error near `"
                (str.substr ExpansionArg_string (to_int 0.0) (to_int 1.0)))
        "`")}, )
*-- Replay with NO_COMPILE=1 expoSE replay '/home/blake/ExpoSE/lib/Harness/src/harness.js' '{"Switcher":false,"Target_Switch_Base":0,"ExpansionArg_type":3,"ExpansionArg_string":"\u0000","_bound":40}'
*-- Test Case {"Switcher":false,"Target_Switch_Base":0,"ExpansionArg_type":3,"ExpansionArg_string":"\u0000","_bound":30} start 806.9077 took 51.9507s
*-- Errors occured in test {"Switcher":false,"Target_Switch_Base":0,"ExpansionArg_type":3,"ExpansionArg_string":"\u0000","_bound":30}
* Error: SyntaxError: Concolic(Parser error near ` `, Expr {(str.++ (str.++ "Parser error near `"
                (str.substr ExpansionArg_string (to_int 0.0) (to_int 1.0)))
        "`")}, )
*-- Replay with NO_COMPILE=1 expoSE replay '/home/blake/ExpoSE/lib/Harness/src/harness.js' '{"Switcher":false,"Target_Switch_Base":0,"ExpansionArg_type":3,"ExpansionArg_string":"\u0000","_bound":30}'
*-- Test Case {"Switcher":false,"Target_Switch_Base":0,"ExpansionArg_type":3,"ExpansionArg_string":"\u0000","_bound":13} start 826.9661 took 36.082s
*-- Errors occured in test {"Switcher":false,"Target_Switch_Base":0,"ExpansionArg_type":3,"ExpansionArg_string":"\u0000","_bound":13}
* Error: SyntaxError: Concolic(Parser error near ` `, Expr {(str.++ (str.++ "Parser error near `"
                (str.substr ExpansionArg_string (to_int 0.0) (to_int 1.0)))
        "`")}, )
*-- Replay with NO_COMPILE=1 expoSE replay '/home/blake/ExpoSE/lib/Harness/src/harness.js' '{"Switcher":false,"Target_Switch_Base":0,"ExpansionArg_type":3,"ExpansionArg_string":"\u0000","_bound":13}'
*-- Test Case {"Switcher":false,"Target_Switch_Base":0,"ExpansionArg_type":3,"ExpansionArg_string":"PD8b00HHD0==if\u0000","_bound":1321} start 456.7113 took 412.7077s
*-- Errors occured in test {"Switcher":false,"Target_Switch_Base":0,"ExpansionArg_type":3,"ExpansionArg_string":"PD8b00HHD0==if\u0000","_bound":1321}
* Error: Exception E: SyntaxError: Unexpected end of JSON input of test data on 
* Error: Exception E: SyntaxError: Unexpected end of JSON input of coverage data on 
* Error: Error extracting final output - a fatal error must have occured
*-- Replay with NO_COMPILE=1 expoSE replay '/home/blake/ExpoSE/lib/Harness/src/harness.js' '{"Switcher":false,"Target_Switch_Base":0,"ExpansionArg_type":3,"ExpansionArg_string":"PD8b00HHD0==if\u0000","_bound":1321}'
*-- Test Case {"Switcher":false,"Target_Switch_Base":0,"ExpansionArg_type":3,"ExpansionArg_string":"\u0000\u0000","_bound":576} start 863.2002 took 12.8823s
*-- Errors occured in test {"Switcher":false,"Target_Switch_Base":0,"ExpansionArg_type":3,"ExpansionArg_string":"\u0000\u0000","_bound":576}
* Error: SyntaxError: Concolic(Parser error near ` `, Expr {(str.++ (str.++ "Parser error near `"
                (str.substr ExpansionArg_string (to_int 0.0) (to_int 1.0)))
        "`")}, )
*-- Replay with NO_COMPILE=1 expoSE replay '/home/blake/ExpoSE/lib/Harness/src/harness.js' '{"Switcher":false,"Target_Switch_Base":0,"ExpansionArg_type":3,"ExpansionArg_string":"\u0000\u0000","_bound":576}'
*-- Test Case {"Switcher":false,"Target_Switch_Base":0,"ExpansionArg_type":3,"ExpansionArg_string":"\u0000","_bound":30} start 850.4356 took 33.2384s
*-- Errors occured in test {"Switcher":false,"Target_Switch_Base":0,"ExpansionArg_type":3,"ExpansionArg_string":"\u0000","_bound":30}
* Error: SyntaxError: Concolic(Parser error near ` `, Expr {(str.++ (str.++ "Parser error near `"
                (str.substr ExpansionArg_string (to_int 0.0) (to_int 1.0)))
        "`")}, )
*-- Replay with NO_COMPILE=1 expoSE replay '/home/blake/ExpoSE/lib/Harness/src/harness.js' '{"Switcher":false,"Target_Switch_Base":0,"ExpansionArg_type":3,"ExpansionArg_string":"\u0000","_bound":30}'
*-- Test Case {"Switcher":false,"Target_Switch_Base":0,"ExpansionArg_type":3,"ExpansionArg_string":"\u0000","_bound":37} start 853.992 took 31.3947s
*-- Errors occured in test {"Switcher":false,"Target_Switch_Base":0,"ExpansionArg_type":3,"ExpansionArg_string":"\u0000","_bound":37}
* Error: SyntaxError: Concolic(Parser error near ` `, Expr {(str.++ (str.++ "Parser error near `"
                (str.substr ExpansionArg_string (to_int 0.0) (to_int 1.0)))
        "`")}, )
*-- Replay with NO_COMPILE=1 expoSE replay '/home/blake/ExpoSE/lib/Harness/src/harness.js' '{"Switcher":false,"Target_Switch_Base":0,"ExpansionArg_type":3,"ExpansionArg_string":"\u0000","_bound":37}'
*-- Test Case {"Switcher":false,"Target_Switch_Base":0,"ExpansionArg_type":3,"ExpansionArg_string":"\u0000","_bound":42} start 852.9684 took 37.5751s
*-- Errors occured in test {"Switcher":false,"Target_Switch_Base":0,"ExpansionArg_type":3,"ExpansionArg_string":"\u0000","_bound":42}
* Error: SyntaxError: Concolic(Parser error near ` `, Expr {(str.++ (str.++ "Parser error near `"
                (str.substr ExpansionArg_string (to_int 0.0) (to_int 1.0)))
        "`")}, )
*-- Replay with NO_COMPILE=1 expoSE replay '/home/blake/ExpoSE/lib/Harness/src/harness.js' '{"Switcher":false,"Target_Switch_Base":0,"ExpansionArg_type":3,"ExpansionArg_string":"\u0000","_bound":42}'
*-- Test Case {"Switcher":false,"Target_Switch_Base":0,"ExpansionArg_type":4,"ExpansionArg_array_length":2,"ExpansionArg_array_element_0_type":2,"ExpansionArg_array_element_0_int":0,"ExpansionArg_array_element_1_type":5,"ExpansionArg_array_element_1_string":"","_bound":15,"ExpansionArg_array_element_1_bool":false} start 883.747 took 7.279s
*-- Errors occured in test {"Switcher":false,"Target_Switch_Base":0,"ExpansionArg_type":4,"ExpansionArg_array_length":2,"ExpansionArg_array_element_0_type":2,"ExpansionArg_array_element_0_int":0,"ExpansionArg_array_element_1_type":5,"ExpansionArg_array_element_1_string":"","_bound":15,"ExpansionArg_array_element_1_bool":false}
* Error: TypeError: Function.prototype.apply was called on undefined, which is a undefined and not a function
*-- Replay with NO_COMPILE=1 expoSE replay '/home/blake/ExpoSE/lib/Harness/src/harness.js' '{"Switcher":false,"Target_Switch_Base":0,"ExpansionArg_type":4,"ExpansionArg_array_length":2,"ExpansionArg_array_element_0_type":2,"ExpansionArg_array_element_0_int":0,"ExpansionArg_array_element_1_type":5,"ExpansionArg_array_element_1_string":"","_bound":15}'
*-- Test Case {"Switcher":false,"Target_Switch_Base":0,"ExpansionArg_type":3,"ExpansionArg_string":"_n0ZfS_cY9 --[\u0000\u0000n","_bound":68} start 673.0249 took 219.8582s
*-- Errors occured in test {"Switcher":false,"Target_Switch_Base":0,"ExpansionArg_type":3,"ExpansionArg_string":"_n0ZfS_cY9 --[\u0000\u0000n","_bound":68}
* Error: SyntaxError: Concolic(Found an expression but expected a statement: _n0ZfS_cY9, Expr {(str.++ "Found an expression but expected a statement: "
        (str.substr ExpansionArg_string (to_int 0.0) (to_int 10.0)))}, )
*-- Replay with NO_COMPILE=1 expoSE replay '/home/blake/ExpoSE/lib/Harness/src/harness.js' '{"Switcher":false,"Target_Switch_Base":0,"ExpansionArg_type":3,"ExpansionArg_string":"_n0ZfS_cY9 --[\u0000\u0000n","_bound":68}'
*-- Test Case {"Switcher":false,"Target_Switch_Base":0,"ExpansionArg_type":3,"ExpansionArg_string":"\u0000n","_bound":577} start 885.4976 took 9.755s
*-- Errors occured in test {"Switcher":false,"Target_Switch_Base":0,"ExpansionArg_type":3,"ExpansionArg_string":"\u0000n","_bound":577}
* Error: SyntaxError: Concolic(Parser error near ` `, Expr {(str.++ (str.++ "Parser error near `"
                (str.substr ExpansionArg_string (to_int 0.0) (to_int 1.0)))
        "`")}, )
*-- Replay with NO_COMPILE=1 expoSE replay '/home/blake/ExpoSE/lib/Harness/src/harness.js' '{"Switcher":false,"Target_Switch_Base":0,"ExpansionArg_type":3,"ExpansionArg_string":"\u0000n","_bound":577}'
*-- Test Case {"Switcher":false,"Target_Switch_Base":0,"ExpansionArg_type":3,"ExpansionArg_string":"s8Y2_K4Akc --[\u0000\u0000","_bound":63} start 691.5092 took 205.8668s
*-- Errors occured in test {"Switcher":false,"Target_Switch_Base":0,"ExpansionArg_type":3,"ExpansionArg_string":"s8Y2_K4Akc --[\u0000\u0000","_bound":63}
* Error: SyntaxError: Concolic(Found an expression but expected a statement: s8Y2_K4Akc, Expr {(str.++ "Found an expression but expected a statement: "
        (str.substr ExpansionArg_string (to_int 0.0) (to_int 10.0)))}, )
*-- Replay with NO_COMPILE=1 expoSE replay '/home/blake/ExpoSE/lib/Harness/src/harness.js' '{"Switcher":false,"Target_Switch_Base":0,"ExpansionArg_type":3,"ExpansionArg_string":"s8Y2_K4Akc --[\u0000\u0000","_bound":63}'
*-- Test Case {"Switcher":false,"Target_Switch_Base":0,"ExpansionArg_type":3,"ExpansionArg_string":"s8Y2_K4Akc --[\u0000n","_bound":66} start 686.0779 took 211.4338s
*-- Errors occured in test {"Switcher":false,"Target_Switch_Base":0,"ExpansionArg_type":3,"ExpansionArg_string":"s8Y2_K4Akc --[\u0000n","_bound":66}
* Error: SyntaxError: Concolic(Found an expression but expected a statement: s8Y2_K4Akc, Expr {(str.++ "Found an expression but expected a statement: "
        (str.substr ExpansionArg_string (to_int 0.0) (to_int 10.0)))}, )
*-- Replay with NO_COMPILE=1 expoSE replay '/home/blake/ExpoSE/lib/Harness/src/harness.js' '{"Switcher":false,"Target_Switch_Base":0,"ExpansionArg_type":3,"ExpansionArg_string":"s8Y2_K4Akc --[\u0000n","_bound":66}'
*-- Coverage Data
*- File /home/blake/ExpoSE/lib/Harness/src/harness.js. Coverage (Term): 88% Coverage (LOC): 89%
*- File /home/blake/ExpoSE/lib/S$/bin/symbols.js. Coverage (Term): 49% Coverage (LOC): 65%
*- File /home/blake/Targets/lua2js/node_modules/lua2js/index.js. Coverage (Term): 97% Coverage (LOC): 100%
*- File /home/blake/Targets/lua2js/node_modules/lua2js/parser.js. Coverage (Term): 43% Coverage (LOC): 43%
*- File /home/blake/Targets/lua2js/node_modules/lua2js/stdlib.js. Coverage (Term): 11% Coverage (LOC): 26%
*- Re-run with EXPOSE_PRINT_COVERAGE=1 to print line by line coverage information
** ExpoSE Finished. 224 paths with 201 errors **
