+ lua2js@0.0.11
updated 1 package in 0.781s
Setup Done exists, not setting up
:../FeatureTester/libs/:/home/blake/Targets/lua2js/node_modules
Set Default Z3_PATH to ./node_modules/z3javascript/bin/libz3.so
ExpoSE Master: /home/blake/ExpoSE/lib/Harness/src/harness.js max concurrent: 16 max paths: 1000000
Setting timeout to 900000
*** [0 done /0 queued / 1 running / 0 errors / 0% coverage ] ****** [0 done /0 queued / 1 running / 0 errors / 0% coverage ] ****** [1 done /1 queued / 1 running / 1 errors / 11% coverage ] ****** [1 done /0 queued / 2 running / 1 errors / 11% coverage ] ****** [1 done /0 queued / 2 running / 1 errors / 11% coverage ] ****** [2 done /0 queued / 1 running / 1 errors / 11% coverage ] ****** [3 done /0 queued / 1 running / 2 errors / 11% coverage ] ****** [3 done /0 queued / 1 running / 2 errors / 11% coverage ] ****** [4 done /0 queued / 1 running / 3 errors / 11% coverage ] ****** [4 done /0 queued / 1 running / 3 errors / 11% coverage ] ****** [5 done /54 queued / 1 running / 4 errors / 27% coverage ] ****** [5 done /53 queued / 2 running / 4 errors / 27% coverage ] ****** [5 done /52 queued / 3 running / 4 errors / 27% coverage ] ****** [5 done /51 queued / 4 running / 4 errors / 27% coverage ] ****** [5 done /50 queued / 5 running / 4 errors / 27% coverage ] ****** [5 done /49 queued / 6 running / 4 errors / 27% coverage ] ****** [5 done /48 queued / 7 running / 4 errors / 27% coverage ] ****** [5 done /47 queued / 8 running / 4 errors / 27% coverage ] ****** [5 done /46 queued / 9 running / 4 errors / 27% coverage ] ****** [5 done /45 queued / 10 running / 4 errors / 27% coverage ] ****** [5 done /44 queued / 11 running / 4 errors / 27% coverage ] ****** [5 done /43 queued / 12 running / 4 errors / 27% coverage ] ****** [5 done /42 queued / 13 running / 4 errors / 27% coverage ] ****** [5 done /41 queued / 14 running / 4 errors / 27% coverage ] ****** [5 done /40 queued / 15 running / 4 errors / 27% coverage ] ****** [5 done /39 queued / 16 running / 4 errors / 27% coverage ] ****** [5 done /39 queued / 16 running / 4 errors / 27% coverage ] ****** [6 done /56 queued / 16 running / 5 errors / 28.999999999999996% coverage ] ****** [6 done /56 queued / 16 running / 5 errors / 28.999999999999996% coverage ] ****** [7 done /88 queued / 16 running / 6 errors / 31% coverage ] ****** [7 done /88 queued / 16 running / 6 errors / 31% coverage ] ****** [8 done /121 queued / 16 running / 7 errors / 31% coverage ] ****** [8 done /121 queued / 16 running / 7 errors / 31% coverage ] ****** [9 done /142 queued / 16 running / 8 errors / 31% coverage ] ****** [9 done /142 queued / 16 running / 8 errors / 31% coverage ] ****** [10 done /153 queued / 16 running / 9 errors / 31% coverage ] ****** [10 done /153 queued / 16 running / 9 errors / 31% coverage ] ****** [11 done /168 queued / 16 running / 10 errors / 31% coverage ] ****** [11 done /168 queued / 16 running / 10 errors / 31% coverage ] ****** [12 done /204 queued / 16 running / 11 errors / 31% coverage ] ****** [12 done /204 queued / 16 running / 11 errors / 31% coverage ] ****** [13 done /218 queued / 16 running / 12 errors / 31% coverage ] ****** [13 done /218 queued / 16 running / 12 errors / 31% coverage ] ****** [14 done /247 queued / 16 running / 13 errors / 31% coverage ] ****** [14 done /247 queued / 16 running / 13 errors / 31% coverage ] ****** [15 done /246 queued / 16 running / 13 errors / 33% coverage ] ****** [15 done /246 queued / 16 running / 13 errors / 33% coverage ] ****** [16 done /268 queued / 16 running / 14 errors / 33% coverage ] ****** [16 done /268 queued / 16 running / 14 errors / 33% coverage ] ****** [17 done /284 queued / 16 running / 15 errors / 33% coverage ] ****** [17 done /284 queued / 16 running / 15 errors / 33% coverage ] ****** [18 done /312 queued / 16 running / 16 errors / 33% coverage ] ****** [18 done /312 queued / 16 running / 16 errors / 33% coverage ] ****** [19 done /346 queued / 16 running / 17 errors / 33% coverage ] ****** [19 done /346 queued / 16 running / 17 errors / 33% coverage ] ****** [20 done /351 queued / 16 running / 18 errors / 33% coverage ] ****** [20 done /351 queued / 16 running / 18 errors / 33% coverage ] ****** [21 done /359 queued / 16 running / 19 errors / 33% coverage ] ****** [21 done /359 queued / 16 running / 19 errors / 33% coverage ] ****** [22 done /371 queued / 16 running / 20 errors / 33% coverage ] ****** [22 done /371 queued / 16 running / 20 errors / 33% coverage ] ****** [23 done /383 queued / 16 running / 21 errors / 33% coverage ] ****** [23 done /383 queued / 16 running / 21 errors / 33% coverage ] ****** [24 done /394 queued / 16 running / 22 errors / 33% coverage ] ****** [24 done /394 queued / 16 running / 22 errors / 33% coverage ] ****** [25 done /424 queued / 16 running / 23 errors / 33% coverage ] ****** [25 done /424 queued / 16 running / 23 errors / 33% coverage ] ****** [26 done /435 queued / 16 running / 24 errors / 33% coverage ] ****** [26 done /435 queued / 16 running / 24 errors / 33% coverage ] ****** [27 done /469 queued / 16 running / 25 errors / 33% coverage ] ****** [27 done /469 queued / 16 running / 25 errors / 33% coverage ] ****** [28 done /485 queued / 16 running / 26 errors / 33% coverage ] ****** [28 done /485 queued / 16 running / 26 errors / 33% coverage ] ****** [29 done /507 queued / 16 running / 27 errors / 33% coverage ] ****** [29 done /507 queued / 16 running / 27 errors / 33% coverage ] ****** [30 done /544 queued / 16 running / 28 errors / 33% coverage ] ****** [30 done /544 queued / 16 running / 28 errors / 33% coverage ] ****** [31 done /544 queued / 16 running / 28 errors / 33% coverage ] ****** [31 done /544 queued / 16 running / 28 errors / 33% coverage ] ****** [32 done /557 queued / 16 running / 29 errors / 34% coverage ] ****** [32 done /557 queued / 16 running / 29 errors / 34% coverage ] ****** [33 done /568 queued / 16 running / 30 errors / 34% coverage ] ****** [33 done /568 queued / 16 running / 30 errors / 34% coverage ] ****** [34 done /592 queued / 16 running / 31 errors / 34% coverage ] ****** [34 done /592 queued / 16 running / 31 errors / 34% coverage ] ****** [35 done /611 queued / 16 running / 32 errors / 34% coverage ] ****** [35 done /611 queued / 16 running / 32 errors / 34% coverage ] ****** [36 done /616 queued / 16 running / 33 errors / 34% coverage ] ****** [36 done /616 queued / 16 running / 33 errors / 34% coverage ] ****** [37 done /642 queued / 16 running / 34 errors / 34% coverage ] ****** [37 done /642 queued / 16 running / 34 errors / 34% coverage ] ****** [38 done /642 queued / 16 running / 35 errors / 34% coverage ] ****** [38 done /642 queued / 16 running / 35 errors / 34% coverage ] ****** [39 done /664 queued / 16 running / 36 errors / 34% coverage ] ****** [39 done /664 queued / 16 running / 36 errors / 34% coverage ] ****** [40 done /677 queued / 16 running / 37 errors / 34% coverage ] ****** [40 done /677 queued / 16 running / 37 errors / 34% coverage ] ****** [41 done /690 queued / 16 running / 38 errors / 34% coverage ] ****** [41 done /690 queued / 16 running / 38 errors / 34% coverage ] ****** [42 done /721 queued / 16 running / 39 errors / 34% coverage ] ****** [42 done /721 queued / 16 running / 39 errors / 34% coverage ] ****** [43 done /749 queued / 16 running / 40 errors / 34% coverage ] ****** [43 done /749 queued / 16 running / 40 errors / 34% coverage ] ****** [44 done /762 queued / 16 running / 41 errors / 34% coverage ] ****** [44 done /762 queued / 16 running / 41 errors / 34% coverage ] ****** [45 done /777 queued / 16 running / 42 errors / 34% coverage ] ****** [45 done /777 queued / 16 running / 42 errors / 34% coverage ] ****** [46 done /782 queued / 16 running / 43 errors / 34% coverage ] ****** [46 done /782 queued / 16 running / 43 errors / 34% coverage ] ****** [47 done /793 queued / 16 running / 44 errors / 34% coverage ] ****** [47 done /793 queued / 16 running / 44 errors / 34% coverage ] ****** [48 done /792 queued / 16 running / 44 errors / 34% coverage ] ****** [48 done /792 queued / 16 running / 44 errors / 34% coverage ] ****** [49 done /825 queued / 16 running / 45 errors / 34% coverage ] ****** [49 done /825 queued / 16 running / 45 errors / 34% coverage ] ****** [50 done /837 queued / 16 running / 46 errors / 35% coverage ] ****** [50 done /837 queued / 16 running / 46 errors / 35% coverage ] ****** [51 done /837 queued / 16 running / 47 errors / 35% coverage ] ****** [51 done /837 queued / 16 running / 47 errors / 35% coverage ] ****** [52 done /878 queued / 16 running / 48 errors / 35% coverage ] ****** [52 done /878 queued / 16 running / 48 errors / 35% coverage ] ****** [53 done /889 queued / 16 running / 49 errors / 35% coverage ] ****** [53 done /889 queued / 16 running / 49 errors / 35% coverage ] ****** [54 done /891 queued / 16 running / 50 errors / 35% coverage ] ****** [54 done /891 queued / 16 running / 50 errors / 35% coverage ] ****** [55 done /902 queued / 16 running / 51 errors / 35% coverage ] ****** [55 done /902 queued / 16 running / 51 errors / 35% coverage ] ****** [56 done /914 queued / 16 running / 52 errors / 35% coverage ] ****** [56 done /914 queued / 16 running / 52 errors / 35% coverage ] ****** [57 done /927 queued / 16 running / 53 errors / 35% coverage ] ****** [57 done /927 queued / 16 running / 53 errors / 35% coverage ] ****** [58 done /947 queued / 16 running / 54 errors / 35% coverage ] ****** [58 done /947 queued / 16 running / 54 errors / 35% coverage ] ****** [59 done /956 queued / 16 running / 55 errors / 35% coverage ] ****** [59 done /956 queued / 16 running / 55 errors / 35% coverage ] ****** [60 done /955 queued / 16 running / 55 errors / 35% coverage ] ****** [60 done /955 queued / 16 running / 55 errors / 35% coverage ] ****** [61 done /965 queued / 16 running / 56 errors / 35% coverage ] ****** [61 done /965 queued / 16 running / 56 errors / 35% coverage ] ****** [62 done /978 queued / 16 running / 57 errors / 35% coverage ] ****** [62 done /978 queued / 16 running / 57 errors / 35% coverage ] ****** [63 done /996 queued / 16 running / 58 errors / 35% coverage ] ****** [63 done /996 queued / 16 running / 58 errors / 35% coverage ] ****** [64 done /1008 queued / 16 running / 59 errors / 35% coverage ] ****** [64 done /1008 queued / 16 running / 59 errors / 35% coverage ] ****** [65 done /1018 queued / 16 running / 60 errors / 35% coverage ] ****** [65 done /1018 queued / 16 running / 60 errors / 35% coverage ] ****** [66 done /1027 queued / 16 running / 61 errors / 35% coverage ] ****** [66 done /1027 queued / 16 running / 61 errors / 35% coverage ] ****** [67 done /1036 queued / 16 running / 62 errors / 35% coverage ] ****** [67 done /1036 queued / 16 running / 62 errors / 35% coverage ] ****** [68 done /1053 queued / 16 running / 63 errors / 35% coverage ] ****** [68 done /1053 queued / 16 running / 63 errors / 35% coverage ] ****** [69 done /1076 queued / 16 running / 64 errors / 35% coverage ] ****** [69 done /1076 queued / 16 running / 64 errors / 35% coverage ] ****** [70 done /1077 queued / 16 running / 65 errors / 35% coverage ] ****** [70 done /1077 queued / 16 running / 65 errors / 35% coverage ] ****** [71 done /1112 queued / 16 running / 66 errors / 35% coverage ] ****** [71 done /1112 queued / 16 running / 66 errors / 35% coverage ] ****** [72 done /1132 queued / 16 running / 67 errors / 35% coverage ] ****** [72 done /1132 queued / 16 running / 67 errors / 35% coverage ] ****** [73 done /1145 queued / 16 running / 68 errors / 35% coverage ] ****** [73 done /1145 queued / 16 running / 68 errors / 35% coverage ] ****** [74 done /1159 queued / 16 running / 69 errors / 35% coverage ] ****** [74 done /1159 queued / 16 running / 69 errors / 35% coverage ] ****** [75 done /1188 queued / 16 running / 69 errors / 35% coverage ] ****** [75 done /1188 queued / 16 running / 69 errors / 35% coverage ] ****** [76 done /1209 queued / 16 running / 70 errors / 35% coverage ] ****** [76 done /1209 queued / 16 running / 70 errors / 35% coverage ] ****** [77 done /1213 queued / 16 running / 71 errors / 35% coverage ] ****** [77 done /1213 queued / 16 running / 71 errors / 35% coverage ] ****** [78 done /1249 queued / 16 running / 72 errors / 35% coverage ] ****** [78 done /1249 queued / 16 running / 72 errors / 35% coverage ] ****** [79 done /1270 queued / 16 running / 73 errors / 35% coverage ] ****** [79 done /1270 queued / 16 running / 73 errors / 35% coverage ] ****** [80 done /1272 queued / 16 running / 74 errors / 36% coverage ] ****** [80 done /1272 queued / 16 running / 74 errors / 36% coverage ] ****** [81 done /1297 queued / 16 running / 75 errors / 36% coverage ] ****** [81 done /1297 queued / 16 running / 75 errors / 36% coverage ] ****** [82 done /1302 queued / 16 running / 76 errors / 36% coverage ] ****** [82 done /1302 queued / 16 running / 76 errors / 36% coverage ] ****** [83 done /1328 queued / 16 running / 77 errors / 36% coverage ] ****** [83 done /1328 queued / 16 running / 77 errors / 36% coverage ] ****** [84 done /1338 queued / 16 running / 78 errors / 36% coverage ] ****** [84 done /1338 queued / 16 running / 78 errors / 36% coverage ] ****** [85 done /1372 queued / 16 running / 79 errors / 36% coverage ] ****** [85 done /1372 queued / 16 running / 79 errors / 36% coverage ] ****** [86 done /1383 queued / 16 running / 80 errors / 36% coverage ] ****** [86 done /1383 queued / 16 running / 80 errors / 36% coverage ] ****** [87 done /1383 queued / 16 running / 80 errors / 36% coverage ] ****** [87 done /1383 queued / 16 running / 80 errors / 36% coverage ] ****** [88 done /1409 queued / 16 running / 81 errors / 37% coverage ] ****** [88 done /1409 queued / 16 running / 81 errors / 37% coverage ] ****** [89 done /1421 queued / 16 running / 82 errors / 37% coverage ] ****** [89 done /1421 queued / 16 running / 82 errors / 37% coverage ] ****** [90 done /1445 queued / 16 running / 83 errors / 37% coverage ] ****** [90 done /1445 queued / 16 running / 83 errors / 37% coverage ] ****** [91 done /1472 queued / 16 running / 84 errors / 37% coverage ] ****** [91 done /1472 queued / 16 running / 84 errors / 37% coverage ] ****** [92 done /1497 queued / 16 running / 85 errors / 37% coverage ] ****** [92 done /1497 queued / 16 running / 85 errors / 37% coverage ] ****** [93 done /1500 queued / 16 running / 86 errors / 37% coverage ] ****** [93 done /1500 queued / 16 running / 86 errors / 37% coverage ] ****** [94 done /1521 queued / 16 running / 87 errors / 37% coverage ] ****** [94 done /1521 queued / 16 running / 87 errors / 37% coverage ] ****** [95 done /1525 queued / 16 running / 87 errors / 37% coverage ] ****** [95 done /1525 queued / 16 running / 87 errors / 37% coverage ] ****** [96 done /1526 queued / 16 running / 88 errors / 37% coverage ] ****** [96 done /1526 queued / 16 running / 88 errors / 37% coverage ] ****** [97 done /1528 queued / 16 running / 89 errors / 37% coverage ] ****** [97 done /1528 queued / 16 running / 89 errors / 37% coverage ] ****** [98 done /1530 queued / 16 running / 90 errors / 37% coverage ] ****** [98 done /1530 queued / 16 running / 90 errors / 37% coverage ] ****** [99 done /1533 queued / 16 running / 91 errors / 37% coverage ] ****** [99 done /1533 queued / 16 running / 91 errors / 37% coverage ] ****** [100 done /1544 queued / 16 running / 92 errors / 37% coverage ] ****** [100 done /1544 queued / 16 running / 92 errors / 37% coverage ] ****** [101 done /1562 queued / 16 running / 93 errors / 37% coverage ] ****** [101 done /1562 queued / 16 running / 93 errors / 37% coverage ] ****** [102 done /1564 queued / 16 running / 94 errors / 37% coverage ] ****** [102 done /1564 queued / 16 running / 94 errors / 37% coverage ] ****** [103 done /1564 queued / 16 running / 95 errors / 37% coverage ] ****** [103 done /1564 queued / 16 running / 95 errors / 37% coverage ] ****** [104 done /1590 queued / 16 running / 96 errors / 37% coverage ] ****** [104 done /1590 queued / 16 running / 96 errors / 37% coverage ] ****** [105 done /1589 queued / 16 running / 97 errors / 37% coverage ] ****** [105 done /1589 queued / 16 running / 97 errors / 37% coverage ] ****** [106 done /1594 queued / 16 running / 98 errors / 37% coverage ] ****** [106 done /1594 queued / 16 running / 98 errors / 37% coverage ] ****** [107 done /1598 queued / 16 running / 99 errors / 37% coverage ] ****** [107 done /1598 queued / 16 running / 99 errors / 37% coverage ] ****** [108 done /1634 queued / 16 running / 100 errors / 37% coverage ] ****** [108 done /1634 queued / 16 running / 100 errors / 37% coverage ] ****** [109 done /1646 queued / 16 running / 101 errors / 38% coverage ] ****** [109 done /1646 queued / 16 running / 101 errors / 38% coverage ] ****** [110 done /1653 queued / 16 running / 102 errors / 38% coverage ] ****** [110 done /1653 queued / 16 running / 102 errors / 38% coverage ] ****** [111 done /1653 queued / 16 running / 102 errors / 38% coverage ] ****** [111 done /1653 queued / 16 running / 102 errors / 38% coverage ] ****** [112 done /1653 queued / 16 running / 102 errors / 38% coverage ] ****** [112 done /1653 queued / 16 running / 102 errors / 38% coverage ] ****** [113 done /1656 queued / 16 running / 103 errors / 39% coverage ] ****** [113 done /1656 queued / 16 running / 103 errors / 39% coverage ] ****** [114 done /1665 queued / 16 running / 104 errors / 39% coverage ] ****** [114 done /1665 queued / 16 running / 104 errors / 39% coverage ] ****** [115 done /1692 queued / 16 running / 105 errors / 39% coverage ] ****** [115 done /1692 queued / 16 running / 105 errors / 39% coverage ] ****** [116 done /1694 queued / 16 running / 106 errors / 39% coverage ] ****** [116 done /1694 queued / 16 running / 106 errors / 39% coverage ] ****** [117 done /1716 queued / 16 running / 107 errors / 39% coverage ] ****** [117 done /1716 queued / 16 running / 107 errors / 39% coverage ] ****** [118 done /1744 queued / 16 running / 107 errors / 39% coverage ] ****** [118 done /1744 queued / 16 running / 107 errors / 39% coverage ] ****** [119 done /1751 queued / 16 running / 108 errors / 39% coverage ] ****** [119 done /1751 queued / 16 running / 108 errors / 39% coverage ] ****** [120 done /1768 queued / 16 running / 109 errors / 39% coverage ] ****** [120 done /1768 queued / 16 running / 109 errors / 39% coverage ] ****** [121 done /1800 queued / 16 running / 110 errors / 39% coverage ] ****** [121 done /1800 queued / 16 running / 110 errors / 39% coverage ] ****** [122 done /1813 queued / 16 running / 111 errors / 39% coverage ] ****** [122 done /1813 queued / 16 running / 111 errors / 39% coverage ] ****** [123 done /1826 queued / 16 running / 112 errors / 39% coverage ] ****** [123 done /1826 queued / 16 running / 112 errors / 39% coverage ] ****** [124 done /1835 queued / 16 running / 113 errors / 39% coverage ] ****** [124 done /1835 queued / 16 running / 113 errors / 39% coverage ] ****** [125 done /1844 queued / 16 running / 114 errors / 39% coverage ] ****** [125 done /1844 queued / 16 running / 114 errors / 39% coverage ] ****** [126 done /1856 queued / 16 running / 115 errors / 39% coverage ] ****** [126 done /1856 queued / 16 running / 115 errors / 39% coverage ] ****** [127 done /1858 queued / 16 running / 116 errors / 39% coverage ] ****** [127 done /1858 queued / 16 running / 116 errors / 39% coverage ] ****** [128 done /1866 queued / 16 running / 117 errors / 39% coverage ] ****** [128 done /1866 queued / 16 running / 117 errors / 39% coverage ] ****** [129 done /1879 queued / 16 running / 118 errors / 39% coverage ] ****** [129 done /1879 queued / 16 running / 118 errors / 39% coverage ] ****** [130 done /1880 queued / 16 running / 119 errors / 39% coverage ] ****** [130 done /1880 queued / 16 running / 119 errors / 39% coverage ] ****** [131 done /1906 queued / 16 running / 120 errors / 40% coverage ] ****** [131 done /1906 queued / 16 running / 120 errors / 40% coverage ] ****** [132 done /1907 queued / 16 running / 121 errors / 40% coverage ] ****** [132 done /1907 queued / 16 running / 121 errors / 40% coverage ] ****** [133 done /1911 queued / 16 running / 122 errors / 40% coverage ] ****** [133 done /1911 queued / 16 running / 122 errors / 40% coverage ] ****** [134 done /1945 queued / 16 running / 123 errors / 40% coverage ] ****** [134 done /1945 queued / 16 running / 123 errors / 40% coverage ] ****** [135 done /1969 queued / 16 running / 124 errors / 40% coverage ] ****** [135 done /1969 queued / 16 running / 124 errors / 40% coverage ] ****** [136 done /1971 queued / 16 running / 125 errors / 40% coverage ] ****** [136 done /1971 queued / 16 running / 125 errors / 40% coverage ] ****** [137 done /1998 queued / 16 running / 126 errors / 40% coverage ] ****** [137 done /1998 queued / 16 running / 126 errors / 40% coverage ] ****** [138 done /2010 queued / 16 running / 127 errors / 40% coverage ] ****** [138 done /2010 queued / 16 running / 127 errors / 40% coverage ] ****** [139 done /2010 queued / 16 running / 128 errors / 40% coverage ] ****** [139 done /2010 queued / 16 running / 128 errors / 40% coverage ] ****** [140 done /2010 queued / 16 running / 129 errors / 40% coverage ] ****** [140 done /2010 queued / 16 running / 129 errors / 40% coverage ] ****** [141 done /2011 queued / 16 running / 130 errors / 40% coverage ] ****** [141 done /2011 queued / 16 running / 130 errors / 40% coverage ] ****** [142 done /2039 queued / 16 running / 130 errors / 40% coverage ] ****** [142 done /2039 queued / 16 running / 130 errors / 40% coverage ] ****** [143 done /2038 queued / 16 running / 131 errors / 40% coverage ] ****** [143 done /2038 queued / 16 running / 131 errors / 40% coverage ] ****** [144 done /2040 queued / 16 running / 132 errors / 40% coverage ] ****** [144 done /2040 queued / 16 running / 132 errors / 40% coverage ] ****** [145 done /2040 queued / 16 running / 133 errors / 40% coverage ] ****** [145 done /2040 queued / 16 running / 133 errors / 40% coverage ] ****** [146 done /2041 queued / 16 running / 134 errors / 40% coverage ] ****** [146 done /2041 queued / 16 running / 134 errors / 40% coverage ] ****** [147 done /2044 queued / 16 running / 135 errors / 40% coverage ] ****** [147 done /2044 queued / 16 running / 135 errors / 40% coverage ] ****** [148 done /2045 queued / 16 running / 136 errors / 40% coverage ] ****** [148 done /2045 queued / 16 running / 136 errors / 40% coverage ] ****** [149 done /2046 queued / 16 running / 137 errors / 40% coverage ] ****** [149 done /2046 queued / 16 running / 137 errors / 40% coverage ] ****** [150 done /2047 queued / 16 running / 138 errors / 40% coverage ] ****** [150 done /2047 queued / 16 running / 138 errors / 40% coverage ] ****** [151 done /2048 queued / 16 running / 139 errors / 40% coverage ] ****** [151 done /2048 queued / 16 running / 139 errors / 40% coverage ] ****** [152 done /2048 queued / 16 running / 139 errors / 40% coverage ] ****** [152 done /2048 queued / 16 running / 139 errors / 40% coverage ] ****** [153 done /2048 queued / 16 running / 140 errors / 40% coverage ] ****** [153 done /2048 queued / 16 running / 140 errors / 40% coverage ] ****** [154 done /2074 queued / 16 running / 140 errors / 40% coverage ] ****** [154 done /2074 queued / 16 running / 140 errors / 40% coverage ] ****** [155 done /2081 queued / 16 running / 141 errors / 40% coverage ] ****** [155 done /2081 queued / 16 running / 141 errors / 40% coverage ] ****** [156 done /2094 queued / 16 running / 142 errors / 40% coverage ] ****** [156 done /2094 queued / 16 running / 142 errors / 40% coverage ] ****** [157 done /2113 queued / 16 running / 143 errors / 40% coverage ] ****** [157 done /2113 queued / 16 running / 143 errors / 40% coverage ] ****** [158 done /2158 queued / 16 running / 144 errors / 40% coverage ] ****** [158 done /2158 queued / 16 running / 144 errors / 40% coverage ] ****** [159 done /2171 queued / 16 running / 145 errors / 40% coverage ] ****** [159 done /2171 queued / 16 running / 145 errors / 40% coverage ] ****** [160 done /2171 queued / 16 running / 146 errors / 40% coverage ] ****** [160 done /2171 queued / 16 running / 146 errors / 40% coverage ] ****** [161 done /2182 queued / 16 running / 147 errors / 40% coverage ] ****** [161 done /2182 queued / 16 running / 147 errors / 40% coverage ] ****** [162 done /2195 queued / 16 running / 148 errors / 40% coverage ] ****** [162 done /2195 queued / 16 running / 148 errors / 40% coverage ] ****** [163 done /2220 queued / 16 running / 149 errors / 40% coverage ] ****** [163 done /2220 queued / 16 running / 149 errors / 40% coverage ] ****** [164 done /2254 queued / 16 running / 150 errors / 40% coverage ] ****** [164 done /2254 queued / 16 running / 150 errors / 40% coverage ] ****** [165 done /2285 queued / 16 running / 151 errors / 40% coverage ] ****** [165 done /2285 queued / 16 running / 151 errors / 40% coverage ] ****** [166 done /2286 queued / 16 running / 152 errors / 40% coverage ] ****** [166 done /2286 queued / 16 running / 152 errors / 40% coverage ] ****** [167 done /2319 queued / 16 running / 153 errors / 40% coverage ] ****** [167 done /2319 queued / 16 running / 153 errors / 40% coverage ] ****** [168 done /2355 queued / 16 running / 154 errors / 40% coverage ] ****** [168 done /2355 queued / 16 running / 154 errors / 40% coverage ] ****** [169 done /2368 queued / 16 running / 155 errors / 40% coverage ] ****** [169 done /2368 queued / 16 running / 155 errors / 40% coverage ] ****** [170 done /2381 queued / 16 running / 156 errors / 40% coverage ] ****** [170 done /2381 queued / 16 running / 156 errors / 40% coverage ] ****** [171 done /2395 queued / 16 running / 157 errors / 40% coverage ] ****** [171 done /2395 queued / 16 running / 157 errors / 40% coverage ] ****** [172 done /2395 queued / 16 running / 158 errors / 40% coverage ] ****** [172 done /2395 queued / 16 running / 158 errors / 40% coverage ] ****** [173 done /2394 queued / 16 running / 158 errors / 40% coverage ] ****** [173 done /2394 queued / 16 running / 158 errors / 40% coverage ] ****** [174 done /2396 queued / 16 running / 159 errors / 40% coverage ] ****** [174 done /2396 queued / 16 running / 159 errors / 40% coverage ] ****** [175 done /2421 queued / 16 running / 160 errors / 40% coverage ] ****** [175 done /2421 queued / 16 running / 160 errors / 40% coverage ] ****** [176 done /2421 queued / 16 running / 161 errors / 40% coverage ] ****** [176 done /2421 queued / 16 running / 161 errors / 40% coverage ] ****** [177 done /2424 queued / 16 running / 162 errors / 40% coverage ] ****** [177 done /2424 queued / 16 running / 162 errors / 40% coverage ] ****** [178 done /2436 queued / 16 running / 163 errors / 40% coverage ] ****** [178 done /2436 queued / 16 running / 163 errors / 40% coverage ] ****** [179 done /2467 queued / 16 running / 164 errors / 40% coverage ] ****** [179 done /2467 queued / 16 running / 164 errors / 40% coverage ] ****** [180 done /2485 queued / 16 running / 165 errors / 40% coverage ] ****** [180 done /2485 queued / 16 running / 165 errors / 40% coverage ] ****** [181 done /2497 queued / 16 running / 166 errors / 40% coverage ] ****** [181 done /2497 queued / 16 running / 166 errors / 40% coverage ] ****** [182 done /2509 queued / 16 running / 167 errors / 40% coverage ] ****** [182 done /2509 queued / 16 running / 167 errors / 40% coverage ] ****** [183 done /2522 queued / 16 running / 168 errors / 40% coverage ] ****** [183 done /2522 queued / 16 running / 168 errors / 40% coverage ] ****** [184 done /2522 queued / 16 running / 169 errors / 40% coverage ] ****** [184 done /2522 queued / 16 running / 169 errors / 40% coverage ] ****** [185 done /2522 queued / 16 running / 169 errors / 40% coverage ] ****** [185 done /2522 queued / 16 running / 169 errors / 40% coverage ] ****** [186 done /2534 queued / 16 running / 170 errors / 40% coverage ] ****** [186 done /2534 queued / 16 running / 170 errors / 40% coverage ] ****** [187 done /2539 queued / 16 running / 171 errors / 40% coverage ] ****** [187 done /2539 queued / 16 running / 171 errors / 40% coverage ] ****** [188 done /2539 queued / 16 running / 172 errors / 40% coverage ] ****** [188 done /2539 queued / 16 running / 172 errors / 40% coverage ] ****** [189 done /2552 queued / 16 running / 173 errors / 40% coverage ] ****** [189 done /2552 queued / 16 running / 173 errors / 40% coverage ] ****** [190 done /2569 queued / 16 running / 174 errors / 40% coverage ] ****** [190 done /2569 queued / 16 running / 174 errors / 40% coverage ] ****** [191 done /2576 queued / 16 running / 175 errors / 40% coverage ] ****** [191 done /2576 queued / 16 running / 175 errors / 40% coverage ] ****** [192 done /2605 queued / 16 running / 175 errors / 40% coverage ] ****** [192 done /2605 queued / 16 running / 175 errors / 40% coverage ] ****** [193 done /2618 queued / 16 running / 176 errors / 40% coverage ] ****** [193 done /2618 queued / 16 running / 176 errors / 40% coverage ] ****** [194 done /2653 queued / 16 running / 177 errors / 40% coverage ] ****** [194 done /2653 queued / 16 running / 177 errors / 40% coverage ] ****** [195 done /2680 queued / 16 running / 177 errors / 40% coverage ] ****** [195 done /2680 queued / 16 running / 177 errors / 40% coverage ] ****** [196 done /2692 queued / 16 running / 178 errors / 40% coverage ] ****** [196 done /2692 queued / 16 running / 178 errors / 40% coverage ] ****** [197 done /2703 queued / 16 running / 179 errors / 40% coverage ] ****** [197 done /2703 queued / 16 running / 179 errors / 40% coverage ] ****** [198 done /2702 queued / 16 running / 180 errors / 40% coverage ] ****** [198 done /2702 queued / 16 running / 180 errors / 40% coverage ] ****** [199 done /2705 queued / 16 running / 181 errors / 41% coverage ] ****** [199 done /2705 queued / 16 running / 181 errors / 41% coverage ] ****** [200 done /2710 queued / 16 running / 182 errors / 41% coverage ] ****** [200 done /2710 queued / 16 running / 182 errors / 41% coverage ] ****** [201 done /2715 queued / 16 running / 183 errors / 41% coverage ] ****** [201 done /2715 queued / 16 running / 183 errors / 41% coverage ] ****** [202 done /2732 queued / 16 running / 184 errors / 41% coverage ] ****** [202 done /2732 queued / 16 running / 184 errors / 41% coverage ] ****** [203 done /2744 queued / 16 running / 185 errors / 41% coverage ] ****** [203 done /2744 queued / 16 running / 185 errors / 41% coverage ] ****** [204 done /2774 queued / 16 running / 186 errors / 41% coverage ] ****** [204 done /2774 queued / 16 running / 186 errors / 41% coverage ] ****** [205 done /2776 queued / 16 running / 187 errors / 41% coverage ] ****** [205 done /2776 queued / 16 running / 187 errors / 41% coverage ] ****** [206 done /2811 queued / 16 running / 188 errors / 41% coverage ] ****** [206 done /2811 queued / 16 running / 188 errors / 41% coverage ] ****** [207 done /2812 queued / 16 running / 189 errors / 41% coverage ] ****** [207 done /2812 queued / 16 running / 189 errors / 41% coverage ] ****** [208 done /2838 queued / 16 running / 190 errors / 41% coverage ] ****** [208 done /2838 queued / 16 running / 190 errors / 41% coverage ] ****** [209 done /2841 queued / 16 running / 191 errors / 41% coverage ] ****** [209 done /2841 queued / 16 running / 191 errors / 41% coverage ] ****** [210 done /2867 queued / 16 running / 192 errors / 41% coverage ] ****** [210 done /2867 queued / 16 running / 192 errors / 41% coverage ] ****** [211 done /2875 queued / 16 running / 193 errors / 41% coverage ] ****** [211 done /2875 queued / 16 running / 193 errors / 41% coverage ] ****** [212 done /2907 queued / 16 running / 194 errors / 41% coverage ] ****** [212 done /2907 queued / 16 running / 194 errors / 41% coverage ] ****** [213 done /2919 queued / 16 running / 195 errors / 41% coverage ] ****** [213 done /2919 queued / 16 running / 195 errors / 41% coverage ] ****** [214 done /2922 queued / 16 running / 196 errors / 41% coverage ] ****** [214 done /2922 queued / 16 running / 196 errors / 41% coverage ] ****** [215 done /2934 queued / 16 running / 197 errors / 41% coverage ] ****** [215 done /2934 queued / 16 running / 197 errors / 41% coverage ] ****** [216 done /2934 queued / 16 running / 198 errors / 41% coverage ] ****** [216 done /2934 queued / 16 running / 198 errors / 41% coverage ] ****** [217 done /2959 queued / 16 running / 199 errors / 41% coverage ] ****** [217 done /2959 queued / 16 running / 199 errors / 41% coverage ] ****** [218 done /2969 queued / 16 running / 200 errors / 41% coverage ] ****** [218 done /2969 queued / 16 running / 200 errors / 41% coverage ] ****** [219 done /2970 queued / 16 running / 201 errors / 41% coverage ] ****** [219 done /2970 queued / 16 running / 201 errors / 41% coverage ] ****** [220 done /2983 queued / 16 running / 202 errors / 41% coverage ] ****** [220 done /2983 queued / 16 running / 202 errors / 41% coverage ] ****** [221 done /3010 queued / 16 running / 203 errors / 41% coverage ] ****** [221 done /3010 queued / 16 running / 203 errors / 41% coverage ] ****** [222 done /3010 queued / 16 running / 204 errors / 41% coverage ] ****** [222 done /3010 queued / 16 running / 204 errors / 41% coverage ] ****** [223 done /3022 queued / 16 running / 205 errors / 41% coverage ] ****** [223 done /3022 queued / 16 running / 205 errors / 41% coverage ] ****** [224 done /3034 queued / 16 running / 206 errors / 41% coverage ] ****** [224 done /3034 queued / 16 running / 206 errors / 41% coverage ] ****** [225 done /3035 queued / 16 running / 207 errors / 41% coverage ] ****** [225 done /3035 queued / 16 running / 207 errors / 41% coverage ] ****** [226 done /3034 queued / 16 running / 208 errors / 41% coverage ] ****** [226 done /3034 queued / 16 running / 208 errors / 41% coverage ] ****** [227 done /3042 queued / 16 running / 208 errors / 41% coverage ] ****** [227 done /3042 queued / 16 running / 208 errors / 41% coverage ] ****** [228 done /3046 queued / 16 running / 209 errors / 41% coverage ] ****** [228 done /3046 queued / 16 running / 209 errors / 41% coverage ] ****** [229 done /3059 queued / 16 running / 210 errors / 42% coverage ] ****** [229 done /3059 queued / 16 running / 210 errors / 42% coverage ] ****** [230 done /3062 queued / 16 running / 211 errors / 42% coverage ] ****** [230 done /3062 queued / 16 running / 211 errors / 42% coverage ] ****** [231 done /3064 queued / 16 running / 212 errors / 42% coverage ] ****** [231 done /3064 queued / 16 running / 212 errors / 42% coverage ] ****** [232 done /3065 queued / 16 running / 213 errors / 42% coverage ] ****** [232 done /3065 queued / 16 running / 213 errors / 42% coverage ] ****** [233 done /3083 queued / 16 running / 214 errors / 42% coverage ] ****** [233 done /3083 queued / 16 running / 214 errors / 42% coverage ] ****** [234 done /3103 queued / 16 running / 215 errors / 42% coverage ] ****** [234 done /3103 queued / 16 running / 215 errors / 42% coverage ] ****** [235 done /3116 queued / 16 running / 216 errors / 42% coverage ] ****** [235 done /3116 queued / 16 running / 216 errors / 42% coverage ] ****** [236 done /3128 queued / 16 running / 217 errors / 42% coverage ] ****** [236 done /3128 queued / 16 running / 217 errors / 42% coverage ] ****** [237 done /3141 queued / 16 running / 218 errors / 42% coverage ] ****** [237 done /3141 queued / 16 running / 218 errors / 42% coverage ] ****** [238 done /3141 queued / 16 running / 219 errors / 42% coverage ] ****** [238 done /3141 queued / 16 running / 219 errors / 42% coverage ] ****** [239 done /3140 queued / 16 running / 220 errors / 42% coverage ] ****** [239 done /3140 queued / 16 running / 220 errors / 42% coverage ] ****** [240 done /3163 queued / 16 running / 221 errors / 42% coverage ] ****** [240 done /3163 queued / 16 running / 221 errors / 42% coverage ] ****** [241 done /3176 queued / 16 running / 222 errors / 42% coverage ] ****** [241 done /3176 queued / 16 running / 222 errors / 42% coverage ] ****** [242 done /3177 queued / 16 running / 223 errors / 42% coverage ] ****** [242 done /3177 queued / 16 running / 223 errors / 42% coverage ] ****** [243 done /3201 queued / 16 running / 224 errors / 42% coverage ] ****** [243 done /3201 queued / 16 running / 224 errors / 42% coverage ] ****** [244 done /3230 queued / 16 running / 225 errors / 42% coverage ] ****** [244 done /3230 queued / 16 running / 225 errors / 42% coverage ] ****** [245 done /3230 queued / 16 running / 226 errors / 42% coverage ] ****** [245 done /3230 queued / 16 running / 226 errors / 42% coverage ] ****** [246 done /3231 queued / 16 running / 227 errors / 42% coverage ] ****** [246 done /3231 queued / 16 running / 227 errors / 42% coverage ] ****** [247 done /3242 queued / 16 running / 228 errors / 42% coverage ] ****** [247 done /3242 queued / 16 running / 228 errors / 42% coverage ] ****** [248 done /3265 queued / 16 running / 229 errors / 42% coverage ] ****** [248 done /3265 queued / 16 running / 229 errors / 42% coverage ] ****** [249 done /3275 queued / 16 running / 230 errors / 42% coverage ] ****** [249 done /3275 queued / 16 running / 230 errors / 42% coverage ] ****** [250 done /3303 queued / 16 running / 231 errors / 42% coverage ] ****** [250 done /3303 queued / 16 running / 231 errors / 42% coverage ] ****** [251 done /3303 queued / 16 running / 232 errors / 42% coverage ] ****** [251 done /3303 queued / 16 running / 232 errors / 42% coverage ] ****** [252 done /3306 queued / 16 running / 233 errors / 42% coverage ] ****** [252 done /3306 queued / 16 running / 233 errors / 42% coverage ] ***
*-- Stat Module Output --*
*-- concretizations: ["defineProperty","bound consoleCall","toString","apply","bound parse","charCodeAt","stringify","parse","parseFloat","parseInt","pow","call"]
*-- regex: 21747
*-- Stat Module Done --*
*-- Test Case {"_bound":0,"Switcher":false,"Target_Switch_Base":0,"ExpansionArg_type":0} start 0.0212 took 6.8292s
*-- Errors occured in test {"_bound":0,"Switcher":false,"Target_Switch_Base":0,"ExpansionArg_type":0}
* Error: TypeError: Cannot read property 'charCodeAt' of undefined
*-- Replay with NO_COMPILE=1 expoSE replay '/home/blake/ExpoSE/lib/Harness/src/harness.js' '{"_bound":0}'
*-- Test Case {"Switcher":false,"Target_Switch_Base":1,"ExpansionArg_type":0,"_bound":1} start 7.1251 took 6.3052s
*-- Test Case {"Switcher":false,"Target_Switch_Base":0,"ExpansionArg_type":1,"_bound":2} start 7.0833 took 6.6935s
*-- Errors occured in test {"Switcher":false,"Target_Switch_Base":0,"ExpansionArg_type":1,"_bound":2}
* Error: TypeError: Cannot read property 'charCodeAt' of null
*-- Replay with NO_COMPILE=1 expoSE replay '/home/blake/ExpoSE/lib/Harness/src/harness.js' '{"Switcher":false,"Target_Switch_Base":0,"ExpansionArg_type":1,"_bound":2}'
*-- Test Case {"Switcher":false,"Target_Switch_Base":0,"ExpansionArg_type":2,"_bound":3,"ExpansionArg_int":0} start 13.8205 took 5.7639s
*-- Errors occured in test {"Switcher":false,"Target_Switch_Base":0,"ExpansionArg_type":2,"_bound":3,"ExpansionArg_int":0}
* Error: TypeError: Function.prototype.apply was called on undefined, which is a undefined and not a function
*-- Replay with NO_COMPILE=1 expoSE replay '/home/blake/ExpoSE/lib/Harness/src/harness.js' '{"Switcher":false,"Target_Switch_Base":0,"ExpansionArg_type":2,"_bound":3}'
*-- Test Case {"Switcher":false,"Target_Switch_Base":0,"ExpansionArg_type":3,"ExpansionArg_int":0,"_bound":4,"ExpansionArg_string":"PureString"} start 19.6528 took 104.8012s
*-- Errors occured in test {"Switcher":false,"Target_Switch_Base":0,"ExpansionArg_type":3,"ExpansionArg_int":0,"_bound":4,"ExpansionArg_string":"PureString"}
* Error: SyntaxError: Concolic(Found an expression but expected a statement: PureString, Expr {(str.++ "Found an expression but expected a statement: "
        (str.substr ExpansionArg_string (to_int 0.0) (to_int 10.0)))}, )
*-- Replay with NO_COMPILE=1 expoSE replay '/home/blake/ExpoSE/lib/Harness/src/harness.js' '{"Switcher":false,"Target_Switch_Base":0,"ExpansionArg_type":3,"ExpansionArg_int":0,"_bound":4}'
*-- Test Case {"Switcher":false,"Target_Switch_Base":0,"ExpansionArg_type":3,"ExpansionArg_string":"HpbhD0Hd0B'\u0000\u0000","_bound":68} start 125.1066 took 31.7034s
*-- Errors occured in test {"Switcher":false,"Target_Switch_Base":0,"ExpansionArg_type":3,"ExpansionArg_string":"HpbhD0Hd0B'\u0000\u0000","_bound":68}
* Error: SyntaxError: `'` expected (to close string at 1:11) at 1:14
*-- Replay with NO_COMPILE=1 expoSE replay '/home/blake/ExpoSE/lib/Harness/src/harness.js' '{"Switcher":false,"Target_Switch_Base":0,"ExpansionArg_type":3,"ExpansionArg_string":"HpbhD0Hd0B'\''\u0000\u0000","_bound":68}'
*-- Test Case {"Switcher":false,"Target_Switch_Base":0,"ExpansionArg_type":3,"ExpansionArg_string":"\u0000","_bound":15} start 124.8703 took 35.0817s
*-- Errors occured in test {"Switcher":false,"Target_Switch_Base":0,"ExpansionArg_type":3,"ExpansionArg_string":"\u0000","_bound":15}
* Error: SyntaxError: Concolic(Parser error near ` `, Expr {(str.++ (str.++ "Parser error near `"
                (str.substr ExpansionArg_string (to_int 0.0) (to_int 1.0)))
        "`")}, )
*-- Replay with NO_COMPILE=1 expoSE replay '/home/blake/ExpoSE/lib/Harness/src/harness.js' '{"Switcher":false,"Target_Switch_Base":0,"ExpansionArg_type":3,"ExpansionArg_string":"\u0000","_bound":15}'
*-- Test Case {"Switcher":false,"Target_Switch_Base":0,"ExpansionArg_type":3,"ExpansionArg_string":"\u0000","_bound":13} start 124.9233 took 35.2342s
*-- Errors occured in test {"Switcher":false,"Target_Switch_Base":0,"ExpansionArg_type":3,"ExpansionArg_string":"\u0000","_bound":13}
* Error: SyntaxError: Concolic(Parser error near ` `, Expr {(str.++ (str.++ "Parser error near `"
                (str.substr ExpansionArg_string (to_int 0.0) (to_int 1.0)))
        "`")}, )
*-- Replay with NO_COMPILE=1 expoSE replay '/home/blake/ExpoSE/lib/Harness/src/harness.js' '{"Switcher":false,"Target_Switch_Base":0,"ExpansionArg_type":3,"ExpansionArg_string":"\u0000","_bound":13}'
*-- Test Case {"Switcher":false,"Target_Switch_Base":0,"ExpansionArg_type":3,"ExpansionArg_string":"\u0000","_bound":28} start 125.1891 took 35.8639s
*-- Errors occured in test {"Switcher":false,"Target_Switch_Base":0,"ExpansionArg_type":3,"ExpansionArg_string":"\u0000","_bound":28}
* Error: SyntaxError: Concolic(Parser error near ` `, Expr {(str.++ (str.++ "Parser error near `"
                (str.substr ExpansionArg_string (to_int 0.0) (to_int 1.0)))
        "`")}, )
*-- Replay with NO_COMPILE=1 expoSE replay '/home/blake/ExpoSE/lib/Harness/src/harness.js' '{"Switcher":false,"Target_Switch_Base":0,"ExpansionArg_type":3,"ExpansionArg_string":"\u0000","_bound":28}'
*-- Test Case {"Switcher":false,"Target_Switch_Base":0,"ExpansionArg_type":3,"ExpansionArg_string":"\u0000","_bound":42} start 125.3327 took 36.954s
*-- Errors occured in test {"Switcher":false,"Target_Switch_Base":0,"ExpansionArg_type":3,"ExpansionArg_string":"\u0000","_bound":42}
* Error: SyntaxError: Concolic(Parser error near ` `, Expr {(str.++ (str.++ "Parser error near `"
                (str.substr ExpansionArg_string (to_int 0.0) (to_int 1.0)))
        "`")}, )
*-- Replay with NO_COMPILE=1 expoSE replay '/home/blake/ExpoSE/lib/Harness/src/harness.js' '{"Switcher":false,"Target_Switch_Base":0,"ExpansionArg_type":3,"ExpansionArg_string":"\u0000","_bound":42}'
*-- Test Case {"Switcher":false,"Target_Switch_Base":0,"ExpansionArg_type":3,"ExpansionArg_string":"\u0000","_bound":38} start 124.7941 took 38.6738s
*-- Errors occured in test {"Switcher":false,"Target_Switch_Base":0,"ExpansionArg_type":3,"ExpansionArg_string":"\u0000","_bound":38}
* Error: SyntaxError: Concolic(Parser error near ` `, Expr {(str.++ (str.++ "Parser error near `"
                (str.substr ExpansionArg_string (to_int 0.0) (to_int 1.0)))
        "`")}, )
*-- Replay with NO_COMPILE=1 expoSE replay '/home/blake/ExpoSE/lib/Harness/src/harness.js' '{"Switcher":false,"Target_Switch_Base":0,"ExpansionArg_type":3,"ExpansionArg_string":"\u0000","_bound":38}'
*-- Test Case {"Switcher":false,"Target_Switch_Base":0,"ExpansionArg_type":3,"ExpansionArg_string":"\u0000","_bound":9} start 125.24 took 39.1601s
*-- Errors occured in test {"Switcher":false,"Target_Switch_Base":0,"ExpansionArg_type":3,"ExpansionArg_string":"\u0000","_bound":9}
* Error: SyntaxError: Concolic(Parser error near ` `, Expr {(str.++ (str.++ "Parser error near `"
                (str.substr ExpansionArg_string (to_int 0.0) (to_int 1.0)))
        "`")}, )
*-- Replay with NO_COMPILE=1 expoSE replay '/home/blake/ExpoSE/lib/Harness/src/harness.js' '{"Switcher":false,"Target_Switch_Base":0,"ExpansionArg_type":3,"ExpansionArg_string":"\u0000","_bound":9}'
*-- Test Case {"Switcher":false,"Target_Switch_Base":0,"ExpansionArg_type":3,"ExpansionArg_string":"\u0000","_bound":39} start 124.6591 took 40.3494s
*-- Errors occured in test {"Switcher":false,"Target_Switch_Base":0,"ExpansionArg_type":3,"ExpansionArg_string":"\u0000","_bound":39}
* Error: SyntaxError: Concolic(Parser error near ` `, Expr {(str.++ (str.++ "Parser error near `"
                (str.substr ExpansionArg_string (to_int 0.0) (to_int 1.0)))
        "`")}, )
*-- Replay with NO_COMPILE=1 expoSE replay '/home/blake/ExpoSE/lib/Harness/src/harness.js' '{"Switcher":false,"Target_Switch_Base":0,"ExpansionArg_type":3,"ExpansionArg_string":"\u0000","_bound":39}'
*-- Test Case {"Switcher":false,"Target_Switch_Base":0,"ExpansionArg_type":3,"ExpansionArg_string":"\u0000","_bound":18} start 125.2938 took 42.641s
*-- Errors occured in test {"Switcher":false,"Target_Switch_Base":0,"ExpansionArg_type":3,"ExpansionArg_string":"\u0000","_bound":18}
* Error: SyntaxError: Concolic(Parser error near ` `, Expr {(str.++ (str.++ "Parser error near `"
                (str.substr ExpansionArg_string (to_int 0.0) (to_int 1.0)))
        "`")}, )
*-- Replay with NO_COMPILE=1 expoSE replay '/home/blake/ExpoSE/lib/Harness/src/harness.js' '{"Switcher":false,"Target_Switch_Base":0,"ExpansionArg_type":3,"ExpansionArg_string":"\u0000","_bound":18}'
*-- Test Case {"Switcher":false,"Target_Switch_Base":0,"ExpansionArg_type":3,"ExpansionArg_string":"","_bound":575,"ExpandedSwitcher":0} start 160.0188 took 10.2193s
*-- Test Case {"Switcher":false,"Target_Switch_Base":0,"ExpansionArg_type":3,"ExpansionArg_string":"\u0000","_bound":27} start 124.7013 took 45.8229s
*-- Errors occured in test {"Switcher":false,"Target_Switch_Base":0,"ExpansionArg_type":3,"ExpansionArg_string":"\u0000","_bound":27}
* Error: SyntaxError: Concolic(Parser error near ` `, Expr {(str.++ (str.++ "Parser error near `"
                (str.substr ExpansionArg_string (to_int 0.0) (to_int 1.0)))
        "`")}, )
*-- Replay with NO_COMPILE=1 expoSE replay '/home/blake/ExpoSE/lib/Harness/src/harness.js' '{"Switcher":false,"Target_Switch_Base":0,"ExpansionArg_type":3,"ExpansionArg_string":"\u0000","_bound":27}'
*-- Test Case {"Switcher":false,"Target_Switch_Base":0,"ExpansionArg_type":3,"ExpansionArg_string":"\u0000","_bound":37} start 124.6251 took 46.6458s
*-- Errors occured in test {"Switcher":false,"Target_Switch_Base":0,"ExpansionArg_type":3,"ExpansionArg_string":"\u0000","_bound":37}
* Error: SyntaxError: Concolic(Parser error near ` `, Expr {(str.++ (str.++ "Parser error near `"
                (str.substr ExpansionArg_string (to_int 0.0) (to_int 1.0)))
        "`")}, )
*-- Replay with NO_COMPILE=1 expoSE replay '/home/blake/ExpoSE/lib/Harness/src/harness.js' '{"Switcher":false,"Target_Switch_Base":0,"ExpansionArg_type":3,"ExpansionArg_string":"\u0000","_bound":37}'
*-- Test Case {"Switcher":false,"Target_Switch_Base":0,"ExpansionArg_type":3,"ExpansionArg_string":"\u0000","_bound":19} start 124.9609 took 47.7029s
*-- Errors occured in test {"Switcher":false,"Target_Switch_Base":0,"ExpansionArg_type":3,"ExpansionArg_string":"\u0000","_bound":19}
* Error: SyntaxError: Concolic(Parser error near ` `, Expr {(str.++ (str.++ "Parser error near `"
                (str.substr ExpansionArg_string (to_int 0.0) (to_int 1.0)))
        "`")}, )
*-- Replay with NO_COMPILE=1 expoSE replay '/home/blake/ExpoSE/lib/Harness/src/harness.js' '{"Switcher":false,"Target_Switch_Base":0,"ExpansionArg_type":3,"ExpansionArg_string":"\u0000","_bound":19}'
*-- Test Case {"Switcher":false,"Target_Switch_Base":0,"ExpansionArg_type":3,"ExpansionArg_string":"\u0000","_bound":12} start 125.0073 took 48.3315s
*-- Errors occured in test {"Switcher":false,"Target_Switch_Base":0,"ExpansionArg_type":3,"ExpansionArg_string":"\u0000","_bound":12}
* Error: SyntaxError: Concolic(Parser error near ` `, Expr {(str.++ (str.++ "Parser error near `"
                (str.substr ExpansionArg_string (to_int 0.0) (to_int 1.0)))
        "`")}, )
*-- Replay with NO_COMPILE=1 expoSE replay '/home/blake/ExpoSE/lib/Harness/src/harness.js' '{"Switcher":false,"Target_Switch_Base":0,"ExpansionArg_type":3,"ExpansionArg_string":"\u0000","_bound":12}'
*-- Test Case {"Switcher":false,"Target_Switch_Base":0,"ExpansionArg_type":3,"ExpansionArg_string":"\"","_bound":52} start 163.5552 took 14.1281s
*-- Errors occured in test {"Switcher":false,"Target_Switch_Base":0,"ExpansionArg_type":3,"ExpansionArg_string":"\"","_bound":52}
* Error: SyntaxError: `"` expected (to close string at 1:1) at 1:2
*-- Replay with NO_COMPILE=1 expoSE replay '/home/blake/ExpoSE/lib/Harness/src/harness.js' '{"Switcher":false,"Target_Switch_Base":0,"ExpansionArg_type":3,"ExpansionArg_string":"\"","_bound":52}'
*-- Test Case {"Switcher":false,"Target_Switch_Base":0,"ExpansionArg_type":3,"ExpansionArg_string":"H0DH0HAAph'x","_bound":111} start 156.9023 took 28.5191s
*-- Errors occured in test {"Switcher":false,"Target_Switch_Base":0,"ExpansionArg_type":3,"ExpansionArg_string":"H0DH0HAAph'x","_bound":111}
* Error: SyntaxError: `'` expected (to close string at 1:11) at 1:13
*-- Replay with NO_COMPILE=1 expoSE replay '/home/blake/ExpoSE/lib/Harness/src/harness.js' '{"Switcher":false,"Target_Switch_Base":0,"ExpansionArg_type":3,"ExpansionArg_string":"H0DH0HAAph'\''x","_bound":111}'
*-- Test Case {"Switcher":false,"Target_Switch_Base":0,"ExpansionArg_type":3,"ExpansionArg_string":"_","_bound":47} start 124.8305 took 62.7016s
*-- Errors occured in test {"Switcher":false,"Target_Switch_Base":0,"ExpansionArg_type":3,"ExpansionArg_string":"_","_bound":47}
* Error: SyntaxError: Concolic(Found an expression but expected a statement: _, Expr {(str.++ "Found an expression but expected a statement: "
        (str.substr ExpansionArg_string (to_int 0.0) (to_int 1.0)))}, )
*-- Replay with NO_COMPILE=1 expoSE replay '/home/blake/ExpoSE/lib/Harness/src/harness.js' '{"Switcher":false,"Target_Switch_Base":0,"ExpansionArg_type":3,"ExpansionArg_string":"_","_bound":47}'
*-- Test Case {"Switcher":false,"Target_Switch_Base":0,"ExpansionArg_type":3,"ExpansionArg_string":"dB","_bound":48} start 124.7422 took 64.9732s
*-- Errors occured in test {"Switcher":false,"Target_Switch_Base":0,"ExpansionArg_type":3,"ExpansionArg_string":"dB","_bound":48}
* Error: SyntaxError: Concolic(Found an expression but expected a statement: dB, Expr {(str.++ "Found an expression but expected a statement: "
        (str.substr ExpansionArg_string (to_int 0.0) (to_int 2.0)))}, )
*-- Replay with NO_COMPILE=1 expoSE replay '/home/blake/ExpoSE/lib/Harness/src/harness.js' '{"Switcher":false,"Target_Switch_Base":0,"ExpansionArg_type":3,"ExpansionArg_string":"dB","_bound":48}'
*-- Test Case {"Switcher":false,"Target_Switch_Base":0,"ExpansionArg_type":3,"ExpansionArg_string":"BB3\u0000","_bound":49} start 125.0593 took 64.8718s
*-- Errors occured in test {"Switcher":false,"Target_Switch_Base":0,"ExpansionArg_type":3,"ExpansionArg_string":"BB3\u0000","_bound":49}
* Error: SyntaxError: Concolic(Found an expression but expected a statement: BB3, Expr {(str.++ "Found an expression but expected a statement: "
        (str.substr ExpansionArg_string (to_int 0.0) (to_int 3.0)))}, )
*-- Replay with NO_COMPILE=1 expoSE replay '/home/blake/ExpoSE/lib/Harness/src/harness.js' '{"Switcher":false,"Target_Switch_Base":0,"ExpansionArg_type":3,"ExpansionArg_string":"BB3\u0000","_bound":49}'
*-- Test Case {"Switcher":false,"Target_Switch_Base":0,"ExpansionArg_type":3,"ExpansionArg_string":"\u0000","_bound":17} start 160.2691 took 34.0083s
*-- Errors occured in test {"Switcher":false,"Target_Switch_Base":0,"ExpansionArg_type":3,"ExpansionArg_string":"\u0000","_bound":17}
* Error: SyntaxError: Concolic(Parser error near ` `, Expr {(str.++ (str.++ "Parser error near `"
                (str.substr ExpansionArg_string (to_int 0.0) (to_int 1.0)))
        "`")}, )
*-- Replay with NO_COMPILE=1 expoSE replay '/home/blake/ExpoSE/lib/Harness/src/harness.js' '{"Switcher":false,"Target_Switch_Base":0,"ExpansionArg_type":3,"ExpansionArg_string":"\u0000","_bound":17}'
*-- Test Case {"Switcher":false,"Target_Switch_Base":0,"ExpansionArg_type":3,"ExpansionArg_string":"\u0000","_bound":42} start 161.1577 took 39.7297s
*-- Errors occured in test {"Switcher":false,"Target_Switch_Base":0,"ExpansionArg_type":3,"ExpansionArg_string":"\u0000","_bound":42}
* Error: SyntaxError: Concolic(Parser error near ` `, Expr {(str.++ (str.++ "Parser error near `"
                (str.substr ExpansionArg_string (to_int 0.0) (to_int 1.0)))
        "`")}, )
*-- Replay with NO_COMPILE=1 expoSE replay '/home/blake/ExpoSE/lib/Harness/src/harness.js' '{"Switcher":false,"Target_Switch_Base":0,"ExpansionArg_type":3,"ExpansionArg_string":"\u0000","_bound":42}'
*-- Test Case {"Switcher":false,"Target_Switch_Base":0,"ExpansionArg_type":3,"ExpansionArg_string":"\u0000","_bound":12} start 164.4724 took 38.59s
*-- Errors occured in test {"Switcher":false,"Target_Switch_Base":0,"ExpansionArg_type":3,"ExpansionArg_string":"\u0000","_bound":12}
* Error: SyntaxError: Concolic(Parser error near ` `, Expr {(str.++ (str.++ "Parser error near `"
                (str.substr ExpansionArg_string (to_int 0.0) (to_int 1.0)))
        "`")}, )
*-- Replay with NO_COMPILE=1 expoSE replay '/home/blake/ExpoSE/lib/Harness/src/harness.js' '{"Switcher":false,"Target_Switch_Base":0,"ExpansionArg_type":3,"ExpansionArg_string":"\u0000","_bound":12}'
*-- Test Case {"Switcher":false,"Target_Switch_Base":0,"ExpansionArg_type":3,"ExpansionArg_string":"\u0000","_bound":37} start 170.3164 took 32.9049s
*-- Errors occured in test {"Switcher":false,"Target_Switch_Base":0,"ExpansionArg_type":3,"ExpansionArg_string":"\u0000","_bound":37}
* Error: SyntaxError: Concolic(Parser error near ` `, Expr {(str.++ (str.++ "Parser error near `"
                (str.substr ExpansionArg_string (to_int 0.0) (to_int 1.0)))
        "`")}, )
*-- Replay with NO_COMPILE=1 expoSE replay '/home/blake/ExpoSE/lib/Harness/src/harness.js' '{"Switcher":false,"Target_Switch_Base":0,"ExpansionArg_type":3,"ExpansionArg_string":"\u0000","_bound":37}'
*-- Test Case {"Switcher":false,"Target_Switch_Base":0,"ExpansionArg_type":3,"ExpansionArg_string":"\u0000","_bound":27} start 162.3678 took 42.9268s
*-- Errors occured in test {"Switcher":false,"Target_Switch_Base":0,"ExpansionArg_type":3,"ExpansionArg_string":"\u0000","_bound":27}
* Error: SyntaxError: Concolic(Parser error near ` `, Expr {(str.++ (str.++ "Parser error near `"
                (str.substr ExpansionArg_string (to_int 0.0) (to_int 1.0)))
        "`")}, )
*-- Replay with NO_COMPILE=1 expoSE replay '/home/blake/ExpoSE/lib/Harness/src/harness.js' '{"Switcher":false,"Target_Switch_Base":0,"ExpansionArg_type":3,"ExpansionArg_string":"\u0000","_bound":27}'
*-- Test Case {"Switcher":false,"Target_Switch_Base":0,"ExpansionArg_type":3,"ExpansionArg_string":"\u0000","_bound":8} start 165.0918 took 42.8193s
*-- Errors occured in test {"Switcher":false,"Target_Switch_Base":0,"ExpansionArg_type":3,"ExpansionArg_string":"\u0000","_bound":8}
* Error: SyntaxError: Concolic(Parser error near ` `, Expr {(str.++ (str.++ "Parser error near `"
                (str.substr ExpansionArg_string (to_int 0.0) (to_int 1.0)))
        "`")}, )
*-- Replay with NO_COMPILE=1 expoSE replay '/home/blake/ExpoSE/lib/Harness/src/harness.js' '{"Switcher":false,"Target_Switch_Base":0,"ExpansionArg_type":3,"ExpansionArg_string":"\u0000","_bound":8}'
*-- Test Case {"Switcher":false,"Target_Switch_Base":0,"ExpansionArg_type":3,"ExpansionArg_string":"","_bound":54,"ExpandedSwitcher":0} start 170.6099 took 37.8593s
*-- Test Case {"Switcher":false,"Target_Switch_Base":0,"ExpansionArg_type":3,"ExpansionArg_string":"4","_bound":50} start 189.9999 took 19.528s
*-- Errors occured in test {"Switcher":false,"Target_Switch_Base":0,"ExpansionArg_type":3,"ExpansionArg_string":"4","_bound":50}
* Error: SyntaxError: Concolic(Found an expression but expected a statement: 4, Expr {(str.++ "Found an expression but expected a statement: "
        (str.substr ExpansionArg_string (to_int 0.0) (to_int 1.0)))}, )
*-- Replay with NO_COMPILE=1 expoSE replay '/home/blake/ExpoSE/lib/Harness/src/harness.js' '{"Switcher":false,"Target_Switch_Base":0,"ExpansionArg_type":3,"ExpansionArg_string":"4","_bound":50}'
*-- Test Case {"Switcher":false,"Target_Switch_Base":0,"ExpansionArg_type":3,"ExpansionArg_string":"AhBh0H00DB'\u0000\u0000\u0000","_bound":120} start 172.7606 took 40.6333s
*-- Errors occured in test {"Switcher":false,"Target_Switch_Base":0,"ExpansionArg_type":3,"ExpansionArg_string":"AhBh0H00DB'\u0000\u0000\u0000","_bound":120}
* Error: SyntaxError: `'` expected (to close string at 1:11) at 1:15
*-- Replay with NO_COMPILE=1 expoSE replay '/home/blake/ExpoSE/lib/Harness/src/harness.js' '{"Switcher":false,"Target_Switch_Base":0,"ExpansionArg_type":3,"ExpansionArg_string":"AhBh0H00DB'\''\u0000\u0000\u0000","_bound":120}'
*-- Test Case {"Switcher":false,"Target_Switch_Base":0,"ExpansionArg_type":3,"ExpansionArg_string":"\u0000","_bound":24} start 173.4109 took 41.7847s
*-- Errors occured in test {"Switcher":false,"Target_Switch_Base":0,"ExpansionArg_type":3,"ExpansionArg_string":"\u0000","_bound":24}
* Error: SyntaxError: Concolic(Parser error near ` `, Expr {(str.++ (str.++ "Parser error near `"
                (str.substr ExpansionArg_string (to_int 0.0) (to_int 1.0)))
        "`")}, )
*-- Replay with NO_COMPILE=1 expoSE replay '/home/blake/ExpoSE/lib/Harness/src/harness.js' '{"Switcher":false,"Target_Switch_Base":0,"ExpansionArg_type":3,"ExpansionArg_string":"\u0000","_bound":24}'
*-- Test Case {"Switcher":false,"Target_Switch_Base":0,"ExpansionArg_type":3,"ExpansionArg_string":"\u0000","_bound":30} start 168.0175 took 48.7217s
*-- Errors occured in test {"Switcher":false,"Target_Switch_Base":0,"ExpansionArg_type":3,"ExpansionArg_string":"\u0000","_bound":30}
* Error: SyntaxError: Concolic(Parser error near ` `, Expr {(str.++ (str.++ "Parser error near `"
                (str.substr ExpansionArg_string (to_int 0.0) (to_int 1.0)))
        "`")}, )
*-- Replay with NO_COMPILE=1 expoSE replay '/home/blake/ExpoSE/lib/Harness/src/harness.js' '{"Switcher":false,"Target_Switch_Base":0,"ExpansionArg_type":3,"ExpansionArg_string":"\u0000","_bound":30}'
*-- Test Case {"Switcher":false,"Target_Switch_Base":0,"ExpansionArg_type":3,"ExpansionArg_string":"\u0000\u0000","_bound":576} start 207.9971 took 10.826s
*-- Errors occured in test {"Switcher":false,"Target_Switch_Base":0,"ExpansionArg_type":3,"ExpansionArg_string":"\u0000\u0000","_bound":576}
* Error: SyntaxError: Concolic(Parser error near ` `, Expr {(str.++ (str.++ "Parser error near `"
                (str.substr ExpansionArg_string (to_int 0.0) (to_int 1.0)))
        "`")}, )
*-- Replay with NO_COMPILE=1 expoSE replay '/home/blake/ExpoSE/lib/Harness/src/harness.js' '{"Switcher":false,"Target_Switch_Base":0,"ExpansionArg_type":3,"ExpansionArg_string":"\u0000\u0000","_bound":576}'
*-- Test Case {"Switcher":false,"Target_Switch_Base":0,"ExpansionArg_type":3,"ExpansionArg_string":"\u0000","_bound":22} start 189.7879 took 32.7887s
*-- Errors occured in test {"Switcher":false,"Target_Switch_Base":0,"ExpansionArg_type":3,"ExpansionArg_string":"\u0000","_bound":22}
* Error: SyntaxError: Concolic(Parser error near ` `, Expr {(str.++ (str.++ "Parser error near `"
                (str.substr ExpansionArg_string (to_int 0.0) (to_int 1.0)))
        "`")}, )
*-- Replay with NO_COMPILE=1 expoSE replay '/home/blake/ExpoSE/lib/Harness/src/harness.js' '{"Switcher":false,"Target_Switch_Base":0,"ExpansionArg_type":3,"ExpansionArg_string":"\u0000","_bound":22}'
*-- Test Case {"Switcher":false,"Target_Switch_Base":0,"ExpansionArg_type":3,"ExpansionArg_string":"4e","_bound":52} start 209.6081 took 15.4167s
*-- Errors occured in test {"Switcher":false,"Target_Switch_Base":0,"ExpansionArg_type":3,"ExpansionArg_string":"4e","_bound":52}
* Error: SyntaxError: Concolic(Found an expression but expected a statement: 4, Expr {(str.++ "Found an expression but expected a statement: "
        (str.substr ExpansionArg_string (to_int 0.0) (to_int 1.0)))}, )
*-- Replay with NO_COMPILE=1 expoSE replay '/home/blake/ExpoSE/lib/Harness/src/harness.js' '{"Switcher":false,"Target_Switch_Base":0,"ExpansionArg_type":3,"ExpansionArg_string":"4e","_bound":52}'
*-- Test Case {"Switcher":false,"Target_Switch_Base":0,"ExpansionArg_type":3,"ExpansionArg_string":"\u0000","_bound":27} start 187.6015 took 38.8237s
*-- Errors occured in test {"Switcher":false,"Target_Switch_Base":0,"ExpansionArg_type":3,"ExpansionArg_string":"\u0000","_bound":27}
* Error: SyntaxError: Concolic(Parser error near ` `, Expr {(str.++ (str.++ "Parser error near `"
                (str.substr ExpansionArg_string (to_int 0.0) (to_int 1.0)))
        "`")}, )
*-- Replay with NO_COMPILE=1 expoSE replay '/home/blake/ExpoSE/lib/Harness/src/harness.js' '{"Switcher":false,"Target_Switch_Base":0,"ExpansionArg_type":3,"ExpansionArg_string":"\u0000","_bound":27}'
*-- Test Case {"Switcher":false,"Target_Switch_Base":0,"ExpansionArg_type":3,"ExpansionArg_string":"AhBh0H00DB'\u0000\u0000z","_bound":118} start 203.3427 took 24.5295s
*-- Errors occured in test {"Switcher":false,"Target_Switch_Base":0,"ExpansionArg_type":3,"ExpansionArg_string":"AhBh0H00DB'\u0000\u0000z","_bound":118}
* Error: SyntaxError: `'` expected (to close string at 1:11) at 1:15
*-- Replay with NO_COMPILE=1 expoSE replay '/home/blake/ExpoSE/lib/Harness/src/harness.js' '{"Switcher":false,"Target_Switch_Base":0,"ExpansionArg_type":3,"ExpansionArg_string":"AhBh0H00DB'\''\u0000\u0000z","_bound":118}'
*-- Test Case {"Switcher":false,"Target_Switch_Base":0,"ExpansionArg_type":3,"ExpansionArg_string":"\u0000","_bound":40} start 185.4903 took 42.8395s
*-- Errors occured in test {"Switcher":false,"Target_Switch_Base":0,"ExpansionArg_type":3,"ExpansionArg_string":"\u0000","_bound":40}
* Error: SyntaxError: Concolic(Parser error near ` `, Expr {(str.++ (str.++ "Parser error near `"
                (str.substr ExpansionArg_string (to_int 0.0) (to_int 1.0)))
        "`")}, )
*-- Replay with NO_COMPILE=1 expoSE replay '/home/blake/ExpoSE/lib/Harness/src/harness.js' '{"Switcher":false,"Target_Switch_Base":0,"ExpansionArg_type":3,"ExpansionArg_string":"\u0000","_bound":40}'
*-- Test Case {"Switcher":false,"Target_Switch_Base":0,"ExpansionArg_type":3,"ExpansionArg_string":"\u0000","_bound":16} start 194.3446 took 34.3025s
*-- Errors occured in test {"Switcher":false,"Target_Switch_Base":0,"ExpansionArg_type":3,"ExpansionArg_string":"\u0000","_bound":16}
* Error: SyntaxError: Concolic(Parser error near ` `, Expr {(str.++ (str.++ "Parser error near `"
                (str.substr ExpansionArg_string (to_int 0.0) (to_int 1.0)))
        "`")}, )
*-- Replay with NO_COMPILE=1 expoSE replay '/home/blake/ExpoSE/lib/Harness/src/harness.js' '{"Switcher":false,"Target_Switch_Base":0,"ExpansionArg_type":3,"ExpansionArg_string":"\u0000","_bound":16}'
*-- Test Case {"Switcher":false,"Target_Switch_Base":0,"ExpansionArg_type":3,"ExpansionArg_string":"\u0000","_bound":19} start 177.7671 took 51.4867s
*-- Errors occured in test {"Switcher":false,"Target_Switch_Base":0,"ExpansionArg_type":3,"ExpansionArg_string":"\u0000","_bound":19}
* Error: SyntaxError: Concolic(Parser error near ` `, Expr {(str.++ (str.++ "Parser error near `"
                (str.substr ExpansionArg_string (to_int 0.0) (to_int 1.0)))
        "`")}, )
*-- Replay with NO_COMPILE=1 expoSE replay '/home/blake/ExpoSE/lib/Harness/src/harness.js' '{"Switcher":false,"Target_Switch_Base":0,"ExpansionArg_type":3,"ExpansionArg_string":"\u0000","_bound":19}'
*-- Test Case {"Switcher":false,"Target_Switch_Base":0,"ExpansionArg_type":3,"ExpansionArg_string":"42","_bound":51} start 213.4576 took 18.4903s
*-- Errors occured in test {"Switcher":false,"Target_Switch_Base":0,"ExpansionArg_type":3,"ExpansionArg_string":"42","_bound":51}
* Error: SyntaxError: Concolic(Found an expression but expected a statement: 42, Expr {(str.++ "Found an expression but expected a statement: "
        (str.substr ExpansionArg_string (to_int 0.0) (to_int 2.0)))}, )
*-- Replay with NO_COMPILE=1 expoSE replay '/home/blake/ExpoSE/lib/Harness/src/harness.js' '{"Switcher":false,"Target_Switch_Base":0,"ExpansionArg_type":3,"ExpansionArg_string":"42","_bound":51}'
*-- Test Case {"Switcher":false,"Target_Switch_Base":0,"ExpansionArg_type":3,"ExpansionArg_string":"\u0000","_bound":38} start 200.9725 took 31.5314s
*-- Errors occured in test {"Switcher":false,"Target_Switch_Base":0,"ExpansionArg_type":3,"ExpansionArg_string":"\u0000","_bound":38}
* Error: SyntaxError: Concolic(Parser error near ` `, Expr {(str.++ (str.++ "Parser error near `"
                (str.substr ExpansionArg_string (to_int 0.0) (to_int 1.0)))
        "`")}, )
*-- Replay with NO_COMPILE=1 expoSE replay '/home/blake/ExpoSE/lib/Harness/src/harness.js' '{"Switcher":false,"Target_Switch_Base":0,"ExpansionArg_type":3,"ExpansionArg_string":"\u0000","_bound":38}'
*-- Test Case {"Switcher":false,"Target_Switch_Base":0,"ExpansionArg_type":3,"ExpansionArg_string":"\u0000\u0000","_bound":576} start 218.9765 took 16.8218s
*-- Errors occured in test {"Switcher":false,"Target_Switch_Base":0,"ExpansionArg_type":3,"ExpansionArg_string":"\u0000\u0000","_bound":576}
* Error: SyntaxError: Concolic(Parser error near ` `, Expr {(str.++ (str.++ "Parser error near `"
                (str.substr ExpansionArg_string (to_int 0.0) (to_int 1.0)))
        "`")}, )
*-- Replay with NO_COMPILE=1 expoSE replay '/home/blake/ExpoSE/lib/Harness/src/harness.js' '{"Switcher":false,"Target_Switch_Base":0,"ExpansionArg_type":3,"ExpansionArg_string":"\u0000\u0000","_bound":576}'
*-- Test Case {"Switcher":false,"Target_Switch_Base":0,"ExpansionArg_type":3,"ExpansionArg_string":"BB3T","_bound":50} start 171.3648 took 65.3182s
*-- Errors occured in test {"Switcher":false,"Target_Switch_Base":0,"ExpansionArg_type":3,"ExpansionArg_string":"BB3T","_bound":50}
* Error: SyntaxError: Concolic(Found an expression but expected a statement: BB3T, Expr {(str.++ "Found an expression but expected a statement: "
        (str.substr ExpansionArg_string (to_int 0.0) (to_int 4.0)))}, )
*-- Replay with NO_COMPILE=1 expoSE replay '/home/blake/ExpoSE/lib/Harness/src/harness.js' '{"Switcher":false,"Target_Switch_Base":0,"ExpansionArg_type":3,"ExpansionArg_string":"BB3T","_bound":50}'
*-- Test Case {"Switcher":false,"Target_Switch_Base":0,"ExpansionArg_type":3,"ExpansionArg_string":"","_bound":575,"ExpandedSwitcher":0} start 227.9607 took 9.3277s
*-- Test Case {"Switcher":false,"Target_Switch_Base":0,"ExpansionArg_type":3,"ExpansionArg_string":"\u0000","_bound":13} start 205.3738 took 33.6505s
*-- Errors occured in test {"Switcher":false,"Target_Switch_Base":0,"ExpansionArg_type":3,"ExpansionArg_string":"\u0000","_bound":13}
* Error: SyntaxError: Concolic(Parser error near ` `, Expr {(str.++ (str.++ "Parser error near `"
                (str.substr ExpansionArg_string (to_int 0.0) (to_int 1.0)))
        "`")}, )
*-- Replay with NO_COMPILE=1 expoSE replay '/home/blake/ExpoSE/lib/Harness/src/harness.js' '{"Switcher":false,"Target_Switch_Base":0,"ExpansionArg_type":3,"ExpansionArg_string":"\u0000","_bound":13}'
*-- Test Case {"Switcher":false,"Target_Switch_Base":0,"ExpansionArg_type":3,"ExpansionArg_string":"4e2","_bound":53} start 225.1055 took 15.6422s
*-- Errors occured in test {"Switcher":false,"Target_Switch_Base":0,"ExpansionArg_type":3,"ExpansionArg_string":"4e2","_bound":53}
* Error: SyntaxError: Concolic(Found an expression but expected a statement: 4e2, Expr {(str.++ "Found an expression but expected a statement: "
        (str.substr ExpansionArg_string (to_int 0.0) (to_int 3.0)))}, )
*-- Replay with NO_COMPILE=1 expoSE replay '/home/blake/ExpoSE/lib/Harness/src/harness.js' '{"Switcher":false,"Target_Switch_Base":0,"ExpansionArg_type":3,"ExpansionArg_string":"4e2","_bound":53}'
*-- Test Case {"Switcher":false,"Target_Switch_Base":0,"ExpansionArg_type":3,"ExpansionArg_string":"22E","_bound":53} start 232.0117 took 15.2866s
*-- Errors occured in test {"Switcher":false,"Target_Switch_Base":0,"ExpansionArg_type":3,"ExpansionArg_string":"22E","_bound":53}
* Error: SyntaxError: Concolic(Found an expression but expected a statement: 22, Expr {(str.++ "Found an expression but expected a statement: "
        (str.substr ExpansionArg_string (to_int 0.0) (to_int 2.0)))}, )
*-- Replay with NO_COMPILE=1 expoSE replay '/home/blake/ExpoSE/lib/Harness/src/harness.js' '{"Switcher":false,"Target_Switch_Base":0,"ExpansionArg_type":3,"ExpansionArg_string":"22E","_bound":53}'
*-- Test Case {"Switcher":false,"Target_Switch_Base":0,"ExpansionArg_type":3,"ExpansionArg_string":"\u0000\u0000","_bound":7} start 208.5147 took 41.4446s
*-- Errors occured in test {"Switcher":false,"Target_Switch_Base":0,"ExpansionArg_type":3,"ExpansionArg_string":"\u0000\u0000","_bound":7}
* Error: SyntaxError: Concolic(Parser error near ` `, Expr {(str.++ (str.++ "Parser error near `"
                (str.substr ExpansionArg_string (to_int 0.0) (to_int 1.0)))
        "`")}, )
*-- Replay with NO_COMPILE=1 expoSE replay '/home/blake/ExpoSE/lib/Harness/src/harness.js' '{"Switcher":false,"Target_Switch_Base":0,"ExpansionArg_type":3,"ExpansionArg_string":"\u0000\u0000","_bound":7}'
*-- Test Case {"Switcher":false,"Target_Switch_Base":0,"ExpansionArg_type":3,"ExpansionArg_string":"H0DH0HAAp_'\u0000z","_bound":114} start 228.4077 took 22.0779s
*-- Errors occured in test {"Switcher":false,"Target_Switch_Base":0,"ExpansionArg_type":3,"ExpansionArg_string":"H0DH0HAAp_'\u0000z","_bound":114}
* Error: SyntaxError: `'` expected (to close string at 1:11) at 1:14
*-- Replay with NO_COMPILE=1 expoSE replay '/home/blake/ExpoSE/lib/Harness/src/harness.js' '{"Switcher":false,"Target_Switch_Base":0,"ExpansionArg_type":3,"ExpansionArg_string":"H0DH0HAAp_'\''\u0000z","_bound":114}'
*-- Test Case {"Switcher":false,"Target_Switch_Base":0,"ExpansionArg_type":3,"ExpansionArg_string":"pDbAP00b_P'\u0000\n\"","_bound":130} start 239.1085 took 14.1332s
*-- Errors occured in test {"Switcher":false,"Target_Switch_Base":0,"ExpansionArg_type":3,"ExpansionArg_string":"pDbAP00b_P'\u0000\n\"","_bound":130}
* Error: SyntaxError: `'` expected (to close string at 1:11) at 2:2
*-- Replay with NO_COMPILE=1 expoSE replay '/home/blake/ExpoSE/lib/Harness/src/harness.js' '{"Switcher":false,"Target_Switch_Base":0,"ExpansionArg_type":3,"ExpansionArg_string":"pDbAP00b_P'\''\u0000\n\"","_bound":130}'
*-- Test Case {"Switcher":false,"Target_Switch_Base":0,"ExpansionArg_type":3,"ExpansionArg_string":"H0DH0HAAph'\u0000\n","_bound":113} start 235.8685 took 19.4831s
*-- Errors occured in test {"Switcher":false,"Target_Switch_Base":0,"ExpansionArg_type":3,"ExpansionArg_string":"H0DH0HAAph'\u0000\n","_bound":113}
* Error: SyntaxError: `'` expected (to close string at 1:11) at 2:1
*-- Replay with NO_COMPILE=1 expoSE replay '/home/blake/ExpoSE/lib/Harness/src/harness.js' '{"Switcher":false,"Target_Switch_Base":0,"ExpansionArg_type":3,"ExpansionArg_string":"H0DH0HAAph'\''\u0000\n","_bound":113}'
*-- Test Case {"Switcher":false,"Target_Switch_Base":0,"ExpansionArg_type":3,"ExpansionArg_string":"\u0000","_bound":41} start 222.7405 took 32.8962s
*-- Errors occured in test {"Switcher":false,"Target_Switch_Base":0,"ExpansionArg_type":3,"ExpansionArg_string":"\u0000","_bound":41}
* Error: SyntaxError: Concolic(Parser error near ` `, Expr {(str.++ (str.++ "Parser error near `"
                (str.substr ExpansionArg_string (to_int 0.0) (to_int 1.0)))
        "`")}, )
*-- Replay with NO_COMPILE=1 expoSE replay '/home/blake/ExpoSE/lib/Harness/src/harness.js' '{"Switcher":false,"Target_Switch_Base":0,"ExpansionArg_type":3,"ExpansionArg_string":"\u0000","_bound":41}'
*-- Test Case {"Switcher":false,"Target_Switch_Base":0,"ExpansionArg_type":3,"ExpansionArg_string":"AhBh0H00DB'\u0000\u0000\n","_bound":117} start 226.5153 took 30.0201s
*-- Errors occured in test {"Switcher":false,"Target_Switch_Base":0,"ExpansionArg_type":3,"ExpansionArg_string":"AhBh0H00DB'\u0000\u0000\n","_bound":117}
* Error: SyntaxError: `'` expected (to close string at 1:11) at 2:1
*-- Replay with NO_COMPILE=1 expoSE replay '/home/blake/ExpoSE/lib/Harness/src/harness.js' '{"Switcher":false,"Target_Switch_Base":0,"ExpansionArg_type":3,"ExpansionArg_string":"AhBh0H00DB'\''\u0000\u0000\n","_bound":117}'
*-- Test Case {"Switcher":false,"Target_Switch_Base":0,"ExpansionArg_type":3,"ExpansionArg_string":"\u0000","_bound":29} start 215.2659 took 44.4859s
*-- Errors occured in test {"Switcher":false,"Target_Switch_Base":0,"ExpansionArg_type":3,"ExpansionArg_string":"\u0000","_bound":29}
* Error: SyntaxError: Concolic(Parser error near ` `, Expr {(str.++ (str.++ "Parser error near `"
                (str.substr ExpansionArg_string (to_int 0.0) (to_int 1.0)))
        "`")}, )
*-- Replay with NO_COMPILE=1 expoSE replay '/home/blake/ExpoSE/lib/Harness/src/harness.js' '{"Switcher":false,"Target_Switch_Base":0,"ExpansionArg_type":3,"ExpansionArg_string":"\u0000","_bound":29}'
*-- Test Case {"Switcher":false,"Target_Switch_Base":0,"ExpansionArg_type":3,"ExpansionArg_string":"\u0000","_bound":44} start 232.5949 took 30.0904s
*-- Errors occured in test {"Switcher":false,"Target_Switch_Base":0,"ExpansionArg_type":3,"ExpansionArg_string":"\u0000","_bound":44}
* Error: SyntaxError: Concolic(Parser error near ` `, Expr {(str.++ (str.++ "Parser error near `"
                (str.substr ExpansionArg_string (to_int 0.0) (to_int 1.0)))
        "`")}, )
*-- Replay with NO_COMPILE=1 expoSE replay '/home/blake/ExpoSE/lib/Harness/src/harness.js' '{"Switcher":false,"Target_Switch_Base":0,"ExpansionArg_type":3,"ExpansionArg_string":"\u0000","_bound":44}'
*-- Test Case {"Switcher":false,"Target_Switch_Base":0,"ExpansionArg_type":3,"ExpansionArg_string":"","_bound":575,"ExpandedSwitcher":0} start 255.7105 took 9.2584s
*-- Test Case {"Switcher":false,"Target_Switch_Base":0,"ExpansionArg_type":3,"ExpansionArg_string":"\u0000","_bound":43} start 236.7523 took 28.5847s
*-- Errors occured in test {"Switcher":false,"Target_Switch_Base":0,"ExpansionArg_type":3,"ExpansionArg_string":"\u0000","_bound":43}
* Error: SyntaxError: Concolic(Parser error near ` `, Expr {(str.++ (str.++ "Parser error near `"
                (str.substr ExpansionArg_string (to_int 0.0) (to_int 1.0)))
        "`")}, )
*-- Replay with NO_COMPILE=1 expoSE replay '/home/blake/ExpoSE/lib/Harness/src/harness.js' '{"Switcher":false,"Target_Switch_Base":0,"ExpansionArg_type":3,"ExpansionArg_string":"\u0000","_bound":43}'
*-- Test Case {"Switcher":false,"Target_Switch_Base":0,"ExpansionArg_type":3,"ExpansionArg_string":"_","_bound":46} start 216.8642 took 49.3566s
*-- Errors occured in test {"Switcher":false,"Target_Switch_Base":0,"ExpansionArg_type":3,"ExpansionArg_string":"_","_bound":46}
* Error: SyntaxError: Concolic(Found an expression but expected a statement: _, Expr {(str.++ "Found an expression but expected a statement: "
        (str.substr ExpansionArg_string (to_int 0.0) (to_int 1.0)))}, )
*-- Replay with NO_COMPILE=1 expoSE replay '/home/blake/ExpoSE/lib/Harness/src/harness.js' '{"Switcher":false,"Target_Switch_Base":0,"ExpansionArg_type":3,"ExpansionArg_string":"_","_bound":46}'
*-- Test Case {"Switcher":false,"Target_Switch_Base":0,"ExpansionArg_type":3,"ExpansionArg_string":"\u0000","_bound":31} start 229.3465 took 38.1292s
*-- Errors occured in test {"Switcher":false,"Target_Switch_Base":0,"ExpansionArg_type":3,"ExpansionArg_string":"\u0000","_bound":31}
* Error: SyntaxError: Concolic(Parser error near ` `, Expr {(str.++ (str.++ "Parser error near `"
                (str.substr ExpansionArg_string (to_int 0.0) (to_int 1.0)))
        "`")}, )
*-- Replay with NO_COMPILE=1 expoSE replay '/home/blake/ExpoSE/lib/Harness/src/harness.js' '{"Switcher":false,"Target_Switch_Base":0,"ExpansionArg_type":3,"ExpansionArg_string":"\u0000","_bound":31}'
*-- Test Case {"Switcher":false,"Target_Switch_Base":0,"ExpansionArg_type":3,"ExpansionArg_string":"22E2","_bound":54} start 247.3716 took 22.3048s
*-- Errors occured in test {"Switcher":false,"Target_Switch_Base":0,"ExpansionArg_type":3,"ExpansionArg_string":"22E2","_bound":54}
* Error: SyntaxError: Concolic(Found an expression but expected a statement: 22E2, Expr {(str.++ "Found an expression but expected a statement: "
        (str.substr ExpansionArg_string (to_int 0.0) (to_int 4.0)))}, )
*-- Replay with NO_COMPILE=1 expoSE replay '/home/blake/ExpoSE/lib/Harness/src/harness.js' '{"Switcher":false,"Target_Switch_Base":0,"ExpansionArg_type":3,"ExpansionArg_string":"22E2","_bound":54}'
*-- Test Case {"Switcher":false,"Target_Switch_Base":0,"ExpansionArg_type":3,"ExpansionArg_string":"\u0000","_bound":43} start 237.3605 took 36.7404s
*-- Errors occured in test {"Switcher":false,"Target_Switch_Base":0,"ExpansionArg_type":3,"ExpansionArg_string":"\u0000","_bound":43}
* Error: SyntaxError: Concolic(Parser error near ` `, Expr {(str.++ (str.++ "Parser error near `"
                (str.substr ExpansionArg_string (to_int 0.0) (to_int 1.0)))
        "`")}, )
*-- Replay with NO_COMPILE=1 expoSE replay '/home/blake/ExpoSE/lib/Harness/src/harness.js' '{"Switcher":false,"Target_Switch_Base":0,"ExpansionArg_type":3,"ExpansionArg_string":"\u0000","_bound":43}'
*-- Test Case {"Switcher":false,"Target_Switch_Base":0,"ExpansionArg_type":3,"ExpansionArg_string":"H0DH0HAAph'z","_bound":110} start 255.4308 took 18.9653s
*-- Errors occured in test {"Switcher":false,"Target_Switch_Base":0,"ExpansionArg_type":3,"ExpansionArg_string":"H0DH0HAAph'z","_bound":110}
* Error: SyntaxError: `'` expected (to close string at 1:11) at 1:13
*-- Replay with NO_COMPILE=1 expoSE replay '/home/blake/ExpoSE/lib/Harness/src/harness.js' '{"Switcher":false,"Target_Switch_Base":0,"ExpansionArg_type":3,"ExpansionArg_string":"H0DH0HAAph'\''z","_bound":110}'
*-- Test Case {"Switcher":false,"Target_Switch_Base":0,"ExpansionArg_type":3,"ExpansionArg_string":"Hpdb3dD00_'\u0000\"\u0000\u0000","_bound":126} start 250.5714 took 33.3128s
*-- Errors occured in test {"Switcher":false,"Target_Switch_Base":0,"ExpansionArg_type":3,"ExpansionArg_string":"Hpdb3dD00_'\u0000\"\u0000\u0000","_bound":126}
* Error: SyntaxError: `'` expected (to close string at 1:11) at 1:16
*-- Replay with NO_COMPILE=1 expoSE replay '/home/blake/ExpoSE/lib/Harness/src/harness.js' '{"Switcher":false,"Target_Switch_Base":0,"ExpansionArg_type":3,"ExpansionArg_string":"Hpdb3dD00_'\''\u0000\"\u0000\u0000","_bound":126}'
*-- Test Case {"Switcher":false,"Target_Switch_Base":0,"ExpansionArg_type":3,"ExpansionArg_string":"\u0000","_bound":34} start 250.0529 took 34.025s
*-- Errors occured in test {"Switcher":false,"Target_Switch_Base":0,"ExpansionArg_type":3,"ExpansionArg_string":"\u0000","_bound":34}
* Error: SyntaxError: Concolic(Parser error near ` `, Expr {(str.++ (str.++ "Parser error near `"
                (str.substr ExpansionArg_string (to_int 0.0) (to_int 1.0)))
        "`")}, )
*-- Replay with NO_COMPILE=1 expoSE replay '/home/blake/ExpoSE/lib/Harness/src/harness.js' '{"Switcher":false,"Target_Switch_Base":0,"ExpansionArg_type":3,"ExpansionArg_string":"\u0000","_bound":34}'
*-- Test Case {"Switcher":false,"Target_Switch_Base":0,"ExpansionArg_type":3,"ExpansionArg_string":"\u0000","_bound":25} start 256.6235 took 30.6475s
*-- Errors occured in test {"Switcher":false,"Target_Switch_Base":0,"ExpansionArg_type":3,"ExpansionArg_string":"\u0000","_bound":25}
* Error: SyntaxError: Concolic(Parser error near ` `, Expr {(str.++ (str.++ "Parser error near `"
                (str.substr ExpansionArg_string (to_int 0.0) (to_int 1.0)))
        "`")}, )
*-- Replay with NO_COMPILE=1 expoSE replay '/home/blake/ExpoSE/lib/Harness/src/harness.js' '{"Switcher":false,"Target_Switch_Base":0,"ExpansionArg_type":3,"ExpansionArg_string":"\u0000","_bound":25}'
*-- Test Case {"Switcher":false,"Target_Switch_Base":0,"ExpansionArg_type":3,"ExpansionArg_string":"pDbAP00b_P'\u0000\u0000\"","_bound":134} start 274.5841 took 17.9216s
*-- Errors occured in test {"Switcher":false,"Target_Switch_Base":0,"ExpansionArg_type":3,"ExpansionArg_string":"pDbAP00b_P'\u0000\u0000\"","_bound":134}
* Error: SyntaxError: `'` expected (to close string at 1:11) at 1:15
*-- Replay with NO_COMPILE=1 expoSE replay '/home/blake/ExpoSE/lib/Harness/src/harness.js' '{"Switcher":false,"Target_Switch_Base":0,"ExpansionArg_type":3,"ExpansionArg_string":"pDbAP00b_P'\''\u0000\u0000\"","_bound":134}'
*-- Test Case {"Switcher":false,"Target_Switch_Base":0,"ExpansionArg_type":3,"ExpansionArg_string":"\u0000","_bound":11} start 253.3284 took 40.0792s
*-- Errors occured in test {"Switcher":false,"Target_Switch_Base":0,"ExpansionArg_type":3,"ExpansionArg_string":"\u0000","_bound":11}
* Error: SyntaxError: Concolic(Parser error near ` `, Expr {(str.++ (str.++ "Parser error near `"
                (str.substr ExpansionArg_string (to_int 0.0) (to_int 1.0)))
        "`")}, )
*-- Replay with NO_COMPILE=1 expoSE replay '/home/blake/ExpoSE/lib/Harness/src/harness.js' '{"Switcher":false,"Target_Switch_Base":0,"ExpansionArg_type":3,"ExpansionArg_string":"\u0000","_bound":11}'
*-- Test Case {"Switcher":false,"Target_Switch_Base":0,"ExpansionArg_type":3,"ExpansionArg_string":"\u0000","_bound":29} start 267.5652 took 30.7038s
*-- Errors occured in test {"Switcher":false,"Target_Switch_Base":0,"ExpansionArg_type":3,"ExpansionArg_string":"\u0000","_bound":29}
* Error: SyntaxError: Concolic(Parser error near ` `, Expr {(str.++ (str.++ "Parser error near `"
                (str.substr ExpansionArg_string (to_int 0.0) (to_int 1.0)))
        "`")}, )
*-- Replay with NO_COMPILE=1 expoSE replay '/home/blake/ExpoSE/lib/Harness/src/harness.js' '{"Switcher":false,"Target_Switch_Base":0,"ExpansionArg_type":3,"ExpansionArg_string":"\u0000","_bound":29}'
*-- Test Case {"Switcher":false,"Target_Switch_Base":0,"ExpansionArg_type":3,"ExpansionArg_string":"4","_bound":50} start 274.2906 took 24.8895s
*-- Errors occured in test {"Switcher":false,"Target_Switch_Base":0,"ExpansionArg_type":3,"ExpansionArg_string":"4","_bound":50}
* Error: SyntaxError: Concolic(Found an expression but expected a statement: 4, Expr {(str.++ "Found an expression but expected a statement: "
        (str.substr ExpansionArg_string (to_int 0.0) (to_int 1.0)))}, )
*-- Replay with NO_COMPILE=1 expoSE replay '/home/blake/ExpoSE/lib/Harness/src/harness.js' '{"Switcher":false,"Target_Switch_Base":0,"ExpansionArg_type":3,"ExpansionArg_string":"4","_bound":50}'
*-- Test Case {"Switcher":false,"Target_Switch_Base":0,"ExpansionArg_type":3,"ExpansionArg_string":"\u0000","_bound":39} start 265.4091 took 35.8933s
*-- Errors occured in test {"Switcher":false,"Target_Switch_Base":0,"ExpansionArg_type":3,"ExpansionArg_string":"\u0000","_bound":39}
* Error: SyntaxError: Concolic(Parser error near ` `, Expr {(str.++ (str.++ "Parser error near `"
                (str.substr ExpansionArg_string (to_int 0.0) (to_int 1.0)))
        "`")}, )
*-- Replay with NO_COMPILE=1 expoSE replay '/home/blake/ExpoSE/lib/Harness/src/harness.js' '{"Switcher":false,"Target_Switch_Base":0,"ExpansionArg_type":3,"ExpansionArg_string":"\u0000","_bound":39}'
*-- Test Case {"Switcher":false,"Target_Switch_Base":0,"ExpansionArg_type":3,"ExpansionArg_string":"","_bound":13,"ExpandedSwitcher":0} start 269.8547 took 31.5726s
*-- Test Case {"Switcher":false,"Target_Switch_Base":0,"ExpansionArg_type":3,"ExpansionArg_string":"\u0000","_bound":28} start 265.0298 took 38.3249s
*-- Errors occured in test {"Switcher":false,"Target_Switch_Base":0,"ExpansionArg_type":3,"ExpansionArg_string":"\u0000","_bound":28}
* Error: SyntaxError: Concolic(Parser error near ` `, Expr {(str.++ (str.++ "Parser error near `"
                (str.substr ExpansionArg_string (to_int 0.0) (to_int 1.0)))
        "`")}, )
*-- Replay with NO_COMPILE=1 expoSE replay '/home/blake/ExpoSE/lib/Harness/src/harness.js' '{"Switcher":false,"Target_Switch_Base":0,"ExpansionArg_type":3,"ExpansionArg_string":"\u0000","_bound":28}'
*-- Test Case {"Switcher":false,"Target_Switch_Base":0,"ExpansionArg_type":3,"ExpansionArg_string":"\u0000n","_bound":577} start 292.6706 took 10.8928s
*-- Errors occured in test {"Switcher":false,"Target_Switch_Base":0,"ExpansionArg_type":3,"ExpansionArg_string":"\u0000n","_bound":577}
* Error: SyntaxError: Concolic(Parser error near ` `, Expr {(str.++ (str.++ "Parser error near `"
                (str.substr ExpansionArg_string (to_int 0.0) (to_int 1.0)))
        "`")}, )
*-- Replay with NO_COMPILE=1 expoSE replay '/home/blake/ExpoSE/lib/Harness/src/harness.js' '{"Switcher":false,"Target_Switch_Base":0,"ExpansionArg_type":3,"ExpansionArg_string":"\u0000n","_bound":577}'
*-- Test Case {"Switcher":false,"Target_Switch_Base":0,"ExpansionArg_type":3,"ExpansionArg_string":"\u0000","_bound":9} start 266.3241 took 41.2558s
*-- Errors occured in test {"Switcher":false,"Target_Switch_Base":0,"ExpansionArg_type":3,"ExpansionArg_string":"\u0000","_bound":9}
* Error: SyntaxError: Concolic(Parser error near ` `, Expr {(str.++ (str.++ "Parser error near `"
                (str.substr ExpansionArg_string (to_int 0.0) (to_int 1.0)))
        "`")}, )
*-- Replay with NO_COMPILE=1 expoSE replay '/home/blake/ExpoSE/lib/Harness/src/harness.js' '{"Switcher":false,"Target_Switch_Base":0,"ExpansionArg_type":3,"ExpansionArg_string":"\u0000","_bound":9}'
*-- Test Case {"Switcher":false,"Target_Switch_Base":0,"ExpansionArg_type":3,"ExpansionArg_string":"\u0000","_bound":28} start 262.7421 took 49.0895s
*-- Errors occured in test {"Switcher":false,"Target_Switch_Base":0,"ExpansionArg_type":3,"ExpansionArg_string":"\u0000","_bound":28}
* Error: SyntaxError: Concolic(Parser error near ` `, Expr {(str.++ (str.++ "Parser error near `"
                (str.substr ExpansionArg_string (to_int 0.0) (to_int 1.0)))
        "`")}, )
*-- Replay with NO_COMPILE=1 expoSE replay '/home/blake/ExpoSE/lib/Harness/src/harness.js' '{"Switcher":false,"Target_Switch_Base":0,"ExpansionArg_type":3,"ExpansionArg_string":"\u0000","_bound":28}'
*-- Test Case {"Switcher":false,"Target_Switch_Base":0,"ExpansionArg_type":3,"ExpansionArg_string":"P--[\u0000","_bound":49} start 240.8125 took 74.7124s
*-- Errors occured in test {"Switcher":false,"Target_Switch_Base":0,"ExpansionArg_type":3,"ExpansionArg_string":"P--[\u0000","_bound":49}
* Error: SyntaxError: Concolic(Found an expression but expected a statement: P, Expr {(str.++ "Found an expression but expected a statement: "
        (str.substr ExpansionArg_string (to_int 0.0) (to_int 1.0)))}, )
*-- Replay with NO_COMPILE=1 expoSE replay '/home/blake/ExpoSE/lib/Harness/src/harness.js' '{"Switcher":false,"Target_Switch_Base":0,"ExpansionArg_type":3,"ExpansionArg_string":"P--[\u0000","_bound":49}'
*-- Test Case {"Switcher":false,"Target_Switch_Base":0,"ExpansionArg_type":3,"ExpansionArg_string":"\u0000","_bound":23} start 284.0227 took 38.0735s
*-- Errors occured in test {"Switcher":false,"Target_Switch_Base":0,"ExpansionArg_type":3,"ExpansionArg_string":"\u0000","_bound":23}
* Error: SyntaxError: Concolic(Parser error near ` `, Expr {(str.++ (str.++ "Parser error near `"
                (str.substr ExpansionArg_string (to_int 0.0) (to_int 1.0)))
        "`")}, )
*-- Replay with NO_COMPILE=1 expoSE replay '/home/blake/ExpoSE/lib/Harness/src/harness.js' '{"Switcher":false,"Target_Switch_Base":0,"ExpansionArg_type":3,"ExpansionArg_string":"\u0000","_bound":23}'
*-- Test Case {"Switcher":false,"Target_Switch_Base":0,"ExpansionArg_type":3,"ExpansionArg_string":"\"","_bound":52} start 311.8916 took 11.9513s
*-- Errors occured in test {"Switcher":false,"Target_Switch_Base":0,"ExpansionArg_type":3,"ExpansionArg_string":"\"","_bound":52}
* Error: SyntaxError: `"` expected (to close string at 1:1) at 1:2
*-- Replay with NO_COMPILE=1 expoSE replay '/home/blake/ExpoSE/lib/Harness/src/harness.js' '{"Switcher":false,"Target_Switch_Base":0,"ExpansionArg_type":3,"ExpansionArg_string":"\"","_bound":52}'
*-- Test Case {"Switcher":false,"Target_Switch_Base":0,"ExpansionArg_type":3,"ExpansionArg_string":"hDBH0B0PBH<=","_bound":739} start 203.1355 took 120.9907s
*-- Errors occured in test {"Switcher":false,"Target_Switch_Base":0,"ExpansionArg_type":3,"ExpansionArg_string":"hDBH0B0PBH<=","_bound":739}
* Error: SyntaxError: Concolic(Found an expression but expected a statement: hDBH0B0PBH, Expr {(str.++ "Found an expression but expected a statement: "
        (str.substr ExpansionArg_string (to_int 0.0) (to_int 10.0)))}, )
*-- Replay with NO_COMPILE=1 expoSE replay '/home/blake/ExpoSE/lib/Harness/src/harness.js' '{"Switcher":false,"Target_Switch_Base":0,"ExpansionArg_type":3,"ExpansionArg_string":"hDBH0B0PBH<=","_bound":739}'
*-- Test Case {"Switcher":false,"Target_Switch_Base":0,"ExpansionArg_type":3,"ExpansionArg_string":"\u0000","_bound":43} start 301.3618 took 32.6712s
*-- Errors occured in test {"Switcher":false,"Target_Switch_Base":0,"ExpansionArg_type":3,"ExpansionArg_string":"\u0000","_bound":43}
* Error: SyntaxError: Concolic(Parser error near ` `, Expr {(str.++ (str.++ "Parser error near `"
                (str.substr ExpansionArg_string (to_int 0.0) (to_int 1.0)))
        "`")}, )
*-- Replay with NO_COMPILE=1 expoSE replay '/home/blake/ExpoSE/lib/Harness/src/harness.js' '{"Switcher":false,"Target_Switch_Base":0,"ExpansionArg_type":3,"ExpansionArg_string":"\u0000","_bound":43}'
*-- Test Case {"Switcher":false,"Target_Switch_Base":0,"ExpansionArg_type":3,"ExpansionArg_string":"\u0000","_bound":12} start 298.3525 took 37.3613s
*-- Errors occured in test {"Switcher":false,"Target_Switch_Base":0,"ExpansionArg_type":3,"ExpansionArg_string":"\u0000","_bound":12}
* Error: SyntaxError: Concolic(Parser error near ` `, Expr {(str.++ (str.++ "Parser error near `"
                (str.substr ExpansionArg_string (to_int 0.0) (to_int 1.0)))
        "`")}, )
*-- Replay with NO_COMPILE=1 expoSE replay '/home/blake/ExpoSE/lib/Harness/src/harness.js' '{"Switcher":false,"Target_Switch_Base":0,"ExpansionArg_type":3,"ExpansionArg_string":"\u0000","_bound":12}'
*-- Test Case {"Switcher":false,"Target_Switch_Base":0,"ExpansionArg_type":3,"ExpansionArg_string":"\u0000","_bound":42} start 299.2793 took 36.6566s
*-- Errors occured in test {"Switcher":false,"Target_Switch_Base":0,"ExpansionArg_type":3,"ExpansionArg_string":"\u0000","_bound":42}
* Error: SyntaxError: Concolic(Parser error near ` `, Expr {(str.++ (str.++ "Parser error near `"
                (str.substr ExpansionArg_string (to_int 0.0) (to_int 1.0)))
        "`")}, )
*-- Replay with NO_COMPILE=1 expoSE replay '/home/blake/ExpoSE/lib/Harness/src/harness.js' '{"Switcher":false,"Target_Switch_Base":0,"ExpansionArg_type":3,"ExpansionArg_string":"\u0000","_bound":42}'
*-- Test Case {"Switcher":false,"Target_Switch_Base":0,"ExpansionArg_type":3,"ExpansionArg_string":"","_bound":54,"ExpandedSwitcher":0} start 301.4997 took 36.5228s
*-- Test Case {"Switcher":false,"Target_Switch_Base":0,"ExpansionArg_type":3,"ExpansionArg_string":"HHBH020lBH//\u0000\u0000","_bound":744} start 228.7519 took 111.9496s
*-- Errors occured in test {"Switcher":false,"Target_Switch_Base":0,"ExpansionArg_type":3,"ExpansionArg_string":"HHBH020lBH//\u0000\u0000","_bound":744}
* Error: SyntaxError: Concolic(Found an expression but expected a statement: HHBH020lBH, Expr {(str.++ "Found an expression but expected a statement: "
        (str.substr ExpansionArg_string (to_int 0.0) (to_int 10.0)))}, )
*-- Replay with NO_COMPILE=1 expoSE replay '/home/blake/ExpoSE/lib/Harness/src/harness.js' '{"Switcher":false,"Target_Switch_Base":0,"ExpansionArg_type":3,"ExpansionArg_string":"HHBH020lBH//\u0000\u0000","_bound":744}'
*-- Test Case {"Switcher":false,"Target_Switch_Base":0,"ExpansionArg_type":3,"ExpansionArg_string":"p_ ","_bound":49} start 287.4589 took 54.2218s
*-- Errors occured in test {"Switcher":false,"Target_Switch_Base":0,"ExpansionArg_type":3,"ExpansionArg_string":"p_ ","_bound":49}
* Error: SyntaxError: Concolic(Found an expression but expected a statement: p_, Expr {(str.++ "Found an expression but expected a statement: "
        (str.substr ExpansionArg_string (to_int 0.0) (to_int 2.0)))}, )
*-- Replay with NO_COMPILE=1 expoSE replay '/home/blake/ExpoSE/lib/Harness/src/harness.js' '{"Switcher":false,"Target_Switch_Base":0,"ExpansionArg_type":3,"ExpansionArg_string":"p_ ","_bound":49}'
*-- Test Case {"Switcher":false,"Target_Switch_Base":0,"ExpansionArg_type":3,"ExpansionArg_string":"\u0000","_bound":24} start 303.6429 took 39.9041s
*-- Errors occured in test {"Switcher":false,"Target_Switch_Base":0,"ExpansionArg_type":3,"ExpansionArg_string":"\u0000","_bound":24}
* Error: SyntaxError: Concolic(Parser error near ` `, Expr {(str.++ (str.++ "Parser error near `"
                (str.substr ExpansionArg_string (to_int 0.0) (to_int 1.0)))
        "`")}, )
*-- Replay with NO_COMPILE=1 expoSE replay '/home/blake/ExpoSE/lib/Harness/src/harness.js' '{"Switcher":false,"Target_Switch_Base":0,"ExpansionArg_type":3,"ExpansionArg_string":"\u0000","_bound":24}'
*-- Test Case {"Switcher":false,"Target_Switch_Base":0,"ExpansionArg_type":3,"ExpansionArg_string":"\u0000","_bound":21} start 307.6716 took 36.0231s
*-- Errors occured in test {"Switcher":false,"Target_Switch_Base":0,"ExpansionArg_type":3,"ExpansionArg_string":"\u0000","_bound":21}
* Error: SyntaxError: Concolic(Parser error near ` `, Expr {(str.++ (str.++ "Parser error near `"
                (str.substr ExpansionArg_string (to_int 0.0) (to_int 1.0)))
        "`")}, )
*-- Replay with NO_COMPILE=1 expoSE replay '/home/blake/ExpoSE/lib/Harness/src/harness.js' '{"Switcher":false,"Target_Switch_Base":0,"ExpansionArg_type":3,"ExpansionArg_string":"\u0000","_bound":21}'
*-- Test Case {"Switcher":false,"Target_Switch_Base":0,"ExpansionArg_type":3,"ExpansionArg_string":"\u0000","_bound":23} start 323.9254 took 38.7518s
*-- Errors occured in test {"Switcher":false,"Target_Switch_Base":0,"ExpansionArg_type":3,"ExpansionArg_string":"\u0000","_bound":23}
* Error: SyntaxError: Concolic(Parser error near ` `, Expr {(str.++ (str.++ "Parser error near `"
                (str.substr ExpansionArg_string (to_int 0.0) (to_int 1.0)))
        "`")}, )
*-- Replay with NO_COMPILE=1 expoSE replay '/home/blake/ExpoSE/lib/Harness/src/harness.js' '{"Switcher":false,"Target_Switch_Base":0,"ExpansionArg_type":3,"ExpansionArg_string":"\u0000","_bound":23}'
*-- Test Case {"Switcher":false,"Target_Switch_Base":0,"ExpansionArg_type":3,"ExpansionArg_string":"pDP0_00000<=while","_bound":761} start 324.2264 took 45.6038s
*-- Errors occured in test {"Switcher":false,"Target_Switch_Base":0,"ExpansionArg_type":3,"ExpansionArg_string":"pDP0_00000<=while","_bound":761}
* Error: SyntaxError: Concolic(Found an expression but expected a statement: pDP0_00000, Expr {(str.++ "Found an expression but expected a statement: "
        (str.substr ExpansionArg_string (to_int 0.0) (to_int 10.0)))}, )
*-- Replay with NO_COMPILE=1 expoSE replay '/home/blake/ExpoSE/lib/Harness/src/harness.js' '{"Switcher":false,"Target_Switch_Base":0,"ExpansionArg_type":3,"ExpansionArg_string":"pDP0_00000<=while","_bound":761}'
*-- Test Case {"Switcher":false,"Target_Switch_Base":0,"ExpansionArg_type":3,"ExpansionArg_string":"\u0000","_bound":28} start 336.0027 took 34.1643s
*-- Errors occured in test {"Switcher":false,"Target_Switch_Base":0,"ExpansionArg_type":3,"ExpansionArg_string":"\u0000","_bound":28}
* Error: SyntaxError: Concolic(Parser error near ` `, Expr {(str.++ (str.++ "Parser error near `"
                (str.substr ExpansionArg_string (to_int 0.0) (to_int 1.0)))
        "`")}, )
*-- Replay with NO_COMPILE=1 expoSE replay '/home/blake/ExpoSE/lib/Harness/src/harness.js' '{"Switcher":false,"Target_Switch_Base":0,"ExpansionArg_type":3,"ExpansionArg_string":"\u0000","_bound":28}'
*-- Test Case {"Switcher":false,"Target_Switch_Base":0,"ExpansionArg_type":3,"ExpansionArg_string":"","_bound":46,"ExpandedSwitcher":0} start 338.0976 took 35.0093s
*-- Test Case {"Switcher":false,"Target_Switch_Base":0,"ExpansionArg_type":3,"ExpansionArg_string":"BBAPpPHF0d--","_bound":59} start 259.8516 took 122.057s
*-- Errors occured in test {"Switcher":false,"Target_Switch_Base":0,"ExpansionArg_type":3,"ExpansionArg_string":"BBAPpPHF0d--","_bound":59}
* Error: SyntaxError: Concolic(Found an expression but expected a statement: BBAPpPHF0d, Expr {(str.++ "Found an expression but expected a statement: "
        (str.substr ExpansionArg_string (to_int 0.0) (to_int 10.0)))}, )
*-- Replay with NO_COMPILE=1 expoSE replay '/home/blake/ExpoSE/lib/Harness/src/harness.js' '{"Switcher":false,"Target_Switch_Base":0,"ExpansionArg_type":3,"ExpansionArg_string":"BBAPpPHF0d--","_bound":59}'
*-- Test Case {"Switcher":false,"Target_Switch_Base":0,"ExpansionArg_type":3,"ExpansionArg_string":"pDbAP00b_P'\u0000\r\"","_bound":131} start 373.2619 took 14.0512s
*-- Errors occured in test {"Switcher":false,"Target_Switch_Base":0,"ExpansionArg_type":3,"ExpansionArg_string":"pDbAP00b_P'\u0000\r\"","_bound":131}
* Error: SyntaxError: `'` expected (to close string at 1:11) at 2:2
*-- Replay with NO_COMPILE=1 expoSE replay '/home/blake/ExpoSE/lib/Harness/src/harness.js' '{"Switcher":false,"Target_Switch_Base":0,"ExpansionArg_type":3,"ExpansionArg_string":"pDbAP00b_P'\''\u0000\r\"","_bound":131}'
*-- Test Case {"Switcher":false,"Target_Switch_Base":0,"ExpansionArg_type":3,"ExpansionArg_string":"p_--\u0000","_bound":51} start 303.4474 took 85.2601s
*-- Errors occured in test {"Switcher":false,"Target_Switch_Base":0,"ExpansionArg_type":3,"ExpansionArg_string":"p_--\u0000","_bound":51}
* Error: SyntaxError: Concolic(Found an expression but expected a statement: p_, Expr {(str.++ "Found an expression but expected a statement: "
        (str.substr ExpansionArg_string (to_int 0.0) (to_int 2.0)))}, )
*-- Replay with NO_COMPILE=1 expoSE replay '/home/blake/ExpoSE/lib/Harness/src/harness.js' '{"Switcher":false,"Target_Switch_Base":0,"ExpansionArg_type":3,"ExpansionArg_string":"p_--\u0000","_bound":51}'
*-- Test Case {"Switcher":false,"Target_Switch_Base":0,"ExpansionArg_type":3,"ExpansionArg_string":"pDP0_00000<=break","_bound":757} start 335.8296 took 54.7716s
*-- Errors occured in test {"Switcher":false,"Target_Switch_Base":0,"ExpansionArg_type":3,"ExpansionArg_string":"pDP0_00000<=break","_bound":757}
* Error: SyntaxError: Concolic(Found an expression but expected a statement: pDP0_00000, Expr {(str.++ "Found an expression but expected a statement: "
        (str.substr ExpansionArg_string (to_int 0.0) (to_int 10.0)))}, )
*-- Replay with NO_COMPILE=1 expoSE replay '/home/blake/ExpoSE/lib/Harness/src/harness.js' '{"Switcher":false,"Target_Switch_Base":0,"ExpansionArg_type":3,"ExpansionArg_string":"pDP0_00000<=break","_bound":757}'
*-- Test Case {"Switcher":false,"Target_Switch_Base":0,"ExpansionArg_type":3,"ExpansionArg_string":"es r","_bound":50} start 343.8276 took 53.0404s
*-- Errors occured in test {"Switcher":false,"Target_Switch_Base":0,"ExpansionArg_type":3,"ExpansionArg_string":"es r","_bound":50}
* Error: SyntaxError: Concolic(Found an expression but expected a statement: es, Expr {(str.++ "Found an expression but expected a statement: "
        (str.substr ExpansionArg_string (to_int 0.0) (to_int 2.0)))}, )
*-- Replay with NO_COMPILE=1 expoSE replay '/home/blake/ExpoSE/lib/Harness/src/harness.js' '{"Switcher":false,"Target_Switch_Base":0,"ExpansionArg_type":3,"ExpansionArg_string":"es r","_bound":50}'
*-- Test Case {"Switcher":false,"Target_Switch_Base":0,"ExpansionArg_type":3,"ExpansionArg_string":"\u0000","_bound":31} start 370.3455 took 41.8758s
*-- Errors occured in test {"Switcher":false,"Target_Switch_Base":0,"ExpansionArg_type":3,"ExpansionArg_string":"\u0000","_bound":31}
* Error: SyntaxError: Concolic(Parser error near ` `, Expr {(str.++ (str.++ "Parser error near `"
                (str.substr ExpansionArg_string (to_int 0.0) (to_int 1.0)))
        "`")}, )
*-- Replay with NO_COMPILE=1 expoSE replay '/home/blake/ExpoSE/lib/Harness/src/harness.js' '{"Switcher":false,"Target_Switch_Base":0,"ExpansionArg_type":3,"ExpansionArg_string":"\u0000","_bound":31}'
*-- Test Case {"Switcher":false,"Target_Switch_Base":0,"ExpansionArg_type":3,"ExpansionArg_string":"P--[\u0000\u0000\u0000","_bound":53} start 315.5886 took 99.8172s
*-- Errors occured in test {"Switcher":false,"Target_Switch_Base":0,"ExpansionArg_type":3,"ExpansionArg_string":"P--[\u0000\u0000\u0000","_bound":53}
* Error: SyntaxError: Concolic(Found an expression but expected a statement: P, Expr {(str.++ "Found an expression but expected a statement: "
        (str.substr ExpansionArg_string (to_int 0.0) (to_int 1.0)))}, )
*-- Replay with NO_COMPILE=1 expoSE replay '/home/blake/ExpoSE/lib/Harness/src/harness.js' '{"Switcher":false,"Target_Switch_Base":0,"ExpansionArg_type":3,"ExpansionArg_string":"P--[\u0000\u0000\u0000","_bound":53}'
*-- Test Case {"Switcher":false,"Target_Switch_Base":0,"ExpansionArg_type":3,"ExpansionArg_string":"P--[\u0000n\u0000","_bound":56} start 322.1928 took 97.2153s
*-- Errors occured in test {"Switcher":false,"Target_Switch_Base":0,"ExpansionArg_type":3,"ExpansionArg_string":"P--[\u0000n\u0000","_bound":56}
* Error: SyntaxError: Concolic(Found an expression but expected a statement: P, Expr {(str.++ "Found an expression but expected a statement: "
        (str.substr ExpansionArg_string (to_int 0.0) (to_int 1.0)))}, )
*-- Replay with NO_COMPILE=1 expoSE replay '/home/blake/ExpoSE/lib/Harness/src/harness.js' '{"Switcher":false,"Target_Switch_Base":0,"ExpansionArg_type":3,"ExpansionArg_string":"P--[\u0000n\u0000","_bound":56}'
*-- Test Case {"Switcher":false,"Target_Switch_Base":0,"ExpansionArg_type":3,"ExpansionArg_string":"\u0000","_bound":22} start 390.7159 took 32.7316s
*-- Errors occured in test {"Switcher":false,"Target_Switch_Base":0,"ExpansionArg_type":3,"ExpansionArg_string":"\u0000","_bound":22}
* Error: SyntaxError: Concolic(Parser error near ` `, Expr {(str.++ (str.++ "Parser error near `"
                (str.substr ExpansionArg_string (to_int 0.0) (to_int 1.0)))
        "`")}, )
*-- Replay with NO_COMPILE=1 expoSE replay '/home/blake/ExpoSE/lib/Harness/src/harness.js' '{"Switcher":false,"Target_Switch_Base":0,"ExpansionArg_type":3,"ExpansionArg_string":"\u0000","_bound":22}'
*-- Test Case {"Switcher":false,"Target_Switch_Base":0,"ExpansionArg_type":3,"ExpansionArg_string":"daaH0D_bd_\u0000","_bound":785} start 415.4772 took 8.4585s
*-- Errors occured in test {"Switcher":false,"Target_Switch_Base":0,"ExpansionArg_type":3,"ExpansionArg_string":"daaH0D_bd_\u0000","_bound":785}
* Error: SyntaxError: Concolic(Found an expression but expected a statement: daaH0D_bd_, Expr {(str.++ "Found an expression but expected a statement: "
        (str.substr ExpansionArg_string (to_int 0.0) (to_int 10.0)))}, )
*-- Replay with NO_COMPILE=1 expoSE replay '/home/blake/ExpoSE/lib/Harness/src/harness.js' '{"Switcher":false,"Target_Switch_Base":0,"ExpansionArg_type":3,"ExpansionArg_string":"daaH0D_bd_\u0000","_bound":785}'
*-- Test Case {"Switcher":false,"Target_Switch_Base":0,"ExpansionArg_type":3,"ExpansionArg_string":"\u0000\u0000","_bound":576} start 419.4766 took 10.6118s
*-- Errors occured in test {"Switcher":false,"Target_Switch_Base":0,"ExpansionArg_type":3,"ExpansionArg_string":"\u0000\u0000","_bound":576}
* Error: SyntaxError: Concolic(Parser error near ` `, Expr {(str.++ (str.++ "Parser error near `"
                (str.substr ExpansionArg_string (to_int 0.0) (to_int 1.0)))
        "`")}, )
*-- Replay with NO_COMPILE=1 expoSE replay '/home/blake/ExpoSE/lib/Harness/src/harness.js' '{"Switcher":false,"Target_Switch_Base":0,"ExpansionArg_type":3,"ExpansionArg_string":"\u0000\u0000","_bound":576}'
*-- Test Case {"Switcher":false,"Target_Switch_Base":0,"ExpansionArg_type":3,"ExpansionArg_string":"\u0000n","_bound":577} start 423.5437 took 9.7405s
*-- Errors occured in test {"Switcher":false,"Target_Switch_Base":0,"ExpansionArg_type":3,"ExpansionArg_string":"\u0000n","_bound":577}
* Error: SyntaxError: Concolic(Parser error near ` `, Expr {(str.++ (str.++ "Parser error near `"
                (str.substr ExpansionArg_string (to_int 0.0) (to_int 1.0)))
        "`")}, )
*-- Replay with NO_COMPILE=1 expoSE replay '/home/blake/ExpoSE/lib/Harness/src/harness.js' '{"Switcher":false,"Target_Switch_Base":0,"ExpansionArg_type":3,"ExpansionArg_string":"\u0000n","_bound":577}'
*-- Test Case {"Switcher":false,"Target_Switch_Base":0,"ExpansionArg_type":3,"ExpansionArg_string":"\u0000","_bound":9} start 396.9485 took 37.7637s
*-- Errors occured in test {"Switcher":false,"Target_Switch_Base":0,"ExpansionArg_type":3,"ExpansionArg_string":"\u0000","_bound":9}
* Error: SyntaxError: Concolic(Parser error near ` `, Expr {(str.++ (str.++ "Parser error near `"
                (str.substr ExpansionArg_string (to_int 0.0) (to_int 1.0)))
        "`")}, )
*-- Replay with NO_COMPILE=1 expoSE replay '/home/blake/ExpoSE/lib/Harness/src/harness.js' '{"Switcher":false,"Target_Switch_Base":0,"ExpansionArg_type":3,"ExpansionArg_string":"\u0000","_bound":9}'
*-- Test Case {"Switcher":false,"Target_Switch_Base":0,"ExpansionArg_type":3,"ExpansionArg_string":"HB0pa00b0d<=if\u0000\u0000\u0000\u0000\u0000\u0000\u0000","_bound":745} start 334.1162 took 101.5394s
*-- Errors occured in test {"Switcher":false,"Target_Switch_Base":0,"ExpansionArg_type":3,"ExpansionArg_string":"HB0pa00b0d<=if\u0000\u0000\u0000\u0000\u0000\u0000\u0000","_bound":745}
* Error: SyntaxError: Concolic(Found an expression but expected a statement: HB0pa00b0d<=if, Expr {(str.++ "Found an expression but expected a statement: "
        (str.substr ExpansionArg_string (to_int 0.0) (to_int 14.0)))}, )
*-- Replay with NO_COMPILE=1 expoSE replay '/home/blake/ExpoSE/lib/Harness/src/harness.js' '{"Switcher":false,"Target_Switch_Base":0,"ExpansionArg_type":3,"ExpansionArg_string":"HB0pa00b0d<=if\u0000\u0000\u0000\u0000\u0000\u0000\u0000","_bound":745}'
*-- Test Case {"Switcher":false,"Target_Switch_Base":0,"ExpansionArg_type":3,"ExpansionArg_string":"\u0000\u0000\u0000","_bound":577} start 430.1628 took 11.3308s
*-- Errors occured in test {"Switcher":false,"Target_Switch_Base":0,"ExpansionArg_type":3,"ExpansionArg_string":"\u0000\u0000\u0000","_bound":577}
* Error: SyntaxError: Concolic(Parser error near ` `, Expr {(str.++ (str.++ "Parser error near `"
                (str.substr ExpansionArg_string (to_int 0.0) (to_int 1.0)))
        "`")}, )
*-- Replay with NO_COMPILE=1 expoSE replay '/home/blake/ExpoSE/lib/Harness/src/harness.js' '{"Switcher":false,"Target_Switch_Base":0,"ExpansionArg_type":3,"ExpansionArg_string":"\u0000\u0000\u0000","_bound":577}'
*-- Test Case {"Switcher":false,"Target_Switch_Base":0,"ExpansionArg_type":3,"ExpansionArg_string":"\r","_bound":580,"ExpandedSwitcher":0} start 434.8104 took 9.8247s
*-- Test Case {"Switcher":false,"Target_Switch_Base":0,"ExpansionArg_type":3,"ExpansionArg_string":"\r","_bound":580,"ExpandedSwitcher":0} start 435.7586 took 9.0541s
*-- Test Case {"Switcher":false,"Target_Switch_Base":0,"ExpansionArg_type":3,"ExpansionArg_string":"es --\u0000\u0000","_bound":52} start 343.6565 took 108.2899s
*-- Errors occured in test {"Switcher":false,"Target_Switch_Base":0,"ExpansionArg_type":3,"ExpansionArg_string":"es --\u0000\u0000","_bound":52}
* Error: SyntaxError: Concolic(Found an expression but expected a statement: es, Expr {(str.++ "Found an expression but expected a statement: "
        (str.substr ExpansionArg_string (to_int 0.0) (to_int 2.0)))}, )
*-- Replay with NO_COMPILE=1 expoSE replay '/home/blake/ExpoSE/lib/Harness/src/harness.js' '{"Switcher":false,"Target_Switch_Base":0,"ExpansionArg_type":3,"ExpansionArg_string":"es --\u0000\u0000","_bound":52}'
*-- Test Case {"Switcher":false,"Target_Switch_Base":0,"ExpansionArg_type":3,"ExpansionArg_string":"\u0000\u0000\u0000\u0000","_bound":578} start 441.5587 took 13.0425s
*-- Errors occured in test {"Switcher":false,"Target_Switch_Base":0,"ExpansionArg_type":3,"ExpansionArg_string":"\u0000\u0000\u0000\u0000","_bound":578}
* Error: SyntaxError: Concolic(Parser error near ` `, Expr {(str.++ (str.++ "Parser error near `"
                (str.substr ExpansionArg_string (to_int 0.0) (to_int 1.0)))
        "`")}, )
*-- Replay with NO_COMPILE=1 expoSE replay '/home/blake/ExpoSE/lib/Harness/src/harness.js' '{"Switcher":false,"Target_Switch_Base":0,"ExpansionArg_type":3,"ExpansionArg_string":"\u0000\u0000\u0000\u0000","_bound":578}'
*-- Test Case {"Switcher":false,"Target_Switch_Base":0,"ExpansionArg_type":3,"ExpansionArg_string":"\u0000","_bound":21} start 412.3091 took 42.6267s
*-- Errors occured in test {"Switcher":false,"Target_Switch_Base":0,"ExpansionArg_type":3,"ExpansionArg_string":"\u0000","_bound":21}
* Error: SyntaxError: Concolic(Parser error near ` `, Expr {(str.++ (str.++ "Parser error near `"
                (str.substr ExpansionArg_string (to_int 0.0) (to_int 1.0)))
        "`")}, )
*-- Replay with NO_COMPILE=1 expoSE replay '/home/blake/ExpoSE/lib/Harness/src/harness.js' '{"Switcher":false,"Target_Switch_Base":0,"ExpansionArg_type":3,"ExpansionArg_string":"\u0000","_bound":21}'
*-- Test Case {"Switcher":false,"Target_Switch_Base":0,"ExpansionArg_type":3,"ExpansionArg_string":"es --[\u0000","_bound":51} start 341.7815 took 113.4107s
*-- Errors occured in test {"Switcher":false,"Target_Switch_Base":0,"ExpansionArg_type":3,"ExpansionArg_string":"es --[\u0000","_bound":51}
* Error: SyntaxError: Concolic(Found an expression but expected a statement: es, Expr {(str.++ "Found an expression but expected a statement: "
        (str.substr ExpansionArg_string (to_int 0.0) (to_int 2.0)))}, )
*-- Replay with NO_COMPILE=1 expoSE replay '/home/blake/ExpoSE/lib/Harness/src/harness.js' '{"Switcher":false,"Target_Switch_Base":0,"ExpansionArg_type":3,"ExpansionArg_string":"es --[\u0000","_bound":51}'
*-- Test Case {"Switcher":false,"Target_Switch_Base":0,"ExpansionArg_type":3,"ExpansionArg_string":"\u0000","_bound":27} start 424.0068 took 33.3647s
*-- Errors occured in test {"Switcher":false,"Target_Switch_Base":0,"ExpansionArg_type":3,"ExpansionArg_string":"\u0000","_bound":27}
* Error: SyntaxError: Concolic(Parser error near ` `, Expr {(str.++ (str.++ "Parser error near `"
                (str.substr ExpansionArg_string (to_int 0.0) (to_int 1.0)))
        "`")}, )
*-- Replay with NO_COMPILE=1 expoSE replay '/home/blake/ExpoSE/lib/Harness/src/harness.js' '{"Switcher":false,"Target_Switch_Base":0,"ExpansionArg_type":3,"ExpansionArg_string":"\u0000","_bound":27}'
*-- Test Case {"Switcher":false,"Target_Switch_Base":0,"ExpansionArg_type":3,"ExpansionArg_string":"","_bound":15,"ExpandedSwitcher":0} start 433.3657 took 32.1232s
*-- Test Case {"Switcher":false,"Target_Switch_Base":0,"ExpansionArg_type":3,"ExpansionArg_string":"\u0000\u0000\u0000","_bound":577} start 459.2104 took 12.1523s
*-- Errors occured in test {"Switcher":false,"Target_Switch_Base":0,"ExpansionArg_type":3,"ExpansionArg_string":"\u0000\u0000\u0000","_bound":577}
* Error: SyntaxError: Concolic(Parser error near ` `, Expr {(str.++ (str.++ "Parser error near `"
                (str.substr ExpansionArg_string (to_int 0.0) (to_int 1.0)))
        "`")}, )
*-- Replay with NO_COMPILE=1 expoSE replay '/home/blake/ExpoSE/lib/Harness/src/harness.js' '{"Switcher":false,"Target_Switch_Base":0,"ExpansionArg_type":3,"ExpansionArg_string":"\u0000\u0000\u0000","_bound":577}'
*-- Test Case {"Switcher":false,"Target_Switch_Base":0,"ExpansionArg_type":3,"ExpansionArg_string":"HpbhD0Hd0B\"\u0000\u0001","_bound":67} start 444.9094 took 34.3876s
*-- Errors occured in test {"Switcher":false,"Target_Switch_Base":0,"ExpansionArg_type":3,"ExpansionArg_string":"HpbhD0Hd0B\"\u0000\u0001","_bound":67}
* Error: SyntaxError: `"` expected (to close string at 1:11) at 1:14
*-- Replay with NO_COMPILE=1 expoSE replay '/home/blake/ExpoSE/lib/Harness/src/harness.js' '{"Switcher":false,"Target_Switch_Base":0,"ExpansionArg_type":3,"ExpansionArg_string":"HpbhD0Hd0B\"\u0000\u0001","_bound":67}'
*-- Test Case {"Switcher":false,"Target_Switch_Base":0,"ExpansionArg_type":3,"ExpansionArg_string":"\u0000","_bound":15} start 444.7172 took 36.7055s
*-- Errors occured in test {"Switcher":false,"Target_Switch_Base":0,"ExpansionArg_type":3,"ExpansionArg_string":"\u0000","_bound":15}
* Error: SyntaxError: Concolic(Parser error near ` `, Expr {(str.++ (str.++ "Parser error near `"
                (str.substr ExpansionArg_string (to_int 0.0) (to_int 1.0)))
        "`")}, )
*-- Replay with NO_COMPILE=1 expoSE replay '/home/blake/ExpoSE/lib/Harness/src/harness.js' '{"Switcher":false,"Target_Switch_Base":0,"ExpansionArg_type":3,"ExpansionArg_string":"\u0000","_bound":15}'
*-- Test Case {"Switcher":false,"Target_Switch_Base":0,"ExpansionArg_type":3,"ExpansionArg_string":"a00hB_0A00//while\u0000\u0000\u0000","_bound":766} start 362.7798 took 122.7875s
*-- Errors occured in test {"Switcher":false,"Target_Switch_Base":0,"ExpansionArg_type":3,"ExpansionArg_string":"a00hB_0A00//while\u0000\u0000\u0000","_bound":766}
* Error: SyntaxError: Concolic(Found an expression but expected a statement: a00hB_0A00//while, Expr {(str.++ "Found an expression but expected a statement: "
        (str.substr ExpansionArg_string (to_int 0.0) (to_int 17.0)))}, )
*-- Replay with NO_COMPILE=1 expoSE replay '/home/blake/ExpoSE/lib/Harness/src/harness.js' '{"Switcher":false,"Target_Switch_Base":0,"ExpansionArg_type":3,"ExpansionArg_string":"a00hB_0A00//while\u0000\u0000\u0000","_bound":766}'
*-- Test Case {"Switcher":false,"Target_Switch_Base":0,"ExpansionArg_type":3,"ExpansionArg_string":"a00hB_0A00//for\u0000\u0000\u0000\u0000\u0000 ","_bound":763} start 340.9007 took 147.3119s
*-- Errors occured in test {"Switcher":false,"Target_Switch_Base":0,"ExpansionArg_type":3,"ExpansionArg_string":"a00hB_0A00//for\u0000\u0000\u0000\u0000\u0000 ","_bound":763}
* Error: SyntaxError: Concolic(Found an expression but expected a statement: a00hB_0A00//for, Expr {(str.++ "Found an expression but expected a statement: "
        (str.substr ExpansionArg_string (to_int 0.0) (to_int 15.0)))}, )
*-- Replay with NO_COMPILE=1 expoSE replay '/home/blake/ExpoSE/lib/Harness/src/harness.js' '{"Switcher":false,"Target_Switch_Base":0,"ExpansionArg_type":3,"ExpansionArg_string":"a00hB_0A00//for\u0000\u0000\u0000\u0000\u0000 ","_bound":763}'
*-- Test Case {"Switcher":false,"Target_Switch_Base":0,"ExpansionArg_type":3,"ExpansionArg_string":"H0DH0HAAph'\n","_bound":109} start 471.4512 took 17.9408s
*-- Errors occured in test {"Switcher":false,"Target_Switch_Base":0,"ExpansionArg_type":3,"ExpansionArg_string":"H0DH0HAAph'\n","_bound":109}
* Error: SyntaxError: `'` expected (to close string at 1:11) at 2:1
*-- Replay with NO_COMPILE=1 expoSE replay '/home/blake/ExpoSE/lib/Harness/src/harness.js' '{"Switcher":false,"Target_Switch_Base":0,"ExpansionArg_type":3,"ExpansionArg_string":"H0DH0HAAph'\''\n","_bound":109}'
*-- Test Case {"Switcher":false,"Target_Switch_Base":0,"ExpansionArg_type":3,"ExpansionArg_string":"\u0000","_bound":44} start 465.5898 took 28.6922s
*-- Errors occured in test {"Switcher":false,"Target_Switch_Base":0,"ExpansionArg_type":3,"ExpansionArg_string":"\u0000","_bound":44}
* Error: SyntaxError: Concolic(Parser error near ` `, Expr {(str.++ (str.++ "Parser error near `"
                (str.substr ExpansionArg_string (to_int 0.0) (to_int 1.0)))
        "`")}, )
*-- Replay with NO_COMPILE=1 expoSE replay '/home/blake/ExpoSE/lib/Harness/src/harness.js' '{"Switcher":false,"Target_Switch_Base":0,"ExpansionArg_type":3,"ExpansionArg_string":"\u0000","_bound":44}'
*-- Test Case {"Switcher":false,"Target_Switch_Base":0,"ExpansionArg_type":3,"ExpansionArg_string":"2e24","_bound":54} start 479.3903 took 16.7501s
*-- Errors occured in test {"Switcher":false,"Target_Switch_Base":0,"ExpansionArg_type":3,"ExpansionArg_string":"2e24","_bound":54}
* Error: SyntaxError: Concolic(Found an expression but expected a statement: 2e24, Expr {(str.++ "Found an expression but expected a statement: "
        (str.substr ExpansionArg_string (to_int 0.0) (to_int 4.0)))}, )
*-- Replay with NO_COMPILE=1 expoSE replay '/home/blake/ExpoSE/lib/Harness/src/harness.js' '{"Switcher":false,"Target_Switch_Base":0,"ExpansionArg_type":3,"ExpansionArg_string":"2e24","_bound":54}'
*-- Test Case {"Switcher":false,"Target_Switch_Base":0,"ExpansionArg_type":3,"ExpansionArg_string":"_k--\u0000\u0000\u0000","_bound":53} start 388.862 took 111.5191s
*-- Errors occured in test {"Switcher":false,"Target_Switch_Base":0,"ExpansionArg_type":3,"ExpansionArg_string":"_k--\u0000\u0000\u0000","_bound":53}
* Error: SyntaxError: Concolic(Found an expression but expected a statement: _k, Expr {(str.++ "Found an expression but expected a statement: "
        (str.substr ExpansionArg_string (to_int 0.0) (to_int 2.0)))}, )
*-- Replay with NO_COMPILE=1 expoSE replay '/home/blake/ExpoSE/lib/Harness/src/harness.js' '{"Switcher":false,"Target_Switch_Base":0,"ExpansionArg_type":3,"ExpansionArg_string":"_k--\u0000\u0000\u0000","_bound":53}'
*-- Test Case {"Switcher":false,"Target_Switch_Base":0,"ExpansionArg_type":3,"ExpansionArg_string":"hHb__0dAD3<=while\u0000","_bound":765} start 369.9854 took 131.63s
*-- Errors occured in test {"Switcher":false,"Target_Switch_Base":0,"ExpansionArg_type":3,"ExpansionArg_string":"hHb__0dAD3<=while\u0000","_bound":765}
* Error: SyntaxError: Concolic(Found an expression but expected a statement: hHb__0dAD3<=while, Expr {(str.++ "Found an expression but expected a statement: "
        (str.substr ExpansionArg_string (to_int 0.0) (to_int 17.0)))}, )
*-- Replay with NO_COMPILE=1 expoSE replay '/home/blake/ExpoSE/lib/Harness/src/harness.js' '{"Switcher":false,"Target_Switch_Base":0,"ExpansionArg_type":3,"ExpansionArg_string":"hHb__0dAD3<=while\u0000","_bound":765}'
*-- Test Case {"Switcher":false,"Target_Switch_Base":0,"ExpansionArg_type":3,"ExpansionArg_string":"2","_bound":50} start 489.4822 took 15.1489s
*-- Errors occured in test {"Switcher":false,"Target_Switch_Base":0,"ExpansionArg_type":3,"ExpansionArg_string":"2","_bound":50}
* Error: SyntaxError: Concolic(Found an expression but expected a statement: 2, Expr {(str.++ "Found an expression but expected a statement: "
        (str.substr ExpansionArg_string (to_int 0.0) (to_int 1.0)))}, )
*-- Replay with NO_COMPILE=1 expoSE replay '/home/blake/ExpoSE/lib/Harness/src/harness.js' '{"Switcher":false,"Target_Switch_Base":0,"ExpansionArg_type":3,"ExpansionArg_string":"2","_bound":50}'
*-- Test Case {"Switcher":false,"Target_Switch_Base":0,"ExpansionArg_type":4,"ExpansionArg_string":"","_bound":5,"ExpansionArg_array_length":0} start 501.7001 took 6.8363s
*-- Errors occured in test {"Switcher":false,"Target_Switch_Base":0,"ExpansionArg_type":4,"ExpansionArg_string":"","_bound":5,"ExpansionArg_array_length":0}
* Error: TypeError: Function.prototype.apply was called on undefined, which is a undefined and not a function
*-- Replay with NO_COMPILE=1 expoSE replay '/home/blake/ExpoSE/lib/Harness/src/harness.js' '{"Switcher":false,"Target_Switch_Base":0,"ExpansionArg_type":4,"ExpansionArg_string":"","_bound":5}'
*-- Test Case {"Switcher":false,"Target_Switch_Base":0,"ExpansionArg_type":3,"ExpansionArg_string":"P00hDdH40B==","_bound":737} start 284.2677 took 227.3728s
*-- Errors occured in test {"Switcher":false,"Target_Switch_Base":0,"ExpansionArg_type":3,"ExpansionArg_string":"P00hDdH40B==","_bound":737}
* Error: SyntaxError: Concolic(Found an expression but expected a statement: P00hDdH40B, Expr {(str.++ "Found an expression but expected a statement: "
        (str.substr ExpansionArg_string (to_int 0.0) (to_int 10.0)))}, )
*-- Replay with NO_COMPILE=1 expoSE replay '/home/blake/ExpoSE/lib/Harness/src/harness.js' '{"Switcher":false,"Target_Switch_Base":0,"ExpansionArg_type":3,"ExpansionArg_string":"P00hDdH40B==","_bound":737}'
*-- Test Case {"Switcher":false,"Target_Switch_Base":0,"ExpansionArg_type":4,"ExpansionArg_array_length":1,"_bound":7,"ExpansionArg_array_element_0_type":0} start 508.5913 took 6.6255s
*-- Errors occured in test {"Switcher":false,"Target_Switch_Base":0,"ExpansionArg_type":4,"ExpansionArg_array_length":1,"_bound":7,"ExpansionArg_array_element_0_type":0}
* Error: TypeError: Function.prototype.apply was called on undefined, which is a undefined and not a function
*-- Replay with NO_COMPILE=1 expoSE replay '/home/blake/ExpoSE/lib/Harness/src/harness.js' '{"Switcher":false,"Target_Switch_Base":0,"ExpansionArg_type":4,"ExpansionArg_array_length":1,"_bound":7}'
*-- Test Case {"Switcher":false,"Target_Switch_Base":0,"ExpansionArg_type":3,"ExpansionArg_string":"\u0000n","_bound":577} start 504.7163 took 13.3903s
*-- Errors occured in test {"Switcher":false,"Target_Switch_Base":0,"ExpansionArg_type":3,"ExpansionArg_string":"\u0000n","_bound":577}
* Error: SyntaxError: Concolic(Parser error near ` `, Expr {(str.++ (str.++ "Parser error near `"
                (str.substr ExpansionArg_string (to_int 0.0) (to_int 1.0)))
        "`")}, )
*-- Replay with NO_COMPILE=1 expoSE replay '/home/blake/ExpoSE/lib/Harness/src/harness.js' '{"Switcher":false,"Target_Switch_Base":0,"ExpansionArg_type":3,"ExpansionArg_string":"\u0000n","_bound":577}'
*-- Test Case {"Switcher":false,"Target_Switch_Base":0,"ExpansionArg_type":3,"ExpansionArg_string":"\u0000","_bound":12} start 488.3126 took 30.8549s
*-- Errors occured in test {"Switcher":false,"Target_Switch_Base":0,"ExpansionArg_type":3,"ExpansionArg_string":"\u0000","_bound":12}
* Error: SyntaxError: Concolic(Parser error near ` `, Expr {(str.++ (str.++ "Parser error near `"
                (str.substr ExpansionArg_string (to_int 0.0) (to_int 1.0)))
        "`")}, )
*-- Replay with NO_COMPILE=1 expoSE replay '/home/blake/ExpoSE/lib/Harness/src/harness.js' '{"Switcher":false,"Target_Switch_Base":0,"ExpansionArg_type":3,"ExpansionArg_string":"\u0000","_bound":12}'
*-- Test Case {"Switcher":false,"Target_Switch_Base":0,"ExpansionArg_type":3,"ExpansionArg_string":"BBAPpPHF0d:\u0000\u0000\u0000","_bound":60} start 293.563 took 227.5894s
*-- Errors occured in test {"Switcher":false,"Target_Switch_Base":0,"ExpansionArg_type":3,"ExpansionArg_string":"BBAPpPHF0d:\u0000\u0000\u0000","_bound":60}
* Error: SyntaxError: Concolic(Found an expression but expected a statement: BBAPpPHF0d, Expr {(str.++ "Found an expression but expected a statement: "
        (str.substr ExpansionArg_string (to_int 0.0) (to_int 10.0)))}, )
*-- Replay with NO_COMPILE=1 expoSE replay '/home/blake/ExpoSE/lib/Harness/src/harness.js' '{"Switcher":false,"Target_Switch_Base":0,"ExpansionArg_type":3,"ExpansionArg_string":"BBAPpPHF0d:\u0000\u0000\u0000","_bound":60}'
*-- Test Case {"Switcher":false,"Target_Switch_Base":0,"ExpansionArg_type":4,"ExpansionArg_array_length":1,"ExpansionArg_array_element_0_type":2,"_bound":8,"ExpansionArg_array_element_0_int":0} start 515.2691 took 6.6054s
*-- Errors occured in test {"Switcher":false,"Target_Switch_Base":0,"ExpansionArg_type":4,"ExpansionArg_array_length":1,"ExpansionArg_array_element_0_type":2,"_bound":8,"ExpansionArg_array_element_0_int":0}
* Error: TypeError: Function.prototype.apply was called on undefined, which is a undefined and not a function
*-- Replay with NO_COMPILE=1 expoSE replay '/home/blake/ExpoSE/lib/Harness/src/harness.js' '{"Switcher":false,"Target_Switch_Base":0,"ExpansionArg_type":4,"ExpansionArg_array_length":1,"ExpansionArg_array_element_0_type":2,"_bound":8}'
*-- Test Case {"Switcher":false,"Target_Switch_Base":0,"ExpansionArg_type":3,"ExpansionArg_string":"\u0000","_bound":21} start 494.3488 took 30.5737s
*-- Errors occured in test {"Switcher":false,"Target_Switch_Base":0,"ExpansionArg_type":3,"ExpansionArg_string":"\u0000","_bound":21}
* Error: SyntaxError: Concolic(Parser error near ` `, Expr {(str.++ (str.++ "Parser error near `"
                (str.substr ExpansionArg_string (to_int 0.0) (to_int 1.0)))
        "`")}, )
*-- Replay with NO_COMPILE=1 expoSE replay '/home/blake/ExpoSE/lib/Harness/src/harness.js' '{"Switcher":false,"Target_Switch_Base":0,"ExpansionArg_type":3,"ExpansionArg_string":"\u0000","_bound":21}'
*-- Test Case {"Switcher":false,"Target_Switch_Base":0,"ExpansionArg_type":3,"ExpansionArg_string":"2E222","_bound":55} start 496.2269 took 29.7762s
*-- Errors occured in test {"Switcher":false,"Target_Switch_Base":0,"ExpansionArg_type":3,"ExpansionArg_string":"2E222","_bound":55}
* Error: SyntaxError: Concolic(Found an expression but expected a statement: 2E222, Expr {(str.++ "Found an expression but expected a statement: "
        (str.substr ExpansionArg_string (to_int 0.0) (to_int 5.0)))}, )
*-- Replay with NO_COMPILE=1 expoSE replay '/home/blake/ExpoSE/lib/Harness/src/harness.js' '{"Switcher":false,"Target_Switch_Base":0,"ExpansionArg_type":3,"ExpansionArg_string":"2E222","_bound":55}'
*-- Test Case {"Switcher":false,"Target_Switch_Base":0,"ExpansionArg_type":3,"ExpansionArg_string":"_K3szVbs_Z--n","_bound":61} start 387.4732 took 140.8228s
*-- Errors occured in test {"Switcher":false,"Target_Switch_Base":0,"ExpansionArg_type":3,"ExpansionArg_string":"_K3szVbs_Z--n","_bound":61}
* Error: SyntaxError: Concolic(Found an expression but expected a statement: _K3szVbs_Z, Expr {(str.++ "Found an expression but expected a statement: "
        (str.substr ExpansionArg_string (to_int 0.0) (to_int 10.0)))}, )
*-- Replay with NO_COMPILE=1 expoSE replay '/home/blake/ExpoSE/lib/Harness/src/harness.js' '{"Switcher":false,"Target_Switch_Base":0,"ExpansionArg_type":3,"ExpansionArg_string":"_K3szVbs_Z--n","_bound":61}'
*-- Test Case {"Switcher":false,"Target_Switch_Base":0,"ExpansionArg_type":3,"ExpansionArg_string":"kl --","_bound":53} start 452.0338 took 76.8454s
*-- Errors occured in test {"Switcher":false,"Target_Switch_Base":0,"ExpansionArg_type":3,"ExpansionArg_string":"kl --","_bound":53}
* Error: SyntaxError: Concolic(Found an expression but expected a statement: kl, Expr {(str.++ "Found an expression but expected a statement: "
        (str.substr ExpansionArg_string (to_int 0.0) (to_int 2.0)))}, )
*-- Replay with NO_COMPILE=1 expoSE replay '/home/blake/ExpoSE/lib/Harness/src/harness.js' '{"Switcher":false,"Target_Switch_Base":0,"ExpansionArg_type":3,"ExpansionArg_string":"kl --","_bound":53}'
*-- Test Case {"Switcher":false,"Target_Switch_Base":0,"ExpansionArg_type":4,"ExpansionArg_array_length":1,"ExpansionArg_array_element_0_type":3,"ExpansionArg_array_element_0_int":0,"_bound":10,"ExpansionArg_array_element_0_string":"PureString"} start 525.0339 took 9.8002s
*-- Errors occured in test {"Switcher":false,"Target_Switch_Base":0,"ExpansionArg_type":4,"ExpansionArg_array_length":1,"ExpansionArg_array_element_0_type":3,"ExpansionArg_array_element_0_int":0,"_bound":10,"ExpansionArg_array_element_0_string":"PureString"}
* Error: TypeError: Function.prototype.apply was called on undefined, which is a undefined and not a function
*-- Replay with NO_COMPILE=1 expoSE replay '/home/blake/ExpoSE/lib/Harness/src/harness.js' '{"Switcher":false,"Target_Switch_Base":0,"ExpansionArg_type":4,"ExpansionArg_array_length":1,"ExpansionArg_array_element_0_type":3,"ExpansionArg_array_element_0_int":0,"_bound":10}'
*-- Test Case {"Switcher":false,"Target_Switch_Base":0,"ExpansionArg_type":3,"ExpansionArg_string":" ","_bound":6,"ExpandedSwitcher":0} start 500.4712 took 34.7034s
*-- Test Case {"Switcher":false,"Target_Switch_Base":0,"ExpansionArg_type":3,"ExpansionArg_string":"PD0a000SP1//while","_bound":770} start 485.661 took 50.4502s
*-- Errors occured in test {"Switcher":false,"Target_Switch_Base":0,"ExpansionArg_type":3,"ExpansionArg_string":"PD0a000SP1//while","_bound":770}
* Error: SyntaxError: Concolic(Found an expression but expected a statement: PD0a000SP1, Expr {(str.++ "Found an expression but expected a statement: "
        (str.substr ExpansionArg_string (to_int 0.0) (to_int 10.0)))}, )
*-- Replay with NO_COMPILE=1 expoSE replay '/home/blake/ExpoSE/lib/Harness/src/harness.js' '{"Switcher":false,"Target_Switch_Base":0,"ExpansionArg_type":3,"ExpansionArg_string":"PD0a000SP1//while","_bound":770}'
*-- Test Case {"Switcher":false,"Target_Switch_Base":0,"ExpansionArg_type":3,"ExpansionArg_string":"pDb0P00b_0'\n\u0000","_bound":126} start 528.3703 took 11.5179s
*-- Errors occured in test {"Switcher":false,"Target_Switch_Base":0,"ExpansionArg_type":3,"ExpansionArg_string":"pDb0P00b_0'\n\u0000","_bound":126}
* Error: SyntaxError: `'` expected (to close string at 1:11) at 2:2
*-- Replay with NO_COMPILE=1 expoSE replay '/home/blake/ExpoSE/lib/Harness/src/harness.js' '{"Switcher":false,"Target_Switch_Base":0,"ExpansionArg_type":3,"ExpansionArg_string":"pDb0P00b_0'\''\n\u0000","_bound":126}'
*-- Test Case {"Switcher":false,"Target_Switch_Base":0,"ExpansionArg_type":3,"ExpansionArg_string":"kl --\u0000","_bound":54} start 455.0478 took 86.5456s
*-- Errors occured in test {"Switcher":false,"Target_Switch_Base":0,"ExpansionArg_type":3,"ExpansionArg_string":"kl --\u0000","_bound":54}
* Error: SyntaxError: Concolic(Found an expression but expected a statement: kl, Expr {(str.++ "Found an expression but expected a statement: "
        (str.substr ExpansionArg_string (to_int 0.0) (to_int 2.0)))}, )
*-- Replay with NO_COMPILE=1 expoSE replay '/home/blake/ExpoSE/lib/Harness/src/harness.js' '{"Switcher":false,"Target_Switch_Base":0,"ExpansionArg_type":3,"ExpansionArg_string":"kl --\u0000","_bound":54}'
*-- Test Case {"Switcher":false,"Target_Switch_Base":0,"ExpansionArg_type":4,"ExpansionArg_array_length":2,"ExpansionArg_array_element_0_type":3,"ExpansionArg_array_element_0_string":"","_bound":12,"ExpansionArg_array_element_1_type":0} start 534.9018 took 7.1766s
*-- Errors occured in test {"Switcher":false,"Target_Switch_Base":0,"ExpansionArg_type":4,"ExpansionArg_array_length":2,"ExpansionArg_array_element_0_type":3,"ExpansionArg_array_element_0_string":"","_bound":12,"ExpansionArg_array_element_1_type":0}
* Error: TypeError: Function.prototype.apply was called on undefined, which is a undefined and not a function
*-- Replay with NO_COMPILE=1 expoSE replay '/home/blake/ExpoSE/lib/Harness/src/harness.js' '{"Switcher":false,"Target_Switch_Base":0,"ExpansionArg_type":4,"ExpansionArg_array_length":2,"ExpansionArg_array_element_0_type":3,"ExpansionArg_array_element_0_string":"","_bound":12}'
*-- Test Case {"Switcher":false,"Target_Switch_Base":0,"ExpansionArg_type":3,"ExpansionArg_string":"KK3sz_zs_Z--\u0000\u0000\u0000","_bound":60} start 382.0665 took 164.2807s
*-- Errors occured in test {"Switcher":false,"Target_Switch_Base":0,"ExpansionArg_type":3,"ExpansionArg_string":"KK3sz_zs_Z--\u0000\u0000\u0000","_bound":60}
* Error: SyntaxError: Concolic(Found an expression but expected a statement: KK3sz_zs_Z, Expr {(str.++ "Found an expression but expected a statement: "
        (str.substr ExpansionArg_string (to_int 0.0) (to_int 10.0)))}, )
*-- Replay with NO_COMPILE=1 expoSE replay '/home/blake/ExpoSE/lib/Harness/src/harness.js' '{"Switcher":false,"Target_Switch_Base":0,"ExpansionArg_type":3,"ExpansionArg_string":"KK3sz_zs_Z--\u0000\u0000\u0000","_bound":60}'
*-- Test Case {"Switcher":false,"Target_Switch_Base":0,"ExpansionArg_type":4,"ExpansionArg_array_length":1,"ExpansionArg_array_element_0_type":5,"ExpansionArg_array_element_0_string":"","_bound":11,"ExpansionArg_array_element_0_bool":false} start 539.9636 took 7.4448s
*-- Errors occured in test {"Switcher":false,"Target_Switch_Base":0,"ExpansionArg_type":4,"ExpansionArg_array_length":1,"ExpansionArg_array_element_0_type":5,"ExpansionArg_array_element_0_string":"","_bound":11,"ExpansionArg_array_element_0_bool":false}
* Error: TypeError: Function.prototype.apply was called on undefined, which is a undefined and not a function
*-- Replay with NO_COMPILE=1 expoSE replay '/home/blake/ExpoSE/lib/Harness/src/harness.js' '{"Switcher":false,"Target_Switch_Base":0,"ExpansionArg_type":4,"ExpansionArg_array_length":1,"ExpansionArg_array_element_0_type":5,"ExpansionArg_array_element_0_string":"","_bound":11}'
*-- Test Case {"Switcher":false,"Target_Switch_Base":0,"ExpansionArg_type":3,"ExpansionArg_string":"Uz --[n","_bound":54} start 455.278 took 94.6498s
*-- Errors occured in test {"Switcher":false,"Target_Switch_Base":0,"ExpansionArg_type":3,"ExpansionArg_string":"Uz --[n","_bound":54}
* Error: SyntaxError: Concolic(Found an expression but expected a statement: Uz, Expr {(str.++ "Found an expression but expected a statement: "
        (str.substr ExpansionArg_string (to_int 0.0) (to_int 2.0)))}, )
*-- Replay with NO_COMPILE=1 expoSE replay '/home/blake/ExpoSE/lib/Harness/src/harness.js' '{"Switcher":false,"Target_Switch_Base":0,"ExpansionArg_type":3,"ExpansionArg_string":"Uz --[n","_bound":54}'
*-- Test Case {"Switcher":false,"Target_Switch_Base":0,"ExpansionArg_type":4,"ExpansionArg_array_length":2,"ExpansionArg_array_element_0_type":3,"ExpansionArg_array_element_0_string":"","ExpansionArg_array_element_1_type":1,"_bound":13} start 542.1508 took 11.4953s
*-- Errors occured in test {"Switcher":false,"Target_Switch_Base":0,"ExpansionArg_type":4,"ExpansionArg_array_length":2,"ExpansionArg_array_element_0_type":3,"ExpansionArg_array_element_0_string":"","ExpansionArg_array_element_1_type":1,"_bound":13}
* Error: TypeError: Function.prototype.apply was called on undefined, which is a undefined and not a function
*-- Replay with NO_COMPILE=1 expoSE replay '/home/blake/ExpoSE/lib/Harness/src/harness.js' '{"Switcher":false,"Target_Switch_Base":0,"ExpansionArg_type":4,"ExpansionArg_array_length":2,"ExpansionArg_array_element_0_type":3,"ExpansionArg_array_element_0_string":"","ExpansionArg_array_element_1_type":1,"_bound":13}'
*-- Test Case {"Switcher":false,"Target_Switch_Base":0,"ExpansionArg_type":3,"ExpansionArg_string":"kl --\u0000\u0000\u0000","_bound":55} start 454.6999 took 104.1777s
*-- Errors occured in test {"Switcher":false,"Target_Switch_Base":0,"ExpansionArg_type":3,"ExpansionArg_string":"kl --\u0000\u0000\u0000","_bound":55}
* Error: SyntaxError: Concolic(Found an expression but expected a statement: kl, Expr {(str.++ "Found an expression but expected a statement: "
        (str.substr ExpansionArg_string (to_int 0.0) (to_int 2.0)))}, )
*-- Replay with NO_COMPILE=1 expoSE replay '/home/blake/ExpoSE/lib/Harness/src/harness.js' '{"Switcher":false,"Target_Switch_Base":0,"ExpansionArg_type":3,"ExpansionArg_string":"kl --\u0000\u0000\u0000","_bound":55}'
*-- Test Case {"Switcher":false,"Target_Switch_Base":0,"ExpansionArg_type":3,"ExpansionArg_string":"\n","_bound":579,"ExpandedSwitcher":0} start 550.1075 took 10.2698s
*-- Test Case {"Switcher":false,"Target_Switch_Base":0,"ExpansionArg_type":4,"ExpansionArg_array_length":1,"ExpansionArg_array_element_0_type":1,"ExpansionArg_array_element_0_int":0,"_bound":9} start 553.773 took 7.4824s
*-- Errors occured in test {"Switcher":false,"Target_Switch_Base":0,"ExpansionArg_type":4,"ExpansionArg_array_length":1,"ExpansionArg_array_element_0_type":1,"ExpansionArg_array_element_0_int":0,"_bound":9}
* Error: TypeError: Function.prototype.apply was called on undefined, which is a undefined and not a function
*-- Replay with NO_COMPILE=1 expoSE replay '/home/blake/ExpoSE/lib/Harness/src/harness.js' '{"Switcher":false,"Target_Switch_Base":0,"ExpansionArg_type":4,"ExpansionArg_array_length":1,"ExpansionArg_array_element_0_type":1,"ExpansionArg_array_element_0_int":0,"_bound":9}'
*-- Test Case {"Switcher":false,"Target_Switch_Base":0,"ExpansionArg_type":3,"ExpansionArg_string":"","_bound":17,"ExpandedSwitcher":0} start 519.2967 took 45.5189s
*-- Test Case {"Switcher":false,"Target_Switch_Base":0,"ExpansionArg_type":3,"ExpansionArg_string":"\"\u0000","_bound":56} start 564.9249 took 10.3852s
*-- Errors occured in test {"Switcher":false,"Target_Switch_Base":0,"ExpansionArg_type":3,"ExpansionArg_string":"\"\u0000","_bound":56}
* Error: SyntaxError: `"` expected (to close string at 1:1) at 1:3
*-- Replay with NO_COMPILE=1 expoSE replay '/home/blake/ExpoSE/lib/Harness/src/harness.js' '{"Switcher":false,"Target_Switch_Base":0,"ExpansionArg_type":3,"ExpansionArg_string":"\"\u0000","_bound":56}'
*-- Test Case {"Switcher":false,"Target_Switch_Base":0,"ExpansionArg_type":3,"ExpansionArg_string":"224","_bound":52} start 559.0109 took 17.1637s
*-- Errors occured in test {"Switcher":false,"Target_Switch_Base":0,"ExpansionArg_type":3,"ExpansionArg_string":"224","_bound":52}
* Error: SyntaxError: Concolic(Found an expression but expected a statement: 224, Expr {(str.++ "Found an expression but expected a statement: "
        (str.substr ExpansionArg_string (to_int 0.0) (to_int 3.0)))}, )
*-- Replay with NO_COMPILE=1 expoSE replay '/home/blake/ExpoSE/lib/Harness/src/harness.js' '{"Switcher":false,"Target_Switch_Base":0,"ExpansionArg_type":3,"ExpansionArg_string":"224","_bound":52}'
*-- Test Case {"Switcher":false,"Target_Switch_Base":0,"ExpansionArg_type":3,"ExpansionArg_string":"\u0000","_bound":30} start 546.5022 took 32.2211s
*-- Errors occured in test {"Switcher":false,"Target_Switch_Base":0,"ExpansionArg_type":3,"ExpansionArg_string":"\u0000","_bound":30}
* Error: SyntaxError: Concolic(Parser error near ` `, Expr {(str.++ (str.++ "Parser error near `"
                (str.substr ExpansionArg_string (to_int 0.0) (to_int 1.0)))
        "`")}, )
*-- Replay with NO_COMPILE=1 expoSE replay '/home/blake/ExpoSE/lib/Harness/src/harness.js' '{"Switcher":false,"Target_Switch_Base":0,"ExpansionArg_type":3,"ExpansionArg_string":"\u0000","_bound":30}'
*-- Test Case {"Switcher":false,"Target_Switch_Base":0,"ExpansionArg_type":3,"ExpansionArg_string":"n ","ExpandedSwitcher":0,"_bound":7} start 535.2854 took 52.0361s
*-- Errors occured in test {"Switcher":false,"Target_Switch_Base":0,"ExpansionArg_type":3,"ExpansionArg_string":"n ","ExpandedSwitcher":0,"_bound":7}
* Error: SyntaxError: Concolic(Found an expression but expected a statement: n, Expr {(str.++ "Found an expression but expected a statement: "
        (str.substr ExpansionArg_string (to_int 0.0) (to_int 1.0)))}, )
*-- Replay with NO_COMPILE=1 expoSE replay '/home/blake/ExpoSE/lib/Harness/src/harness.js' '{"Switcher":false,"Target_Switch_Base":0,"ExpansionArg_type":3,"ExpansionArg_string":"n ","ExpandedSwitcher":0,"_bound":7}'
*-- Test Case {"Switcher":false,"Target_Switch_Base":0,"ExpansionArg_type":3,"ExpansionArg_string":"\u0000","_bound":40} start 547.5216 took 40.1734s
*-- Errors occured in test {"Switcher":false,"Target_Switch_Base":0,"ExpansionArg_type":3,"ExpansionArg_string":"\u0000","_bound":40}
* Error: SyntaxError: Concolic(Parser error near ` `, Expr {(str.++ (str.++ "Parser error near `"
                (str.substr ExpansionArg_string (to_int 0.0) (to_int 1.0)))
        "`")}, )
*-- Replay with NO_COMPILE=1 expoSE replay '/home/blake/ExpoSE/lib/Harness/src/harness.js' '{"Switcher":false,"Target_Switch_Base":0,"ExpansionArg_type":3,"ExpansionArg_string":"\u0000","_bound":40}'
*-- Test Case {"Switcher":false,"Target_Switch_Base":0,"ExpansionArg_type":3,"ExpansionArg_string":"_k--\u0000n","_bound":55} start 481.5313 took 112.6481s
*-- Errors occured in test {"Switcher":false,"Target_Switch_Base":0,"ExpansionArg_type":3,"ExpansionArg_string":"_k--\u0000n","_bound":55}
* Error: SyntaxError: Concolic(Found an expression but expected a statement: _k, Expr {(str.++ "Found an expression but expected a statement: "
        (str.substr ExpansionArg_string (to_int 0.0) (to_int 2.0)))}, )
*-- Replay with NO_COMPILE=1 expoSE replay '/home/blake/ExpoSE/lib/Harness/src/harness.js' '{"Switcher":false,"Target_Switch_Base":0,"ExpansionArg_type":3,"ExpansionArg_string":"_k--\u0000n","_bound":55}'
*-- Test Case {"Switcher":false,"Target_Switch_Base":0,"ExpansionArg_type":3,"ExpansionArg_string":"\u0000","_bound":42} start 561.3823 took 36.6901s
*-- Errors occured in test {"Switcher":false,"Target_Switch_Base":0,"ExpansionArg_type":3,"ExpansionArg_string":"\u0000","_bound":42}
* Error: SyntaxError: Concolic(Parser error near ` `, Expr {(str.++ (str.++ "Parser error near `"
                (str.substr ExpansionArg_string (to_int 0.0) (to_int 1.0)))
        "`")}, )
*-- Replay with NO_COMPILE=1 expoSE replay '/home/blake/ExpoSE/lib/Harness/src/harness.js' '{"Switcher":false,"Target_Switch_Base":0,"ExpansionArg_type":3,"ExpansionArg_string":"\u0000","_bound":42}'
*-- Test Case {"Switcher":false,"Target_Switch_Base":0,"ExpansionArg_type":3,"ExpansionArg_string":"\u0000","_bound":40} start 560.535 took 48.4281s
*-- Errors occured in test {"Switcher":false,"Target_Switch_Base":0,"ExpansionArg_type":3,"ExpansionArg_string":"\u0000","_bound":40}
* Error: SyntaxError: Concolic(Parser error near ` `, Expr {(str.++ (str.++ "Parser error near `"
                (str.substr ExpansionArg_string (to_int 0.0) (to_int 1.0)))
        "`")}, )
*-- Replay with NO_COMPILE=1 expoSE replay '/home/blake/ExpoSE/lib/Harness/src/harness.js' '{"Switcher":false,"Target_Switch_Base":0,"ExpansionArg_type":3,"ExpansionArg_string":"\u0000","_bound":40}'
*-- Test Case {"Switcher":false,"Target_Switch_Base":0,"ExpansionArg_type":3,"ExpansionArg_string":"\u0000","_bound":23} start 575.3952 took 39.5681s
*-- Errors occured in test {"Switcher":false,"Target_Switch_Base":0,"ExpansionArg_type":3,"ExpansionArg_string":"\u0000","_bound":23}
* Error: SyntaxError: Concolic(Parser error near ` `, Expr {(str.++ (str.++ "Parser error near `"
                (str.substr ExpansionArg_string (to_int 0.0) (to_int 1.0)))
        "`")}, )
*-- Replay with NO_COMPILE=1 expoSE replay '/home/blake/ExpoSE/lib/Harness/src/harness.js' '{"Switcher":false,"Target_Switch_Base":0,"ExpansionArg_type":3,"ExpansionArg_string":"\u0000","_bound":23}'
*-- Test Case {"Switcher":false,"Target_Switch_Base":0,"ExpansionArg_type":3,"ExpansionArg_string":"\u0000","_bound":12} start 576.2576 took 38.9267s
*-- Errors occured in test {"Switcher":false,"Target_Switch_Base":0,"ExpansionArg_type":3,"ExpansionArg_string":"\u0000","_bound":12}
* Error: SyntaxError: Concolic(Parser error near ` `, Expr {(str.++ (str.++ "Parser error near `"
                (str.substr ExpansionArg_string (to_int 0.0) (to_int 1.0)))
        "`")}, )
*-- Replay with NO_COMPILE=1 expoSE replay '/home/blake/ExpoSE/lib/Harness/src/harness.js' '{"Switcher":false,"Target_Switch_Base":0,"ExpansionArg_type":3,"ExpansionArg_string":"\u0000","_bound":12}'
*-- Test Case {"Switcher":false,"Target_Switch_Base":0,"ExpansionArg_type":3,"ExpansionArg_string":"\u0000","_bound":16} start 579.6534 took 37.9586s
*-- Errors occured in test {"Switcher":false,"Target_Switch_Base":0,"ExpansionArg_type":3,"ExpansionArg_string":"\u0000","_bound":16}
* Error: SyntaxError: Concolic(Parser error near ` `, Expr {(str.++ (str.++ "Parser error near `"
                (str.substr ExpansionArg_string (to_int 0.0) (to_int 1.0)))
        "`")}, )
*-- Replay with NO_COMPILE=1 expoSE replay '/home/blake/ExpoSE/lib/Harness/src/harness.js' '{"Switcher":false,"Target_Switch_Base":0,"ExpansionArg_type":3,"ExpansionArg_string":"\u0000","_bound":16}'
*-- Test Case {"Switcher":false,"Target_Switch_Base":0,"ExpansionArg_type":3,"ExpansionArg_string":"Cz --n\u0000","_bound":54} start 528.9588 took 102.6937s
*-- Errors occured in test {"Switcher":false,"Target_Switch_Base":0,"ExpansionArg_type":3,"ExpansionArg_string":"Cz --n\u0000","_bound":54}
* Error: SyntaxError: Concolic(Found an expression but expected a statement: Cz, Expr {(str.++ "Found an expression but expected a statement: "
        (str.substr ExpansionArg_string (to_int 0.0) (to_int 2.0)))}, )
*-- Replay with NO_COMPILE=1 expoSE replay '/home/blake/ExpoSE/lib/Harness/src/harness.js' '{"Switcher":false,"Target_Switch_Base":0,"ExpansionArg_type":3,"ExpansionArg_string":"Cz --n\u0000","_bound":54}'
*-- Test Case {"Switcher":false,"Target_Switch_Base":0,"ExpansionArg_type":3,"ExpansionArg_string":"n--[","ExpandedSwitcher":0,"_bound":8} start 536.203 took 95.6097s
*-- Errors occured in test {"Switcher":false,"Target_Switch_Base":0,"ExpansionArg_type":3,"ExpansionArg_string":"n--[","ExpandedSwitcher":0,"_bound":8}
* Error: SyntaxError: Concolic(Found an expression but expected a statement: n, Expr {(str.++ "Found an expression but expected a statement: "
        (str.substr ExpansionArg_string (to_int 0.0) (to_int 1.0)))}, )
*-- Replay with NO_COMPILE=1 expoSE replay '/home/blake/ExpoSE/lib/Harness/src/harness.js' '{"Switcher":false,"Target_Switch_Base":0,"ExpansionArg_type":3,"ExpansionArg_string":"n--[","ExpandedSwitcher":0,"_bound":8}'
*-- Test Case {"Switcher":false,"Target_Switch_Base":0,"ExpansionArg_type":3,"ExpansionArg_string":"\u0000","_bound":9} start 594.3233 took 40.2083s
*-- Errors occured in test {"Switcher":false,"Target_Switch_Base":0,"ExpansionArg_type":3,"ExpansionArg_string":"\u0000","_bound":9}
* Error: SyntaxError: Concolic(Parser error near ` `, Expr {(str.++ (str.++ "Parser error near `"
                (str.substr ExpansionArg_string (to_int 0.0) (to_int 1.0)))
        "`")}, )
*-- Replay with NO_COMPILE=1 expoSE replay '/home/blake/ExpoSE/lib/Harness/src/harness.js' '{"Switcher":false,"Target_Switch_Base":0,"ExpansionArg_type":3,"ExpansionArg_string":"\u0000","_bound":9}'
*-- Test Case {"Switcher":false,"Target_Switch_Base":0,"ExpansionArg_type":3,"ExpansionArg_string":"_3","_bound":47} start 587.7704 took 49.7389s
*-- Errors occured in test {"Switcher":false,"Target_Switch_Base":0,"ExpansionArg_type":3,"ExpansionArg_string":"_3","_bound":47}
* Error: SyntaxError: Concolic(Found an expression but expected a statement: _3, Expr {(str.++ "Found an expression but expected a statement: "
        (str.substr ExpansionArg_string (to_int 0.0) (to_int 2.0)))}, )
*-- Replay with NO_COMPILE=1 expoSE replay '/home/blake/ExpoSE/lib/Harness/src/harness.js' '{"Switcher":false,"Target_Switch_Base":0,"ExpansionArg_type":3,"ExpansionArg_string":"_3","_bound":47}'
*-- Test Case {"Switcher":false,"Target_Switch_Base":0,"ExpansionArg_type":3,"ExpansionArg_string":"42","_bound":51} start 615.3127 took 22.3693s
*-- Errors occured in test {"Switcher":false,"Target_Switch_Base":0,"ExpansionArg_type":3,"ExpansionArg_string":"42","_bound":51}
* Error: SyntaxError: Concolic(Found an expression but expected a statement: 42, Expr {(str.++ "Found an expression but expected a statement: "
        (str.substr ExpansionArg_string (to_int 0.0) (to_int 2.0)))}, )
*-- Replay with NO_COMPILE=1 expoSE replay '/home/blake/ExpoSE/lib/Harness/src/harness.js' '{"Switcher":false,"Target_Switch_Base":0,"ExpansionArg_type":3,"ExpansionArg_string":"42","_bound":51}'
*-- Test Case {"Switcher":false,"Target_Switch_Base":0,"ExpansionArg_type":3,"ExpansionArg_string":"\u0000","_bound":39} start 609.1572 took 32.1598s
*-- Errors occured in test {"Switcher":false,"Target_Switch_Base":0,"ExpansionArg_type":3,"ExpansionArg_string":"\u0000","_bound":39}
* Error: SyntaxError: Concolic(Parser error near ` `, Expr {(str.++ (str.++ "Parser error near `"
                (str.substr ExpansionArg_string (to_int 0.0) (to_int 1.0)))
        "`")}, )
*-- Replay with NO_COMPILE=1 expoSE replay '/home/blake/ExpoSE/lib/Harness/src/harness.js' '{"Switcher":false,"Target_Switch_Base":0,"ExpansionArg_type":3,"ExpansionArg_string":"\u0000","_bound":39}'
*-- Test Case {"Switcher":false,"Target_Switch_Base":0,"ExpansionArg_type":3,"ExpansionArg_string":"w3 --\u0000n","_bound":56} start 541.6705 took 104.2242s
*-- Errors occured in test {"Switcher":false,"Target_Switch_Base":0,"ExpansionArg_type":3,"ExpansionArg_string":"w3 --\u0000n","_bound":56}
* Error: SyntaxError: Concolic(Found an expression but expected a statement: w3, Expr {(str.++ "Found an expression but expected a statement: "
        (str.substr ExpansionArg_string (to_int 0.0) (to_int 2.0)))}, )
*-- Replay with NO_COMPILE=1 expoSE replay '/home/blake/ExpoSE/lib/Harness/src/harness.js' '{"Switcher":false,"Target_Switch_Base":0,"ExpansionArg_type":3,"ExpansionArg_string":"w3 --\u0000n","_bound":56}'
*-- Test Case {"Switcher":false,"Target_Switch_Base":0,"ExpansionArg_type":3,"ExpansionArg_string":"","_bound":575,"ExpandedSwitcher":0} start 637.5839 took 9.5928s
*-- Test Case {"Switcher":false,"Target_Switch_Base":0,"ExpansionArg_type":3,"ExpansionArg_string":"pDb0P00b_0'\r\u0000","_bound":127} start 631.7278 took 19.5045s
*-- Errors occured in test {"Switcher":false,"Target_Switch_Base":0,"ExpansionArg_type":3,"ExpansionArg_string":"pDb0P00b_0'\r\u0000","_bound":127}
* Error: SyntaxError: `'` expected (to close string at 1:11) at 2:2
*-- Replay with NO_COMPILE=1 expoSE replay '/home/blake/ExpoSE/lib/Harness/src/harness.js' '{"Switcher":false,"Target_Switch_Base":0,"ExpansionArg_type":3,"ExpansionArg_string":"pDb0P00b_0'\''\r\u0000","_bound":127}'
*-- Test Case {"Switcher":false,"Target_Switch_Base":0,"ExpansionArg_type":3,"ExpansionArg_string":"\u0000","_bound":23} start 617.7203 took 33.8665s
*-- Errors occured in test {"Switcher":false,"Target_Switch_Base":0,"ExpansionArg_type":3,"ExpansionArg_string":"\u0000","_bound":23}
* Error: SyntaxError: Concolic(Parser error near ` `, Expr {(str.++ (str.++ "Parser error near `"
                (str.substr ExpansionArg_string (to_int 0.0) (to_int 1.0)))
        "`")}, )
*-- Replay with NO_COMPILE=1 expoSE replay '/home/blake/ExpoSE/lib/Harness/src/harness.js' '{"Switcher":false,"Target_Switch_Base":0,"ExpansionArg_type":3,"ExpansionArg_string":"\u0000","_bound":23}'
*-- Test Case {"Switcher":false,"Target_Switch_Base":0,"ExpansionArg_type":3,"ExpansionArg_string":"\"'","_bound":62} start 647.2789 took 9.2621s
*-- Errors occured in test {"Switcher":false,"Target_Switch_Base":0,"ExpansionArg_type":3,"ExpansionArg_string":"\"'","_bound":62}
* Error: SyntaxError: `"` expected (to close string at 1:1) at 1:3
*-- Replay with NO_COMPILE=1 expoSE replay '/home/blake/ExpoSE/lib/Harness/src/harness.js' '{"Switcher":false,"Target_Switch_Base":0,"ExpansionArg_type":3,"ExpansionArg_string":"\"'\''","_bound":62}'
*-- Test Case {"Switcher":false,"Target_Switch_Base":0,"ExpansionArg_type":3,"ExpansionArg_string":"pppbHzDBPH.while","_bound":80} start 526.0859 took 136.2808s
*-- Errors occured in test {"Switcher":false,"Target_Switch_Base":0,"ExpansionArg_type":3,"ExpansionArg_string":"pppbHzDBPH.while","_bound":80}
* Error: SyntaxError: Concolic(Found an expression but expected a statement: pppbHzDBPH, Expr {(str.++ "Found an expression but expected a statement: "
        (str.substr ExpansionArg_string (to_int 0.0) (to_int 10.0)))}, )
*-- Replay with NO_COMPILE=1 expoSE replay '/home/blake/ExpoSE/lib/Harness/src/harness.js' '{"Switcher":false,"Target_Switch_Base":0,"ExpansionArg_type":3,"ExpansionArg_string":"pppbHzDBPH.while","_bound":80}'
*-- Test Case {"Switcher":false,"Target_Switch_Base":0,"ExpansionArg_type":3,"ExpansionArg_string":"a  ","_bound":49} start 587.4429 took 75.9456s
*-- Errors occured in test {"Switcher":false,"Target_Switch_Base":0,"ExpansionArg_type":3,"ExpansionArg_string":"a  ","_bound":49}
* Error: SyntaxError: Concolic(Found an expression but expected a statement: a, Expr {(str.++ "Found an expression but expected a statement: "
        (str.substr ExpansionArg_string (to_int 0.0) (to_int 1.0)))}, )
*-- Replay with NO_COMPILE=1 expoSE replay '/home/blake/ExpoSE/lib/Harness/src/harness.js' '{"Switcher":false,"Target_Switch_Base":0,"ExpansionArg_type":3,"ExpansionArg_string":"a  ","_bound":49}'
*-- Test Case {"Switcher":false,"Target_Switch_Base":0,"ExpansionArg_type":3,"ExpansionArg_string":"\u0000","_bound":16} start 634.783 took 32.7577s
*-- Errors occured in test {"Switcher":false,"Target_Switch_Base":0,"ExpansionArg_type":3,"ExpansionArg_string":"\u0000","_bound":16}
* Error: SyntaxError: Concolic(Parser error near ` `, Expr {(str.++ (str.++ "Parser error near `"
                (str.substr ExpansionArg_string (to_int 0.0) (to_int 1.0)))
        "`")}, )
*-- Replay with NO_COMPILE=1 expoSE replay '/home/blake/ExpoSE/lib/Harness/src/harness.js' '{"Switcher":false,"Target_Switch_Base":0,"ExpansionArg_type":3,"ExpansionArg_string":"\u0000","_bound":16}'
*-- Test Case {"Switcher":false,"Target_Switch_Base":0,"ExpansionArg_type":3,"ExpansionArg_string":"\u0000","_bound":31} start 637.7921 took 35.376s
*-- Errors occured in test {"Switcher":false,"Target_Switch_Base":0,"ExpansionArg_type":3,"ExpansionArg_string":"\u0000","_bound":31}
* Error: SyntaxError: Concolic(Parser error near ` `, Expr {(str.++ (str.++ "Parser error near `"
                (str.substr ExpansionArg_string (to_int 0.0) (to_int 1.0)))
        "`")}, )
*-- Replay with NO_COMPILE=1 expoSE replay '/home/blake/ExpoSE/lib/Harness/src/harness.js' '{"Switcher":false,"Target_Switch_Base":0,"ExpansionArg_type":3,"ExpansionArg_string":"\u0000","_bound":31}'
*-- Test Case {"Switcher":false,"Target_Switch_Base":0,"ExpansionArg_type":3,"ExpansionArg_string":"\u0000","_bound":41} start 641.4124 took 32.0524s
*-- Errors occured in test {"Switcher":false,"Target_Switch_Base":0,"ExpansionArg_type":3,"ExpansionArg_string":"\u0000","_bound":41}
* Error: SyntaxError: Concolic(Parser error near ` `, Expr {(str.++ (str.++ "Parser error near `"
                (str.substr ExpansionArg_string (to_int 0.0) (to_int 1.0)))
        "`")}, )
*-- Replay with NO_COMPILE=1 expoSE replay '/home/blake/ExpoSE/lib/Harness/src/harness.js' '{"Switcher":false,"Target_Switch_Base":0,"ExpansionArg_type":3,"ExpansionArg_string":"\u0000","_bound":41}'
*-- Test Case {"Switcher":false,"Target_Switch_Base":0,"ExpansionArg_type":3,"ExpansionArg_string":"HP004DB0D0==for\u0000\u0000\u0000\u0000","_bound":1334} start 518.1735 took 156.1858s
*-- Errors occured in test {"Switcher":false,"Target_Switch_Base":0,"ExpansionArg_type":3,"ExpansionArg_string":"HP004DB0D0==for\u0000\u0000\u0000\u0000","_bound":1334}
* Error: SyntaxError: Concolic(Found an expression but expected a statement: HP004DB0D0==for, Expr {(str.++ "Found an expression but expected a statement: "
        (str.substr ExpansionArg_string (to_int 0.0) (to_int 15.0)))}, )
*-- Replay with NO_COMPILE=1 expoSE replay '/home/blake/ExpoSE/lib/Harness/src/harness.js' '{"Switcher":false,"Target_Switch_Base":0,"ExpansionArg_type":3,"ExpansionArg_string":"HP004DB0D0==for\u0000\u0000\u0000\u0000","_bound":1334}'
*-- Test Case {"Switcher":false,"Target_Switch_Base":0,"ExpansionArg_type":3,"ExpansionArg_string":"sz","_bound":47} start 615.0793 took 60.8274s
*-- Errors occured in test {"Switcher":false,"Target_Switch_Base":0,"ExpansionArg_type":3,"ExpansionArg_string":"sz","_bound":47}
* Error: SyntaxError: Concolic(Found an expression but expected a statement: sz, Expr {(str.++ "Found an expression but expected a statement: "
        (str.substr ExpansionArg_string (to_int 0.0) (to_int 2.0)))}, )
*-- Replay with NO_COMPILE=1 expoSE replay '/home/blake/ExpoSE/lib/Harness/src/harness.js' '{"Switcher":false,"Target_Switch_Base":0,"ExpansionArg_type":3,"ExpansionArg_string":"sz","_bound":47}'
*-- Test Case {"Switcher":false,"Target_Switch_Base":0,"ExpansionArg_type":3,"ExpansionArg_string":"222e","_bound":54} start 656.6165 took 20.2114s
*-- Errors occured in test {"Switcher":false,"Target_Switch_Base":0,"ExpansionArg_type":3,"ExpansionArg_string":"222e","_bound":54}
* Error: SyntaxError: Concolic(Found an expression but expected a statement: 222, Expr {(str.++ "Found an expression but expected a statement: "
        (str.substr ExpansionArg_string (to_int 0.0) (to_int 3.0)))}, )
*-- Replay with NO_COMPILE=1 expoSE replay '/home/blake/ExpoSE/lib/Harness/src/harness.js' '{"Switcher":false,"Target_Switch_Base":0,"ExpansionArg_type":3,"ExpansionArg_string":"222e","_bound":54}'
*-- Test Case {"Switcher":false,"Target_Switch_Base":0,"ExpansionArg_type":3,"ExpansionArg_string":"\r","_bound":580,"ExpandedSwitcher":0} start 673.6472 took 9.3835s
*-- Test Case {"Switcher":false,"Target_Switch_Base":0,"ExpansionArg_type":3,"ExpansionArg_string":"pbbd0hHDpD==while\u0000\u0000","_bound":1337} start 511.7162 took 171.5115s
*-- Errors occured in test {"Switcher":false,"Target_Switch_Base":0,"ExpansionArg_type":3,"ExpansionArg_string":"pbbd0hHDpD==while\u0000\u0000","_bound":1337}
* Error: SyntaxError: Concolic(Found an expression but expected a statement: pbbd0hHDpD==while, Expr {(str.++ "Found an expression but expected a statement: "
        (str.substr ExpansionArg_string (to_int 0.0) (to_int 17.0)))}, )
*-- Replay with NO_COMPILE=1 expoSE replay '/home/blake/ExpoSE/lib/Harness/src/harness.js' '{"Switcher":false,"Target_Switch_Base":0,"ExpansionArg_type":3,"ExpansionArg_string":"pbbd0hHDpD==while\u0000\u0000","_bound":1337}'
*-- Test Case {"Switcher":false,"Target_Switch_Base":0,"ExpansionArg_type":3,"ExpansionArg_string":"\u0000\u0000","_bound":576} start 676.9428 took 10.1176s
*-- Errors occured in test {"Switcher":false,"Target_Switch_Base":0,"ExpansionArg_type":3,"ExpansionArg_string":"\u0000\u0000","_bound":576}
* Error: SyntaxError: Concolic(Parser error near ` `, Expr {(str.++ (str.++ "Parser error near `"
                (str.substr ExpansionArg_string (to_int 0.0) (to_int 1.0)))
        "`")}, )
*-- Replay with NO_COMPILE=1 expoSE replay '/home/blake/ExpoSE/lib/Harness/src/harness.js' '{"Switcher":false,"Target_Switch_Base":0,"ExpansionArg_type":3,"ExpansionArg_string":"\u0000\u0000","_bound":576}'
*-- Test Case {"Switcher":false,"Target_Switch_Base":0,"ExpansionArg_type":3,"ExpansionArg_string":"A--[\u0000\u0000","_bound":54} start 598.2517 took 95.7539s
*-- Errors occured in test {"Switcher":false,"Target_Switch_Base":0,"ExpansionArg_type":3,"ExpansionArg_string":"A--[\u0000\u0000","_bound":54}
* Error: SyntaxError: Concolic(Found an expression but expected a statement: A, Expr {(str.++ "Found an expression but expected a statement: "
        (str.substr ExpansionArg_string (to_int 0.0) (to_int 1.0)))}, )
*-- Replay with NO_COMPILE=1 expoSE replay '/home/blake/ExpoSE/lib/Harness/src/harness.js' '{"Switcher":false,"Target_Switch_Base":0,"ExpansionArg_type":3,"ExpansionArg_string":"A--[\u0000\u0000","_bound":54}'
*-- Test Case {"Switcher":false,"Target_Switch_Base":0,"ExpansionArg_type":3,"ExpansionArg_string":"P","_bound":46} start 645.9735 took 48.3328s
*-- Errors occured in test {"Switcher":false,"Target_Switch_Base":0,"ExpansionArg_type":3,"ExpansionArg_string":"P","_bound":46}
* Error: SyntaxError: Concolic(Found an expression but expected a statement: P, Expr {(str.++ "Found an expression but expected a statement: "
        (str.substr ExpansionArg_string (to_int 0.0) (to_int 1.0)))}, )
*-- Replay with NO_COMPILE=1 expoSE replay '/home/blake/ExpoSE/lib/Harness/src/harness.js' '{"Switcher":false,"Target_Switch_Base":0,"ExpansionArg_type":3,"ExpansionArg_string":"P","_bound":46}'
*-- Test Case {"Switcher":false,"Target_Switch_Base":0,"ExpansionArg_type":3,"ExpansionArg_string":"\u0000","_bound":34} start 651.3088 took 46.9313s
*-- Errors occured in test {"Switcher":false,"Target_Switch_Base":0,"ExpansionArg_type":3,"ExpansionArg_string":"\u0000","_bound":34}
* Error: SyntaxError: Concolic(Parser error near ` `, Expr {(str.++ (str.++ "Parser error near `"
                (str.substr ExpansionArg_string (to_int 0.0) (to_int 1.0)))
        "`")}, )
*-- Replay with NO_COMPILE=1 expoSE replay '/home/blake/ExpoSE/lib/Harness/src/harness.js' '{"Switcher":false,"Target_Switch_Base":0,"ExpansionArg_type":3,"ExpansionArg_string":"\u0000","_bound":34}'
*-- Test Case {"Switcher":false,"Target_Switch_Base":0,"ExpansionArg_type":3,"ExpansionArg_string":"\u0000\u0000\u0000","_bound":577} start 683.3118 took 15.9439s
*-- Errors occured in test {"Switcher":false,"Target_Switch_Base":0,"ExpansionArg_type":3,"ExpansionArg_string":"\u0000\u0000\u0000","_bound":577}
* Error: SyntaxError: Concolic(Parser error near ` `, Expr {(str.++ (str.++ "Parser error near `"
                (str.substr ExpansionArg_string (to_int 0.0) (to_int 1.0)))
        "`")}, )
*-- Replay with NO_COMPILE=1 expoSE replay '/home/blake/ExpoSE/lib/Harness/src/harness.js' '{"Switcher":false,"Target_Switch_Base":0,"ExpansionArg_type":3,"ExpansionArg_string":"\u0000\u0000\u0000","_bound":577}'
*-- Test Case {"Switcher":false,"Target_Switch_Base":0,"ExpansionArg_type":3,"ExpansionArg_string":"","_bound":13,"ExpandedSwitcher":0} start 667.7356 took 38.0545s
*-- Test Case {"Switcher":false,"Target_Switch_Base":0,"ExpansionArg_type":3,"ExpansionArg_string":"_4","_bound":47} start 631.972 took 75.5652s
*-- Errors occured in test {"Switcher":false,"Target_Switch_Base":0,"ExpansionArg_type":3,"ExpansionArg_string":"_4","_bound":47}
* Error: SyntaxError: Concolic(Found an expression but expected a statement: _4, Expr {(str.++ "Found an expression but expected a statement: "
        (str.substr ExpansionArg_string (to_int 0.0) (to_int 2.0)))}, )
*-- Replay with NO_COMPILE=1 expoSE replay '/home/blake/ExpoSE/lib/Harness/src/harness.js' '{"Switcher":false,"Target_Switch_Base":0,"ExpansionArg_type":3,"ExpansionArg_string":"_4","_bound":47}'
*-- Test Case {"Switcher":false,"Target_Switch_Base":0,"ExpansionArg_type":3,"ExpansionArg_string":"\u0000","_bound":11} start 673.3219 took 42.1824s
*-- Errors occured in test {"Switcher":false,"Target_Switch_Base":0,"ExpansionArg_type":3,"ExpansionArg_string":"\u0000","_bound":11}
* Error: SyntaxError: Concolic(Parser error near ` `, Expr {(str.++ (str.++ "Parser error near `"
                (str.substr ExpansionArg_string (to_int 0.0) (to_int 1.0)))
        "`")}, )
*-- Replay with NO_COMPILE=1 expoSE replay '/home/blake/ExpoSE/lib/Harness/src/harness.js' '{"Switcher":false,"Target_Switch_Base":0,"ExpansionArg_type":3,"ExpansionArg_string":"\u0000","_bound":11}'
*-- Test Case {"Switcher":false,"Target_Switch_Base":0,"ExpansionArg_type":3,"ExpansionArg_string":"","_bound":16,"ExpandedSwitcher":0} start 674.5666 took 41.4592s
*-- Test Case {"Switcher":false,"Target_Switch_Base":0,"ExpansionArg_type":3,"ExpansionArg_string":"22e22","_bound":55} start 699.378 took 19.8014s
*-- Errors occured in test {"Switcher":false,"Target_Switch_Base":0,"ExpansionArg_type":3,"ExpansionArg_string":"22e22","_bound":55}
* Error: SyntaxError: Concolic(Found an expression but expected a statement: 22e22, Expr {(str.++ "Found an expression but expected a statement: "
        (str.substr ExpansionArg_string (to_int 0.0) (to_int 5.0)))}, )
*-- Replay with NO_COMPILE=1 expoSE replay '/home/blake/ExpoSE/lib/Harness/src/harness.js' '{"Switcher":false,"Target_Switch_Base":0,"ExpansionArg_type":3,"ExpansionArg_string":"22e22","_bound":55}'
*-- Test Case {"Switcher":false,"Target_Switch_Base":0,"ExpansionArg_type":3,"ExpansionArg_string":"p  n","_bound":50} start 663.4965 took 61.1042s
*-- Errors occured in test {"Switcher":false,"Target_Switch_Base":0,"ExpansionArg_type":3,"ExpansionArg_string":"p  n","_bound":50}
* Error: SyntaxError: Concolic(Found an expression but expected a statement: p, Expr {(str.++ "Found an expression but expected a statement: "
        (str.substr ExpansionArg_string (to_int 0.0) (to_int 1.0)))}, )
*-- Replay with NO_COMPILE=1 expoSE replay '/home/blake/ExpoSE/lib/Harness/src/harness.js' '{"Switcher":false,"Target_Switch_Base":0,"ExpansionArg_type":3,"ExpansionArg_string":"p  n","_bound":50}'
*-- Test Case {"Switcher":false,"Target_Switch_Base":0,"ExpansionArg_type":3,"ExpansionArg_string":"ppBHh20000//while\u0000\u0000\u0000\u0000\u0000\u0000","_bound":1025} start 694.4545 took 30.3325s
*-- Errors occured in test {"Switcher":false,"Target_Switch_Base":0,"ExpansionArg_type":3,"ExpansionArg_string":"ppBHh20000//while\u0000\u0000\u0000\u0000\u0000\u0000","_bound":1025}
* Error: SyntaxError: Concolic(Found an expression but expected a statement: ppBHh20000//while, Expr {(str.++ "Found an expression but expected a statement: "
        (str.substr ExpansionArg_string (to_int 0.0) (to_int 17.0)))}, )
*-- Replay with NO_COMPILE=1 expoSE replay '/home/blake/ExpoSE/lib/Harness/src/harness.js' '{"Switcher":false,"Target_Switch_Base":0,"ExpansionArg_type":3,"ExpansionArg_string":"ppBHh20000//while\u0000\u0000\u0000\u0000\u0000\u0000","_bound":1025}'
*-- Test Case {"Switcher":false,"Target_Switch_Base":0,"ExpansionArg_type":3,"ExpansionArg_string":"H0800Hh4dd.function","_bound":79} start 521.2761 took 207.7365s
*-- Errors occured in test {"Switcher":false,"Target_Switch_Base":0,"ExpansionArg_type":3,"ExpansionArg_string":"H0800Hh4dd.function","_bound":79}
* Error: SyntaxError: Concolic(Found an expression but expected a statement: H0800Hh4dd, Expr {(str.++ "Found an expression but expected a statement: "
        (str.substr ExpansionArg_string (to_int 0.0) (to_int 10.0)))}, )
*-- Replay with NO_COMPILE=1 expoSE replay '/home/blake/ExpoSE/lib/Harness/src/harness.js' '{"Switcher":false,"Target_Switch_Base":0,"ExpansionArg_type":3,"ExpansionArg_string":"H0800Hh4dd.function","_bound":79}'
*-- Test Case {"Switcher":false,"Target_Switch_Base":0,"ExpansionArg_type":3,"ExpansionArg_string":"\u0000\u0000","_bound":576} start 719.2935 took 10.4062s
*-- Errors occured in test {"Switcher":false,"Target_Switch_Base":0,"ExpansionArg_type":3,"ExpansionArg_string":"\u0000\u0000","_bound":576}
* Error: SyntaxError: Concolic(Parser error near ` `, Expr {(str.++ (str.++ "Parser error near `"
                (str.substr ExpansionArg_string (to_int 0.0) (to_int 1.0)))
        "`")}, )
*-- Replay with NO_COMPILE=1 expoSE replay '/home/blake/ExpoSE/lib/Harness/src/harness.js' '{"Switcher":false,"Target_Switch_Base":0,"ExpansionArg_type":3,"ExpansionArg_string":"\u0000\u0000","_bound":576}'
*-- Test Case {"Switcher":false,"Target_Switch_Base":0,"ExpansionArg_type":3,"ExpansionArg_string":"\"","_bound":52} start 729.8665 took 8.4164s
*-- Errors occured in test {"Switcher":false,"Target_Switch_Base":0,"ExpansionArg_type":3,"ExpansionArg_string":"\"","_bound":52}
* Error: SyntaxError: `"` expected (to close string at 1:1) at 1:2
*-- Replay with NO_COMPILE=1 expoSE replay '/home/blake/ExpoSE/lib/Harness/src/harness.js' '{"Switcher":false,"Target_Switch_Base":0,"ExpansionArg_type":3,"ExpansionArg_string":"\"","_bound":52}'
*-- Test Case {"Switcher":false,"Target_Switch_Base":0,"ExpansionArg_type":3,"ExpansionArg_string":"\u0000","_bound":34} start 698.4611 took 43.1729s
*-- Errors occured in test {"Switcher":false,"Target_Switch_Base":0,"ExpansionArg_type":3,"ExpansionArg_string":"\u0000","_bound":34}
* Error: SyntaxError: Concolic(Parser error near ` `, Expr {(str.++ (str.++ "Parser error near `"
                (str.substr ExpansionArg_string (to_int 0.0) (to_int 1.0)))
        "`")}, )
*-- Replay with NO_COMPILE=1 expoSE replay '/home/blake/ExpoSE/lib/Harness/src/harness.js' '{"Switcher":false,"Target_Switch_Base":0,"ExpansionArg_type":3,"ExpansionArg_string":"\u0000","_bound":34}'
*-- Test Case {"Switcher":false,"Target_Switch_Base":0,"ExpansionArg_type":3,"ExpansionArg_string":"22e224","_bound":56} start 724.927 took 18.3644s
*-- Errors occured in test {"Switcher":false,"Target_Switch_Base":0,"ExpansionArg_type":3,"ExpansionArg_string":"22e224","_bound":56}
* Error: SyntaxError: Concolic(Found an expression but expected a statement: 22e224, Expr {(str.++ "Found an expression but expected a statement: "
        (str.substr ExpansionArg_string (to_int 0.0) (to_int 6.0)))}, )
*-- Replay with NO_COMPILE=1 expoSE replay '/home/blake/ExpoSE/lib/Harness/src/harness.js' '{"Switcher":false,"Target_Switch_Base":0,"ExpansionArg_type":3,"ExpansionArg_string":"22e224","_bound":56}'
*-- Test Case {"Switcher":false,"Target_Switch_Base":0,"ExpansionArg_type":3,"ExpansionArg_string":"\u0000","_bound":17} start 705.9746 took 37.9443s
*-- Errors occured in test {"Switcher":false,"Target_Switch_Base":0,"ExpansionArg_type":3,"ExpansionArg_string":"\u0000","_bound":17}
* Error: SyntaxError: Concolic(Parser error near ` `, Expr {(str.++ (str.++ "Parser error near `"
                (str.substr ExpansionArg_string (to_int 0.0) (to_int 1.0)))
        "`")}, )
*-- Replay with NO_COMPILE=1 expoSE replay '/home/blake/ExpoSE/lib/Harness/src/harness.js' '{"Switcher":false,"Target_Switch_Base":0,"ExpansionArg_type":3,"ExpansionArg_string":"\u0000","_bound":17}'
*-- Test Case {"Switcher":false,"Target_Switch_Base":0,"ExpansionArg_type":3,"ExpansionArg_string":"4--\u0000","_bound":256} start 743.3785 took 8.9321s
*-- Errors occured in test {"Switcher":false,"Target_Switch_Base":0,"ExpansionArg_type":3,"ExpansionArg_string":"4--\u0000","_bound":256}
* Error: SyntaxError: Concolic(Found an expression but expected a statement: 4, Expr {(str.++ "Found an expression but expected a statement: "
        (str.substr ExpansionArg_string (to_int 0.0) (to_int 1.0)))}, )
*-- Replay with NO_COMPILE=1 expoSE replay '/home/blake/ExpoSE/lib/Harness/src/harness.js' '{"Switcher":false,"Target_Switch_Base":0,"ExpansionArg_type":3,"ExpansionArg_string":"4--\u0000","_bound":256}'
*-- Test Case {"Switcher":false,"Target_Switch_Base":0,"ExpansionArg_type":3,"ExpansionArg_string":"\u0000","_bound":11} start 716.1498 took 37.192s
*-- Errors occured in test {"Switcher":false,"Target_Switch_Base":0,"ExpansionArg_type":3,"ExpansionArg_string":"\u0000","_bound":11}
* Error: SyntaxError: Concolic(Parser error near ` `, Expr {(str.++ (str.++ "Parser error near `"
                (str.substr ExpansionArg_string (to_int 0.0) (to_int 1.0)))
        "`")}, )
*-- Replay with NO_COMPILE=1 expoSE replay '/home/blake/ExpoSE/lib/Harness/src/harness.js' '{"Switcher":false,"Target_Switch_Base":0,"ExpansionArg_type":3,"ExpansionArg_string":"\u0000","_bound":11}'
*-- Test Case {"Switcher":false,"Target_Switch_Base":0,"ExpansionArg_type":3,"ExpansionArg_string":"H0DH0HAAph'","_bound":112} start 741.7344 took 13.6478s
*-- Errors occured in test {"Switcher":false,"Target_Switch_Base":0,"ExpansionArg_type":3,"ExpansionArg_string":"H0DH0HAAph'","_bound":112}
* Error: SyntaxError: `'` expected (to close string at 1:11) at 1:12
*-- Replay with NO_COMPILE=1 expoSE replay '/home/blake/ExpoSE/lib/Harness/src/harness.js' '{"Switcher":false,"Target_Switch_Base":0,"ExpansionArg_type":3,"ExpansionArg_string":"H0DH0HAAph'\''","_bound":112}'
*-- Test Case {"Switcher":false,"Target_Switch_Base":0,"ExpansionArg_type":3,"ExpansionArg_string":"P0DhDdH40B>=","_bound":738} start 651.6754 took 105.9296s
*-- Errors occured in test {"Switcher":false,"Target_Switch_Base":0,"ExpansionArg_type":3,"ExpansionArg_string":"P0DhDdH40B>=","_bound":738}
* Error: SyntaxError: Concolic(Found an expression but expected a statement: P0DhDdH40B, Expr {(str.++ "Found an expression but expected a statement: "
        (str.substr ExpansionArg_string (to_int 0.0) (to_int 10.0)))}, )
*-- Replay with NO_COMPILE=1 expoSE replay '/home/blake/ExpoSE/lib/Harness/src/harness.js' '{"Switcher":false,"Target_Switch_Base":0,"ExpansionArg_type":3,"ExpansionArg_string":"P0DhDdH40B>=","_bound":738}'
*-- Test Case {"Switcher":false,"Target_Switch_Base":0,"ExpansionArg_type":3,"ExpansionArg_string":"AhHh0H00DB'\u0000","_bound":116} start 755.4552 took 12.8968s
*-- Errors occured in test {"Switcher":false,"Target_Switch_Base":0,"ExpansionArg_type":3,"ExpansionArg_string":"AhHh0H00DB'\u0000","_bound":116}
* Error: SyntaxError: `'` expected (to close string at 1:11) at 1:13
*-- Replay with NO_COMPILE=1 expoSE replay '/home/blake/ExpoSE/lib/Harness/src/harness.js' '{"Switcher":false,"Target_Switch_Base":0,"ExpansionArg_type":3,"ExpansionArg_string":"AhHh0H00DB'\''\u0000","_bound":116}'
*-- Test Case {"Switcher":false,"Target_Switch_Base":0,"ExpansionArg_type":3,"ExpansionArg_string":"\u0000","_bound":22} start 729.1945 took 41.96s
*-- Errors occured in test {"Switcher":false,"Target_Switch_Base":0,"ExpansionArg_type":3,"ExpansionArg_string":"\u0000","_bound":22}
* Error: SyntaxError: Concolic(Parser error near ` `, Expr {(str.++ (str.++ "Parser error near `"
                (str.substr ExpansionArg_string (to_int 0.0) (to_int 1.0)))
        "`")}, )
*-- Replay with NO_COMPILE=1 expoSE replay '/home/blake/ExpoSE/lib/Harness/src/harness.js' '{"Switcher":false,"Target_Switch_Base":0,"ExpansionArg_type":3,"ExpansionArg_string":"\u0000","_bound":22}'
*-- Test Case {"Switcher":false,"Target_Switch_Base":0,"ExpansionArg_type":3,"ExpansionArg_string":"\"x","_bound":55} start 768.442 took 10.1981s
*-- Errors occured in test {"Switcher":false,"Target_Switch_Base":0,"ExpansionArg_type":3,"ExpansionArg_string":"\"x","_bound":55}
* Error: SyntaxError: `"` expected (to close string at 1:1) at 1:3
*-- Replay with NO_COMPILE=1 expoSE replay '/home/blake/ExpoSE/lib/Harness/src/harness.js' '{"Switcher":false,"Target_Switch_Base":0,"ExpansionArg_type":3,"ExpansionArg_string":"\"x","_bound":55}'
*-- Test Case {"Switcher":false,"Target_Switch_Base":0,"ExpansionArg_type":3,"ExpansionArg_string":"\u0000","_bound":15} start 744.0522 took 35.2351s
*-- Errors occured in test {"Switcher":false,"Target_Switch_Base":0,"ExpansionArg_type":3,"ExpansionArg_string":"\u0000","_bound":15}
* Error: SyntaxError: Concolic(Parser error near ` `, Expr {(str.++ (str.++ "Parser error near `"
                (str.substr ExpansionArg_string (to_int 0.0) (to_int 1.0)))
        "`")}, )
*-- Replay with NO_COMPILE=1 expoSE replay '/home/blake/ExpoSE/lib/Harness/src/harness.js' '{"Switcher":false,"Target_Switch_Base":0,"ExpansionArg_type":3,"ExpansionArg_string":"\u0000","_bound":15}'
*-- Test Case {"Switcher":false,"Target_Switch_Base":0,"ExpansionArg_type":3,"ExpansionArg_string":"st_ ","_bound":50} start 707.7254 took 72.3665s
*-- Errors occured in test {"Switcher":false,"Target_Switch_Base":0,"ExpansionArg_type":3,"ExpansionArg_string":"st_ ","_bound":50}
* Error: SyntaxError: Concolic(Found an expression but expected a statement: st_, Expr {(str.++ "Found an expression but expected a statement: "
        (str.substr ExpansionArg_string (to_int 0.0) (to_int 3.0)))}, )
*-- Replay with NO_COMPILE=1 expoSE replay '/home/blake/ExpoSE/lib/Harness/src/harness.js' '{"Switcher":false,"Target_Switch_Base":0,"ExpansionArg_type":3,"ExpansionArg_string":"st_ ","_bound":50}'
*-- Test Case {"Switcher":false,"Target_Switch_Base":0,"ExpansionArg_type":3,"ExpansionArg_string":"_3 --\u0000\u0000","_bound":52} start 687.1546 took 95.6049s
*-- Errors occured in test {"Switcher":false,"Target_Switch_Base":0,"ExpansionArg_type":3,"ExpansionArg_string":"_3 --\u0000\u0000","_bound":52}
* Error: SyntaxError: Concolic(Found an expression but expected a statement: _3, Expr {(str.++ "Found an expression but expected a statement: "
        (str.substr ExpansionArg_string (to_int 0.0) (to_int 2.0)))}, )
*-- Replay with NO_COMPILE=1 expoSE replay '/home/blake/ExpoSE/lib/Harness/src/harness.js' '{"Switcher":false,"Target_Switch_Base":0,"ExpansionArg_type":3,"ExpansionArg_string":"_3 --\u0000\u0000","_bound":52}'
*-- Test Case {"Switcher":false,"Target_Switch_Base":0,"ExpansionArg_type":3,"ExpansionArg_string":"BB3XpPHF0d ","_bound":57} start 676.7375 took 106.1602s
*-- Errors occured in test {"Switcher":false,"Target_Switch_Base":0,"ExpansionArg_type":3,"ExpansionArg_string":"BB3XpPHF0d ","_bound":57}
* Error: SyntaxError: Concolic(Found an expression but expected a statement: BB3XpPHF0d, Expr {(str.++ "Found an expression but expected a statement: "
        (str.substr ExpansionArg_string (to_int 0.0) (to_int 10.0)))}, )
*-- Replay with NO_COMPILE=1 expoSE replay '/home/blake/ExpoSE/lib/Harness/src/harness.js' '{"Switcher":false,"Target_Switch_Base":0,"ExpansionArg_type":3,"ExpansionArg_string":"BB3XpPHF0d ","_bound":57}'
*-- Test Case {"Switcher":false,"Target_Switch_Base":0,"ExpansionArg_type":3,"ExpansionArg_string":"kl --\u0000\u0000n","_bound":58} start 683.1049 took 100.9094s
*-- Errors occured in test {"Switcher":false,"Target_Switch_Base":0,"ExpansionArg_type":3,"ExpansionArg_string":"kl --\u0000\u0000n","_bound":58}
* Error: SyntaxError: Concolic(Found an expression but expected a statement: kl, Expr {(str.++ "Found an expression but expected a statement: "
        (str.substr ExpansionArg_string (to_int 0.0) (to_int 2.0)))}, )
*-- Replay with NO_COMPILE=1 expoSE replay '/home/blake/ExpoSE/lib/Harness/src/harness.js' '{"Switcher":false,"Target_Switch_Base":0,"ExpansionArg_type":3,"ExpansionArg_string":"kl --\u0000\u0000n","_bound":58}'
*-- Test Case {"Switcher":false,"Target_Switch_Base":0,"ExpansionArg_type":3,"ExpansionArg_string":"s:\u0000\u0000","_bound":51} start 662.4573 took 121.705s
*-- Errors occured in test {"Switcher":false,"Target_Switch_Base":0,"ExpansionArg_type":3,"ExpansionArg_string":"s:\u0000\u0000","_bound":51}
* Error: SyntaxError: Concolic(Found an expression but expected a statement: s, Expr {(str.++ "Found an expression but expected a statement: "
        (str.substr ExpansionArg_string (to_int 0.0) (to_int 1.0)))}, )
*-- Replay with NO_COMPILE=1 expoSE replay '/home/blake/ExpoSE/lib/Harness/src/harness.js' '{"Switcher":false,"Target_Switch_Base":0,"ExpansionArg_type":3,"ExpansionArg_string":"s:\u0000\u0000","_bound":51}'
*-- Test Case {"Switcher":false,"Target_Switch_Base":0,"ExpansionArg_type":3,"ExpansionArg_string":"\u0000","_bound":43} start 752.4151 took 34.2209s
*-- Errors occured in test {"Switcher":false,"Target_Switch_Base":0,"ExpansionArg_type":3,"ExpansionArg_string":"\u0000","_bound":43}
* Error: SyntaxError: Concolic(Parser error near ` `, Expr {(str.++ (str.++ "Parser error near `"
                (str.substr ExpansionArg_string (to_int 0.0) (to_int 1.0)))
        "`")}, )
*-- Replay with NO_COMPILE=1 expoSE replay '/home/blake/ExpoSE/lib/Harness/src/harness.js' '{"Switcher":false,"Target_Switch_Base":0,"ExpansionArg_type":3,"ExpansionArg_string":"\u0000","_bound":43}'
*-- Test Case {"Switcher":false,"Target_Switch_Base":0,"ExpansionArg_type":4,"ExpansionArg_array_length":1,"ExpansionArg_array_element_0_type":4,"ExpansionArg_array_element_0_bool":false,"_bound":12,"ExpansionArg_array_element_0_array_length":0} start 779.5751 took 7.6498s
*-- Errors occured in test {"Switcher":false,"Target_Switch_Base":0,"ExpansionArg_type":4,"ExpansionArg_array_length":1,"ExpansionArg_array_element_0_type":4,"ExpansionArg_array_element_0_bool":false,"_bound":12,"ExpansionArg_array_element_0_array_length":0}
* Error: TypeError: Function.prototype.apply was called on undefined, which is a undefined and not a function
*-- Replay with NO_COMPILE=1 expoSE replay '/home/blake/ExpoSE/lib/Harness/src/harness.js' '{"Switcher":false,"Target_Switch_Base":0,"ExpansionArg_type":4,"ExpansionArg_array_length":1,"ExpansionArg_array_element_0_type":4,"ExpansionArg_array_element_0_bool":false,"_bound":12}'
*-- Test Case {"Switcher":false,"Target_Switch_Base":0,"ExpansionArg_type":3,"ExpansionArg_string":"4","_bound":50} start 778.7435 took 16.3769s
*-- Errors occured in test {"Switcher":false,"Target_Switch_Base":0,"ExpansionArg_type":3,"ExpansionArg_string":"4","_bound":50}
* Error: SyntaxError: Concolic(Found an expression but expected a statement: 4, Expr {(str.++ "Found an expression but expected a statement: "
        (str.substr ExpansionArg_string (to_int 0.0) (to_int 1.0)))}, )
*-- Replay with NO_COMPILE=1 expoSE replay '/home/blake/ExpoSE/lib/Harness/src/harness.js' '{"Switcher":false,"Target_Switch_Base":0,"ExpansionArg_type":3,"ExpansionArg_string":"4","_bound":50}'
*-- Test Case {"Switcher":false,"Target_Switch_Base":0,"ExpansionArg_type":3,"ExpansionArg_string":"\u0000","_bound":21} start 753.5061 took 41.7842s
*-- Errors occured in test {"Switcher":false,"Target_Switch_Base":0,"ExpansionArg_type":3,"ExpansionArg_string":"\u0000","_bound":21}
* Error: SyntaxError: Concolic(Parser error near ` `, Expr {(str.++ (str.++ "Parser error near `"
                (str.substr ExpansionArg_string (to_int 0.0) (to_int 1.0)))
        "`")}, )
*-- Replay with NO_COMPILE=1 expoSE replay '/home/blake/ExpoSE/lib/Harness/src/harness.js' '{"Switcher":false,"Target_Switch_Base":0,"ExpansionArg_type":3,"ExpansionArg_string":"\u0000","_bound":21}'
*-- Test Case {"Switcher":false,"Target_Switch_Base":0,"ExpansionArg_type":3,"ExpansionArg_string":"P--[","_bound":52} start 724.6818 took 70.8677s
*-- Errors occured in test {"Switcher":false,"Target_Switch_Base":0,"ExpansionArg_type":3,"ExpansionArg_string":"P--[","_bound":52}
* Error: SyntaxError: Concolic(Found an expression but expected a statement: P, Expr {(str.++ "Found an expression but expected a statement: "
        (str.substr ExpansionArg_string (to_int 0.0) (to_int 1.0)))}, )
*-- Replay with NO_COMPILE=1 expoSE replay '/home/blake/ExpoSE/lib/Harness/src/harness.js' '{"Switcher":false,"Target_Switch_Base":0,"ExpansionArg_type":3,"ExpansionArg_string":"P--[","_bound":52}'
*-- Test Case {"Switcher":false,"Target_Switch_Base":0,"ExpansionArg_type":3,"ExpansionArg_string":"AhBh0H00DB'\u0000\u0000x","_bound":119} start 771.2817 took 24.491s
*-- Errors occured in test {"Switcher":false,"Target_Switch_Base":0,"ExpansionArg_type":3,"ExpansionArg_string":"AhBh0H00DB'\u0000\u0000x","_bound":119}
* Error: SyntaxError: `'` expected (to close string at 1:11) at 1:15
*-- Replay with NO_COMPILE=1 expoSE replay '/home/blake/ExpoSE/lib/Harness/src/harness.js' '{"Switcher":false,"Target_Switch_Base":0,"ExpansionArg_type":3,"ExpansionArg_string":"AhBh0H00DB'\''\u0000\u0000x","_bound":119}'
*-- Test Case {"Switcher":false,"Target_Switch_Base":0,"ExpansionArg_type":3,"ExpansionArg_string":"pDP0_00000<=for\u0000\u0000","_bound":758} start 694.1766 took 111.6788s
*-- Errors occured in test {"Switcher":false,"Target_Switch_Base":0,"ExpansionArg_type":3,"ExpansionArg_string":"pDP0_00000<=for\u0000\u0000","_bound":758}
* Error: SyntaxError: Concolic(Found an expression but expected a statement: pDP0_00000<=for, Expr {(str.++ "Found an expression but expected a statement: "
        (str.substr ExpansionArg_string (to_int 0.0) (to_int 15.0)))}, )
*-- Replay with NO_COMPILE=1 expoSE replay '/home/blake/ExpoSE/lib/Harness/src/harness.js' '{"Switcher":false,"Target_Switch_Base":0,"ExpansionArg_type":3,"ExpansionArg_string":"pDP0_00000<=for\u0000\u0000","_bound":758}'
*-- Test Case {"Switcher":false,"Target_Switch_Base":0,"ExpansionArg_type":3,"ExpansionArg_string":"4--[","_bound":255} start 795.6683 took 12.4359s
*-- Errors occured in test {"Switcher":false,"Target_Switch_Base":0,"ExpansionArg_type":3,"ExpansionArg_string":"4--[","_bound":255}
* Error: SyntaxError: Concolic(Found an expression but expected a statement: 4, Expr {(str.++ "Found an expression but expected a statement: "
        (str.substr ExpansionArg_string (to_int 0.0) (to_int 1.0)))}, )
*-- Replay with NO_COMPILE=1 expoSE replay '/home/blake/ExpoSE/lib/Harness/src/harness.js' '{"Switcher":false,"Target_Switch_Base":0,"ExpansionArg_type":3,"ExpansionArg_string":"4--[","_bound":255}'
*-- Test Case {"Switcher":false,"Target_Switch_Base":0,"ExpansionArg_type":3,"ExpansionArg_string":"d_Hpb0Bb0h//for\u0000\u0000\u0000\u0000\u0000\u0000","_bound":1000} start 786.7401 took 27.5232s
*-- Errors occured in test {"Switcher":false,"Target_Switch_Base":0,"ExpansionArg_type":3,"ExpansionArg_string":"d_Hpb0Bb0h//for\u0000\u0000\u0000\u0000\u0000\u0000","_bound":1000}
* Error: SyntaxError: Concolic(Found an expression but expected a statement: d_Hpb0Bb0h//for, Expr {(str.++ "Found an expression but expected a statement: "
        (str.substr ExpansionArg_string (to_int 0.0) (to_int 15.0)))}, )
*-- Replay with NO_COMPILE=1 expoSE replay '/home/blake/ExpoSE/lib/Harness/src/harness.js' '{"Switcher":false,"Target_Switch_Base":0,"ExpansionArg_type":3,"ExpansionArg_string":"d_Hpb0Bb0h//for\u0000\u0000\u0000\u0000\u0000\u0000","_bound":1000}'
*-- Test Case {"Switcher":false,"Target_Switch_Base":0,"ExpansionArg_type":3,"ExpansionArg_string":"","_bound":41,"ExpandedSwitcher":0} start 780.2512 took 35.038s
*-- Test Case {"Switcher":false,"Target_Switch_Base":0,"ExpansionArg_type":3,"ExpansionArg_string":"\u0000n","_bound":577} start 806.0727 took 9.5583s
*-- Errors occured in test {"Switcher":false,"Target_Switch_Base":0,"ExpansionArg_type":3,"ExpansionArg_string":"\u0000n","_bound":577}
* Error: SyntaxError: Concolic(Parser error near ` `, Expr {(str.++ (str.++ "Parser error near `"
                (str.substr ExpansionArg_string (to_int 0.0) (to_int 1.0)))
        "`")}, )
*-- Replay with NO_COMPILE=1 expoSE replay '/home/blake/ExpoSE/lib/Harness/src/harness.js' '{"Switcher":false,"Target_Switch_Base":0,"ExpansionArg_type":3,"ExpansionArg_string":"\u0000n","_bound":577}'
*-- Test Case {"Switcher":false,"Target_Switch_Base":0,"ExpansionArg_type":3,"ExpansionArg_string":"H8800Hh4dd.break\u0000\u0000","_bound":76} start 521.9374 took 294.2935s
*-- Errors occured in test {"Switcher":false,"Target_Switch_Base":0,"ExpansionArg_type":3,"ExpansionArg_string":"H8800Hh4dd.break\u0000\u0000","_bound":76}
* Error: SyntaxError: Concolic(Found an expression but expected a statement: H8800Hh4dd.break, Expr {(str.++ "Found an expression but expected a statement: "
        (str.substr ExpansionArg_string (to_int 0.0) (to_int 16.0)))}, )
*-- Replay with NO_COMPILE=1 expoSE replay '/home/blake/ExpoSE/lib/Harness/src/harness.js' '{"Switcher":false,"Target_Switch_Base":0,"ExpansionArg_type":3,"ExpansionArg_string":"H8800Hh4dd.break\u0000\u0000","_bound":76}'
*-- Test Case {"Switcher":false,"Target_Switch_Base":0,"ExpansionArg_type":3,"ExpansionArg_string":"ahB0bb800H>=if","_bound":744} start 784.1028 took 36.2332s
*-- Errors occured in test {"Switcher":false,"Target_Switch_Base":0,"ExpansionArg_type":3,"ExpansionArg_string":"ahB0bb800H>=if","_bound":744}
* Error: SyntaxError: Concolic(Found an expression but expected a statement: ahB0bb800H, Expr {(str.++ "Found an expression but expected a statement: "
        (str.substr ExpansionArg_string (to_int 0.0) (to_int 10.0)))}, )
*-- Replay with NO_COMPILE=1 expoSE replay '/home/blake/ExpoSE/lib/Harness/src/harness.js' '{"Switcher":false,"Target_Switch_Base":0,"ExpansionArg_type":3,"ExpansionArg_string":"ahB0bb800H>=if","_bound":744}'
*-- Test Case {"Switcher":false,"Target_Switch_Base":0,"ExpansionArg_type":3,"ExpansionArg_string":"2--n\u0000","_bound":257} start 814.4265 took 9.0521s
*-- Errors occured in test {"Switcher":false,"Target_Switch_Base":0,"ExpansionArg_type":3,"ExpansionArg_string":"2--n\u0000","_bound":257}
* Error: SyntaxError: Concolic(Found an expression but expected a statement: 2, Expr {(str.++ "Found an expression but expected a statement: "
        (str.substr ExpansionArg_string (to_int 0.0) (to_int 1.0)))}, )
*-- Replay with NO_COMPILE=1 expoSE replay '/home/blake/ExpoSE/lib/Harness/src/harness.js' '{"Switcher":false,"Target_Switch_Base":0,"ExpansionArg_type":3,"ExpansionArg_string":"2--n\u0000","_bound":257}'
*-- Test Case {"Switcher":false,"Target_Switch_Base":0,"ExpansionArg_type":3,"ExpansionArg_string":"_z--\u0000\u0000n","_bound":54} start 715.6472 took 108.8258s
*-- Errors occured in test {"Switcher":false,"Target_Switch_Base":0,"ExpansionArg_type":3,"ExpansionArg_string":"_z--\u0000\u0000n","_bound":54}
* Error: SyntaxError: Concolic(Found an expression but expected a statement: _z, Expr {(str.++ "Found an expression but expected a statement: "
        (str.substr ExpansionArg_string (to_int 0.0) (to_int 2.0)))}, )
*-- Replay with NO_COMPILE=1 expoSE replay '/home/blake/ExpoSE/lib/Harness/src/harness.js' '{"Switcher":false,"Target_Switch_Base":0,"ExpansionArg_type":3,"ExpansionArg_string":"_z--\u0000\u0000n","_bound":54}'
*-- Test Case {"Switcher":false,"Target_Switch_Base":0,"ExpansionArg_type":3,"ExpansionArg_string":"\u0000","_bound":31} start 795.8969 took 32.1326s
*-- Errors occured in test {"Switcher":false,"Target_Switch_Base":0,"ExpansionArg_type":3,"ExpansionArg_string":"\u0000","_bound":31}
* Error: SyntaxError: Concolic(Parser error near ` `, Expr {(str.++ (str.++ "Parser error near `"
                (str.substr ExpansionArg_string (to_int 0.0) (to_int 1.0)))
        "`")}, )
*-- Replay with NO_COMPILE=1 expoSE replay '/home/blake/ExpoSE/lib/Harness/src/harness.js' '{"Switcher":false,"Target_Switch_Base":0,"ExpansionArg_type":3,"ExpansionArg_string":"\u0000","_bound":31}'
*-- Test Case {"Switcher":false,"Target_Switch_Base":0,"ExpansionArg_type":3,"ExpansionArg_string":"\u0000","_bound":29} start 795.2341 took 34.3433s
*-- Errors occured in test {"Switcher":false,"Target_Switch_Base":0,"ExpansionArg_type":3,"ExpansionArg_string":"\u0000","_bound":29}
* Error: SyntaxError: Concolic(Parser error near ` `, Expr {(str.++ (str.++ "Parser error near `"
                (str.substr ExpansionArg_string (to_int 0.0) (to_int 1.0)))
        "`")}, )
*-- Replay with NO_COMPILE=1 expoSE replay '/home/blake/ExpoSE/lib/Harness/src/harness.js' '{"Switcher":false,"Target_Switch_Base":0,"ExpansionArg_type":3,"ExpansionArg_string":"\u0000","_bound":29}'
*-- Test Case {"Switcher":false,"Target_Switch_Base":0,"ExpansionArg_type":3,"ExpansionArg_string":"42","_bound":51} start 828.2685 took 24.8754s
*-- Errors occured in test {"Switcher":false,"Target_Switch_Base":0,"ExpansionArg_type":3,"ExpansionArg_string":"42","_bound":51}
* Error: SyntaxError: Concolic(Found an expression but expected a statement: 42, Expr {(str.++ "Found an expression but expected a statement: "
        (str.substr ExpansionArg_string (to_int 0.0) (to_int 2.0)))}, )
*-- Replay with NO_COMPILE=1 expoSE replay '/home/blake/ExpoSE/lib/Harness/src/harness.js' '{"Switcher":false,"Target_Switch_Base":0,"ExpansionArg_type":3,"ExpansionArg_string":"42","_bound":51}'
*-- Test Case {"Switcher":false,"Target_Switch_Base":0,"ExpansionArg_type":3,"ExpansionArg_string":"\u0000","_bound":41} start 824.6174 took 31.6979s
*-- Errors occured in test {"Switcher":false,"Target_Switch_Base":0,"ExpansionArg_type":3,"ExpansionArg_string":"\u0000","_bound":41}
* Error: SyntaxError: Concolic(Parser error near ` `, Expr {(str.++ (str.++ "Parser error near `"
                (str.substr ExpansionArg_string (to_int 0.0) (to_int 1.0)))
        "`")}, )
*-- Replay with NO_COMPILE=1 expoSE replay '/home/blake/ExpoSE/lib/Harness/src/harness.js' '{"Switcher":false,"Target_Switch_Base":0,"ExpansionArg_type":3,"ExpansionArg_string":"\u0000","_bound":41}'
*-- Test Case {"Switcher":false,"Target_Switch_Base":0,"ExpansionArg_type":3,"ExpansionArg_string":"sS","_bound":47} start 808.2646 took 50.8431s
*-- Errors occured in test {"Switcher":false,"Target_Switch_Base":0,"ExpansionArg_type":3,"ExpansionArg_string":"sS","_bound":47}
* Error: SyntaxError: Concolic(Found an expression but expected a statement: sS, Expr {(str.++ "Found an expression but expected a statement: "
        (str.substr ExpansionArg_string (to_int 0.0) (to_int 2.0)))}, )
*-- Replay with NO_COMPILE=1 expoSE replay '/home/blake/ExpoSE/lib/Harness/src/harness.js' '{"Switcher":false,"Target_Switch_Base":0,"ExpansionArg_type":3,"ExpansionArg_string":"sS","_bound":47}'
*-- Test Case {"Switcher":false,"Target_Switch_Base":0,"ExpansionArg_type":3,"ExpansionArg_string":"xP --","_bound":53} start 782.8381 took 76.5991s
*-- Errors occured in test {"Switcher":false,"Target_Switch_Base":0,"ExpansionArg_type":3,"ExpansionArg_string":"xP --","_bound":53}
* Error: SyntaxError: Concolic(Found an expression but expected a statement: xP, Expr {(str.++ "Found an expression but expected a statement: "
        (str.substr ExpansionArg_string (to_int 0.0) (to_int 2.0)))}, )
*-- Replay with NO_COMPILE=1 expoSE replay '/home/blake/ExpoSE/lib/Harness/src/harness.js' '{"Switcher":false,"Target_Switch_Base":0,"ExpansionArg_type":3,"ExpansionArg_string":"xP --","_bound":53}'
*-- Test Case {"Switcher":false,"Target_Switch_Base":0,"ExpansionArg_type":5,"ExpansionArg_array_length":0,"_bound":6,"ExpansionArg_bool":false} start 853.3237 took 7.5268s
*-- Errors occured in test {"Switcher":false,"Target_Switch_Base":0,"ExpansionArg_type":5,"ExpansionArg_array_length":0,"_bound":6,"ExpansionArg_bool":false}
* Error: TypeError: Function.prototype.apply was called on undefined, which is a undefined and not a function
*-- Replay with NO_COMPILE=1 expoSE replay '/home/blake/ExpoSE/lib/Harness/src/harness.js' '{"Switcher":false,"Target_Switch_Base":0,"ExpansionArg_type":5,"ExpansionArg_array_length":0,"_bound":6}'
*-- Test Case {"Switcher":false,"Target_Switch_Base":0,"ExpansionArg_type":3,"ExpansionArg_string":"\u0000","_bound":25} start 829.7968 took 31.3592s
*-- Errors occured in test {"Switcher":false,"Target_Switch_Base":0,"ExpansionArg_type":3,"ExpansionArg_string":"\u0000","_bound":25}
* Error: SyntaxError: Concolic(Parser error near ` `, Expr {(str.++ (str.++ "Parser error near `"
                (str.substr ExpansionArg_string (to_int 0.0) (to_int 1.0)))
        "`")}, )
*-- Replay with NO_COMPILE=1 expoSE replay '/home/blake/ExpoSE/lib/Harness/src/harness.js' '{"Switcher":false,"Target_Switch_Base":0,"ExpansionArg_type":3,"ExpansionArg_string":"\u0000","_bound":25}'
*-- Test Case {"Switcher":false,"Target_Switch_Base":0,"ExpansionArg_type":3,"ExpansionArg_string":"C","_bound":46} start 815.7596 took 47.9128s
*-- Errors occured in test {"Switcher":false,"Target_Switch_Base":0,"ExpansionArg_type":3,"ExpansionArg_string":"C","_bound":46}
* Error: SyntaxError: Concolic(Found an expression but expected a statement: C, Expr {(str.++ "Found an expression but expected a statement: "
        (str.substr ExpansionArg_string (to_int 0.0) (to_int 1.0)))}, )
*-- Replay with NO_COMPILE=1 expoSE replay '/home/blake/ExpoSE/lib/Harness/src/harness.js' '{"Switcher":false,"Target_Switch_Base":0,"ExpansionArg_type":3,"ExpansionArg_string":"C","_bound":46}'
*-- Test Case {"Switcher":false,"Target_Switch_Base":0,"ExpansionArg_type":3,"ExpansionArg_string":"A--[\u0000\u0000\u0000\u0000","_bound":55} start 738.3756 took 126.4257s
*-- Errors occured in test {"Switcher":false,"Target_Switch_Base":0,"ExpansionArg_type":3,"ExpansionArg_string":"A--[\u0000\u0000\u0000\u0000","_bound":55}
* Error: SyntaxError: Concolic(Found an expression but expected a statement: A, Expr {(str.++ "Found an expression but expected a statement: "
        (str.substr ExpansionArg_string (to_int 0.0) (to_int 1.0)))}, )
*-- Replay with NO_COMPILE=1 expoSE replay '/home/blake/ExpoSE/lib/Harness/src/harness.js' '{"Switcher":false,"Target_Switch_Base":0,"ExpansionArg_type":3,"ExpansionArg_string":"A--[\u0000\u0000\u0000\u0000","_bound":55}'
*-- Test Case {"Switcher":false,"Target_Switch_Base":0,"ExpansionArg_type":3,"ExpansionArg_string":"\u0000","_bound":24} start 823.6587 took 45.9816s
*-- Errors occured in test {"Switcher":false,"Target_Switch_Base":0,"ExpansionArg_type":3,"ExpansionArg_string":"\u0000","_bound":24}
* Error: SyntaxError: Concolic(Parser error near ` `, Expr {(str.++ (str.++ "Parser error near `"
                (str.substr ExpansionArg_string (to_int 0.0) (to_int 1.0)))
        "`")}, )
*-- Replay with NO_COMPILE=1 expoSE replay '/home/blake/ExpoSE/lib/Harness/src/harness.js' '{"Switcher":false,"Target_Switch_Base":0,"ExpansionArg_type":3,"ExpansionArg_string":"\u0000","_bound":24}'
*-- Test Case {"Switcher":false,"Target_Switch_Base":0,"ExpansionArg_type":3,"ExpansionArg_string":"\u0000","_bound":18} start 815.4565 took 58.013s
*-- Errors occured in test {"Switcher":false,"Target_Switch_Base":0,"ExpansionArg_type":3,"ExpansionArg_string":"\u0000","_bound":18}
* Error: SyntaxError: Concolic(Parser error near ` `, Expr {(str.++ (str.++ "Parser error near `"
                (str.substr ExpansionArg_string (to_int 0.0) (to_int 1.0)))
        "`")}, )
*-- Replay with NO_COMPILE=1 expoSE replay '/home/blake/ExpoSE/lib/Harness/src/harness.js' '{"Switcher":false,"Target_Switch_Base":0,"ExpansionArg_type":3,"ExpansionArg_string":"\u0000","_bound":18}'
*-- Test Case {"Switcher":false,"Target_Switch_Base":0,"ExpansionArg_type":3,"ExpansionArg_string":"22e","_bound":53} start 864.9396 took 16.0458s
*-- Errors occured in test {"Switcher":false,"Target_Switch_Base":0,"ExpansionArg_type":3,"ExpansionArg_string":"22e","_bound":53}
* Error: SyntaxError: Concolic(Found an expression but expected a statement: 22, Expr {(str.++ "Found an expression but expected a statement: "
        (str.substr ExpansionArg_string (to_int 0.0) (to_int 2.0)))}, )
*-- Replay with NO_COMPILE=1 expoSE replay '/home/blake/ExpoSE/lib/Harness/src/harness.js' '{"Switcher":false,"Target_Switch_Base":0,"ExpansionArg_type":3,"ExpansionArg_string":"22e","_bound":53}'
*-- Test Case {"Switcher":false,"Target_Switch_Base":0,"ExpansionArg_type":3,"ExpansionArg_string":"_3 --[","_bound":51} start 795.4418 took 92.8354s
*-- Errors occured in test {"Switcher":false,"Target_Switch_Base":0,"ExpansionArg_type":3,"ExpansionArg_string":"_3 --[","_bound":51}
* Error: SyntaxError: Concolic(Found an expression but expected a statement: _3, Expr {(str.++ "Found an expression but expected a statement: "
        (str.substr ExpansionArg_string (to_int 0.0) (to_int 2.0)))}, )
*-- Replay with NO_COMPILE=1 expoSE replay '/home/blake/ExpoSE/lib/Harness/src/harness.js' '{"Switcher":false,"Target_Switch_Base":0,"ExpansionArg_type":3,"ExpansionArg_string":"_3 --[","_bound":51}'
*-- Test Case {"Switcher":false,"Target_Switch_Base":0,"ExpansionArg_type":3,"ExpansionArg_string":"_kKzy1Zk3_ r","_bound":58} start 783.0227 took 105.4269s
*-- Errors occured in test {"Switcher":false,"Target_Switch_Base":0,"ExpansionArg_type":3,"ExpansionArg_string":"_kKzy1Zk3_ r","_bound":58}
* Error: SyntaxError: Concolic(Found an expression but expected a statement: _kKzy1Zk3_, Expr {(str.++ "Found an expression but expected a statement: "
        (str.substr ExpansionArg_string (to_int 0.0) (to_int 10.0)))}, )
*-- Replay with NO_COMPILE=1 expoSE replay '/home/blake/ExpoSE/lib/Harness/src/harness.js' '{"Switcher":false,"Target_Switch_Base":0,"ExpansionArg_type":3,"ExpansionArg_string":"_kKzy1Zk3_ r","_bound":58}'
*-- Test Case {"Switcher":false,"Target_Switch_Base":0,"ExpansionArg_type":3,"ExpansionArg_string":"\u0000","_bound":25} start 856.5146 took 32.1802s
*-- Errors occured in test {"Switcher":false,"Target_Switch_Base":0,"ExpansionArg_type":3,"ExpansionArg_string":"\u0000","_bound":25}
* Error: SyntaxError: Concolic(Parser error near ` `, Expr {(str.++ (str.++ "Parser error near `"
                (str.substr ExpansionArg_string (to_int 0.0) (to_int 1.0)))
        "`")}, )
*-- Replay with NO_COMPILE=1 expoSE replay '/home/blake/ExpoSE/lib/Harness/src/harness.js' '{"Switcher":false,"Target_Switch_Base":0,"ExpansionArg_type":3,"ExpansionArg_string":"\u0000","_bound":25}'
*-- Test Case {"Switcher":false,"Target_Switch_Base":0,"ExpansionArg_type":3,"ExpansionArg_string":"4 ","_bound":254} start 873.6042 took 19.2236s
*-- Errors occured in test {"Switcher":false,"Target_Switch_Base":0,"ExpansionArg_type":3,"ExpansionArg_string":"4 ","_bound":254}
* Error: SyntaxError: Concolic(Found an expression but expected a statement: 4, Expr {(str.++ "Found an expression but expected a statement: "
        (str.substr ExpansionArg_string (to_int 0.0) (to_int 1.0)))}, )
*-- Replay with NO_COMPILE=1 expoSE replay '/home/blake/ExpoSE/lib/Harness/src/harness.js' '{"Switcher":false,"Target_Switch_Base":0,"ExpansionArg_type":3,"ExpansionArg_string":"4 ","_bound":254}'
*-- Test Case {"Switcher":false,"Target_Switch_Base":0,"ExpansionArg_type":3,"ExpansionArg_string":"\u0000","_bound":19} start 861.0067 took 32.2639s
*-- Errors occured in test {"Switcher":false,"Target_Switch_Base":0,"ExpansionArg_type":3,"ExpansionArg_string":"\u0000","_bound":19}
* Error: SyntaxError: Concolic(Parser error near ` `, Expr {(str.++ (str.++ "Parser error near `"
                (str.substr ExpansionArg_string (to_int 0.0) (to_int 1.0)))
        "`")}, )
*-- Replay with NO_COMPILE=1 expoSE replay '/home/blake/ExpoSE/lib/Harness/src/harness.js' '{"Switcher":false,"Target_Switch_Base":0,"ExpansionArg_type":3,"ExpansionArg_string":"\u0000","_bound":19}'
*-- Test Case {"Switcher":false,"Target_Switch_Base":0,"ExpansionArg_type":3,"ExpansionArg_string":"A--[\u0000\u0000\u0000n","_bound":60} start 787.2817 took 111.8104s
*-- Errors occured in test {"Switcher":false,"Target_Switch_Base":0,"ExpansionArg_type":3,"ExpansionArg_string":"A--[\u0000\u0000\u0000n","_bound":60}
* Error: SyntaxError: Concolic(Found an expression but expected a statement: A, Expr {(str.++ "Found an expression but expected a statement: "
        (str.substr ExpansionArg_string (to_int 0.0) (to_int 1.0)))}, )
*-- Replay with NO_COMPILE=1 expoSE replay '/home/blake/ExpoSE/lib/Harness/src/harness.js' '{"Switcher":false,"Target_Switch_Base":0,"ExpansionArg_type":3,"ExpansionArg_string":"A--[\u0000\u0000\u0000n","_bound":60}'
*-- Test Case {"Switcher":false,"Target_Switch_Base":0,"ExpansionArg_type":3,"ExpansionArg_string":"A:function","_bound":70} start 784.2733 took 115.0342s
*-- Errors occured in test {"Switcher":false,"Target_Switch_Base":0,"ExpansionArg_type":3,"ExpansionArg_string":"A:function","_bound":70}
* Error: SyntaxError: Concolic(Found an expression but expected a statement: A, Expr {(str.++ "Found an expression but expected a statement: "
        (str.substr ExpansionArg_string (to_int 0.0) (to_int 1.0)))}, )
*-- Replay with NO_COMPILE=1 expoSE replay '/home/blake/ExpoSE/lib/Harness/src/harness.js' '{"Switcher":false,"Target_Switch_Base":0,"ExpansionArg_type":3,"ExpansionArg_string":"A:function","_bound":70}'
*-- Coverage Data
*- File /home/blake/ExpoSE/lib/Harness/src/harness.js. Coverage (Term): 88% Coverage (LOC): 89%
*- File /home/blake/ExpoSE/lib/S$/bin/symbols.js. Coverage (Term): 37% Coverage (LOC): 55%
*- File /home/blake/Targets/lua2js/node_modules/lua2js/index.js. Coverage (Term): 97% Coverage (LOC): 100%
*- File /home/blake/Targets/lua2js/node_modules/lua2js/parser.js. Coverage (Term): 42% Coverage (LOC): 42%
*- File /home/blake/Targets/lua2js/node_modules/lua2js/stdlib.js. Coverage (Term): 11% Coverage (LOC): 26%
*- Re-run with EXPOSE_PRINT_COVERAGE=1 to print line by line coverage information
** ExpoSE Finished. 252 paths with 233 errors **
