
> mahardika-mindmaps@0.7.3 postinstall /root/Targets/mahardika-mindmaps/node_modules/mahardika-mindmaps
> npm install -g jake

/root/.nvm/versions/node/v7.5.0/bin/jake -> /root/.nvm/versions/node/v7.5.0/lib/node_modules/jake/bin/cli.js
/root/.nvm/versions/node/v7.5.0/lib
└─┬ jake@8.0.15 
  ├── async@0.9.2 
  ├─┬ chalk@0.4.0 
  │ ├── ansi-styles@1.0.0 
  │ ├── has-color@0.1.7 
  │ └── strip-ansi@0.1.1 
  ├─┬ filelist@0.0.6 
  │ └── utilities@0.0.37 
  ├─┬ minimatch@3.0.4 
  │ └─┬ brace-expansion@1.1.8 
  │   ├── balanced-match@1.0.0 
  │   └── concat-map@0.0.1 
  └── utilities@1.0.5 

/root/Targets/mahardika-mindmaps
└─┬ mahardika-mindmaps@0.7.3 
  ├── node-static@0.5.9 
  └── uglify-js@1.2.5 

Setup Done exists, not setting up
:../FeatureTester/libs/:/root/Targets/mahardika-mindmaps/node_modules
Set Default Z3_PATH to ./node_modules/z3javascript/bin/libz3.so
ExpoSE Master: /root/ExpoSE/lib/Harness/src/harness.js max concurrent: 16 max paths: 1000000
Setting timeout to 900000
*** [0 done /0 queued / 1 running / 0 errors / 0% coverage ] ****** [0 done /0 queued / 1 running / 0 errors / 0% coverage ] ****** [1 done /0 queued / 0 running / 1 errors / 33% coverage ] ***
*-- Stat Module Output --*
*-- concretizations: ["defineProperty","bound log"]
*-- Stat Module Done --*
*-- Test Case {"_bound":0} start 0.0917 took 3.9731s
*-- Errors occured in test {"_bound":0}
* Error: Error: Cannot find module 'mahardika-mindmaps'
*-- Replay with NO_COMPILE=1 expoSE replay '/root/ExpoSE/lib/Harness/src/harness.js' '{"_bound":0}'
*-- Coverage Data
*- File /root/ExpoSE/lib/Harness/src/harness.js. Coverage (Term): 18% Coverage (LOC): 24%
*- File /root/ExpoSE/lib/S$/bin/symbols.js. Coverage (Term): 16% Coverage (LOC): 34%
*- Re-run with EXPOSE_PRINT_COVERAGE=1 to print line by line coverage information
** ExpoSE Finished. 1 paths with 1 errors **
