
> ws@0.4.20 install /root/Targets/markserv/node_modules/ws
> node install.js

[34m[ws v0.4.20][39m[32m Attempting to compile blazing fast native extensions.[39m
[34m[ws v0.4.20][39m[33m Native code compile failed (but the module will still work):[39m
[34m[ws v0.4.20][39m[33m The native extensions are faster, but not required.[39m
[34m[ws v0.4.20][39m[33m On Windows, native extensions require Visual Studio and Python.[39m
[34m[ws v0.4.20][39m[33m On Unix, native extensions require Python, make and a C++ compiler.[39m
[34m[ws v0.4.20][39m[33m Start npm with --ws:verbose to show compilation output (if any).[39m
/root/Targets/markserv
â””â”€â”¬ markserv@0.1.1 
  â”œâ”€â”€ ansi@0.3.1 
  â”œâ”€â”€ bluebird@3.5.0 
  â”œâ”€â”€ commander@2.11.0 
  â”œâ”€â”¬ connect@3.6.5 
  â”‚ â”œâ”€â”¬ debug@2.6.9 
  â”‚ â”‚ â””â”€â”€ ms@2.0.0 
  â”‚ â”œâ”€â”¬ finalhandler@1.0.6 
  â”‚ â”‚ â””â”€â”€ unpipe@1.0.0 
  â”‚ â”œâ”€â”€ parseurl@1.3.2 
  â”‚ â””â”€â”€ utils-merge@1.0.1 
  â”œâ”€â”€ connect-livereload@0.6.0 
  â”œâ”€â”¬ jsdom@9.12.0 
  â”‚ â”œâ”€â”€ abab@1.0.4 
  â”‚ â”œâ”€â”€ acorn@4.0.13 
  â”‚ â”œâ”€â”€ acorn-globals@3.1.0 
  â”‚ â”œâ”€â”€ array-equal@1.0.0 
  â”‚ â”œâ”€â”€ content-type-parser@1.0.1 
  â”‚ â”œâ”€â”€ cssom@0.3.2 
  â”‚ â”œâ”€â”€ cssstyle@0.2.37 
  â”‚ â”œâ”€â”¬ escodegen@1.9.0 
  â”‚ â”‚ â”œâ”€â”€ esprima@3.1.3 
  â”‚ â”‚ â”œâ”€â”€ estraverse@4.2.0 
  â”‚ â”‚ â”œâ”€â”€ esutils@2.0.2 
  â”‚ â”‚ â””â”€â”¬ optionator@0.8.2 
  â”‚ â”‚   â”œâ”€â”€ deep-is@0.1.3 
  â”‚ â”‚   â”œâ”€â”€ fast-levenshtein@2.0.6 
  â”‚ â”‚   â”œâ”€â”€ levn@0.3.0 
  â”‚ â”‚   â”œâ”€â”€ prelude-ls@1.1.2 
  â”‚ â”‚   â”œâ”€â”€ type-check@0.3.2 
  â”‚ â”‚   â””â”€â”€ wordwrap@1.0.0 
  â”‚ â”œâ”€â”€ html-encoding-sniffer@1.0.1 
  â”‚ â”œâ”€â”€ nwmatcher@1.4.2 
  â”‚ â”œâ”€â”€ parse5@1.5.1 
  â”‚ â”œâ”€â”¬ request@2.83.0 
  â”‚ â”‚ â”œâ”€â”€ aws-sign2@0.7.0 
  â”‚ â”‚ â”œâ”€â”€ aws4@1.6.0 
  â”‚ â”‚ â”œâ”€â”€ caseless@0.12.0 
  â”‚ â”‚ â”œâ”€â”¬ combined-stream@1.0.5 
  â”‚ â”‚ â”‚ â””â”€â”€ delayed-stream@1.0.0 
  â”‚ â”‚ â”œâ”€â”€ extend@3.0.1 
  â”‚ â”‚ â”œâ”€â”€ forever-agent@0.6.1 
  â”‚ â”‚ â”œâ”€â”¬ form-data@2.3.1 
  â”‚ â”‚ â”‚ â””â”€â”€ asynckit@0.4.0 
  â”‚ â”‚ â”œâ”€â”¬ har-validator@5.0.3 
  â”‚ â”‚ â”‚ â”œâ”€â”¬ ajv@5.2.3 
  â”‚ â”‚ â”‚ â”‚ â”œâ”€â”€ co@4.6.0 
  â”‚ â”‚ â”‚ â”‚ â”œâ”€â”€ fast-deep-equal@1.0.0 
  â”‚ â”‚ â”‚ â”‚ â”œâ”€â”€ json-schema-traverse@0.3.1 
  â”‚ â”‚ â”‚ â”‚ â””â”€â”¬ json-stable-stringify@1.0.1 
  â”‚ â”‚ â”‚ â”‚   â””â”€â”€ jsonify@0.0.0 
  â”‚ â”‚ â”‚ â””â”€â”€ har-schema@2.0.0 
  â”‚ â”‚ â”œâ”€â”¬ hawk@6.0.2 
  â”‚ â”‚ â”‚ â”œâ”€â”€ boom@4.3.1 
  â”‚ â”‚ â”‚ â”œâ”€â”¬ cryptiles@3.1.2 
  â”‚ â”‚ â”‚ â”‚ â””â”€â”€ boom@5.2.0 
  â”‚ â”‚ â”‚ â”œâ”€â”€ hoek@4.2.0 
  â”‚ â”‚ â”‚ â””â”€â”€ sntp@2.0.2 
  â”‚ â”‚ â”œâ”€â”¬ http-signature@1.2.0 
  â”‚ â”‚ â”‚ â”œâ”€â”€ assert-plus@1.0.0 
  â”‚ â”‚ â”‚ â”œâ”€â”¬ jsprim@1.4.1 
  â”‚ â”‚ â”‚ â”‚ â”œâ”€â”€ extsprintf@1.3.0 
  â”‚ â”‚ â”‚ â”‚ â”œâ”€â”€ json-schema@0.2.3 
  â”‚ â”‚ â”‚ â”‚ â””â”€â”¬ verror@1.10.0 
  â”‚ â”‚ â”‚ â”‚   â””â”€â”€ core-util-is@1.0.2 
  â”‚ â”‚ â”‚ â””â”€â”¬ sshpk@1.13.1 
  â”‚ â”‚ â”‚   â”œâ”€â”€ asn1@0.2.3 
  â”‚ â”‚ â”‚   â”œâ”€â”€ bcrypt-pbkdf@1.0.1 
  â”‚ â”‚ â”‚   â”œâ”€â”€ dashdash@1.14.1 
  â”‚ â”‚ â”‚   â”œâ”€â”€ ecc-jsbn@0.1.1 
  â”‚ â”‚ â”‚   â”œâ”€â”€ getpass@0.1.7 
  â”‚ â”‚ â”‚   â”œâ”€â”€ jsbn@0.1.1 
  â”‚ â”‚ â”‚   â””â”€â”€ tweetnacl@0.14.5 
  â”‚ â”‚ â”œâ”€â”€ is-typedarray@1.0.0 
  â”‚ â”‚ â”œâ”€â”€ isstream@0.1.2 
  â”‚ â”‚ â”œâ”€â”€ json-stringify-safe@5.0.1 
  â”‚ â”‚ â”œâ”€â”¬ mime-types@2.1.17 
  â”‚ â”‚ â”‚ â””â”€â”€ mime-db@1.30.0 
  â”‚ â”‚ â”œâ”€â”€ oauth-sign@0.8.2 
  â”‚ â”‚ â”œâ”€â”€ performance-now@2.1.0 
  â”‚ â”‚ â”œâ”€â”€ qs@6.5.1 
  â”‚ â”‚ â”œâ”€â”€ safe-buffer@5.1.1 
  â”‚ â”‚ â”œâ”€â”€ stringstream@0.0.5 
  â”‚ â”‚ â”œâ”€â”€ tunnel-agent@0.6.0 
  â”‚ â”‚ â””â”€â”€ uuid@3.1.0 
  â”‚ â”œâ”€â”€ sax@1.2.4 
  â”‚ â”œâ”€â”€ symbol-tree@3.2.2 
  â”‚ â”œâ”€â”¬ tough-cookie@2.3.3 
  â”‚ â”‚ â””â”€â”€ punycode@1.4.1 
  â”‚ â”œâ”€â”€ webidl-conversions@4.0.2 
  â”‚ â”œâ”€â”¬ whatwg-encoding@1.0.1 
  â”‚ â”‚ â””â”€â”€ iconv-lite@0.4.13 
  â”‚ â”œâ”€â”¬ whatwg-url@4.8.0 
  â”‚ â”‚ â”œâ”€â”€ tr46@0.0.3 
  â”‚ â”‚ â””â”€â”€ webidl-conversions@3.0.1 
  â”‚ â””â”€â”€ xml-name-validator@2.0.1 
  â”œâ”€â”¬ less@2.7.2 
  â”‚ â”œâ”€â”¬ errno@0.1.4 
  â”‚ â”‚ â””â”€â”€ prr@0.0.0 
  â”‚ â”œâ”€â”€ graceful-fs@4.1.11 
  â”‚ â”œâ”€â”€ image-size@0.5.5 
  â”‚ â”œâ”€â”¬ mkdirp@0.5.1 
  â”‚ â”‚ â””â”€â”€ minimist@0.0.8 
  â”‚ â”œâ”€â”¬ promise@7.3.1 
  â”‚ â”‚ â””â”€â”€ asap@2.0.6 
  â”‚ â””â”€â”€ source-map@0.5.7 
  â”œâ”€â”¬ livereload@0.3.7 
  â”‚ â””â”€â”€ opts@1.2.6 
  â”œâ”€â”€ livereload-js@2.2.2 
  â”œâ”€â”€ marked@0.3.2  (git://github.com/f1lt3r/marked.git#0cf14b54af437d4c6b384539e1d6023c8c285798)
  â”œâ”€â”€ mime@1.4.1 
  â”œâ”€â”€ open@0.0.5 
  â”œâ”€â”€ openport@0.0.4 
  â”œâ”€â”¬ send@0.14.2 
  â”‚ â”œâ”€â”¬ debug@2.2.0 
  â”‚ â”‚ â””â”€â”€ ms@0.7.1 
  â”‚ â”œâ”€â”€ depd@1.1.1 
  â”‚ â”œâ”€â”€ destroy@1.0.4 
  â”‚ â”œâ”€â”€ encodeurl@1.0.1 
  â”‚ â”œâ”€â”€ escape-html@1.0.3 
  â”‚ â”œâ”€â”€ etag@1.7.0 
  â”‚ â”œâ”€â”€ fresh@0.3.0 
  â”‚ â”œâ”€â”¬ http-errors@1.5.1 
  â”‚ â”‚ â”œâ”€â”€ inherits@2.0.3 
  â”‚ â”‚ â””â”€â”€ setprototypeof@1.0.2 
  â”‚ â”œâ”€â”€ mime@1.3.4 
  â”‚ â”œâ”€â”€ ms@0.7.2 
  â”‚ â”œâ”€â”¬ on-finished@2.3.0 
  â”‚ â”‚ â””â”€â”€ ee-first@1.1.1 
  â”‚ â”œâ”€â”€ range-parser@1.2.0 
  â”‚ â””â”€â”€ statuses@1.3.1 
  â””â”€â”¬ websocket.io@0.2.2  (git://github.com/LearnBoost/websocket.io.git#5f0b3799f50944bc4d1eb58acdef61c38883d6cf)
    â””â”€â”¬ ws@0.4.20 
      â”œâ”€â”€ commander@0.6.1 
      â”œâ”€â”€ options@0.0.6 
      â””â”€â”€ tinycolor@0.0.1 

Setup Done exists, not setting up
:../FeatureTester/libs/:/root/Targets/markserv/node_modules
Set Default Z3_PATH to ./node_modules/z3javascript/bin/libz3.so
ExpoSE Master: /root/ExpoSE/lib/Harness/src/harness.js max concurrent: 16 max paths: 1000000
Setting timeout to 900000
*** [0 done /0 queued / 1 running / 0 errors / 0% coverage ] ****** [0 done /0 queued / 1 running / 0 errors / 0% coverage ] ****** [1 done /0 queued / 0 running / 1 errors / 33% coverage ] ***
*-- Stat Module Output --*
*-- concretizations: ["defineProperty","bound log"]
*-- Stat Module Done --*
*-- Test Case {"_bound":0} start 0.0369 took 1.3077s
*-- Errors occured in test {"_bound":0}
* Error: Error: Cannot find module 'markserv'
*-- Replay with NO_COMPILE=1 expoSE replay '/root/ExpoSE/lib/Harness/src/harness.js' '{"_bound":0}'
*-- Coverage Data
*- File /root/ExpoSE/lib/Harness/src/harness.js. Coverage (Term): 18% Coverage (LOC): 24%
*- File /root/ExpoSE/lib/S$/bin/symbols.js. Coverage (Term): 16% Coverage (LOC): 34%
*- Re-run with EXPOSE_PRINT_COVERAGE=1 to print line by line coverage information
** ExpoSE Finished. 1 paths with 1 errors **
