/root/Targets/mastertest-ui
└─┬ mastertest-ui@0.1.3 
  ├─┬ aurelia-animator-css@1.0.2 
  │ ├── aurelia-metadata@1.0.3 
  │ ├── aurelia-pal@1.4.0 
  │ └─┬ aurelia-templating@1.4.2 
  │   └── aurelia-path@1.1.1 
  ├─┬ aurelia-auth@3.0.5 
  │ ├─┬ aurelia-router@1.3.0 
  │ │ └── aurelia-route-recognizer@1.1.0 
  │ └─┬ isomorphic-fetch@2.2.1 
  │   └─┬ node-fetch@1.7.3 
  │     ├─┬ encoding@0.1.12 
  │     │ └── iconv-lite@0.4.19 
  │     └── is-stream@1.1.0 
  ├─┬ aurelia-bootstrapper@2.1.1 
  │ ├── aurelia-framework@1.1.4 
  │ ├── aurelia-history@1.0.0 
  │ ├── aurelia-history-browser@1.0.0 
  │ ├── aurelia-loader-default@1.0.2 
  │ ├── aurelia-logging-console@1.0.0 
  │ ├── aurelia-pal-browser@1.3.0 
  │ ├── aurelia-polyfills@1.2.2 
  │ ├── aurelia-templating-binding@1.3.0 
  │ ├── aurelia-templating-resources@1.4.0 
  │ └── aurelia-templating-router@1.1.0 
  ├── aurelia-dependency-injection@1.3.2 
  ├─┬ aurelia-event-aggregator@1.0.1 
  │ └── aurelia-logging@1.3.1 
  ├── aurelia-fetch-client@1.1.3 
  ├─┬ aurelia-i18n@1.6.2 
  │ ├── aurelia-binding@1.2.2 
  │ ├── aurelia-loader@1.0.0 
  │ └── intl@1.2.5 
  ├── aurelia-mdl-plugin@0.1.18 
  ├─┬ aurelia-validation@1.1.1 
  │ └── aurelia-task-queue@1.2.0 
  ├── bluebird@3.5.0 
  ├── bootstrap@4.0.0-beta 
  ├── i18next@3.5.2 
  ├── i18next-xhr-backend@1.4.3 
  ├── UNMET PEER DEPENDENCY jquery@2.2.4
  ├── material-design-lite@1.3.0 
  ├── moment@2.18.1 
  ├── nprogress@0.2.0 
  ├── UNMET PEER DEPENDENCY popper.js@^1.11.0
  ├── requirejs@2.3.5 
  ├── underscore@1.8.3 
  └── whatwg-fetch@2.0.3 

Setup Done exists, not setting up
:../FeatureTester/libs/:/root/Targets/mastertest-ui/node_modules
Set Default Z3_PATH to ./node_modules/z3javascript/bin/libz3.so
ExpoSE Master: /root/ExpoSE/lib/Harness/src/harness.js max concurrent: 16 max paths: 1000000
Setting timeout to 900000
*** [0 done /0 queued / 1 running / 0 errors / 0% coverage ] ****** [0 done /0 queued / 1 running / 0 errors / 0% coverage ] ****** [1 done /0 queued / 0 running / 1 errors / 33% coverage ] ***
*-- Stat Module Output --*
*-- concretizations: ["defineProperty","bound log"]
*-- Stat Module Done --*
*-- Test Case {"_bound":0} start 0.0444 took 3.2129s
*-- Errors occured in test {"_bound":0}
* Error: Error: Cannot find module 'mastertest-ui'
*-- Replay with NO_COMPILE=1 expoSE replay '/root/ExpoSE/lib/Harness/src/harness.js' '{"_bound":0}'
*-- Coverage Data
*- File /root/ExpoSE/lib/Harness/src/harness.js. Coverage (Term): 18% Coverage (LOC): 24%
*- File /root/ExpoSE/lib/S$/bin/symbols.js. Coverage (Term): 16% Coverage (LOC): 34%
*- Re-run with EXPOSE_PRINT_COVERAGE=1 to print line by line coverage information
** ExpoSE Finished. 1 paths with 1 errors **
