/root/Targets/matthew
└── matthew@1.1.10 

Setup Done exists, not setting up
:../FeatureTester/libs/:/root/Targets/matthew/node_modules
Set Default Z3_PATH to ./node_modules/z3javascript/bin/libz3.so
ExpoSE Master: /root/ExpoSE/lib/Harness/src/harness.js max concurrent: 16 max paths: 1000000
Setting timeout to 900000
*** [0 done /0 queued / 1 running / 0 errors / 0% coverage ] ****** [0 done /0 queued / 1 running / 0 errors / 0% coverage ] ****** [1 done /0 queued / 0 running / 1 errors / 22% coverage ] ***
*-- Stat Module Output --*
*-- concretizations: ["defineProperty","bound log","isArray"]
*-- Stat Module Done --*
*-- Test Case {"_bound":0} start 0.0407 took 11.3512s
*-- Errors occured in test {"_bound":0}
* Error: TypeError: Cannot set property 'matthew' of undefined
*-- Replay with NO_COMPILE=1 expoSE replay '/root/ExpoSE/lib/Harness/src/harness.js' '{"_bound":0}'
*-- Coverage Data
*- File /root/ExpoSE/lib/Harness/src/harness.js. Coverage (Term): 18% Coverage (LOC): 24%
*- File /root/ExpoSE/lib/S$/bin/symbols.js. Coverage (Term): 16% Coverage (LOC): 34%
*- File /root/Targets/matthew/node_modules/matthew/matthew.js. Coverage (Term): 8% Coverage (LOC): 18%
*- File /root/Targets/matthew/node_modules/matthew/scope.js. Coverage (Term): 13% Coverage (LOC): 21%
*- File /root/Targets/matthew/node_modules/matthew/ng-parse.js. Coverage (Term): 11% Coverage (LOC): 21%
*- File /root/Targets/matthew/node_modules/matthew/clone.js. Coverage (Term): 11% Coverage (LOC): 10%
*- File /root/Targets/matthew/node_modules/matthew/each.js. Coverage (Term): 71% Coverage (LOC): 87%
*- File /root/Targets/matthew/node_modules/matthew/validator.js. Coverage (Term): 16% Coverage (LOC): 26%
*- Re-run with EXPOSE_PRINT_COVERAGE=1 to print line by line coverage information
** ExpoSE Finished. 1 paths with 1 errors **
