+ mozu-require-compiler@3.0.2
updated 1 package in 2.607s
Setup Done exists, not setting up
:../FeatureTester/libs/:/home/pbai002/Targets/mozu-require-compiler/node_modules
Set Default Z3_PATH to ./node_modules/z3javascript/bin/libz3.so
ExpoSE Master: /home/pbai002/ExpoSE/lib/Harness/src/harness.js max concurrent: 16 max paths: 1000000
Setting timeout to 900000
*** [0 done /0 queued / 1 running / 0 errors / 0% coverage ] ****** [0 done /0 queued / 1 running / 0 errors / 0% coverage ] ****** [1 done /4 queued / 1 running / 1 errors / 3% coverage ] ****** [1 done /3 queued / 2 running / 1 errors / 3% coverage ] ****** [1 done /2 queued / 3 running / 1 errors / 3% coverage ] ****** [1 done /1 queued / 4 running / 1 errors / 3% coverage ] ****** [1 done /0 queued / 5 running / 1 errors / 3% coverage ] ****** [1 done /0 queued / 5 running / 1 errors / 3% coverage ] ****** [2 done /1 queued / 5 running / 2 errors / 3% coverage ] ****** [2 done /0 queued / 6 running / 2 errors / 3% coverage ] ****** [2 done /0 queued / 6 running / 2 errors / 3% coverage ] ****** [3 done /0 queued / 6 running / 3 errors / 3% coverage ] ****** [3 done /0 queued / 6 running / 3 errors / 3% coverage ] ****** [4 done /1 queued / 6 running / 3 errors / 3% coverage ] ****** [4 done /0 queued / 7 running / 3 errors / 3% coverage ] ****** [4 done /0 queued / 7 running / 3 errors / 3% coverage ] ****** [5 done /2 queued / 7 running / 4 errors / 3% coverage ] ****** [5 done /1 queued / 8 running / 4 errors / 3% coverage ] ****** [5 done /0 queued / 9 running / 4 errors / 3% coverage ] ****** [5 done /0 queued / 9 running / 4 errors / 3% coverage ] ****** [6 done /5 queued / 9 running / 5 errors / 3% coverage ] ****** [6 done /4 queued / 10 running / 5 errors / 3% coverage ] ****** [6 done /3 queued / 11 running / 5 errors / 3% coverage ] ****** [6 done /2 queued / 12 running / 5 errors / 3% coverage ] ****** [6 done /1 queued / 13 running / 5 errors / 3% coverage ] ****** [6 done /0 queued / 14 running / 5 errors / 3% coverage ] ****** [6 done /0 queued / 14 running / 5 errors / 3% coverage ] ****** [7 done /0 queued / 14 running / 6 errors / 3% coverage ] ****** [7 done /0 queued / 14 running / 6 errors / 3% coverage ] ****** [8 done /1 queued / 14 running / 7 errors / 3% coverage ] ****** [8 done /0 queued / 15 running / 7 errors / 3% coverage ] ****** [8 done /0 queued / 15 running / 7 errors / 3% coverage ] ****** [9 done /2 queued / 15 running / 7 errors / 3% coverage ] ****** [9 done /1 queued / 16 running / 7 errors / 3% coverage ] ****** [9 done /1 queued / 16 running / 7 errors / 3% coverage ] ****** [10 done /1 queued / 16 running / 8 errors / 3% coverage ] ****** [10 done /1 queued / 16 running / 8 errors / 3% coverage ] ****** [11 done /5 queued / 16 running / 9 errors / 3% coverage ] ****** [11 done /5 queued / 16 running / 9 errors / 3% coverage ] ****** [12 done /6 queued / 16 running / 10 errors / 3% coverage ] ****** [12 done /6 queued / 16 running / 10 errors / 3% coverage ] ****** [13 done /8 queued / 16 running / 11 errors / 3% coverage ] ****** [13 done /8 queued / 16 running / 11 errors / 3% coverage ] ****** [14 done /11 queued / 16 running / 12 errors / 3% coverage ] ****** [14 done /11 queued / 16 running / 12 errors / 3% coverage ] ****** [15 done /12 queued / 16 running / 12 errors / 3% coverage ] ****** [15 done /12 queued / 16 running / 12 errors / 3% coverage ] ****** [16 done /13 queued / 16 running / 12 errors / 3% coverage ] ****** [16 done /13 queued / 16 running / 12 errors / 3% coverage ] ****** [17 done /13 queued / 16 running / 13 errors / 3% coverage ] ****** [17 done /13 queued / 16 running / 13 errors / 3% coverage ] ****** [18 done /15 queued / 16 running / 13 errors / 3% coverage ] ****** [18 done /15 queued / 16 running / 13 errors / 3% coverage ] ****** [19 done /18 queued / 16 running / 14 errors / 3% coverage ] ****** [19 done /18 queued / 16 running / 14 errors / 3% coverage ] ****** [20 done /23 queued / 16 running / 15 errors / 3% coverage ] ****** [20 done /23 queued / 16 running / 15 errors / 3% coverage ] ****** [21 done /22 queued / 16 running / 16 errors / 3% coverage ] ****** [21 done /22 queued / 16 running / 16 errors / 3% coverage ] ****** [22 done /22 queued / 16 running / 16 errors / 3% coverage ] ****** [22 done /22 queued / 16 running / 16 errors / 3% coverage ] ****** [23 done /22 queued / 16 running / 17 errors / 3% coverage ] ****** [23 done /22 queued / 16 running / 17 errors / 3% coverage ] ****** [24 done /26 queued / 16 running / 18 errors / 3% coverage ] ****** [24 done /26 queued / 16 running / 18 errors / 3% coverage ] ****** [25 done /25 queued / 16 running / 19 errors / 3% coverage ] ****** [25 done /25 queued / 16 running / 19 errors / 3% coverage ] ****** [26 done /26 queued / 16 running / 20 errors / 3% coverage ] ****** [26 done /26 queued / 16 running / 20 errors / 3% coverage ] ****** [27 done /28 queued / 16 running / 21 errors / 3% coverage ] ****** [27 done /28 queued / 16 running / 21 errors / 3% coverage ] ****** [28 done /27 queued / 16 running / 21 errors / 3% coverage ] ****** [28 done /27 queued / 16 running / 21 errors / 3% coverage ] ****** [29 done /33 queued / 16 running / 22 errors / 3% coverage ] ****** [29 done /33 queued / 16 running / 22 errors / 3% coverage ] ****** [30 done /35 queued / 16 running / 22 errors / 3% coverage ] ****** [30 done /35 queued / 16 running / 22 errors / 3% coverage ] ****** [31 done /34 queued / 16 running / 23 errors / 3% coverage ] ****** [31 done /34 queued / 16 running / 23 errors / 3% coverage ] ****** [32 done /39 queued / 16 running / 24 errors / 3% coverage ] ****** [32 done /39 queued / 16 running / 24 errors / 3% coverage ] ****** [33 done /41 queued / 16 running / 24 errors / 3% coverage ] ****** [33 done /41 queued / 16 running / 24 errors / 3% coverage ] ****** [34 done /42 queued / 16 running / 25 errors / 4% coverage ] ****** [34 done /42 queued / 16 running / 25 errors / 4% coverage ] ****** [35 done /46 queued / 16 running / 26 errors / 4% coverage ] ****** [35 done /46 queued / 16 running / 26 errors / 4% coverage ] ****** [36 done /50 queued / 16 running / 27 errors / 4% coverage ] ****** [36 done /50 queued / 16 running / 27 errors / 4% coverage ] ****** [37 done /50 queued / 16 running / 28 errors / 4% coverage ] ****** [37 done /50 queued / 16 running / 28 errors / 4% coverage ] ****** [38 done /53 queued / 16 running / 28 errors / 4% coverage ] ****** [38 done /53 queued / 16 running / 28 errors / 4% coverage ] ****** [39 done /54 queued / 16 running / 28 errors / 4% coverage ] ****** [39 done /54 queued / 16 running / 28 errors / 4% coverage ] ****** [40 done /55 queued / 16 running / 29 errors / 4% coverage ] ****** [40 done /55 queued / 16 running / 29 errors / 4% coverage ] ****** [41 done /57 queued / 16 running / 30 errors / 4% coverage ] ****** [41 done /57 queued / 16 running / 30 errors / 4% coverage ] ****** [42 done /56 queued / 16 running / 31 errors / 4% coverage ] ****** [42 done /56 queued / 16 running / 31 errors / 4% coverage ] ****** [43 done /57 queued / 16 running / 32 errors / 4% coverage ] ****** [43 done /57 queued / 16 running / 32 errors / 4% coverage ] ****** [44 done /63 queued / 16 running / 32 errors / 4% coverage ] ****** [44 done /63 queued / 16 running / 32 errors / 4% coverage ] ****** [45 done /67 queued / 16 running / 33 errors / 4% coverage ] ****** [45 done /67 queued / 16 running / 33 errors / 4% coverage ] ****** [46 done /66 queued / 16 running / 34 errors / 4% coverage ] ****** [46 done /66 queued / 16 running / 34 errors / 4% coverage ] ****** [47 done /65 queued / 16 running / 35 errors / 4% coverage ] ****** [47 done /65 queued / 16 running / 35 errors / 4% coverage ] ****** [48 done /76 queued / 16 running / 36 errors / 4% coverage ] ****** [48 done /76 queued / 16 running / 36 errors / 4% coverage ] ****** [49 done /81 queued / 16 running / 37 errors / 4% coverage ] ****** [49 done /81 queued / 16 running / 37 errors / 4% coverage ] ****** [50 done /82 queued / 16 running / 38 errors / 4% coverage ] ****** [50 done /82 queued / 16 running / 38 errors / 4% coverage ] ****** [51 done /85 queued / 16 running / 39 errors / 4% coverage ] ****** [51 done /85 queued / 16 running / 39 errors / 4% coverage ] ****** [52 done /84 queued / 16 running / 40 errors / 4% coverage ] ****** [52 done /84 queued / 16 running / 40 errors / 4% coverage ] ****** [53 done /88 queued / 16 running / 41 errors / 4% coverage ] ****** [53 done /88 queued / 16 running / 41 errors / 4% coverage ] ****** [54 done /89 queued / 16 running / 41 errors / 4% coverage ] ****** [54 done /89 queued / 16 running / 41 errors / 4% coverage ] ****** [55 done /95 queued / 16 running / 41 errors / 4% coverage ] ****** [55 done /95 queued / 16 running / 41 errors / 4% coverage ] ****** [56 done /94 queued / 16 running / 41 errors / 4% coverage ] ****** [56 done /94 queued / 16 running / 41 errors / 4% coverage ] ****** [57 done /93 queued / 16 running / 41 errors / 4% coverage ] ****** [57 done /93 queued / 16 running / 41 errors / 4% coverage ] ****** [58 done /94 queued / 16 running / 42 errors / 4% coverage ] ****** [58 done /94 queued / 16 running / 42 errors / 4% coverage ] ****** [59 done /94 queued / 16 running / 43 errors / 4% coverage ] ****** [59 done /94 queued / 16 running / 43 errors / 4% coverage ] ****** [60 done /93 queued / 16 running / 44 errors / 4% coverage ] ****** [60 done /93 queued / 16 running / 44 errors / 4% coverage ] ****** [61 done /93 queued / 16 running / 45 errors / 4% coverage ] ****** [61 done /93 queued / 16 running / 45 errors / 4% coverage ] ****** [62 done /92 queued / 16 running / 46 errors / 4% coverage ] ****** [62 done /92 queued / 16 running / 46 errors / 4% coverage ] ****** [63 done /92 queued / 16 running / 46 errors / 4% coverage ] ****** [63 done /92 queued / 16 running / 46 errors / 4% coverage ] ****** [64 done /93 queued / 16 running / 47 errors / 4% coverage ] ****** [64 done /93 queued / 16 running / 47 errors / 4% coverage ] ****** [65 done /99 queued / 16 running / 47 errors / 4% coverage ] ****** [65 done /99 queued / 16 running / 47 errors / 4% coverage ] ****** [66 done /113 queued / 16 running / 48 errors / 4% coverage ] ****** [66 done /113 queued / 16 running / 48 errors / 4% coverage ] ****** [67 done /114 queued / 16 running / 49 errors / 4% coverage ] ****** [67 done /114 queued / 16 running / 49 errors / 4% coverage ] ****** [68 done /119 queued / 16 running / 50 errors / 4% coverage ] ****** [68 done /119 queued / 16 running / 50 errors / 4% coverage ] ****** [69 done /119 queued / 16 running / 50 errors / 4% coverage ] ****** [69 done /119 queued / 16 running / 50 errors / 4% coverage ] ****** [70 done /122 queued / 16 running / 51 errors / 4% coverage ] ****** [70 done /122 queued / 16 running / 51 errors / 4% coverage ] ****** [71 done /121 queued / 16 running / 51 errors / 4% coverage ] ****** [71 done /121 queued / 16 running / 51 errors / 4% coverage ] ****** [72 done /120 queued / 16 running / 52 errors / 4% coverage ] ****** [72 done /120 queued / 16 running / 52 errors / 4% coverage ] ****** [73 done /126 queued / 16 running / 52 errors / 4% coverage ] ****** [73 done /126 queued / 16 running / 52 errors / 4% coverage ] ****** [74 done /126 queued / 16 running / 52 errors / 4% coverage ] ****** [74 done /126 queued / 16 running / 52 errors / 4% coverage ] ****** [75 done /126 queued / 16 running / 52 errors / 4% coverage ] ****** [75 done /126 queued / 16 running / 52 errors / 4% coverage ] ****** [76 done /126 queued / 16 running / 52 errors / 4% coverage ] ****** [76 done /126 queued / 16 running / 52 errors / 4% coverage ] ****** [77 done /126 queued / 16 running / 52 errors / 4% coverage ] ****** [77 done /126 queued / 16 running / 52 errors / 4% coverage ] ****** [78 done /125 queued / 16 running / 52 errors / 4% coverage ] ****** [78 done /125 queued / 16 running / 52 errors / 4% coverage ] ****** [79 done /125 queued / 16 running / 53 errors / 4% coverage ] ****** [79 done /125 queued / 16 running / 53 errors / 4% coverage ] ****** [80 done /124 queued / 16 running / 53 errors / 4% coverage ] ****** [80 done /124 queued / 16 running / 53 errors / 4% coverage ] ****** [81 done /124 queued / 16 running / 54 errors / 4% coverage ] ****** [81 done /124 queued / 16 running / 54 errors / 4% coverage ] ****** [82 done /125 queued / 16 running / 55 errors / 4% coverage ] ****** [82 done /125 queued / 16 running / 55 errors / 4% coverage ] ****** [83 done /128 queued / 16 running / 56 errors / 4% coverage ] ****** [83 done /128 queued / 16 running / 56 errors / 4% coverage ] ****** [84 done /127 queued / 16 running / 56 errors / 4% coverage ] ****** [84 done /127 queued / 16 running / 56 errors / 4% coverage ] ****** [85 done /126 queued / 16 running / 57 errors / 4% coverage ] ****** [85 done /126 queued / 16 running / 57 errors / 4% coverage ] ****** [86 done /125 queued / 16 running / 58 errors / 4% coverage ] ****** [86 done /125 queued / 16 running / 58 errors / 4% coverage ] ****** [87 done /124 queued / 16 running / 58 errors / 4% coverage ] ****** [87 done /124 queued / 16 running / 58 errors / 4% coverage ] ****** [88 done /124 queued / 16 running / 58 errors / 4% coverage ] ****** [88 done /124 queued / 16 running / 58 errors / 4% coverage ] ****** [89 done /123 queued / 16 running / 59 errors / 4% coverage ] ****** [89 done /123 queued / 16 running / 59 errors / 4% coverage ] ****** [90 done /123 queued / 16 running / 60 errors / 4% coverage ] ****** [90 done /123 queued / 16 running / 60 errors / 4% coverage ] ****** [91 done /127 queued / 16 running / 61 errors / 4% coverage ] ****** [91 done /127 queued / 16 running / 61 errors / 4% coverage ] ****** [92 done /127 queued / 16 running / 62 errors / 4% coverage ] ****** [92 done /127 queued / 16 running / 62 errors / 4% coverage ] ****** [93 done /127 queued / 16 running / 63 errors / 4% coverage ] ****** [93 done /127 queued / 16 running / 63 errors / 4% coverage ] ****** [94 done /128 queued / 16 running / 64 errors / 4% coverage ] ****** [94 done /128 queued / 16 running / 64 errors / 4% coverage ] ****** [95 done /129 queued / 16 running / 64 errors / 4% coverage ] ****** [95 done /129 queued / 16 running / 64 errors / 4% coverage ] ****** [96 done /128 queued / 16 running / 65 errors / 4% coverage ] ****** [96 done /128 queued / 16 running / 65 errors / 4% coverage ] ****** [97 done /127 queued / 16 running / 66 errors / 4% coverage ] ****** [97 done /127 queued / 16 running / 66 errors / 4% coverage ] ****** [98 done /128 queued / 16 running / 67 errors / 4% coverage ] ****** [98 done /128 queued / 16 running / 67 errors / 4% coverage ] ****** [99 done /129 queued / 16 running / 68 errors / 4% coverage ] ****** [99 done /129 queued / 16 running / 68 errors / 4% coverage ] ****** [100 done /131 queued / 16 running / 69 errors / 4% coverage ] ****** [100 done /131 queued / 16 running / 69 errors / 4% coverage ] ****** [101 done /132 queued / 16 running / 70 errors / 4% coverage ] ****** [101 done /132 queued / 16 running / 70 errors / 4% coverage ] ****** [102 done /135 queued / 16 running / 71 errors / 4% coverage ] ****** [102 done /135 queued / 16 running / 71 errors / 4% coverage ] ****** [103 done /135 queued / 16 running / 71 errors / 4% coverage ] ****** [103 done /135 queued / 16 running / 71 errors / 4% coverage ] ****** [104 done /134 queued / 16 running / 71 errors / 4% coverage ] ****** [104 done /134 queued / 16 running / 71 errors / 4% coverage ] ****** [105 done /133 queued / 16 running / 72 errors / 4% coverage ] ****** [105 done /133 queued / 16 running / 72 errors / 4% coverage ] ****** [106 done /134 queued / 16 running / 73 errors / 4% coverage ] ****** [106 done /134 queued / 16 running / 73 errors / 4% coverage ] ****** [107 done /134 queued / 16 running / 73 errors / 4% coverage ] ****** [107 done /134 queued / 16 running / 73 errors / 4% coverage ] ****** [108 done /137 queued / 16 running / 74 errors / 4% coverage ] ****** [108 done /137 queued / 16 running / 74 errors / 4% coverage ] ****** [109 done /142 queued / 16 running / 75 errors / 4% coverage ] ****** [109 done /142 queued / 16 running / 75 errors / 4% coverage ] ****** [110 done /141 queued / 16 running / 75 errors / 4% coverage ] ****** [110 done /141 queued / 16 running / 75 errors / 4% coverage ] ****** [111 done /141 queued / 16 running / 75 errors / 4% coverage ] ****** [111 done /141 queued / 16 running / 75 errors / 4% coverage ] ****** [112 done /140 queued / 16 running / 76 errors / 4% coverage ] ****** [112 done /140 queued / 16 running / 76 errors / 4% coverage ] ****** [113 done /142 queued / 16 running / 77 errors / 4% coverage ] ****** [113 done /142 queued / 16 running / 77 errors / 4% coverage ] ****** [114 done /142 queued / 16 running / 77 errors / 4% coverage ] ****** [114 done /142 queued / 16 running / 77 errors / 4% coverage ] ****** [115 done /142 queued / 16 running / 77 errors / 4% coverage ] ****** [115 done /142 queued / 16 running / 77 errors / 4% coverage ] ****** [116 done /141 queued / 16 running / 77 errors / 4% coverage ] ****** [116 done /141 queued / 16 running / 77 errors / 4% coverage ] ****** [117 done /143 queued / 16 running / 78 errors / 4% coverage ] ****** [117 done /143 queued / 16 running / 78 errors / 4% coverage ] ****** [118 done /142 queued / 16 running / 78 errors / 4% coverage ] ****** [118 done /142 queued / 16 running / 78 errors / 4% coverage ] ****** [119 done /142 queued / 16 running / 78 errors / 4% coverage ] ****** [119 done /142 queued / 16 running / 78 errors / 4% coverage ] ****** [120 done /141 queued / 16 running / 79 errors / 4% coverage ] ****** [120 done /141 queued / 16 running / 79 errors / 4% coverage ] ****** [121 done /140 queued / 16 running / 80 errors / 4% coverage ] ****** [121 done /140 queued / 16 running / 80 errors / 4% coverage ] ****** [122 done /140 queued / 16 running / 81 errors / 4% coverage ] ****** [122 done /140 queued / 16 running / 81 errors / 4% coverage ] ****** [123 done /140 queued / 16 running / 81 errors / 4% coverage ] ****** [123 done /140 queued / 16 running / 81 errors / 4% coverage ] ****** [124 done /139 queued / 16 running / 81 errors / 4% coverage ] ****** [124 done /139 queued / 16 running / 81 errors / 4% coverage ] ****** [125 done /139 queued / 16 running / 81 errors / 4% coverage ] ****** [125 done /139 queued / 16 running / 81 errors / 4% coverage ] ****** [126 done /138 queued / 16 running / 82 errors / 4% coverage ] ****** [126 done /138 queued / 16 running / 82 errors / 4% coverage ] ****** [127 done /139 queued / 16 running / 83 errors / 4% coverage ] ****** [127 done /139 queued / 16 running / 83 errors / 4% coverage ] ****** [128 done /138 queued / 16 running / 84 errors / 4% coverage ] ****** [128 done /138 queued / 16 running / 84 errors / 4% coverage ] ****** [129 done /142 queued / 16 running / 85 errors / 4% coverage ] ****** [129 done /142 queued / 16 running / 85 errors / 4% coverage ] ****** [130 done /142 queued / 16 running / 86 errors / 4% coverage ] ****** [130 done /142 queued / 16 running / 86 errors / 4% coverage ] ****** [131 done /142 queued / 16 running / 87 errors / 4% coverage ] ****** [131 done /142 queued / 16 running / 87 errors / 4% coverage ] ****** [132 done /145 queued / 16 running / 88 errors / 4% coverage ] ****** [132 done /145 queued / 16 running / 88 errors / 4% coverage ] ****** [133 done /144 queued / 16 running / 89 errors / 4% coverage ] ****** [133 done /144 queued / 16 running / 89 errors / 4% coverage ] ****** [134 done /145 queued / 16 running / 90 errors / 4% coverage ] ****** [134 done /145 queued / 16 running / 90 errors / 4% coverage ] ****** [135 done /149 queued / 16 running / 91 errors / 4% coverage ] ****** [135 done /149 queued / 16 running / 91 errors / 4% coverage ] ****** [136 done /148 queued / 16 running / 92 errors / 4% coverage ] ****** [136 done /148 queued / 16 running / 92 errors / 4% coverage ] ****** [137 done /148 queued / 16 running / 93 errors / 4% coverage ] ****** [137 done /148 queued / 16 running / 93 errors / 4% coverage ] ****** [138 done /149 queued / 16 running / 94 errors / 4% coverage ] ****** [138 done /149 queued / 16 running / 94 errors / 4% coverage ] ****** [139 done /149 queued / 16 running / 95 errors / 4% coverage ] ****** [139 done /149 queued / 16 running / 95 errors / 4% coverage ] ****** [140 done /150 queued / 16 running / 96 errors / 4% coverage ] ****** [140 done /150 queued / 16 running / 96 errors / 4% coverage ] ****** [141 done /149 queued / 16 running / 96 errors / 4% coverage ] ****** [141 done /149 queued / 16 running / 96 errors / 4% coverage ] ****** [142 done /150 queued / 16 running / 97 errors / 4% coverage ] ****** [142 done /150 queued / 16 running / 97 errors / 4% coverage ] ****** [143 done /149 queued / 16 running / 97 errors / 4% coverage ] ****** [143 done /149 queued / 16 running / 97 errors / 4% coverage ] ****** [144 done /148 queued / 16 running / 98 errors / 4% coverage ] ****** [144 done /148 queued / 16 running / 98 errors / 4% coverage ] ****** [145 done /148 queued / 16 running / 99 errors / 4% coverage ] ****** [145 done /148 queued / 16 running / 99 errors / 4% coverage ] ****** [146 done /149 queued / 16 running / 100 errors / 4% coverage ] ****** [146 done /149 queued / 16 running / 100 errors / 4% coverage ] ****** [147 done /148 queued / 16 running / 101 errors / 4% coverage ] ****** [147 done /148 queued / 16 running / 101 errors / 4% coverage ] ****** [148 done /147 queued / 16 running / 102 errors / 4% coverage ] ****** [148 done /147 queued / 16 running / 102 errors / 4% coverage ] ****** [149 done /146 queued / 16 running / 103 errors / 4% coverage ] ****** [149 done /146 queued / 16 running / 103 errors / 4% coverage ] ****** [150 done /149 queued / 16 running / 104 errors / 4% coverage ] ****** [150 done /149 queued / 16 running / 104 errors / 4% coverage ] ****** [151 done /152 queued / 16 running / 105 errors / 4% coverage ] ****** [151 done /152 queued / 16 running / 105 errors / 4% coverage ] ****** [152 done /151 queued / 16 running / 105 errors / 4% coverage ] ****** [152 done /151 queued / 16 running / 105 errors / 4% coverage ] ****** [153 done /150 queued / 16 running / 106 errors / 4% coverage ] ****** [153 done /150 queued / 16 running / 106 errors / 4% coverage ] ****** [154 done /149 queued / 16 running / 107 errors / 4% coverage ] ****** [154 done /149 queued / 16 running / 107 errors / 4% coverage ] ****** [155 done /148 queued / 16 running / 107 errors / 4% coverage ] ****** [155 done /148 queued / 16 running / 107 errors / 4% coverage ] ****** [156 done /154 queued / 16 running / 108 errors / 4% coverage ] ****** [156 done /154 queued / 16 running / 108 errors / 4% coverage ] ****** [157 done /153 queued / 16 running / 109 errors / 4% coverage ] ****** [157 done /153 queued / 16 running / 109 errors / 4% coverage ] ****** [158 done /158 queued / 16 running / 110 errors / 4% coverage ] ****** [158 done /158 queued / 16 running / 110 errors / 4% coverage ] ****** [159 done /157 queued / 16 running / 111 errors / 4% coverage ] ****** [159 done /157 queued / 16 running / 111 errors / 4% coverage ] ****** [160 done /159 queued / 16 running / 112 errors / 4% coverage ] ****** [160 done /159 queued / 16 running / 112 errors / 4% coverage ] ****** [161 done /158 queued / 16 running / 113 errors / 4% coverage ] ****** [161 done /158 queued / 16 running / 113 errors / 4% coverage ] ****** [162 done /159 queued / 16 running / 113 errors / 4% coverage ] ****** [162 done /159 queued / 16 running / 113 errors / 4% coverage ] ****** [163 done /161 queued / 16 running / 113 errors / 4% coverage ] ****** [163 done /161 queued / 16 running / 113 errors / 4% coverage ] ****** [164 done /160 queued / 16 running / 114 errors / 4% coverage ] ****** [164 done /160 queued / 16 running / 114 errors / 4% coverage ] ****** [165 done /161 queued / 16 running / 115 errors / 4% coverage ] ****** [165 done /161 queued / 16 running / 115 errors / 4% coverage ] ****** [166 done /166 queued / 16 running / 116 errors / 4% coverage ] ****** [166 done /166 queued / 16 running / 116 errors / 4% coverage ] ****** [167 done /166 queued / 16 running / 116 errors / 4% coverage ] ****** [167 done /166 queued / 16 running / 116 errors / 4% coverage ] ****** [168 done /169 queued / 16 running / 117 errors / 4% coverage ] ****** [168 done /169 queued / 16 running / 117 errors / 4% coverage ] ****** [169 done /170 queued / 16 running / 118 errors / 4% coverage ] ****** [169 done /170 queued / 16 running / 118 errors / 4% coverage ] ****** [170 done /170 queued / 16 running / 118 errors / 4% coverage ] ****** [170 done /170 queued / 16 running / 118 errors / 4% coverage ] ****** [171 done /169 queued / 16 running / 118 errors / 4% coverage ] ****** [171 done /169 queued / 16 running / 118 errors / 4% coverage ] ****** [172 done /168 queued / 16 running / 118 errors / 4% coverage ] ****** [172 done /168 queued / 16 running / 118 errors / 4% coverage ] ****** [173 done /169 queued / 16 running / 119 errors / 4% coverage ] ****** [173 done /169 queued / 16 running / 119 errors / 4% coverage ] ****** [174 done /168 queued / 16 running / 120 errors / 4% coverage ] ****** [174 done /168 queued / 16 running / 120 errors / 4% coverage ] ****** [175 done /169 queued / 16 running / 121 errors / 4% coverage ] ****** [175 done /169 queued / 16 running / 121 errors / 4% coverage ] ****** [176 done /171 queued / 16 running / 122 errors / 4% coverage ] ****** [176 done /171 queued / 16 running / 122 errors / 4% coverage ] ****** [177 done /173 queued / 16 running / 122 errors / 4% coverage ] ****** [177 done /173 queued / 16 running / 122 errors / 4% coverage ] ****** [178 done /172 queued / 16 running / 123 errors / 4% coverage ] ****** [178 done /172 queued / 16 running / 123 errors / 4% coverage ] ****** [179 done /174 queued / 16 running / 123 errors / 4% coverage ] ****** [179 done /174 queued / 16 running / 123 errors / 4% coverage ] ****** [180 done /173 queued / 16 running / 124 errors / 4% coverage ] ****** [180 done /173 queued / 16 running / 124 errors / 4% coverage ] ****** [181 done /182 queued / 16 running / 124 errors / 4% coverage ] ****** [181 done /182 queued / 16 running / 124 errors / 4% coverage ] ****** [182 done /186 queued / 16 running / 125 errors / 4% coverage ] ****** [182 done /186 queued / 16 running / 125 errors / 4% coverage ] ****** [183 done /189 queued / 16 running / 126 errors / 4% coverage ] ****** [183 done /189 queued / 16 running / 126 errors / 4% coverage ] ****** [184 done /188 queued / 16 running / 127 errors / 4% coverage ] ****** [184 done /188 queued / 16 running / 127 errors / 4% coverage ] ****** [185 done /194 queued / 16 running / 127 errors / 4% coverage ] ****** [185 done /194 queued / 16 running / 127 errors / 4% coverage ] ****** [186 done /193 queued / 16 running / 128 errors / 4% coverage ] ****** [186 done /193 queued / 16 running / 128 errors / 4% coverage ] ****** [187 done /201 queued / 16 running / 128 errors / 4% coverage ] ****** [187 done /201 queued / 16 running / 128 errors / 4% coverage ] ****** [188 done /200 queued / 16 running / 128 errors / 4% coverage ] ****** [188 done /200 queued / 16 running / 128 errors / 4% coverage ] ****** [189 done /206 queued / 16 running / 128 errors / 4% coverage ] ****** [189 done /206 queued / 16 running / 128 errors / 4% coverage ] ****** [190 done /205 queued / 16 running / 128 errors / 4% coverage ] ****** [190 done /205 queued / 16 running / 128 errors / 4% coverage ] ****** [191 done /204 queued / 16 running / 128 errors / 4% coverage ] ****** [191 done /204 queued / 16 running / 128 errors / 4% coverage ] ****** [192 done /203 queued / 16 running / 128 errors / 4% coverage ] ****** [192 done /203 queued / 16 running / 128 errors / 4% coverage ] ****** [193 done /203 queued / 16 running / 128 errors / 4% coverage ] ****** [193 done /203 queued / 16 running / 128 errors / 4% coverage ] ****** [194 done /204 queued / 16 running / 129 errors / 4% coverage ] ****** [194 done /204 queued / 16 running / 129 errors / 4% coverage ] ****** [195 done /211 queued / 16 running / 129 errors / 4% coverage ] ****** [195 done /211 queued / 16 running / 129 errors / 4% coverage ] ****** [196 done /211 queued / 16 running / 129 errors / 4% coverage ] ****** [196 done /211 queued / 16 running / 129 errors / 4% coverage ] ****** [197 done /211 queued / 16 running / 129 errors / 4% coverage ] ****** [197 done /211 queued / 16 running / 129 errors / 4% coverage ] ****** [198 done /211 queued / 16 running / 129 errors / 4% coverage ] ****** [198 done /211 queued / 16 running / 129 errors / 4% coverage ] ****** [199 done /210 queued / 16 running / 129 errors / 4% coverage ] ****** [199 done /210 queued / 16 running / 129 errors / 4% coverage ] ****** [200 done /209 queued / 16 running / 129 errors / 4% coverage ] ****** [200 done /209 queued / 16 running / 129 errors / 4% coverage ] ****** [201 done /209 queued / 16 running / 129 errors / 4% coverage ] ****** [201 done /209 queued / 16 running / 129 errors / 4% coverage ] ****** [202 done /209 queued / 16 running / 129 errors / 4% coverage ] ****** [202 done /209 queued / 16 running / 129 errors / 4% coverage ] ****** [203 done /208 queued / 16 running / 129 errors / 4% coverage ] ****** [203 done /208 queued / 16 running / 129 errors / 4% coverage ] ****** [204 done /213 queued / 16 running / 129 errors / 4% coverage ] ****** [204 done /213 queued / 16 running / 129 errors / 4% coverage ] ****** [205 done /213 queued / 16 running / 129 errors / 4% coverage ] ****** [205 done /213 queued / 16 running / 129 errors / 4% coverage ] ****** [206 done /213 queued / 16 running / 129 errors / 4% coverage ] ****** [206 done /213 queued / 16 running / 129 errors / 4% coverage ] ****** [207 done /214 queued / 16 running / 130 errors / 4% coverage ] ****** [207 done /214 queued / 16 running / 130 errors / 4% coverage ] ****** [208 done /215 queued / 16 running / 131 errors / 4% coverage ] ****** [208 done /215 queued / 16 running / 131 errors / 4% coverage ] ****** [209 done /220 queued / 16 running / 132 errors / 5% coverage ] ****** [209 done /220 queued / 16 running / 132 errors / 5% coverage ] ****** [210 done /220 queued / 16 running / 132 errors / 5% coverage ] ****** [210 done /220 queued / 16 running / 132 errors / 5% coverage ] ****** [211 done /225 queued / 16 running / 132 errors / 5% coverage ] ****** [211 done /225 queued / 16 running / 132 errors / 5% coverage ] ****** [212 done /230 queued / 16 running / 132 errors / 5% coverage ] ****** [212 done /230 queued / 16 running / 132 errors / 5% coverage ] ****** [213 done /231 queued / 16 running / 132 errors / 5% coverage ] ****** [213 done /231 queued / 16 running / 132 errors / 5% coverage ] ****** [214 done /231 queued / 16 running / 132 errors / 5% coverage ] ****** [214 done /231 queued / 16 running / 132 errors / 5% coverage ] ****** [215 done /231 queued / 16 running / 132 errors / 5% coverage ] ****** [215 done /231 queued / 16 running / 132 errors / 5% coverage ] ****** [216 done /231 queued / 16 running / 132 errors / 5% coverage ] ****** [216 done /231 queued / 16 running / 132 errors / 5% coverage ] ****** [217 done /231 queued / 16 running / 132 errors / 5% coverage ] ****** [217 done /231 queued / 16 running / 132 errors / 5% coverage ] ****** [218 done /231 queued / 16 running / 132 errors / 5% coverage ] ****** [218 done /231 queued / 16 running / 132 errors / 5% coverage ] ****** [219 done /236 queued / 16 running / 133 errors / 5% coverage ] ****** [219 done /236 queued / 16 running / 133 errors / 5% coverage ] ****** [220 done /236 queued / 16 running / 133 errors / 5% coverage ] ****** [220 done /236 queued / 16 running / 133 errors / 5% coverage ] ****** [221 done /237 queued / 16 running / 133 errors / 5% coverage ] ****** [221 done /237 queued / 16 running / 133 errors / 5% coverage ] ****** [222 done /237 queued / 16 running / 133 errors / 5% coverage ] ****** [222 done /237 queued / 16 running / 133 errors / 5% coverage ] ****** [223 done /237 queued / 16 running / 133 errors / 5% coverage ] ****** [223 done /237 queued / 16 running / 133 errors / 5% coverage ] ****** [224 done /240 queued / 16 running / 133 errors / 5% coverage ] ****** [224 done /240 queued / 16 running / 133 errors / 5% coverage ] ****** [225 done /243 queued / 16 running / 133 errors / 5% coverage ] ****** [225 done /243 queued / 16 running / 133 errors / 5% coverage ] ****** [226 done /246 queued / 16 running / 133 errors / 5% coverage ] ****** [226 done /246 queued / 16 running / 133 errors / 5% coverage ] ****** [227 done /247 queued / 16 running / 134 errors / 5% coverage ] ****** [227 done /247 queued / 16 running / 134 errors / 5% coverage ] ****** [228 done /247 queued / 16 running / 134 errors / 5% coverage ] ****** [228 done /247 queued / 16 running / 134 errors / 5% coverage ] ****** [229 done /248 queued / 16 running / 135 errors / 5% coverage ] ****** [229 done /248 queued / 16 running / 135 errors / 5% coverage ] ****** [230 done /247 queued / 16 running / 135 errors / 5% coverage ] ****** [230 done /247 queued / 16 running / 135 errors / 5% coverage ] ****** [231 done /246 queued / 16 running / 136 errors / 5% coverage ] ****** [231 done /246 queued / 16 running / 136 errors / 5% coverage ] ****** [232 done /245 queued / 16 running / 136 errors / 5% coverage ] ****** [232 done /245 queued / 16 running / 136 errors / 5% coverage ] ****** [233 done /245 queued / 16 running / 136 errors / 5% coverage ] ****** [233 done /245 queued / 16 running / 136 errors / 5% coverage ] ****** [234 done /245 queued / 16 running / 136 errors / 5% coverage ] ****** [234 done /245 queued / 16 running / 136 errors / 5% coverage ] ****** [235 done /245 queued / 16 running / 136 errors / 5% coverage ] ****** [235 done /245 queued / 16 running / 136 errors / 5% coverage ] ****** [236 done /246 queued / 16 running / 136 errors / 5% coverage ] ****** [236 done /246 queued / 16 running / 136 errors / 5% coverage ] ****** [237 done /245 queued / 16 running / 137 errors / 5% coverage ] ****** [237 done /245 queued / 16 running / 137 errors / 5% coverage ] ****** [238 done /246 queued / 16 running / 138 errors / 5% coverage ] ****** [238 done /246 queued / 16 running / 138 errors / 5% coverage ] ****** [239 done /247 queued / 16 running / 139 errors / 5% coverage ] ****** [239 done /247 queued / 16 running / 139 errors / 5% coverage ] ****** [240 done /247 queued / 16 running / 139 errors / 5% coverage ] ****** [240 done /247 queued / 16 running / 139 errors / 5% coverage ] ****** [241 done /250 queued / 16 running / 139 errors / 5% coverage ] ****** [241 done /250 queued / 16 running / 139 errors / 5% coverage ] ****** [242 done /250 queued / 16 running / 139 errors / 5% coverage ] ****** [242 done /250 queued / 16 running / 139 errors / 5% coverage ] ****** [243 done /249 queued / 16 running / 140 errors / 5% coverage ] ****** [243 done /249 queued / 16 running / 140 errors / 5% coverage ] ****** [244 done /248 queued / 16 running / 141 errors / 5% coverage ] ****** [244 done /248 queued / 16 running / 141 errors / 5% coverage ] ****** [245 done /247 queued / 16 running / 142 errors / 5% coverage ] ****** [245 done /247 queued / 16 running / 142 errors / 5% coverage ] ****** [246 done /246 queued / 16 running / 142 errors / 5% coverage ] ****** [246 done /246 queued / 16 running / 142 errors / 5% coverage ] ****** [247 done /247 queued / 16 running / 142 errors / 5% coverage ] ****** [247 done /247 queued / 16 running / 142 errors / 5% coverage ] ****** [248 done /248 queued / 16 running / 142 errors / 5% coverage ] ****** [248 done /248 queued / 16 running / 142 errors / 5% coverage ] ****** [249 done /251 queued / 16 running / 142 errors / 5% coverage ] ****** [249 done /251 queued / 16 running / 142 errors / 5% coverage ] ****** [250 done /254 queued / 16 running / 143 errors / 5% coverage ] ****** [250 done /254 queued / 16 running / 143 errors / 5% coverage ] ****** [251 done /256 queued / 16 running / 144 errors / 5% coverage ] ****** [251 done /256 queued / 16 running / 144 errors / 5% coverage ] ****** [252 done /255 queued / 16 running / 145 errors / 5% coverage ] ****** [252 done /255 queued / 16 running / 145 errors / 5% coverage ] ****** [253 done /258 queued / 16 running / 145 errors / 5% coverage ] ****** [253 done /258 queued / 16 running / 145 errors / 5% coverage ] ****** [254 done /259 queued / 16 running / 145 errors / 5% coverage ] ****** [254 done /259 queued / 16 running / 145 errors / 5% coverage ] ****** [255 done /259 queued / 16 running / 145 errors / 5% coverage ] ****** [255 done /259 queued / 16 running / 145 errors / 5% coverage ] ****** [256 done /262 queued / 16 running / 146 errors / 5% coverage ] ****** [256 done /262 queued / 16 running / 146 errors / 5% coverage ] ****** [257 done /265 queued / 16 running / 146 errors / 5% coverage ] ****** [257 done /265 queued / 16 running / 146 errors / 5% coverage ] ****** [258 done /266 queued / 16 running / 147 errors / 5% coverage ] ****** [258 done /266 queued / 16 running / 147 errors / 5% coverage ] ****** [259 done /267 queued / 16 running / 148 errors / 5% coverage ] ****** [259 done /267 queued / 16 running / 148 errors / 5% coverage ] ****** [260 done /268 queued / 16 running / 149 errors / 5% coverage ] ****** [260 done /268 queued / 16 running / 149 errors / 5% coverage ] ****** [261 done /269 queued / 16 running / 149 errors / 5% coverage ] ****** [261 done /269 queued / 16 running / 149 errors / 5% coverage ] ****** [262 done /272 queued / 16 running / 150 errors / 5% coverage ] ****** [262 done /272 queued / 16 running / 150 errors / 5% coverage ] ****** [263 done /273 queued / 16 running / 150 errors / 5% coverage ] ****** [263 done /273 queued / 16 running / 150 errors / 5% coverage ] ****** [264 done /273 queued / 16 running / 150 errors / 5% coverage ] ****** [264 done /273 queued / 16 running / 150 errors / 5% coverage ] ****** [265 done /274 queued / 16 running / 151 errors / 5% coverage ] ****** [265 done /274 queued / 16 running / 151 errors / 5% coverage ] ****** [266 done /273 queued / 16 running / 152 errors / 5% coverage ] ****** [266 done /273 queued / 16 running / 152 errors / 5% coverage ] ****** [267 done /272 queued / 16 running / 153 errors / 5% coverage ] ****** [267 done /272 queued / 16 running / 153 errors / 5% coverage ] ****** [268 done /273 queued / 16 running / 153 errors / 5% coverage ] ****** [268 done /273 queued / 16 running / 153 errors / 5% coverage ] ****** [269 done /273 queued / 16 running / 153 errors / 5% coverage ] ****** [269 done /273 queued / 16 running / 153 errors / 5% coverage ] ***
*-- Stat Module Output --*
*-- concretizations: ["defineProperty","bound consoleCall","call","pop","join","toString","apply","bound ","Date","getTime","lastIndexOf","Error"]
*-- regex: 373
*-- Stat Module Done --*
*-- Test Case {"_bound":0,"Switcher":false,"Target_Switch_Base":0,"ExpansionArg_type":0,"ExpandedSwitcher":0,"ExpansionArg_type_2":0} start 0.0139 took 16.0856s
*-- Errors occured in test {"_bound":0,"Switcher":false,"Target_Switch_Base":0,"ExpansionArg_type":0,"ExpandedSwitcher":0,"ExpansionArg_type_2":0}
* Error: TypeError: Cannot read property 'lastIndexOf' of undefined
*-- Replay with NO_COMPILE=1 expoSE replay '/home/pbai002/ExpoSE/lib/Harness/src/harness.js' '{"_bound":0}'
*-- Test Case {"Switcher":false,"Target_Switch_Base":1,"ExpansionArg_type":0,"ExpandedSwitcher":0,"ExpansionArg_type_2":0,"_bound":2} start 16.4096 took 15.7843s
*-- Errors occured in test {"Switcher":false,"Target_Switch_Base":1,"ExpansionArg_type":0,"ExpandedSwitcher":0,"ExpansionArg_type_2":0,"_bound":2}
* Error: TypeError [ERR_INVALID_CALLBACK]: callback must be a function
*-- Replay with NO_COMPILE=1 expoSE replay '/home/pbai002/ExpoSE/lib/Harness/src/harness.js' '{"Switcher":false,"Target_Switch_Base":1,"ExpansionArg_type":0,"ExpandedSwitcher":0,"ExpansionArg_type_2":0,"_bound":2}'
*-- Test Case {"Switcher":false,"Target_Switch_Base":0,"ExpansionArg_type":0,"ExpandedSwitcher":0,"ExpansionArg_type_2":1,"_bound":5} start 16.2622 took 16.1622s
*-- Errors occured in test {"Switcher":false,"Target_Switch_Base":0,"ExpansionArg_type":0,"ExpandedSwitcher":0,"ExpansionArg_type_2":1,"_bound":5}
* Error: TypeError: Cannot read property 'lastIndexOf' of null
*-- Replay with NO_COMPILE=1 expoSE replay '/home/pbai002/ExpoSE/lib/Harness/src/harness.js' '{"Switcher":false,"Target_Switch_Base":0,"ExpansionArg_type":0,"ExpandedSwitcher":0,"ExpansionArg_type_2":1,"_bound":5}'
*-- Test Case {"Switcher":false,"Target_Switch_Base":0,"ExpansionArg_type":0,"ExpandedSwitcher":1,"ExpansionArg_type_2":0,"_bound":4,"ExpandedSwitcher_2":0} start 16.2943 took 16.4628s
*-- Test Case {"Switcher":false,"Target_Switch_Base":0,"ExpansionArg_type":1,"ExpandedSwitcher":0,"ExpansionArg_type_2":0,"_bound":3} start 16.3445 took 17.3645s
*-- Errors occured in test {"Switcher":false,"Target_Switch_Base":0,"ExpansionArg_type":1,"ExpandedSwitcher":0,"ExpansionArg_type_2":0,"_bound":3}
* Error: TypeError: Cannot read property 'lastIndexOf' of undefined
*-- Replay with NO_COMPILE=1 expoSE replay '/home/pbai002/ExpoSE/lib/Harness/src/harness.js' '{"Switcher":false,"Target_Switch_Base":0,"ExpansionArg_type":1,"ExpandedSwitcher":0,"ExpansionArg_type_2":0,"_bound":3}'
*-- Test Case {"Switcher":true,"Target_Switch_Base":0,"ExpansionArg_type":0,"ExpandedSwitcher":0,"ExpansionArg_type_2":0,"_bound":1,"ExpansionArg_type_3":0,"ExpansionArg_type_4":0,"Target_Switcher":0,"ExpansionArg_type_5":0} start 16.2031 took 18.2198s
*-- Errors occured in test {"Switcher":true,"Target_Switch_Base":0,"ExpansionArg_type":0,"ExpandedSwitcher":0,"ExpansionArg_type_2":0,"_bound":1,"ExpansionArg_type_3":0,"ExpansionArg_type_4":0,"Target_Switcher":0,"ExpansionArg_type_5":0}
* Error: TypeError: Cannot read property 'lastIndexOf' of undefined
*-- Replay with NO_COMPILE=1 expoSE replay '/home/pbai002/ExpoSE/lib/Harness/src/harness.js' '{"Switcher":true,"Target_Switch_Base":0,"ExpansionArg_type":0,"ExpandedSwitcher":0,"ExpansionArg_type_2":0,"_bound":1}'
*-- Test Case {"Switcher":false,"Target_Switch_Base":2,"ExpansionArg_type":0,"_bound":3} start 32.2966 took 19.2834s
*-- Errors occured in test {"Switcher":false,"Target_Switch_Base":2,"ExpansionArg_type":0,"_bound":3}
* Error: TypeError: Cannot read property 'lastIndexOf' of undefined
*-- Replay with NO_COMPILE=1 expoSE replay '/home/pbai002/ExpoSE/lib/Harness/src/harness.js' '{"Switcher":false,"Target_Switch_Base":2,"ExpansionArg_type":0,"_bound":3}'
*-- Test Case {"Switcher":false,"Target_Switch_Base":1,"ExpansionArg_type":2,"_bound":4,"ExpansionArg_int":0} start 32.3269 took 19.5266s
*-- Errors occured in test {"Switcher":false,"Target_Switch_Base":1,"ExpansionArg_type":2,"_bound":4,"ExpansionArg_int":0}
* Error: TypeError [ERR_INVALID_CALLBACK]: callback must be a function
*-- Replay with NO_COMPILE=1 expoSE replay '/home/pbai002/ExpoSE/lib/Harness/src/harness.js' '{"Switcher":false,"Target_Switch_Base":1,"ExpansionArg_type":2,"_bound":4}'
*-- Test Case {"Switcher":false,"Target_Switch_Base":0,"ExpansionArg_type":0,"ExpandedSwitcher":1,"ExpansionArg_type_2":2,"ExpandedSwitcher_2":0,"_bound":6,"ExpansionArg_int":0} start 33.0776 took 18.985s
*-- Test Case {"Switcher":false,"Target_Switch_Base":0,"ExpansionArg_type":0,"ExpandedSwitcher":0,"ExpansionArg_type_2":2,"_bound":6,"ExpansionArg_int":0} start 32.5372 took 19.5255s
*-- Errors occured in test {"Switcher":false,"Target_Switch_Base":0,"ExpansionArg_type":0,"ExpandedSwitcher":0,"ExpansionArg_type_2":2,"_bound":6,"ExpansionArg_int":0}
* Error: TypeError: Function.prototype.apply was called on undefined, which is a undefined and not a function
*-- Replay with NO_COMPILE=1 expoSE replay '/home/pbai002/ExpoSE/lib/Harness/src/harness.js' '{"Switcher":false,"Target_Switch_Base":0,"ExpansionArg_type":0,"ExpandedSwitcher":0,"ExpansionArg_type_2":2,"_bound":6}'
*-- Test Case {"Switcher":true,"ExpansionArg_type":0,"ExpansionArg_type_2":1,"ExpansionArg_type_3":0,"ExpansionArg_type_4":0,"Target_Switcher":0,"ExpansionArg_type_5":0,"_bound":3} start 34.5632 took 18.1536s
*-- Errors occured in test {"Switcher":true,"ExpansionArg_type":0,"ExpansionArg_type_2":1,"ExpansionArg_type_3":0,"ExpansionArg_type_4":0,"Target_Switcher":0,"ExpansionArg_type_5":0,"_bound":3}
* Error: TypeError: Cannot read property 'lastIndexOf' of undefined
*-- Replay with NO_COMPILE=1 expoSE replay '/home/pbai002/ExpoSE/lib/Harness/src/harness.js' '{"Switcher":true,"ExpansionArg_type":0,"ExpansionArg_type_2":1,"ExpansionArg_type_3":0,"ExpansionArg_type_4":0,"Target_Switcher":0,"ExpansionArg_type_5":0,"_bound":3}'
*-- Test Case {"Switcher":false,"Target_Switch_Base":0,"ExpansionArg_type":1,"ExpandedSwitcher":0,"ExpansionArg_type_2":2,"_bound":6,"ExpansionArg_int":0} start 33.8622 took 18.8537s
*-- Errors occured in test {"Switcher":false,"Target_Switch_Base":0,"ExpansionArg_type":1,"ExpandedSwitcher":0,"ExpansionArg_type_2":2,"_bound":6,"ExpansionArg_int":0}
* Error: TypeError: Function.prototype.apply was called on undefined, which is a undefined and not a function
*-- Replay with NO_COMPILE=1 expoSE replay '/home/pbai002/ExpoSE/lib/Harness/src/harness.js' '{"Switcher":false,"Target_Switch_Base":0,"ExpansionArg_type":1,"ExpandedSwitcher":0,"ExpansionArg_type_2":2,"_bound":6}'
*-- Test Case {"Switcher":true,"ExpansionArg_type":0,"ExpansionArg_type_2":0,"ExpansionArg_type_3":0,"ExpansionArg_type_4":1,"Target_Switcher":0,"ExpansionArg_type_5":0,"_bound":5} start 35.1082 took 17.6085s
*-- Errors occured in test {"Switcher":true,"ExpansionArg_type":0,"ExpansionArg_type_2":0,"ExpansionArg_type_3":0,"ExpansionArg_type_4":1,"Target_Switcher":0,"ExpansionArg_type_5":0,"_bound":5}
* Error: TypeError: Cannot read property 'lastIndexOf' of undefined
*-- Replay with NO_COMPILE=1 expoSE replay '/home/pbai002/ExpoSE/lib/Harness/src/harness.js' '{"Switcher":true,"ExpansionArg_type":0,"ExpansionArg_type_2":0,"ExpansionArg_type_3":0,"ExpansionArg_type_4":1,"Target_Switcher":0,"ExpansionArg_type_5":0,"_bound":5}'
*-- Test Case {"Switcher":false,"Target_Switch_Base":0,"ExpansionArg_type":2,"ExpandedSwitcher":0,"ExpansionArg_type_2":0,"_bound":4,"ExpansionArg_int":0} start 34.3098 took 18.5684s
*-- Errors occured in test {"Switcher":false,"Target_Switch_Base":0,"ExpansionArg_type":2,"ExpandedSwitcher":0,"ExpansionArg_type_2":0,"_bound":4,"ExpansionArg_int":0}
* Error: TypeError: Cannot read property 'lastIndexOf' of undefined
*-- Replay with NO_COMPILE=1 expoSE replay '/home/pbai002/ExpoSE/lib/Harness/src/harness.js' '{"Switcher":false,"Target_Switch_Base":0,"ExpansionArg_type":2,"ExpandedSwitcher":0,"ExpansionArg_type_2":0,"_bound":4}'
*-- Test Case {"Switcher":false,"Target_Switch_Base":0,"ExpansionArg_type":0,"ExpandedSwitcher":2,"ExpansionArg_type_2":0,"ExpandedSwitcher_2":0,"_bound":5} start 33.1216 took 20.0819s
*-- Test Case {"Switcher":true,"ExpansionArg_type":0,"ExpansionArg_type_2":0,"ExpansionArg_type_3":0,"ExpansionArg_type_4":0,"Target_Switcher":1,"ExpansionArg_type_5":0,"_bound":6,"ExpandedSwitcher":0} start 34.6642 took 18.7117s
*-- Test Case {"Switcher":true,"ExpansionArg_type":0,"ExpansionArg_type_2":0,"ExpansionArg_type_3":0,"ExpansionArg_type_4":0,"Target_Switcher":0,"ExpansionArg_type_5":1,"_bound":7} start 34.8549 took 18.8585s
*-- Errors occured in test {"Switcher":true,"ExpansionArg_type":0,"ExpansionArg_type_2":0,"ExpansionArg_type_3":0,"ExpansionArg_type_4":0,"Target_Switcher":0,"ExpansionArg_type_5":1,"_bound":7}
* Error: TypeError: Cannot read property 'lastIndexOf' of null
*-- Replay with NO_COMPILE=1 expoSE replay '/home/pbai002/ExpoSE/lib/Harness/src/harness.js' '{"Switcher":true,"ExpansionArg_type":0,"ExpansionArg_type_2":0,"ExpansionArg_type_3":0,"ExpansionArg_type_4":0,"Target_Switcher":0,"ExpansionArg_type_5":1,"_bound":7}'
*-- Test Case {"Switcher":false,"Target_Switch_Base":0,"ExpansionArg_type":1,"ExpandedSwitcher":2,"ExpansionArg_type_2":0,"_bound":5,"ExpandedSwitcher_2":0} start 34.3522 took 19.3613s
*-- Test Case {"Switcher":true,"ExpansionArg_type":0,"ExpansionArg_type_2":0,"ExpansionArg_type_3":1,"ExpansionArg_type_4":0,"Target_Switcher":0,"ExpansionArg_type_5":0,"_bound":4} start 34.6153 took 19.5654s
*-- Errors occured in test {"Switcher":true,"ExpansionArg_type":0,"ExpansionArg_type_2":0,"ExpansionArg_type_3":1,"ExpansionArg_type_4":0,"Target_Switcher":0,"ExpansionArg_type_5":0,"_bound":4}
* Error: TypeError: Cannot read property 'lastIndexOf' of undefined
*-- Replay with NO_COMPILE=1 expoSE replay '/home/pbai002/ExpoSE/lib/Harness/src/harness.js' '{"Switcher":true,"ExpansionArg_type":0,"ExpansionArg_type_2":0,"ExpansionArg_type_3":1,"ExpansionArg_type_4":0,"Target_Switcher":0,"ExpansionArg_type_5":0,"_bound":4}'
*-- Test Case {"Switcher":true,"ExpansionArg_type":1,"ExpansionArg_type_2":0,"ExpansionArg_type_3":0,"ExpansionArg_type_4":0,"Target_Switcher":0,"ExpansionArg_type_5":0,"_bound":2} start 34.7374 took 19.9794s
*-- Errors occured in test {"Switcher":true,"ExpansionArg_type":1,"ExpansionArg_type_2":0,"ExpansionArg_type_3":0,"ExpansionArg_type_4":0,"Target_Switcher":0,"ExpansionArg_type_5":0,"_bound":2}
* Error: TypeError: Cannot read property 'lastIndexOf' of undefined
*-- Replay with NO_COMPILE=1 expoSE replay '/home/pbai002/ExpoSE/lib/Harness/src/harness.js' '{"Switcher":true,"ExpansionArg_type":1,"ExpansionArg_type_2":0,"ExpansionArg_type_3":0,"ExpansionArg_type_4":0,"Target_Switcher":0,"ExpansionArg_type_5":0,"_bound":2}'
*-- Test Case {"Switcher":false,"Target_Switch_Base":1,"ExpansionArg_type":1,"ExpansionArg_int":0,"_bound":5} start 51.9823 took 12.6766s
*-- Errors occured in test {"Switcher":false,"Target_Switch_Base":1,"ExpansionArg_type":1,"ExpansionArg_int":0,"_bound":5}
* Error: TypeError [ERR_INVALID_CALLBACK]: callback must be a function
*-- Replay with NO_COMPILE=1 expoSE replay '/home/pbai002/ExpoSE/lib/Harness/src/harness.js' '{"Switcher":false,"Target_Switch_Base":1,"ExpansionArg_type":1,"ExpansionArg_int":0,"_bound":5}'
*-- Test Case {"Switcher":false,"Target_Switch_Base":3,"_bound":4,"ExpandedSwitcher":0} start 51.6703 took 13.4604s
*-- Test Case {"Switcher":false,"Target_Switch_Base":1,"ExpansionArg_type":3,"ExpansionArg_int":0,"_bound":6,"ExpansionArg_string":"PureString"} start 51.9505 took 13.7892s
*-- Errors occured in test {"Switcher":false,"Target_Switch_Base":1,"ExpansionArg_type":3,"ExpansionArg_int":0,"_bound":6,"ExpansionArg_string":"PureString"}
* Error: TypeError [ERR_INVALID_CALLBACK]: callback must be a function
*-- Replay with NO_COMPILE=1 expoSE replay '/home/pbai002/ExpoSE/lib/Harness/src/harness.js' '{"Switcher":false,"Target_Switch_Base":1,"ExpansionArg_type":3,"ExpansionArg_int":0,"_bound":6}'
*-- Test Case {"Switcher":true,"ExpansionArg_type":0,"ExpansionArg_type_2":2,"ExpansionArg_type_3":0,"ExpansionArg_type_4":0,"Target_Switcher":0,"ExpansionArg_type_5":0,"_bound":4,"ExpansionArg_int":0} start 52.8181 took 13.1115s
*-- Errors occured in test {"Switcher":true,"ExpansionArg_type":0,"ExpansionArg_type_2":2,"ExpansionArg_type_3":0,"ExpansionArg_type_4":0,"Target_Switcher":0,"ExpansionArg_type_5":0,"_bound":4,"ExpansionArg_int":0}
* Error: TypeError: Cannot read property 'lastIndexOf' of undefined
*-- Replay with NO_COMPILE=1 expoSE replay '/home/pbai002/ExpoSE/lib/Harness/src/harness.js' '{"Switcher":true,"ExpansionArg_type":0,"ExpansionArg_type_2":2,"ExpansionArg_type_3":0,"ExpansionArg_type_4":0,"Target_Switcher":0,"ExpansionArg_type_5":0,"_bound":4}'
*-- Test Case {"Switcher":false,"Target_Switch_Base":0,"ExpansionArg_type":0,"ExpandedSwitcher":1,"ExpansionArg_type_2":2,"ExpansionArg_int":3,"ExpandedSwitcher_2":0,"_bound":9} start 52.1809 took 14.8342s
*-- Errors occured in test {"Switcher":false,"Target_Switch_Base":0,"ExpansionArg_type":0,"ExpandedSwitcher":1,"ExpansionArg_type_2":2,"ExpansionArg_int":3,"ExpandedSwitcher_2":0,"_bound":9}
* Error: TypeError: Function.prototype.apply was called on undefined, which is a undefined and not a function
*-- Replay with NO_COMPILE=1 expoSE replay '/home/pbai002/ExpoSE/lib/Harness/src/harness.js' '{"Switcher":false,"Target_Switch_Base":0,"ExpansionArg_type":0,"ExpandedSwitcher":1,"ExpansionArg_type_2":2,"ExpansionArg_int":3,"ExpandedSwitcher_2":0,"_bound":9}'
*-- Test Case {"Switcher":false,"Target_Switch_Base":0,"ExpansionArg_type":2,"ExpansionArg_int":3,"ExpandedSwitcher":0,"ExpansionArg_type_2":0,"_bound":6} start 53.3104 took 14.6213s
*-- Errors occured in test {"Switcher":false,"Target_Switch_Base":0,"ExpansionArg_type":2,"ExpansionArg_int":3,"ExpandedSwitcher":0,"ExpansionArg_type_2":0,"_bound":6}
* Error: TypeError: Cannot read property 'lastIndexOf' of undefined
*-- Replay with NO_COMPILE=1 expoSE replay '/home/pbai002/ExpoSE/lib/Harness/src/harness.js' '{"Switcher":false,"Target_Switch_Base":0,"ExpansionArg_type":2,"ExpansionArg_int":3,"ExpandedSwitcher":0,"ExpansionArg_type_2":0,"_bound":6}'
*-- Test Case {"Switcher":true,"ExpansionArg_type":0,"ExpansionArg_type_2":0,"ExpansionArg_type_3":0,"ExpansionArg_type_4":2,"Target_Switcher":0,"ExpansionArg_type_5":0,"_bound":6,"ExpansionArg_int":0} start 53.1485 took 15.5947s
*-- Errors occured in test {"Switcher":true,"ExpansionArg_type":0,"ExpansionArg_type_2":0,"ExpansionArg_type_3":0,"ExpansionArg_type_4":2,"Target_Switcher":0,"ExpansionArg_type_5":0,"_bound":6,"ExpansionArg_int":0}
* Error: TypeError: Cannot read property 'lastIndexOf' of undefined
*-- Replay with NO_COMPILE=1 expoSE replay '/home/pbai002/ExpoSE/lib/Harness/src/harness.js' '{"Switcher":true,"ExpansionArg_type":0,"ExpansionArg_type_2":0,"ExpansionArg_type_3":0,"ExpansionArg_type_4":2,"Target_Switcher":0,"ExpansionArg_type_5":0,"_bound":6}'
*-- Test Case {"Switcher":false,"Target_Switch_Base":0,"ExpansionArg_type":0,"ExpandedSwitcher":1,"ExpansionArg_type_2":1,"ExpansionArg_int":0,"ExpandedSwitcher_2":0,"_bound":7} start 53.4858 took 15.8533s
*-- Test Case {"Switcher":true,"ExpansionArg_type":2,"ExpansionArg_type_2":0,"ExpansionArg_type_3":0,"ExpansionArg_type_4":0,"Target_Switcher":0,"ExpansionArg_type_5":0,"_bound":3,"ExpansionArg_int":0} start 54.8246 took 14.6898s
*-- Errors occured in test {"Switcher":true,"ExpansionArg_type":2,"ExpansionArg_type_2":0,"ExpansionArg_type_3":0,"ExpansionArg_type_4":0,"Target_Switcher":0,"ExpansionArg_type_5":0,"_bound":3,"ExpansionArg_int":0}
* Error: TypeError: Cannot read property 'lastIndexOf' of undefined
*-- Replay with NO_COMPILE=1 expoSE replay '/home/pbai002/ExpoSE/lib/Harness/src/harness.js' '{"Switcher":true,"ExpansionArg_type":2,"ExpansionArg_type_2":0,"ExpansionArg_type_3":0,"ExpansionArg_type_4":0,"Target_Switcher":0,"ExpansionArg_type_5":0,"_bound":3}'
*-- Test Case {"Switcher":true,"ExpansionArg_type":0,"ExpansionArg_type_2":0,"ExpansionArg_type_3":0,"ExpansionArg_type_4":1,"Target_Switcher":2,"ExpansionArg_type_5":0,"_bound":7,"ExpandedSwitcher":0} start 53.6503 took 15.8641s
*-- Test Case {"Switcher":false,"Target_Switch_Base":0,"ExpansionArg_type":1,"ExpandedSwitcher":0,"ExpansionArg_type_2":1,"ExpansionArg_int":0,"_bound":7} start 54.4374 took 15.9618s
*-- Errors occured in test {"Switcher":false,"Target_Switch_Base":0,"ExpansionArg_type":1,"ExpandedSwitcher":0,"ExpansionArg_type_2":1,"ExpansionArg_int":0,"_bound":7}
* Error: TypeError: Cannot read property 'lastIndexOf' of null
*-- Replay with NO_COMPILE=1 expoSE replay '/home/pbai002/ExpoSE/lib/Harness/src/harness.js' '{"Switcher":false,"Target_Switch_Base":0,"ExpansionArg_type":1,"ExpandedSwitcher":0,"ExpansionArg_type_2":1,"ExpansionArg_int":0,"_bound":7}'
*-- Test Case {"Switcher":true,"ExpansionArg_type":0,"ExpansionArg_type_2":1,"ExpansionArg_type_3":2,"ExpansionArg_type_4":0,"Target_Switcher":0,"ExpansionArg_type_5":0,"_bound":5,"ExpansionArg_int":0} start 54.6044 took 16.4804s
*-- Errors occured in test {"Switcher":true,"ExpansionArg_type":0,"ExpansionArg_type_2":1,"ExpansionArg_type_3":2,"ExpansionArg_type_4":0,"Target_Switcher":0,"ExpansionArg_type_5":0,"_bound":5,"ExpansionArg_int":0}
* Error: TypeError: Cannot read property 'lastIndexOf' of undefined
*-- Replay with NO_COMPILE=1 expoSE replay '/home/pbai002/ExpoSE/lib/Harness/src/harness.js' '{"Switcher":true,"ExpansionArg_type":0,"ExpansionArg_type_2":1,"ExpansionArg_type_3":2,"ExpansionArg_type_4":0,"Target_Switcher":0,"ExpansionArg_type_5":0,"_bound":5}'
*-- Test Case {"Switcher":true,"ExpansionArg_type":0,"ExpansionArg_type_2":1,"ExpansionArg_type_3":0,"ExpansionArg_type_4":0,"Target_Switcher":2,"ExpansionArg_type_5":0,"_bound":7,"ExpandedSwitcher":0} start 64.7555 took 20.164s
*-- Test Case {"Switcher":false,"Target_Switch_Base":1,"ExpansionArg_type":4,"ExpansionArg_string":"","_bound":7,"ExpansionArg_array_length":0} start 65.864 took 19.306s
*-- Errors occured in test {"Switcher":false,"Target_Switch_Base":1,"ExpansionArg_type":4,"ExpansionArg_string":"","_bound":7,"ExpansionArg_array_length":0}
* Error: TypeError [ERR_INVALID_CALLBACK]: callback must be a function
*-- Replay with NO_COMPILE=1 expoSE replay '/home/pbai002/ExpoSE/lib/Harness/src/harness.js' '{"Switcher":false,"Target_Switch_Base":1,"ExpansionArg_type":4,"ExpansionArg_string":"","_bound":7}'
*-- Test Case {"Switcher":true,"ExpansionArg_type":0,"ExpansionArg_type_2":0,"ExpansionArg_type_3":2,"ExpansionArg_type_4":0,"Target_Switcher":0,"ExpansionArg_type_5":0,"_bound":5,"ExpansionArg_int":0} start 65.6557 took 20.1404s
*-- Errors occured in test {"Switcher":true,"ExpansionArg_type":0,"ExpansionArg_type_2":0,"ExpansionArg_type_3":2,"ExpansionArg_type_4":0,"Target_Switcher":0,"ExpansionArg_type_5":0,"_bound":5,"ExpansionArg_int":0}
* Error: TypeError: Cannot read property 'lastIndexOf' of undefined
*-- Replay with NO_COMPILE=1 expoSE replay '/home/pbai002/ExpoSE/lib/Harness/src/harness.js' '{"Switcher":true,"ExpansionArg_type":0,"ExpansionArg_type_2":0,"ExpansionArg_type_3":2,"ExpansionArg_type_4":0,"Target_Switcher":0,"ExpansionArg_type_5":0,"_bound":5}'
*-- Test Case {"Switcher":true,"ExpansionArg_type":0,"ExpansionArg_type_2":3,"ExpansionArg_int":0,"ExpansionArg_type_3":0,"ExpansionArg_type_4":0,"Target_Switcher":0,"ExpansionArg_type_5":0,"_bound":5,"ExpansionArg_string":"PureString"} start 66.0316 took 22.2596s
*-- Errors occured in test {"Switcher":true,"ExpansionArg_type":0,"ExpansionArg_type_2":3,"ExpansionArg_int":0,"ExpansionArg_type_3":0,"ExpansionArg_type_4":0,"Target_Switcher":0,"ExpansionArg_type_5":0,"_bound":5,"ExpansionArg_string":"PureString"}
* Error: TypeError: Cannot read property 'lastIndexOf' of undefined
*-- Replay with NO_COMPILE=1 expoSE replay '/home/pbai002/ExpoSE/lib/Harness/src/harness.js' '{"Switcher":true,"ExpansionArg_type":0,"ExpansionArg_type_2":3,"ExpansionArg_int":0,"ExpansionArg_type_3":0,"ExpansionArg_type_4":0,"Target_Switcher":0,"ExpansionArg_type_5":0,"_bound":5}'
*-- Test Case {"Switcher":true,"ExpansionArg_type":0,"ExpansionArg_type_2":0,"ExpansionArg_type_3":0,"ExpansionArg_type_4":0,"Target_Switcher":0,"ExpansionArg_type_5":2,"_bound":8,"ExpansionArg_int":0} start 67.1698 took 21.4135s
*-- Errors occured in test {"Switcher":true,"ExpansionArg_type":0,"ExpansionArg_type_2":0,"ExpansionArg_type_3":0,"ExpansionArg_type_4":0,"Target_Switcher":0,"ExpansionArg_type_5":2,"_bound":8,"ExpansionArg_int":0}
* Error: TypeError: Function.prototype.apply was called on undefined, which is a undefined and not a function
*-- Replay with NO_COMPILE=1 expoSE replay '/home/pbai002/ExpoSE/lib/Harness/src/harness.js' '{"Switcher":true,"ExpansionArg_type":0,"ExpansionArg_type_2":0,"ExpansionArg_type_3":0,"ExpansionArg_type_4":0,"Target_Switcher":0,"ExpansionArg_type_5":2,"_bound":8}'
*-- Test Case {"Switcher":false,"Target_Switch_Base":0,"ExpansionArg_type":2,"ExpansionArg_int":0,"ExpandedSwitcher":3,"ExpansionArg_type_2":0,"_bound":8,"ExpandedSwitcher_2":0} start 68.608 took 19.9754s
*-- Test Case {"Switcher":false,"Target_Switch_Base":0,"ExpansionArg_type":1,"ExpandedSwitcher":3,"ExpansionArg_type_2":0,"ExpandedSwitcher_2":0,"_bound":7} start 69.4602 took 20.2348s
*-- Test Case {"Switcher":true,"ExpansionArg_type":0,"ExpansionArg_type_2":0,"ExpansionArg_type_3":0,"ExpansionArg_type_4":1,"Target_Switcher":0,"ExpansionArg_type_5":2,"_bound":8,"ExpansionArg_int":0} start 70.7352 took 19.4854s
*-- Errors occured in test {"Switcher":true,"ExpansionArg_type":0,"ExpansionArg_type_2":0,"ExpansionArg_type_3":0,"ExpansionArg_type_4":1,"Target_Switcher":0,"ExpansionArg_type_5":2,"_bound":8,"ExpansionArg_int":0}
* Error: TypeError: Function.prototype.apply was called on undefined, which is a undefined and not a function
*-- Replay with NO_COMPILE=1 expoSE replay '/home/pbai002/ExpoSE/lib/Harness/src/harness.js' '{"Switcher":true,"ExpansionArg_type":0,"ExpansionArg_type_2":0,"ExpansionArg_type_3":0,"ExpansionArg_type_4":1,"Target_Switcher":0,"ExpansionArg_type_5":2,"_bound":8}'
*-- Test Case {"Switcher":true,"ExpansionArg_type":0,"ExpansionArg_type_2":0,"ExpansionArg_type_3":0,"ExpansionArg_type_4":3,"ExpansionArg_int":0,"Target_Switcher":0,"ExpansionArg_type_5":0,"_bound":7,"ExpansionArg_string":"PureString"} start 69.2184 took 21.0023s
*-- Errors occured in test {"Switcher":true,"ExpansionArg_type":0,"ExpansionArg_type_2":0,"ExpansionArg_type_3":0,"ExpansionArg_type_4":3,"ExpansionArg_int":0,"Target_Switcher":0,"ExpansionArg_type_5":0,"_bound":7,"ExpansionArg_string":"PureString"}
* Error: TypeError: Cannot read property 'lastIndexOf' of undefined
*-- Replay with NO_COMPILE=1 expoSE replay '/home/pbai002/ExpoSE/lib/Harness/src/harness.js' '{"Switcher":true,"ExpansionArg_type":0,"ExpansionArg_type_2":0,"ExpansionArg_type_3":0,"ExpansionArg_type_4":3,"ExpansionArg_int":0,"Target_Switcher":0,"ExpansionArg_type_5":0,"_bound":7}'
*-- Test Case {"Switcher":true,"ExpansionArg_type":0,"ExpansionArg_type_2":1,"ExpansionArg_type_3":2,"ExpansionArg_int":3,"ExpansionArg_type_4":0,"Target_Switcher":0,"ExpansionArg_type_5":0,"_bound":11} start 71.5727 took 20.0273s
*-- Errors occured in test {"Switcher":true,"ExpansionArg_type":0,"ExpansionArg_type_2":1,"ExpansionArg_type_3":2,"ExpansionArg_int":3,"ExpansionArg_type_4":0,"Target_Switcher":0,"ExpansionArg_type_5":0,"_bound":11}
* Error: TypeError: Cannot read property 'lastIndexOf' of undefined
*-- Replay with NO_COMPILE=1 expoSE replay '/home/pbai002/ExpoSE/lib/Harness/src/harness.js' '{"Switcher":true,"ExpansionArg_type":0,"ExpansionArg_type_2":1,"ExpansionArg_type_3":2,"ExpansionArg_int":3,"ExpansionArg_type_4":0,"Target_Switcher":0,"ExpansionArg_type_5":0,"_bound":11}'
*-- Test Case {"Switcher":true,"ExpansionArg_type":2,"ExpansionArg_int":3,"ExpansionArg_type_2":0,"ExpansionArg_type_3":0,"ExpansionArg_type_4":0,"Target_Switcher":0,"ExpansionArg_type_5":0,"_bound":8} start 69.6135 took 24.3491s
*-- Errors occured in test {"Switcher":true,"ExpansionArg_type":2,"ExpansionArg_int":3,"ExpansionArg_type_2":0,"ExpansionArg_type_3":0,"ExpansionArg_type_4":0,"Target_Switcher":0,"ExpansionArg_type_5":0,"_bound":8}
* Error: TypeError: Cannot read property 'lastIndexOf' of undefined
*-- Replay with NO_COMPILE=1 expoSE replay '/home/pbai002/ExpoSE/lib/Harness/src/harness.js' '{"Switcher":true,"ExpansionArg_type":2,"ExpansionArg_int":3,"ExpansionArg_type_2":0,"ExpansionArg_type_3":0,"ExpansionArg_type_4":0,"Target_Switcher":0,"ExpansionArg_type_5":0,"_bound":8}'
*-- Test Case {"Switcher":false,"Target_Switch_Base":0,"ExpansionArg_type":0,"ExpandedSwitcher":0,"ExpansionArg_type_2":3,"ExpansionArg_int":0,"_bound":7,"ExpansionArg_string":"PureString","ExpandedSwitcher_2":0} start 52.3385 took 49.2129s
*-- Test Case {"Switcher":true,"ExpansionArg_type":0,"ExpansionArg_type_2":1,"ExpansionArg_type_3":3,"ExpansionArg_int":0,"ExpansionArg_type_4":0,"Target_Switcher":0,"ExpansionArg_type_5":0,"_bound":7,"ExpansionArg_string":"PureString"} start 85.0714 took 20.161s
*-- Errors occured in test {"Switcher":true,"ExpansionArg_type":0,"ExpansionArg_type_2":1,"ExpansionArg_type_3":3,"ExpansionArg_int":0,"ExpansionArg_type_4":0,"Target_Switcher":0,"ExpansionArg_type_5":0,"_bound":7,"ExpansionArg_string":"PureString"}
* Error: TypeError: Cannot read property 'lastIndexOf' of undefined
*-- Replay with NO_COMPILE=1 expoSE replay '/home/pbai002/ExpoSE/lib/Harness/src/harness.js' '{"Switcher":true,"ExpansionArg_type":0,"ExpansionArg_type_2":1,"ExpansionArg_type_3":3,"ExpansionArg_int":0,"ExpansionArg_type_4":0,"Target_Switcher":0,"ExpansionArg_type_5":0,"_bound":7}'
*-- Test Case {"Switcher":false,"Target_Switch_Base":1,"ExpansionArg_type":5,"ExpansionArg_array_length":0,"_bound":8,"ExpansionArg_bool":false} start 85.7036 took 19.9908s
*-- Errors occured in test {"Switcher":false,"Target_Switch_Base":1,"ExpansionArg_type":5,"ExpansionArg_array_length":0,"_bound":8,"ExpansionArg_bool":false}
* Error: TypeError [ERR_INVALID_CALLBACK]: callback must be a function
*-- Replay with NO_COMPILE=1 expoSE replay '/home/pbai002/ExpoSE/lib/Harness/src/harness.js' '{"Switcher":false,"Target_Switch_Base":1,"ExpansionArg_type":5,"ExpansionArg_array_length":0,"_bound":8}'
*-- Test Case {"Switcher":true,"ExpansionArg_type":0,"ExpansionArg_type_2":0,"ExpansionArg_type_3":2,"ExpansionArg_int":3,"ExpansionArg_type_4":0,"Target_Switcher":0,"ExpansionArg_type_5":0,"_bound":10} start 86.0061 took 19.6884s
*-- Errors occured in test {"Switcher":true,"ExpansionArg_type":0,"ExpansionArg_type_2":0,"ExpansionArg_type_3":2,"ExpansionArg_int":3,"ExpansionArg_type_4":0,"Target_Switcher":0,"ExpansionArg_type_5":0,"_bound":10}
* Error: TypeError: Cannot read property 'lastIndexOf' of undefined
*-- Replay with NO_COMPILE=1 expoSE replay '/home/pbai002/ExpoSE/lib/Harness/src/harness.js' '{"Switcher":true,"ExpansionArg_type":0,"ExpansionArg_type_2":0,"ExpansionArg_type_3":2,"ExpansionArg_int":3,"ExpansionArg_type_4":0,"Target_Switcher":0,"ExpansionArg_type_5":0,"_bound":10}'
*-- Test Case {"Switcher":false,"Target_Switch_Base":0,"ExpansionArg_type":3,"ExpansionArg_int":0,"ExpandedSwitcher":0,"ExpansionArg_type_2":0,"_bound":5,"ExpansionArg_string":"PureString"} start 53.812 took 52.3874s
*-- Errors occured in test {"Switcher":false,"Target_Switch_Base":0,"ExpansionArg_type":3,"ExpansionArg_int":0,"ExpandedSwitcher":0,"ExpansionArg_type_2":0,"_bound":5,"ExpansionArg_string":"PureString"}
* Error: Error: Tried loading "purestring" at /home/pbai002/ExpoSE/lib/Harness/src/purestring.js then tried node's require("purestring") and it failed with error: AssertionError [ERR_ASSERTION]: path must be a string
*-- Replay with NO_COMPILE=1 expoSE replay '/home/pbai002/ExpoSE/lib/Harness/src/harness.js' '{"Switcher":false,"Target_Switch_Base":0,"ExpansionArg_type":3,"ExpansionArg_int":0,"ExpandedSwitcher":0,"ExpansionArg_type_2":0,"_bound":5}'
*-- Test Case {"Switcher":true,"ExpansionArg_type":0,"ExpansionArg_type_2":4,"ExpansionArg_string":"","ExpansionArg_type_3":0,"ExpansionArg_type_4":0,"Target_Switcher":0,"ExpansionArg_type_5":0,"_bound":6,"ExpansionArg_array_length":0} start 88.4632 took 20.6081s
*-- Errors occured in test {"Switcher":true,"ExpansionArg_type":0,"ExpansionArg_type_2":4,"ExpansionArg_string":"","ExpansionArg_type_3":0,"ExpansionArg_type_4":0,"Target_Switcher":0,"ExpansionArg_type_5":0,"_bound":6,"ExpansionArg_array_length":0}
* Error: TypeError: Cannot read property 'lastIndexOf' of undefined
*-- Replay with NO_COMPILE=1 expoSE replay '/home/pbai002/ExpoSE/lib/Harness/src/harness.js' '{"Switcher":true,"ExpansionArg_type":0,"ExpansionArg_type_2":4,"ExpansionArg_string":"","ExpansionArg_type_3":0,"ExpansionArg_type_4":0,"Target_Switcher":0,"ExpansionArg_type_5":0,"_bound":6}'
*-- Test Case {"Switcher":false,"Target_Switch_Base":1,"ExpansionArg_type":4,"ExpansionArg_array_length":1,"_bound":9,"ExpansionArg_array_element_0_type":0} start 88.7995 took 20.6048s
*-- Errors occured in test {"Switcher":false,"Target_Switch_Base":1,"ExpansionArg_type":4,"ExpansionArg_array_length":1,"_bound":9,"ExpansionArg_array_element_0_type":0}
* Error: TypeError [ERR_INVALID_CALLBACK]: callback must be a function
*-- Replay with NO_COMPILE=1 expoSE replay '/home/pbai002/ExpoSE/lib/Harness/src/harness.js' '{"Switcher":false,"Target_Switch_Base":1,"ExpansionArg_type":4,"ExpansionArg_array_length":1,"_bound":9}'
*-- Test Case {"Switcher":true,"ExpansionArg_type":0,"ExpansionArg_type_2":0,"ExpansionArg_type_3":0,"ExpansionArg_type_4":4,"ExpansionArg_string":"","Target_Switcher":0,"ExpansionArg_type_5":0,"_bound":8,"ExpansionArg_array_length":0} start 90.801 took 19.8927s
*-- Errors occured in test {"Switcher":true,"ExpansionArg_type":0,"ExpansionArg_type_2":0,"ExpansionArg_type_3":0,"ExpansionArg_type_4":4,"ExpansionArg_string":"","Target_Switcher":0,"ExpansionArg_type_5":0,"_bound":8,"ExpansionArg_array_length":0}
* Error: TypeError: Cannot read property 'lastIndexOf' of undefined
*-- Replay with NO_COMPILE=1 expoSE replay '/home/pbai002/ExpoSE/lib/Harness/src/harness.js' '{"Switcher":true,"ExpansionArg_type":0,"ExpansionArg_type_2":0,"ExpansionArg_type_3":0,"ExpansionArg_type_4":4,"ExpansionArg_string":"","Target_Switcher":0,"ExpansionArg_type_5":0,"_bound":8}'
*-- Test Case {"Switcher":true,"ExpansionArg_type":0,"ExpansionArg_type_2":0,"ExpansionArg_type_3":0,"ExpansionArg_type_4":1,"Target_Switcher":0,"ExpansionArg_type_5":1,"ExpansionArg_int":0,"_bound":9} start 90.5757 took 21.0004s
*-- Errors occured in test {"Switcher":true,"ExpansionArg_type":0,"ExpansionArg_type_2":0,"ExpansionArg_type_3":0,"ExpansionArg_type_4":1,"Target_Switcher":0,"ExpansionArg_type_5":1,"ExpansionArg_int":0,"_bound":9}
* Error: TypeError: Cannot read property 'lastIndexOf' of null
*-- Replay with NO_COMPILE=1 expoSE replay '/home/pbai002/ExpoSE/lib/Harness/src/harness.js' '{"Switcher":true,"ExpansionArg_type":0,"ExpansionArg_type_2":0,"ExpansionArg_type_3":0,"ExpansionArg_type_4":1,"Target_Switcher":0,"ExpansionArg_type_5":1,"ExpansionArg_int":0,"_bound":9}'
*-- Test Case {"Switcher":true,"ExpansionArg_type":0,"ExpansionArg_type_2":0,"ExpansionArg_type_3":3,"ExpansionArg_int":0,"ExpansionArg_type_4":0,"Target_Switcher":0,"ExpansionArg_type_5":0,"_bound":6,"ExpansionArg_string":"PureString"} start 90.1199 took 22.3324s
*-- Errors occured in test {"Switcher":true,"ExpansionArg_type":0,"ExpansionArg_type_2":0,"ExpansionArg_type_3":3,"ExpansionArg_int":0,"ExpansionArg_type_4":0,"Target_Switcher":0,"ExpansionArg_type_5":0,"_bound":6,"ExpansionArg_string":"PureString"}
* Error: TypeError: Cannot read property 'lastIndexOf' of undefined
*-- Replay with NO_COMPILE=1 expoSE replay '/home/pbai002/ExpoSE/lib/Harness/src/harness.js' '{"Switcher":true,"ExpansionArg_type":0,"ExpansionArg_type_2":0,"ExpansionArg_type_3":3,"ExpansionArg_int":0,"ExpansionArg_type_4":0,"Target_Switcher":0,"ExpansionArg_type_5":0,"_bound":6}'
*-- Test Case {"Switcher":true,"ExpansionArg_type":0,"ExpansionArg_type_2":0,"ExpansionArg_type_3":0,"ExpansionArg_type_4":0,"Target_Switcher":2,"ExpansionArg_type_5":0,"ExpandedSwitcher":0,"_bound":7} start 94.3296 took 20.2408s
*-- Test Case {"Switcher":false,"Target_Switch_Base":0,"ExpansionArg_type":1,"ExpandedSwitcher":0,"ExpansionArg_type_2":3,"ExpansionArg_int":0,"_bound":8,"ExpansionArg_string":"PureString","ExpandedSwitcher_2":0} start 52.9785 took 66.4768s
*-- Test Case {"Switcher":false,"Target_Switch_Base":0,"ExpansionArg_type":0,"ExpandedSwitcher":0,"ExpansionArg_type_2":3,"ExpansionArg_string":".\u0000","ExpandedSwitcher_2":0,"_bound":18} start 105.5908 took 20.488s
*-- Test Case {"Switcher":false,"Target_Switch_Base":0,"ExpansionArg_type":0,"ExpandedSwitcher":0,"ExpansionArg_type_2":3,"ExpansionArg_string":"","ExpandedSwitcher_2":0,"_bound":9} start 106.0907 took 21.8362s
*-- Test Case {"Switcher":false,"Target_Switch_Base":0,"ExpansionArg_type":0,"ExpandedSwitcher":0,"ExpansionArg_type_2":4,"ExpansionArg_string":"","ExpandedSwitcher_2":0,"_bound":8,"ExpansionArg_array_length":0} start 106.5879 took 22.498s
*-- Errors occured in test {"Switcher":false,"Target_Switch_Base":0,"ExpansionArg_type":0,"ExpandedSwitcher":0,"ExpansionArg_type_2":4,"ExpansionArg_string":"","ExpandedSwitcher_2":0,"_bound":8,"ExpansionArg_array_length":0}
* Error: TypeError: Function.prototype.apply was called on undefined, which is a undefined and not a function
*-- Replay with NO_COMPILE=1 expoSE replay '/home/pbai002/ExpoSE/lib/Harness/src/harness.js' '{"Switcher":false,"Target_Switch_Base":0,"ExpansionArg_type":0,"ExpandedSwitcher":0,"ExpansionArg_type_2":4,"ExpansionArg_string":"","ExpandedSwitcher_2":0,"_bound":8}'
*-- Test Case {"Switcher":false,"Target_Switch_Base":0,"ExpansionArg_type":3,"ExpansionArg_string":"module","_bound":9} start 107.4 took 24.3517s
*-- Errors occured in test {"Switcher":false,"Target_Switch_Base":0,"ExpansionArg_type":3,"ExpansionArg_string":"module","_bound":9}
* Error: Error: Tried loading "module" at /home/pbai002/ExpoSE/lib/Harness/src/module.js then tried node's require("module") and it failed with error: AssertionError [ERR_ASSERTION]: path must be a string
*-- Replay with NO_COMPILE=1 expoSE replay '/home/pbai002/ExpoSE/lib/Harness/src/harness.js' '{"Switcher":false,"Target_Switch_Base":0,"ExpansionArg_type":3,"ExpansionArg_string":"module","_bound":9}'
*-- Test Case {"Switcher":false,"Target_Switch_Base":0,"ExpansionArg_type":3,"ExpansionArg_string":"","_bound":10} start 111.7518 took 20.9628s
*-- Errors occured in test {"Switcher":false,"Target_Switch_Base":0,"ExpansionArg_type":3,"ExpansionArg_string":"","_bound":10}
* Error: Error: Tried loading "_@r2" at /home/pbai002/ExpoSE/lib/Harness/src/_@r2.js then tried node's require("_@r2") and it failed with error: Error: Cannot find module '_@r2'
*-- Replay with NO_COMPILE=1 expoSE replay '/home/pbai002/ExpoSE/lib/Harness/src/harness.js' '{"Switcher":false,"Target_Switch_Base":0,"ExpansionArg_type":3,"ExpansionArg_string":"","_bound":10}'
*-- Test Case {"Switcher":false,"Target_Switch_Base":0,"ExpansionArg_type":3,"ExpansionArg_string":"exports","_bound":8} start 112.649 took 20.98s
*-- Errors occured in test {"Switcher":false,"Target_Switch_Base":0,"ExpansionArg_type":3,"ExpansionArg_string":"exports","_bound":8}
* Error: Error: Tried loading "exports" at /home/pbai002/ExpoSE/lib/Harness/src/exports.js then tried node's require("exports") and it failed with error: AssertionError [ERR_ASSERTION]: path must be a string
*-- Replay with NO_COMPILE=1 expoSE replay '/home/pbai002/ExpoSE/lib/Harness/src/harness.js' '{"Switcher":false,"Target_Switch_Base":0,"ExpansionArg_type":3,"ExpansionArg_string":"exports","_bound":8}'
*-- Test Case {"Switcher":false,"Target_Switch_Base":0,"ExpansionArg_type":3,"ExpansionArg_string":"purestring","_bound":45} start 109.2503 took 25.37s
*-- Errors occured in test {"Switcher":false,"Target_Switch_Base":0,"ExpansionArg_type":3,"ExpansionArg_string":"purestring","_bound":45}
* Error: Error: Tried loading "purestring" at /home/pbai002/ExpoSE/lib/Harness/src/purestring.js then tried node's require("purestring") and it failed with error: AssertionError [ERR_ASSERTION]: path must be a string
*-- Replay with NO_COMPILE=1 expoSE replay '/home/pbai002/ExpoSE/lib/Harness/src/harness.js' '{"Switcher":false,"Target_Switch_Base":0,"ExpansionArg_type":3,"ExpansionArg_string":"purestring","_bound":45}'
*-- Test Case {"Switcher":false,"Target_Switch_Base":0,"ExpansionArg_type":0,"ExpandedSwitcher":0,"ExpansionArg_type_2":3,"ExpansionArg_string":"shimExport","ExpandedSwitcher_2":0,"_bound":15} start 101.9238 took 37.9606s
*-- Test Case {"Switcher":false,"Target_Switch_Base":0,"ExpansionArg_type":3,"ExpansionArg_string":"shimRequire","_bound":19} start 109.8246 took 37.2s
*-- Errors occured in test {"Switcher":false,"Target_Switch_Base":0,"ExpansionArg_type":3,"ExpansionArg_string":"shimRequire","_bound":19}
* Error: Error: Tried loading "shimRequire" at /home/pbai002/ExpoSE/lib/Harness/src/shimRequire.js then tried node's require("shimRequire") and it failed with error: AssertionError [ERR_ASSERTION]: path must be a string
*-- Replay with NO_COMPILE=1 expoSE replay '/home/pbai002/ExpoSE/lib/Harness/src/harness.js' '{"Switcher":false,"Target_Switch_Base":0,"ExpansionArg_type":3,"ExpansionArg_string":"shimRequire","_bound":19}'
*-- Test Case {"Switcher":true,"ExpansionArg_type":0,"ExpansionArg_type_2":0,"ExpansionArg_type_3":0,"ExpansionArg_type_4":0,"Target_Switcher":0,"ExpansionArg_type_5":3,"ExpansionArg_int":0,"_bound":9,"ExpansionArg_string":"PureString","ExpandedSwitcher":0} start 89.5892 took 58.3096s
*-- Test Case {"Switcher":true,"ExpansionArg_type":3,"ExpansionArg_int":0,"ExpansionArg_type_2":0,"ExpansionArg_type_3":0,"ExpansionArg_type_4":0,"Target_Switcher":0,"ExpansionArg_type_5":0,"_bound":4,"ExpansionArg_string":"PureString"} start 70.1319 took 78.311s
*-- Errors occured in test {"Switcher":true,"ExpansionArg_type":3,"ExpansionArg_int":0,"ExpansionArg_type_2":0,"ExpansionArg_type_3":0,"ExpansionArg_type_4":0,"Target_Switcher":0,"ExpansionArg_type_5":0,"_bound":4,"ExpansionArg_string":"PureString"}
* Error: Error: Tried loading "purestring" at /home/pbai002/ExpoSE/lib/Harness/src/purestring.js then tried node's require("purestring") and it failed with error: AssertionError [ERR_ASSERTION]: path must be a string
*-- Replay with NO_COMPILE=1 expoSE replay '/home/pbai002/ExpoSE/lib/Harness/src/harness.js' '{"Switcher":true,"ExpansionArg_type":3,"ExpansionArg_int":0,"ExpansionArg_type_2":0,"ExpansionArg_type_3":0,"ExpansionArg_type_4":0,"Target_Switcher":0,"ExpansionArg_type_5":0,"_bound":4}'
*-- Test Case {"Switcher":false,"Target_Switch_Base":1,"ExpansionArg_type":4,"ExpansionArg_array_length":2,"ExpansionArg_array_element_0_type":0,"_bound":11,"ExpansionArg_array_element_1_type":0} start 126.4756 took 23.1247s
*-- Errors occured in test {"Switcher":false,"Target_Switch_Base":1,"ExpansionArg_type":4,"ExpansionArg_array_length":2,"ExpansionArg_array_element_0_type":0,"_bound":11,"ExpansionArg_array_element_1_type":0}
* Error: TypeError [ERR_INVALID_CALLBACK]: callback must be a function
*-- Replay with NO_COMPILE=1 expoSE replay '/home/pbai002/ExpoSE/lib/Harness/src/harness.js' '{"Switcher":false,"Target_Switch_Base":1,"ExpansionArg_type":4,"ExpansionArg_array_length":2,"ExpansionArg_array_element_0_type":0,"_bound":11}'
*-- Test Case {"Switcher":true,"ExpansionArg_type":0,"ExpansionArg_type_2":4,"ExpansionArg_array_length":1,"ExpansionArg_type_3":0,"ExpansionArg_type_4":0,"Target_Switcher":0,"ExpansionArg_type_5":0,"_bound":8,"ExpansionArg_array_element_0_type":0} start 131.9441 took 20.9987s
*-- Errors occured in test {"Switcher":true,"ExpansionArg_type":0,"ExpansionArg_type_2":4,"ExpansionArg_array_length":1,"ExpansionArg_type_3":0,"ExpansionArg_type_4":0,"Target_Switcher":0,"ExpansionArg_type_5":0,"_bound":8,"ExpansionArg_array_element_0_type":0}
* Error: TypeError: Cannot read property 'lastIndexOf' of undefined
*-- Replay with NO_COMPILE=1 expoSE replay '/home/pbai002/ExpoSE/lib/Harness/src/harness.js' '{"Switcher":true,"ExpansionArg_type":0,"ExpansionArg_type_2":4,"ExpansionArg_array_length":1,"ExpansionArg_type_3":0,"ExpansionArg_type_4":0,"Target_Switcher":0,"ExpansionArg_type_5":0,"_bound":8}'
*-- Test Case {"Switcher":false,"Target_Switch_Base":0,"ExpansionArg_type":1,"ExpandedSwitcher":0,"ExpansionArg_type_2":3,"ExpansionArg_string":"\u0000\u0000\u0000\u0000shimRequire","ExpandedSwitcher_2":0,"_bound":15} start 119.8399 took 33.7388s
*-- Test Case {"Switcher":true,"ExpansionArg_type":0,"ExpansionArg_type_2":5,"ExpansionArg_array_length":0,"ExpansionArg_type_3":0,"ExpansionArg_type_4":0,"Target_Switcher":0,"ExpansionArg_type_5":0,"_bound":7,"ExpansionArg_bool":false} start 135.2719 took 19.4222s
*-- Errors occured in test {"Switcher":true,"ExpansionArg_type":0,"ExpansionArg_type_2":5,"ExpansionArg_array_length":0,"ExpansionArg_type_3":0,"ExpansionArg_type_4":0,"Target_Switcher":0,"ExpansionArg_type_5":0,"_bound":7,"ExpansionArg_bool":false}
* Error: TypeError: Cannot read property 'lastIndexOf' of undefined
*-- Replay with NO_COMPILE=1 expoSE replay '/home/pbai002/ExpoSE/lib/Harness/src/harness.js' '{"Switcher":true,"ExpansionArg_type":0,"ExpansionArg_type_2":5,"ExpansionArg_array_length":0,"ExpansionArg_type_3":0,"ExpansionArg_type_4":0,"Target_Switcher":0,"ExpansionArg_type_5":0,"_bound":7}'
*-- Test Case {"Switcher":false,"Target_Switch_Base":0,"ExpansionArg_type":1,"ExpandedSwitcher":0,"ExpansionArg_type_2":3,"ExpansionArg_string":":","ExpandedSwitcher_2":0,"_bound":20} start 129.281 took 25.7191s
*-- Test Case {"Switcher":false,"Target_Switch_Base":0,"ExpansionArg_type":3,"ExpansionArg_string":"module","_bound":46} start 133.812 took 21.7183s
*-- Errors occured in test {"Switcher":false,"Target_Switch_Base":0,"ExpansionArg_type":3,"ExpansionArg_string":"module","_bound":46}
* Error: Error: Tried loading "module" at /home/pbai002/ExpoSE/lib/Harness/src/module.js then tried node's require("module") and it failed with error: AssertionError [ERR_ASSERTION]: path must be a string
*-- Replay with NO_COMPILE=1 expoSE replay '/home/pbai002/ExpoSE/lib/Harness/src/harness.js' '{"Switcher":false,"Target_Switch_Base":0,"ExpansionArg_type":3,"ExpansionArg_string":"module","_bound":46}'
*-- Test Case {"Switcher":true,"ExpansionArg_type":0,"ExpansionArg_type_2":0,"ExpansionArg_type_3":0,"ExpansionArg_type_4":1,"Target_Switcher":0,"ExpansionArg_type_5":3,"ExpansionArg_int":0,"_bound":10,"ExpansionArg_string":"PureString","ExpandedSwitcher":0} start 91.7034 took 64.7134s
*-- Test Case {"Switcher":false,"Target_Switch_Base":0,"ExpansionArg_type":0,"ExpandedSwitcher":0,"ExpansionArg_type_2":3,"ExpansionArg_string":"shimRequire","ExpandedSwitcher_2":0,"_bound":14} start 128.444 took 32.2568s
*-- Test Case {"Switcher":false,"Target_Switch_Base":0,"ExpansionArg_type":0,"ExpandedSwitcher":0,"ExpansionArg_type_2":3,"ExpansionArg_string":"!","ExpandedSwitcher_2":0,"_bound":13} start 140.3237 took 23.8986s
*-- Test Case {"Switcher":false,"Target_Switch_Base":0,"ExpansionArg_type":1,"ExpandedSwitcher":0,"ExpansionArg_type_2":3,"ExpansionArg_string":"shimExport","ExpandedSwitcher_2":0,"_bound":16} start 132.8957 took 34.0074s
*-- Test Case {"Switcher":true,"ExpansionArg_type":0,"ExpansionArg_type_2":0,"ExpansionArg_type_3":0,"ExpansionArg_type_4":0,"Target_Switcher":0,"ExpansionArg_type_5":3,"ExpansionArg_string":"\u0000\u0000\u0000\u0000]@","ExpandedSwitcher":0,"_bound":15} start 150.3604 took 20.5876s
*-- Test Case {"Switcher":true,"ExpansionArg_type":0,"ExpansionArg_type_2":0,"ExpansionArg_type_3":0,"ExpansionArg_type_4":0,"Target_Switcher":0,"ExpansionArg_type_5":3,"ExpansionArg_string":"","ExpandedSwitcher":0,"_bound":11} start 148.0918 took 23.4045s
*-- Test Case {"Switcher":false,"Target_Switch_Base":0,"ExpansionArg_type":3,"ExpansionArg_string":"require","_bound":7} start 154.8956 took 20.2636s
*-- Errors occured in test {"Switcher":false,"Target_Switch_Base":0,"ExpansionArg_type":3,"ExpansionArg_string":"require","_bound":7}
* Error: Error: Tried loading "require" at /home/pbai002/ExpoSE/lib/Harness/src/require.js then tried node's require("require") and it failed with error: AssertionError [ERR_ASSERTION]: path must be a string
*-- Replay with NO_COMPILE=1 expoSE replay '/home/pbai002/ExpoSE/lib/Harness/src/harness.js' '{"Switcher":false,"Target_Switch_Base":0,"ExpansionArg_type":3,"ExpansionArg_string":"require","_bound":7}'
*-- Test Case {"Switcher":true,"ExpansionArg_type":0,"ExpansionArg_type_2":0,"ExpansionArg_type_3":0,"ExpansionArg_type_4":1,"Target_Switcher":0,"ExpansionArg_type_5":3,"ExpansionArg_string":"","ExpandedSwitcher":0,"_bound":12} start 156.6049 took 19.6082s
*-- Test Case {"Switcher":true,"ExpansionArg_type":3,"ExpansionArg_string":"require","ExpansionArg_type_2":0,"ExpansionArg_type_3":0,"ExpansionArg_type_4":0,"_bound":9} start 154.5887 took 22.4657s
*-- Errors occured in test {"Switcher":true,"ExpansionArg_type":3,"ExpansionArg_string":"require","ExpansionArg_type_2":0,"ExpansionArg_type_3":0,"ExpansionArg_type_4":0,"_bound":9}
* Error: Error: Tried loading "require" at /home/pbai002/ExpoSE/lib/Harness/src/require.js then tried node's require("require") and it failed with error: AssertionError [ERR_ASSERTION]: path must be a string
*-- Replay with NO_COMPILE=1 expoSE replay '/home/pbai002/ExpoSE/lib/Harness/src/harness.js' '{"Switcher":true,"ExpansionArg_type":3,"ExpansionArg_string":"require","ExpansionArg_type_2":0,"ExpansionArg_type_3":0,"ExpansionArg_type_4":0,"_bound":9}'
*-- Test Case {"Switcher":true,"ExpansionArg_type":0,"ExpansionArg_type_2":0,"ExpansionArg_type_3":0,"ExpansionArg_type_4":5,"ExpansionArg_array_length":0,"Target_Switcher":0,"ExpansionArg_type_5":0,"_bound":9,"ExpansionArg_bool":false} start 153.1159 took 24.4525s
*-- Errors occured in test {"Switcher":true,"ExpansionArg_type":0,"ExpansionArg_type_2":0,"ExpansionArg_type_3":0,"ExpansionArg_type_4":5,"ExpansionArg_array_length":0,"Target_Switcher":0,"ExpansionArg_type_5":0,"_bound":9,"ExpansionArg_bool":false}
* Error: TypeError: Cannot read property 'lastIndexOf' of undefined
*-- Replay with NO_COMPILE=1 expoSE replay '/home/pbai002/ExpoSE/lib/Harness/src/harness.js' '{"Switcher":true,"ExpansionArg_type":0,"ExpansionArg_type_2":0,"ExpansionArg_type_3":0,"ExpansionArg_type_4":5,"ExpansionArg_array_length":0,"Target_Switcher":0,"ExpansionArg_type_5":0,"_bound":9}'
*-- Test Case {"Switcher":true,"ExpansionArg_type":0,"ExpansionArg_type_2":0,"ExpansionArg_type_3":0,"ExpansionArg_type_4":4,"ExpansionArg_array_length":1,"Target_Switcher":0,"ExpansionArg_type_5":0,"_bound":10,"ExpansionArg_array_element_0_type":0} start 155.4198 took 22.9305s
*-- Errors occured in test {"Switcher":true,"ExpansionArg_type":0,"ExpansionArg_type_2":0,"ExpansionArg_type_3":0,"ExpansionArg_type_4":4,"ExpansionArg_array_length":1,"Target_Switcher":0,"ExpansionArg_type_5":0,"_bound":10,"ExpansionArg_array_element_0_type":0}
* Error: TypeError: Cannot read property 'lastIndexOf' of undefined
*-- Replay with NO_COMPILE=1 expoSE replay '/home/pbai002/ExpoSE/lib/Harness/src/harness.js' '{"Switcher":true,"ExpansionArg_type":0,"ExpansionArg_type_2":0,"ExpansionArg_type_3":0,"ExpansionArg_type_4":4,"ExpansionArg_array_length":1,"Target_Switcher":0,"ExpansionArg_type_5":0,"_bound":10}'
*-- Test Case {"Switcher":false,"Target_Switch_Base":0,"ExpansionArg_type":0,"ExpandedSwitcher":0,"ExpansionArg_type_2":3,"ExpansionArg_string":"?","ExpandedSwitcher_2":0,"_bound":19} start 147.4063 took 30.9514s
*-- Test Case {"Switcher":false,"Target_Switch_Base":0,"ExpansionArg_type":3,"ExpansionArg_string":"exports","_bound":45} start 155.8669 took 23.5151s
*-- Errors occured in test {"Switcher":false,"Target_Switch_Base":0,"ExpansionArg_type":3,"ExpansionArg_string":"exports","_bound":45}
* Error: Error: Tried loading "exports" at /home/pbai002/ExpoSE/lib/Harness/src/exports.js then tried node's require("exports") and it failed with error: AssertionError [ERR_ASSERTION]: path must be a string
*-- Replay with NO_COMPILE=1 expoSE replay '/home/pbai002/ExpoSE/lib/Harness/src/harness.js' '{"Switcher":false,"Target_Switch_Base":0,"ExpansionArg_type":3,"ExpansionArg_string":"exports","_bound":45}'
*-- Test Case {"Switcher":false,"Target_Switch_Base":0,"ExpansionArg_type":0,"ExpandedSwitcher":0,"ExpansionArg_type_2":5,"ExpansionArg_array_length":0,"_bound":9,"ExpansionArg_bool":false} start 164.3977 took 20.3894s
*-- Errors occured in test {"Switcher":false,"Target_Switch_Base":0,"ExpansionArg_type":0,"ExpandedSwitcher":0,"ExpansionArg_type_2":5,"ExpansionArg_array_length":0,"_bound":9,"ExpansionArg_bool":false}
* Error: TypeError: Function.prototype.apply was called on undefined, which is a undefined and not a function
*-- Replay with NO_COMPILE=1 expoSE replay '/home/pbai002/ExpoSE/lib/Harness/src/harness.js' '{"Switcher":false,"Target_Switch_Base":0,"ExpansionArg_type":0,"ExpandedSwitcher":0,"ExpansionArg_type_2":5,"ExpansionArg_array_length":0,"_bound":9}'
*-- Test Case {"Switcher":false,"Target_Switch_Base":0,"ExpansionArg_type":1,"ExpandedSwitcher":0,"ExpansionArg_type_2":3,"ExpansionArg_string":"","ExpandedSwitcher_2":0,"_bound":10} start 167.1113 took 22.3767s
*-- Test Case {"Switcher":true,"ExpansionArg_type":0,"ExpansionArg_type_2":0,"ExpansionArg_type_3":0,"ExpansionArg_type_4":1,"Target_Switcher":0,"ExpansionArg_type_5":3,"ExpansionArg_string":"shimRequire","ExpandedSwitcher":0,"_bound":17} start 161.264 took 33.8529s
*-- Test Case {"Switcher":false,"Target_Switch_Base":0,"ExpansionArg_type":3,"ExpansionArg_string":"require","_bound":44} start 175.3316 took 20.4524s
*-- Errors occured in test {"Switcher":false,"Target_Switch_Base":0,"ExpansionArg_type":3,"ExpansionArg_string":"require","_bound":44}
* Error: Error: Tried loading "require" at /home/pbai002/ExpoSE/lib/Harness/src/require.js then tried node's require("require") and it failed with error: AssertionError [ERR_ASSERTION]: path must be a string
*-- Replay with NO_COMPILE=1 expoSE replay '/home/pbai002/ExpoSE/lib/Harness/src/harness.js' '{"Switcher":false,"Target_Switch_Base":0,"ExpansionArg_type":3,"ExpansionArg_string":"require","_bound":44}'
*-- Test Case {"Switcher":true,"ExpansionArg_type":3,"ExpansionArg_string":"module","ExpansionArg_type_2":0,"ExpansionArg_type_3":0,"ExpansionArg_type_4":0,"_bound":11} start 176.4333 took 22.2088s
*-- Errors occured in test {"Switcher":true,"ExpansionArg_type":3,"ExpansionArg_string":"module","ExpansionArg_type_2":0,"ExpansionArg_type_3":0,"ExpansionArg_type_4":0,"_bound":11}
* Error: Error: Tried loading "module" at /home/pbai002/ExpoSE/lib/Harness/src/module.js then tried node's require("module") and it failed with error: AssertionError [ERR_ASSERTION]: path must be a string
*-- Replay with NO_COMPILE=1 expoSE replay '/home/pbai002/ExpoSE/lib/Harness/src/harness.js' '{"Switcher":true,"ExpansionArg_type":3,"ExpansionArg_string":"module","ExpansionArg_type_2":0,"ExpansionArg_type_3":0,"ExpansionArg_type_4":0,"_bound":11}'
*-- Test Case {"Switcher":true,"ExpansionArg_type":0,"ExpansionArg_type_2":1,"ExpansionArg_type_3":4,"ExpansionArg_string":"","ExpansionArg_type_4":0,"Target_Switcher":0,"ExpansionArg_type_5":0,"_bound":8,"ExpansionArg_array_length":0} start 179.5844 took 19.6752s
*-- Errors occured in test {"Switcher":true,"ExpansionArg_type":0,"ExpansionArg_type_2":1,"ExpansionArg_type_3":4,"ExpansionArg_string":"","ExpansionArg_type_4":0,"Target_Switcher":0,"ExpansionArg_type_5":0,"_bound":8,"ExpansionArg_array_length":0}
* Error: TypeError: Cannot read property 'lastIndexOf' of undefined
*-- Replay with NO_COMPILE=1 expoSE replay '/home/pbai002/ExpoSE/lib/Harness/src/harness.js' '{"Switcher":true,"ExpansionArg_type":0,"ExpansionArg_type_2":1,"ExpansionArg_type_3":4,"ExpansionArg_string":"","ExpansionArg_type_4":0,"Target_Switcher":0,"ExpansionArg_type_5":0,"_bound":8}'
*-- Test Case {"Switcher":false,"Target_Switch_Base":0,"ExpansionArg_type":3,"ExpansionArg_string":":","_bound":26} start 171.3932 took 28.8705s
*-- Errors occured in test {"Switcher":false,"Target_Switch_Base":0,"ExpansionArg_type":3,"ExpansionArg_string":":","_bound":26}
* Error: Error: Tried loading ":" at : then tried node's require(":") and it failed with error: AssertionError [ERR_ASSERTION]: path must be a string
*-- Replay with NO_COMPILE=1 expoSE replay '/home/pbai002/ExpoSE/lib/Harness/src/harness.js' '{"Switcher":false,"Target_Switch_Base":0,"ExpansionArg_type":3,"ExpansionArg_string":":","_bound":26}'
*-- Test Case {"Switcher":true,"ExpansionArg_type":3,"ExpansionArg_string":"exports","ExpansionArg_type_2":0,"ExpansionArg_type_3":0,"ExpansionArg_type_4":0,"_bound":10} start 179.2882 took 21.949s
*-- Errors occured in test {"Switcher":true,"ExpansionArg_type":3,"ExpansionArg_string":"exports","ExpansionArg_type_2":0,"ExpansionArg_type_3":0,"ExpansionArg_type_4":0,"_bound":10}
* Error: Error: Tried loading "exports" at /home/pbai002/ExpoSE/lib/Harness/src/exports.js then tried node's require("exports") and it failed with error: AssertionError [ERR_ASSERTION]: path must be a string
*-- Replay with NO_COMPILE=1 expoSE replay '/home/pbai002/ExpoSE/lib/Harness/src/harness.js' '{"Switcher":true,"ExpansionArg_type":3,"ExpansionArg_string":"exports","ExpansionArg_type_2":0,"ExpansionArg_type_3":0,"ExpansionArg_type_4":0,"_bound":10}'
*-- Test Case {"Switcher":false,"Target_Switch_Base":0,"ExpansionArg_type":0,"ExpandedSwitcher":0,"ExpansionArg_type_2":4,"ExpansionArg_array_length":1,"_bound":10,"ExpansionArg_array_element_0_type":0} start 184.9675 took 20.0721s
*-- Errors occured in test {"Switcher":false,"Target_Switch_Base":0,"ExpansionArg_type":0,"ExpandedSwitcher":0,"ExpansionArg_type_2":4,"ExpansionArg_array_length":1,"_bound":10,"ExpansionArg_array_element_0_type":0}
* Error: TypeError: Function.prototype.apply was called on undefined, which is a undefined and not a function
*-- Replay with NO_COMPILE=1 expoSE replay '/home/pbai002/ExpoSE/lib/Harness/src/harness.js' '{"Switcher":false,"Target_Switch_Base":0,"ExpansionArg_type":0,"ExpandedSwitcher":0,"ExpansionArg_type_2":4,"ExpansionArg_array_length":1,"_bound":10}'
*-- Test Case {"Switcher":false,"Target_Switch_Base":0,"ExpansionArg_type":1,"ExpandedSwitcher":0,"ExpansionArg_type_2":3,"ExpansionArg_string":".","ExpandedSwitcher_2":0,"_bound":19} start 171.6269 took 34.4244s
*-- Test Case {"Switcher":true,"ExpansionArg_type":0,"ExpansionArg_type_2":0,"ExpansionArg_type_3":3,"ExpansionArg_string":"","ExpansionArg_type_4":0,"Target_Switcher":0,"ExpansionArg_type_5":0,"_bound":11} start 189.9 took 18.6638s
*-- Errors occured in test {"Switcher":true,"ExpansionArg_type":0,"ExpansionArg_type_2":0,"ExpansionArg_type_3":3,"ExpansionArg_string":"","ExpansionArg_type_4":0,"Target_Switcher":0,"ExpansionArg_type_5":0,"_bound":11}
* Error: TypeError: Cannot read property 'lastIndexOf' of undefined
*-- Replay with NO_COMPILE=1 expoSE replay '/home/pbai002/ExpoSE/lib/Harness/src/harness.js' '{"Switcher":true,"ExpansionArg_type":0,"ExpansionArg_type_2":0,"ExpansionArg_type_3":3,"ExpansionArg_string":"","ExpansionArg_type_4":0,"Target_Switcher":0,"ExpansionArg_type_5":0,"_bound":11}'
*-- Test Case {"Switcher":true,"ExpansionArg_type":0,"ExpansionArg_type_2":1,"ExpansionArg_type_3":3,"ExpansionArg_string":"","ExpansionArg_type_4":0,"Target_Switcher":0,"ExpansionArg_type_5":0,"_bound":12} start 196.0241 took 19.2385s
*-- Errors occured in test {"Switcher":true,"ExpansionArg_type":0,"ExpansionArg_type_2":1,"ExpansionArg_type_3":3,"ExpansionArg_string":"","ExpansionArg_type_4":0,"Target_Switcher":0,"ExpansionArg_type_5":0,"_bound":12}
* Error: TypeError: Cannot read property 'lastIndexOf' of undefined
*-- Replay with NO_COMPILE=1 expoSE replay '/home/pbai002/ExpoSE/lib/Harness/src/harness.js' '{"Switcher":true,"ExpansionArg_type":0,"ExpansionArg_type_2":1,"ExpansionArg_type_3":3,"ExpansionArg_string":"","ExpansionArg_type_4":0,"Target_Switcher":0,"ExpansionArg_type_5":0,"_bound":12}'
*-- Test Case {"Switcher":false,"Target_Switch_Base":0,"ExpansionArg_type":3,"ExpansionArg_string":"shimExport","_bound":20} start 177.4517 took 38.5301s
*-- Errors occured in test {"Switcher":false,"Target_Switch_Base":0,"ExpansionArg_type":3,"ExpansionArg_string":"shimExport","_bound":20}
* Error: Error: Tried loading "shimExport" at /home/pbai002/ExpoSE/lib/Harness/src/shimExport.js then tried node's require("shimExport") and it failed with error: AssertionError [ERR_ASSERTION]: path must be a string
*-- Replay with NO_COMPILE=1 expoSE replay '/home/pbai002/ExpoSE/lib/Harness/src/harness.js' '{"Switcher":false,"Target_Switch_Base":0,"ExpansionArg_type":3,"ExpansionArg_string":"shimExport","_bound":20}'
*-- Test Case {"Switcher":true,"ExpansionArg_type":3,"ExpansionArg_string":"shimExport","ExpansionArg_type_2":0,"ExpansionArg_type_3":0,"ExpansionArg_type_4":0,"_bound":22} start 178.5238 took 37.7593s
*-- Errors occured in test {"Switcher":true,"ExpansionArg_type":3,"ExpansionArg_string":"shimExport","ExpansionArg_type_2":0,"ExpansionArg_type_3":0,"ExpansionArg_type_4":0,"_bound":22}
* Error: Error: Tried loading "shimExport" at /home/pbai002/ExpoSE/lib/Harness/src/shimExport.js then tried node's require("shimExport") and it failed with error: AssertionError [ERR_ASSERTION]: path must be a string
*-- Replay with NO_COMPILE=1 expoSE replay '/home/pbai002/ExpoSE/lib/Harness/src/harness.js' '{"Switcher":true,"ExpansionArg_type":3,"ExpansionArg_string":"shimExport","ExpansionArg_type_2":0,"ExpansionArg_type_3":0,"ExpansionArg_type_4":0,"_bound":22}'
*-- Test Case {"Switcher":false,"Target_Switch_Base":0,"ExpansionArg_type":3,"ExpansionArg_string":".\u0000","_bound":23} start 178.2384 took 38.4803s
*-- Errors occured in test {"Switcher":false,"Target_Switch_Base":0,"ExpansionArg_type":3,"ExpansionArg_string":".\u0000","_bound":23}
* Error: Error: Tried loading ". " at /home/pbai002/ExpoSE/lib/Harness/src/. .js then tried node's require(". ") and it failed with error: AssertionError [ERR_ASSERTION]: path must be a string
*-- Replay with NO_COMPILE=1 expoSE replay '/home/pbai002/ExpoSE/lib/Harness/src/harness.js' '{"Switcher":false,"Target_Switch_Base":0,"ExpansionArg_type":3,"ExpansionArg_string":".\u0000","_bound":23}'
*-- Test Case {"Switcher":false,"Target_Switch_Base":1,"ExpansionArg_type":4,"ExpansionArg_array_length":3,"ExpansionArg_array_element_0_type":0,"ExpansionArg_array_element_1_type":0,"_bound":13,"ExpansionArg_array_element_2_type":0} start 198.9858 took 17.7329s
*-- Errors occured in test {"Switcher":false,"Target_Switch_Base":1,"ExpansionArg_type":4,"ExpansionArg_array_length":3,"ExpansionArg_array_element_0_type":0,"ExpansionArg_array_element_1_type":0,"_bound":13,"ExpansionArg_array_element_2_type":0}
* Error: TypeError [ERR_INVALID_CALLBACK]: callback must be a function
*-- Replay with NO_COMPILE=1 expoSE replay '/home/pbai002/ExpoSE/lib/Harness/src/harness.js' '{"Switcher":false,"Target_Switch_Base":1,"ExpansionArg_type":4,"ExpansionArg_array_length":3,"ExpansionArg_array_element_0_type":0,"ExpansionArg_array_element_1_type":0,"_bound":13}'
*-- Test Case {"Switcher":true,"ExpansionArg_type":0,"ExpansionArg_type_2":1,"ExpansionArg_type_3":5,"ExpansionArg_array_length":0,"ExpansionArg_type_4":0,"Target_Switcher":0,"ExpansionArg_type_5":0,"_bound":9,"ExpansionArg_bool":false} start 199.5545 took 18.0286s
*-- Errors occured in test {"Switcher":true,"ExpansionArg_type":0,"ExpansionArg_type_2":1,"ExpansionArg_type_3":5,"ExpansionArg_array_length":0,"ExpansionArg_type_4":0,"Target_Switcher":0,"ExpansionArg_type_5":0,"_bound":9,"ExpansionArg_bool":false}
* Error: TypeError: Cannot read property 'lastIndexOf' of undefined
*-- Replay with NO_COMPILE=1 expoSE replay '/home/pbai002/ExpoSE/lib/Harness/src/harness.js' '{"Switcher":true,"ExpansionArg_type":0,"ExpansionArg_type_2":1,"ExpansionArg_type_3":5,"ExpansionArg_array_length":0,"ExpansionArg_type_4":0,"Target_Switcher":0,"ExpansionArg_type_5":0,"_bound":9}'
*-- Test Case {"Switcher":false,"Target_Switch_Base":0,"ExpansionArg_type":1,"ExpandedSwitcher":0,"ExpansionArg_type_2":3,"ExpansionArg_string":"@","ExpandedSwitcher_2":0,"_bound":14} start 202.2121 took 21.9938s
*-- Test Case {"Switcher":true,"ExpansionArg_type":0,"ExpansionArg_type_2":0,"ExpansionArg_type_3":0,"ExpansionArg_type_4":1,"Target_Switcher":0,"ExpansionArg_type_5":3,"ExpansionArg_string":":","ExpandedSwitcher":0,"_bound":22} start 200.9562 took 23.5278s
*-- Test Case {"Switcher":true,"ExpansionArg_type":3,"ExpansionArg_string":"","ExpansionArg_type_2":0,"ExpansionArg_type_3":0,"ExpansionArg_type_4":0,"_bound":12} start 208.7679 took 20.2258s
*-- Errors occured in test {"Switcher":true,"ExpansionArg_type":3,"ExpansionArg_string":"","ExpansionArg_type_2":0,"ExpansionArg_type_3":0,"ExpansionArg_type_4":0,"_bound":12}
* Error: Error: Tried loading "_@r2" at /home/pbai002/ExpoSE/lib/Harness/src/_@r2.js then tried node's require("_@r2") and it failed with error: Error: Cannot find module '_@r2'
*-- Replay with NO_COMPILE=1 expoSE replay '/home/pbai002/ExpoSE/lib/Harness/src/harness.js' '{"Switcher":true,"ExpansionArg_type":3,"ExpansionArg_string":"","ExpansionArg_type_2":0,"ExpansionArg_type_3":0,"ExpansionArg_type_4":0,"_bound":12}'
*-- Test Case {"Switcher":true,"ExpansionArg_type":0,"ExpansionArg_type_2":0,"ExpansionArg_type_3":0,"ExpansionArg_type_4":0,"Target_Switcher":0,"ExpansionArg_type_5":4,"ExpansionArg_string":"","ExpandedSwitcher":0,"_bound":10,"ExpansionArg_array_length":0} start 216.608 took 17.3967s
*-- Errors occured in test {"Switcher":true,"ExpansionArg_type":0,"ExpansionArg_type_2":0,"ExpansionArg_type_3":0,"ExpansionArg_type_4":0,"Target_Switcher":0,"ExpansionArg_type_5":4,"ExpansionArg_string":"","ExpandedSwitcher":0,"_bound":10,"ExpansionArg_array_length":0}
* Error: TypeError: Function.prototype.apply was called on undefined, which is a undefined and not a function
*-- Replay with NO_COMPILE=1 expoSE replay '/home/pbai002/ExpoSE/lib/Harness/src/harness.js' '{"Switcher":true,"ExpansionArg_type":0,"ExpansionArg_type_2":0,"ExpansionArg_type_3":0,"ExpansionArg_type_4":0,"Target_Switcher":0,"ExpansionArg_type_5":4,"ExpansionArg_string":"","ExpandedSwitcher":0,"_bound":10}'
*-- Test Case {"Switcher":false,"Target_Switch_Base":0,"ExpansionArg_type":1,"ExpandedSwitcher":0,"ExpansionArg_type_2":3,"ExpansionArg_string":"./","ExpandedSwitcher_2":0,"_bound":20} start 206.4207 took 28.0781s
*-- Test Case {"Switcher":false,"Target_Switch_Base":0,"ExpansionArg_type":4,"ExpansionArg_string":"","_bound":6,"ExpansionArg_array_length":0,"ExpandedSwitcher":0,"ExpansionArg_type_2":0} start 215.8437 took 19.7278s
*-- Errors occured in test {"Switcher":false,"Target_Switch_Base":0,"ExpansionArg_type":4,"ExpansionArg_string":"","_bound":6,"ExpansionArg_array_length":0,"ExpandedSwitcher":0,"ExpansionArg_type_2":0}
* Error: TypeError: Cannot read property 'lastIndexOf' of undefined
*-- Replay with NO_COMPILE=1 expoSE replay '/home/pbai002/ExpoSE/lib/Harness/src/harness.js' '{"Switcher":false,"Target_Switch_Base":0,"ExpansionArg_type":4,"ExpansionArg_string":"","_bound":6}'
*-- Test Case {"Switcher":true,"ExpansionArg_type":0,"ExpansionArg_type_2":4,"ExpansionArg_array_length":2,"ExpansionArg_array_element_0_type":0,"ExpansionArg_type_3":0,"ExpansionArg_type_4":0,"Target_Switcher":0,"ExpansionArg_type_5":0,"_bound":10,"ExpansionArg_array_element_1_type":0} start 216.1923 took 20.8436s
*-- Errors occured in test {"Switcher":true,"ExpansionArg_type":0,"ExpansionArg_type_2":4,"ExpansionArg_array_length":2,"ExpansionArg_array_element_0_type":0,"ExpansionArg_type_3":0,"ExpansionArg_type_4":0,"Target_Switcher":0,"ExpansionArg_type_5":0,"_bound":10,"ExpansionArg_array_element_1_type":0}
* Error: TypeError: Cannot read property 'lastIndexOf' of undefined
*-- Replay with NO_COMPILE=1 expoSE replay '/home/pbai002/ExpoSE/lib/Harness/src/harness.js' '{"Switcher":true,"ExpansionArg_type":0,"ExpansionArg_type_2":4,"ExpansionArg_array_length":2,"ExpansionArg_array_element_0_type":0,"ExpansionArg_type_3":0,"ExpansionArg_type_4":0,"Target_Switcher":0,"ExpansionArg_type_5":0,"_bound":10}'
*-- Test Case {"Switcher":false,"Target_Switch_Base":0,"ExpansionArg_type":1,"ExpandedSwitcher":0,"ExpansionArg_type_2":3,"ExpansionArg_string":".js","ExpandedSwitcher_2":0,"_bound":21} start 217.4008 took 20.2662s
*-- Test Case {"Switcher":true,"ExpansionArg_type":0,"ExpansionArg_type_2":0,"ExpansionArg_type_3":0,"ExpansionArg_type_4":1,"Target_Switcher":0,"ExpansionArg_type_5":3,"ExpansionArg_string":"shimExport","ExpandedSwitcher":0,"_bound":18} start 195.6811 took 42.531s
*-- Test Case {"Switcher":true,"ExpansionArg_type":0,"ExpansionArg_type_2":1,"ExpansionArg_type_3":5,"ExpansionArg_bool":true,"ExpansionArg_type_4":0,"Target_Switcher":0,"ExpansionArg_type_5":0,"_bound":13} start 218.1955 took 22.6099s
*-- Errors occured in test {"Switcher":true,"ExpansionArg_type":0,"ExpansionArg_type_2":1,"ExpansionArg_type_3":5,"ExpansionArg_bool":true,"ExpansionArg_type_4":0,"Target_Switcher":0,"ExpansionArg_type_5":0,"_bound":13}
* Error: TypeError: Cannot read property 'lastIndexOf' of undefined
*-- Replay with NO_COMPILE=1 expoSE replay '/home/pbai002/ExpoSE/lib/Harness/src/harness.js' '{"Switcher":true,"ExpansionArg_type":0,"ExpansionArg_type_2":1,"ExpansionArg_type_3":5,"ExpansionArg_bool":true,"ExpansionArg_type_4":0,"Target_Switcher":0,"ExpansionArg_type_5":0,"_bound":13}'
*-- Test Case {"Switcher":true,"ExpansionArg_type":3,"ExpansionArg_string":".\u0000","ExpansionArg_type_2":0,"ExpansionArg_type_3":0,"ExpansionArg_type_4":0,"_bound":25} start 205.9121 took 38.3665s
*-- Errors occured in test {"Switcher":true,"ExpansionArg_type":3,"ExpansionArg_string":".\u0000","ExpansionArg_type_2":0,"ExpansionArg_type_3":0,"ExpansionArg_type_4":0,"_bound":25}
* Error: Error: Tried loading ". " at /home/pbai002/ExpoSE/lib/Harness/src/. .js then tried node's require(". ") and it failed with error: AssertionError [ERR_ASSERTION]: path must be a string
*-- Replay with NO_COMPILE=1 expoSE replay '/home/pbai002/ExpoSE/lib/Harness/src/harness.js' '{"Switcher":true,"ExpansionArg_type":3,"ExpansionArg_string":".\u0000","ExpansionArg_type_2":0,"ExpansionArg_type_3":0,"ExpansionArg_type_4":0,"_bound":25}'
*-- Test Case {"Switcher":true,"ExpansionArg_type":0,"ExpansionArg_type_2":0,"ExpansionArg_type_3":0,"ExpansionArg_type_4":1,"Target_Switcher":0,"ExpansionArg_type_5":3,"ExpansionArg_string":"@","ExpandedSwitcher":0,"_bound":16} start 224.7038 took 22.6398s
*-- Test Case {"Switcher":false,"Target_Switch_Base":0,"ExpansionArg_type":3,"ExpansionArg_string":"./","_bound":24,"ExpandedSwitcher":0} start 217.227 took 30.4059s
*-- Test Case {"Switcher":false,"Target_Switch_Base":0,"ExpansionArg_type":0,"ExpandedSwitcher":0,"ExpansionArg_type_2":3,"ExpansionArg_string":".\u0000shimExport","ExpandedSwitcher_2":0,"_bound":17} start 229.176 took 20.0134s
*-- Test Case {"Switcher":false,"Target_Switch_Base":0,"ExpansionArg_type":5,"ExpansionArg_array_length":0,"ExpandedSwitcher":0,"ExpansionArg_type_2":0,"_bound":7,"ExpansionArg_bool":false} start 235.7802 took 18.733s
*-- Errors occured in test {"Switcher":false,"Target_Switch_Base":0,"ExpansionArg_type":5,"ExpansionArg_array_length":0,"ExpandedSwitcher":0,"ExpansionArg_type_2":0,"_bound":7,"ExpansionArg_bool":false}
* Error: TypeError: Cannot read property 'lastIndexOf' of undefined
*-- Replay with NO_COMPILE=1 expoSE replay '/home/pbai002/ExpoSE/lib/Harness/src/harness.js' '{"Switcher":false,"Target_Switch_Base":0,"ExpansionArg_type":5,"ExpansionArg_array_length":0,"ExpandedSwitcher":0,"ExpansionArg_type_2":0,"_bound":7}'
*-- Test Case {"Switcher":true,"ExpansionArg_type":0,"ExpansionArg_type_2":0,"ExpansionArg_type_3":0,"ExpansionArg_type_4":0,"Target_Switcher":0,"ExpansionArg_type_5":3,"ExpansionArg_string":"/","ExpandedSwitcher":0,"_bound":21} start 235.1086 took 21.6217s
*-- Test Case {"Switcher":true,"ExpansionArg_type":0,"ExpansionArg_type_2":0,"ExpansionArg_type_3":0,"ExpansionArg_type_4":0,"Target_Switcher":0,"ExpansionArg_type_5":3,"ExpansionArg_string":"\u0002shimExportD\u0000\u0000\u0000","ExpandedSwitcher":0,"_bound":17} start 224.3797 took 33.2516s
*-- Test Case {"Switcher":false,"Target_Switch_Base":0,"ExpansionArg_type":3,"ExpansionArg_string":"shimRequire","_bound":41} start 237.1162 took 20.9914s
*-- Errors occured in test {"Switcher":false,"Target_Switch_Base":0,"ExpansionArg_type":3,"ExpansionArg_string":"shimRequire","_bound":41}
* Error: Error: Tried loading "shimRequire" at /home/pbai002/ExpoSE/lib/Harness/src/shimRequire.js then tried node's require("shimRequire") and it failed with error: AssertionError [ERR_ASSERTION]: path must be a string
*-- Replay with NO_COMPILE=1 expoSE replay '/home/pbai002/ExpoSE/lib/Harness/src/harness.js' '{"Switcher":false,"Target_Switch_Base":0,"ExpansionArg_type":3,"ExpansionArg_string":"shimRequire","_bound":41}'
*-- Test Case {"Switcher":true,"ExpansionArg_type":3,"ExpansionArg_string":"purestring","ExpansionArg_type_2":0,"ExpansionArg_type_3":0,"ExpansionArg_type_4":0,"_bound":47} start 238.7539 took 24.5386s
*-- Errors occured in test {"Switcher":true,"ExpansionArg_type":3,"ExpansionArg_string":"purestring","ExpansionArg_type_2":0,"ExpansionArg_type_3":0,"ExpansionArg_type_4":0,"_bound":47}
* Error: Error: Tried loading "purestring" at /home/pbai002/ExpoSE/lib/Harness/src/purestring.js then tried node's require("purestring") and it failed with error: AssertionError [ERR_ASSERTION]: path must be a string
*-- Replay with NO_COMPILE=1 expoSE replay '/home/pbai002/ExpoSE/lib/Harness/src/harness.js' '{"Switcher":true,"ExpansionArg_type":3,"ExpansionArg_string":"purestring","ExpansionArg_type_2":0,"ExpansionArg_type_3":0,"ExpansionArg_type_4":0,"_bound":47}'
*-- Test Case {"Switcher":true,"ExpansionArg_type":3,"ExpansionArg_string":"\u0000>@","ExpansionArg_type_2":0,"ExpansionArg_type_3":0,"ExpansionArg_type_4":0,"_bound":20} start 237.7918 took 26.4506s
*-- Errors occured in test {"Switcher":true,"ExpansionArg_type":3,"ExpansionArg_string":"\u0000>@","ExpansionArg_type_2":0,"ExpansionArg_type_3":0,"ExpansionArg_type_4":0,"_bound":20}
* Error: Error: Tried loading " >@" at /home/pbai002/ExpoSE/lib/Harness/src/ >@.js then tried node's require(" >@") and it failed with error: AssertionError [ERR_ASSERTION]: path must be a string
*-- Replay with NO_COMPILE=1 expoSE replay '/home/pbai002/ExpoSE/lib/Harness/src/harness.js' '{"Switcher":true,"ExpansionArg_type":3,"ExpansionArg_string":"\u0000>@","ExpansionArg_type_2":0,"ExpansionArg_type_3":0,"ExpansionArg_type_4":0,"_bound":20}'
*-- Test Case {"Switcher":true,"ExpansionArg_type":0,"ExpansionArg_type_2":0,"ExpansionArg_type_3":0,"ExpansionArg_type_4":0,"Target_Switcher":0,"ExpansionArg_type_5":3,"ExpansionArg_string":"shimRequire","ExpandedSwitcher":0,"_bound":16} start 234.3917 took 30.7657s
*-- Test Case {"Switcher":false,"Target_Switch_Base":0,"ExpansionArg_type":1,"ExpandedSwitcher":0,"ExpansionArg_type_2":3,"ExpansionArg_string":".shimRequire","ExpandedSwitcher_2":0,"_bound":17} start 247.535 took 20.3497s
*-- Test Case {"Switcher":true,"ExpansionArg_type":3,"ExpansionArg_string":"./","ExpansionArg_type_2":0,"ExpansionArg_type_3":0,"ExpansionArg_type_4":0,"_bound":26,"Target_Switcher":0} start 244.4837 took 25.3419s
*-- Test Case {"Switcher":true,"ExpansionArg_type":3,"ExpansionArg_string":"module","ExpansionArg_type_2":0,"ExpansionArg_type_3":0,"ExpansionArg_type_4":0,"_bound":48} start 249.4037 took 20.9909s
*-- Errors occured in test {"Switcher":true,"ExpansionArg_type":3,"ExpansionArg_string":"module","ExpansionArg_type_2":0,"ExpansionArg_type_3":0,"ExpansionArg_type_4":0,"_bound":48}
* Error: Error: Tried loading "module" at /home/pbai002/ExpoSE/lib/Harness/src/module.js then tried node's require("module") and it failed with error: AssertionError [ERR_ASSERTION]: path must be a string
*-- Replay with NO_COMPILE=1 expoSE replay '/home/pbai002/ExpoSE/lib/Harness/src/harness.js' '{"Switcher":true,"ExpansionArg_type":3,"ExpansionArg_string":"module","ExpansionArg_type_2":0,"ExpansionArg_type_3":0,"ExpansionArg_type_4":0,"_bound":48}'
*-- Test Case {"Switcher":false,"Target_Switch_Base":0,"ExpansionArg_type":5,"ExpansionArg_bool":true,"ExpandedSwitcher":0,"ExpansionArg_type_2":0,"_bound":8} start 254.6386 took 18.6216s
*-- Errors occured in test {"Switcher":false,"Target_Switch_Base":0,"ExpansionArg_type":5,"ExpansionArg_bool":true,"ExpandedSwitcher":0,"ExpansionArg_type_2":0,"_bound":8}
* Error: TypeError: Cannot read property 'lastIndexOf' of undefined
*-- Replay with NO_COMPILE=1 expoSE replay '/home/pbai002/ExpoSE/lib/Harness/src/harness.js' '{"Switcher":false,"Target_Switch_Base":0,"ExpansionArg_type":5,"ExpansionArg_bool":true,"ExpandedSwitcher":0,"ExpansionArg_type_2":0,"_bound":8}'
*-- Test Case {"Switcher":true,"ExpansionArg_type":0,"ExpansionArg_type_2":0,"ExpansionArg_type_3":0,"ExpansionArg_type_4":0,"Target_Switcher":0,"ExpansionArg_type_5":5,"ExpansionArg_array_length":0,"_bound":11,"ExpansionArg_bool":false} start 258.0044 took 18.8445s
*-- Errors occured in test {"Switcher":true,"ExpansionArg_type":0,"ExpansionArg_type_2":0,"ExpansionArg_type_3":0,"ExpansionArg_type_4":0,"Target_Switcher":0,"ExpansionArg_type_5":5,"ExpansionArg_array_length":0,"_bound":11,"ExpansionArg_bool":false}
* Error: TypeError: Function.prototype.apply was called on undefined, which is a undefined and not a function
*-- Replay with NO_COMPILE=1 expoSE replay '/home/pbai002/ExpoSE/lib/Harness/src/harness.js' '{"Switcher":true,"ExpansionArg_type":0,"ExpansionArg_type_2":0,"ExpansionArg_type_3":0,"ExpansionArg_type_4":0,"Target_Switcher":0,"ExpansionArg_type_5":5,"ExpansionArg_array_length":0,"_bound":11}'
*-- Test Case {"Switcher":true,"ExpansionArg_type":0,"ExpansionArg_type_2":0,"ExpansionArg_type_3":4,"ExpansionArg_string":"","ExpansionArg_type_4":0,"Target_Switcher":0,"ExpansionArg_type_5":0,"_bound":7,"ExpansionArg_array_length":0} start 264.4509 took 18.821s
*-- Errors occured in test {"Switcher":true,"ExpansionArg_type":0,"ExpansionArg_type_2":0,"ExpansionArg_type_3":4,"ExpansionArg_string":"","ExpansionArg_type_4":0,"Target_Switcher":0,"ExpansionArg_type_5":0,"_bound":7,"ExpansionArg_array_length":0}
* Error: TypeError: Cannot read property 'lastIndexOf' of undefined
*-- Replay with NO_COMPILE=1 expoSE replay '/home/pbai002/ExpoSE/lib/Harness/src/harness.js' '{"Switcher":true,"ExpansionArg_type":0,"ExpansionArg_type_2":0,"ExpansionArg_type_3":4,"ExpansionArg_string":"","ExpansionArg_type_4":0,"Target_Switcher":0,"ExpansionArg_type_5":0,"_bound":7}'
*-- Test Case {"Switcher":false,"Target_Switch_Base":0,"ExpansionArg_type":3,"ExpansionArg_string":"\u0001\u0000\u0000\u0000\u0000\u0000\u0000[]","_bound":18} start 114.9997 took 168.8492s
*-- Errors occured in test {"Switcher":false,"Target_Switch_Base":0,"ExpansionArg_type":3,"ExpansionArg_string":"\u0001\u0000\u0000\u0000\u0000\u0000\u0000[]","_bound":18}
* Error: Error: Tried loading "      []" at /home/pbai002/ExpoSE/lib/Harness/src/      [].js then tried node's require("      []") and it failed with error: AssertionError [ERR_ASSERTION]: path must be a string
*-- Replay with NO_COMPILE=1 expoSE replay '/home/pbai002/ExpoSE/lib/Harness/src/harness.js' '{"Switcher":false,"Target_Switch_Base":0,"ExpansionArg_type":3,"ExpansionArg_string":"\u0001\u0000\u0000\u0000\u0000\u0000\u0000[]","_bound":18}'
*-- Test Case {"Switcher":true,"ExpansionArg_type":3,"ExpansionArg_string":"/","ExpansionArg_type_2":0,"ExpansionArg_type_3":0,"ExpansionArg_type_4":0,"_bound":28} start 258.4736 took 25.5339s
*-- Errors occured in test {"Switcher":true,"ExpansionArg_type":3,"ExpansionArg_string":"/","ExpansionArg_type_2":0,"ExpansionArg_type_3":0,"ExpansionArg_type_4":0,"_bound":28}
* Error: Error: Tried loading "/" at / then tried node's require("/") and it failed with error: AssertionError [ERR_ASSERTION]: path must be a string
*-- Replay with NO_COMPILE=1 expoSE replay '/home/pbai002/ExpoSE/lib/Harness/src/harness.js' '{"Switcher":true,"ExpansionArg_type":3,"ExpansionArg_string":"/","ExpansionArg_type_2":0,"ExpansionArg_type_3":0,"ExpansionArg_type_4":0,"_bound":28}'
*-- Test Case {"Switcher":true,"ExpansionArg_type":0,"ExpansionArg_type_2":0,"ExpansionArg_type_3":0,"ExpansionArg_type_4":4,"ExpansionArg_array_length":2,"ExpansionArg_array_element_0_type":0,"Target_Switcher":0,"ExpansionArg_type_5":0,"_bound":12,"ExpansionArg_array_element_1_type":0} start 263.6838 took 20.8445s
*-- Errors occured in test {"Switcher":true,"ExpansionArg_type":0,"ExpansionArg_type_2":0,"ExpansionArg_type_3":0,"ExpansionArg_type_4":4,"ExpansionArg_array_length":2,"ExpansionArg_array_element_0_type":0,"Target_Switcher":0,"ExpansionArg_type_5":0,"_bound":12,"ExpansionArg_array_element_1_type":0}
* Error: TypeError: Cannot read property 'lastIndexOf' of undefined
*-- Replay with NO_COMPILE=1 expoSE replay '/home/pbai002/ExpoSE/lib/Harness/src/harness.js' '{"Switcher":true,"ExpansionArg_type":0,"ExpansionArg_type_2":0,"ExpansionArg_type_3":0,"ExpansionArg_type_4":4,"ExpansionArg_array_length":2,"ExpansionArg_array_element_0_type":0,"Target_Switcher":0,"ExpansionArg_type_5":0,"_bound":12}'
*-- Test Case {"Switcher":true,"ExpansionArg_type":3,"ExpansionArg_string":"require","ExpansionArg_type_2":0,"ExpansionArg_type_3":0,"ExpansionArg_type_4":0,"_bound":46} start 268.3129 took 17.7885s
*-- Errors occured in test {"Switcher":true,"ExpansionArg_type":3,"ExpansionArg_string":"require","ExpansionArg_type_2":0,"ExpansionArg_type_3":0,"ExpansionArg_type_4":0,"_bound":46}
* Error: Error: Tried loading "require" at /home/pbai002/ExpoSE/lib/Harness/src/require.js then tried node's require("require") and it failed with error: AssertionError [ERR_ASSERTION]: path must be a string
*-- Replay with NO_COMPILE=1 expoSE replay '/home/pbai002/ExpoSE/lib/Harness/src/harness.js' '{"Switcher":true,"ExpansionArg_type":3,"ExpansionArg_string":"require","ExpansionArg_type_2":0,"ExpansionArg_type_3":0,"ExpansionArg_type_4":0,"_bound":46}'
*-- Test Case {"Switcher":false,"Target_Switch_Base":0,"ExpansionArg_type":3,"ExpansionArg_string":".shimRequire","_bound":21} start 240.9893 took 47.6735s
*-- Errors occured in test {"Switcher":false,"Target_Switch_Base":0,"ExpansionArg_type":3,"ExpansionArg_string":".shimRequire","_bound":21}
* Error: Error: Tried loading ".shimRequire" at /home/pbai002/ExpoSE/lib/Harness/src/.shimRequire.js then tried node's require(".shimRequire") and it failed with error: AssertionError [ERR_ASSERTION]: path must be a string
*-- Replay with NO_COMPILE=1 expoSE replay '/home/pbai002/ExpoSE/lib/Harness/src/harness.js' '{"Switcher":false,"Target_Switch_Base":0,"ExpansionArg_type":3,"ExpansionArg_string":".shimRequire","_bound":21}'
*-- Test Case {"Switcher":true,"ExpansionArg_type":0,"ExpansionArg_type_2":1,"ExpansionArg_type_3":4,"ExpansionArg_array_length":1,"ExpansionArg_type_4":0,"Target_Switcher":0,"ExpansionArg_type_5":0,"_bound":10,"ExpansionArg_array_element_0_type":0} start 270.6016 took 19.1379s
*-- Errors occured in test {"Switcher":true,"ExpansionArg_type":0,"ExpansionArg_type_2":1,"ExpansionArg_type_3":4,"ExpansionArg_array_length":1,"ExpansionArg_type_4":0,"Target_Switcher":0,"ExpansionArg_type_5":0,"_bound":10,"ExpansionArg_array_element_0_type":0}
* Error: TypeError: Cannot read property 'lastIndexOf' of undefined
*-- Replay with NO_COMPILE=1 expoSE replay '/home/pbai002/ExpoSE/lib/Harness/src/harness.js' '{"Switcher":true,"ExpansionArg_type":0,"ExpansionArg_type_2":1,"ExpansionArg_type_3":4,"ExpansionArg_array_length":1,"ExpansionArg_type_4":0,"Target_Switcher":0,"ExpansionArg_type_5":0,"_bound":10}'
*-- Test Case {"Switcher":true,"ExpansionArg_type":0,"ExpansionArg_type_2":0,"ExpansionArg_type_3":0,"ExpansionArg_type_4":0,"Target_Switcher":0,"ExpansionArg_type_5":3,"ExpansionArg_string":".\u0000","ExpandedSwitcher":0,"_bound":20} start 273.4656 took 18.5155s
*-- Errors occured in test {"Switcher":true,"ExpansionArg_type":0,"ExpansionArg_type_2":0,"ExpansionArg_type_3":0,"ExpansionArg_type_4":0,"Target_Switcher":0,"ExpansionArg_type_5":3,"ExpansionArg_string":".\u0000","ExpandedSwitcher":0,"_bound":20}
* Error: Exception E: SyntaxError: Unexpected end of JSON input of test data on 
* Error: Exception E: SyntaxError: Unexpected end of JSON input of coverage data on 
* Error: Error extracting final output - a fatal error must have occured
*-- Replay with NO_COMPILE=1 expoSE replay '/home/pbai002/ExpoSE/lib/Harness/src/harness.js' '{"Switcher":true,"ExpansionArg_type":0,"ExpansionArg_type_2":0,"ExpansionArg_type_3":0,"ExpansionArg_type_4":0,"Target_Switcher":0,"ExpansionArg_type_5":3,"ExpansionArg_string":".\u0000","ExpandedSwitcher":0,"_bound":20}'
*-- Test Case {"Switcher":false,"Target_Switch_Base":0,"ExpansionArg_type":3,"ExpansionArg_string":".js","_bound":27} start 265.3561 took 28.1875s
*-- Errors occured in test {"Switcher":false,"Target_Switch_Base":0,"ExpansionArg_type":3,"ExpansionArg_string":".js","_bound":27}
* Error: Error: Tried loading ".js" at .js then tried node's require(".js") and it failed with error: AssertionError [ERR_ASSERTION]: path must be a string
*-- Replay with NO_COMPILE=1 expoSE replay '/home/pbai002/ExpoSE/lib/Harness/src/harness.js' '{"Switcher":false,"Target_Switch_Base":0,"ExpansionArg_type":3,"ExpansionArg_string":".js","_bound":27}'
*-- Test Case {"Switcher":false,"Target_Switch_Base":0,"ExpansionArg_type":1,"ExpandedSwitcher":0,"ExpansionArg_type_2":4,"ExpansionArg_string":"","ExpandedSwitcher_2":0,"_bound":9,"ExpansionArg_array_length":0} start 277.0159 took 17.6992s
*-- Errors occured in test {"Switcher":false,"Target_Switch_Base":0,"ExpansionArg_type":1,"ExpandedSwitcher":0,"ExpansionArg_type_2":4,"ExpansionArg_string":"","ExpandedSwitcher_2":0,"_bound":9,"ExpansionArg_array_length":0}
* Error: TypeError: Function.prototype.apply was called on undefined, which is a undefined and not a function
*-- Replay with NO_COMPILE=1 expoSE replay '/home/pbai002/ExpoSE/lib/Harness/src/harness.js' '{"Switcher":false,"Target_Switch_Base":0,"ExpansionArg_type":1,"ExpandedSwitcher":0,"ExpansionArg_type_2":4,"ExpansionArg_string":"","ExpandedSwitcher_2":0,"_bound":9}'
*-- Test Case {"Switcher":true,"ExpansionArg_type":3,"ExpansionArg_string":"\u0000\u0000\u0000shimRequire","ExpansionArg_type_2":0,"ExpansionArg_type_3":0,"ExpansionArg_type_4":0,"_bound":21} start 257.1518 took 45.02s
*-- Errors occured in test {"Switcher":true,"ExpansionArg_type":3,"ExpansionArg_string":"\u0000\u0000\u0000shimRequire","ExpansionArg_type_2":0,"ExpansionArg_type_3":0,"ExpansionArg_type_4":0,"_bound":21}
* Error: Error: Tried loading "   shimRequire" at /home/pbai002/ExpoSE/lib/Harness/src/   shimRequire.js then tried node's require("   shimRequire") and it failed with error: AssertionError [ERR_ASSERTION]: path must be a string
*-- Replay with NO_COMPILE=1 expoSE replay '/home/pbai002/ExpoSE/lib/Harness/src/harness.js' '{"Switcher":true,"ExpansionArg_type":3,"ExpansionArg_string":"\u0000\u0000\u0000shimRequire","ExpansionArg_type_2":0,"ExpansionArg_type_3":0,"ExpansionArg_type_4":0,"_bound":21}'
*-- Test Case {"Switcher":false,"Target_Switch_Base":1,"ExpansionArg_type":4,"ExpansionArg_array_length":4,"ExpansionArg_array_element_0_type":0,"ExpansionArg_array_element_1_type":0,"ExpansionArg_array_element_2_type":0,"_bound":15,"ExpansionArg_array_element_3_type":0} start 283.3675 took 18.9535s
*-- Errors occured in test {"Switcher":false,"Target_Switch_Base":1,"ExpansionArg_type":4,"ExpansionArg_array_length":4,"ExpansionArg_array_element_0_type":0,"ExpansionArg_array_element_1_type":0,"ExpansionArg_array_element_2_type":0,"_bound":15,"ExpansionArg_array_element_3_type":0}
* Error: TypeError [ERR_INVALID_CALLBACK]: callback must be a function
*-- Replay with NO_COMPILE=1 expoSE replay '/home/pbai002/ExpoSE/lib/Harness/src/harness.js' '{"Switcher":false,"Target_Switch_Base":1,"ExpansionArg_type":4,"ExpansionArg_array_length":4,"ExpansionArg_array_element_0_type":0,"ExpansionArg_array_element_1_type":0,"ExpansionArg_array_element_2_type":0,"_bound":15}'
*-- Test Case {"Switcher":false,"Target_Switch_Base":0,"ExpansionArg_type":1,"ExpandedSwitcher":0,"ExpansionArg_type_2":3,"ExpansionArg_string":".\u0000shimExport","ExpandedSwitcher_2":0,"_bound":18} start 284.7482 took 18.2946s
*-- Test Case {"Switcher":true,"ExpansionArg_type":0,"ExpansionArg_type_2":0,"ExpansionArg_type_3":0,"ExpansionArg_type_4":1,"Target_Switcher":0,"ExpansionArg_type_5":4,"ExpansionArg_string":"","ExpandedSwitcher":0,"_bound":11,"ExpansionArg_array_length":0} start 284.1602 took 19.2683s
*-- Errors occured in test {"Switcher":true,"ExpansionArg_type":0,"ExpansionArg_type_2":0,"ExpansionArg_type_3":0,"ExpansionArg_type_4":1,"Target_Switcher":0,"ExpansionArg_type_5":4,"ExpansionArg_string":"","ExpandedSwitcher":0,"_bound":11,"ExpansionArg_array_length":0}
* Error: TypeError: Function.prototype.apply was called on undefined, which is a undefined and not a function
*-- Replay with NO_COMPILE=1 expoSE replay '/home/pbai002/ExpoSE/lib/Harness/src/harness.js' '{"Switcher":true,"ExpansionArg_type":0,"ExpansionArg_type_2":0,"ExpansionArg_type_3":0,"ExpansionArg_type_4":1,"Target_Switcher":0,"ExpansionArg_type_5":4,"ExpansionArg_string":"","ExpandedSwitcher":0,"_bound":11}'
*-- Test Case {"Switcher":false,"Target_Switch_Base":0,"ExpansionArg_type":1,"ExpandedSwitcher":0,"ExpansionArg_type_2":3,"ExpansionArg_string":"./?","ExpandedSwitcher_2":0,"_bound":21} start 283.9504 took 21.2703s
*-- Test Case {"Switcher":true,"ExpansionArg_type":3,"ExpansionArg_string":"exports","ExpansionArg_type_2":0,"ExpansionArg_type_3":0,"ExpansionArg_type_4":0,"_bound":47} start 290.1096 took 17.6893s
*-- Errors occured in test {"Switcher":true,"ExpansionArg_type":3,"ExpansionArg_string":"exports","ExpansionArg_type_2":0,"ExpansionArg_type_3":0,"ExpansionArg_type_4":0,"_bound":47}
* Error: Error: Tried loading "exports" at /home/pbai002/ExpoSE/lib/Harness/src/exports.js then tried node's require("exports") and it failed with error: AssertionError [ERR_ASSERTION]: path must be a string
*-- Replay with NO_COMPILE=1 expoSE replay '/home/pbai002/ExpoSE/lib/Harness/src/harness.js' '{"Switcher":true,"ExpansionArg_type":3,"ExpansionArg_string":"exports","ExpansionArg_type_2":0,"ExpansionArg_type_3":0,"ExpansionArg_type_4":0,"_bound":47}'
*-- Test Case {"Switcher":true,"ExpansionArg_type":3,"ExpansionArg_string":".js","ExpansionArg_type_2":0,"ExpansionArg_type_3":0,"ExpansionArg_type_4":0,"_bound":29} start 286.4519 took 25.7575s
*-- Errors occured in test {"Switcher":true,"ExpansionArg_type":3,"ExpansionArg_string":".js","ExpansionArg_type_2":0,"ExpansionArg_type_3":0,"ExpansionArg_type_4":0,"_bound":29}
* Error: Error: Tried loading ".js" at .js then tried node's require(".js") and it failed with error: AssertionError [ERR_ASSERTION]: path must be a string
*-- Replay with NO_COMPILE=1 expoSE replay '/home/pbai002/ExpoSE/lib/Harness/src/harness.js' '{"Switcher":true,"ExpansionArg_type":3,"ExpansionArg_string":".js","ExpansionArg_type_2":0,"ExpansionArg_type_3":0,"ExpansionArg_type_4":0,"_bound":29}'
*-- Test Case {"Switcher":false,"Target_Switch_Base":0,"ExpansionArg_type":0,"ExpandedSwitcher":0,"ExpansionArg_type_2":4,"ExpansionArg_array_length":2,"ExpansionArg_array_element_0_type":0,"_bound":12,"ExpansionArg_array_element_1_type":0} start 293.6601 took 19.1343s
*-- Errors occured in test {"Switcher":false,"Target_Switch_Base":0,"ExpansionArg_type":0,"ExpandedSwitcher":0,"ExpansionArg_type_2":4,"ExpansionArg_array_length":2,"ExpansionArg_array_element_0_type":0,"_bound":12,"ExpansionArg_array_element_1_type":0}
* Error: TypeError: Function.prototype.apply was called on undefined, which is a undefined and not a function
*-- Replay with NO_COMPILE=1 expoSE replay '/home/pbai002/ExpoSE/lib/Harness/src/harness.js' '{"Switcher":false,"Target_Switch_Base":0,"ExpansionArg_type":0,"ExpandedSwitcher":0,"ExpansionArg_type_2":4,"ExpansionArg_array_length":2,"ExpansionArg_array_element_0_type":0,"_bound":12}'
*-- Test Case {"Switcher":false,"Target_Switch_Base":0,"ExpansionArg_type":3,"ExpansionArg_string":"shimExport","_bound":43} start 292.0426 took 20.9254s
*-- Errors occured in test {"Switcher":false,"Target_Switch_Base":0,"ExpansionArg_type":3,"ExpansionArg_string":"shimExport","_bound":43}
* Error: Error: Tried loading "shimExport" at /home/pbai002/ExpoSE/lib/Harness/src/shimExport.js then tried node's require("shimExport") and it failed with error: AssertionError [ERR_ASSERTION]: path must be a string
*-- Replay with NO_COMPILE=1 expoSE replay '/home/pbai002/ExpoSE/lib/Harness/src/harness.js' '{"Switcher":false,"Target_Switch_Base":0,"ExpansionArg_type":3,"ExpansionArg_string":"shimExport","_bound":43}'
*-- Test Case {"Switcher":false,"Target_Switch_Base":0,"ExpansionArg_type":3,"ExpansionArg_string":":","_bound":45} start 294.8126 took 21.6931s
*-- Errors occured in test {"Switcher":false,"Target_Switch_Base":0,"ExpansionArg_type":3,"ExpansionArg_string":":","_bound":45}
* Error: Error: Tried loading ":" at : then tried node's require(":") and it failed with error: AssertionError [ERR_ASSERTION]: path must be a string
*-- Replay with NO_COMPILE=1 expoSE replay '/home/pbai002/ExpoSE/lib/Harness/src/harness.js' '{"Switcher":false,"Target_Switch_Base":0,"ExpansionArg_type":3,"ExpansionArg_string":":","_bound":45}'
*-- Test Case {"Switcher":false,"Target_Switch_Base":0,"ExpansionArg_type":1,"ExpandedSwitcher":0,"ExpansionArg_type_2":5,"ExpansionArg_array_length":0,"_bound":10,"ExpansionArg_bool":false} start 302.2363 took 17.9135s
*-- Errors occured in test {"Switcher":false,"Target_Switch_Base":0,"ExpansionArg_type":1,"ExpandedSwitcher":0,"ExpansionArg_type_2":5,"ExpansionArg_array_length":0,"_bound":10,"ExpansionArg_bool":false}
* Error: TypeError: Function.prototype.apply was called on undefined, which is a undefined and not a function
*-- Replay with NO_COMPILE=1 expoSE replay '/home/pbai002/ExpoSE/lib/Harness/src/harness.js' '{"Switcher":false,"Target_Switch_Base":0,"ExpansionArg_type":1,"ExpandedSwitcher":0,"ExpansionArg_type_2":5,"ExpansionArg_array_length":0,"_bound":10}'
*-- Test Case {"Switcher":false,"Target_Switch_Base":0,"ExpansionArg_type":4,"ExpansionArg_array_length":1,"ExpandedSwitcher":0,"ExpansionArg_type_2":0,"_bound":8,"ExpansionArg_array_element_0_type":0} start 302.6183 took 18.0531s
*-- Errors occured in test {"Switcher":false,"Target_Switch_Base":0,"ExpansionArg_type":4,"ExpansionArg_array_length":1,"ExpandedSwitcher":0,"ExpansionArg_type_2":0,"_bound":8,"ExpansionArg_array_element_0_type":0}
* Error: TypeError: Cannot read property 'lastIndexOf' of undefined
*-- Replay with NO_COMPILE=1 expoSE replay '/home/pbai002/ExpoSE/lib/Harness/src/harness.js' '{"Switcher":false,"Target_Switch_Base":0,"ExpansionArg_type":4,"ExpansionArg_array_length":1,"ExpandedSwitcher":0,"ExpansionArg_type_2":0,"_bound":8}'
*-- Test Case {"Switcher":true,"ExpansionArg_type":0,"ExpansionArg_type_2":0,"ExpansionArg_type_3":5,"ExpansionArg_array_length":0,"ExpansionArg_type_4":0,"Target_Switcher":0,"ExpansionArg_type_5":0,"_bound":8,"ExpansionArg_bool":false} start 303.5351 took 17.7016s
*-- Errors occured in test {"Switcher":true,"ExpansionArg_type":0,"ExpansionArg_type_2":0,"ExpansionArg_type_3":5,"ExpansionArg_array_length":0,"ExpansionArg_type_4":0,"Target_Switcher":0,"ExpansionArg_type_5":0,"_bound":8,"ExpansionArg_bool":false}
* Error: TypeError: Cannot read property 'lastIndexOf' of undefined
*-- Replay with NO_COMPILE=1 expoSE replay '/home/pbai002/ExpoSE/lib/Harness/src/harness.js' '{"Switcher":true,"ExpansionArg_type":0,"ExpansionArg_type_2":0,"ExpansionArg_type_3":5,"ExpansionArg_array_length":0,"ExpansionArg_type_4":0,"Target_Switcher":0,"ExpansionArg_type_5":0,"_bound":8}'
*-- Test Case {"Switcher":false,"Target_Switch_Base":0,"ExpansionArg_type":0,"ExpandedSwitcher":0,"ExpansionArg_type_2":3,"ExpansionArg_string":".]]","ExpandedSwitcher_2":0,"_bound":15} start 303.36 took 17.8769s
*-- Test Case {"Switcher":true,"ExpansionArg_type":0,"ExpansionArg_type_2":0,"ExpansionArg_type_3":0,"ExpansionArg_type_4":1,"Target_Switcher":0,"ExpansionArg_type_5":3,"ExpansionArg_string":".\u0000","ExpandedSwitcher":0,"_bound":21} start 305.3454 took 16.6907s
*-- Errors occured in test {"Switcher":true,"ExpansionArg_type":0,"ExpansionArg_type_2":0,"ExpansionArg_type_3":0,"ExpansionArg_type_4":1,"Target_Switcher":0,"ExpansionArg_type_5":3,"ExpansionArg_string":".\u0000","ExpandedSwitcher":0,"_bound":21}
* Error: Exception E: SyntaxError: Unexpected end of JSON input of coverage data on 
* Error: Exception E: SyntaxError: Unexpected end of JSON input of test data on 
* Error: Error extracting final output - a fatal error must have occured
*-- Replay with NO_COMPILE=1 expoSE replay '/home/pbai002/ExpoSE/lib/Harness/src/harness.js' '{"Switcher":true,"ExpansionArg_type":0,"ExpansionArg_type_2":0,"ExpansionArg_type_3":0,"ExpansionArg_type_4":1,"Target_Switcher":0,"ExpansionArg_type_5":3,"ExpansionArg_string":".\u0000","ExpandedSwitcher":0,"_bound":21}'
*-- Test Case {"Switcher":true,"ExpansionArg_type":0,"ExpansionArg_type_2":0,"ExpansionArg_type_3":0,"ExpansionArg_type_4":1,"Target_Switcher":0,"ExpansionArg_type_5":5,"ExpansionArg_array_length":0,"_bound":12,"ExpansionArg_bool":false} start 308.1159 took 18.1107s
*-- Errors occured in test {"Switcher":true,"ExpansionArg_type":0,"ExpansionArg_type_2":0,"ExpansionArg_type_3":0,"ExpansionArg_type_4":1,"Target_Switcher":0,"ExpansionArg_type_5":5,"ExpansionArg_array_length":0,"_bound":12,"ExpansionArg_bool":false}
* Error: TypeError: Function.prototype.apply was called on undefined, which is a undefined and not a function
*-- Replay with NO_COMPILE=1 expoSE replay '/home/pbai002/ExpoSE/lib/Harness/src/harness.js' '{"Switcher":true,"ExpansionArg_type":0,"ExpansionArg_type_2":0,"ExpansionArg_type_3":0,"ExpansionArg_type_4":1,"Target_Switcher":0,"ExpansionArg_type_5":5,"ExpansionArg_array_length":0,"_bound":12}'
*-- Test Case {"Switcher":false,"Target_Switch_Base":0,"ExpansionArg_type":0,"ExpandedSwitcher":0,"ExpansionArg_type_2":3,"ExpansionArg_string":".shimRequire","ExpandedSwitcher_2":0,"_bound":16} start 312.322 took 18.0505s
*-- Test Case {"Switcher":true,"ExpansionArg_type":4,"ExpansionArg_string":"","ExpansionArg_type_2":0,"ExpansionArg_type_3":0,"ExpansionArg_type_4":0,"_bound":5,"ExpansionArg_array_length":0,"Target_Switcher":0,"ExpansionArg_type_5":0} start 313.0839 took 17.5347s
*-- Errors occured in test {"Switcher":true,"ExpansionArg_type":4,"ExpansionArg_string":"","ExpansionArg_type_2":0,"ExpansionArg_type_3":0,"ExpansionArg_type_4":0,"_bound":5,"ExpansionArg_array_length":0,"Target_Switcher":0,"ExpansionArg_type_5":0}
* Error: TypeError: Cannot read property 'lastIndexOf' of undefined
*-- Replay with NO_COMPILE=1 expoSE replay '/home/pbai002/ExpoSE/lib/Harness/src/harness.js' '{"Switcher":true,"ExpansionArg_type":4,"ExpansionArg_string":"","ExpansionArg_type_2":0,"ExpansionArg_type_3":0,"ExpansionArg_type_4":0,"_bound":5}'
*-- Test Case {"Switcher":true,"ExpansionArg_type":3,"ExpansionArg_string":"shimExport","ExpansionArg_type_2":0,"ExpansionArg_type_3":0,"ExpansionArg_type_4":0,"_bound":45} start 312.911 took 20.1524s
*-- Errors occured in test {"Switcher":true,"ExpansionArg_type":3,"ExpansionArg_string":"shimExport","ExpansionArg_type_2":0,"ExpansionArg_type_3":0,"ExpansionArg_type_4":0,"_bound":45}
* Error: Error: Tried loading "shimExport" at /home/pbai002/ExpoSE/lib/Harness/src/shimExport.js then tried node's require("shimExport") and it failed with error: AssertionError [ERR_ASSERTION]: path must be a string
*-- Replay with NO_COMPILE=1 expoSE replay '/home/pbai002/ExpoSE/lib/Harness/src/harness.js' '{"Switcher":true,"ExpansionArg_type":3,"ExpansionArg_string":"shimExport","ExpansionArg_type_2":0,"ExpansionArg_type_3":0,"ExpansionArg_type_4":0,"_bound":45}'
*-- Test Case {"Switcher":true,"ExpansionArg_type":0,"ExpansionArg_type_2":4,"ExpansionArg_array_length":3,"ExpansionArg_array_element_0_type":0,"ExpansionArg_array_element_1_type":0,"ExpansionArg_type_3":0,"ExpansionArg_type_4":0,"Target_Switcher":0,"ExpansionArg_type_5":0,"_bound":12,"ExpansionArg_array_element_2_type":0} start 320.2569 took 16.5918s
*-- Errors occured in test {"Switcher":true,"ExpansionArg_type":0,"ExpansionArg_type_2":4,"ExpansionArg_array_length":3,"ExpansionArg_array_element_0_type":0,"ExpansionArg_array_element_1_type":0,"ExpansionArg_type_3":0,"ExpansionArg_type_4":0,"Target_Switcher":0,"ExpansionArg_type_5":0,"_bound":12,"ExpansionArg_array_element_2_type":0}
* Error: TypeError: Cannot read property 'lastIndexOf' of undefined
*-- Replay with NO_COMPILE=1 expoSE replay '/home/pbai002/ExpoSE/lib/Harness/src/harness.js' '{"Switcher":true,"ExpansionArg_type":0,"ExpansionArg_type_2":4,"ExpansionArg_array_length":3,"ExpansionArg_array_element_0_type":0,"ExpansionArg_array_element_1_type":0,"ExpansionArg_type_3":0,"ExpansionArg_type_4":0,"Target_Switcher":0,"ExpansionArg_type_5":0,"_bound":12}'
*-- Test Case {"Switcher":false,"Target_Switch_Base":0,"ExpansionArg_type":3,"ExpansionArg_string":".","_bound":47} start 316.653 took 20.8294s
*-- Errors occured in test {"Switcher":false,"Target_Switch_Base":0,"ExpansionArg_type":3,"ExpansionArg_string":".","_bound":47}
* Error: Error: Tried loading "." at /home/pbai002/ExpoSE/lib/Harness/src/..js then tried node's require(".") and it failed with error: AssertionError [ERR_ASSERTION]: path must be a string
*-- Replay with NO_COMPILE=1 expoSE replay '/home/pbai002/ExpoSE/lib/Harness/src/harness.js' '{"Switcher":false,"Target_Switch_Base":0,"ExpansionArg_type":3,"ExpansionArg_string":".","_bound":47}'
*-- Test Case {"Switcher":true,"ExpansionArg_type":0,"ExpansionArg_type_2":1,"ExpansionArg_type_3":1,"ExpansionArg_int":0,"ExpansionArg_type_4":0,"Target_Switcher":0,"ExpansionArg_type_5":0,"_bound":6} start 320.8136 took 17.0255s
*-- Errors occured in test {"Switcher":true,"ExpansionArg_type":0,"ExpansionArg_type_2":1,"ExpansionArg_type_3":1,"ExpansionArg_int":0,"ExpansionArg_type_4":0,"Target_Switcher":0,"ExpansionArg_type_5":0,"_bound":6}
* Error: TypeError: Cannot read property 'lastIndexOf' of undefined
*-- Replay with NO_COMPILE=1 expoSE replay '/home/pbai002/ExpoSE/lib/Harness/src/harness.js' '{"Switcher":true,"ExpansionArg_type":0,"ExpansionArg_type_2":1,"ExpansionArg_type_3":1,"ExpansionArg_int":0,"ExpansionArg_type_4":0,"Target_Switcher":0,"ExpansionArg_type_5":0,"_bound":6}'
*-- Test Case {"Switcher":true,"ExpansionArg_type":0,"ExpansionArg_type_2":0,"ExpansionArg_type_3":5,"ExpansionArg_bool":true,"ExpansionArg_type_4":0,"Target_Switcher":0,"ExpansionArg_type_5":0,"_bound":12} start 321.3401 took 17.2214s
*-- Errors occured in test {"Switcher":true,"ExpansionArg_type":0,"ExpansionArg_type_2":0,"ExpansionArg_type_3":5,"ExpansionArg_bool":true,"ExpansionArg_type_4":0,"Target_Switcher":0,"ExpansionArg_type_5":0,"_bound":12}
* Error: TypeError: Cannot read property 'lastIndexOf' of undefined
*-- Replay with NO_COMPILE=1 expoSE replay '/home/pbai002/ExpoSE/lib/Harness/src/harness.js' '{"Switcher":true,"ExpansionArg_type":0,"ExpansionArg_type_2":0,"ExpansionArg_type_3":5,"ExpansionArg_bool":true,"ExpansionArg_type_4":0,"Target_Switcher":0,"ExpansionArg_type_5":0,"_bound":12}'
*-- Test Case {"Switcher":false,"Target_Switch_Base":0,"ExpansionArg_type":0,"ExpandedSwitcher":3,"ExpansionArg_type_2":0,"ExpandedSwitcher_2":0,"_bound":6} start 321.5012 took 17.4373s
*-- Test Case {"Switcher":true,"ExpansionArg_type":1,"ExpansionArg_type_2":0,"ExpansionArg_type_3":0,"ExpansionArg_type_4":0,"Target_Switcher":2,"ExpansionArg_type_5":0,"_bound":7,"ExpandedSwitcher":0} start 322.0735 took 17.1363s
*-- Test Case {"Switcher":true,"ExpansionArg_type":3,"ExpansionArg_string":".","ExpansionArg_type_2":0,"ExpansionArg_type_3":0,"ExpansionArg_type_4":0,"_bound":49} start 326.3115 took 21.0237s
*-- Errors occured in test {"Switcher":true,"ExpansionArg_type":3,"ExpansionArg_string":".","ExpansionArg_type_2":0,"ExpansionArg_type_3":0,"ExpansionArg_type_4":0,"_bound":49}
* Error: Error: Tried loading "." at /home/pbai002/ExpoSE/lib/Harness/src/..js then tried node's require(".") and it failed with error: AssertionError [ERR_ASSERTION]: path must be a string
*-- Replay with NO_COMPILE=1 expoSE replay '/home/pbai002/ExpoSE/lib/Harness/src/harness.js' '{"Switcher":true,"ExpansionArg_type":3,"ExpansionArg_string":".","ExpansionArg_type_2":0,"ExpansionArg_type_3":0,"ExpansionArg_type_4":0,"_bound":49}'
*-- Test Case {"Switcher":true,"ExpansionArg_type":0,"ExpansionArg_type_2":1,"ExpansionArg_type_3":0,"ExpansionArg_type_4":0,"Target_Switcher":0,"ExpansionArg_type_5":2,"_bound":8,"ExpansionArg_int":0} start 330.5146 took 17.1867s
*-- Errors occured in test {"Switcher":true,"ExpansionArg_type":0,"ExpansionArg_type_2":1,"ExpansionArg_type_3":0,"ExpansionArg_type_4":0,"Target_Switcher":0,"ExpansionArg_type_5":2,"_bound":8,"ExpansionArg_int":0}
* Error: TypeError: Function.prototype.apply was called on undefined, which is a undefined and not a function
*-- Replay with NO_COMPILE=1 expoSE replay '/home/pbai002/ExpoSE/lib/Harness/src/harness.js' '{"Switcher":true,"ExpansionArg_type":0,"ExpansionArg_type_2":1,"ExpansionArg_type_3":0,"ExpansionArg_type_4":0,"Target_Switcher":0,"ExpansionArg_type_5":2,"_bound":8}'
*-- Test Case {"Switcher":true,"ExpansionArg_type":5,"ExpansionArg_array_length":0,"ExpansionArg_type_2":0,"ExpansionArg_type_3":0,"ExpansionArg_type_4":0,"Target_Switcher":0,"ExpansionArg_type_5":0,"_bound":6,"ExpansionArg_bool":false} start 330.7477 took 17.8731s
*-- Errors occured in test {"Switcher":true,"ExpansionArg_type":5,"ExpansionArg_array_length":0,"ExpansionArg_type_2":0,"ExpansionArg_type_3":0,"ExpansionArg_type_4":0,"Target_Switcher":0,"ExpansionArg_type_5":0,"_bound":6,"ExpansionArg_bool":false}
* Error: TypeError: Cannot read property 'lastIndexOf' of undefined
*-- Replay with NO_COMPILE=1 expoSE replay '/home/pbai002/ExpoSE/lib/Harness/src/harness.js' '{"Switcher":true,"ExpansionArg_type":5,"ExpansionArg_array_length":0,"ExpansionArg_type_2":0,"ExpansionArg_type_3":0,"ExpansionArg_type_4":0,"Target_Switcher":0,"ExpansionArg_type_5":0,"_bound":6}'
*-- Test Case {"Switcher":false,"Target_Switch_Base":0,"ExpansionArg_type":1,"ExpandedSwitcher":1,"ExpansionArg_type_2":0,"ExpandedSwitcher_2":0,"_bound":6} start 333.5719 took 18.3564s
*-- Test Case {"Switcher":true,"ExpansionArg_type":0,"ExpansionArg_type_2":1,"ExpansionArg_type_3":0,"ExpansionArg_type_4":2,"Target_Switcher":0,"ExpansionArg_type_5":0,"_bound":6,"ExpansionArg_int":0} start 336.9601 took 16.86s
*-- Errors occured in test {"Switcher":true,"ExpansionArg_type":0,"ExpansionArg_type_2":1,"ExpansionArg_type_3":0,"ExpansionArg_type_4":2,"Target_Switcher":0,"ExpansionArg_type_5":0,"_bound":6,"ExpansionArg_int":0}
* Error: TypeError: Cannot read property 'lastIndexOf' of undefined
*-- Replay with NO_COMPILE=1 expoSE replay '/home/pbai002/ExpoSE/lib/Harness/src/harness.js' '{"Switcher":true,"ExpansionArg_type":0,"ExpansionArg_type_2":1,"ExpansionArg_type_3":0,"ExpansionArg_type_4":2,"Target_Switcher":0,"ExpansionArg_type_5":0,"_bound":6}'
*-- Test Case {"Switcher":true,"ExpansionArg_type":0,"ExpansionArg_type_2":0,"ExpansionArg_type_3":0,"ExpansionArg_type_4":0,"Target_Switcher":0,"ExpansionArg_type_5":4,"ExpansionArg_array_length":1,"_bound":12,"ExpansionArg_array_element_0_type":0} start 337.5958 took 17.5497s
*-- Errors occured in test {"Switcher":true,"ExpansionArg_type":0,"ExpansionArg_type_2":0,"ExpansionArg_type_3":0,"ExpansionArg_type_4":0,"Target_Switcher":0,"ExpansionArg_type_5":4,"ExpansionArg_array_length":1,"_bound":12,"ExpansionArg_array_element_0_type":0}
* Error: TypeError: Function.prototype.apply was called on undefined, which is a undefined and not a function
*-- Replay with NO_COMPILE=1 expoSE replay '/home/pbai002/ExpoSE/lib/Harness/src/harness.js' '{"Switcher":true,"ExpansionArg_type":0,"ExpansionArg_type_2":0,"ExpansionArg_type_3":0,"ExpansionArg_type_4":0,"Target_Switcher":0,"ExpansionArg_type_5":4,"ExpansionArg_array_length":1,"_bound":12}'
*-- Test Case {"Switcher":false,"Target_Switch_Base":4,"ExpandedSwitcher":0,"_bound":5} start 338.6788 took 17.929s
*-- Test Case {"Switcher":false,"Target_Switch_Base":0,"ExpansionArg_type":1,"ExpandedSwitcher":0,"ExpansionArg_type_2":3,"ExpansionArg_string":".\u0000@","ExpandedSwitcher_2":0,"_bound":16} start 339.5866 took 18.2779s
*-- Test Case {"Switcher":true,"ExpansionArg_type":0,"ExpansionArg_type_2":0,"ExpansionArg_type_3":0,"ExpansionArg_type_4":0,"Target_Switcher":0,"ExpansionArg_type_5":3,"ExpansionArg_string":".[","ExpandedSwitcher":0,"_bound":17} start 347.4377 took 16.9488s
*-- Test Case {"Switcher":true,"ExpansionArg_type":5,"ExpansionArg_bool":true,"ExpansionArg_type_2":0,"ExpansionArg_type_3":0,"ExpansionArg_type_4":0,"Target_Switcher":0,"ExpansionArg_type_5":0,"_bound":10} start 348.7364 took 17.0423s
*-- Errors occured in test {"Switcher":true,"ExpansionArg_type":5,"ExpansionArg_bool":true,"ExpansionArg_type_2":0,"ExpansionArg_type_3":0,"ExpansionArg_type_4":0,"Target_Switcher":0,"ExpansionArg_type_5":0,"_bound":10}
* Error: TypeError: Cannot read property 'lastIndexOf' of undefined
*-- Replay with NO_COMPILE=1 expoSE replay '/home/pbai002/ExpoSE/lib/Harness/src/harness.js' '{"Switcher":true,"ExpansionArg_type":5,"ExpansionArg_bool":true,"ExpansionArg_type_2":0,"ExpansionArg_type_3":0,"ExpansionArg_type_4":0,"Target_Switcher":0,"ExpansionArg_type_5":0,"_bound":10}'
*-- Test Case {"Switcher":true,"ExpansionArg_type":0,"ExpansionArg_type_2":1,"ExpansionArg_type_3":0,"ExpansionArg_type_4":0,"Target_Switcher":0,"ExpansionArg_type_5":1,"ExpansionArg_int":0,"_bound":9} start 352.0625 took 16.5794s
*-- Errors occured in test {"Switcher":true,"ExpansionArg_type":0,"ExpansionArg_type_2":1,"ExpansionArg_type_3":0,"ExpansionArg_type_4":0,"Target_Switcher":0,"ExpansionArg_type_5":1,"ExpansionArg_int":0,"_bound":9}
* Error: TypeError: Cannot read property 'lastIndexOf' of null
*-- Replay with NO_COMPILE=1 expoSE replay '/home/pbai002/ExpoSE/lib/Harness/src/harness.js' '{"Switcher":true,"ExpansionArg_type":0,"ExpansionArg_type_2":1,"ExpansionArg_type_3":0,"ExpansionArg_type_4":0,"Target_Switcher":0,"ExpansionArg_type_5":1,"ExpansionArg_int":0,"_bound":9}'
*-- Test Case {"Switcher":true,"ExpansionArg_type":0,"ExpansionArg_type_2":1,"ExpansionArg_type_3":0,"ExpansionArg_type_4":1,"ExpansionArg_int":0,"Target_Switcher":0,"ExpansionArg_type_5":0,"_bound":7} start 354.1464 took 17.3757s
*-- Errors occured in test {"Switcher":true,"ExpansionArg_type":0,"ExpansionArg_type_2":1,"ExpansionArg_type_3":0,"ExpansionArg_type_4":1,"ExpansionArg_int":0,"Target_Switcher":0,"ExpansionArg_type_5":0,"_bound":7}
* Error: TypeError: Cannot read property 'lastIndexOf' of undefined
*-- Replay with NO_COMPILE=1 expoSE replay '/home/pbai002/ExpoSE/lib/Harness/src/harness.js' '{"Switcher":true,"ExpansionArg_type":0,"ExpansionArg_type_2":1,"ExpansionArg_type_3":0,"ExpansionArg_type_4":1,"ExpansionArg_int":0,"Target_Switcher":0,"ExpansionArg_type_5":0,"_bound":7}'
*-- Test Case {"Switcher":true,"ExpansionArg_type":0,"ExpansionArg_type_2":1,"ExpansionArg_type_3":0,"ExpansionArg_type_4":3,"ExpansionArg_int":0,"Target_Switcher":0,"ExpansionArg_type_5":0,"_bound":8,"ExpansionArg_string":"PureString"} start 355.2738 took 17.107s
*-- Errors occured in test {"Switcher":true,"ExpansionArg_type":0,"ExpansionArg_type_2":1,"ExpansionArg_type_3":0,"ExpansionArg_type_4":3,"ExpansionArg_int":0,"Target_Switcher":0,"ExpansionArg_type_5":0,"_bound":8,"ExpansionArg_string":"PureString"}
* Error: TypeError: Cannot read property 'lastIndexOf' of undefined
*-- Replay with NO_COMPILE=1 expoSE replay '/home/pbai002/ExpoSE/lib/Harness/src/harness.js' '{"Switcher":true,"ExpansionArg_type":0,"ExpansionArg_type_2":1,"ExpansionArg_type_3":0,"ExpansionArg_type_4":3,"ExpansionArg_int":0,"Target_Switcher":0,"ExpansionArg_type_5":0,"_bound":8}'
*-- Test Case {"Switcher":true,"ExpansionArg_type":0,"ExpansionArg_type_2":0,"ExpansionArg_type_3":0,"ExpansionArg_type_4":0,"Target_Switcher":1,"ExpansionArg_type_5":2,"ExpandedSwitcher":0,"_bound":8,"ExpansionArg_int":0} start 356.7468 took 16.9283s
*-- Test Case {"Switcher":false,"Target_Switch_Base":0,"ExpansionArg_type":3,"ExpansionArg_string":".js","_bound":47} start 358.2904 took 20.031s
*-- Errors occured in test {"Switcher":false,"Target_Switch_Base":0,"ExpansionArg_type":3,"ExpansionArg_string":".js","_bound":47}
* Error: Error: Tried loading ".js" at .js then tried node's require(".js") and it failed with error: AssertionError [ERR_ASSERTION]: path must be a string
*-- Replay with NO_COMPILE=1 expoSE replay '/home/pbai002/ExpoSE/lib/Harness/src/harness.js' '{"Switcher":false,"Target_Switch_Base":0,"ExpansionArg_type":3,"ExpansionArg_string":".js","_bound":47}'
*-- Test Case {"Switcher":true,"ExpansionArg_type":0,"ExpansionArg_type_2":0,"ExpansionArg_type_3":1,"ExpansionArg_type_4":0,"Target_Switcher":2,"ExpansionArg_type_5":0,"_bound":7,"ExpandedSwitcher":0} start 364.6795 took 17.4057s
*-- Test Case {"Switcher":true,"ExpansionArg_type":0,"ExpansionArg_type_2":0,"ExpansionArg_type_3":0,"ExpansionArg_type_4":1,"Target_Switcher":0,"ExpansionArg_type_5":3,"ExpansionArg_string":".shimRequire","ExpandedSwitcher":0,"_bound":19} start 365.9936 took 18.166s
*-- Errors occured in test {"Switcher":true,"ExpansionArg_type":0,"ExpansionArg_type_2":0,"ExpansionArg_type_3":0,"ExpansionArg_type_4":1,"Target_Switcher":0,"ExpansionArg_type_5":3,"ExpansionArg_string":".shimRequire","ExpandedSwitcher":0,"_bound":19}
* Error: Exception E: SyntaxError: Unexpected end of JSON input of test data on 
* Error: Exception E: SyntaxError: Unexpected end of JSON input of coverage data on 
* Error: Error extracting final output - a fatal error must have occured
*-- Replay with NO_COMPILE=1 expoSE replay '/home/pbai002/ExpoSE/lib/Harness/src/harness.js' '{"Switcher":true,"ExpansionArg_type":0,"ExpansionArg_type_2":0,"ExpansionArg_type_3":0,"ExpansionArg_type_4":1,"Target_Switcher":0,"ExpansionArg_type_5":3,"ExpansionArg_string":".shimRequire","ExpandedSwitcher":0,"_bound":19}'
*-- Test Case {"Switcher":false,"Target_Switch_Base":0,"ExpansionArg_type":0,"ExpandedSwitcher":2,"ExpansionArg_type_2":3,"ExpandedSwitcher_2":0,"_bound":7,"ExpansionArg_string":"PureString"} start 339.0116 took 45.7081s
*-- Test Case {"Switcher":true,"ExpansionArg_type":0,"ExpansionArg_type_2":0,"ExpansionArg_type_3":4,"ExpansionArg_array_length":1,"ExpansionArg_type_4":0,"Target_Switcher":0,"ExpansionArg_type_5":0,"_bound":9,"ExpansionArg_array_element_0_type":0} start 368.7599 took 16.9741s
*-- Errors occured in test {"Switcher":true,"ExpansionArg_type":0,"ExpansionArg_type_2":0,"ExpansionArg_type_3":4,"ExpansionArg_array_length":1,"ExpansionArg_type_4":0,"Target_Switcher":0,"ExpansionArg_type_5":0,"_bound":9,"ExpansionArg_array_element_0_type":0}
* Error: TypeError: Cannot read property 'lastIndexOf' of undefined
*-- Replay with NO_COMPILE=1 expoSE replay '/home/pbai002/ExpoSE/lib/Harness/src/harness.js' '{"Switcher":true,"ExpansionArg_type":0,"ExpansionArg_type_2":0,"ExpansionArg_type_3":4,"ExpansionArg_array_length":1,"ExpansionArg_type_4":0,"Target_Switcher":0,"ExpansionArg_type_5":0,"_bound":9}'
*-- Test Case {"Switcher":true,"ExpansionArg_type":0,"ExpansionArg_type_2":1,"ExpansionArg_type_3":0,"ExpansionArg_type_4":4,"ExpansionArg_string":"","Target_Switcher":0,"ExpansionArg_type_5":0,"_bound":9,"ExpansionArg_array_length":0} start 372.4916 took 19.1312s
*-- Errors occured in test {"Switcher":true,"ExpansionArg_type":0,"ExpansionArg_type_2":1,"ExpansionArg_type_3":0,"ExpansionArg_type_4":4,"ExpansionArg_string":"","Target_Switcher":0,"ExpansionArg_type_5":0,"_bound":9,"ExpansionArg_array_length":0}
* Error: TypeError: Cannot read property 'lastIndexOf' of undefined
*-- Replay with NO_COMPILE=1 expoSE replay '/home/pbai002/ExpoSE/lib/Harness/src/harness.js' '{"Switcher":true,"ExpansionArg_type":0,"ExpansionArg_type_2":1,"ExpansionArg_type_3":0,"ExpansionArg_type_4":4,"ExpansionArg_string":"","Target_Switcher":0,"ExpansionArg_type_5":0,"_bound":9}'
*-- Test Case {"Switcher":true,"ExpansionArg_type":3,"ExpansionArg_string":"/","ExpansionArg_type_2":0,"ExpansionArg_type_3":0,"ExpansionArg_type_4":0,"_bound":47} start 371.7343 took 20.5387s
*-- Errors occured in test {"Switcher":true,"ExpansionArg_type":3,"ExpansionArg_string":"/","ExpansionArg_type_2":0,"ExpansionArg_type_3":0,"ExpansionArg_type_4":0,"_bound":47}
* Error: Error: Tried loading "/" at / then tried node's require("/") and it failed with error: AssertionError [ERR_ASSERTION]: path must be a string
*-- Replay with NO_COMPILE=1 expoSE replay '/home/pbai002/ExpoSE/lib/Harness/src/harness.js' '{"Switcher":true,"ExpansionArg_type":3,"ExpansionArg_string":"/","ExpansionArg_type_2":0,"ExpansionArg_type_3":0,"ExpansionArg_type_4":0,"_bound":47}'
*-- Test Case {"Switcher":false,"Target_Switch_Base":0,"ExpansionArg_type":0,"ExpandedSwitcher":1,"ExpansionArg_type_2":3,"ExpansionArg_int":0,"ExpandedSwitcher_2":0,"_bound":8,"ExpansionArg_string":"PureString"} start 52.1495 took 340.6746s
*-- Test Case {"Switcher":true,"ExpansionArg_type":0,"ExpansionArg_type_2":0,"ExpansionArg_type_3":0,"ExpansionArg_type_4":0,"Target_Switcher":1,"ExpansionArg_type_5":2,"ExpansionArg_int":3,"ExpandedSwitcher":0,"_bound":11} start 373.7776 took 19.221s
*-- Errors occured in test {"Switcher":true,"ExpansionArg_type":0,"ExpansionArg_type_2":0,"ExpansionArg_type_3":0,"ExpansionArg_type_4":0,"Target_Switcher":1,"ExpansionArg_type_5":2,"ExpansionArg_int":3,"ExpandedSwitcher":0,"_bound":11}
* Error: TypeError: Function.prototype.apply was called on undefined, which is a undefined and not a function
*-- Replay with NO_COMPILE=1 expoSE replay '/home/pbai002/ExpoSE/lib/Harness/src/harness.js' '{"Switcher":true,"ExpansionArg_type":0,"ExpansionArg_type_2":0,"ExpansionArg_type_3":0,"ExpansionArg_type_4":0,"Target_Switcher":1,"ExpansionArg_type_5":2,"ExpansionArg_int":3,"ExpandedSwitcher":0,"_bound":11}'
*-- Test Case {"Switcher":false,"Target_Switch_Base":0,"ExpansionArg_type":2,"ExpansionArg_int":0,"ExpandedSwitcher":0,"ExpansionArg_type_2":3,"_bound":9,"ExpansionArg_string":"PureString","ExpandedSwitcher_2":0} start 338.3469 took 55.5333s
*-- Test Case {"Switcher":true,"ExpansionArg_type":0,"ExpansionArg_type_2":0,"ExpansionArg_type_3":0,"ExpansionArg_type_4":0,"Target_Switcher":1,"ExpansionArg_type_5":1,"ExpansionArg_int":0,"ExpandedSwitcher":0,"_bound":9} start 382.6083 took 15.9868s
*-- Test Case {"Switcher":true,"ExpansionArg_type":0,"ExpansionArg_type_2":1,"ExpansionArg_type_3":0,"ExpansionArg_type_4":0,"Target_Switcher":0,"ExpansionArg_type_5":3,"ExpansionArg_int":0,"_bound":10,"ExpansionArg_string":"PureString","ExpandedSwitcher":0} start 347.8326 took 53.9301s
*-- Test Case {"Switcher":false,"Target_Switch_Base":0,"ExpansionArg_type":0,"ExpandedSwitcher":2,"ExpansionArg_type_2":3,"ExpansionArg_string":"","ExpandedSwitcher_2":0,"_bound":11} start 384.8649 took 17.9474s
*-- Test Case {"Switcher":false,"Target_Switch_Base":0,"ExpansionArg_type":0,"ExpandedSwitcher":1,"ExpansionArg_type_2":3,"ExpansionArg_string":"","ExpandedSwitcher_2":0,"_bound":10} start 393.3341 took 17.9525s
*-- Test Case {"Switcher":false,"Target_Switch_Base":0,"ExpansionArg_type":2,"ExpansionArg_int":0,"ExpandedSwitcher":0,"ExpansionArg_type_2":3,"ExpansionArg_string":"","ExpandedSwitcher_2":0,"_bound":13} start 394.2246 took 18.5349s
*-- Test Case {"Switcher":false,"Target_Switch_Base":0,"ExpansionArg_type":2,"ExpansionArg_int":0,"ExpandedSwitcher":0,"ExpansionArg_type_2":3,"ExpansionArg_string":">","ExpandedSwitcher_2":0,"_bound":17} start 398.7299 took 17.7279s
*-- Test Case {"Switcher":true,"ExpansionArg_type":3,"ExpansionArg_string":".shimExport","ExpansionArg_type_2":0,"ExpansionArg_type_3":0,"ExpansionArg_type_4":0,"_bound":24} start 384.2192 took 36.6023s
*-- Errors occured in test {"Switcher":true,"ExpansionArg_type":3,"ExpansionArg_string":".shimExport","ExpansionArg_type_2":0,"ExpansionArg_type_3":0,"ExpansionArg_type_4":0,"_bound":24}
* Error: Error: Tried loading ".shimExport" at /home/pbai002/ExpoSE/lib/Harness/src/.shimExport.js then tried node's require(".shimExport") and it failed with error: AssertionError [ERR_ASSERTION]: path must be a string
*-- Replay with NO_COMPILE=1 expoSE replay '/home/pbai002/ExpoSE/lib/Harness/src/harness.js' '{"Switcher":true,"ExpansionArg_type":3,"ExpansionArg_string":".shimExport","ExpansionArg_type_2":0,"ExpansionArg_type_3":0,"ExpansionArg_type_4":0,"_bound":24}'
*-- Test Case {"Switcher":true,"ExpansionArg_type":0,"ExpansionArg_type_2":0,"ExpansionArg_type_3":0,"ExpansionArg_type_4":0,"Target_Switcher":1,"ExpansionArg_type_5":3,"ExpansionArg_int":0,"ExpandedSwitcher":0,"_bound":10,"ExpansionArg_string":"PureString"} start 378.4637 took 42.804s
*-- Test Case {"Switcher":false,"Target_Switch_Base":0,"ExpansionArg_type":0,"ExpandedSwitcher":2,"ExpansionArg_type_2":3,"ExpansionArg_string":">","ExpandedSwitcher_2":0,"_bound":19} start 403.1157 took 18.1521s
*-- Test Case {"Switcher":false,"Target_Switch_Base":0,"ExpansionArg_type":0,"ExpandedSwitcher":2,"ExpansionArg_type_2":3,"ExpansionArg_string":"shimExport","ExpandedSwitcher_2":0,"_bound":21} start 391.9562 took 32.4403s
*-- Test Case {"Switcher":true,"ExpansionArg_type":0,"ExpansionArg_type_2":1,"ExpansionArg_type_3":0,"ExpansionArg_type_4":0,"Target_Switcher":0,"ExpansionArg_type_5":3,"ExpansionArg_string":"[","ExpandedSwitcher":0,"_bound":16} start 411.9665 took 17.3512s
*-- Test Case {"Switcher":true,"ExpansionArg_type":0,"ExpansionArg_type_2":1,"ExpansionArg_type_3":0,"ExpansionArg_type_4":0,"Target_Switcher":0,"ExpansionArg_type_5":3,"ExpansionArg_string":"","ExpandedSwitcher":0,"_bound":12} start 413.2003 took 17.5305s
*-- Test Case {"Switcher":true,"ExpansionArg_type":0,"ExpansionArg_type_2":0,"ExpansionArg_type_3":0,"ExpansionArg_type_4":0,"Target_Switcher":1,"ExpansionArg_type_5":3,"ExpansionArg_string":"","ExpandedSwitcher":0,"_bound":12} start 421.8717 took 17.2581s
*-- Test Case {"Switcher":false,"Target_Switch_Base":0,"ExpansionArg_type":0,"ExpandedSwitcher":2,"ExpansionArg_type_2":3,"ExpansionArg_string":"\u0000\u0000shimRequire","ExpandedSwitcher_2":0,"_bound":20} start 392.752 took 46.7177s
*-- Test Case {"Switcher":false,"Target_Switch_Base":0,"ExpansionArg_type":0,"ExpandedSwitcher":1,"ExpansionArg_type_2":3,"ExpansionArg_string":"\u0000\u0000shimRequire","ExpandedSwitcher_2":0,"_bound":19} start 402.0826 took 44.4663s
*-- Test Case {"Switcher":false,"Target_Switch_Base":0,"ExpansionArg_type":0,"ExpandedSwitcher":2,"ExpansionArg_type_2":3,"ExpansionArg_string":"/","ExpandedSwitcher_2":0,"_bound":27} start 429.7305 took 20.9334s
*-- Test Case {"Switcher":false,"Target_Switch_Base":0,"ExpansionArg_type":0,"ExpandedSwitcher":1,"ExpansionArg_type_2":3,"ExpansionArg_string":"\u0000!","ExpandedSwitcher_2":0,"_bound":12} start 392.9409 took 57.8935s
*-- Test Case {"Switcher":true,"ExpansionArg_type":0,"ExpansionArg_type_2":1,"ExpansionArg_type_3":0,"ExpansionArg_type_4":0,"Target_Switcher":0,"ExpansionArg_type_5":3,"ExpansionArg_string":"\u0000shimExport","ExpandedSwitcher":0,"_bound":18} start 416.7636 took 35.7234s
*-- Test Case {"Switcher":false,"Target_Switch_Base":0,"ExpansionArg_type":0,"ExpandedSwitcher":1,"ExpansionArg_type_2":3,"ExpansionArg_string":"\u0000shimExport","ExpandedSwitcher_2":0,"_bound":20} start 430.8201 took 29.0469s
*-- Test Case {"Switcher":false,"Target_Switch_Base":0,"ExpansionArg_type":0,"ExpandedSwitcher":1,"ExpansionArg_type_2":4,"ExpansionArg_string":"","ExpandedSwitcher_2":0,"_bound":9,"ExpansionArg_array_length":0} start 446.6507 took 18.0174s
*-- Errors occured in test {"Switcher":false,"Target_Switch_Base":0,"ExpansionArg_type":0,"ExpandedSwitcher":1,"ExpansionArg_type_2":4,"ExpansionArg_string":"","ExpandedSwitcher_2":0,"_bound":9,"ExpansionArg_array_length":0}
* Error: TypeError: Function.prototype.apply was called on undefined, which is a undefined and not a function
*-- Replay with NO_COMPILE=1 expoSE replay '/home/pbai002/ExpoSE/lib/Harness/src/harness.js' '{"Switcher":false,"Target_Switch_Base":0,"ExpansionArg_type":0,"ExpandedSwitcher":1,"ExpansionArg_type_2":4,"ExpansionArg_string":"","ExpandedSwitcher_2":0,"_bound":9}'
*-- Test Case {"Switcher":false,"Target_Switch_Base":0,"ExpansionArg_type":0,"ExpandedSwitcher":2,"ExpansionArg_type_2":4,"ExpansionArg_string":"","ExpandedSwitcher_2":0,"_bound":10,"ExpansionArg_array_length":0} start 450.7706 took 17.5566s
*-- Errors occured in test {"Switcher":false,"Target_Switch_Base":0,"ExpansionArg_type":0,"ExpandedSwitcher":2,"ExpansionArg_type_2":4,"ExpansionArg_string":"","ExpandedSwitcher_2":0,"_bound":10,"ExpansionArg_array_length":0}
* Error: TypeError: Function.prototype.apply was called on undefined, which is a undefined and not a function
*-- Replay with NO_COMPILE=1 expoSE replay '/home/pbai002/ExpoSE/lib/Harness/src/harness.js' '{"Switcher":false,"Target_Switch_Base":0,"ExpansionArg_type":0,"ExpandedSwitcher":2,"ExpansionArg_type_2":4,"ExpansionArg_string":"","ExpandedSwitcher_2":0,"_bound":10}'
*-- Test Case {"Switcher":false,"Target_Switch_Base":0,"ExpansionArg_type":3,"ExpansionArg_string":"\u0000!","_bound":12} start 111.2878 took 357.5262s
*-- Errors occured in test {"Switcher":false,"Target_Switch_Base":0,"ExpansionArg_type":3,"ExpansionArg_string":"\u0000!","_bound":12}
* Error: Error: Tried loading " " at /home/pbai002/ExpoSE/lib/Harness/src/ .js then tried node's require(" ") and it failed with error: AssertionError [ERR_ASSERTION]: path must be a string
*-- Replay with NO_COMPILE=1 expoSE replay '/home/pbai002/ExpoSE/lib/Harness/src/harness.js' '{"Switcher":false,"Target_Switch_Base":0,"ExpansionArg_type":3,"ExpansionArg_string":"\u0000!","_bound":12}'
*-- Test Case {"Switcher":false,"Target_Switch_Base":0,"ExpansionArg_type":0,"ExpandedSwitcher":1,"ExpansionArg_type_2":3,"ExpansionArg_string":"!","ExpandedSwitcher_2":0,"_bound":13} start 451.3234 took 18.4445s
*-- Test Case {"Switcher":true,"ExpansionArg_type":0,"ExpansionArg_type_2":0,"ExpansionArg_type_3":0,"ExpansionArg_type_4":0,"Target_Switcher":1,"ExpansionArg_type_5":3,"ExpansionArg_string":"\u0000!","ExpandedSwitcher":0,"_bound":14} start 421.4204 took 49.2908s
*-- Test Case {"Switcher":false,"Target_Switch_Base":0,"ExpansionArg_type":0,"ExpandedSwitcher":2,"ExpansionArg_type_2":3,"ExpansionArg_string":"\u0000!","ExpandedSwitcher_2":0,"_bound":13} start 386.0516 took 90.1277s
*-- Test Case {"Switcher":false,"Target_Switch_Base":0,"ExpansionArg_type":0,"ExpandedSwitcher":1,"ExpansionArg_type_2":3,"ExpansionArg_string":">!","ExpandedSwitcher_2":0,"_bound":18} start 460.241 took 19.9387s
*-- Test Case {"Switcher":false,"Target_Switch_Base":0,"ExpansionArg_type":2,"ExpansionArg_int":0,"ExpandedSwitcher":0,"ExpansionArg_type_2":3,"ExpansionArg_string":"\u0000\u0000shimRequire","ExpandedSwitcher_2":0,"_bound":18} start 439.2976 took 47.8407s
*-- Test Case {"Switcher":false,"Target_Switch_Base":0,"ExpansionArg_type":3,"ExpansionArg_string":"!","_bound":13,"ExpandedSwitcher":0} start 468.9555 took 18.35s
*-- Test Case {"Switcher":true,"ExpansionArg_type":0,"ExpansionArg_type_2":0,"ExpansionArg_type_3":0,"ExpansionArg_type_4":0,"Target_Switcher":1,"ExpansionArg_type_5":3,"ExpansionArg_string":"!","ExpandedSwitcher":0,"_bound":15} start 471.0212 took 17.0065s
*-- Test Case {"Switcher":false,"Target_Switch_Base":0,"ExpansionArg_type":2,"ExpansionArg_int":0,"ExpandedSwitcher":0,"ExpansionArg_type_2":3,"ExpansionArg_string":"\u0000\u0000\u0000\u0000\u0000shimExport","ExpandedSwitcher_2":0,"_bound":19} start 439.7554 took 48.7522s
*-- Test Case {"Switcher":false,"Target_Switch_Base":0,"ExpansionArg_type":0,"ExpandedSwitcher":2,"ExpansionArg_type_2":3,"ExpansionArg_string":"!","ExpandedSwitcher_2":0,"_bound":14} start 476.71 took 17.5336s
*-- Test Case {"Switcher":true,"ExpansionArg_type":3,"ExpansionArg_string":"\u0000!","ExpansionArg_type_2":0,"ExpansionArg_type_3":0,"ExpansionArg_type_4":0,"_bound":14} start 148.8278 took 349.2023s
*-- Errors occured in test {"Switcher":true,"ExpansionArg_type":3,"ExpansionArg_string":"\u0000!","ExpansionArg_type_2":0,"ExpansionArg_type_3":0,"ExpansionArg_type_4":0,"_bound":14}
* Error: Error: Tried loading " " at /home/pbai002/ExpoSE/lib/Harness/src/ .js then tried node's require(" ") and it failed with error: AssertionError [ERR_ASSERTION]: path must be a string
*-- Replay with NO_COMPILE=1 expoSE replay '/home/pbai002/ExpoSE/lib/Harness/src/harness.js' '{"Switcher":true,"ExpansionArg_type":3,"ExpansionArg_string":"\u0000!","ExpansionArg_type_2":0,"ExpansionArg_type_3":0,"ExpansionArg_type_4":0,"_bound":14}'
*-- Test Case {"Switcher":true,"ExpansionArg_type":0,"ExpansionArg_type_2":0,"ExpansionArg_type_3":0,"ExpansionArg_type_4":0,"Target_Switcher":1,"ExpansionArg_type_5":3,"ExpansionArg_string":"\u0000\u0000shimRequire","ExpandedSwitcher":0,"_bound":21} start 468.7577 took 35.1308s
*-- Test Case {"Switcher":false,"Target_Switch_Base":0,"ExpansionArg_type":0,"ExpandedSwitcher":1,"ExpansionArg_type_2":3,"ExpansionArg_string":"shimExport!","ExpandedSwitcher_2":0,"_bound":20} start 464.8034 took 49.3362s
*-- Test Case {"Switcher":true,"ExpansionArg_type":3,"ExpansionArg_string":"!","ExpansionArg_type_2":0,"ExpansionArg_type_3":0,"ExpansionArg_type_4":0,"_bound":15,"Target_Switcher":0} start 498.3505 took 17.9034s
*-- Test Case {"Switcher":true,"ExpansionArg_type":0,"ExpansionArg_type_2":0,"ExpansionArg_type_3":0,"ExpansionArg_type_4":0,"Target_Switcher":1,"ExpansionArg_type_5":3,"ExpansionArg_string":">","ExpandedSwitcher":0,"_bound":20} start 424.731 took 92.7282s
*-- Test Case {"Switcher":false,"Target_Switch_Base":0,"ExpansionArg_type":0,"ExpandedSwitcher":1,"ExpansionArg_type_2":3,"ExpansionArg_string":"\u0000!\u0000","ExpandedSwitcher_2":0,"_bound":24} start 452.5983 took 79.8561s
*-- Test Case {"Switcher":false,"Target_Switch_Base":0,"ExpansionArg_type":0,"ExpandedSwitcher":2,"ExpansionArg_type_2":3,"ExpansionArg_string":"\u000e\u0000!\u0000","ExpandedSwitcher_2":0,"_bound":25} start 488.1542 took 67.0143s
*-- Test Case {"Switcher":true,"ExpansionArg_type":0,"ExpansionArg_type_2":0,"ExpansionArg_type_3":0,"ExpansionArg_type_4":0,"Target_Switcher":1,"ExpansionArg_type_5":3,"ExpansionArg_string":"\u000e\u0000!\u0000","ExpandedSwitcher":0,"_bound":26} start 488.6416 took 68.0576s
*-- Test Case {"Switcher":false,"Target_Switch_Base":0,"ExpansionArg_type":3,"ExpansionArg_string":"./\u0000","ExpandedSwitcher":0,"_bound":25} start 247.8243 took 333.5042s
*-- Errors occured in test {"Switcher":false,"Target_Switch_Base":0,"ExpansionArg_type":3,"ExpansionArg_string":"./\u0000","ExpandedSwitcher":0,"_bound":25}
* Error: Error: Tried loading " " at /home/pbai002/ExpoSE/lib/Harness/src/ .js then tried node's require(" ") and it failed with error: AssertionError [ERR_ASSERTION]: path must be a string
*-- Replay with NO_COMPILE=1 expoSE replay '/home/pbai002/ExpoSE/lib/Harness/src/harness.js' '{"Switcher":false,"Target_Switch_Base":0,"ExpansionArg_type":3,"ExpansionArg_string":"./\u0000","ExpandedSwitcher":0,"_bound":25}'
*-- Test Case {"Switcher":true,"ExpansionArg_type":0,"ExpansionArg_type_2":1,"ExpansionArg_type_3":0,"ExpansionArg_type_4":0,"Target_Switcher":0,"ExpansionArg_type_5":3,"ExpansionArg_string":"\u0000shimRequire","ExpandedSwitcher":0,"_bound":17} start 556.8174 took 33.6587s
*-- Test Case {"Switcher":true,"ExpansionArg_type":3,"ExpansionArg_string":"./\u0000","ExpansionArg_type_2":0,"ExpansionArg_type_3":0,"ExpansionArg_type_4":0,"Target_Switcher":0,"_bound":27} start 269.9547 took 330.4091s
*-- Errors occured in test {"Switcher":true,"ExpansionArg_type":3,"ExpansionArg_string":"./\u0000","ExpansionArg_type_2":0,"ExpansionArg_type_3":0,"ExpansionArg_type_4":0,"Target_Switcher":0,"_bound":27}
* Error: Error: Tried loading " " at /home/pbai002/ExpoSE/lib/Harness/src/ .js then tried node's require(" ") and it failed with error: AssertionError [ERR_ASSERTION]: path must be a string
*-- Replay with NO_COMPILE=1 expoSE replay '/home/pbai002/ExpoSE/lib/Harness/src/harness.js' '{"Switcher":true,"ExpansionArg_type":3,"ExpansionArg_string":"./\u0000","ExpansionArg_type_2":0,"ExpansionArg_type_3":0,"ExpansionArg_type_4":0,"Target_Switcher":0,"_bound":27}'
*-- Test Case {"Switcher":false,"Target_Switch_Base":0,"ExpansionArg_type":0,"ExpandedSwitcher":1,"ExpansionArg_type_2":3,"ExpansionArg_string":"?","ExpandedSwitcher_2":0,"_bound":26} start 581.4252 took 21.3058s
*-- Test Case {"Switcher":false,"Target_Switch_Base":0,"ExpansionArg_type":3,"ExpansionArg_string":"./shimRequire","_bound":22} start 289.2263 took 334.7479s
*-- Errors occured in test {"Switcher":false,"Target_Switch_Base":0,"ExpansionArg_type":3,"ExpansionArg_string":"./shimRequire","_bound":22}
* Error: Error: Tried loading "shimRequire" at /home/pbai002/ExpoSE/lib/Harness/src/shimRequire.js then tried node's require("shimRequire") and it failed with error: AssertionError [ERR_ASSERTION]: path must be a string
*-- Replay with NO_COMPILE=1 expoSE replay '/home/pbai002/ExpoSE/lib/Harness/src/harness.js' '{"Switcher":false,"Target_Switch_Base":0,"ExpansionArg_type":3,"ExpansionArg_string":"./shimRequire","_bound":22}'
*-- Test Case {"Switcher":true,"ExpansionArg_type":0,"ExpansionArg_type_2":1,"ExpansionArg_type_3":0,"ExpansionArg_type_4":0,"Target_Switcher":0,"ExpansionArg_type_5":3,"ExpansionArg_string":"/","ExpandedSwitcher":0,"_bound":22} start 602.8326 took 21.9918s
*-- Test Case {"Switcher":true,"ExpansionArg_type":0,"ExpansionArg_type_2":0,"ExpansionArg_type_3":0,"ExpansionArg_type_4":0,"Target_Switcher":1,"ExpansionArg_type_5":3,"ExpansionArg_string":"\u0000\u0000\u0002shimExport","ExpandedSwitcher":0,"_bound":22} start 600.4763 took 34.7552s
*-- Test Case {"Switcher":false,"Target_Switch_Base":0,"ExpansionArg_type":0,"ExpandedSwitcher":1,"ExpansionArg_type_2":3,"ExpansionArg_string":"!>","ExpandedSwitcher_2":0,"_bound":30} start 590.7661 took 54.9422s
*-- Test Case {"Switcher":false,"Target_Switch_Base":0,"ExpansionArg_type":0,"ExpandedSwitcher":2,"ExpansionArg_type_2":2,"ExpansionArg_string":"","ExpandedSwitcher_2":0,"_bound":9,"ExpansionArg_int":0} start 635.5626 took 17.898s
*-- Test Case {"Switcher":true,"ExpansionArg_type":0,"ExpansionArg_type_2":0,"ExpansionArg_type_3":0,"ExpansionArg_type_4":0,"Target_Switcher":1,"ExpansionArg_type_5":3,"ExpansionArg_string":"@!","ExpandedSwitcher":0,"_bound":20} start 624.0844 took 39.1772s
*-- Test Case {"Switcher":false,"Target_Switch_Base":0,"ExpansionArg_type":0,"ExpandedSwitcher":2,"ExpansionArg_type_2":2,"ExpansionArg_int":1,"ExpandedSwitcher_2":0,"_bound":10} start 653.5629 took 17.777s
*-- Errors occured in test {"Switcher":false,"Target_Switch_Base":0,"ExpansionArg_type":0,"ExpandedSwitcher":2,"ExpansionArg_type_2":2,"ExpansionArg_int":1,"ExpandedSwitcher_2":0,"_bound":10}
* Error: TypeError: Function.prototype.apply was called on undefined, which is a undefined and not a function
*-- Replay with NO_COMPILE=1 expoSE replay '/home/pbai002/ExpoSE/lib/Harness/src/harness.js' '{"Switcher":false,"Target_Switch_Base":0,"ExpansionArg_type":0,"ExpandedSwitcher":2,"ExpansionArg_type_2":2,"ExpansionArg_int":1,"ExpandedSwitcher_2":0,"_bound":10}'
*-- Test Case {"Switcher":true,"ExpansionArg_type":3,"ExpansionArg_string":"./?","ExpansionArg_type_2":0,"ExpansionArg_type_3":0,"ExpansionArg_type_4":0,"_bound":29} start 645.8032 took 32.8159s
*-- Errors occured in test {"Switcher":true,"ExpansionArg_type":3,"ExpansionArg_string":"./?","ExpansionArg_type_2":0,"ExpansionArg_type_3":0,"ExpansionArg_type_4":0,"_bound":29}
* Error: Error: Tried loading "?" at ? then tried node's require("?") and it failed with error: AssertionError [ERR_ASSERTION]: path must be a string
*-- Replay with NO_COMPILE=1 expoSE replay '/home/pbai002/ExpoSE/lib/Harness/src/harness.js' '{"Switcher":true,"ExpansionArg_type":3,"ExpansionArg_string":"./?","ExpansionArg_type_2":0,"ExpansionArg_type_3":0,"ExpansionArg_type_4":0,"_bound":29}'
*-- Test Case {"Switcher":true,"ExpansionArg_type":0,"ExpansionArg_type_2":1,"ExpansionArg_type_3":0,"ExpansionArg_type_4":5,"ExpansionArg_array_length":0,"Target_Switcher":0,"ExpansionArg_type_5":0,"_bound":10,"ExpansionArg_bool":false} start 671.4345 took 17.1313s
*-- Errors occured in test {"Switcher":true,"ExpansionArg_type":0,"ExpansionArg_type_2":1,"ExpansionArg_type_3":0,"ExpansionArg_type_4":5,"ExpansionArg_array_length":0,"Target_Switcher":0,"ExpansionArg_type_5":0,"_bound":10,"ExpansionArg_bool":false}
* Error: TypeError: Cannot read property 'lastIndexOf' of undefined
*-- Replay with NO_COMPILE=1 expoSE replay '/home/pbai002/ExpoSE/lib/Harness/src/harness.js' '{"Switcher":true,"ExpansionArg_type":0,"ExpansionArg_type_2":1,"ExpansionArg_type_3":0,"ExpansionArg_type_4":5,"ExpansionArg_array_length":0,"Target_Switcher":0,"ExpansionArg_type_5":0,"_bound":10}'
*-- Test Case {"Switcher":false,"Target_Switch_Base":0,"ExpansionArg_type":0,"ExpandedSwitcher":1,"ExpansionArg_type_2":5,"ExpansionArg_array_length":0,"_bound":10,"ExpansionArg_bool":false,"ExpandedSwitcher_2":0} start 679.1307 took 17.1609s
*-- Test Case {"Switcher":false,"Target_Switch_Base":0,"ExpansionArg_type":0,"ExpandedSwitcher":1,"ExpansionArg_type_2":3,"ExpansionArg_string":"\u0000@!\u0000\u0000","ExpandedSwitcher_2":0,"_bound":21} start 487.2496 took 214.1607s
*-- Test Case {"Switcher":false,"Target_Switch_Base":0,"ExpansionArg_type":0,"ExpandedSwitcher":2,"ExpansionArg_type_2":5,"ExpansionArg_array_length":0,"_bound":11,"ExpansionArg_bool":false,"ExpandedSwitcher_2":0} start 688.6937 took 17.8786s
*-- Test Case {"Switcher":false,"Target_Switch_Base":0,"ExpansionArg_type":0,"ExpandedSwitcher":1,"ExpansionArg_type_2":5,"ExpansionArg_bool":true,"ExpandedSwitcher_2":0,"_bound":11} start 696.3904 took 17.401s
*-- Errors occured in test {"Switcher":false,"Target_Switch_Base":0,"ExpansionArg_type":0,"ExpandedSwitcher":1,"ExpansionArg_type_2":5,"ExpansionArg_bool":true,"ExpandedSwitcher_2":0,"_bound":11}
* Error: TypeError: Function.prototype.apply was called on undefined, which is a undefined and not a function
*-- Replay with NO_COMPILE=1 expoSE replay '/home/pbai002/ExpoSE/lib/Harness/src/harness.js' '{"Switcher":false,"Target_Switch_Base":0,"ExpansionArg_type":0,"ExpandedSwitcher":1,"ExpansionArg_type_2":5,"ExpansionArg_bool":true,"ExpandedSwitcher_2":0,"_bound":11}'
*-- Test Case {"Switcher":false,"Target_Switch_Base":0,"ExpansionArg_type":0,"ExpandedSwitcher":2,"ExpansionArg_type_2":5,"ExpansionArg_bool":true,"ExpandedSwitcher_2":0,"_bound":12} start 706.7073 took 18.1577s
*-- Errors occured in test {"Switcher":false,"Target_Switch_Base":0,"ExpansionArg_type":0,"ExpandedSwitcher":2,"ExpansionArg_type_2":5,"ExpansionArg_bool":true,"ExpandedSwitcher_2":0,"_bound":12}
* Error: TypeError: Function.prototype.apply was called on undefined, which is a undefined and not a function
*-- Replay with NO_COMPILE=1 expoSE replay '/home/pbai002/ExpoSE/lib/Harness/src/harness.js' '{"Switcher":false,"Target_Switch_Base":0,"ExpansionArg_type":0,"ExpandedSwitcher":2,"ExpansionArg_type_2":5,"ExpansionArg_bool":true,"ExpandedSwitcher_2":0,"_bound":12}'
*-- Test Case {"Switcher":true,"ExpansionArg_type":3,"ExpansionArg_string":"./shimExport","ExpansionArg_type_2":0,"ExpansionArg_type_3":0,"ExpansionArg_type_4":0,"_bound":25} start 421.1431 took 324.0747s
*-- Errors occured in test {"Switcher":true,"ExpansionArg_type":3,"ExpansionArg_string":"./shimExport","ExpansionArg_type_2":0,"ExpansionArg_type_3":0,"ExpansionArg_type_4":0,"_bound":25}
* Error: Exception E: SyntaxError: Unexpected end of JSON input of test data on 
* Error: Exception E: SyntaxError: Unexpected end of JSON input of coverage data on 
* Error: Error extracting final output - a fatal error must have occured
*-- Replay with NO_COMPILE=1 expoSE replay '/home/pbai002/ExpoSE/lib/Harness/src/harness.js' '{"Switcher":true,"ExpansionArg_type":3,"ExpansionArg_string":"./shimExport","ExpansionArg_type_2":0,"ExpansionArg_type_3":0,"ExpansionArg_type_4":0,"_bound":25}'
*-- Test Case {"Switcher":false,"Target_Switch_Base":0,"ExpansionArg_type":2,"ExpansionArg_int":0,"ExpandedSwitcher":0,"ExpansionArg_type_2":3,"ExpansionArg_string":":","ExpandedSwitcher_2":0,"_bound":23} start 724.9763 took 20.823s
*-- Test Case {"Switcher":false,"Target_Switch_Base":0,"ExpansionArg_type":0,"ExpandedSwitcher":1,"ExpansionArg_type_2":3,"ExpansionArg_string":"\u0000shimRequire!","ExpandedSwitcher_2":0,"_bound":19} start 714.1014 took 48.4285s
*-- Test Case {"Switcher":false,"Target_Switch_Base":0,"ExpansionArg_type":0,"ExpandedSwitcher":2,"ExpansionArg_type_2":3,"ExpansionArg_string":"\u0000shimExport!","ExpandedSwitcher_2":0,"_bound":21} start 745.2667 took 58.5519s
*-- Test Case {"Switcher":false,"Target_Switch_Base":0,"ExpansionArg_type":0,"ExpandedSwitcher":1,"ExpansionArg_type_2":3,"ExpansionArg_string":"!\u0000","ExpandedSwitcher_2":0,"_bound":14} start 469.884 took 341.3518s
*-- Test Case {"Switcher":false,"Target_Switch_Base":0,"ExpansionArg_type":3,"ExpansionArg_string":"(!\u0000","_bound":24} start 480.2841 took 338.1537s
*-- Errors occured in test {"Switcher":false,"Target_Switch_Base":0,"ExpansionArg_type":3,"ExpansionArg_string":"(!\u0000","_bound":24}
* Error: Error: Tried loading "(" at /home/pbai002/ExpoSE/lib/Harness/src/(.js then tried node's require("(") and it failed with error: AssertionError [ERR_ASSERTION]: path must be a string
*-- Replay with NO_COMPILE=1 expoSE replay '/home/pbai002/ExpoSE/lib/Harness/src/harness.js' '{"Switcher":false,"Target_Switch_Base":0,"ExpansionArg_type":3,"ExpansionArg_string":"(!\u0000","_bound":24}'
*-- Test Case {"Switcher":false,"Target_Switch_Base":0,"ExpansionArg_type":3,"ExpansionArg_string":"shimExport!","_bound":20} start 745.9148 took 73.9759s
*-- Errors occured in test {"Switcher":false,"Target_Switch_Base":0,"ExpansionArg_type":3,"ExpansionArg_string":"shimExport!","_bound":20}
* Error: Error: Tried loading "shimExport" at /home/pbai002/ExpoSE/lib/Harness/src/shimExport.js then tried node's require("shimExport") and it failed with error: AssertionError [ERR_ASSERTION]: path must be a string
*-- Replay with NO_COMPILE=1 expoSE replay '/home/pbai002/ExpoSE/lib/Harness/src/harness.js' '{"Switcher":false,"Target_Switch_Base":0,"ExpansionArg_type":3,"ExpansionArg_string":"shimExport!","_bound":20}'
*-- Test Case {"Switcher":false,"Target_Switch_Base":0,"ExpansionArg_type":3,"ExpansionArg_string":"!\u0000","ExpandedSwitcher":0,"_bound":14} start 487.6096 took 334.8308s
*-- Errors occured in test {"Switcher":false,"Target_Switch_Base":0,"ExpansionArg_type":3,"ExpansionArg_string":"!\u0000","ExpandedSwitcher":0,"_bound":14}
* Error: Exception E: SyntaxError: Unexpected end of JSON input of test data on 
* Error: Exception E: SyntaxError: Unexpected end of JSON input of coverage data on 
* Error: Error extracting final output - a fatal error must have occured
*-- Replay with NO_COMPILE=1 expoSE replay '/home/pbai002/ExpoSE/lib/Harness/src/harness.js' '{"Switcher":false,"Target_Switch_Base":0,"ExpansionArg_type":3,"ExpansionArg_string":"!\u0000","ExpandedSwitcher":0,"_bound":14}'
*-- Test Case {"Switcher":true,"ExpansionArg_type":0,"ExpansionArg_type_2":0,"ExpansionArg_type_3":0,"ExpansionArg_type_4":0,"Target_Switcher":1,"ExpansionArg_type_5":3,"ExpansionArg_string":"!\u0000","ExpandedSwitcher":0,"_bound":16} start 494.5869 took 331.4387s
*-- Test Case {"Switcher":false,"Target_Switch_Base":0,"ExpansionArg_type":0,"ExpandedSwitcher":2,"ExpansionArg_type_2":3,"ExpansionArg_string":"\u0000]>\u0000!","ExpandedSwitcher_2":0,"_bound":19} start 818.6056 took 20.0651s
*-- Test Case {"Switcher":false,"Target_Switch_Base":0,"ExpansionArg_type":0,"ExpandedSwitcher":1,"ExpansionArg_type_2":3,"ExpansionArg_string":"\u0000!shimRequire","ExpandedSwitcher_2":0,"_bound":31} start 811.3559 took 29.0661s
*-- Test Case {"Switcher":true,"ExpansionArg_type":3,"ExpansionArg_string":"\u0000\u0000!\u0000\u0000","ExpansionArg_type_2":0,"ExpansionArg_type_3":0,"ExpansionArg_type_4":0,"_bound":26} start 504.028 took 341.2943s
*-- Errors occured in test {"Switcher":true,"ExpansionArg_type":3,"ExpansionArg_string":"\u0000\u0000!\u0000\u0000","ExpansionArg_type_2":0,"ExpansionArg_type_3":0,"ExpansionArg_type_4":0,"_bound":26}
* Error: Error: Tried loading "  " at /home/pbai002/ExpoSE/lib/Harness/src/  .js then tried node's require("  ") and it failed with error: AssertionError [ERR_ASSERTION]: path must be a string
*-- Replay with NO_COMPILE=1 expoSE replay '/home/pbai002/ExpoSE/lib/Harness/src/harness.js' '{"Switcher":true,"ExpansionArg_type":3,"ExpansionArg_string":"\u0000\u0000!\u0000\u0000","ExpansionArg_type_2":0,"ExpansionArg_type_3":0,"ExpansionArg_type_4":0,"_bound":26}'
*-- Test Case {"Switcher":false,"Target_Switch_Base":0,"ExpansionArg_type":0,"ExpandedSwitcher":2,"ExpansionArg_type_2":3,"ExpansionArg_string":"!\u0000","ExpandedSwitcher_2":0,"_bound":15} start 517.5666 took 333.5661s
*-- Test Case {"Switcher":false,"Target_Switch_Base":0,"ExpansionArg_type":3,"ExpansionArg_string":"@[\u0000\u0000!","_bound":18} start 514.256 took 339.0408s
*-- Errors occured in test {"Switcher":false,"Target_Switch_Base":0,"ExpansionArg_type":3,"ExpansionArg_string":"@[\u0000\u0000!","_bound":18}
* Error: Error: Tried loading "@[  " at /home/pbai002/ExpoSE/lib/Harness/src/@[  .js then tried node's require("@[  ") and it failed with error: AssertionError [ERR_ASSERTION]: path must be a string
*-- Replay with NO_COMPILE=1 expoSE replay '/home/pbai002/ExpoSE/lib/Harness/src/harness.js' '{"Switcher":false,"Target_Switch_Base":0,"ExpansionArg_type":3,"ExpansionArg_string":"@[\u0000\u0000!","_bound":18}'
*-- Test Case {"Switcher":false,"Target_Switch_Base":0,"ExpansionArg_type":3,"ExpansionArg_string":"shimRequire!\u0000","_bound":19} start 516.3643 took 343.4701s
*-- Errors occured in test {"Switcher":false,"Target_Switch_Base":0,"ExpansionArg_type":3,"ExpansionArg_string":"shimRequire!\u0000","_bound":19}
* Error: Error: Tried loading "shimRequire" at /home/pbai002/ExpoSE/lib/Harness/src/shimRequire.js then tried node's require("shimRequire") and it failed with error: AssertionError [ERR_ASSERTION]: path must be a string
*-- Replay with NO_COMPILE=1 expoSE replay '/home/pbai002/ExpoSE/lib/Harness/src/harness.js' '{"Switcher":false,"Target_Switch_Base":0,"ExpansionArg_type":3,"ExpansionArg_string":"shimRequire!\u0000","_bound":19}'
*-- Test Case {"Switcher":false,"Target_Switch_Base":0,"ExpansionArg_type":2,"ExpansionArg_int":0,"ExpandedSwitcher":0,"ExpansionArg_type_2":4,"ExpansionArg_string":"","ExpandedSwitcher_2":0,"_bound":12,"ExpansionArg_array_length":0} start 845.4817 took 17.2066s
*-- Errors occured in test {"Switcher":false,"Target_Switch_Base":0,"ExpansionArg_type":2,"ExpansionArg_int":0,"ExpandedSwitcher":0,"ExpansionArg_type_2":4,"ExpansionArg_string":"","ExpandedSwitcher_2":0,"_bound":12,"ExpansionArg_array_length":0}
* Error: TypeError: Function.prototype.apply was called on undefined, which is a undefined and not a function
*-- Replay with NO_COMPILE=1 expoSE replay '/home/pbai002/ExpoSE/lib/Harness/src/harness.js' '{"Switcher":false,"Target_Switch_Base":0,"ExpansionArg_type":2,"ExpansionArg_int":0,"ExpandedSwitcher":0,"ExpansionArg_type_2":4,"ExpansionArg_string":"","ExpandedSwitcher_2":0,"_bound":12}'
*-- Test Case {"Switcher":false,"Target_Switch_Base":0,"ExpansionArg_type":0,"ExpandedSwitcher":2,"ExpansionArg_type_2":3,"ExpansionArg_string":"[\u0000[!@\u0000\u0000","ExpandedSwitcher_2":0,"_bound":22} start 838.7711 took 27.5567s
*-- Test Case {"Switcher":true,"ExpansionArg_type":3,"ExpansionArg_string":"@\u0000\u0000@!","ExpansionArg_type_2":0,"ExpansionArg_type_3":0,"ExpansionArg_type_4":0,"_bound":20} start 532.5448 took 335.7245s
*-- Errors occured in test {"Switcher":true,"ExpansionArg_type":3,"ExpansionArg_string":"@\u0000\u0000@!","ExpansionArg_type_2":0,"ExpansionArg_type_3":0,"ExpansionArg_type_4":0,"_bound":20}
* Error: Error: Tried loading "@  @" at /home/pbai002/ExpoSE/lib/Harness/src/@  @.js then tried node's require("@  @") and it failed with error: AssertionError [ERR_ASSERTION]: path must be a string
*-- Replay with NO_COMPILE=1 expoSE replay '/home/pbai002/ExpoSE/lib/Harness/src/harness.js' '{"Switcher":true,"ExpansionArg_type":3,"ExpansionArg_string":"@\u0000\u0000@!","ExpansionArg_type_2":0,"ExpansionArg_type_3":0,"ExpansionArg_type_4":0,"_bound":20}'
*-- Test Case {"Switcher":false,"Target_Switch_Base":0,"ExpansionArg_type":0,"ExpandedSwitcher":2,"ExpansionArg_type_2":3,"ExpansionArg_string":"\u0000\u0000shimRequire!","ExpandedSwitcher_2":0,"_bound":20} start 826.1553 took 43.1617s
*-- Test Case {"Switcher":false,"Target_Switch_Base":0,"ExpansionArg_type":0,"ExpandedSwitcher":2,"ExpansionArg_type_2":3,"ExpansionArg_string":"\u0000\u0000\u0000!\u0000shimExport","ExpandedSwitcher_2":0,"_bound":33} start 840.8134 took 33.3491s
*-- Test Case {"Switcher":true,"ExpansionArg_type":0,"ExpansionArg_type_2":0,"ExpansionArg_type_3":0,"ExpansionArg_type_4":0,"Target_Switcher":1,"ExpansionArg_type_5":4,"ExpansionArg_string":"","ExpandedSwitcher":0,"_bound":11,"ExpansionArg_array_length":0} start 859.9351 took 16.5947s
*-- Errors occured in test {"Switcher":true,"ExpansionArg_type":0,"ExpansionArg_type_2":0,"ExpansionArg_type_3":0,"ExpansionArg_type_4":0,"Target_Switcher":1,"ExpansionArg_type_5":4,"ExpansionArg_string":"","ExpandedSwitcher":0,"_bound":11,"ExpansionArg_array_length":0}
* Error: TypeError: Function.prototype.apply was called on undefined, which is a undefined and not a function
*-- Replay with NO_COMPILE=1 expoSE replay '/home/pbai002/ExpoSE/lib/Harness/src/harness.js' '{"Switcher":true,"ExpansionArg_type":0,"ExpansionArg_type_2":0,"ExpansionArg_type_3":0,"ExpansionArg_type_4":0,"Target_Switcher":1,"ExpansionArg_type_5":4,"ExpansionArg_string":"","ExpandedSwitcher":0,"_bound":11}'
*-- Test Case {"Switcher":false,"Target_Switch_Base":0,"ExpansionArg_type":2,"ExpansionArg_int":0,"ExpandedSwitcher":0,"ExpansionArg_type_2":5,"ExpansionArg_array_length":0,"_bound":13,"ExpansionArg_bool":false} start 862.795 took 18.2882s
*-- Errors occured in test {"Switcher":false,"Target_Switch_Base":0,"ExpansionArg_type":2,"ExpansionArg_int":0,"ExpandedSwitcher":0,"ExpansionArg_type_2":5,"ExpansionArg_array_length":0,"_bound":13,"ExpansionArg_bool":false}
* Error: TypeError: Function.prototype.apply was called on undefined, which is a undefined and not a function
*-- Replay with NO_COMPILE=1 expoSE replay '/home/pbai002/ExpoSE/lib/Harness/src/harness.js' '{"Switcher":false,"Target_Switch_Base":0,"ExpansionArg_type":2,"ExpansionArg_int":0,"ExpandedSwitcher":0,"ExpansionArg_type_2":5,"ExpansionArg_array_length":0,"_bound":13}'
*-- Test Case {"Switcher":true,"ExpansionArg_type":3,"ExpansionArg_string":".shimExport","ExpansionArg_type_2":0,"ExpansionArg_type_3":0,"ExpansionArg_type_4":0,"_bound":47} start 868.4004 took 21.2251s
*-- Errors occured in test {"Switcher":true,"ExpansionArg_type":3,"ExpansionArg_string":".shimExport","ExpansionArg_type_2":0,"ExpansionArg_type_3":0,"ExpansionArg_type_4":0,"_bound":47}
* Error: Error: Tried loading ".shimExport" at /home/pbai002/ExpoSE/lib/Harness/src/.shimExport.js then tried node's require(".shimExport") and it failed with error: AssertionError [ERR_ASSERTION]: path must be a string
*-- Replay with NO_COMPILE=1 expoSE replay '/home/pbai002/ExpoSE/lib/Harness/src/harness.js' '{"Switcher":true,"ExpansionArg_type":3,"ExpansionArg_string":".shimExport","ExpansionArg_type_2":0,"ExpansionArg_type_3":0,"ExpansionArg_type_4":0,"_bound":47}'
*-- Test Case {"Switcher":false,"Target_Switch_Base":0,"ExpansionArg_type":0,"ExpandedSwitcher":1,"ExpansionArg_type_2":3,"ExpansionArg_string":"P\u0000shimExport\u0000\u0000\u0000\u0000\u0000\u0000!\u0000\u0000","ExpandedSwitcher_2":0,"_bound":23} start 555.6747 took 335.8146s
*-- Test Case {"Switcher":false,"Target_Switch_Base":0,"ExpansionArg_type":0,"ExpandedSwitcher":2,"ExpansionArg_type_2":3,"ExpansionArg_string":"\u0000\u0000\u0000$\u000b!shimRequire","ExpandedSwitcher_2":0,"_bound":32} start 866.4326 took 32.3778s
*-- Coverage Data
*- File /home/pbai002/ExpoSE/lib/Harness/src/harness.js. Coverage (Term): 96% Coverage (LOC): 97%
*- File /home/pbai002/ExpoSE/lib/S$/bin/symbols.js. Coverage (Term): 38% Coverage (LOC): 56%
*- File /home/pbai002/Targets/mozu-require-compiler/node_modules/mozu-require-compiler/dist/r.js. Coverage (Term): 4% Coverage (LOC): 4%
*- Re-run with EXPOSE_PRINT_COVERAGE=1 to print line by line coverage information
** ExpoSE Finished. 269 paths with 153 errors **
