
> mtwtfss-calendar@0.4.2 postinstall /root/Targets/mtwtfss-calendar/node_modules/mtwtfss-calendar
> node lib/post_install.js

/root/Targets/mtwtfss-calendar
├── UNMET PEER DEPENDENCY moment@^2.10.6
├── UNMET PEER DEPENDENCY moment-range@^2.1.0
├── mtwtfss-calendar@0.4.2 
├── UNMET PEER DEPENDENCY react@^0.14.3
└── UNMET PEER DEPENDENCY react-dom@^0.14.3

Setup Done exists, not setting up
:../FeatureTester/libs/:/root/Targets/mtwtfss-calendar/node_modules
Set Default Z3_PATH to ./node_modules/z3javascript/bin/libz3.so
ExpoSE Master: /root/ExpoSE/lib/Harness/src/harness.js max concurrent: 16 max paths: 1000000
Setting timeout to 900000
*** [0 done /0 queued / 1 running / 0 errors / 0% coverage ] ****** [0 done /0 queued / 1 running / 0 errors / 0% coverage ] ****** [1 done /0 queued / 0 running / 1 errors / 1% coverage ] ***
*-- Stat Module Output --*
*-- concretizations: ["defineProperty","bound log"]
*-- Stat Module Done --*
*-- Test Case {"_bound":0} start 0.0516 took 26.6363s
*-- Errors occured in test {"_bound":0}
* Error: Error: Cannot find module 'react'
*-- Replay with NO_COMPILE=1 expoSE replay '/root/ExpoSE/lib/Harness/src/harness.js' '{"_bound":0}'
*-- Coverage Data
*- File /root/ExpoSE/lib/Harness/src/harness.js. Coverage (Term): 18% Coverage (LOC): 24%
*- File /root/ExpoSE/lib/S$/bin/symbols.js. Coverage (Term): 16% Coverage (LOC): 34%
*- File /root/Targets/mtwtfss-calendar/node_modules/mtwtfss-calendar/dist/mtwtfss-calendar.js. Coverage (Term): 0% Coverage (LOC): 0%
*- Re-run with EXPOSE_PRINT_COVERAGE=1 to print line by line coverage information
** ExpoSE Finished. 1 paths with 1 errors **
