
> phantomjs@1.9.20 install /root/Targets/mundus-meus/node_modules/phantomjs
> node install.js

PhantomJS not found on PATH
Downloading https://github.com/Medium/phantomjs/releases/download/v1.9.19/phantomjs-1.9.8-linux-x86_64.tar.bz2
Saving to /root/Targets/mundus-meus/node_modules/phantomjs/phantomjs/phantomjs-1.9.8-linux-x86_64.tar.bz2
Receiving...

Received 12854K total.
Extracting tar contents (via spawned process)
Removing /root/Targets/mundus-meus/node_modules/phantomjs/lib/phantom
Copying extracted folder /root/Targets/mundus-meus/node_modules/phantomjs/phantomjs/phantomjs-1.9.8-linux-x86_64.tar.bz2-extract-1505999652273/phantomjs-1.9.8-linux-x86_64 -> /root/Targets/mundus-meus/node_modules/phantomjs/lib/phantom
Writing location.js file
Done. Phantomjs binary available at /root/Targets/mundus-meus/node_modules/phantomjs/lib/phantom/bin/phantomjs
/root/Targets/mundus-meus
└─┬ mundus-meus@0.1.2 
  ├─┬ grunt@0.4.5 
  │ ├── async@0.1.22 
  │ ├── coffee-script@1.3.3 
  │ ├── colors@0.6.2 
  │ ├── dateformat@1.0.2-1.2.3 
  │ ├── eventemitter2@0.4.14 
  │ ├── exit@0.1.2 
  │ ├─┬ findup-sync@0.1.3 
  │ │ ├─┬ glob@3.2.11 
  │ │ │ ├── inherits@2.0.3 
  │ │ │ └── minimatch@0.3.0 
  │ │ └── lodash@2.4.2 
  │ ├── getobject@0.1.0 
  │ ├─┬ glob@3.1.21 
  │ │ ├── graceful-fs@1.2.3 
  │ │ └── inherits@1.0.2 
  │ ├─┬ grunt-legacy-log@0.1.3 
  │ │ ├─┬ grunt-legacy-log-utils@0.1.1 
  │ │ │ ├── lodash@2.4.2 
  │ │ │ └── underscore.string@2.3.3 
  │ │ ├── lodash@2.4.2 
  │ │ └── underscore.string@2.3.3 
  │ ├── grunt-legacy-util@0.2.0 
  │ ├── hooker@0.2.3 
  │ ├── iconv-lite@0.2.11 
  │ ├─┬ js-yaml@2.0.5 
  │ │ ├─┬ argparse@0.1.16 
  │ │ │ ├── underscore@1.7.0 
  │ │ │ └── underscore.string@2.4.0 
  │ │ └── esprima@1.0.4 
  │ ├── lodash@0.9.2 
  │ ├─┬ minimatch@0.2.14 
  │ │ ├── lru-cache@2.7.3 
  │ │ └── sigmund@1.0.1 
  │ ├─┬ nopt@1.0.10 
  │ │ └── abbrev@1.1.0 
  │ ├── rimraf@2.2.8 
  │ ├── underscore.string@2.2.1 
  │ └── which@1.0.9 
  ├── grunt-contrib-concat@0.3.0 
  ├─┬ grunt-contrib-jasmine@0.5.3 
  │ ├─┬ grunt-lib-phantomjs@0.5.0 
  │ │ ├─┬ phantomjs@1.9.20 
  │ │ │ ├─┬ extract-zip@1.5.0 
  │ │ │ │ ├─┬ concat-stream@1.5.0 
  │ │ │ │ │ └── typedarray@0.0.6 
  │ │ │ │ ├─┬ mkdirp@0.5.0 
  │ │ │ │ │ └── minimist@0.0.8 
  │ │ │ │ └─┬ yauzl@2.4.1 
  │ │ │ │   └─┬ fd-slicer@1.0.1 
  │ │ │ │     └── pend@1.2.0 
  │ │ │ ├─┬ fs-extra@0.26.7 
  │ │ │ │ ├── graceful-fs@4.1.11 
  │ │ │ │ ├─┬ jsonfile@2.4.0 
  │ │ │ │ │ └── graceful-fs@4.1.11 
  │ │ │ │ ├─┬ klaw@1.3.1 
  │ │ │ │ │ └── graceful-fs@4.1.11 
  │ │ │ │ └── path-is-absolute@1.0.1 
  │ │ │ ├─┬ hasha@2.2.0 
  │ │ │ │ ├── is-stream@1.1.0 
  │ │ │ │ └─┬ pinkie-promise@2.0.1 
  │ │ │ │   └── pinkie@2.0.4 
  │ │ │ ├── kew@0.7.0 
  │ │ │ ├── progress@1.1.8 
  │ │ │ ├─┬ request-progress@2.0.1 
  │ │ │ │ └── throttleit@1.0.0 
  │ │ │ └─┬ which@1.2.14 
  │ │ │   └── isexe@2.0.0 
  │ │ ├── semver@1.0.14 
  │ │ └─┬ temporary@0.0.8 
  │ │   └── package@1.0.1 
  │ └── rimraf@2.1.4 
  ├─┬ grunt-contrib-jshint@0.6.5 
  │ └─┬ jshint@2.1.11 
  │   ├── cli@0.4.5 
  │   ├── console-browserify@0.1.6 
  │   ├── shelljs@0.1.4 
  │   └── underscore@1.4.4 
  ├─┬ grunt-contrib-less@0.6.5 
  │ ├─┬ grunt-lib-contrib@0.6.1 
  │ │ └── zlib-browserify@0.0.1 
  │ └─┬ less@1.4.2 
  │   ├── mime@1.2.11 
  │   ├── mkdirp@0.3.5 
  │   ├─┬ request@2.67.0 
  │   │ ├── aws-sign2@0.6.0 
  │   │ ├─┬ bl@1.0.3 
  │   │ │ └─┬ readable-stream@2.0.6 
  │   │ │   ├── core-util-is@1.0.2 
  │   │ │   ├── isarray@1.0.0 
  │   │ │   ├── process-nextick-args@1.0.7 
  │   │ │   ├── string_decoder@0.10.31 
  │   │ │   └── util-deprecate@1.0.2 
  │   │ ├── caseless@0.11.0 
  │   │ ├─┬ combined-stream@1.0.5 
  │   │ │ └── delayed-stream@1.0.0 
  │   │ ├── extend@3.0.1 
  │   │ ├── forever-agent@0.6.1 
  │   │ ├─┬ form-data@1.0.1 
  │   │ │ └─┬ async@2.5.0 
  │   │ │   └── lodash@4.17.4 
  │   │ ├─┬ har-validator@2.0.6 
  │   │ │ ├─┬ chalk@1.1.3 
  │   │ │ │ ├── ansi-styles@2.2.1 
  │   │ │ │ ├── escape-string-regexp@1.0.5 
  │   │ │ │ ├─┬ has-ansi@2.0.0 
  │   │ │ │ │ └── ansi-regex@2.1.1 
  │   │ │ │ ├── strip-ansi@3.0.1 
  │   │ │ │ └── supports-color@2.0.0 
  │   │ │ ├── commander@2.11.0 
  │   │ │ └─┬ is-my-json-valid@2.16.1 
  │   │ │   ├── generate-function@2.0.0 
  │   │ │   ├─┬ generate-object-property@1.2.0 
  │   │ │   │ └── is-property@1.0.2 
  │   │ │   ├── jsonpointer@4.0.1 
  │   │ │   └── xtend@4.0.1 
  │   │ ├─┬ hawk@3.1.3 
  │   │ │ ├── boom@2.10.1 
  │   │ │ ├── cryptiles@2.0.5 
  │   │ │ ├── hoek@2.16.3 
  │   │ │ └── sntp@1.0.9 
  │   │ ├─┬ http-signature@1.1.1 
  │   │ │ ├── assert-plus@0.2.0 
  │   │ │ ├─┬ jsprim@1.4.1 
  │   │ │ │ ├── assert-plus@1.0.0 
  │   │ │ │ ├── extsprintf@1.3.0 
  │   │ │ │ ├── json-schema@0.2.3 
  │   │ │ │ └─┬ verror@1.10.0 
  │   │ │ │   └── assert-plus@1.0.0 
  │   │ │ └─┬ sshpk@1.13.1 
  │   │ │   ├── asn1@0.2.3 
  │   │ │   ├── assert-plus@1.0.0 
  │   │ │   ├── bcrypt-pbkdf@1.0.1 
  │   │ │   ├─┬ dashdash@1.14.1 
  │   │ │   │ └── assert-plus@1.0.0 
  │   │ │   ├── ecc-jsbn@0.1.1 
  │   │ │   ├─┬ getpass@0.1.7 
  │   │ │   │ └── assert-plus@1.0.0 
  │   │ │   ├── jsbn@0.1.1 
  │   │ │   └── tweetnacl@0.14.5 
  │   │ ├── is-typedarray@1.0.0 
  │   │ ├── isstream@0.1.2 
  │   │ ├── json-stringify-safe@5.0.1 
  │   │ ├─┬ mime-types@2.1.17 
  │   │ │ └── mime-db@1.30.0 
  │   │ ├── node-uuid@1.4.8 
  │   │ ├── oauth-sign@0.8.2 
  │   │ ├── qs@5.2.1 
  │   │ ├── stringstream@0.0.5 
  │   │ ├── tough-cookie@2.2.2 
  │   │ └── tunnel-agent@0.4.3 
  │   └── ycssmin@1.0.1 
  ├─┬ grunt-contrib-uglify@0.2.7 
  │ └─┬ uglify-js@2.4.24 
  │   ├── async@0.2.10 
  │   ├─┬ source-map@0.1.34 
  │   │ └── amdefine@1.0.1 
  │   ├── uglify-to-browserify@1.0.2 
  │   └─┬ yargs@3.5.4 
  │     ├── camelcase@1.2.1 
  │     ├── decamelize@1.2.0 
  │     ├── window-size@0.1.0 
  │     └── wordwrap@0.0.2 
  └─┬ grunt-contrib-yuidoc@0.4.0 
    └─┬ yuidocjs@0.3.50 
      ├─┬ express@3.1.2 
      │ ├── buffer-crc32@0.2.13 
      │ ├── commander@0.6.1 
      │ ├─┬ connect@2.7.5 
      │ │ ├── buffer-crc32@0.1.1 
      │ │ ├── bytes@0.2.0 
      │ │ ├── formidable@1.0.11 
      │ │ ├── pause@0.0.1 
      │ │ └── qs@0.5.1 
      │ ├── cookie@0.0.5 
      │ ├── cookie-signature@1.0.0 
      │ ├── debug@0.7.4 
      │ ├── fresh@0.1.0 
      │ ├── methods@0.0.1 
      │ ├── mkdirp@0.3.5 
      │ ├── range-parser@0.0.4 
      │ └─┬ send@0.1.0 
      │   └── mime@1.2.6 
      ├── graceful-fs@2.0.3 
      ├── marked@0.2.10 
      └─┬ yui@3.14.1 
        └─┬ request@2.21.0 
          ├── aws-sign@0.3.0 
          ├── cookie-jar@0.3.0 
          ├── forever-agent@0.5.2 
          ├─┬ form-data@0.0.8 
          │ ├── async@0.2.10 
          │ └─┬ combined-stream@0.0.7 
          │   └── delayed-stream@0.0.5 
          ├─┬ hawk@0.13.1 
          │ ├─┬ boom@0.4.2 
          │ │ └── hoek@0.9.1 
          │ ├── cryptiles@0.2.2 
          │ ├── hoek@0.8.5 
          │ └─┬ sntp@0.2.4 
          │   └── hoek@0.9.1 
          ├─┬ http-signature@0.9.11 
          │ ├── asn1@0.1.11 
          │ ├── assert-plus@0.1.2 
          │ └── ctype@0.5.2 
          ├── json-stringify-safe@4.0.0 
          ├── oauth-sign@0.3.0 
          ├── qs@0.6.6 
          └── tunnel-agent@0.3.0 

Setup Done exists, not setting up
:../FeatureTester/libs/:/root/Targets/mundus-meus/node_modules
Set Default Z3_PATH to ./node_modules/z3javascript/bin/libz3.so
ExpoSE Master: /root/ExpoSE/lib/Harness/src/harness.js max concurrent: 16 max paths: 1000000
Setting timeout to 900000
*** [0 done /0 queued / 1 running / 0 errors / 0% coverage ] ****** [0 done /0 queued / 1 running / 0 errors / 0% coverage ] ****** [1 done /0 queued / 0 running / 1 errors / 33% coverage ] ***
*-- Stat Module Output --*
*-- concretizations: ["defineProperty","bound log"]
*-- Stat Module Done --*
*-- Test Case {"_bound":0} start 0.0362 took 4.5199s
*-- Errors occured in test {"_bound":0}
* Error: Error: Cannot find module 'mundus-meus'
*-- Replay with NO_COMPILE=1 expoSE replay '/root/ExpoSE/lib/Harness/src/harness.js' '{"_bound":0}'
*-- Coverage Data
*- File /root/ExpoSE/lib/Harness/src/harness.js. Coverage (Term): 18% Coverage (LOC): 24%
*- File /root/ExpoSE/lib/S$/bin/symbols.js. Coverage (Term): 16% Coverage (LOC): 34%
*- Re-run with EXPOSE_PRINT_COVERAGE=1 to print line by line coverage information
** ExpoSE Finished. 1 paths with 1 errors **
