/root/Targets/native-base-web
└─┬ native-base-web@0.0.4 
  ├── clamp@1.0.1 
  ├─┬ color@0.11.4 
  │ ├── clone@1.0.2 
  │ ├─┬ color-convert@1.9.0 
  │ │ └── color-name@1.1.3 
  │ └── color-string@0.3.0 
  ├── lodash@4.17.4 
  ├── UNMET PEER DEPENDENCY react@^0.14.0 || ^15.0.0 || ^16.0.0
  ├── UNMET PEER DEPENDENCY react-dom@^0.14.0 || ^15.0.0 || ^16.0.0
  └─┬ react-icons@2.2.7 
    ├── UNMET PEER DEPENDENCY prop-types@*
    ├── UNMET PEER DEPENDENCY react@*
    ├── UNMET PEER DEPENDENCY react-dom@*
    └── react-icon-base@2.1.0 

Setup Done exists, not setting up
:../FeatureTester/libs/:/root/Targets/native-base-web/node_modules
Set Default Z3_PATH to ./node_modules/z3javascript/bin/libz3.so
ExpoSE Master: /root/ExpoSE/lib/Harness/src/harness.js max concurrent: 16 max paths: 1000000
Setting timeout to 900000
*** [0 done /0 queued / 1 running / 0 errors / 0% coverage ] ****** [0 done /0 queued / 1 running / 0 errors / 0% coverage ] ****** [1 done /0 queued / 0 running / 1 errors / 11% coverage ] ***
*-- Stat Module Output --*
*-- concretizations: ["defineProperty","bound log"]
*-- Stat Module Done --*
*-- Test Case {"_bound":0} start 0.029 took 3.6363s
*-- Errors occured in test {"_bound":0}
* Error: Error: Cannot find module 'react'
*-- Replay with NO_COMPILE=1 expoSE replay '/root/ExpoSE/lib/Harness/src/harness.js' '{"_bound":0}'
*-- Coverage Data
*- File /root/ExpoSE/lib/Harness/src/harness.js. Coverage (Term): 18% Coverage (LOC): 24%
*- File /root/ExpoSE/lib/S$/bin/symbols.js. Coverage (Term): 16% Coverage (LOC): 34%
*- File /root/Targets/native-base-web/node_modules/native-base-web/lib/index.js. Coverage (Term): 16% Coverage (LOC): 5%
*- File /root/Targets/native-base-web/node_modules/native-base-web/lib/Components/vendor/react-native-drawer/index.js. Coverage (Term): 2% Coverage (LOC): 3%
*- Re-run with EXPOSE_PRINT_COVERAGE=1 to print line by line coverage information
** ExpoSE Finished. 1 paths with 1 errors **
