/root/Targets/netlify-cms
└─┬ netlify-cms@0.5.0-beta.10 
  ├── UNMET PEER DEPENDENCY react@15.6.1
  ├── UNMET PEER DEPENDENCY react-addons-css-transition-group@15.6.0
  └── UNMET PEER DEPENDENCY react-dom@15.6.1

Setup Done exists, not setting up
:../FeatureTester/libs/:/root/Targets/netlify-cms/node_modules
Set Default Z3_PATH to ./node_modules/z3javascript/bin/libz3.so
ExpoSE Master: /root/ExpoSE/lib/Harness/src/harness.js max concurrent: 16 max paths: 1000000
Setting timeout to 900000
*** [0 done /0 queued / 1 running / 0 errors / 0% coverage ] ****** [0 done /0 queued / 1 running / 0 errors / 0% coverage ] ****** [1 done /0 queued / 0 running / 1 errors / 3% coverage ] ***
*-- Stat Module Output --*
*-- concretizations: ["defineProperty","bound log","call","getOwnPropertyNames","fromCharCode","join","assign","for","bind","random","toString","RegExp","toUpperCase","create","setPrototypeOf","Symbol","isArray","Error"]
*-- Stat Module Done --*
*-- Test Case {"_bound":0} start 0.0334 took 611.4137s
*-- Errors occured in test {"_bound":0}
* Error: Invariant Violation: createClass(...): Class specification must implement a `render` method.
*-- Replay with NO_COMPILE=1 expoSE replay '/root/ExpoSE/lib/Harness/src/harness.js' '{"_bound":0}'
*-- Coverage Data
*- File /root/ExpoSE/lib/Harness/src/harness.js. Coverage (Term): 18% Coverage (LOC): 24%
*- File /root/ExpoSE/lib/S$/bin/symbols.js. Coverage (Term): 16% Coverage (LOC): 34%
*- File /root/Targets/netlify-cms/node_modules/netlify-cms/dist/cms.js. Coverage (Term): 3% Coverage (LOC): 3%
*- Re-run with EXPOSE_PRINT_COVERAGE=1 to print line by line coverage information
** ExpoSE Finished. 1 paths with 1 errors **
