/root/Targets/ng-admin-demo
└── ng-admin-demo@0.0.2 

Setup Done exists, not setting up
:../FeatureTester/libs/:/root/Targets/ng-admin-demo/node_modules
Set Default Z3_PATH to ./node_modules/z3javascript/bin/libz3.so
ExpoSE Master: /root/ExpoSE/lib/Harness/src/harness.js max concurrent: 16 max paths: 1000000
Setting timeout to 900000
*** [0 done /0 queued / 1 running / 0 errors / 0% coverage ] ****** [0 done /0 queued / 1 running / 0 errors / 0% coverage ] ****** [1 done /0 queued / 0 running / 1 errors / 33% coverage ] ***
*-- Stat Module Output --*
*-- concretizations: ["defineProperty","bound log"]
*-- Stat Module Done --*
*-- Test Case {"_bound":0} start 0.0834 took 4.2165s
*-- Errors occured in test {"_bound":0}
* Error: Tropigate failed because SyntaxError: Unexpected token (1:78) on program <!DOCTYPE html>
<html>
    <head>
        <title>Shree Mauli Enterprises</title>
        <meta charset="utf-8" />
        <meta name="viewport" content="width=device-width, initial-scale=1">
        <link rel="stylesheet" type="text/css" href="build/main.css"/>
    </head>
    <body ng-app="myApp">
        <div ui-view></div>
        <script type="text/javascript">
        var username = window.localStorage.getItem('posters_galore_login');
        if (!username) {
            window.location.href = "./login.html";
        }
        function logout() {
            window.localStorage.removeItem('posters_galore_login');
            window.location.href = "./login.html";
        }
        </script>
        <script type="text/javascript" src="data.js" charset="utf-8"></script>
        <script type="text/javascript" src="build/ng-admin.min.js" charset="utf-8"></script>
        <script type="text/javascript" src="build/main.js" charset="utf-8"></script>
        <script>
          (function(i,s,o,g,r,a,m){i['GoogleAnalyticsObject']=r;i[r]=i[r]||function(){
          (i[r].q=i[r].q||[]).push(arguments)},i[r].l=1*new Date();a=s.createElement(o),
          m=s.getElementsByTagName(o)[0];a.async=1;a.src=g;m.parentNode.insertBefore(a,m)
          })(window,document,'script','//www.google-analytics.com/analytics.js','ga');
          ga('create', 'UA-46201426-1', 'auto');
          ga('send', 'pageview');
        </script>
    </body>
</html>
 at SyntaxError: Unexpected token (1:78)
    at Parser.pp$4.raise (/root/ExpoSE/lib/Tropigate/node_modules/acorn/dist/acorn.js:2221:15)
    at Parser.pp.unexpected (/root/ExpoSE/lib/Tropigate/node_modules/acorn/dist/acorn.js:603:10)
    at Parser.pp$3.parseExprAtom (/root/ExpoSE/lib/Tropigate/node_modules/acorn/dist/acorn.js:1822:12)
    at Parser.parseExprAtom (/root/ExpoSE/lib/Tropigate/bin/Expression.js:28:30)
    at Parser.pp$3.parseExprSubscripts (/root/ExpoSE/lib/Tropigate/node_modules/acorn/dist/acorn.js:1715:21)
    at Parser.parseMaybeUnary (/root/ExpoSE/lib/Tropigate/bin/Unary.js:34:29)
    at Parser.pp$3.parseExprOps (/root/ExpoSE/lib/Tropigate/node_modules/acorn/dist/acorn.js:1637:21)
    at Parser.pp$3.parseMaybeConditional (/root/ExpoSE/lib/Tropigate/node_modules/acorn/dist/acorn.js:1620:21)
    at Parser.pp$3.parseMaybeAssign (/root/ExpoSE/lib/Tropigate/node_modules/acorn/dist/acorn.js:1597:21)
    at Parser.pp$3.parseExpression (/root/ExpoSE/lib/Tropigate/node_modules/acorn/dist/acorn.js:1573:21)
*-- Replay with NO_COMPILE=1 expoSE replay '/root/ExpoSE/lib/Harness/src/harness.js' '{"_bound":0}'
*-- Coverage Data
*- File /root/ExpoSE/lib/Harness/src/harness.js. Coverage (Term): 18% Coverage (LOC): 24%
*- File /root/ExpoSE/lib/S$/bin/symbols.js. Coverage (Term): 16% Coverage (LOC): 34%
*- Re-run with EXPOSE_PRINT_COVERAGE=1 to print line by line coverage information
** ExpoSE Finished. 1 paths with 1 errors **
