
> node-sass-china@4.5.0 install /root/Targets/node-sass-china/node_modules/node-sass-china
> node scripts/install.js

Downloading binary from https://npm.taobao.org/mirrors/node-sass/v4.5.0/linux-x64-51_binding.node
Download complete
Binary saved to /root/Targets/node-sass-china/node_modules/node-sass-china/vendor/linux-x64-51/binding.node
Caching binary to /root/Targets/node-sass-china/false/node-sass-china/4.5.0/linux-x64-51_binding.node

> node-sass-china@4.5.0 postinstall /root/Targets/node-sass-china/node_modules/node-sass-china
> node scripts/build.js

Binary found at /root/Targets/node-sass-china/node_modules/node-sass-china/vendor/linux-x64-51/binding.node
Testing binary
Binary is fine
/root/Targets/node-sass-china
└─┬ node-sass-china@4.5.0 
  ├── async-foreach@0.1.3 
  ├─┬ chalk@1.1.3 
  │ ├── ansi-styles@2.2.1 
  │ ├── escape-string-regexp@1.0.5 
  │ ├─┬ has-ansi@2.0.0 
  │ │ └── ansi-regex@2.1.1 
  │ ├── strip-ansi@3.0.1 
  │ └── supports-color@2.0.0 
  ├─┬ cross-spawn@3.0.1 
  │ ├─┬ lru-cache@4.1.1 
  │ │ ├── pseudomap@1.0.2 
  │ │ └── yallist@2.1.2 
  │ └─┬ which@1.3.0 
  │   └── isexe@2.0.0 
  ├─┬ gaze@1.1.2 
  │ └── globule@1.2.0 
  ├── get-stdin@4.0.1 
  ├─┬ glob@7.1.2 
  │ ├── fs.realpath@1.0.0 
  │ ├─┬ inflight@1.0.6 
  │ │ └── wrappy@1.0.2 
  │ ├── inherits@2.0.3 
  │ ├─┬ minimatch@3.0.4 
  │ │ └─┬ brace-expansion@1.1.8 
  │ │   ├── balanced-match@1.0.0 
  │ │   └── concat-map@0.0.1 
  │ ├── once@1.4.0 
  │ └── path-is-absolute@1.0.1 
  ├── in-publish@2.0.0 
  ├── lodash.assign@4.2.0 
  ├── lodash.clonedeep@4.5.0 
  ├── lodash.mergewith@4.6.0 
  ├─┬ meow@3.7.0 
  │ ├─┬ camelcase-keys@2.1.0 
  │ │ └── camelcase@2.1.1 
  │ ├── decamelize@1.2.0 
  │ ├─┬ loud-rejection@1.6.0 
  │ │ ├─┬ currently-unhandled@0.4.1 
  │ │ │ └── array-find-index@1.0.2 
  │ │ └── signal-exit@3.0.2 
  │ ├── map-obj@1.0.1 
  │ ├── minimist@1.2.0 
  │ ├─┬ normalize-package-data@2.4.0 
  │ │ ├── hosted-git-info@2.5.0 
  │ │ ├─┬ is-builtin-module@1.0.0 
  │ │ │ └── builtin-modules@1.1.1 
  │ │ ├── semver@5.4.1 
  │ │ └─┬ validate-npm-package-license@3.0.1 
  │ │   ├─┬ spdx-correct@1.0.2 
  │ │   │ └── spdx-license-ids@1.2.2 
  │ │   └── spdx-expression-parse@1.0.4 
  │ ├── object-assign@4.1.1 
  │ ├─┬ read-pkg-up@1.0.1 
  │ │ ├─┬ find-up@1.1.2 
  │ │ │ ├── path-exists@2.1.0 
  │ │ │ └─┬ pinkie-promise@2.0.1 
  │ │ │   └── pinkie@2.0.4 
  │ │ └─┬ read-pkg@1.1.0 
  │ │   ├─┬ load-json-file@1.1.0 
  │ │   │ ├─┬ parse-json@2.2.0 
  │ │   │ │ └─┬ error-ex@1.3.1 
  │ │   │ │   └── is-arrayish@0.2.1 
  │ │   │ ├── pify@2.3.0 
  │ │   │ └─┬ strip-bom@2.0.0 
  │ │   │   └── is-utf8@0.2.1 
  │ │   └── path-type@1.1.0 
  │ ├─┬ redent@1.0.0 
  │ │ ├─┬ indent-string@2.1.0 
  │ │ │ └─┬ repeating@2.0.1 
  │ │ │   └── is-finite@1.0.2 
  │ │ └── strip-indent@1.0.1 
  │ └── trim-newlines@1.0.0 
  ├─┬ mkdirp@0.5.1 
  │ └── minimist@0.0.8 
  ├── nan@2.7.0 
  ├─┬ node-gyp@3.6.2 
  │ ├── fstream@1.0.11 
  │ ├── graceful-fs@4.1.11 
  │ ├─┬ nopt@3.0.6 
  │ │ └── abbrev@1.1.1 
  │ ├─┬ osenv@0.1.4 
  │ │ ├── os-homedir@1.0.2 
  │ │ └── os-tmpdir@1.0.2 
  │ ├── rimraf@2.6.2 
  │ ├── semver@5.3.0 
  │ └─┬ tar@2.2.1 
  │   └── block-stream@0.0.9 
  ├─┬ npmlog@4.1.2 
  │ ├─┬ are-we-there-yet@1.1.4 
  │ │ └── delegates@1.0.0 
  │ ├── console-control-strings@1.1.0 
  │ ├─┬ gauge@2.7.4 
  │ │ ├── aproba@1.2.0 
  │ │ ├── has-unicode@2.0.1 
  │ │ ├─┬ string-width@1.0.2 
  │ │ │ ├── code-point-at@1.1.0 
  │ │ │ └─┬ is-fullwidth-code-point@1.0.0 
  │ │ │   └── number-is-nan@1.0.1 
  │ │ └── wide-align@1.1.2 
  │ └── set-blocking@2.0.0 
  ├─┬ request@2.83.0 
  │ ├── aws-sign2@0.7.0 
  │ ├── aws4@1.6.0 
  │ ├── caseless@0.12.0 
  │ ├─┬ combined-stream@1.0.5 
  │ │ └── delayed-stream@1.0.0 
  │ ├── extend@3.0.1 
  │ ├── forever-agent@0.6.1 
  │ ├─┬ form-data@2.3.1 
  │ │ └── asynckit@0.4.0 
  │ ├─┬ har-validator@5.0.3 
  │ │ ├─┬ ajv@5.2.3 
  │ │ │ ├── co@4.6.0 
  │ │ │ ├── fast-deep-equal@1.0.0 
  │ │ │ ├── json-schema-traverse@0.3.1 
  │ │ │ └─┬ json-stable-stringify@1.0.1 
  │ │ │   └── jsonify@0.0.0 
  │ │ └── har-schema@2.0.0 
  │ ├─┬ hawk@6.0.2 
  │ │ ├── boom@4.3.1 
  │ │ ├─┬ cryptiles@3.1.2 
  │ │ │ └── boom@5.2.0 
  │ │ ├── hoek@4.2.0 
  │ │ └── sntp@2.0.2 
  │ ├─┬ http-signature@1.2.0 
  │ │ ├── assert-plus@1.0.0 
  │ │ ├─┬ jsprim@1.4.1 
  │ │ │ ├── extsprintf@1.3.0 
  │ │ │ ├── json-schema@0.2.3 
  │ │ │ └── verror@1.10.0 
  │ │ └─┬ sshpk@1.13.1 
  │ │   ├── asn1@0.2.3 
  │ │   ├── bcrypt-pbkdf@1.0.1 
  │ │   ├── dashdash@1.14.1 
  │ │   ├── ecc-jsbn@0.1.1 
  │ │   ├── getpass@0.1.7 
  │ │   ├── jsbn@0.1.1 
  │ │   └── tweetnacl@0.14.5 
  │ ├── is-typedarray@1.0.0 
  │ ├── isstream@0.1.2 
  │ ├── json-stringify-safe@5.0.1 
  │ ├─┬ mime-types@2.1.17 
  │ │ └── mime-db@1.30.0 
  │ ├── oauth-sign@0.8.2 
  │ ├── performance-now@2.1.0 
  │ ├── qs@6.5.1 
  │ ├── safe-buffer@5.1.1 
  │ ├── stringstream@0.0.5 
  │ ├─┬ tough-cookie@2.3.3 
  │ │ └── punycode@1.4.1 
  │ ├── tunnel-agent@0.6.0 
  │ └── uuid@3.1.0 
  ├─┬ sass-graph@2.2.4 
  │ ├── lodash@4.17.4 
  │ ├─┬ scss-tokenizer@0.2.3 
  │ │ ├── js-base64@2.3.2 
  │ │ └─┬ source-map@0.4.4 
  │ │   └── amdefine@1.0.1 
  │ └─┬ yargs@7.1.0 
  │   ├── camelcase@3.0.0 
  │   ├─┬ cliui@3.2.0 
  │   │ └── wrap-ansi@2.1.0 
  │   ├── get-caller-file@1.0.2 
  │   ├─┬ os-locale@1.4.0 
  │   │ └─┬ lcid@1.0.0 
  │   │   └── invert-kv@1.0.0 
  │   ├── require-directory@2.1.1 
  │   ├── require-main-filename@1.0.1 
  │   ├── which-module@1.0.0 
  │   ├── y18n@3.2.1 
  │   └─┬ yargs-parser@5.0.0 
  │     └── camelcase@3.0.0 
  └─┬ stdout-stream@1.4.0 
    └─┬ readable-stream@2.3.3 
      ├── core-util-is@1.0.2 
      ├── isarray@1.0.0 
      ├── process-nextick-args@1.0.7 
      ├── string_decoder@1.0.3 
      └── util-deprecate@1.0.2 

Setup Done exists, not setting up
:../FeatureTester/libs/:/root/Targets/node-sass-china/node_modules
Set Default Z3_PATH to ./node_modules/z3javascript/bin/libz3.so
ExpoSE Master: /root/ExpoSE/lib/Harness/src/harness.js max concurrent: 16 max paths: 1000000
Setting timeout to 900000
*** [0 done /0 queued / 1 running / 0 errors / 0% coverage ] ****** [0 done /0 queued / 1 running / 0 errors / 0% coverage ] ****** [1 done /0 queued / 0 running / 1 errors / 33% coverage ] ***
*-- Stat Module Output --*
*-- concretizations: ["defineProperty","bound log"]
*-- Stat Module Done --*
*-- Test Case {"_bound":0} start 0.0324 took 3.4137s
*-- Errors occured in test {"_bound":0}
* Error: Tropigate failed because SyntaxError: Octal literal in strict mode (12:17) on program var fs = require('fs');
var sysPath = require('path');
var extensions = require('./lib/extensions.js');

var binaryPath = extensions.getBinaryPath();

if (fs.existsSync(binaryPath)) {
    module.exports = require('./lib/index.js');
} else {
    var url = extensions.getBinaryUrl().replace('https://npm.taobao.org/mirrors', 'http://cdn.npm.taobao.org/dist');

    console.log('\033[0;31m--> LibSass 的二进制文件('
        + binaryPath
        + ')缺失，请执行下面3条命令下载对应版本的二进制文件：（有可能引发此错误的原因是 Node 版本变更）\033[0m ');
    console.log('  mkdir -p ' + sysPath.dirname(binaryPath));
    console.log('  cd ' + sysPath.dirname(binaryPath));
    console.log('  curl -o ' + sysPath.basename(binaryPath) + ' ' + url);
    console.log('\033[0;31m--> MacOS 、Unix/Linux 请根据权限使用 sudo \033[0m ');
    process.exit(1);
}
 at SyntaxError: Octal literal in strict mode (12:17)
    at Parser.pp$4.raise (/root/ExpoSE/lib/Tropigate/node_modules/acorn/dist/acorn.js:2221:15)
    at Parser.pp$7.readEscapedChar (/root/ExpoSE/lib/Tropigate/node_modules/acorn/dist/acorn.js:3023:16)
    at Parser.pp$7.readString (/root/ExpoSE/lib/Tropigate/node_modules/acorn/dist/acorn.js:2935:23)
    at Parser.pp$7.getTokenFromCode (/root/ExpoSE/lib/Tropigate/node_modules/acorn/dist/acorn.js:2724:19)
    at Parser.pp$7.readToken (/root/ExpoSE/lib/Tropigate/node_modules/acorn/dist/acorn.js:2477:17)
    at Parser.readToken (/root/ExpoSE/lib/Tropigate/bin/Tokens.js:124:26)
    at Parser.pp$7.nextToken (/root/ExpoSE/lib/Tropigate/node_modules/acorn/dist/acorn.js:2468:15)
    at Parser.pp$7.next (/root/ExpoSE/lib/Tropigate/node_modules/acorn/dist/acorn.js:2413:10)
    at Parser.pp.eat (/root/ExpoSE/lib/Tropigate/node_modules/acorn/dist/acorn.js:536:12)
    at Parser.pp$3.parseSubscripts (/root/ExpoSE/lib/Tropigate/node_modules/acorn/dist/acorn.js:1738:37)
*-- Replay with NO_COMPILE=1 expoSE replay '/root/ExpoSE/lib/Harness/src/harness.js' '{"_bound":0}'
*-- Coverage Data
*- File /root/ExpoSE/lib/Harness/src/harness.js. Coverage (Term): 18% Coverage (LOC): 24%
*- File /root/ExpoSE/lib/S$/bin/symbols.js. Coverage (Term): 16% Coverage (LOC): 34%
*- Re-run with EXPOSE_PRINT_COVERAGE=1 to print line by line coverage information
** ExpoSE Finished. 1 paths with 1 errors **
