/root/Targets/node-ursa
└─┬ node-ursa@0.0.6 
  ├── async@0.2.9 
  ├── colors@0.6.2 
  ├─┬ commander@1.2.0 
  │ └── keypress@0.1.0 
  ├─┬ connect@2.11.0 
  │ ├── buffer-crc32@0.2.1 
  │ ├── bytes@0.2.1 
  │ ├── cookie@0.1.0 
  │ ├── cookie-signature@1.0.1 
  │ ├─┬ debug@3.0.1 
  │ │ └── ms@2.0.0 
  │ ├── fresh@0.2.0 
  │ ├── methods@0.0.1 
  │ ├─┬ multiparty@2.2.0 
  │ │ ├─┬ readable-stream@1.1.14 
  │ │ │ ├── core-util-is@1.0.2 
  │ │ │ ├── inherits@2.0.3 
  │ │ │ ├── isarray@0.0.1 
  │ │ │ └── string_decoder@0.10.31 
  │ │ └── stream-counter@0.2.0 
  │ ├── negotiator@0.3.0 
  │ ├── pause@0.0.1 
  │ ├── qs@0.6.5 
  │ ├── raw-body@0.0.3 
  │ ├─┬ send@0.1.4 
  │ │ └── range-parser@0.0.4 
  │ └── uid2@0.0.3 
  ├── ejs@0.8.4 
  ├─┬ less@1.5.0 
  │ ├─┬ clean-css@1.0.12 
  │ │ └── commander@1.3.2 
  │ └─┬ source-map@0.1.43 
  │   └── amdefine@1.0.1 
  ├── mime@1.2.11 
  ├── mkdirp@0.3.5 
  ├─┬ request@2.27.0 
  │ ├── aws-sign@0.3.0 
  │ ├── cookie-jar@0.3.0 
  │ ├── forever-agent@0.5.2 
  │ ├─┬ form-data@0.1.4 
  │ │ ├── async@0.9.2 
  │ │ └─┬ combined-stream@0.0.7 
  │ │   └── delayed-stream@0.0.5 
  │ ├─┬ hawk@1.0.0 
  │ │ ├── boom@0.4.2 
  │ │ ├── cryptiles@0.2.2 
  │ │ ├── hoek@0.9.1 
  │ │ └── sntp@0.2.4 
  │ ├─┬ http-signature@0.10.1 
  │ │ ├── asn1@0.1.11 
  │ │ ├── assert-plus@0.1.5 
  │ │ └── ctype@0.5.3 
  │ ├── json-stringify-safe@5.0.1 
  │ ├── node-uuid@1.4.8 
  │ ├── oauth-sign@0.3.0 
  │ └── tunnel-agent@0.3.0 
  ├─┬ twig@0.5.12 
  │ ├─┬ minimatch@0.2.14 
  │ │ ├── lru-cache@2.7.3 
  │ │ └── sigmund@1.0.1 
  │ └─┬ walk@2.1.1 
  │   └── forEachAsync@3.0.0 
  └── yuicompressor@2.4.8 

Setup Done exists, not setting up
:../FeatureTester/libs/:/root/Targets/node-ursa/node_modules
Set Default Z3_PATH to ./node_modules/z3javascript/bin/libz3.so
ExpoSE Master: /root/ExpoSE/lib/Harness/src/harness.js max concurrent: 16 max paths: 1000000
Setting timeout to 900000
*** [0 done /0 queued / 1 running / 0 errors / 0% coverage ] ****** [0 done /0 queued / 1 running / 0 errors / 0% coverage ] ****** [1 done /0 queued / 0 running / 0 errors / 39% coverage ] ***
*-- Stat Module Output --*
*-- concretizations: ["defineProperty","bound log","bound warn"]
*-- Stat Module Done --*
*-- Test Case {"_bound":0,"Switcher":false,"Target_Switch_Base":0} start 0.0554 took 4.2616s
*-- Coverage Data
*- File /root/ExpoSE/lib/Harness/src/harness.js. Coverage (Term): 39% Coverage (LOC): 43%
*- File /root/ExpoSE/lib/S$/bin/symbols.js. Coverage (Term): 19% Coverage (LOC): 37%
*- File /root/Targets/node-ursa/node_modules/node-ursa/lib/index.js. Coverage (Term): 96% Coverage (LOC): 100%
*- Re-run with EXPOSE_PRINT_COVERAGE=1 to print line by line coverage information
** ExpoSE Finished. 1 paths with 0 errors **
