- ansi-regex@2.1.1 node_modules/ansi-regex
- ansi-styles@2.2.1 node_modules/ansi-styles
- async@0.9.2 node_modules/async
- isarray@0.0.1 node_modules/bl/node_modules/isarray
- string_decoder@0.10.31 node_modules/bl/node_modules/string_decoder
- readable-stream@1.0.34 node_modules/bl/node_modules/readable-stream
- bl@0.9.5 node_modules/bl
- bluebird@2.11.0 node_modules/bluebird
- commander@2.11.0 node_modules/commander
- ctype@0.5.3 node_modules/ctype
- escape-string-regexp@1.0.5 node_modules/escape-string-regexp
- request@2.55.0 node_modules/follow/node_modules/request
- follow@0.12.1 node_modules/follow
- generate-function@2.0.0 node_modules/generate-function
- has-ansi@2.0.0 node_modules/has-ansi
- is-property@1.0.2 node_modules/is-property
- generate-object-property@1.2.0 node_modules/generate-object-property
- jsonpointer@4.0.1 node_modules/jsonpointer
- caseless@0.12.0 node_modules/request/node_modules/caseless
- delayed-stream@1.0.0 node_modules/request/node_modules/delayed-stream
- combined-stream@1.0.5 node_modules/request/node_modules/combined-stream
- mime-db@1.30.0 node_modules/request/node_modules/mime-db
- mime-types@2.1.17 node_modules/request/node_modules/mime-types
- oauth-sign@0.8.2 node_modules/request/node_modules/oauth-sign
- tunnel-agent@0.6.0 node_modules/request/node_modules/tunnel-agent
- asn1@0.2.3 node_modules/sshpk/node_modules/asn1
- strip-ansi@3.0.1 node_modules/strip-ansi
- supports-color@2.0.0 node_modules/supports-color
- chalk@1.1.3 node_modules/chalk
- xtend@4.0.1 node_modules/xtend
- is-my-json-valid@2.16.1 node_modules/is-my-json-valid
/root/Targets/node-ralf
└─┬ node-ralf@0.0.3 
  └─┬ nano@6.4.2 
    ├─┬ cloudant-follow@0.13.0 
    │ └─┬ request@2.81.0 
    │   ├── aws-sign2@0.6.0 
    │   ├── form-data@2.1.4 
    │   ├── har-validator@4.2.1 
    │   ├── hawk@3.1.3 
    │   ├─┬ http-signature@1.1.1 
    │   │ └── assert-plus@0.2.0 
    │   ├── qs@6.4.0 
    │   └── uuid@3.1.0 
    └─┬ request@2.82.0 
      ├── aws-sign2@0.7.0 
      ├── caseless@0.12.0 
      ├─┬ combined-stream@1.0.5 
      │ └── delayed-stream@1.0.0 
      ├── form-data@2.3.1 
      ├─┬ har-validator@5.0.3 
      │ ├─┬ ajv@5.2.2 
      │ │ ├── fast-deep-equal@1.0.0 
      │ │ └── json-schema-traverse@0.3.1 
      │ └── har-schema@2.0.0 
      ├─┬ hawk@6.0.2 
      │ ├── boom@4.3.1 
      │ ├─┬ cryptiles@3.1.2 
      │ │ └── boom@5.2.0 
      │ ├── hoek@4.2.0 
      │ └── sntp@2.0.2 
      ├─┬ http-signature@1.2.0 
      │ ├── assert-plus@1.0.0 
      │ └─┬ sshpk@1.13.1
      │   └── asn1@0.2.3 
      ├─┬ mime-types@2.1.17 
      │ └── mime-db@1.30.0 
      ├── oauth-sign@0.8.2 
      ├── performance-now@2.1.0 
      ├── qs@6.5.1 
      └── tunnel-agent@0.6.0 

Setup Done exists, not setting up
:../FeatureTester/libs/:/root/Targets/node-ralf/node_modules
Set Default Z3_PATH to ./node_modules/z3javascript/bin/libz3.so
ExpoSE Master: /root/ExpoSE/lib/Harness/src/harness.js max concurrent: 16 max paths: 1000000
Setting timeout to 900000
*** [0 done /0 queued / 1 running / 0 errors / 0% coverage ] ****** [0 done /0 queued / 1 running / 0 errors / 0% coverage ] ****** [1 done /0 queued / 0 running / 1 errors / 13% coverage ] ***
*-- Stat Module Output --*
*-- concretizations: ["defineProperty","bound log","reduce","parseInt","charCodeAt","abs"]
*-- Stat Module Done --*
*-- Test Case {"_bound":0} start 0.0568 took 7.0617s
*-- Errors occured in test {"_bound":0}
* Error: ReferenceError: STATE_OPEN is not defined
*-- Replay with NO_COMPILE=1 expoSE replay '/root/ExpoSE/lib/Harness/src/harness.js' '{"_bound":0}'
*-- Coverage Data
*- File /root/ExpoSE/lib/Harness/src/harness.js. Coverage (Term): 18% Coverage (LOC): 24%
*- File /root/ExpoSE/lib/S$/bin/symbols.js. Coverage (Term): 16% Coverage (LOC): 34%
*- File /root/Targets/node-ralf/node_modules/node-ralf/bin/server.js. Coverage (Term): 10% Coverage (LOC): 6%
*- File /root/Targets/node-ralf/node_modules/websocket/index.js. Coverage (Term): 80% Coverage (LOC): 100%
*- File /root/Targets/node-ralf/node_modules/websocket/lib/websocket.js. Coverage (Term): 36% Coverage (LOC): 38%
*- File /root/Targets/node-ralf/node_modules/websocket/lib/WebSocketServer.js. Coverage (Term): 8% Coverage (LOC): 7%
*- File /root/Targets/node-ralf/node_modules/websocket/lib/utils.js. Coverage (Term): 19% Coverage (LOC): 30%
*- File /root/Targets/node-ralf/node_modules/debug/src/index.js. Coverage (Term): 81% Coverage (LOC): 83%
*- File /root/Targets/node-ralf/node_modules/debug/src/node.js. Coverage (Term): 35% Coverage (LOC): 44%
*- File /root/Targets/node-ralf/node_modules/debug/src/debug.js. Coverage (Term): 44% Coverage (LOC): 48%
*- File /root/Targets/node-ralf/node_modules/ms/index.js. Coverage (Term): 12% Coverage (LOC): 15%
*- File /root/Targets/node-ralf/node_modules/websocket/lib/WebSocketRequest.js. Coverage (Term): 3% Coverage (LOC): 3%
*- File /root/Targets/node-ralf/node_modules/websocket/lib/WebSocketConnection.js. Coverage (Term): 0% Coverage (LOC): 0%
*- Re-run with EXPOSE_PRINT_COVERAGE=1 to print line by line coverage information
** ExpoSE Finished. 1 paths with 1 errors **
