/root/Targets/node-lambda-events
└─┬ node-lambda-events@0.1.12 
  ├─┬ aws-sdk@2.121.0 
  │ ├─┬ buffer@4.9.1 
  │ │ ├── base64-js@1.2.1 
  │ │ ├── ieee754@1.1.8 
  │ │ └── isarray@1.0.0 
  │ ├── crypto-browserify@1.0.9 
  │ ├── events@1.1.1 
  │ ├── jmespath@0.15.0 
  │ ├── querystring@0.2.0 
  │ ├── sax@1.2.1 
  │ ├─┬ url@0.10.3 
  │ │ └── punycode@1.3.2 
  │ ├── uuid@3.0.1 
  │ ├── xml2js@0.4.17 
  │ └── xmlbuilder@4.2.1 
  ├─┬ dynamodb-marshaler@2.0.0 
  │ ├── dispatch-recursive@2.0.0 
  │ └── lodash@4.17.4 
  ├── immutable@3.8.1 
  ├─┬ joi@10.6.0 
  │ ├── hoek@4.2.0 
  │ ├── isemail@2.2.1 
  │ ├── items@2.1.1 
  │ └── topo@2.0.2 
  └─┬ request@2.82.0 
    ├── aws-sign2@0.7.0 
    ├── aws4@1.6.0 
    ├── caseless@0.12.0 
    ├─┬ combined-stream@1.0.5 
    │ └── delayed-stream@1.0.0 
    ├── extend@3.0.1 
    ├── forever-agent@0.6.1 
    ├─┬ form-data@2.3.1 
    │ └── asynckit@0.4.0 
    ├─┬ har-validator@5.0.3 
    │ ├─┬ ajv@5.2.2 
    │ │ ├── co@4.6.0 
    │ │ ├── fast-deep-equal@1.0.0 
    │ │ ├── json-schema-traverse@0.3.1 
    │ │ └─┬ json-stable-stringify@1.0.1 
    │ │   └── jsonify@0.0.0 
    │ └── har-schema@2.0.0 
    ├─┬ hawk@6.0.2 
    │ ├── boom@4.3.1 
    │ ├─┬ cryptiles@3.1.2 
    │ │ └── boom@5.2.0 
    │ └── sntp@2.0.2 
    ├─┬ http-signature@1.2.0 
    │ ├── assert-plus@1.0.0 
    │ ├─┬ jsprim@1.4.1 
    │ │ ├── extsprintf@1.3.0 
    │ │ ├── json-schema@0.2.3 
    │ │ └─┬ verror@1.10.0 
    │ │   └── core-util-is@1.0.2 
    │ └─┬ sshpk@1.13.1 
    │   ├── asn1@0.2.3 
    │   ├── bcrypt-pbkdf@1.0.1 
    │   ├── dashdash@1.14.1 
    │   ├── ecc-jsbn@0.1.1 
    │   ├── getpass@0.1.7 
    │   ├── jsbn@0.1.1 
    │   └── tweetnacl@0.14.5 
    ├── is-typedarray@1.0.0 
    ├── isstream@0.1.2 
    ├── json-stringify-safe@5.0.1 
    ├─┬ mime-types@2.1.17 
    │ └── mime-db@1.30.0 
    ├── oauth-sign@0.8.2 
    ├── performance-now@2.1.0 
    ├── qs@6.5.1 
    ├── safe-buffer@5.1.1 
    ├── stringstream@0.0.5 
    ├─┬ tough-cookie@2.3.3 
    │ └── punycode@1.4.1 
    ├── tunnel-agent@0.6.0 
    └── uuid@3.1.0 

Setup Done exists, not setting up
:../FeatureTester/libs/:/root/Targets/node-lambda-events/node_modules
Set Default Z3_PATH to ./node_modules/z3javascript/bin/libz3.so
ExpoSE Master: /root/ExpoSE/lib/Harness/src/harness.js max concurrent: 16 max paths: 1000000
Setting timeout to 900000
*** [0 done /0 queued / 1 running / 0 errors / 0% coverage ] ****** [0 done /0 queued / 1 running / 0 errors / 0% coverage ] ****** [1 done /0 queued / 0 running / 1 errors / 3% coverage ] ***
*-- Stat Module Output --*
*-- concretizations: ["defineProperty","bound log"]
*-- Stat Module Done --*
*-- Test Case {"_bound":0} start 0.0801 took 39.5932s
*-- Errors occured in test {"_bound":0}
* Error: TypeError: Cannot read property 'length' of undefined
*-- Replay with NO_COMPILE=1 expoSE replay '/root/ExpoSE/lib/Harness/src/harness.js' '{"_bound":0}'
*-- Coverage Data
*- File /root/ExpoSE/lib/Harness/src/harness.js. Coverage (Term): 18% Coverage (LOC): 24%
*- File /root/ExpoSE/lib/S$/bin/symbols.js. Coverage (Term): 16% Coverage (LOC): 34%
*- File /root/Targets/node-lambda-events/node_modules/node-lambda-events/index.js. Coverage (Term): 0% Coverage (LOC): 0%
*- Re-run with EXPOSE_PRINT_COVERAGE=1 to print line by line coverage information
** ExpoSE Finished. 1 paths with 1 errors **
