/root/Targets/oberd-oui
├─┬ oberd-oui@3.0.2 
│ ├── classnames@2.2.5 
│ ├── oberd-postcss-classnames@1.1.3 
│ ├── UNMET PEER DEPENDENCY react@^0.14.0 || ^15.0.0-rc.1
│ ├─┬ react-mixin@3.1.1 
│ │ ├── object-assign@4.1.1 
│ │ └── smart-mixin@2.0.0 
│ ├─┬ react-spin@0.6.2 
│ │ └── spin.js@2.3.2 
│ ├── tween.js@16.6.0 
│ └── underscore@1.8.3 
├── UNMET PEER DEPENDENCY react@*
└── UNMET PEER DEPENDENCY react-dom@*

Setup Done exists, not setting up
:../FeatureTester/libs/:/root/Targets/oberd-oui/node_modules
Set Default Z3_PATH to ./node_modules/z3javascript/bin/libz3.so
ExpoSE Master: /root/ExpoSE/lib/Harness/src/harness.js max concurrent: 16 max paths: 1000000
Setting timeout to 900000
*** [0 done /0 queued / 1 running / 0 errors / 0% coverage ] ****** [0 done /0 queued / 1 running / 0 errors / 0% coverage ] ****** [1 done /0 queued / 0 running / 1 errors / 3% coverage ] ***
*-- Stat Module Output --*
*-- concretizations: ["defineProperty","bound log"]
*-- Stat Module Done --*
*-- Test Case {"_bound":0} start 0.0277 took 12.4167s
*-- Errors occured in test {"_bound":0}
* Error: Error: Cannot find module 'react'
*-- Replay with NO_COMPILE=1 expoSE replay '/root/ExpoSE/lib/Harness/src/harness.js' '{"_bound":0}'
*-- Coverage Data
*- File /root/ExpoSE/lib/Harness/src/harness.js. Coverage (Term): 18% Coverage (LOC): 24%
*- File /root/ExpoSE/lib/S$/bin/symbols.js. Coverage (Term): 16% Coverage (LOC): 34%
*- File /root/Targets/oberd-oui/node_modules/oberd-oui/dist/oui.js. Coverage (Term): 0% Coverage (LOC): 0%
*- Re-run with EXPOSE_PRINT_COVERAGE=1 to print line by line coverage information
** ExpoSE Finished. 1 paths with 1 errors **
