/root/Targets/opuscapita-showroom-template
└─┬ opuscapita-showroom-template@1.2.3 
  ├─┬ fs-extra@0.30.0 
  │ ├── graceful-fs@4.1.11 
  │ ├── jsonfile@2.4.0 
  │ ├── klaw@1.3.1 
  │ ├── path-is-absolute@1.0.1 
  │ └─┬ rimraf@2.6.2 
  │   └── glob@7.1.2 
  ├─┬ globule@1.0.0 
  │ ├─┬ glob@7.0.6 
  │ │ ├── fs.realpath@1.0.0 
  │ │ ├─┬ inflight@1.0.6 
  │ │ │ └── wrappy@1.0.2 
  │ │ ├── inherits@2.0.3 
  │ │ └── once@1.4.0 
  │ ├── lodash@4.9.0 
  │ └─┬ minimatch@3.0.4 
  │   └─┬ brace-expansion@1.1.8 
  │     ├── balanced-match@1.0.0 
  │     └── concat-map@0.0.1 
  ├── lodash@4.16.4 
  ├── readline-sync@1.4.4 
  └─┬ yargs@6.3.0 
    ├── camelcase@3.0.0 
    ├─┬ cliui@3.2.0 
    │ ├─┬ strip-ansi@3.0.1 
    │ │ └── ansi-regex@2.1.1 
    │ └── wrap-ansi@2.1.0 
    ├── decamelize@1.2.0 
    ├── get-caller-file@1.0.2 
    ├─┬ os-locale@1.4.0 
    │ └─┬ lcid@1.0.0 
    │   └── invert-kv@1.0.0 
    ├─┬ read-pkg-up@1.0.1 
    │ ├─┬ find-up@1.1.2 
    │ │ ├── path-exists@2.1.0 
    │ │ └─┬ pinkie-promise@2.0.1 
    │ │   └── pinkie@2.0.4 
    │ └─┬ read-pkg@1.1.0 
    │   ├─┬ load-json-file@1.1.0 
    │   │ ├─┬ parse-json@2.2.0 
    │   │ │ └─┬ error-ex@1.3.1 
    │   │ │   └── is-arrayish@0.2.1 
    │   │ ├── pify@2.3.0 
    │   │ └─┬ strip-bom@2.0.0 
    │   │   └── is-utf8@0.2.1 
    │   ├─┬ normalize-package-data@2.4.0 
    │   │ ├── hosted-git-info@2.5.0 
    │   │ ├─┬ is-builtin-module@1.0.0 
    │   │ │ └── builtin-modules@1.1.1 
    │   │ ├── semver@5.4.1 
    │   │ └─┬ validate-npm-package-license@3.0.1 
    │   │   ├─┬ spdx-correct@1.0.2 
    │   │   │ └── spdx-license-ids@1.2.2 
    │   │   └── spdx-expression-parse@1.0.4 
    │   └── path-type@1.1.0 
    ├── require-directory@2.1.1 
    ├── require-main-filename@1.0.1 
    ├── set-blocking@2.0.0 
    ├─┬ string-width@1.0.2 
    │ ├── code-point-at@1.1.0 
    │ └─┬ is-fullwidth-code-point@1.0.0 
    │   └── number-is-nan@1.0.1 
    ├── which-module@1.0.0 
    ├── window-size@0.2.0 
    ├── y18n@3.2.1 
    └── yargs-parser@4.2.1 

Setup Done exists, not setting up
:../FeatureTester/libs/:/root/Targets/opuscapita-showroom-template/node_modules
Set Default Z3_PATH to ./node_modules/z3javascript/bin/libz3.so
ExpoSE Master: /root/ExpoSE/lib/Harness/src/harness.js max concurrent: 16 max paths: 1000000
Setting timeout to 900000
*** [0 done /0 queued / 1 running / 0 errors / 0% coverage ] ****** [0 done /0 queued / 1 running / 0 errors / 0% coverage ] ****** [1 done /0 queued / 0 running / 1 errors / 33% coverage ] ***
*-- Stat Module Output --*
*-- concretizations: ["defineProperty","bound log"]
*-- Stat Module Done --*
*-- Test Case {"_bound":0} start 0.0593 took 2.7004s
*-- Errors occured in test {"_bound":0}
* Error: Tropigate failed because SyntaxError: Unexpected character '#' (1:78) on program #! /usr/bin/env node

'use strict';
var process = require('process');

var execDir = process.cwd();
require('./bin/main.js')(execDir);
 at SyntaxError: Unexpected character '#' (1:78)
    at Parser.pp$4.raise (/root/ExpoSE/lib/Tropigate/node_modules/acorn/dist/acorn.js:2221:15)
    at Parser.pp$7.getTokenFromCode (/root/ExpoSE/lib/Tropigate/node_modules/acorn/dist/acorn.js:2756:10)
    at Parser.pp$7.readToken (/root/ExpoSE/lib/Tropigate/node_modules/acorn/dist/acorn.js:2477:17)
    at Parser.readToken (/root/ExpoSE/lib/Tropigate/bin/Tokens.js:124:26)
    at Parser.pp$7.nextToken (/root/ExpoSE/lib/Tropigate/node_modules/acorn/dist/acorn.js:2468:15)
    at Parser.pp$7.next (/root/ExpoSE/lib/Tropigate/node_modules/acorn/dist/acorn.js:2413:10)
    at Parser.pp.eat (/root/ExpoSE/lib/Tropigate/node_modules/acorn/dist/acorn.js:536:12)
    at Parser.pp.semicolon (/root/ExpoSE/lib/Tropigate/node_modules/acorn/dist/acorn.js:581:15)
    at Parser.pp$1.parseVarStatement (/root/ExpoSE/lib/Tropigate/node_modules/acorn/dist/acorn.js:918:10)
    at Parser.pp$1.parseStatement (/root/ExpoSE/lib/Tropigate/node_modules/acorn/dist/acorn.js:706:19)
*-- Replay with NO_COMPILE=1 expoSE replay '/root/ExpoSE/lib/Harness/src/harness.js' '{"_bound":0}'
*-- Coverage Data
*- File /root/ExpoSE/lib/Harness/src/harness.js. Coverage (Term): 18% Coverage (LOC): 24%
*- File /root/ExpoSE/lib/S$/bin/symbols.js. Coverage (Term): 16% Coverage (LOC): 34%
*- Re-run with EXPOSE_PRINT_COVERAGE=1 to print line by line coverage information
** ExpoSE Finished. 1 paths with 1 errors **
