/home/blake/ExpoSE/Targets/ourjs
└── ourjs@0.0.28 

Setup Done exists, not setting up
:../FeatureTester/libs/:/home/blake/ExpoSE/Targets/ourjs/node_modules
Set Default Z3_PATH to ./node_modules/z3javascript/bin/libz3.so
Number of CPU cores: 16
Defaulting to 16 concurrent test cases
ExpoSE Master: /home/blake/ExpoSE/ExpoSE/lib/Harness/src/harness.js max concurrent: 16 max paths: 100000
Setting timeout to 600000
*** [0 done /0 queued / 1 running / 0 errors / 0% coverage ] ****** [0 done /0 queued / 1 running / 0 errors / 0% coverage ] ****** [1 done /0 queued / 0 running / 1 errors / 33% coverage ] ***
*-- Stat Module Output --*
*-- concretizations: ["defineProperty","bound log"]
*-- Stat Module Done --*
*-- Test Case {"_bound":0} start 0.0041 took 0.4523s
*-- Errors occured in test {"_bound":0}
* Error: Error: Cannot find module 'ourjs'
*-- Replay with NO_COMPILE=1 expoSE replay '/home/blake/ExpoSE/ExpoSE/lib/Harness/src/harness.js' '{"_bound":0}'
*-- Coverage Data
*- File /home/blake/ExpoSE/ExpoSE/lib/Harness/src/harness.js. Coverage (Term): 18% Coverage (LOC): 24%
*- File /home/blake/ExpoSE/ExpoSE/lib/S$/bin/symbols.js. Coverage (Term): 16% Coverage (LOC): 34%
*- Re-run with EXPOSE_PRINT_COVERAGE=1 to print line by line coverage information
** ExpoSE Finished. 1 paths with 1 errors **
