+ paperclip11@1.1.1
updated 1 package in 1.28s
Setup Done exists, not setting up
:../FeatureTester/libs/:/home/pbai002/Targets/paperclip11/node_modules
Set Default Z3_PATH to ./node_modules/z3javascript/bin/libz3.so
ExpoSE Master: /home/pbai002/ExpoSE/lib/Harness/src/harness.js max concurrent: 16 max paths: 1000000
Setting timeout to 900000
*** [0 done /0 queued / 1 running / 0 errors / 0% coverage ] ****** [0 done /0 queued / 1 running / 0 errors / 0% coverage ] ****** [1 done /1 queued / 1 running / 1 errors / 48% coverage ] ****** [1 done /0 queued / 2 running / 1 errors / 48% coverage ] ****** [1 done /0 queued / 2 running / 1 errors / 48% coverage ] ****** [2 done /0 queued / 2 running / 2 errors / 48% coverage ] ****** [2 done /0 queued / 2 running / 2 errors / 48% coverage ] ****** [3 done /1 queued / 2 running / 3 errors / 48% coverage ] ****** [3 done /0 queued / 3 running / 3 errors / 48% coverage ] ****** [3 done /0 queued / 3 running / 3 errors / 48% coverage ] ****** [4 done /0 queued / 3 running / 4 errors / 49% coverage ] ****** [4 done /0 queued / 3 running / 4 errors / 49% coverage ] ****** [5 done /1 queued / 3 running / 5 errors / 49% coverage ] ****** [5 done /0 queued / 4 running / 5 errors / 49% coverage ] ****** [5 done /0 queued / 4 running / 5 errors / 49% coverage ] ****** [6 done /2 queued / 4 running / 6 errors / 49% coverage ] ****** [6 done /1 queued / 5 running / 6 errors / 49% coverage ] ****** [6 done /0 queued / 6 running / 6 errors / 49% coverage ] ****** [6 done /0 queued / 6 running / 6 errors / 49% coverage ] ****** [7 done /0 queued / 6 running / 7 errors / 49% coverage ] ****** [7 done /0 queued / 6 running / 7 errors / 49% coverage ] ****** [8 done /0 queued / 5 running / 8 errors / 49% coverage ] ****** [9 done /0 queued / 5 running / 9 errors / 49% coverage ] ****** [9 done /0 queued / 5 running / 9 errors / 49% coverage ] ****** [10 done /2 queued / 5 running / 10 errors / 49% coverage ] ****** [10 done /1 queued / 6 running / 10 errors / 49% coverage ] ****** [10 done /0 queued / 7 running / 10 errors / 49% coverage ] ****** [10 done /0 queued / 7 running / 10 errors / 49% coverage ] ****** [11 done /1 queued / 7 running / 11 errors / 53% coverage ] ****** [11 done /0 queued / 8 running / 11 errors / 53% coverage ] ****** [11 done /0 queued / 8 running / 11 errors / 53% coverage ] ****** [12 done /1 queued / 8 running / 12 errors / 53% coverage ] ****** [12 done /0 queued / 9 running / 12 errors / 53% coverage ] ****** [12 done /0 queued / 9 running / 12 errors / 53% coverage ] ****** [13 done /26 queued / 9 running / 13 errors / 55.00000000000001% coverage ] ****** [13 done /25 queued / 10 running / 13 errors / 55.00000000000001% coverage ] ****** [13 done /24 queued / 11 running / 13 errors / 55.00000000000001% coverage ] ****** [13 done /23 queued / 12 running / 13 errors / 55.00000000000001% coverage ] ****** [13 done /22 queued / 13 running / 13 errors / 55.00000000000001% coverage ] ****** [13 done /21 queued / 14 running / 13 errors / 55.00000000000001% coverage ] ****** [13 done /20 queued / 15 running / 13 errors / 55.00000000000001% coverage ] ****** [13 done /19 queued / 16 running / 13 errors / 55.00000000000001% coverage ] ****** [13 done /19 queued / 16 running / 13 errors / 55.00000000000001% coverage ] ****** [14 done /20 queued / 16 running / 14 errors / 55.00000000000001% coverage ] ****** [14 done /20 queued / 16 running / 14 errors / 55.00000000000001% coverage ] ****** [15 done /19 queued / 16 running / 15 errors / 55.00000000000001% coverage ] ****** [15 done /19 queued / 16 running / 15 errors / 55.00000000000001% coverage ] ****** [16 done /18 queued / 16 running / 16 errors / 55.00000000000001% coverage ] ****** [16 done /18 queued / 16 running / 16 errors / 55.00000000000001% coverage ] ****** [17 done /17 queued / 16 running / 16 errors / 55.00000000000001% coverage ] ****** [17 done /17 queued / 16 running / 16 errors / 55.00000000000001% coverage ] ****** [18 done /18 queued / 16 running / 17 errors / 55.00000000000001% coverage ] ****** [18 done /18 queued / 16 running / 17 errors / 55.00000000000001% coverage ] ****** [19 done /22 queued / 16 running / 18 errors / 55.00000000000001% coverage ] ****** [19 done /22 queued / 16 running / 18 errors / 55.00000000000001% coverage ] ****** [20 done /21 queued / 16 running / 19 errors / 55.00000000000001% coverage ] ****** [20 done /21 queued / 16 running / 19 errors / 55.00000000000001% coverage ] ****** [21 done /20 queued / 16 running / 20 errors / 55.00000000000001% coverage ] ****** [21 done /20 queued / 16 running / 20 errors / 55.00000000000001% coverage ] ****** [22 done /19 queued / 16 running / 21 errors / 55.00000000000001% coverage ] ****** [22 done /19 queued / 16 running / 21 errors / 55.00000000000001% coverage ] ****** [23 done /21 queued / 16 running / 22 errors / 55.00000000000001% coverage ] ****** [23 done /21 queued / 16 running / 22 errors / 55.00000000000001% coverage ] ****** [24 done /22 queued / 16 running / 23 errors / 55.00000000000001% coverage ] ****** [24 done /22 queued / 16 running / 23 errors / 55.00000000000001% coverage ] ****** [25 done /21 queued / 16 running / 24 errors / 55.00000000000001% coverage ] ****** [25 done /21 queued / 16 running / 24 errors / 55.00000000000001% coverage ] ****** [26 done /23 queued / 16 running / 25 errors / 55.00000000000001% coverage ] ****** [26 done /23 queued / 16 running / 25 errors / 55.00000000000001% coverage ] ****** [27 done /26 queued / 16 running / 26 errors / 55.00000000000001% coverage ] ****** [27 done /26 queued / 16 running / 26 errors / 55.00000000000001% coverage ] ****** [28 done /25 queued / 16 running / 27 errors / 55.00000000000001% coverage ] ****** [28 done /25 queued / 16 running / 27 errors / 55.00000000000001% coverage ] ****** [29 done /26 queued / 16 running / 28 errors / 55.00000000000001% coverage ] ****** [29 done /26 queued / 16 running / 28 errors / 55.00000000000001% coverage ] ****** [30 done /25 queued / 16 running / 29 errors / 55.00000000000001% coverage ] ****** [30 done /25 queued / 16 running / 29 errors / 55.00000000000001% coverage ] ****** [31 done /24 queued / 16 running / 30 errors / 55.00000000000001% coverage ] ****** [31 done /24 queued / 16 running / 30 errors / 55.00000000000001% coverage ] ****** [32 done /23 queued / 16 running / 31 errors / 55.00000000000001% coverage ] ****** [32 done /23 queued / 16 running / 31 errors / 55.00000000000001% coverage ] ****** [33 done /22 queued / 16 running / 32 errors / 55.00000000000001% coverage ] ****** [33 done /22 queued / 16 running / 32 errors / 55.00000000000001% coverage ] ****** [34 done /23 queued / 16 running / 33 errors / 55.00000000000001% coverage ] ****** [34 done /23 queued / 16 running / 33 errors / 55.00000000000001% coverage ] ****** [35 done /24 queued / 16 running / 34 errors / 55.00000000000001% coverage ] ****** [35 done /24 queued / 16 running / 34 errors / 55.00000000000001% coverage ] ****** [36 done /24 queued / 16 running / 35 errors / 55.00000000000001% coverage ] ****** [36 done /24 queued / 16 running / 35 errors / 55.00000000000001% coverage ] ****** [37 done /46 queued / 16 running / 35 errors / 55.00000000000001% coverage ] ****** [37 done /46 queued / 16 running / 35 errors / 55.00000000000001% coverage ] ****** [38 done /47 queued / 16 running / 36 errors / 55.00000000000001% coverage ] ****** [38 done /47 queued / 16 running / 36 errors / 55.00000000000001% coverage ] ****** [39 done /46 queued / 16 running / 37 errors / 55.00000000000001% coverage ] ****** [39 done /46 queued / 16 running / 37 errors / 55.00000000000001% coverage ] ****** [40 done /47 queued / 16 running / 38 errors / 55.00000000000001% coverage ] ****** [40 done /47 queued / 16 running / 38 errors / 55.00000000000001% coverage ] ****** [41 done /52 queued / 16 running / 39 errors / 55.00000000000001% coverage ] ****** [41 done /52 queued / 16 running / 39 errors / 55.00000000000001% coverage ] ****** [42 done /54 queued / 16 running / 40 errors / 55.00000000000001% coverage ] ****** [42 done /54 queued / 16 running / 40 errors / 55.00000000000001% coverage ] ****** [43 done /54 queued / 16 running / 41 errors / 55.00000000000001% coverage ] ****** [43 done /54 queued / 16 running / 41 errors / 55.00000000000001% coverage ] ****** [44 done /55 queued / 16 running / 42 errors / 55.00000000000001% coverage ] ****** [44 done /55 queued / 16 running / 42 errors / 55.00000000000001% coverage ] ****** [45 done /56 queued / 16 running / 43 errors / 55.00000000000001% coverage ] ****** [45 done /56 queued / 16 running / 43 errors / 55.00000000000001% coverage ] ****** [46 done /55 queued / 16 running / 44 errors / 55.00000000000001% coverage ] ****** [46 done /55 queued / 16 running / 44 errors / 55.00000000000001% coverage ] ****** [47 done /54 queued / 16 running / 45 errors / 55.00000000000001% coverage ] ****** [47 done /54 queued / 16 running / 45 errors / 55.00000000000001% coverage ] ****** [48 done /57 queued / 16 running / 45 errors / 55.00000000000001% coverage ] ****** [48 done /57 queued / 16 running / 45 errors / 55.00000000000001% coverage ] ****** [49 done /59 queued / 16 running / 46 errors / 55.00000000000001% coverage ] ****** [49 done /59 queued / 16 running / 46 errors / 55.00000000000001% coverage ] ****** [50 done /69 queued / 16 running / 47 errors / 55.00000000000001% coverage ] ****** [50 done /69 queued / 16 running / 47 errors / 55.00000000000001% coverage ] ****** [51 done /68 queued / 16 running / 48 errors / 55.00000000000001% coverage ] ****** [51 done /68 queued / 16 running / 48 errors / 55.00000000000001% coverage ] ****** [52 done /68 queued / 16 running / 49 errors / 55.00000000000001% coverage ] ****** [52 done /68 queued / 16 running / 49 errors / 55.00000000000001% coverage ] ****** [53 done /68 queued / 16 running / 50 errors / 55.00000000000001% coverage ] ****** [53 done /68 queued / 16 running / 50 errors / 55.00000000000001% coverage ] ****** [54 done /69 queued / 16 running / 51 errors / 55.00000000000001% coverage ] ****** [54 done /69 queued / 16 running / 51 errors / 55.00000000000001% coverage ] ****** [55 done /68 queued / 16 running / 52 errors / 55.00000000000001% coverage ] ****** [55 done /68 queued / 16 running / 52 errors / 55.00000000000001% coverage ] ****** [56 done /67 queued / 16 running / 53 errors / 55.00000000000001% coverage ] ****** [56 done /67 queued / 16 running / 53 errors / 55.00000000000001% coverage ] ****** [57 done /68 queued / 16 running / 54 errors / 55.00000000000001% coverage ] ****** [57 done /68 queued / 16 running / 54 errors / 55.00000000000001% coverage ] ****** [58 done /83 queued / 16 running / 55 errors / 60% coverage ] ****** [58 done /83 queued / 16 running / 55 errors / 60% coverage ] ****** [59 done /104 queued / 16 running / 56 errors / 60% coverage ] ****** [59 done /104 queued / 16 running / 56 errors / 60% coverage ] ****** [60 done /104 queued / 16 running / 57 errors / 60% coverage ] ****** [60 done /104 queued / 16 running / 57 errors / 60% coverage ] ****** [61 done /104 queued / 16 running / 58 errors / 60% coverage ] ****** [61 done /104 queued / 16 running / 58 errors / 60% coverage ] ****** [62 done /109 queued / 16 running / 58 errors / 60% coverage ] ****** [62 done /109 queued / 16 running / 58 errors / 60% coverage ] ****** [63 done /114 queued / 16 running / 59 errors / 60% coverage ] ****** [63 done /114 queued / 16 running / 59 errors / 60% coverage ] ****** [64 done /113 queued / 16 running / 60 errors / 60% coverage ] ****** [64 done /113 queued / 16 running / 60 errors / 60% coverage ] ****** [65 done /118 queued / 16 running / 61 errors / 60% coverage ] ****** [65 done /118 queued / 16 running / 61 errors / 60% coverage ] ****** [66 done /121 queued / 16 running / 62 errors / 60% coverage ] ****** [66 done /121 queued / 16 running / 62 errors / 60% coverage ] ****** [67 done /122 queued / 16 running / 63 errors / 60% coverage ] ****** [67 done /122 queued / 16 running / 63 errors / 60% coverage ] ****** [68 done /127 queued / 16 running / 64 errors / 60% coverage ] ****** [68 done /127 queued / 16 running / 64 errors / 60% coverage ] ****** [69 done /126 queued / 16 running / 65 errors / 60% coverage ] ****** [69 done /126 queued / 16 running / 65 errors / 60% coverage ] ****** [70 done /143 queued / 16 running / 66 errors / 60% coverage ] ****** [70 done /143 queued / 16 running / 66 errors / 60% coverage ] ****** [71 done /142 queued / 16 running / 67 errors / 60% coverage ] ****** [71 done /142 queued / 16 running / 67 errors / 60% coverage ] ****** [72 done /142 queued / 16 running / 68 errors / 60% coverage ] ****** [72 done /142 queued / 16 running / 68 errors / 60% coverage ] ****** [73 done /142 queued / 16 running / 69 errors / 60% coverage ] ****** [73 done /142 queued / 16 running / 69 errors / 60% coverage ] ****** [74 done /141 queued / 16 running / 70 errors / 60% coverage ] ****** [74 done /141 queued / 16 running / 70 errors / 60% coverage ] ****** [75 done /146 queued / 16 running / 71 errors / 60% coverage ] ****** [75 done /146 queued / 16 running / 71 errors / 60% coverage ] ****** [76 done /146 queued / 16 running / 72 errors / 60% coverage ] ****** [76 done /146 queued / 16 running / 72 errors / 60% coverage ] ****** [77 done /146 queued / 16 running / 73 errors / 60% coverage ] ****** [77 done /146 queued / 16 running / 73 errors / 60% coverage ] ****** [78 done /145 queued / 16 running / 74 errors / 60% coverage ] ****** [78 done /145 queued / 16 running / 74 errors / 60% coverage ] ****** [79 done /149 queued / 16 running / 75 errors / 60% coverage ] ****** [79 done /149 queued / 16 running / 75 errors / 60% coverage ] ****** [80 done /153 queued / 16 running / 76 errors / 60% coverage ] ****** [80 done /153 queued / 16 running / 76 errors / 60% coverage ] ****** [81 done /153 queued / 16 running / 77 errors / 60% coverage ] ****** [81 done /153 queued / 16 running / 77 errors / 60% coverage ] ****** [82 done /152 queued / 16 running / 78 errors / 60% coverage ] ****** [82 done /152 queued / 16 running / 78 errors / 60% coverage ] ****** [83 done /161 queued / 16 running / 79 errors / 60% coverage ] ****** [83 done /161 queued / 16 running / 79 errors / 60% coverage ] ****** [84 done /172 queued / 16 running / 80 errors / 60% coverage ] ****** [84 done /172 queued / 16 running / 80 errors / 60% coverage ] ****** [85 done /185 queued / 16 running / 81 errors / 60% coverage ] ****** [85 done /185 queued / 16 running / 81 errors / 60% coverage ] ****** [86 done /212 queued / 16 running / 82 errors / 60% coverage ] ****** [86 done /212 queued / 16 running / 82 errors / 60% coverage ] ****** [87 done /218 queued / 16 running / 83 errors / 60% coverage ] ****** [87 done /218 queued / 16 running / 83 errors / 60% coverage ] ****** [88 done /235 queued / 16 running / 84 errors / 60% coverage ] ****** [88 done /235 queued / 16 running / 84 errors / 60% coverage ] ****** [89 done /248 queued / 16 running / 85 errors / 60% coverage ] ****** [89 done /248 queued / 16 running / 85 errors / 60% coverage ] ****** [90 done /257 queued / 16 running / 86 errors / 60% coverage ] ****** [90 done /257 queued / 16 running / 86 errors / 60% coverage ] ****** [91 done /274 queued / 16 running / 87 errors / 63% coverage ] ****** [91 done /274 queued / 16 running / 87 errors / 63% coverage ] ****** [92 done /274 queued / 16 running / 88 errors / 63% coverage ] ****** [92 done /274 queued / 16 running / 88 errors / 63% coverage ] ****** [93 done /278 queued / 16 running / 89 errors / 63% coverage ] ****** [93 done /278 queued / 16 running / 89 errors / 63% coverage ] ****** [94 done /304 queued / 16 running / 90 errors / 64% coverage ] ****** [94 done /304 queued / 16 running / 90 errors / 64% coverage ] ****** [95 done /303 queued / 16 running / 91 errors / 64% coverage ] ****** [95 done /303 queued / 16 running / 91 errors / 64% coverage ] ****** [96 done /320 queued / 16 running / 92 errors / 64% coverage ] ****** [96 done /320 queued / 16 running / 92 errors / 64% coverage ] ****** [97 done /336 queued / 16 running / 93 errors / 64% coverage ] ****** [97 done /336 queued / 16 running / 93 errors / 64% coverage ] ****** [98 done /359 queued / 16 running / 94 errors / 64% coverage ] ****** [98 done /359 queued / 16 running / 94 errors / 64% coverage ] ****** [99 done /361 queued / 16 running / 95 errors / 64% coverage ] ****** [99 done /361 queued / 16 running / 95 errors / 64% coverage ] ****** [100 done /380 queued / 16 running / 96 errors / 64% coverage ] ****** [100 done /380 queued / 16 running / 96 errors / 64% coverage ] ****** [101 done /400 queued / 16 running / 97 errors / 64% coverage ] ****** [101 done /400 queued / 16 running / 97 errors / 64% coverage ] ****** [102 done /422 queued / 16 running / 98 errors / 64% coverage ] ****** [102 done /422 queued / 16 running / 98 errors / 64% coverage ] ****** [103 done /444 queued / 16 running / 99 errors / 64% coverage ] ****** [103 done /444 queued / 16 running / 99 errors / 64% coverage ] ****** [104 done /469 queued / 16 running / 100 errors / 64% coverage ] ****** [104 done /469 queued / 16 running / 100 errors / 64% coverage ] ****** [105 done /489 queued / 16 running / 101 errors / 64% coverage ] ****** [105 done /489 queued / 16 running / 101 errors / 64% coverage ] ****** [106 done /509 queued / 16 running / 102 errors / 64% coverage ] ****** [106 done /509 queued / 16 running / 102 errors / 64% coverage ] ****** [107 done /530 queued / 16 running / 103 errors / 65% coverage ] ****** [107 done /530 queued / 16 running / 103 errors / 65% coverage ] ****** [108 done /546 queued / 16 running / 104 errors / 65% coverage ] ****** [108 done /546 queued / 16 running / 104 errors / 65% coverage ] ****** [109 done /562 queued / 16 running / 105 errors / 65% coverage ] ****** [109 done /562 queued / 16 running / 105 errors / 65% coverage ] ****** [110 done /578 queued / 16 running / 106 errors / 65% coverage ] ****** [110 done /578 queued / 16 running / 106 errors / 65% coverage ] ****** [111 done /591 queued / 16 running / 107 errors / 65% coverage ] ****** [111 done /591 queued / 16 running / 107 errors / 65% coverage ] ****** [112 done /605 queued / 16 running / 108 errors / 65% coverage ] ****** [112 done /605 queued / 16 running / 108 errors / 65% coverage ] ****** [113 done /626 queued / 16 running / 109 errors / 65% coverage ] ****** [113 done /626 queued / 16 running / 109 errors / 65% coverage ] ****** [114 done /647 queued / 16 running / 110 errors / 65% coverage ] ****** [114 done /647 queued / 16 running / 110 errors / 65% coverage ] ****** [115 done /670 queued / 16 running / 111 errors / 65% coverage ] ****** [115 done /670 queued / 16 running / 111 errors / 65% coverage ] ****** [116 done /685 queued / 16 running / 112 errors / 65% coverage ] ****** [116 done /685 queued / 16 running / 112 errors / 65% coverage ] ****** [117 done /707 queued / 16 running / 113 errors / 65% coverage ] ****** [117 done /707 queued / 16 running / 113 errors / 65% coverage ] ****** [118 done /724 queued / 16 running / 114 errors / 65% coverage ] ****** [118 done /724 queued / 16 running / 114 errors / 65% coverage ] ****** [119 done /738 queued / 16 running / 115 errors / 65% coverage ] ****** [119 done /738 queued / 16 running / 115 errors / 65% coverage ] ****** [120 done /760 queued / 16 running / 116 errors / 65% coverage ] ****** [120 done /760 queued / 16 running / 116 errors / 65% coverage ] ****** [121 done /759 queued / 16 running / 117 errors / 65% coverage ] ****** [121 done /759 queued / 16 running / 117 errors / 65% coverage ] ****** [122 done /780 queued / 16 running / 118 errors / 65% coverage ] ****** [122 done /780 queued / 16 running / 118 errors / 65% coverage ] ****** [123 done /800 queued / 16 running / 119 errors / 65% coverage ] ****** [123 done /800 queued / 16 running / 119 errors / 65% coverage ] ****** [124 done /799 queued / 16 running / 120 errors / 65% coverage ] ****** [124 done /799 queued / 16 running / 120 errors / 65% coverage ] ****** [125 done /821 queued / 16 running / 121 errors / 65% coverage ] ****** [125 done /821 queued / 16 running / 121 errors / 65% coverage ] ****** [126 done /838 queued / 16 running / 122 errors / 65% coverage ] ****** [126 done /838 queued / 16 running / 122 errors / 65% coverage ] ****** [127 done /859 queued / 16 running / 123 errors / 65% coverage ] ****** [127 done /859 queued / 16 running / 123 errors / 65% coverage ] ****** [128 done /858 queued / 16 running / 124 errors / 65% coverage ] ****** [128 done /858 queued / 16 running / 124 errors / 65% coverage ] ****** [129 done /857 queued / 16 running / 125 errors / 65% coverage ] ****** [129 done /857 queued / 16 running / 125 errors / 65% coverage ] ****** [130 done /871 queued / 16 running / 126 errors / 65% coverage ] ****** [130 done /871 queued / 16 running / 126 errors / 65% coverage ] ****** [131 done /891 queued / 16 running / 127 errors / 65% coverage ] ****** [131 done /891 queued / 16 running / 127 errors / 65% coverage ] ****** [132 done /906 queued / 16 running / 128 errors / 65% coverage ] ****** [132 done /906 queued / 16 running / 128 errors / 65% coverage ] ****** [133 done /921 queued / 16 running / 129 errors / 65% coverage ] ****** [133 done /921 queued / 16 running / 129 errors / 65% coverage ] ****** [134 done /940 queued / 16 running / 130 errors / 65% coverage ] ****** [134 done /940 queued / 16 running / 130 errors / 65% coverage ] ****** [135 done /939 queued / 16 running / 131 errors / 65% coverage ] ****** [135 done /939 queued / 16 running / 131 errors / 65% coverage ] ****** [136 done /953 queued / 16 running / 132 errors / 65% coverage ] ****** [136 done /953 queued / 16 running / 132 errors / 65% coverage ] ****** [137 done /974 queued / 16 running / 133 errors / 65% coverage ] ****** [137 done /974 queued / 16 running / 133 errors / 65% coverage ] ****** [138 done /998 queued / 16 running / 134 errors / 65% coverage ] ****** [138 done /998 queued / 16 running / 134 errors / 65% coverage ] ****** [139 done /1012 queued / 16 running / 135 errors / 65% coverage ] ****** [139 done /1012 queued / 16 running / 135 errors / 65% coverage ] ****** [140 done /1021 queued / 16 running / 136 errors / 65% coverage ] ****** [140 done /1021 queued / 16 running / 136 errors / 65% coverage ] ****** [141 done /1036 queued / 16 running / 137 errors / 65% coverage ] ****** [141 done /1036 queued / 16 running / 137 errors / 65% coverage ] ****** [142 done /1056 queued / 16 running / 138 errors / 65% coverage ] ****** [142 done /1056 queued / 16 running / 138 errors / 65% coverage ] ****** [143 done /1077 queued / 16 running / 139 errors / 65% coverage ] ****** [143 done /1077 queued / 16 running / 139 errors / 65% coverage ] ****** [144 done /1097 queued / 16 running / 140 errors / 65% coverage ] ****** [144 done /1097 queued / 16 running / 140 errors / 65% coverage ] ****** [145 done /1112 queued / 16 running / 141 errors / 65% coverage ] ****** [145 done /1112 queued / 16 running / 141 errors / 65% coverage ] ****** [146 done /1132 queued / 16 running / 142 errors / 65% coverage ] ****** [146 done /1132 queued / 16 running / 142 errors / 65% coverage ] ****** [147 done /1152 queued / 16 running / 143 errors / 65% coverage ] ****** [147 done /1152 queued / 16 running / 143 errors / 65% coverage ] ****** [148 done /1165 queued / 16 running / 144 errors / 65% coverage ] ****** [148 done /1165 queued / 16 running / 144 errors / 65% coverage ] ****** [149 done /1180 queued / 16 running / 145 errors / 65% coverage ] ****** [149 done /1180 queued / 16 running / 145 errors / 65% coverage ] ****** [150 done /1204 queued / 16 running / 146 errors / 65% coverage ] ****** [150 done /1204 queued / 16 running / 146 errors / 65% coverage ] ****** [151 done /1217 queued / 16 running / 147 errors / 65% coverage ] ****** [151 done /1217 queued / 16 running / 147 errors / 65% coverage ] ****** [152 done /1237 queued / 16 running / 148 errors / 65% coverage ] ****** [152 done /1237 queued / 16 running / 148 errors / 65% coverage ] ****** [153 done /1259 queued / 16 running / 149 errors / 65% coverage ] ****** [153 done /1259 queued / 16 running / 149 errors / 65% coverage ] ****** [154 done /1258 queued / 16 running / 150 errors / 65% coverage ] ****** [154 done /1258 queued / 16 running / 150 errors / 65% coverage ] ****** [155 done /1273 queued / 16 running / 151 errors / 65% coverage ] ****** [155 done /1273 queued / 16 running / 151 errors / 65% coverage ] ****** [156 done /1287 queued / 16 running / 152 errors / 65% coverage ] ****** [156 done /1287 queued / 16 running / 152 errors / 65% coverage ] ****** [157 done /1293 queued / 16 running / 153 errors / 65% coverage ] ****** [157 done /1293 queued / 16 running / 153 errors / 65% coverage ] ****** [158 done /1316 queued / 16 running / 154 errors / 65% coverage ] ****** [158 done /1316 queued / 16 running / 154 errors / 65% coverage ] ****** [159 done /1336 queued / 16 running / 155 errors / 65% coverage ] ****** [159 done /1336 queued / 16 running / 155 errors / 65% coverage ] ****** [160 done /1347 queued / 16 running / 156 errors / 65% coverage ] ****** [160 done /1347 queued / 16 running / 156 errors / 65% coverage ] ****** [161 done /1346 queued / 16 running / 157 errors / 65% coverage ] ****** [161 done /1346 queued / 16 running / 157 errors / 65% coverage ] ****** [162 done /1362 queued / 16 running / 158 errors / 65% coverage ] ****** [162 done /1362 queued / 16 running / 158 errors / 65% coverage ] ****** [163 done /1383 queued / 16 running / 159 errors / 65% coverage ] ****** [163 done /1383 queued / 16 running / 159 errors / 65% coverage ] ****** [164 done /1403 queued / 16 running / 160 errors / 65% coverage ] ****** [164 done /1403 queued / 16 running / 160 errors / 65% coverage ] ****** [165 done /1431 queued / 16 running / 161 errors / 65% coverage ] ****** [165 done /1431 queued / 16 running / 161 errors / 65% coverage ] ****** [166 done /1445 queued / 16 running / 162 errors / 65% coverage ] ****** [166 done /1445 queued / 16 running / 162 errors / 65% coverage ] ****** [167 done /1468 queued / 16 running / 163 errors / 65% coverage ] ****** [167 done /1468 queued / 16 running / 163 errors / 65% coverage ] ****** [168 done /1504 queued / 16 running / 164 errors / 65% coverage ] ****** [168 done /1504 queued / 16 running / 164 errors / 65% coverage ] ****** [169 done /1518 queued / 16 running / 165 errors / 65% coverage ] ****** [169 done /1518 queued / 16 running / 165 errors / 65% coverage ] ****** [170 done /1533 queued / 16 running / 166 errors / 65% coverage ] ****** [170 done /1533 queued / 16 running / 166 errors / 65% coverage ] ****** [171 done /1537 queued / 16 running / 167 errors / 65% coverage ] ****** [171 done /1537 queued / 16 running / 167 errors / 65% coverage ] ****** [172 done /1550 queued / 16 running / 168 errors / 65% coverage ] ****** [172 done /1550 queued / 16 running / 168 errors / 65% coverage ] ****** [173 done /1556 queued / 16 running / 169 errors / 65% coverage ] ****** [173 done /1556 queued / 16 running / 169 errors / 65% coverage ] ****** [174 done /1563 queued / 16 running / 170 errors / 65% coverage ] ****** [174 done /1563 queued / 16 running / 170 errors / 65% coverage ] ****** [175 done /1562 queued / 16 running / 171 errors / 65% coverage ] ****** [175 done /1562 queued / 16 running / 171 errors / 65% coverage ] ****** [176 done /1576 queued / 16 running / 172 errors / 65% coverage ] ****** [176 done /1576 queued / 16 running / 172 errors / 65% coverage ] ****** [177 done /1589 queued / 16 running / 173 errors / 65% coverage ] ****** [177 done /1589 queued / 16 running / 173 errors / 65% coverage ] ****** [178 done /1604 queued / 16 running / 174 errors / 65% coverage ] ****** [178 done /1604 queued / 16 running / 174 errors / 65% coverage ] ****** [179 done /1613 queued / 16 running / 175 errors / 65% coverage ] ****** [179 done /1613 queued / 16 running / 175 errors / 65% coverage ] ****** [180 done /1615 queued / 16 running / 176 errors / 65% coverage ] ****** [180 done /1615 queued / 16 running / 176 errors / 65% coverage ] ****** [181 done /1636 queued / 16 running / 177 errors / 65% coverage ] ****** [181 done /1636 queued / 16 running / 177 errors / 65% coverage ] ****** [182 done /1635 queued / 16 running / 178 errors / 65% coverage ] ****** [182 done /1635 queued / 16 running / 178 errors / 65% coverage ] ****** [183 done /1646 queued / 16 running / 179 errors / 65% coverage ] ****** [183 done /1646 queued / 16 running / 179 errors / 65% coverage ] ****** [184 done /1666 queued / 16 running / 180 errors / 65% coverage ] ****** [184 done /1666 queued / 16 running / 180 errors / 65% coverage ] ****** [185 done /1667 queued / 16 running / 181 errors / 65% coverage ] ****** [185 done /1667 queued / 16 running / 181 errors / 65% coverage ] ****** [186 done /1668 queued / 16 running / 182 errors / 65% coverage ] ****** [186 done /1668 queued / 16 running / 182 errors / 65% coverage ] ****** [187 done /1669 queued / 16 running / 183 errors / 65% coverage ] ****** [187 done /1669 queued / 16 running / 183 errors / 65% coverage ] ****** [188 done /1684 queued / 16 running / 184 errors / 65% coverage ] ****** [188 done /1684 queued / 16 running / 184 errors / 65% coverage ] ****** [189 done /1704 queued / 16 running / 185 errors / 65% coverage ] ****** [189 done /1704 queued / 16 running / 185 errors / 65% coverage ] ****** [190 done /1726 queued / 16 running / 186 errors / 65% coverage ] ****** [190 done /1726 queued / 16 running / 186 errors / 65% coverage ] ****** [191 done /1739 queued / 16 running / 187 errors / 65% coverage ] ****** [191 done /1739 queued / 16 running / 187 errors / 65% coverage ] ****** [192 done /1759 queued / 16 running / 188 errors / 66% coverage ] ****** [192 done /1759 queued / 16 running / 188 errors / 66% coverage ] ****** [193 done /1779 queued / 16 running / 189 errors / 66% coverage ] ****** [193 done /1779 queued / 16 running / 189 errors / 66% coverage ] ****** [194 done /1808 queued / 16 running / 190 errors / 66% coverage ] ****** [194 done /1808 queued / 16 running / 190 errors / 66% coverage ] ****** [195 done /1831 queued / 16 running / 191 errors / 66% coverage ] ****** [195 done /1831 queued / 16 running / 191 errors / 66% coverage ] ****** [196 done /1846 queued / 16 running / 192 errors / 66% coverage ] ****** [196 done /1846 queued / 16 running / 192 errors / 66% coverage ] ****** [197 done /1867 queued / 16 running / 193 errors / 66% coverage ] ****** [197 done /1867 queued / 16 running / 193 errors / 66% coverage ] ****** [198 done /1882 queued / 16 running / 194 errors / 66% coverage ] ****** [198 done /1882 queued / 16 running / 194 errors / 66% coverage ] ****** [199 done /1904 queued / 16 running / 195 errors / 66% coverage ] ****** [199 done /1904 queued / 16 running / 195 errors / 66% coverage ] ****** [200 done /1903 queued / 16 running / 196 errors / 66% coverage ] ****** [200 done /1903 queued / 16 running / 196 errors / 66% coverage ] ****** [201 done /1923 queued / 16 running / 197 errors / 66% coverage ] ****** [201 done /1923 queued / 16 running / 197 errors / 66% coverage ] ****** [202 done /1944 queued / 16 running / 198 errors / 66% coverage ] ****** [202 done /1944 queued / 16 running / 198 errors / 66% coverage ] ***
*-- Stat Module Output --*
*-- concretizations: ["defineProperty","bound consoleCall","call","apply","bind","toString","bound Component","bound Attribute","bound ","Error","charCodeAt","join","reverse","Function","sort","splice","Array","toUpperCase","parseFloat","stringify"]
*-- regex: 14829
*-- Stat Module Done --*
*-- Test Case {"_bound":0,"Switcher":false,"Target_Switch_Base":0,"ExpansionArg_type":0} start 0.0093 took 7.2531s
*-- Errors occured in test {"_bound":0,"Switcher":false,"Target_Switch_Base":0,"ExpansionArg_type":0}
* Error: TypeError: Cannot read property 'attributes' of undefined
*-- Replay with NO_COMPILE=1 expoSE replay '/home/pbai002/ExpoSE/lib/Harness/src/harness.js' '{"_bound":0}'
*-- Test Case {"Switcher":false,"Target_Switch_Base":0,"ExpansionArg_type":1,"_bound":2} start 7.356 took 6.8023s
*-- Errors occured in test {"Switcher":false,"Target_Switch_Base":0,"ExpansionArg_type":1,"_bound":2}
* Error: TypeError: Cannot read property 'attributes' of null
*-- Replay with NO_COMPILE=1 expoSE replay '/home/pbai002/ExpoSE/lib/Harness/src/harness.js' '{"Switcher":false,"Target_Switch_Base":0,"ExpansionArg_type":1,"_bound":2}'
*-- Test Case {"Switcher":false,"Target_Switch_Base":1,"ExpansionArg_type":0,"_bound":1} start 7.3803 took 7.335s
*-- Errors occured in test {"Switcher":false,"Target_Switch_Base":1,"ExpansionArg_type":0,"_bound":1}
* Error: TypeError: Cannot read property 'view' of undefined
*-- Replay with NO_COMPILE=1 expoSE replay '/home/pbai002/ExpoSE/lib/Harness/src/harness.js' '{"Switcher":false,"Target_Switch_Base":1,"ExpansionArg_type":0,"_bound":1}'
*-- Test Case {"Switcher":false,"Target_Switch_Base":0,"ExpansionArg_type":2,"_bound":3,"ExpansionArg_int":0} start 14.6446 took 8.0209s
*-- Errors occured in test {"Switcher":false,"Target_Switch_Base":0,"ExpansionArg_type":2,"_bound":3,"ExpansionArg_int":0}
* Error: TypeError: Cannot read property 'template' of undefined
*-- Replay with NO_COMPILE=1 expoSE replay '/home/pbai002/ExpoSE/lib/Harness/src/harness.js' '{"Switcher":false,"Target_Switch_Base":0,"ExpansionArg_type":2,"_bound":3}'
*-- Test Case {"Switcher":false,"Target_Switch_Base":1,"ExpansionArg_type":2,"_bound":3,"ExpansionArg_int":0} start 14.8014 took 8.8199s
*-- Errors occured in test {"Switcher":false,"Target_Switch_Base":1,"ExpansionArg_type":2,"_bound":3,"ExpansionArg_int":0}
* Error: TypeError: Cannot read property 'template' of undefined
*-- Replay with NO_COMPILE=1 expoSE replay '/home/pbai002/ExpoSE/lib/Harness/src/harness.js' '{"Switcher":false,"Target_Switch_Base":1,"ExpansionArg_type":2,"_bound":3}'
*-- Test Case {"Switcher":false,"Target_Switch_Base":2,"ExpansionArg_type":0,"_bound":2,"ExpansionArg_type_2":0} start 14.8486 took 9.7438s
*-- Errors occured in test {"Switcher":false,"Target_Switch_Base":2,"ExpansionArg_type":0,"_bound":2,"ExpansionArg_type_2":0}
* Error: Error: source must either be type 'string' or 'function'
*-- Replay with NO_COMPILE=1 expoSE replay '/home/pbai002/ExpoSE/lib/Harness/src/harness.js' '{"Switcher":false,"Target_Switch_Base":2,"ExpansionArg_type":0,"_bound":2}'
*-- Test Case {"Switcher":false,"Target_Switch_Base":0,"ExpansionArg_type":3,"ExpansionArg_int":0,"_bound":4,"ExpansionArg_string":"PureString"} start 22.7439 took 8.7455s
*-- Errors occured in test {"Switcher":false,"Target_Switch_Base":0,"ExpansionArg_type":3,"ExpansionArg_int":0,"_bound":4,"ExpansionArg_string":"PureString"}
* Error: TypeError: Cannot read property 'template' of undefined
*-- Replay with NO_COMPILE=1 expoSE replay '/home/pbai002/ExpoSE/lib/Harness/src/harness.js' '{"Switcher":false,"Target_Switch_Base":0,"ExpansionArg_type":3,"ExpansionArg_int":0,"_bound":4}'
*-- Test Case {"Switcher":false,"Target_Switch_Base":1,"ExpansionArg_type":1,"ExpansionArg_int":0,"_bound":4} start 23.7564 took 9.7077s
*-- Errors occured in test {"Switcher":false,"Target_Switch_Base":1,"ExpansionArg_type":1,"ExpansionArg_int":0,"_bound":4}
* Error: TypeError: Cannot read property 'view' of null
*-- Replay with NO_COMPILE=1 expoSE replay '/home/pbai002/ExpoSE/lib/Harness/src/harness.js' '{"Switcher":false,"Target_Switch_Base":1,"ExpansionArg_type":1,"ExpansionArg_int":0,"_bound":4}'
*-- Test Case {"Switcher":false,"Target_Switch_Base":1,"ExpansionArg_type":3,"ExpansionArg_int":0,"_bound":5,"ExpansionArg_string":"PureString"} start 23.7244 took 9.8248s
*-- Errors occured in test {"Switcher":false,"Target_Switch_Base":1,"ExpansionArg_type":3,"ExpansionArg_int":0,"_bound":5,"ExpansionArg_string":"PureString"}
* Error: TypeError: Cannot read property 'template' of undefined
*-- Replay with NO_COMPILE=1 expoSE replay '/home/pbai002/ExpoSE/lib/Harness/src/harness.js' '{"Switcher":false,"Target_Switch_Base":1,"ExpansionArg_type":3,"ExpansionArg_int":0,"_bound":5}'
*-- Test Case {"Switcher":false,"Target_Switch_Base":2,"ExpansionArg_type":0,"ExpansionArg_type_2":3,"_bound":5,"ExpansionArg_string":"PureString"} start 25.5783 took 10.046s
*-- Errors occured in test {"Switcher":false,"Target_Switch_Base":2,"ExpansionArg_type":0,"ExpansionArg_type_2":3,"_bound":5,"ExpansionArg_string":"PureString"}
* Error: Error: source must either be type 'string' or 'function'
*-- Replay with NO_COMPILE=1 expoSE replay '/home/pbai002/ExpoSE/lib/Harness/src/harness.js' '{"Switcher":false,"Target_Switch_Base":2,"ExpansionArg_type":0,"ExpansionArg_type_2":3,"_bound":5}'
*-- Test Case {"Switcher":false,"Target_Switch_Base":3,"ExpansionArg_type":0,"ExpansionArg_type_2":0,"_bound":3} start 24.7336 took 12.3114s
*-- Errors occured in test {"Switcher":false,"Target_Switch_Base":3,"ExpansionArg_type":0,"ExpansionArg_type_2":0,"_bound":3}
* Error: TypeError: Cannot read property 'charAt' of undefined
*-- Replay with NO_COMPILE=1 expoSE replay '/home/pbai002/ExpoSE/lib/Harness/src/harness.js' '{"Switcher":false,"Target_Switch_Base":3,"ExpansionArg_type":0,"ExpansionArg_type_2":0,"_bound":3}'
*-- Test Case {"Switcher":false,"Target_Switch_Base":0,"ExpansionArg_type":4,"ExpansionArg_string":"","_bound":5,"ExpansionArg_array_length":0} start 31.577 took 7.813s
*-- Errors occured in test {"Switcher":false,"Target_Switch_Base":0,"ExpansionArg_type":4,"ExpansionArg_string":"","_bound":5,"ExpansionArg_array_length":0}
* Error: TypeError: Cannot read property 'template' of undefined
*-- Replay with NO_COMPILE=1 expoSE replay '/home/pbai002/ExpoSE/lib/Harness/src/harness.js' '{"Switcher":false,"Target_Switch_Base":0,"ExpansionArg_type":4,"ExpansionArg_string":"","_bound":5}'
*-- Test Case {"Switcher":false,"Target_Switch_Base":2,"ExpansionArg_type":3,"ExpansionArg_type_2":0,"_bound":4,"ExpansionArg_string":"PureString"} start 24.6964 took 15.5877s
*-- Errors occured in test {"Switcher":false,"Target_Switch_Base":2,"ExpansionArg_type":3,"ExpansionArg_type_2":0,"_bound":4,"ExpansionArg_string":"PureString"}
* Error: ReferenceError: require is not defined
*-- Replay with NO_COMPILE=1 expoSE replay '/home/pbai002/ExpoSE/lib/Harness/src/harness.js' '{"Switcher":false,"Target_Switch_Base":2,"ExpansionArg_type":3,"ExpansionArg_type_2":0,"_bound":4}'
*-- Test Case {"Switcher":false,"Target_Switch_Base":1,"ExpansionArg_type":4,"ExpansionArg_string":"","_bound":6,"ExpansionArg_array_length":0} start 33.6454 took 9.4932s
*-- Errors occured in test {"Switcher":false,"Target_Switch_Base":1,"ExpansionArg_type":4,"ExpansionArg_string":"","_bound":6,"ExpansionArg_array_length":0}
* Error: TypeError: Cannot read property 'template' of undefined
*-- Replay with NO_COMPILE=1 expoSE replay '/home/pbai002/ExpoSE/lib/Harness/src/harness.js' '{"Switcher":false,"Target_Switch_Base":1,"ExpansionArg_type":4,"ExpansionArg_string":"","_bound":6}'
*-- Test Case {"Switcher":false,"Target_Switch_Base":2,"ExpansionArg_type":0,"ExpansionArg_type_2":2,"ExpansionArg_string":"","_bound":7,"ExpansionArg_int":0} start 35.7181 took 11.0891s
*-- Errors occured in test {"Switcher":false,"Target_Switch_Base":2,"ExpansionArg_type":0,"ExpansionArg_type_2":2,"ExpansionArg_string":"","_bound":7,"ExpansionArg_int":0}
* Error: Error: source must either be type 'string' or 'function'
*-- Replay with NO_COMPILE=1 expoSE replay '/home/pbai002/ExpoSE/lib/Harness/src/harness.js' '{"Switcher":false,"Target_Switch_Base":2,"ExpansionArg_type":0,"ExpansionArg_type_2":2,"ExpansionArg_string":"","_bound":7}'
*-- Test Case {"Switcher":false,"Target_Switch_Base":2,"ExpansionArg_type":0,"ExpansionArg_type_2":1,"ExpansionArg_string":"","_bound":6} start 35.784 took 11.2041s
*-- Errors occured in test {"Switcher":false,"Target_Switch_Base":2,"ExpansionArg_type":0,"ExpansionArg_type_2":1,"ExpansionArg_string":"","_bound":6}
* Error: Error: source must either be type 'string' or 'function'
*-- Replay with NO_COMPILE=1 expoSE replay '/home/pbai002/ExpoSE/lib/Harness/src/harness.js' '{"Switcher":false,"Target_Switch_Base":2,"ExpansionArg_type":0,"ExpansionArg_type_2":1,"ExpansionArg_string":"","_bound":6}'
*-- Test Case {"Switcher":false,"Target_Switch_Base":4,"ExpansionArg_type":0,"_bound":4} start 37.526 took 10.4908s
*-- Test Case {"Switcher":false,"Target_Switch_Base":2,"ExpansionArg_type":0,"ExpansionArg_type_2":4,"ExpansionArg_string":"","_bound":8,"ExpansionArg_array_length":0} start 35.839 took 14.0254s
*-- Errors occured in test {"Switcher":false,"Target_Switch_Base":2,"ExpansionArg_type":0,"ExpansionArg_type_2":4,"ExpansionArg_string":"","_bound":8,"ExpansionArg_array_length":0}
* Error: Error: source must either be type 'string' or 'function'
*-- Replay with NO_COMPILE=1 expoSE replay '/home/pbai002/ExpoSE/lib/Harness/src/harness.js' '{"Switcher":false,"Target_Switch_Base":2,"ExpansionArg_type":0,"ExpansionArg_type_2":4,"ExpansionArg_string":"","_bound":8}'
*-- Test Case {"Switcher":false,"Target_Switch_Base":3,"ExpansionArg_type":4,"_bound":5,"ExpansionArg_array_length":0} start 37.5732 took 13.4262s
*-- Errors occured in test {"Switcher":false,"Target_Switch_Base":3,"ExpansionArg_type":4,"_bound":5,"ExpansionArg_array_length":0}
* Error: TypeError: Function.prototype.apply was called on undefined, which is a undefined and not a function
*-- Replay with NO_COMPILE=1 expoSE replay '/home/pbai002/ExpoSE/lib/Harness/src/harness.js' '{"Switcher":false,"Target_Switch_Base":3,"ExpansionArg_type":4,"_bound":5}'
*-- Test Case {"Switcher":false,"Target_Switch_Base":0,"ExpansionArg_type":5,"ExpansionArg_array_length":0,"_bound":6,"ExpansionArg_bool":false} start 39.8365 took 11.7893s
*-- Errors occured in test {"Switcher":false,"Target_Switch_Base":0,"ExpansionArg_type":5,"ExpansionArg_array_length":0,"_bound":6,"ExpansionArg_bool":false}
* Error: TypeError: Cannot read property 'template' of undefined
*-- Replay with NO_COMPILE=1 expoSE replay '/home/pbai002/ExpoSE/lib/Harness/src/harness.js' '{"Switcher":false,"Target_Switch_Base":0,"ExpansionArg_type":5,"ExpansionArg_array_length":0,"_bound":6}'
*-- Test Case {"Switcher":false,"Target_Switch_Base":2,"ExpansionArg_type":3,"ExpansionArg_string":"\u0000\u0000\u0000","ExpansionArg_type_2":0,"_bound":18} start 40.7047 took 11.7862s
*-- Errors occured in test {"Switcher":false,"Target_Switch_Base":2,"ExpansionArg_type":3,"ExpansionArg_string":"\u0000\u0000\u0000","ExpansionArg_type_2":0,"_bound":18}
* Error: ReferenceError: require is not defined
*-- Replay with NO_COMPILE=1 expoSE replay '/home/pbai002/ExpoSE/lib/Harness/src/harness.js' '{"Switcher":false,"Target_Switch_Base":2,"ExpansionArg_type":3,"ExpansionArg_string":"\u0000\u0000\u0000","ExpansionArg_type_2":0,"_bound":18}'
*-- Test Case {"Switcher":false,"Target_Switch_Base":2,"ExpansionArg_type":3,"ExpansionArg_string":"\u0000\u0000\u0000\u0000","ExpansionArg_type_2":0,"_bound":20} start 41.2703 took 11.6037s
*-- Errors occured in test {"Switcher":false,"Target_Switch_Base":2,"ExpansionArg_type":3,"ExpansionArg_string":"\u0000\u0000\u0000\u0000","ExpansionArg_type_2":0,"_bound":20}
* Error: ReferenceError: require is not defined
*-- Replay with NO_COMPILE=1 expoSE replay '/home/pbai002/ExpoSE/lib/Harness/src/harness.js' '{"Switcher":false,"Target_Switch_Base":2,"ExpansionArg_type":3,"ExpansionArg_string":"\u0000\u0000\u0000\u0000","ExpansionArg_type_2":0,"_bound":20}'
*-- Test Case {"Switcher":false,"Target_Switch_Base":2,"ExpansionArg_type":3,"ExpansionArg_string":"\u0000","ExpansionArg_type_2":0,"_bound":11} start 40.6478 took 12.3993s
*-- Errors occured in test {"Switcher":false,"Target_Switch_Base":2,"ExpansionArg_type":3,"ExpansionArg_string":"\u0000","ExpansionArg_type_2":0,"_bound":11}
* Error: ReferenceError: require is not defined
*-- Replay with NO_COMPILE=1 expoSE replay '/home/pbai002/ExpoSE/lib/Harness/src/harness.js' '{"Switcher":false,"Target_Switch_Base":2,"ExpansionArg_type":3,"ExpansionArg_string":"\u0000","ExpansionArg_type_2":0,"_bound":11}'
*-- Test Case {"Switcher":false,"Target_Switch_Base":0,"ExpansionArg_type":4,"ExpansionArg_array_length":1,"_bound":7,"ExpansionArg_array_element_0_type":0} start 39.8842 took 13.3245s
*-- Errors occured in test {"Switcher":false,"Target_Switch_Base":0,"ExpansionArg_type":4,"ExpansionArg_array_length":1,"_bound":7,"ExpansionArg_array_element_0_type":0}
* Error: TypeError: Cannot read property 'template' of undefined
*-- Replay with NO_COMPILE=1 expoSE replay '/home/pbai002/ExpoSE/lib/Harness/src/harness.js' '{"Switcher":false,"Target_Switch_Base":0,"ExpansionArg_type":4,"ExpansionArg_array_length":1,"_bound":7}'
*-- Test Case {"Switcher":false,"Target_Switch_Base":1,"ExpansionArg_type":5,"ExpansionArg_array_length":0,"_bound":7,"ExpansionArg_bool":false} start 43.2497 took 11.3056s
*-- Errors occured in test {"Switcher":false,"Target_Switch_Base":1,"ExpansionArg_type":5,"ExpansionArg_array_length":0,"_bound":7,"ExpansionArg_bool":false}
* Error: TypeError: Cannot read property 'template' of undefined
*-- Replay with NO_COMPILE=1 expoSE replay '/home/pbai002/ExpoSE/lib/Harness/src/harness.js' '{"Switcher":false,"Target_Switch_Base":1,"ExpansionArg_type":5,"ExpansionArg_array_length":0,"_bound":7}'
*-- Test Case {"Switcher":false,"Target_Switch_Base":2,"ExpansionArg_type":3,"ExpansionArg_string":"","ExpansionArg_type_2":0,"_bound":12} start 40.7517 took 14.2817s
*-- Errors occured in test {"Switcher":false,"Target_Switch_Base":2,"ExpansionArg_type":3,"ExpansionArg_string":"","ExpansionArg_type_2":0,"_bound":12}
* Error: ReferenceError: require is not defined
*-- Replay with NO_COMPILE=1 expoSE replay '/home/pbai002/ExpoSE/lib/Harness/src/harness.js' '{"Switcher":false,"Target_Switch_Base":2,"ExpansionArg_type":3,"ExpansionArg_string":"","ExpansionArg_type_2":0,"_bound":12}'
*-- Test Case {"Switcher":false,"Target_Switch_Base":2,"ExpansionArg_type":3,"ExpansionArg_string":" ","ExpansionArg_type_2":0,"_bound":9} start 40.6037 took 17.624s
*-- Errors occured in test {"Switcher":false,"Target_Switch_Base":2,"ExpansionArg_type":3,"ExpansionArg_string":" ","ExpansionArg_type_2":0,"_bound":9}
* Error: ReferenceError: require is not defined
*-- Replay with NO_COMPILE=1 expoSE replay '/home/pbai002/ExpoSE/lib/Harness/src/harness.js' '{"Switcher":false,"Target_Switch_Base":2,"ExpansionArg_type":3,"ExpansionArg_string":" ","ExpansionArg_type_2":0,"_bound":9}'
*-- Test Case {"Switcher":false,"Target_Switch_Base":2,"ExpansionArg_type":3,"ExpansionArg_string":"\u0000","ExpansionArg_type_2":0,"_bound":14} start 47.081 took 11.5267s
*-- Errors occured in test {"Switcher":false,"Target_Switch_Base":2,"ExpansionArg_type":3,"ExpansionArg_string":"\u0000","ExpansionArg_type_2":0,"_bound":14}
* Error: ReferenceError: require is not defined
*-- Replay with NO_COMPILE=1 expoSE replay '/home/pbai002/ExpoSE/lib/Harness/src/harness.js' '{"Switcher":false,"Target_Switch_Base":2,"ExpansionArg_type":3,"ExpansionArg_string":"\u0000","ExpansionArg_type_2":0,"_bound":14}'
*-- Test Case {"Switcher":false,"Target_Switch_Base":1,"ExpansionArg_type":4,"ExpansionArg_array_length":1,"_bound":8,"ExpansionArg_array_element_0_type":0} start 46.8895 took 12.6051s
*-- Errors occured in test {"Switcher":false,"Target_Switch_Base":1,"ExpansionArg_type":4,"ExpansionArg_array_length":1,"_bound":8,"ExpansionArg_array_element_0_type":0}
* Error: TypeError: Cannot read property 'template' of undefined
*-- Replay with NO_COMPILE=1 expoSE replay '/home/pbai002/ExpoSE/lib/Harness/src/harness.js' '{"Switcher":false,"Target_Switch_Base":1,"ExpansionArg_type":4,"ExpansionArg_array_length":1,"_bound":8}'
*-- Test Case {"Switcher":false,"Target_Switch_Base":2,"ExpansionArg_type":3,"ExpansionArg_string":"\u0000\u0000\u0000\u0000\u0000","ExpansionArg_type_2":0,"_bound":22} start 48.1261 took 13.3966s
*-- Errors occured in test {"Switcher":false,"Target_Switch_Base":2,"ExpansionArg_type":3,"ExpansionArg_string":"\u0000\u0000\u0000\u0000\u0000","ExpansionArg_type_2":0,"_bound":22}
* Error: ReferenceError: require is not defined
*-- Replay with NO_COMPILE=1 expoSE replay '/home/pbai002/ExpoSE/lib/Harness/src/harness.js' '{"Switcher":false,"Target_Switch_Base":2,"ExpansionArg_type":3,"ExpansionArg_string":"\u0000\u0000\u0000\u0000\u0000","ExpansionArg_type_2":0,"_bound":22}'
*-- Test Case {"Switcher":false,"Target_Switch_Base":2,"ExpansionArg_type":0,"ExpansionArg_type_2":5,"ExpansionArg_array_length":0,"_bound":9,"ExpansionArg_bool":false} start 49.9693 took 13.7879s
*-- Errors occured in test {"Switcher":false,"Target_Switch_Base":2,"ExpansionArg_type":0,"ExpansionArg_type_2":5,"ExpansionArg_array_length":0,"_bound":9,"ExpansionArg_bool":false}
* Error: Error: source must either be type 'string' or 'function'
*-- Replay with NO_COMPILE=1 expoSE replay '/home/pbai002/ExpoSE/lib/Harness/src/harness.js' '{"Switcher":false,"Target_Switch_Base":2,"ExpansionArg_type":0,"ExpansionArg_type_2":5,"ExpansionArg_array_length":0,"_bound":9}'
*-- Test Case {"Switcher":false,"Target_Switch_Base":3,"ExpansionArg_type":2,"ExpansionArg_array_length":0,"_bound":7,"ExpansionArg_int":0} start 52.1457 took 12.3628s
*-- Errors occured in test {"Switcher":false,"Target_Switch_Base":3,"ExpansionArg_type":2,"ExpansionArg_array_length":0,"_bound":7,"ExpansionArg_int":0}
* Error: TypeError: Function.prototype.apply was called on undefined, which is a undefined and not a function
*-- Replay with NO_COMPILE=1 expoSE replay '/home/pbai002/ExpoSE/lib/Harness/src/harness.js' '{"Switcher":false,"Target_Switch_Base":3,"ExpansionArg_type":2,"ExpansionArg_array_length":0,"_bound":7}'
*-- Test Case {"Switcher":false,"Target_Switch_Base":3,"ExpansionArg_type":1,"ExpansionArg_array_length":0,"_bound":6} start 51.133 took 13.5613s
*-- Errors occured in test {"Switcher":false,"Target_Switch_Base":3,"ExpansionArg_type":1,"ExpansionArg_array_length":0,"_bound":6}
* Error: TypeError: Cannot read property 'charAt' of null
*-- Replay with NO_COMPILE=1 expoSE replay '/home/pbai002/ExpoSE/lib/Harness/src/harness.js' '{"Switcher":false,"Target_Switch_Base":3,"ExpansionArg_type":1,"ExpansionArg_array_length":0,"_bound":6}'
*-- Test Case {"Switcher":false,"Target_Switch_Base":2,"ExpansionArg_type":0,"ExpansionArg_type_2":4,"ExpansionArg_array_length":1,"_bound":10,"ExpansionArg_array_element_0_type":0} start 52.5853 took 12.4979s
*-- Errors occured in test {"Switcher":false,"Target_Switch_Base":2,"ExpansionArg_type":0,"ExpansionArg_type_2":4,"ExpansionArg_array_length":1,"_bound":10,"ExpansionArg_array_element_0_type":0}
* Error: Error: source must either be type 'string' or 'function'
*-- Replay with NO_COMPILE=1 expoSE replay '/home/pbai002/ExpoSE/lib/Harness/src/harness.js' '{"Switcher":false,"Target_Switch_Base":2,"ExpansionArg_type":0,"ExpansionArg_type_2":4,"ExpansionArg_array_length":1,"_bound":10}'
*-- Test Case {"Switcher":false,"Target_Switch_Base":0,"ExpansionArg_type":4,"ExpansionArg_array_length":2,"ExpansionArg_array_element_0_type":0,"_bound":9,"ExpansionArg_array_element_1_type":0} start 53.6709 took 11.9531s
*-- Errors occured in test {"Switcher":false,"Target_Switch_Base":0,"ExpansionArg_type":4,"ExpansionArg_array_length":2,"ExpansionArg_array_element_0_type":0,"_bound":9,"ExpansionArg_array_element_1_type":0}
* Error: TypeError: Cannot read property 'template' of undefined
*-- Replay with NO_COMPILE=1 expoSE replay '/home/pbai002/ExpoSE/lib/Harness/src/harness.js' '{"Switcher":false,"Target_Switch_Base":0,"ExpansionArg_type":4,"ExpansionArg_array_length":2,"ExpansionArg_array_element_0_type":0,"_bound":9}'
*-- Test Case {"Switcher":false,"Target_Switch_Base":2,"ExpansionArg_type":3,"ExpansionArg_string":"","ExpansionArg_type_2":0,"_bound":16} start 55.1729 took 12.9831s
*-- Errors occured in test {"Switcher":false,"Target_Switch_Base":2,"ExpansionArg_type":3,"ExpansionArg_string":"","ExpansionArg_type_2":0,"_bound":16}
* Error: ReferenceError: require is not defined
*-- Replay with NO_COMPILE=1 expoSE replay '/home/pbai002/ExpoSE/lib/Harness/src/harness.js' '{"Switcher":false,"Target_Switch_Base":2,"ExpansionArg_type":3,"ExpansionArg_string":"","ExpansionArg_type_2":0,"_bound":16}'
*-- Test Case {"Switcher":false,"Target_Switch_Base":3,"ExpansionArg_type":3,"ExpansionArg_array_length":0,"_bound":8,"ExpansionArg_string":"PureString","ExpandedSwitcher":0} start 52.977 took 16.37s
*-- Test Case {"Switcher":false,"Target_Switch_Base":1,"ExpansionArg_type":4,"ExpansionArg_array_length":2,"ExpansionArg_array_element_0_type":0,"_bound":10,"ExpansionArg_array_element_1_type":0} start 61.6178 took 8.8544s
*-- Errors occured in test {"Switcher":false,"Target_Switch_Base":1,"ExpansionArg_type":4,"ExpansionArg_array_length":2,"ExpansionArg_array_element_0_type":0,"_bound":10,"ExpansionArg_array_element_1_type":0}
* Error: TypeError: Cannot read property 'template' of undefined
*-- Replay with NO_COMPILE=1 expoSE replay '/home/pbai002/ExpoSE/lib/Harness/src/harness.js' '{"Switcher":false,"Target_Switch_Base":1,"ExpansionArg_type":4,"ExpansionArg_array_length":2,"ExpansionArg_array_element_0_type":0,"_bound":10}'
*-- Test Case {"Switcher":false,"Target_Switch_Base":2,"ExpansionArg_type":3,"ExpansionArg_string":"","ExpansionArg_type_2":0,"_bound":17} start 58.3434 took 13.946s
*-- Errors occured in test {"Switcher":false,"Target_Switch_Base":2,"ExpansionArg_type":3,"ExpansionArg_string":"","ExpansionArg_type_2":0,"_bound":17}
* Error: ReferenceError: require is not defined
*-- Replay with NO_COMPILE=1 expoSE replay '/home/pbai002/ExpoSE/lib/Harness/src/harness.js' '{"Switcher":false,"Target_Switch_Base":2,"ExpansionArg_type":3,"ExpansionArg_string":"","ExpansionArg_type_2":0,"_bound":17}'
*-- Test Case {"Switcher":false,"Target_Switch_Base":2,"ExpansionArg_type":3,"ExpansionArg_string":"","ExpansionArg_type_2":0,"_bound":13} start 59.5648 took 14.2214s
*-- Errors occured in test {"Switcher":false,"Target_Switch_Base":2,"ExpansionArg_type":3,"ExpansionArg_string":"","ExpansionArg_type_2":0,"_bound":13}
* Error: ReferenceError: require is not defined
*-- Replay with NO_COMPILE=1 expoSE replay '/home/pbai002/ExpoSE/lib/Harness/src/harness.js' '{"Switcher":false,"Target_Switch_Base":2,"ExpansionArg_type":3,"ExpansionArg_string":"","ExpansionArg_type_2":0,"_bound":13}'
*-- Test Case {"Switcher":false,"Target_Switch_Base":2,"ExpansionArg_type":3,"ExpansionArg_string":"tn","ExpansionArg_type_2":0,"_bound":10} start 58.7459 took 15.5226s
*-- Errors occured in test {"Switcher":false,"Target_Switch_Base":2,"ExpansionArg_type":3,"ExpansionArg_string":"tn","ExpansionArg_type_2":0,"_bound":10}
* Error: ReferenceError: require is not defined
*-- Replay with NO_COMPILE=1 expoSE replay '/home/pbai002/ExpoSE/lib/Harness/src/harness.js' '{"Switcher":false,"Target_Switch_Base":2,"ExpansionArg_type":3,"ExpansionArg_string":"tn","ExpansionArg_type_2":0,"_bound":10}'
*-- Test Case {"Switcher":false,"Target_Switch_Base":0,"ExpansionArg_type":4,"ExpansionArg_array_length":1,"ExpansionArg_array_element_0_type":2,"_bound":8,"ExpansionArg_array_element_0_int":0} start 63.8536 took 10.8363s
*-- Errors occured in test {"Switcher":false,"Target_Switch_Base":0,"ExpansionArg_type":4,"ExpansionArg_array_length":1,"ExpansionArg_array_element_0_type":2,"_bound":8,"ExpansionArg_array_element_0_int":0}
* Error: TypeError: Cannot read property 'template' of undefined
*-- Replay with NO_COMPILE=1 expoSE replay '/home/pbai002/ExpoSE/lib/Harness/src/harness.js' '{"Switcher":false,"Target_Switch_Base":0,"ExpansionArg_type":4,"ExpansionArg_array_length":1,"ExpansionArg_array_element_0_type":2,"_bound":8}'
*-- Test Case {"Switcher":false,"Target_Switch_Base":2,"ExpansionArg_type":1,"ExpansionArg_string":"","ExpansionArg_type_2":0,"_bound":5} start 64.6171 took 11.1269s
*-- Errors occured in test {"Switcher":false,"Target_Switch_Base":2,"ExpansionArg_type":1,"ExpansionArg_string":"","ExpansionArg_type_2":0,"_bound":5}
* Error: Error: source must either be type 'string' or 'function'
*-- Replay with NO_COMPILE=1 expoSE replay '/home/pbai002/ExpoSE/lib/Harness/src/harness.js' '{"Switcher":false,"Target_Switch_Base":2,"ExpansionArg_type":1,"ExpansionArg_string":"","ExpansionArg_type_2":0,"_bound":5}'
*-- Test Case {"Switcher":false,"Target_Switch_Base":2,"ExpansionArg_type":0,"ExpansionArg_type_2":4,"ExpansionArg_array_length":2,"ExpansionArg_array_element_0_type":0,"_bound":12,"ExpansionArg_array_element_1_type":0} start 65.1704 took 11.1147s
*-- Errors occured in test {"Switcher":false,"Target_Switch_Base":2,"ExpansionArg_type":0,"ExpansionArg_type_2":4,"ExpansionArg_array_length":2,"ExpansionArg_array_element_0_type":0,"_bound":12,"ExpansionArg_array_element_1_type":0}
* Error: Error: source must either be type 'string' or 'function'
*-- Replay with NO_COMPILE=1 expoSE replay '/home/pbai002/ExpoSE/lib/Harness/src/harness.js' '{"Switcher":false,"Target_Switch_Base":2,"ExpansionArg_type":0,"ExpansionArg_type_2":4,"ExpansionArg_array_length":2,"ExpansionArg_array_element_0_type":0,"_bound":12}'
*-- Test Case {"Switcher":false,"Target_Switch_Base":0,"ExpansionArg_type":4,"ExpansionArg_array_length":3,"ExpansionArg_array_element_0_type":0,"ExpansionArg_array_element_1_type":0,"_bound":11,"ExpansionArg_array_element_2_type":0} start 65.724 took 10.7995s
*-- Errors occured in test {"Switcher":false,"Target_Switch_Base":0,"ExpansionArg_type":4,"ExpansionArg_array_length":3,"ExpansionArg_array_element_0_type":0,"ExpansionArg_array_element_1_type":0,"_bound":11,"ExpansionArg_array_element_2_type":0}
* Error: TypeError: Cannot read property 'template' of undefined
*-- Replay with NO_COMPILE=1 expoSE replay '/home/pbai002/ExpoSE/lib/Harness/src/harness.js' '{"Switcher":false,"Target_Switch_Base":0,"ExpansionArg_type":4,"ExpansionArg_array_length":3,"ExpansionArg_array_element_0_type":0,"ExpansionArg_array_element_1_type":0,"_bound":11}'
*-- Test Case {"Switcher":false,"Target_Switch_Base":2,"ExpansionArg_type":3,"ExpansionArg_string":"\u0000\u0000","ExpansionArg_type_2":0,"_bound":16} start 64.8326 took 12.6687s
*-- Errors occured in test {"Switcher":false,"Target_Switch_Base":2,"ExpansionArg_type":3,"ExpansionArg_string":"\u0000\u0000","ExpansionArg_type_2":0,"_bound":16}
* Error: ReferenceError: require is not defined
*-- Replay with NO_COMPILE=1 expoSE replay '/home/pbai002/ExpoSE/lib/Harness/src/harness.js' '{"Switcher":false,"Target_Switch_Base":2,"ExpansionArg_type":3,"ExpansionArg_string":"\u0000\u0000","ExpansionArg_type_2":0,"_bound":16}'
*-- Test Case {"Switcher":false,"Target_Switch_Base":2,"ExpansionArg_type":3,"ExpansionArg_string":"","ExpansionArg_type_2":0,"_bound":17} start 68.2624 took 10.3559s
*-- Errors occured in test {"Switcher":false,"Target_Switch_Base":2,"ExpansionArg_type":3,"ExpansionArg_string":"","ExpansionArg_type_2":0,"_bound":17}
* Error: ReferenceError: require is not defined
*-- Replay with NO_COMPILE=1 expoSE replay '/home/pbai002/ExpoSE/lib/Harness/src/harness.js' '{"Switcher":false,"Target_Switch_Base":2,"ExpansionArg_type":3,"ExpansionArg_string":"","ExpansionArg_type_2":0,"_bound":17}'
*-- Test Case {"Switcher":false,"Target_Switch_Base":3,"ExpansionArg_type":3,"ExpansionArg_string":" ","ExpandedSwitcher":0,"_bound":9} start 70.174 took 11.023s
*-- Test Case {"Switcher":false,"Target_Switch_Base":2,"ExpansionArg_type":4,"ExpansionArg_string":"","ExpansionArg_type_2":0,"_bound":7,"ExpansionArg_array_length":0} start 70.7435 took 12.0394s
*-- Errors occured in test {"Switcher":false,"Target_Switch_Base":2,"ExpansionArg_type":4,"ExpansionArg_string":"","ExpansionArg_type_2":0,"_bound":7,"ExpansionArg_array_length":0}
* Error: Error: source must either be type 'string' or 'function'
*-- Replay with NO_COMPILE=1 expoSE replay '/home/pbai002/ExpoSE/lib/Harness/src/harness.js' '{"Switcher":false,"Target_Switch_Base":2,"ExpansionArg_type":4,"ExpansionArg_string":"","ExpansionArg_type_2":0,"_bound":7}'
*-- Test Case {"Switcher":false,"Target_Switch_Base":2,"ExpansionArg_type":3,"ExpansionArg_string":"","ExpansionArg_type_2":4,"_bound":8,"ExpansionArg_array_length":0} start 72.3736 took 11.4006s
*-- Errors occured in test {"Switcher":false,"Target_Switch_Base":2,"ExpansionArg_type":3,"ExpansionArg_string":"","ExpansionArg_type_2":4,"_bound":8,"ExpansionArg_array_length":0}
* Error: ReferenceError: require is not defined
*-- Replay with NO_COMPILE=1 expoSE replay '/home/pbai002/ExpoSE/lib/Harness/src/harness.js' '{"Switcher":false,"Target_Switch_Base":2,"ExpansionArg_type":3,"ExpansionArg_string":"","ExpansionArg_type_2":4,"_bound":8}'
*-- Test Case {"Switcher":false,"Target_Switch_Base":2,"ExpansionArg_type":3,"ExpansionArg_string":"","ExpansionArg_type_2":0,"_bound":17} start 73.9496 took 10.4129s
*-- Errors occured in test {"Switcher":false,"Target_Switch_Base":2,"ExpansionArg_type":3,"ExpansionArg_string":"","ExpansionArg_type_2":0,"_bound":17}
* Error: ReferenceError: require is not defined
*-- Replay with NO_COMPILE=1 expoSE replay '/home/pbai002/ExpoSE/lib/Harness/src/harness.js' '{"Switcher":false,"Target_Switch_Base":2,"ExpansionArg_type":3,"ExpansionArg_string":"","ExpansionArg_type_2":0,"_bound":17}'
*-- Test Case {"Switcher":false,"Target_Switch_Base":0,"ExpansionArg_type":4,"ExpansionArg_array_length":1,"ExpansionArg_array_element_0_type":1,"ExpansionArg_array_element_0_int":0,"_bound":9} start 74.7678 took 9.7936s
*-- Errors occured in test {"Switcher":false,"Target_Switch_Base":0,"ExpansionArg_type":4,"ExpansionArg_array_length":1,"ExpansionArg_array_element_0_type":1,"ExpansionArg_array_element_0_int":0,"_bound":9}
* Error: TypeError: Cannot read property 'template' of undefined
*-- Replay with NO_COMPILE=1 expoSE replay '/home/pbai002/ExpoSE/lib/Harness/src/harness.js' '{"Switcher":false,"Target_Switch_Base":0,"ExpansionArg_type":4,"ExpansionArg_array_length":1,"ExpansionArg_array_element_0_type":1,"ExpansionArg_array_element_0_int":0,"_bound":9}'
*-- Test Case {"Switcher":false,"Target_Switch_Base":2,"ExpansionArg_type":3,"ExpansionArg_string":"","ExpansionArg_type_2":0,"_bound":16} start 74.3532 took 12.4568s
*-- Errors occured in test {"Switcher":false,"Target_Switch_Base":2,"ExpansionArg_type":3,"ExpansionArg_string":"","ExpansionArg_type_2":0,"_bound":16}
* Error: ReferenceError: require is not defined
*-- Replay with NO_COMPILE=1 expoSE replay '/home/pbai002/ExpoSE/lib/Harness/src/harness.js' '{"Switcher":false,"Target_Switch_Base":2,"ExpansionArg_type":3,"ExpansionArg_string":"","ExpansionArg_type_2":0,"_bound":16}'
*-- Test Case {"Switcher":false,"Target_Switch_Base":3,"ExpansionArg_type":4,"ExpansionArg_array_length":1,"_bound":10,"ExpansionArg_array_element_0_type":0} start 76.3631 took 10.8584s
*-- Errors occured in test {"Switcher":false,"Target_Switch_Base":3,"ExpansionArg_type":4,"ExpansionArg_array_length":1,"_bound":10,"ExpansionArg_array_element_0_type":0}
* Error: TypeError: Function.prototype.apply was called on undefined, which is a undefined and not a function
*-- Replay with NO_COMPILE=1 expoSE replay '/home/pbai002/ExpoSE/lib/Harness/src/harness.js' '{"Switcher":false,"Target_Switch_Base":3,"ExpansionArg_type":4,"ExpansionArg_array_length":1,"_bound":10}'
*-- Test Case {"Switcher":false,"Target_Switch_Base":3,"ExpansionArg_type":5,"ExpansionArg_array_length":0,"_bound":9,"ExpansionArg_bool":false} start 75.8199 took 12.4489s
*-- Errors occured in test {"Switcher":false,"Target_Switch_Base":3,"ExpansionArg_type":5,"ExpansionArg_array_length":0,"_bound":9,"ExpansionArg_bool":false}
* Error: TypeError: Function.prototype.apply was called on undefined, which is a undefined and not a function
*-- Replay with NO_COMPILE=1 expoSE replay '/home/pbai002/ExpoSE/lib/Harness/src/harness.js' '{"Switcher":false,"Target_Switch_Base":3,"ExpansionArg_type":5,"ExpansionArg_array_length":0,"_bound":9}'
*-- Test Case {"Switcher":false,"Target_Switch_Base":2,"ExpansionArg_type":3,"ExpansionArg_string":"\u0000\u0000\u0000\u0000\u0000\u0000","ExpansionArg_type_2":0,"_bound":24} start 76.7976 took 11.7405s
*-- Errors occured in test {"Switcher":false,"Target_Switch_Base":2,"ExpansionArg_type":3,"ExpansionArg_string":"\u0000\u0000\u0000\u0000\u0000\u0000","ExpansionArg_type_2":0,"_bound":24}
* Error: ReferenceError: require is not defined
*-- Replay with NO_COMPILE=1 expoSE replay '/home/pbai002/ExpoSE/lib/Harness/src/harness.js' '{"Switcher":false,"Target_Switch_Base":2,"ExpansionArg_type":3,"ExpansionArg_string":"\u0000\u0000\u0000\u0000\u0000\u0000","ExpansionArg_type_2":0,"_bound":24}'
*-- Test Case {"Switcher":false,"Target_Switch_Base":0,"ExpansionArg_type":4,"ExpansionArg_array_length":1,"ExpansionArg_array_element_0_type":3,"ExpansionArg_array_element_0_int":0,"_bound":10,"ExpansionArg_array_element_0_string":"PureString"} start 79.1297 took 9.7516s
*-- Errors occured in test {"Switcher":false,"Target_Switch_Base":0,"ExpansionArg_type":4,"ExpansionArg_array_length":1,"ExpansionArg_array_element_0_type":3,"ExpansionArg_array_element_0_int":0,"_bound":10,"ExpansionArg_array_element_0_string":"PureString"}
* Error: TypeError: Cannot read property 'template' of undefined
*-- Replay with NO_COMPILE=1 expoSE replay '/home/pbai002/ExpoSE/lib/Harness/src/harness.js' '{"Switcher":false,"Target_Switch_Base":0,"ExpansionArg_type":4,"ExpansionArg_array_length":1,"ExpansionArg_array_element_0_type":3,"ExpansionArg_array_element_0_int":0,"_bound":10}'
*-- Test Case {"Switcher":false,"Target_Switch_Base":2,"ExpansionArg_type":3,"ExpansionArg_string":"\u0000{{\u0000","ExpansionArg_type_2":0,"_bound":13} start 41.2107 took 48.6417s
*-- Errors occured in test {"Switcher":false,"Target_Switch_Base":2,"ExpansionArg_type":3,"ExpansionArg_string":"\u0000{{\u0000","ExpansionArg_type_2":0,"_bound":13}
* Error: SyntaxError: Expected "!", "(", "-", ".", "<~", "<~>", "Infinity", "NULL", "NaN", "^", "false", "null", "true", "undefined", "{", "~", "~>", [ \n\r\t], [0-9], [a-zA-Z_$0-9] or string but "\x00" found.
*-- Replay with NO_COMPILE=1 expoSE replay '/home/pbai002/ExpoSE/lib/Harness/src/harness.js' '{"Switcher":false,"Target_Switch_Base":2,"ExpansionArg_type":3,"ExpansionArg_string":"\u0000{{\u0000","ExpansionArg_type_2":0,"_bound":13}'
*-- Test Case {"Switcher":false,"Target_Switch_Base":2,"ExpansionArg_type":3,"ExpansionArg_string":"\u0000\u0000\u0000\u0000{{\u0000","ExpansionArg_type_2":0,"_bound":19} start 41.3279 took 50.778s
*-- Errors occured in test {"Switcher":false,"Target_Switch_Base":2,"ExpansionArg_type":3,"ExpansionArg_string":"\u0000\u0000\u0000\u0000{{\u0000","ExpansionArg_type_2":0,"_bound":19}
* Error: SyntaxError: Expected "!", "(", "-", ".", "<~", "<~>", "Infinity", "NULL", "NaN", "^", "false", "null", "true", "undefined", "{", "~", "~>", [ \n\r\t], [0-9], [a-zA-Z_$0-9] or string but "\x00" found.
*-- Replay with NO_COMPILE=1 expoSE replay '/home/pbai002/ExpoSE/lib/Harness/src/harness.js' '{"Switcher":false,"Target_Switch_Base":2,"ExpansionArg_type":3,"ExpansionArg_string":"\u0000\u0000\u0000\u0000{{\u0000","ExpansionArg_type_2":0,"_bound":19}'
*-- Test Case {"Switcher":false,"Target_Switch_Base":2,"ExpansionArg_type":3,"ExpansionArg_string":"","ExpansionArg_type_2":4,"ExpansionArg_array_length":0,"_bound":21} start 83.866 took 8.8171s
*-- Errors occured in test {"Switcher":false,"Target_Switch_Base":2,"ExpansionArg_type":3,"ExpansionArg_string":"","ExpansionArg_type_2":4,"ExpansionArg_array_length":0,"_bound":21}
* Error: ReferenceError: require is not defined
*-- Replay with NO_COMPILE=1 expoSE replay '/home/pbai002/ExpoSE/lib/Harness/src/harness.js' '{"Switcher":false,"Target_Switch_Base":2,"ExpansionArg_type":3,"ExpansionArg_string":"","ExpansionArg_type_2":4,"ExpansionArg_array_length":0,"_bound":21}'
*-- Test Case {"Switcher":false,"Target_Switch_Base":2,"ExpansionArg_type":2,"ExpansionArg_string":"","ExpansionArg_type_2":0,"_bound":6,"ExpansionArg_int":0} start 78.0148 took 15.0414s
*-- Errors occured in test {"Switcher":false,"Target_Switch_Base":2,"ExpansionArg_type":2,"ExpansionArg_string":"","ExpansionArg_type_2":0,"_bound":6,"ExpansionArg_int":0}
* Error: Error: source must either be type 'string' or 'function'
*-- Replay with NO_COMPILE=1 expoSE replay '/home/pbai002/ExpoSE/lib/Harness/src/harness.js' '{"Switcher":false,"Target_Switch_Base":2,"ExpansionArg_type":2,"ExpansionArg_string":"","ExpansionArg_type_2":0,"_bound":6}'
*-- Test Case {"Switcher":false,"Target_Switch_Base":3,"ExpansionArg_type":3,"ExpansionArg_string":"tn","ExpandedSwitcher":0,"_bound":10} start 81.5239 took 14.1086s
*-- Test Case {"Switcher":false,"Target_Switch_Base":2,"ExpansionArg_type":3,"ExpansionArg_string":"","ExpansionArg_type_2":5,"ExpansionArg_array_length":0,"_bound":12,"ExpansionArg_bool":false} start 84.8506 took 11.3878s
*-- Errors occured in test {"Switcher":false,"Target_Switch_Base":2,"ExpansionArg_type":3,"ExpansionArg_string":"","ExpansionArg_type_2":5,"ExpansionArg_array_length":0,"_bound":12,"ExpansionArg_bool":false}
* Error: ReferenceError: require is not defined
*-- Replay with NO_COMPILE=1 expoSE replay '/home/pbai002/ExpoSE/lib/Harness/src/harness.js' '{"Switcher":false,"Target_Switch_Base":2,"ExpansionArg_type":3,"ExpansionArg_string":"","ExpansionArg_type_2":5,"ExpansionArg_array_length":0,"_bound":12}'
*-- Test Case {"Switcher":false,"Target_Switch_Base":2,"ExpansionArg_type":3,"ExpansionArg_string":"","ExpansionArg_type_2":0,"_bound":17} start 86.9231 took 10.2105s
*-- Errors occured in test {"Switcher":false,"Target_Switch_Base":2,"ExpansionArg_type":3,"ExpansionArg_string":"","ExpansionArg_type_2":0,"_bound":17}
* Error: ReferenceError: require is not defined
*-- Replay with NO_COMPILE=1 expoSE replay '/home/pbai002/ExpoSE/lib/Harness/src/harness.js' '{"Switcher":false,"Target_Switch_Base":2,"ExpansionArg_type":3,"ExpansionArg_string":"","ExpansionArg_type_2":0,"_bound":17}'
*-- Test Case {"Switcher":false,"Target_Switch_Base":2,"ExpansionArg_type":3,"ExpansionArg_string":"","ExpansionArg_type_2":1,"ExpansionArg_array_length":0,"_bound":9} start 87.3127 took 10.6701s
*-- Errors occured in test {"Switcher":false,"Target_Switch_Base":2,"ExpansionArg_type":3,"ExpansionArg_string":"","ExpansionArg_type_2":1,"ExpansionArg_array_length":0,"_bound":9}
* Error: ReferenceError: require is not defined
*-- Replay with NO_COMPILE=1 expoSE replay '/home/pbai002/ExpoSE/lib/Harness/src/harness.js' '{"Switcher":false,"Target_Switch_Base":2,"ExpansionArg_type":3,"ExpansionArg_string":"","ExpansionArg_type_2":1,"ExpansionArg_array_length":0,"_bound":9}'
*-- Test Case {"Switcher":false,"Target_Switch_Base":2,"ExpansionArg_type":3,"ExpansionArg_string":" ","ExpansionArg_type_2":4,"ExpansionArg_array_length":0,"_bound":14} start 84.4876 took 13.6994s
*-- Errors occured in test {"Switcher":false,"Target_Switch_Base":2,"ExpansionArg_type":3,"ExpansionArg_string":" ","ExpansionArg_type_2":4,"ExpansionArg_array_length":0,"_bound":14}
* Error: ReferenceError: require is not defined
*-- Replay with NO_COMPILE=1 expoSE replay '/home/pbai002/ExpoSE/lib/Harness/src/harness.js' '{"Switcher":false,"Target_Switch_Base":2,"ExpansionArg_type":3,"ExpansionArg_string":" ","ExpansionArg_type_2":4,"ExpansionArg_array_length":0,"_bound":14}'
*-- Test Case {"Switcher":false,"Target_Switch_Base":2,"ExpansionArg_type":3,"ExpansionArg_string":"","ExpansionArg_type_2":4,"ExpansionArg_array_length":0,"_bound":18} start 88.3783 took 10.4183s
*-- Errors occured in test {"Switcher":false,"Target_Switch_Base":2,"ExpansionArg_type":3,"ExpansionArg_string":"","ExpansionArg_type_2":4,"ExpansionArg_array_length":0,"_bound":18}
* Error: ReferenceError: require is not defined
*-- Replay with NO_COMPILE=1 expoSE replay '/home/pbai002/ExpoSE/lib/Harness/src/harness.js' '{"Switcher":false,"Target_Switch_Base":2,"ExpansionArg_type":3,"ExpansionArg_string":"","ExpansionArg_type_2":4,"ExpansionArg_array_length":0,"_bound":18}'
*-- Test Case {"Switcher":false,"Target_Switch_Base":2,"ExpansionArg_type":3,"ExpansionArg_string":"","ExpansionArg_type_2":3,"ExpansionArg_array_length":0,"_bound":11,"ExpansionArg_string_2":"PureString"} start 88.9969 took 9.7996s
*-- Errors occured in test {"Switcher":false,"Target_Switch_Base":2,"ExpansionArg_type":3,"ExpansionArg_string":"","ExpansionArg_type_2":3,"ExpansionArg_array_length":0,"_bound":11,"ExpansionArg_string_2":"PureString"}
* Error: ReferenceError: require is not defined
*-- Replay with NO_COMPILE=1 expoSE replay '/home/pbai002/ExpoSE/lib/Harness/src/harness.js' '{"Switcher":false,"Target_Switch_Base":2,"ExpansionArg_type":3,"ExpansionArg_string":"","ExpansionArg_type_2":3,"ExpansionArg_array_length":0,"_bound":11}'
*-- Test Case {"Switcher":false,"Target_Switch_Base":2,"ExpansionArg_type":3,"ExpansionArg_string":"","ExpansionArg_type_2":4,"ExpansionArg_array_length":0,"_bound":22} start 88.8342 took 10.8822s
*-- Errors occured in test {"Switcher":false,"Target_Switch_Base":2,"ExpansionArg_type":3,"ExpansionArg_string":"","ExpansionArg_type_2":4,"ExpansionArg_array_length":0,"_bound":22}
* Error: ReferenceError: require is not defined
*-- Replay with NO_COMPILE=1 expoSE replay '/home/pbai002/ExpoSE/lib/Harness/src/harness.js' '{"Switcher":false,"Target_Switch_Base":2,"ExpansionArg_type":3,"ExpansionArg_string":"","ExpansionArg_type_2":4,"ExpansionArg_array_length":0,"_bound":22}'
*-- Test Case {"Switcher":false,"Target_Switch_Base":2,"ExpansionArg_type":3,"ExpansionArg_string":"\u0000\u0000{{\u0000","ExpansionArg_type_2":0,"_bound":15} start 54.6335 took 50.9814s
*-- Errors occured in test {"Switcher":false,"Target_Switch_Base":2,"ExpansionArg_type":3,"ExpansionArg_string":"\u0000\u0000{{\u0000","ExpansionArg_type_2":0,"_bound":15}
* Error: SyntaxError: Expected "!", "(", "-", ".", "<~", "<~>", "Infinity", "NULL", "NaN", "^", "false", "null", "true", "undefined", "{", "~", "~>", [ \n\r\t], [0-9], [a-zA-Z_$0-9] or string but "\x00" found.
*-- Replay with NO_COMPILE=1 expoSE replay '/home/pbai002/ExpoSE/lib/Harness/src/harness.js' '{"Switcher":false,"Target_Switch_Base":2,"ExpansionArg_type":3,"ExpansionArg_string":"\u0000\u0000{{\u0000","ExpansionArg_type_2":0,"_bound":15}'
*-- Test Case {"Switcher":false,"Target_Switch_Base":2,"ExpansionArg_type":3,"ExpansionArg_string":"\u0000{{","ExpansionArg_type_2":0,"_bound":198} start 96.1492 took 12.0818s
*-- Errors occured in test {"Switcher":false,"Target_Switch_Base":2,"ExpansionArg_type":3,"ExpansionArg_string":"\u0000{{","ExpansionArg_type_2":0,"_bound":198}
* Error: SyntaxError: Expected "!", "(", "-", ".", "<~", "<~>", "Infinity", "NULL", "NaN", "^", "false", "null", "true", "undefined", "{", "~", "~>", [ \n\r\t], [0-9], [a-zA-Z_$0-9] or string but end of input found.
*-- Replay with NO_COMPILE=1 expoSE replay '/home/pbai002/ExpoSE/lib/Harness/src/harness.js' '{"Switcher":false,"Target_Switch_Base":2,"ExpansionArg_type":3,"ExpansionArg_string":"\u0000{{","ExpansionArg_type_2":0,"_bound":198}'
*-- Test Case {"Switcher":false,"Target_Switch_Base":2,"ExpansionArg_type":3,"ExpansionArg_string":"\r\u0000\u0000\u0000{{","ExpansionArg_type_2":0,"_bound":193} start 93.1722 took 16.003s
*-- Errors occured in test {"Switcher":false,"Target_Switch_Base":2,"ExpansionArg_type":3,"ExpansionArg_string":"\r\u0000\u0000\u0000{{","ExpansionArg_type_2":0,"_bound":193}
* Error: SyntaxError: Expected "!", "(", "-", ".", "<~", "<~>", "Infinity", "NULL", "NaN", "^", "false", "null", "true", "undefined", "{", "~", "~>", [ \n\r\t], [0-9], [a-zA-Z_$0-9] or string but end of input found.
*-- Replay with NO_COMPILE=1 expoSE replay '/home/pbai002/ExpoSE/lib/Harness/src/harness.js' '{"Switcher":false,"Target_Switch_Base":2,"ExpansionArg_type":3,"ExpansionArg_string":"\r\u0000\u0000\u0000{{","ExpansionArg_type_2":0,"_bound":193}'
*-- Test Case {"Switcher":false,"Target_Switch_Base":2,"ExpansionArg_type":3,"ExpansionArg_string":"\n{{\u0000","ExpansionArg_type_2":0,"_bound":186} start 92.1873 took 17.1887s
*-- Errors occured in test {"Switcher":false,"Target_Switch_Base":2,"ExpansionArg_type":3,"ExpansionArg_string":"\n{{\u0000","ExpansionArg_type_2":0,"_bound":186}
* Error: SyntaxError: Expected "!", "(", "-", ".", "<~", "<~>", "Infinity", "NULL", "NaN", "^", "false", "null", "true", "undefined", "{", "~", "~>", [ \n\r\t], [0-9], [a-zA-Z_$0-9] or string but "\x00" found.
*-- Replay with NO_COMPILE=1 expoSE replay '/home/pbai002/ExpoSE/lib/Harness/src/harness.js' '{"Switcher":false,"Target_Switch_Base":2,"ExpansionArg_type":3,"ExpansionArg_string":"\n{{\u0000","ExpansionArg_type_2":0,"_bound":186}'
*-- Test Case {"Switcher":false,"Target_Switch_Base":2,"ExpansionArg_type":3,"ExpansionArg_string":"\u0000\u0000\u0000\u0000{{","ExpansionArg_type_2":0,"_bound":216} start 98.2888 took 11.948s
*-- Errors occured in test {"Switcher":false,"Target_Switch_Base":2,"ExpansionArg_type":3,"ExpansionArg_string":"\u0000\u0000\u0000\u0000{{","ExpansionArg_type_2":0,"_bound":216}
* Error: SyntaxError: Expected "!", "(", "-", ".", "<~", "<~>", "Infinity", "NULL", "NaN", "^", "false", "null", "true", "undefined", "{", "~", "~>", [ \n\r\t], [0-9], [a-zA-Z_$0-9] or string but end of input found.
*-- Replay with NO_COMPILE=1 expoSE replay '/home/pbai002/ExpoSE/lib/Harness/src/harness.js' '{"Switcher":false,"Target_Switch_Base":2,"ExpansionArg_type":3,"ExpansionArg_string":"\u0000\u0000\u0000\u0000{{","ExpansionArg_type_2":0,"_bound":216}'
*-- Test Case {"Switcher":false,"Target_Switch_Base":2,"ExpansionArg_type":3,"ExpansionArg_string":"nn","ExpansionArg_type_2":4,"ExpansionArg_array_length":0,"_bound":15} start 98.9011 took 12.4851s
*-- Errors occured in test {"Switcher":false,"Target_Switch_Base":2,"ExpansionArg_type":3,"ExpansionArg_string":"nn","ExpansionArg_type_2":4,"ExpansionArg_array_length":0,"_bound":15}
* Error: ReferenceError: require is not defined
*-- Replay with NO_COMPILE=1 expoSE replay '/home/pbai002/ExpoSE/lib/Harness/src/harness.js' '{"Switcher":false,"Target_Switch_Base":2,"ExpansionArg_type":3,"ExpansionArg_string":"nn","ExpansionArg_type_2":4,"ExpansionArg_array_length":0,"_bound":15}'
*-- Test Case {"Switcher":false,"Target_Switch_Base":2,"ExpansionArg_type":3,"ExpansionArg_string":"\r{{\u0000","ExpansionArg_type_2":0,"_bound":187} start 98.0931 took 15.5967s
*-- Errors occured in test {"Switcher":false,"Target_Switch_Base":2,"ExpansionArg_type":3,"ExpansionArg_string":"\r{{\u0000","ExpansionArg_type_2":0,"_bound":187}
* Error: SyntaxError: Expected "!", "(", "-", ".", "<~", "<~>", "Infinity", "NULL", "NaN", "^", "false", "null", "true", "undefined", "{", "~", "~>", [ \n\r\t], [0-9], [a-zA-Z_$0-9] or string but "\x00" found.
*-- Replay with NO_COMPILE=1 expoSE replay '/home/pbai002/ExpoSE/lib/Harness/src/harness.js' '{"Switcher":false,"Target_Switch_Base":2,"ExpansionArg_type":3,"ExpansionArg_string":"\r{{\u0000","ExpansionArg_type_2":0,"_bound":187}'
*-- Test Case {"Switcher":false,"Target_Switch_Base":2,"ExpansionArg_type":3,"ExpansionArg_string":"\u0000{{\b","ExpansionArg_type_2":0,"_bound":211} start 96.3454 took 17.7585s
*-- Errors occured in test {"Switcher":false,"Target_Switch_Base":2,"ExpansionArg_type":3,"ExpansionArg_string":"\u0000{{\b","ExpansionArg_type_2":0,"_bound":211}
* Error: SyntaxError: Expected "!", "(", "-", ".", "<~", "<~>", "Infinity", "NULL", "NaN", "^", "false", "null", "true", "undefined", "{", "~", "~>", [ \n\r\t], [0-9], [a-zA-Z_$0-9] or string but "\b" found.
*-- Replay with NO_COMPILE=1 expoSE replay '/home/pbai002/ExpoSE/lib/Harness/src/harness.js' '{"Switcher":false,"Target_Switch_Base":2,"ExpansionArg_type":3,"ExpansionArg_string":"\u0000{{\b","ExpansionArg_type_2":0,"_bound":211}'
*-- Test Case {"Switcher":false,"Target_Switch_Base":2,"ExpansionArg_type":3,"ExpansionArg_string":"\u0000\u0000{{","ExpansionArg_type_2":0,"_bound":204} start 108.3224 took 10.3621s
*-- Errors occured in test {"Switcher":false,"Target_Switch_Base":2,"ExpansionArg_type":3,"ExpansionArg_string":"\u0000\u0000{{","ExpansionArg_type_2":0,"_bound":204}
* Error: SyntaxError: Expected "!", "(", "-", ".", "<~", "<~>", "Infinity", "NULL", "NaN", "^", "false", "null", "true", "undefined", "{", "~", "~>", [ \n\r\t], [0-9], [a-zA-Z_$0-9] or string but end of input found.
*-- Replay with NO_COMPILE=1 expoSE replay '/home/pbai002/ExpoSE/lib/Harness/src/harness.js' '{"Switcher":false,"Target_Switch_Base":2,"ExpansionArg_type":3,"ExpansionArg_string":"\u0000\u0000{{","ExpansionArg_type_2":0,"_bound":204}'
*-- Test Case {"Switcher":false,"Target_Switch_Base":2,"ExpansionArg_type":3,"ExpansionArg_string":"\u0000{{<~","ExpansionArg_type_2":0,"_bound":27} start 90.1657 took 29.6182s
*-- Errors occured in test {"Switcher":false,"Target_Switch_Base":2,"ExpansionArg_type":3,"ExpansionArg_string":"\u0000{{<~","ExpansionArg_type_2":0,"_bound":27}
* Error: SyntaxError: Expected [ \n\r\t] or [a-zA-Z_$0-9] but end of input found.
*-- Replay with NO_COMPILE=1 expoSE replay '/home/pbai002/ExpoSE/lib/Harness/src/harness.js' '{"Switcher":false,"Target_Switch_Base":2,"ExpansionArg_type":3,"ExpansionArg_string":"\u0000{{<~","ExpansionArg_type_2":0,"_bound":27}'
*-- Test Case {"Switcher":false,"Target_Switch_Base":2,"ExpansionArg_type":3,"ExpansionArg_string":"\u0000{{~>","ExpansionArg_type_2":0,"_bound":25} start 99.8076 took 22.0826s
*-- Errors occured in test {"Switcher":false,"Target_Switch_Base":2,"ExpansionArg_type":3,"ExpansionArg_string":"\u0000{{~>","ExpansionArg_type_2":0,"_bound":25}
* Error: SyntaxError: Expected [ \n\r\t] or [a-zA-Z_$0-9] but end of input found.
*-- Replay with NO_COMPILE=1 expoSE replay '/home/pbai002/ExpoSE/lib/Harness/src/harness.js' '{"Switcher":false,"Target_Switch_Base":2,"ExpansionArg_type":3,"ExpansionArg_string":"\u0000{{~>","ExpansionArg_type_2":0,"_bound":25}'
*-- Test Case {"Switcher":false,"Target_Switch_Base":2,"ExpansionArg_type":3,"ExpansionArg_string":"","ExpansionArg_type_2":5,"ExpansionArg_bool":false,"_bound":20} start 112.2429 took 11.0184s
*-- Errors occured in test {"Switcher":false,"Target_Switch_Base":2,"ExpansionArg_type":3,"ExpansionArg_string":"","ExpansionArg_type_2":5,"ExpansionArg_bool":false,"_bound":20}
* Error: ReferenceError: require is not defined
*-- Replay with NO_COMPILE=1 expoSE replay '/home/pbai002/ExpoSE/lib/Harness/src/harness.js' '{"Switcher":false,"Target_Switch_Base":2,"ExpansionArg_type":3,"ExpansionArg_string":"","ExpansionArg_type_2":5,"ExpansionArg_bool":false,"_bound":20}'
*-- Test Case {"Switcher":false,"Target_Switch_Base":2,"ExpansionArg_type":3,"ExpansionArg_string":"\u0000{{\n","ExpansionArg_type_2":0,"_bound":219} start 113.8281 took 9.5987s
*-- Errors occured in test {"Switcher":false,"Target_Switch_Base":2,"ExpansionArg_type":3,"ExpansionArg_string":"\u0000{{\n","ExpansionArg_type_2":0,"_bound":219}
* Error: Exception E: SyntaxError: Unexpected end of JSON input of test data on 
* Error: Exception E: SyntaxError: Unexpected end of JSON input of coverage data on 
* Error: Error extracting final output - a fatal error must have occured
*-- Replay with NO_COMPILE=1 expoSE replay '/home/pbai002/ExpoSE/lib/Harness/src/harness.js' '{"Switcher":false,"Target_Switch_Base":2,"ExpansionArg_type":3,"ExpansionArg_string":"\u0000{{\n","ExpansionArg_type_2":0,"_bound":219}'
*-- Test Case {"Switcher":false,"Target_Switch_Base":2,"ExpansionArg_type":3,"ExpansionArg_string":"\u0000\u0000\n\u0000{{\u0000","ExpansionArg_type_2":0,"_bound":200} start 110.3322 took 24.1219s
*-- Errors occured in test {"Switcher":false,"Target_Switch_Base":2,"ExpansionArg_type":3,"ExpansionArg_string":"\u0000\u0000\n\u0000{{\u0000","ExpansionArg_type_2":0,"_bound":200}
* Error: SyntaxError: Expected "!", "(", "-", ".", "<~", "<~>", "Infinity", "NULL", "NaN", "^", "false", "null", "true", "undefined", "{", "~", "~>", [ \n\r\t], [0-9], [a-zA-Z_$0-9] or string but "\x00" found.
*-- Replay with NO_COMPILE=1 expoSE replay '/home/pbai002/ExpoSE/lib/Harness/src/harness.js' '{"Switcher":false,"Target_Switch_Base":2,"ExpansionArg_type":3,"ExpansionArg_string":"\u0000\u0000\n\u0000{{\u0000","ExpansionArg_type_2":0,"_bound":200}'
*-- Test Case {"Switcher":false,"Target_Switch_Base":2,"ExpansionArg_type":3,"ExpansionArg_string":"\u0000{{<~>\u0000","ExpansionArg_type_2":0,"_bound":26} start 97.2337 took 37.4968s
*-- Errors occured in test {"Switcher":false,"Target_Switch_Base":2,"ExpansionArg_type":3,"ExpansionArg_string":"\u0000{{<~>\u0000","ExpansionArg_type_2":0,"_bound":26}
* Error: SyntaxError: Expected [ \n\r\t] or [a-zA-Z_$0-9] but "\x00" found.
*-- Replay with NO_COMPILE=1 expoSE replay '/home/pbai002/ExpoSE/lib/Harness/src/harness.js' '{"Switcher":false,"Target_Switch_Base":2,"ExpansionArg_type":3,"ExpansionArg_string":"\u0000{{<~>\u0000","ExpansionArg_type_2":0,"_bound":26}'
*-- Test Case {"Switcher":false,"Target_Switch_Base":2,"ExpansionArg_type":3,"ExpansionArg_string":"\u0000\u0000{{~>\u0000","ExpansionArg_type_2":0,"_bound":27} start 105.7173 took 33.0178s
*-- Errors occured in test {"Switcher":false,"Target_Switch_Base":2,"ExpansionArg_type":3,"ExpansionArg_string":"\u0000\u0000{{~>\u0000","ExpansionArg_type_2":0,"_bound":27}
* Error: SyntaxError: Expected [ \n\r\t] or [a-zA-Z_$0-9] but "\x00" found.
*-- Replay with NO_COMPILE=1 expoSE replay '/home/pbai002/ExpoSE/lib/Harness/src/harness.js' '{"Switcher":false,"Target_Switch_Base":2,"ExpansionArg_type":3,"ExpansionArg_string":"\u0000\u0000{{~>\u0000","ExpansionArg_type_2":0,"_bound":27}'
*-- Test Case {"Switcher":false,"Target_Switch_Base":2,"ExpansionArg_type":3,"ExpansionArg_string":"\u0000\u0000\u0000\u0000\u0000\u0000\u0000{{\u0000","ExpansionArg_type_2":0,"_bound":25} start 82.8701 took 59.5031s
*-- Errors occured in test {"Switcher":false,"Target_Switch_Base":2,"ExpansionArg_type":3,"ExpansionArg_string":"\u0000\u0000\u0000\u0000\u0000\u0000\u0000{{\u0000","ExpansionArg_type_2":0,"_bound":25}
* Error: SyntaxError: Expected "!", "(", "-", ".", "<~", "<~>", "Infinity", "NULL", "NaN", "^", "false", "null", "true", "undefined", "{", "~", "~>", [ \n\r\t], [0-9], [a-zA-Z_$0-9] or string but "\x00" found.
*-- Replay with NO_COMPILE=1 expoSE replay '/home/pbai002/ExpoSE/lib/Harness/src/harness.js' '{"Switcher":false,"Target_Switch_Base":2,"ExpansionArg_type":3,"ExpansionArg_string":"\u0000\u0000\u0000\u0000\u0000\u0000\u0000{{\u0000","ExpansionArg_type_2":0,"_bound":25}'
*-- Test Case {"Switcher":false,"Target_Switch_Base":2,"ExpansionArg_type":3,"ExpansionArg_string":"\u0000{{<~\u0000\u0000\u0000\u0000\u0000\u0000\u0000\u0000","ExpansionArg_type_2":0,"_bound":206} start 121.9906 took 21.9737s
*-- Errors occured in test {"Switcher":false,"Target_Switch_Base":2,"ExpansionArg_type":3,"ExpansionArg_string":"\u0000{{<~\u0000\u0000\u0000\u0000\u0000\u0000\u0000\u0000","ExpansionArg_type_2":0,"_bound":206}
* Error: SyntaxError: Expected [ \n\r\t] or [a-zA-Z_$0-9] but "\x00" found.
*-- Replay with NO_COMPILE=1 expoSE replay '/home/pbai002/ExpoSE/lib/Harness/src/harness.js' '{"Switcher":false,"Target_Switch_Base":2,"ExpansionArg_type":3,"ExpansionArg_string":"\u0000{{<~\u0000\u0000\u0000\u0000\u0000\u0000\u0000\u0000","ExpansionArg_type_2":0,"_bound":206}'
*-- Test Case {"Switcher":false,"Target_Switch_Base":2,"ExpansionArg_type":3,"ExpansionArg_string":"\u0000\u0000\u0000\u0000{{<~\u0000\u0000","ExpansionArg_type_2":0,"_bound":33} start 99.6284 took 49.8636s
*-- Errors occured in test {"Switcher":false,"Target_Switch_Base":2,"ExpansionArg_type":3,"ExpansionArg_string":"\u0000\u0000\u0000\u0000{{<~\u0000\u0000","ExpansionArg_type_2":0,"_bound":33}
* Error: SyntaxError: Expected [ \n\r\t] or [a-zA-Z_$0-9] but "\x00" found.
*-- Replay with NO_COMPILE=1 expoSE replay '/home/pbai002/ExpoSE/lib/Harness/src/harness.js' '{"Switcher":false,"Target_Switch_Base":2,"ExpansionArg_type":3,"ExpansionArg_string":"\u0000\u0000\u0000\u0000{{<~\u0000\u0000","ExpansionArg_type_2":0,"_bound":33}'
*-- Test Case {"Switcher":false,"Target_Switch_Base":2,"ExpansionArg_type":3,"ExpansionArg_string":"\u0000\u0000{{<~\u0000\u0000","ExpansionArg_type_2":0,"_bound":29} start 109.4544 took 40.7473s
*-- Errors occured in test {"Switcher":false,"Target_Switch_Base":2,"ExpansionArg_type":3,"ExpansionArg_string":"\u0000\u0000{{<~\u0000\u0000","ExpansionArg_type_2":0,"_bound":29}
* Error: SyntaxError: Expected [ \n\r\t] or [a-zA-Z_$0-9] but "\x00" found.
*-- Replay with NO_COMPILE=1 expoSE replay '/home/pbai002/ExpoSE/lib/Harness/src/harness.js' '{"Switcher":false,"Target_Switch_Base":2,"ExpansionArg_type":3,"ExpansionArg_string":"\u0000\u0000{{<~\u0000\u0000","ExpansionArg_type_2":0,"_bound":29}'
*-- Test Case {"Switcher":false,"Target_Switch_Base":2,"ExpansionArg_type":3,"ExpansionArg_string":"\u0000\u0000\r\u0000{{\u0000","ExpansionArg_type_2":0,"_bound":201} start 134.5222 took 23.0892s
*-- Errors occured in test {"Switcher":false,"Target_Switch_Base":2,"ExpansionArg_type":3,"ExpansionArg_string":"\u0000\u0000\r\u0000{{\u0000","ExpansionArg_type_2":0,"_bound":201}
* Error: SyntaxError: Expected "!", "(", "-", ".", "<~", "<~>", "Infinity", "NULL", "NaN", "^", "false", "null", "true", "undefined", "{", "~", "~>", [ \n\r\t], [0-9], [a-zA-Z_$0-9] or string but "\x00" found.
*-- Replay with NO_COMPILE=1 expoSE replay '/home/pbai002/ExpoSE/lib/Harness/src/harness.js' '{"Switcher":false,"Target_Switch_Base":2,"ExpansionArg_type":3,"ExpansionArg_string":"\u0000\u0000\r\u0000{{\u0000","ExpansionArg_type_2":0,"_bound":201}'
*-- Test Case {"Switcher":false,"Target_Switch_Base":2,"ExpansionArg_type":3,"ExpansionArg_string":"\u0000{{3","ExpansionArg_type_2":0,"_bound":21} start 123.4892 took 35.889s
*-- Errors occured in test {"Switcher":false,"Target_Switch_Base":2,"ExpansionArg_type":3,"ExpansionArg_string":"\u0000{{3","ExpansionArg_type_2":0,"_bound":21}
* Error: SyntaxError: Expected "!=", "!==", "%", "&&", "(", "()", "*", "+", ",", "-", ".", "/", ":", "<", "<=", "<==", "=", "==", "===", ">", ">=", ">==", "?", "|", "||", "}}", [ \n\r\t], [0-9] or [a-zA-Z_$0-9] but end of input found.
*-- Replay with NO_COMPILE=1 expoSE replay '/home/pbai002/ExpoSE/lib/Harness/src/harness.js' '{"Switcher":false,"Target_Switch_Base":2,"ExpansionArg_type":3,"ExpansionArg_string":"\u0000{{3","ExpansionArg_type_2":0,"_bound":21}'
*-- Test Case {"Switcher":false,"Target_Switch_Base":2,"ExpansionArg_type":3,"ExpansionArg_string":"","ExpansionArg_type_2":4,"ExpansionArg_array_length":0,"_bound":21} start 150.4695 took 10.4475s
*-- Errors occured in test {"Switcher":false,"Target_Switch_Base":2,"ExpansionArg_type":3,"ExpansionArg_string":"","ExpansionArg_type_2":4,"ExpansionArg_array_length":0,"_bound":21}
* Error: ReferenceError: require is not defined
*-- Replay with NO_COMPILE=1 expoSE replay '/home/pbai002/ExpoSE/lib/Harness/src/harness.js' '{"Switcher":false,"Target_Switch_Base":2,"ExpansionArg_type":3,"ExpansionArg_string":"","ExpansionArg_type_2":4,"ExpansionArg_array_length":0,"_bound":21}'
*-- Test Case {"Switcher":false,"Target_Switch_Base":2,"ExpansionArg_type":3,"ExpansionArg_string":"\u0000\n\u0000\u0000{{","ExpansionArg_type_2":0,"_bound":196} start 149.5778 took 18.456s
*-- Errors occured in test {"Switcher":false,"Target_Switch_Base":2,"ExpansionArg_type":3,"ExpansionArg_string":"\u0000\n\u0000\u0000{{","ExpansionArg_type_2":0,"_bound":196}
* Error: SyntaxError: Expected "!", "(", "-", ".", "<~", "<~>", "Infinity", "NULL", "NaN", "^", "false", "null", "true", "undefined", "{", "~", "~>", [ \n\r\t], [0-9], [a-zA-Z_$0-9] or string but end of input found.
*-- Replay with NO_COMPILE=1 expoSE replay '/home/pbai002/ExpoSE/lib/Harness/src/harness.js' '{"Switcher":false,"Target_Switch_Base":2,"ExpansionArg_type":3,"ExpansionArg_string":"\u0000\n\u0000\u0000{{","ExpansionArg_type_2":0,"_bound":196}'
*-- Test Case {"Switcher":false,"Target_Switch_Base":2,"ExpansionArg_type":3,"ExpansionArg_string":"\u0000\u0000{{p\u0000","ExpansionArg_type_2":0,"_bound":23} start 109.2853 took 59.3255s
*-- Errors occured in test {"Switcher":false,"Target_Switch_Base":2,"ExpansionArg_type":3,"ExpansionArg_string":"\u0000\u0000{{p\u0000","ExpansionArg_type_2":0,"_bound":23}
* Error: SyntaxError: Expected "!=", "!==", "%", "&&", "(", "()", "*", "+", ",", "-", ".", "/", ":", "<", "<=", "<==", "=", "==", "===", ">", ">=", ">==", "?", "|", "||", "}}", [ \n\r\t] or [a-zA-Z_$0-9] but "\x00" found.
*-- Replay with NO_COMPILE=1 expoSE replay '/home/pbai002/ExpoSE/lib/Harness/src/harness.js' '{"Switcher":false,"Target_Switch_Base":2,"ExpansionArg_type":3,"ExpansionArg_string":"\u0000\u0000{{p\u0000","ExpansionArg_type_2":0,"_bound":23}'
*-- Test Case {"Switcher":false,"Target_Switch_Base":2,"ExpansionArg_type":3,"ExpansionArg_string":"\u0000{{\t","ExpansionArg_type_2":0,"_bound":215} start 157.7057 took 11.2662s
*-- Errors occured in test {"Switcher":false,"Target_Switch_Base":2,"ExpansionArg_type":3,"ExpansionArg_string":"\u0000{{\t","ExpansionArg_type_2":0,"_bound":215}
* Error: Exception E: SyntaxError: Unexpected end of JSON input of test data on 
* Error: Exception E: SyntaxError: Unexpected end of JSON input of coverage data on 
* Error: Error extracting final output - a fatal error must have occured
*-- Replay with NO_COMPILE=1 expoSE replay '/home/pbai002/ExpoSE/lib/Harness/src/harness.js' '{"Switcher":false,"Target_Switch_Base":2,"ExpansionArg_type":3,"ExpansionArg_string":"\u0000{{\t","ExpansionArg_type_2":0,"_bound":215}'
*-- Test Case {"Switcher":false,"Target_Switch_Base":2,"ExpansionArg_type":3,"ExpansionArg_string":"\u0000\u0000\u0000\u0000{{~>\u0000","ExpansionArg_type_2":0,"_bound":31} start 139.0692 took 40.5696s
*-- Errors occured in test {"Switcher":false,"Target_Switch_Base":2,"ExpansionArg_type":3,"ExpansionArg_string":"\u0000\u0000\u0000\u0000{{~>\u0000","ExpansionArg_type_2":0,"_bound":31}
* Error: SyntaxError: Expected [ \n\r\t] or [a-zA-Z_$0-9] but "\x00" found.
*-- Replay with NO_COMPILE=1 expoSE replay '/home/pbai002/ExpoSE/lib/Harness/src/harness.js' '{"Switcher":false,"Target_Switch_Base":2,"ExpansionArg_type":3,"ExpansionArg_string":"\u0000\u0000\u0000\u0000{{~>\u0000","ExpansionArg_type_2":0,"_bound":31}'
*-- Test Case {"Switcher":false,"Target_Switch_Base":2,"ExpansionArg_type":3,"ExpansionArg_string":"\u0000{{<~>m","ExpansionArg_type_2":0,"_bound":28} start 134.8099 took 47.1747s
*-- Errors occured in test {"Switcher":false,"Target_Switch_Base":2,"ExpansionArg_type":3,"ExpansionArg_string":"\u0000{{<~>m","ExpansionArg_type_2":0,"_bound":28}
* Error: SyntaxError: Expected "!=", "!==", "%", "&&", "(", "()", "*", "+", ",", "-", ".", "/", "<", "<=", "<==", "=", "==", "===", ">", ">=", ">==", "?", "|", "||", "}}", [ \n\r\t] or [a-zA-Z_$0-9] but end of input found.
*-- Replay with NO_COMPILE=1 expoSE replay '/home/pbai002/ExpoSE/lib/Harness/src/harness.js' '{"Switcher":false,"Target_Switch_Base":2,"ExpansionArg_type":3,"ExpansionArg_string":"\u0000{{<~>m","ExpansionArg_type_2":0,"_bound":28}'
*-- Test Case {"Switcher":false,"Target_Switch_Base":2,"ExpansionArg_type":3,"ExpansionArg_string":"\u0000\u0000\u0000\u0000\u0000\u0000\u0000{{~>\u0000","ExpansionArg_type_2":0,"_bound":37} start 142.4727 took 56.4059s
*-- Errors occured in test {"Switcher":false,"Target_Switch_Base":2,"ExpansionArg_type":3,"ExpansionArg_string":"\u0000\u0000\u0000\u0000\u0000\u0000\u0000{{~>\u0000","ExpansionArg_type_2":0,"_bound":37}
* Error: SyntaxError: Expected [ \n\r\t] or [a-zA-Z_$0-9] but "\x00" found.
*-- Replay with NO_COMPILE=1 expoSE replay '/home/pbai002/ExpoSE/lib/Harness/src/harness.js' '{"Switcher":false,"Target_Switch_Base":2,"ExpansionArg_type":3,"ExpansionArg_string":"\u0000\u0000\u0000\u0000\u0000\u0000\u0000{{~>\u0000","ExpansionArg_type_2":0,"_bound":37}'
*-- Test Case {"Switcher":false,"Target_Switch_Base":2,"ExpansionArg_type":3,"ExpansionArg_string":"\u0000{{0}}","ExpansionArg_type_2":0,"_bound":127} start 198.9973 took 11.3004s
*-- Errors occured in test {"Switcher":false,"Target_Switch_Base":2,"ExpansionArg_type":3,"ExpansionArg_string":"\u0000{{0}}","ExpansionArg_type_2":0,"_bound":127}
* Error: ReferenceError: require is not defined
*-- Replay with NO_COMPILE=1 expoSE replay '/home/pbai002/ExpoSE/lib/Harness/src/harness.js' '{"Switcher":false,"Target_Switch_Base":2,"ExpansionArg_type":3,"ExpansionArg_string":"\u0000{{0}}","ExpansionArg_type_2":0,"_bound":127}'
*-- Test Case {"Switcher":false,"Target_Switch_Base":2,"ExpansionArg_type":3,"ExpansionArg_string":"\u0000\u0000{{z4","ExpansionArg_type_2":0,"_bound":24} start 169.0211 took 47.7877s
*-- Errors occured in test {"Switcher":false,"Target_Switch_Base":2,"ExpansionArg_type":3,"ExpansionArg_string":"\u0000\u0000{{z4","ExpansionArg_type_2":0,"_bound":24}
* Error: SyntaxError: Expected "!=", "!==", "%", "&&", "(", "()", "*", "+", ",", "-", ".", "/", ":", "<", "<=", "<==", "=", "==", "===", ">", ">=", ">==", "?", "|", "||", "}}", [ \n\r\t] or [a-zA-Z_$0-9] but end of input found.
*-- Replay with NO_COMPILE=1 expoSE replay '/home/pbai002/ExpoSE/lib/Harness/src/harness.js' '{"Switcher":false,"Target_Switch_Base":2,"ExpansionArg_type":3,"ExpansionArg_string":"\u0000\u0000{{z4","ExpansionArg_type_2":0,"_bound":24}'
*-- Test Case {"Switcher":false,"Target_Switch_Base":2,"ExpansionArg_type":3,"ExpansionArg_string":"\u0000{{0>==\u0000\u0000\u0000\u0000\u0000\u0000\u0000","ExpansionArg_type_2":0,"_bound":53} start 168.1214 took 55.0378s
*-- Errors occured in test {"Switcher":false,"Target_Switch_Base":2,"ExpansionArg_type":3,"ExpansionArg_string":"\u0000{{0>==\u0000\u0000\u0000\u0000\u0000\u0000\u0000","ExpansionArg_type_2":0,"_bound":53}
* Error: SyntaxError: Expected "!", "(", "-", ".", "<~", "<~>", "Infinity", "NULL", "NaN", "^", "false", "null", "true", "undefined", "{", "~", "~>", [ \n\r\t], [0-9], [a-zA-Z_$0-9] or string but "\x00" found.
*-- Replay with NO_COMPILE=1 expoSE replay '/home/pbai002/ExpoSE/lib/Harness/src/harness.js' '{"Switcher":false,"Target_Switch_Base":2,"ExpansionArg_type":3,"ExpansionArg_string":"\u0000{{0>==\u0000\u0000\u0000\u0000\u0000\u0000\u0000","ExpansionArg_type_2":0,"_bound":53}'
*-- Test Case {"Switcher":false,"Target_Switch_Base":2,"ExpansionArg_type":3,"ExpansionArg_string":"\u0000\u0000{{h>=\u0000","ExpansionArg_type_2":0,"_bound":77} start 168.7178 took 69.907s
*-- Errors occured in test {"Switcher":false,"Target_Switch_Base":2,"ExpansionArg_type":3,"ExpansionArg_string":"\u0000\u0000{{h>=\u0000","ExpansionArg_type_2":0,"_bound":77}
* Error: SyntaxError: Expected "!", "(", "-", ".", "<~", "<~>", "Infinity", "NULL", "NaN", "^", "false", "null", "true", "undefined", "{", "~", "~>", [ \n\r\t], [0-9], [a-zA-Z_$0-9] or string but "\x00" found.
*-- Replay with NO_COMPILE=1 expoSE replay '/home/pbai002/ExpoSE/lib/Harness/src/harness.js' '{"Switcher":false,"Target_Switch_Base":2,"ExpansionArg_type":3,"ExpansionArg_string":"\u0000\u0000{{h>=\u0000","ExpansionArg_type_2":0,"_bound":77}'
*-- Test Case {"Switcher":false,"Target_Switch_Base":2,"ExpansionArg_type":3,"ExpansionArg_string":"\u0000{{0||\u0000","ExpansionArg_type_2":0,"_bound":48} start 179.7334 took 60.0011s
*-- Errors occured in test {"Switcher":false,"Target_Switch_Base":2,"ExpansionArg_type":3,"ExpansionArg_string":"\u0000{{0||\u0000","ExpansionArg_type_2":0,"_bound":48}
* Error: SyntaxError: Expected "!", "(", "-", ".", "<~", "<~>", "Infinity", "NULL", "NaN", "^", "false", "null", "true", "undefined", "{", "~", "~>", [ \n\r\t], [0-9], [a-zA-Z_$0-9] or string but "\x00" found.
*-- Replay with NO_COMPILE=1 expoSE replay '/home/pbai002/ExpoSE/lib/Harness/src/harness.js' '{"Switcher":false,"Target_Switch_Base":2,"ExpansionArg_type":3,"ExpansionArg_string":"\u0000{{0||\u0000","ExpansionArg_type_2":0,"_bound":48}'
*-- Test Case {"Switcher":false,"Target_Switch_Base":2,"ExpansionArg_type":3,"ExpansionArg_string":"\u0000{{0==\u0000","ExpansionArg_type_2":0,"_bound":50} start 161.6258 took 80.1082s
*-- Errors occured in test {"Switcher":false,"Target_Switch_Base":2,"ExpansionArg_type":3,"ExpansionArg_string":"\u0000{{0==\u0000","ExpansionArg_type_2":0,"_bound":50}
* Error: SyntaxError: Expected "!", "(", "-", ".", "<~", "<~>", "Infinity", "NULL", "NaN", "^", "false", "null", "true", "undefined", "{", "~", "~>", [ \n\r\t], [0-9], [a-zA-Z_$0-9] or string but "\x00" found.
*-- Replay with NO_COMPILE=1 expoSE replay '/home/pbai002/ExpoSE/lib/Harness/src/harness.js' '{"Switcher":false,"Target_Switch_Base":2,"ExpansionArg_type":3,"ExpansionArg_string":"\u0000{{0==\u0000","ExpansionArg_type_2":0,"_bound":50}'
*-- Test Case {"Switcher":false,"Target_Switch_Base":2,"ExpansionArg_type":3,"ExpansionArg_string":"\u0000{{<~>A!=\u0000\u0000\u0000","ExpansionArg_type_2":0,"_bound":68} start 182.0777 took 76.7358s
*-- Errors occured in test {"Switcher":false,"Target_Switch_Base":2,"ExpansionArg_type":3,"ExpansionArg_string":"\u0000{{<~>A!=\u0000\u0000\u0000","ExpansionArg_type_2":0,"_bound":68}
* Error: SyntaxError: Expected "!", "(", "-", ".", "<~", "<~>", "Infinity", "NULL", "NaN", "^", "false", "null", "true", "undefined", "{", "~", "~>", [ \n\r\t], [0-9], [a-zA-Z_$0-9] or string but "\x00" found.
*-- Replay with NO_COMPILE=1 expoSE replay '/home/pbai002/ExpoSE/lib/Harness/src/harness.js' '{"Switcher":false,"Target_Switch_Base":2,"ExpansionArg_type":3,"ExpansionArg_string":"\u0000{{<~>A!=\u0000\u0000\u0000","ExpansionArg_type_2":0,"_bound":68}'
*-- Test Case {"Switcher":false,"Target_Switch_Base":2,"ExpansionArg_type":3,"ExpansionArg_string":"\u0000{{0>=\u0000\u0000\u0000\u0000\u0000\u0000\u0000","ExpansionArg_type_2":0,"_bound":54} start 210.3809 took 53.2757s
*-- Errors occured in test {"Switcher":false,"Target_Switch_Base":2,"ExpansionArg_type":3,"ExpansionArg_string":"\u0000{{0>=\u0000\u0000\u0000\u0000\u0000\u0000\u0000","ExpansionArg_type_2":0,"_bound":54}
* Error: SyntaxError: Expected "!", "(", "-", ".", "<~", "<~>", "Infinity", "NULL", "NaN", "^", "false", "null", "true", "undefined", "{", "~", "~>", [ \n\r\t], [0-9], [a-zA-Z_$0-9] or string but "\x00" found.
*-- Replay with NO_COMPILE=1 expoSE replay '/home/pbai002/ExpoSE/lib/Harness/src/harness.js' '{"Switcher":false,"Target_Switch_Base":2,"ExpansionArg_type":3,"ExpansionArg_string":"\u0000{{0>=\u0000\u0000\u0000\u0000\u0000\u0000\u0000","ExpansionArg_type_2":0,"_bound":54}'
*-- Test Case {"Switcher":false,"Target_Switch_Base":2,"ExpansionArg_type":3,"ExpansionArg_string":"\u0000{{2>==Infinity\u0000","ExpansionArg_type_2":0,"_bound":61} start 223.2621 took 44.933s
*-- Errors occured in test {"Switcher":false,"Target_Switch_Base":2,"ExpansionArg_type":3,"ExpansionArg_string":"\u0000{{2>==Infinity\u0000","ExpansionArg_type_2":0,"_bound":61}
* Error: SyntaxError: Expected "!=", "!==", "%", "&&", "*", "+", ",", "-", "/", "<", "<=", "<==", "==", "===", ">", ">=", ">==", "?", "|", "||", "}}" or [ \n\r\t] but "\x00" found.
*-- Replay with NO_COMPILE=1 expoSE replay '/home/pbai002/ExpoSE/lib/Harness/src/harness.js' '{"Switcher":false,"Target_Switch_Base":2,"ExpansionArg_type":3,"ExpansionArg_string":"\u0000{{2>==Infinity\u0000","ExpansionArg_type_2":0,"_bound":61}'
*-- Test Case {"Switcher":false,"Target_Switch_Base":2,"ExpansionArg_type":3,"ExpansionArg_string":"\u0000\u0000{{s>=false","ExpansionArg_type_2":0,"_bound":80} start 239.8344 took 31.457s
*-- Errors occured in test {"Switcher":false,"Target_Switch_Base":2,"ExpansionArg_type":3,"ExpansionArg_string":"\u0000\u0000{{s>=false","ExpansionArg_type_2":0,"_bound":80}
* Error: SyntaxError: Expected "!=", "!==", "%", "&&", "*", "+", ",", "-", "/", "<", "<=", "<==", "==", "===", ">", ">=", ">==", "?", "|", "||", "}}" or [ \n\r\t] but end of input found.
*-- Replay with NO_COMPILE=1 expoSE replay '/home/pbai002/ExpoSE/lib/Harness/src/harness.js' '{"Switcher":false,"Target_Switch_Base":2,"ExpansionArg_type":3,"ExpansionArg_string":"\u0000\u0000{{s>=false","ExpansionArg_type_2":0,"_bound":80}'
*-- Test Case {"Switcher":false,"Target_Switch_Base":2,"ExpansionArg_type":3,"ExpansionArg_string":"\u0000\u0000{{B>=NULL","ExpansionArg_type_2":0,"_bound":83} start 238.7221 took 32.9358s
*-- Errors occured in test {"Switcher":false,"Target_Switch_Base":2,"ExpansionArg_type":3,"ExpansionArg_string":"\u0000\u0000{{B>=NULL","ExpansionArg_type_2":0,"_bound":83}
* Error: SyntaxError: Expected "!=", "!==", "%", "&&", "*", "+", ",", "-", "/", "<", "<=", "<==", "==", "===", ">", ">=", ">==", "?", "|", "||", "}}" or [ \n\r\t] but end of input found.
*-- Replay with NO_COMPILE=1 expoSE replay '/home/pbai002/ExpoSE/lib/Harness/src/harness.js' '{"Switcher":false,"Target_Switch_Base":2,"ExpansionArg_type":3,"ExpansionArg_string":"\u0000\u0000{{B>=NULL","ExpansionArg_type_2":0,"_bound":83}'
*-- Test Case {"Switcher":false,"Target_Switch_Base":2,"ExpansionArg_type":3,"ExpansionArg_string":"\u0000\u0000{{s>=undefined","ExpansionArg_type_2":0,"_bound":81} start 241.8673 took 31.8341s
*-- Errors occured in test {"Switcher":false,"Target_Switch_Base":2,"ExpansionArg_type":3,"ExpansionArg_string":"\u0000\u0000{{s>=undefined","ExpansionArg_type_2":0,"_bound":81}
* Error: SyntaxError: Expected "!=", "!==", "%", "&&", "*", "+", ",", "-", "/", "<", "<=", "<==", "==", "===", ">", ">=", ">==", "?", "|", "||", "}}" or [ \n\r\t] but end of input found.
*-- Replay with NO_COMPILE=1 expoSE replay '/home/pbai002/ExpoSE/lib/Harness/src/harness.js' '{"Switcher":false,"Target_Switch_Base":2,"ExpansionArg_type":3,"ExpansionArg_string":"\u0000\u0000{{s>=undefined","ExpansionArg_type_2":0,"_bound":81}'
*-- Test Case {"Switcher":false,"Target_Switch_Base":2,"ExpansionArg_type":3,"ExpansionArg_string":"\u0000{{<~>P>==","ExpansionArg_type_2":0,"_bound":69} start 216.8884 took 57.727s
*-- Errors occured in test {"Switcher":false,"Target_Switch_Base":2,"ExpansionArg_type":3,"ExpansionArg_string":"\u0000{{<~>P>==","ExpansionArg_type_2":0,"_bound":69}
* Error: SyntaxError: Expected "!", "(", "-", ".", "<~", "<~>", "Infinity", "NULL", "NaN", "^", "false", "null", "true", "undefined", "{", "~", "~>", [ \n\r\t], [0-9], [a-zA-Z_$0-9] or string but end of input found.
*-- Replay with NO_COMPILE=1 expoSE replay '/home/pbai002/ExpoSE/lib/Harness/src/harness.js' '{"Switcher":false,"Target_Switch_Base":2,"ExpansionArg_type":3,"ExpansionArg_string":"\u0000{{<~>P>==","ExpansionArg_type_2":0,"_bound":69}'
*-- Test Case {"Switcher":false,"Target_Switch_Base":2,"ExpansionArg_type":3,"ExpansionArg_string":"\u0000{{0||undefined","ExpansionArg_type_2":0,"_bound":54} start 258.9126 took 28.9361s
*-- Errors occured in test {"Switcher":false,"Target_Switch_Base":2,"ExpansionArg_type":3,"ExpansionArg_string":"\u0000{{0||undefined","ExpansionArg_type_2":0,"_bound":54}
* Error: SyntaxError: Expected "!=", "!==", "%", "&&", "*", "+", ",", "-", "/", "<", "<=", "<==", "==", "===", ">", ">=", ">==", "?", "|", "||", "}}" or [ \n\r\t] but end of input found.
*-- Replay with NO_COMPILE=1 expoSE replay '/home/pbai002/ExpoSE/lib/Harness/src/harness.js' '{"Switcher":false,"Target_Switch_Base":2,"ExpansionArg_type":3,"ExpansionArg_string":"\u0000{{0||undefined","ExpansionArg_type_2":0,"_bound":54}'
*-- Test Case {"Switcher":false,"Target_Switch_Base":2,"ExpansionArg_type":3,"ExpansionArg_string":"\u0000{{2>==NaN\u0000\u0000\u0000\u0000\u0000\u0000\u0000","ExpansionArg_type_2":0,"_bound":60} start 263.953 took 36.8124s
*-- Errors occured in test {"Switcher":false,"Target_Switch_Base":2,"ExpansionArg_type":3,"ExpansionArg_string":"\u0000{{2>==NaN\u0000\u0000\u0000\u0000\u0000\u0000\u0000","ExpansionArg_type_2":0,"_bound":60}
* Error: SyntaxError: Expected "!=", "!==", "%", "&&", "*", "+", ",", "-", "/", "<", "<=", "<==", "==", "===", ">", ">=", ">==", "?", "|", "||", "}}" or [ \n\r\t] but "\x00" found.
*-- Replay with NO_COMPILE=1 expoSE replay '/home/pbai002/ExpoSE/lib/Harness/src/harness.js' '{"Switcher":false,"Target_Switch_Base":2,"ExpansionArg_type":3,"ExpansionArg_string":"\u0000{{2>==NaN\u0000\u0000\u0000\u0000\u0000\u0000\u0000","ExpansionArg_type_2":0,"_bound":60}'
*-- Test Case {"Switcher":false,"Target_Switch_Base":2,"ExpansionArg_type":3,"ExpansionArg_string":"\b{{3>==undefined\u0000","ExpansionArg_type_2":0,"_bound":57} start 271.3935 took 39.5926s
*-- Errors occured in test {"Switcher":false,"Target_Switch_Base":2,"ExpansionArg_type":3,"ExpansionArg_string":"\b{{3>==undefined\u0000","ExpansionArg_type_2":0,"_bound":57}
* Error: SyntaxError: Expected "!=", "!==", "%", "&&", "*", "+", ",", "-", "/", "<", "<=", "<==", "==", "===", ">", ">=", ">==", "?", "|", "||", "}}" or [ \n\r\t] but "\x00" found.
*-- Replay with NO_COMPILE=1 expoSE replay '/home/pbai002/ExpoSE/lib/Harness/src/harness.js' '{"Switcher":false,"Target_Switch_Base":2,"ExpansionArg_type":3,"ExpansionArg_string":"\b{{3>==undefined\u0000","ExpansionArg_type_2":0,"_bound":57}'
*-- Test Case {"Switcher":false,"Target_Switch_Base":2,"ExpansionArg_type":3,"ExpansionArg_string":"\u0000\u0000{{B>=NaN\u0000","ExpansionArg_type_2":0,"_bound":84} start 268.2818 took 46.2014s
*-- Errors occured in test {"Switcher":false,"Target_Switch_Base":2,"ExpansionArg_type":3,"ExpansionArg_string":"\u0000\u0000{{B>=NaN\u0000","ExpansionArg_type_2":0,"_bound":84}
* Error: SyntaxError: Expected "!=", "!==", "%", "&&", "*", "+", ",", "-", "/", "<", "<=", "<==", "==", "===", ">", ">=", ">==", "?", "|", "||", "}}" or [ \n\r\t] but "\x00" found.
*-- Replay with NO_COMPILE=1 expoSE replay '/home/pbai002/ExpoSE/lib/Harness/src/harness.js' '{"Switcher":false,"Target_Switch_Base":2,"ExpansionArg_type":3,"ExpansionArg_string":"\u0000\u0000{{B>=NaN\u0000","ExpansionArg_type_2":0,"_bound":84}'
*-- Test Case {"Switcher":false,"Target_Switch_Base":2,"ExpansionArg_type":3,"ExpansionArg_string":"\u0000\u0000{{aP!==","ExpansionArg_type_2":0,"_bound":78} start 274.6931 took 59.3942s
*-- Errors occured in test {"Switcher":false,"Target_Switch_Base":2,"ExpansionArg_type":3,"ExpansionArg_string":"\u0000\u0000{{aP!==","ExpansionArg_type_2":0,"_bound":78}
* Error: SyntaxError: Expected "!", "(", "-", ".", "<~", "<~>", "Infinity", "NULL", "NaN", "^", "false", "null", "true", "undefined", "{", "~", "~>", [ \n\r\t], [0-9], [a-zA-Z_$0-9] or string but end of input found.
*-- Replay with NO_COMPILE=1 expoSE replay '/home/pbai002/ExpoSE/lib/Harness/src/harness.js' '{"Switcher":false,"Target_Switch_Base":2,"ExpansionArg_type":3,"ExpansionArg_string":"\u0000\u0000{{aP!==","ExpansionArg_type_2":0,"_bound":78}'
*-- Test Case {"Switcher":false,"Target_Switch_Base":2,"ExpansionArg_type":3,"ExpansionArg_string":"\u0000\u0000{{P!=\u0000\u0000\u0000\u0000","ExpansionArg_type_2":0,"_bound":75} start 271.706 took 66.1217s
*-- Errors occured in test {"Switcher":false,"Target_Switch_Base":2,"ExpansionArg_type":3,"ExpansionArg_string":"\u0000\u0000{{P!=\u0000\u0000\u0000\u0000","ExpansionArg_type_2":0,"_bound":75}
* Error: SyntaxError: Expected "!", "(", "-", ".", "<~", "<~>", "Infinity", "NULL", "NaN", "^", "false", "null", "true", "undefined", "{", "~", "~>", [ \n\r\t], [0-9], [a-zA-Z_$0-9] or string but "\x00" found.
*-- Replay with NO_COMPILE=1 expoSE replay '/home/pbai002/ExpoSE/lib/Harness/src/harness.js' '{"Switcher":false,"Target_Switch_Base":2,"ExpansionArg_type":3,"ExpansionArg_string":"\u0000\u0000{{P!=\u0000\u0000\u0000\u0000","ExpansionArg_type_2":0,"_bound":75}'
*-- Test Case {"Switcher":false,"Target_Switch_Base":2,"ExpansionArg_type":3,"ExpansionArg_string":"\u0000{{0===","ExpansionArg_type_2":0,"_bound":49} start 273.7515 took 64.1645s
*-- Errors occured in test {"Switcher":false,"Target_Switch_Base":2,"ExpansionArg_type":3,"ExpansionArg_string":"\u0000{{0===","ExpansionArg_type_2":0,"_bound":49}
* Error: SyntaxError: Expected "!", "(", "-", ".", "<~", "<~>", "Infinity", "NULL", "NaN", "^", "false", "null", "true", "undefined", "{", "~", "~>", [ \n\r\t], [0-9], [a-zA-Z_$0-9] or string but end of input found.
*-- Replay with NO_COMPILE=1 expoSE replay '/home/pbai002/ExpoSE/lib/Harness/src/harness.js' '{"Switcher":false,"Target_Switch_Base":2,"ExpansionArg_type":3,"ExpansionArg_string":"\u0000{{0===","ExpansionArg_type_2":0,"_bound":49}'
*-- Test Case {"Switcher":false,"Target_Switch_Base":2,"ExpansionArg_type":3,"ExpansionArg_string":"\u0000{{2>==NULL","ExpansionArg_type_2":0,"_bound":59} start 314.5929 took 27.4117s
*-- Errors occured in test {"Switcher":false,"Target_Switch_Base":2,"ExpansionArg_type":3,"ExpansionArg_string":"\u0000{{2>==NULL","ExpansionArg_type_2":0,"_bound":59}
* Error: SyntaxError: Expected "!=", "!==", "%", "&&", "*", "+", ",", "-", "/", "<", "<=", "<==", "==", "===", ">", ">=", ">==", "?", "|", "||", "}}" or [ \n\r\t] but end of input found.
*-- Replay with NO_COMPILE=1 expoSE replay '/home/pbai002/ExpoSE/lib/Harness/src/harness.js' '{"Switcher":false,"Target_Switch_Base":2,"ExpansionArg_type":3,"ExpansionArg_string":"\u0000{{2>==NULL","ExpansionArg_type_2":0,"_bound":59}'
*-- Test Case {"Switcher":false,"Target_Switch_Base":2,"ExpansionArg_type":3,"ExpansionArg_string":"d\u0000{{B0<==\u0000\u0000\u0000\u0000\u0000","ExpansionArg_type_2":0,"_bound":82} start 300.8534 took 66.6638s
*-- Errors occured in test {"Switcher":false,"Target_Switch_Base":2,"ExpansionArg_type":3,"ExpansionArg_string":"d\u0000{{B0<==\u0000\u0000\u0000\u0000\u0000","ExpansionArg_type_2":0,"_bound":82}
* Error: SyntaxError: Expected "!", "(", "-", ".", "<~", "<~>", "Infinity", "NULL", "NaN", "^", "false", "null", "true", "undefined", "{", "~", "~>", [ \n\r\t], [0-9], [a-zA-Z_$0-9] or string but "\x00" found.
*-- Replay with NO_COMPILE=1 expoSE replay '/home/pbai002/ExpoSE/lib/Harness/src/harness.js' '{"Switcher":false,"Target_Switch_Base":2,"ExpansionArg_type":3,"ExpansionArg_string":"d\u0000{{B0<==\u0000\u0000\u0000\u0000\u0000","ExpansionArg_type_2":0,"_bound":82}'
*-- Test Case {"Switcher":false,"Target_Switch_Base":2,"ExpansionArg_type":3,"ExpansionArg_string":"\u0000\u0000\u0000{{\u0000","ExpansionArg_type_2":0,"_bound":17} start 41.2336 took 341.3988s
*-- Errors occured in test {"Switcher":false,"Target_Switch_Base":2,"ExpansionArg_type":3,"ExpansionArg_string":"\u0000\u0000\u0000{{\u0000","ExpansionArg_type_2":0,"_bound":17}
* Error: Exception E: SyntaxError: Unexpected end of JSON input of test data on 
* Error: Exception E: SyntaxError: Unexpected end of JSON input of coverage data on 
* Error: Error extracting final output - a fatal error must have occured
*-- Replay with NO_COMPILE=1 expoSE replay '/home/pbai002/ExpoSE/lib/Harness/src/harness.js' '{"Switcher":false,"Target_Switch_Base":2,"ExpansionArg_type":3,"ExpansionArg_string":"\u0000\u0000\u0000{{\u0000","ExpansionArg_type_2":0,"_bound":17}'
*-- Test Case {"Switcher":false,"Target_Switch_Base":2,"ExpansionArg_type":3,"ExpansionArg_string":"\u0000{{0==false\u0000","ExpansionArg_type_2":0,"_bound":132} start 337.9893 took 45.766s
*-- Errors occured in test {"Switcher":false,"Target_Switch_Base":2,"ExpansionArg_type":3,"ExpansionArg_string":"\u0000{{0==false\u0000","ExpansionArg_type_2":0,"_bound":132}
* Error: SyntaxError: Expected "!=", "!==", "%", "&&", "*", "+", ",", "-", "/", "<", "<=", "<==", "==", "===", ">", ">=", ">==", "?", "|", "||", "}}" or [ \n\r\t] but "\x00" found.
*-- Replay with NO_COMPILE=1 expoSE replay '/home/pbai002/ExpoSE/lib/Harness/src/harness.js' '{"Switcher":false,"Target_Switch_Base":2,"ExpansionArg_type":3,"ExpansionArg_string":"\u0000{{0==false\u0000","ExpansionArg_type_2":0,"_bound":132}'
*-- Test Case {"Switcher":false,"Target_Switch_Base":2,"ExpansionArg_type":3,"ExpansionArg_string":"\u0000{{8!=\u0000\u0000","ExpansionArg_type_2":0,"_bound":52} start 342.3136 took 46.961s
*-- Errors occured in test {"Switcher":false,"Target_Switch_Base":2,"ExpansionArg_type":3,"ExpansionArg_string":"\u0000{{8!=\u0000\u0000","ExpansionArg_type_2":0,"_bound":52}
* Error: SyntaxError: Expected "!", "(", "-", ".", "<~", "<~>", "Infinity", "NULL", "NaN", "^", "false", "null", "true", "undefined", "{", "~", "~>", [ \n\r\t], [0-9], [a-zA-Z_$0-9] or string but "\x00" found.
*-- Replay with NO_COMPILE=1 expoSE replay '/home/pbai002/ExpoSE/lib/Harness/src/harness.js' '{"Switcher":false,"Target_Switch_Base":2,"ExpansionArg_type":3,"ExpansionArg_string":"\u0000{{8!=\u0000\u0000","ExpansionArg_type_2":0,"_bound":52}'
*-- Test Case {"Switcher":false,"Target_Switch_Base":2,"ExpansionArg_type":3,"ExpansionArg_string":"\u0000\u0000\u0000\u0000\u0000{{\u0000","ExpansionArg_type_2":0,"_bound":21} start 53.1271 took 337.1658s
*-- Errors occured in test {"Switcher":false,"Target_Switch_Base":2,"ExpansionArg_type":3,"ExpansionArg_string":"\u0000\u0000\u0000\u0000\u0000{{\u0000","ExpansionArg_type_2":0,"_bound":21}
* Error: Exception E: SyntaxError: Unexpected end of JSON input of test data on 
* Error: Exception E: SyntaxError: Unexpected end of JSON input of coverage data on 
* Error: Error extracting final output - a fatal error must have occured
*-- Replay with NO_COMPILE=1 expoSE replay '/home/pbai002/ExpoSE/lib/Harness/src/harness.js' '{"Switcher":false,"Target_Switch_Base":2,"ExpansionArg_type":3,"ExpansionArg_string":"\u0000\u0000\u0000\u0000\u0000{{\u0000","ExpansionArg_type_2":0,"_bound":21}'
*-- Test Case {"Switcher":false,"Target_Switch_Base":2,"ExpansionArg_type":3,"ExpansionArg_string":"\u0000{{<~>0||\u0000\u0000\u0000\u0000","ExpansionArg_type_2":0,"_bound":64} start 337.8813 took 69.3263s
*-- Errors occured in test {"Switcher":false,"Target_Switch_Base":2,"ExpansionArg_type":3,"ExpansionArg_string":"\u0000{{<~>0||\u0000\u0000\u0000\u0000","ExpansionArg_type_2":0,"_bound":64}
* Error: SyntaxError: Expected "!", "(", "-", ".", "<~", "<~>", "Infinity", "NULL", "NaN", "^", "false", "null", "true", "undefined", "{", "~", "~>", [ \n\r\t], [0-9], [a-zA-Z_$0-9] or string but "\x00" found.
*-- Replay with NO_COMPILE=1 expoSE replay '/home/pbai002/ExpoSE/lib/Harness/src/harness.js' '{"Switcher":false,"Target_Switch_Base":2,"ExpansionArg_type":3,"ExpansionArg_string":"\u0000{{<~>0||\u0000\u0000\u0000\u0000","ExpansionArg_type_2":0,"_bound":64}'
*-- Test Case {"Switcher":false,"Target_Switch_Base":2,"ExpansionArg_type":3,"ExpansionArg_string":"\u0000\u0000{{H_||","ExpansionArg_type_2":0,"_bound":75} start 367.5775 took 56.8019s
*-- Errors occured in test {"Switcher":false,"Target_Switch_Base":2,"ExpansionArg_type":3,"ExpansionArg_string":"\u0000\u0000{{H_||","ExpansionArg_type_2":0,"_bound":75}
* Error: SyntaxError: Expected "!", "(", "-", ".", "<~", "<~>", "Infinity", "NULL", "NaN", "^", "false", "null", "true", "undefined", "{", "~", "~>", [ \n\r\t], [0-9], [a-zA-Z_$0-9] or string but end of input found.
*-- Replay with NO_COMPILE=1 expoSE replay '/home/pbai002/ExpoSE/lib/Harness/src/harness.js' '{"Switcher":false,"Target_Switch_Base":2,"ExpansionArg_type":3,"ExpansionArg_string":"\u0000\u0000{{H_||","ExpansionArg_type_2":0,"_bound":75}'
*-- Test Case {"Switcher":false,"Target_Switch_Base":2,"ExpansionArg_type":3,"ExpansionArg_string":"\u0000{{0||false\u0000\u0000\u0000\u0000","ExpansionArg_type_2":0,"_bound":53} start 390.3468 took 35.3923s
*-- Errors occured in test {"Switcher":false,"Target_Switch_Base":2,"ExpansionArg_type":3,"ExpansionArg_string":"\u0000{{0||false\u0000\u0000\u0000\u0000","ExpansionArg_type_2":0,"_bound":53}
* Error: SyntaxError: Expected "!=", "!==", "%", "&&", "*", "+", ",", "-", "/", "<", "<=", "<==", "==", "===", ">", ">=", ">==", "?", "|", "||", "}}" or [ \n\r\t] but "\x00" found.
*-- Replay with NO_COMPILE=1 expoSE replay '/home/pbai002/ExpoSE/lib/Harness/src/harness.js' '{"Switcher":false,"Target_Switch_Base":2,"ExpansionArg_type":3,"ExpansionArg_string":"\u0000{{0||false\u0000\u0000\u0000\u0000","ExpansionArg_type_2":0,"_bound":53}'
*-- Test Case {"Switcher":false,"Target_Switch_Base":2,"ExpansionArg_type":3,"ExpansionArg_string":"\n\u0000\u0000\u0000{{","ExpansionArg_type_2":0,"_bound":192} start 114.2126 took 312.6237s
*-- Errors occured in test {"Switcher":false,"Target_Switch_Base":2,"ExpansionArg_type":3,"ExpansionArg_string":"\n\u0000\u0000\u0000{{","ExpansionArg_type_2":0,"_bound":192}
* Error: Exception E: SyntaxError: Unexpected end of JSON input of test data on 
* Error: Exception E: SyntaxError: Unexpected end of JSON input of coverage data on 
* Error: Error extracting final output - a fatal error must have occured
*-- Replay with NO_COMPILE=1 expoSE replay '/home/pbai002/ExpoSE/lib/Harness/src/harness.js' '{"Switcher":false,"Target_Switch_Base":2,"ExpansionArg_type":3,"ExpansionArg_string":"\n\u0000\u0000\u0000{{","ExpansionArg_type_2":0,"_bound":192}'
*-- Test Case {"Switcher":false,"Target_Switch_Base":2,"ExpansionArg_type":3,"ExpansionArg_string":"\u0000\u0000\u0000\u0000{{<~>\u0000","ExpansionArg_type_2":0,"_bound":32} start 123.3428 took 323.265s
*-- Errors occured in test {"Switcher":false,"Target_Switch_Base":2,"ExpansionArg_type":3,"ExpansionArg_string":"\u0000\u0000\u0000\u0000{{<~>\u0000","ExpansionArg_type_2":0,"_bound":32}
* Error: Exception E: SyntaxError: Unexpected end of JSON input of test data on 
* Error: Exception E: SyntaxError: Unexpected end of JSON input of coverage data on 
* Error: Error extracting final output - a fatal error must have occured
*-- Replay with NO_COMPILE=1 expoSE replay '/home/pbai002/ExpoSE/lib/Harness/src/harness.js' '{"Switcher":false,"Target_Switch_Base":2,"ExpansionArg_type":3,"ExpansionArg_string":"\u0000\u0000\u0000\u0000{{<~>\u0000","ExpansionArg_type_2":0,"_bound":32}'
*-- Test Case {"Switcher":false,"Target_Switch_Base":2,"ExpansionArg_type":3,"ExpansionArg_string":"\u0000{{3>==false","ExpansionArg_type_2":0,"_bound":56} start 424.793 took 24.4044s
*-- Errors occured in test {"Switcher":false,"Target_Switch_Base":2,"ExpansionArg_type":3,"ExpansionArg_string":"\u0000{{3>==false","ExpansionArg_type_2":0,"_bound":56}
* Error: SyntaxError: Expected "!=", "!==", "%", "&&", "*", "+", ",", "-", "/", "<", "<=", "<==", "==", "===", ">", ">=", ">==", "?", "|", "||", "}}" or [ \n\r\t] but end of input found.
*-- Replay with NO_COMPILE=1 expoSE replay '/home/pbai002/ExpoSE/lib/Harness/src/harness.js' '{"Switcher":false,"Target_Switch_Base":2,"ExpansionArg_type":3,"ExpansionArg_string":"\u0000{{3>==false","ExpansionArg_type_2":0,"_bound":56}'
*-- Test Case {"Switcher":false,"Target_Switch_Base":2,"ExpansionArg_type":3,"ExpansionArg_string":"\u0000{{<~>0&&\u0000\u0000\u0000","ExpansionArg_type_2":0,"_bound":63} start 389.366 took 64.4717s
*-- Errors occured in test {"Switcher":false,"Target_Switch_Base":2,"ExpansionArg_type":3,"ExpansionArg_string":"\u0000{{<~>0&&\u0000\u0000\u0000","ExpansionArg_type_2":0,"_bound":63}
* Error: SyntaxError: Expected "!", "(", "-", ".", "<~", "<~>", "Infinity", "NULL", "NaN", "^", "false", "null", "true", "undefined", "{", "~", "~>", [ \n\r\t], [0-9], [a-zA-Z_$0-9] or string but "\x00" found.
*-- Replay with NO_COMPILE=1 expoSE replay '/home/pbai002/ExpoSE/lib/Harness/src/harness.js' '{"Switcher":false,"Target_Switch_Base":2,"ExpansionArg_type":3,"ExpansionArg_string":"\u0000{{<~>0&&\u0000\u0000\u0000","ExpansionArg_type_2":0,"_bound":63}'
*-- Test Case {"Switcher":false,"Target_Switch_Base":2,"ExpansionArg_type":3,"ExpansionArg_string":"\u0000{{<~8","ExpansionArg_type_2":0,"_bound":29} start 120.5134 took 335.7692s
*-- Errors occured in test {"Switcher":false,"Target_Switch_Base":2,"ExpansionArg_type":3,"ExpansionArg_string":"\u0000{{<~8","ExpansionArg_type_2":0,"_bound":29}
* Error: SyntaxError: Expected "!=", "!==", "%", "&&", "(", "()", "*", "+", ",", "-", ".", "/", "<", "<=", "<==", "=", "==", "===", ">", ">=", ">==", "?", "|", "||", "}}", [ \n\r\t] or [a-zA-Z_$0-9] but end of input found.
*-- Replay with NO_COMPILE=1 expoSE replay '/home/pbai002/ExpoSE/lib/Harness/src/harness.js' '{"Switcher":false,"Target_Switch_Base":2,"ExpansionArg_type":3,"ExpansionArg_string":"\u0000{{<~8","ExpansionArg_type_2":0,"_bound":29}'
*-- Test Case {"Switcher":false,"Target_Switch_Base":2,"ExpansionArg_type":3,"ExpansionArg_string":"\u0000\u0000{{h<==","ExpansionArg_type_2":0,"_bound":78} start 407.3137 took 52.0697s
*-- Errors occured in test {"Switcher":false,"Target_Switch_Base":2,"ExpansionArg_type":3,"ExpansionArg_string":"\u0000\u0000{{h<==","ExpansionArg_type_2":0,"_bound":78}
* Error: SyntaxError: Expected "!", "(", "-", ".", "<~", "<~>", "Infinity", "NULL", "NaN", "^", "false", "null", "true", "undefined", "{", "~", "~>", [ \n\r\t], [0-9], [a-zA-Z_$0-9] or string but end of input found.
*-- Replay with NO_COMPILE=1 expoSE replay '/home/pbai002/ExpoSE/lib/Harness/src/harness.js' '{"Switcher":false,"Target_Switch_Base":2,"ExpansionArg_type":3,"ExpansionArg_string":"\u0000\u0000{{h<==","ExpansionArg_type_2":0,"_bound":78}'
*-- Test Case {"Switcher":false,"Target_Switch_Base":2,"ExpansionArg_type":3,"ExpansionArg_string":"\u0000{{3&&\u0000\u0000\u0000\u0000\u0000\u0000\u0000","ExpansionArg_type_2":0,"_bound":49} start 426.8857 took 45.9215s
*-- Errors occured in test {"Switcher":false,"Target_Switch_Base":2,"ExpansionArg_type":3,"ExpansionArg_string":"\u0000{{3&&\u0000\u0000\u0000\u0000\u0000\u0000\u0000","ExpansionArg_type_2":0,"_bound":49}
* Error: SyntaxError: Expected "!", "(", "-", ".", "<~", "<~>", "Infinity", "NULL", "NaN", "^", "false", "null", "true", "undefined", "{", "~", "~>", [ \n\r\t], [0-9], [a-zA-Z_$0-9] or string but "\x00" found.
*-- Replay with NO_COMPILE=1 expoSE replay '/home/pbai002/ExpoSE/lib/Harness/src/harness.js' '{"Switcher":false,"Target_Switch_Base":2,"ExpansionArg_type":3,"ExpansionArg_string":"\u0000{{3&&\u0000\u0000\u0000\u0000\u0000\u0000\u0000","ExpansionArg_type_2":0,"_bound":49}'
*-- Test Case {"Switcher":false,"Target_Switch_Base":2,"ExpansionArg_type":3,"ExpansionArg_string":"\u0000\u0000\u0000\u0000{{$\u0000","ExpansionArg_type_2":0,"_bound":27} start 144.0859 took 330.722s
*-- Errors occured in test {"Switcher":false,"Target_Switch_Base":2,"ExpansionArg_type":3,"ExpansionArg_string":"\u0000\u0000\u0000\u0000{{$\u0000","ExpansionArg_type_2":0,"_bound":27}
* Error: Exception E: SyntaxError: Unexpected end of JSON input of test data on 
* Error: Exception E: SyntaxError: Unexpected end of JSON input of coverage data on 
* Error: Error extracting final output - a fatal error must have occured
*-- Replay with NO_COMPILE=1 expoSE replay '/home/pbai002/ExpoSE/lib/Harness/src/harness.js' '{"Switcher":false,"Target_Switch_Base":2,"ExpansionArg_type":3,"ExpansionArg_string":"\u0000\u0000\u0000\u0000{{$\u0000","ExpansionArg_type_2":0,"_bound":27}'
*-- Test Case {"Switcher":false,"Target_Switch_Base":2,"ExpansionArg_type":3,"ExpansionArg_string":"\u0000{{<~>3!=undefined","ExpansionArg_type_2":0,"_bound":72} start 449.2437 took 36.1236s
*-- Errors occured in test {"Switcher":false,"Target_Switch_Base":2,"ExpansionArg_type":3,"ExpansionArg_string":"\u0000{{<~>3!=undefined","ExpansionArg_type_2":0,"_bound":72}
* Error: SyntaxError: Expected "!=", "!==", "%", "&&", "*", "+", ",", "-", "/", "<", "<=", "<==", "==", "===", ">", ">=", ">==", "?", "|", "||", "}}" or [ \n\r\t] but end of input found.
*-- Replay with NO_COMPILE=1 expoSE replay '/home/pbai002/ExpoSE/lib/Harness/src/harness.js' '{"Switcher":false,"Target_Switch_Base":2,"ExpansionArg_type":3,"ExpansionArg_string":"\u0000{{<~>3!=undefined","ExpansionArg_type_2":0,"_bound":72}'
*-- Test Case {"Switcher":false,"Target_Switch_Base":2,"ExpansionArg_type":3,"ExpansionArg_string":"\u0000\u0000{{aP== ","ExpansionArg_type_2":0,"_bound":77} start 383.8607 took 102.9697s
*-- Errors occured in test {"Switcher":false,"Target_Switch_Base":2,"ExpansionArg_type":3,"ExpansionArg_string":"\u0000\u0000{{aP== ","ExpansionArg_type_2":0,"_bound":77}
* Error: SyntaxError: Expected "!", "(", "-", ".", "<~", "<~>", "Infinity", "NULL", "NaN", "^", "false", "null", "true", "undefined", "{", "~", "~>", [ \n\r\t], [0-9], [a-zA-Z_$0-9] or string but end of input found.
*-- Replay with NO_COMPILE=1 expoSE replay '/home/pbai002/ExpoSE/lib/Harness/src/harness.js' '{"Switcher":false,"Target_Switch_Base":2,"ExpansionArg_type":3,"ExpansionArg_string":"\u0000\u0000{{aP== ","ExpansionArg_type_2":0,"_bound":77}'
*-- Test Case {"Switcher":false,"Target_Switch_Base":2,"ExpansionArg_type":3,"ExpansionArg_string":"\u0000\u0000{{P||\u0000\u0000\u0000\u0000\u0000\u0000\u0000","ExpansionArg_type_2":0,"_bound":71} start 425.8499 took 64.0145s
*-- Errors occured in test {"Switcher":false,"Target_Switch_Base":2,"ExpansionArg_type":3,"ExpansionArg_string":"\u0000\u0000{{P||\u0000\u0000\u0000\u0000\u0000\u0000\u0000","ExpansionArg_type_2":0,"_bound":71}
* Error: SyntaxError: Expected "!", "(", "-", ".", "<~", "<~>", "Infinity", "NULL", "NaN", "^", "false", "null", "true", "undefined", "{", "~", "~>", [ \n\r\t], [0-9], [a-zA-Z_$0-9] or string but "\x00" found.
*-- Replay with NO_COMPILE=1 expoSE replay '/home/pbai002/ExpoSE/lib/Harness/src/harness.js' '{"Switcher":false,"Target_Switch_Base":2,"ExpansionArg_type":3,"ExpansionArg_string":"\u0000\u0000{{P||\u0000\u0000\u0000\u0000\u0000\u0000\u0000","ExpansionArg_type_2":0,"_bound":71}'
*-- Test Case {"Switcher":false,"Target_Switch_Base":2,"ExpansionArg_type":3,"ExpansionArg_string":"\u0000{{<~>3!=false","ExpansionArg_type_2":0,"_bound":71} start 459.65 took 31.1949s
*-- Errors occured in test {"Switcher":false,"Target_Switch_Base":2,"ExpansionArg_type":3,"ExpansionArg_string":"\u0000{{<~>3!=false","ExpansionArg_type_2":0,"_bound":71}
* Error: SyntaxError: Expected "!=", "!==", "%", "&&", "*", "+", ",", "-", "/", "<", "<=", "<==", "==", "===", ">", ">=", ">==", "?", "|", "||", "}}" or [ \n\r\t] but end of input found.
*-- Replay with NO_COMPILE=1 expoSE replay '/home/pbai002/ExpoSE/lib/Harness/src/harness.js' '{"Switcher":false,"Target_Switch_Base":2,"ExpansionArg_type":3,"ExpansionArg_string":"\u0000{{<~>3!=false","ExpansionArg_type_2":0,"_bound":71}'
*-- Test Case {"Switcher":false,"Target_Switch_Base":2,"ExpansionArg_type":3,"ExpansionArg_string":"\u0000{{a\u0000","ExpansionArg_type_2":0,"_bound":26} start 159.7137 took 333.9313s
*-- Errors occured in test {"Switcher":false,"Target_Switch_Base":2,"ExpansionArg_type":3,"ExpansionArg_string":"\u0000{{a\u0000","ExpansionArg_type_2":0,"_bound":26}
* Error: SyntaxError: Expected "!=", "!==", "%", "&&", "(", "()", "*", "+", ",", "-", ".", "/", ":", "<", "<=", "<==", "=", "==", "===", ">", ">=", ">==", "?", "|", "||", "}}", [ \n\r\t] or [a-zA-Z_$0-9] but "\x00" found.
*-- Replay with NO_COMPILE=1 expoSE replay '/home/pbai002/ExpoSE/lib/Harness/src/harness.js' '{"Switcher":false,"Target_Switch_Base":2,"ExpansionArg_type":3,"ExpansionArg_string":"\u0000{{a\u0000","ExpansionArg_type_2":0,"_bound":26}'
*-- Test Case {"Switcher":false,"Target_Switch_Base":2,"ExpansionArg_type":3,"ExpansionArg_string":"\u0000\u0000{{P&&","ExpansionArg_type_2":0,"_bound":70} start 456.3733 took 51.0757s
*-- Errors occured in test {"Switcher":false,"Target_Switch_Base":2,"ExpansionArg_type":3,"ExpansionArg_string":"\u0000\u0000{{P&&","ExpansionArg_type_2":0,"_bound":70}
* Error: SyntaxError: Expected "!", "(", "-", ".", "<~", "<~>", "Infinity", "NULL", "NaN", "^", "false", "null", "true", "undefined", "{", "~", "~>", [ \n\r\t], [0-9], [a-zA-Z_$0-9] or string but end of input found.
*-- Replay with NO_COMPILE=1 expoSE replay '/home/pbai002/ExpoSE/lib/Harness/src/harness.js' '{"Switcher":false,"Target_Switch_Base":2,"ExpansionArg_type":3,"ExpansionArg_string":"\u0000\u0000{{P&&","ExpansionArg_type_2":0,"_bound":70}'
*-- Test Case {"Switcher":false,"Target_Switch_Base":2,"ExpansionArg_type":3,"ExpansionArg_string":"\u0000{{0>==Infinity!=\u0000","ExpansionArg_type_2":0,"_bound":68} start 446.8558 took 69.1559s
*-- Errors occured in test {"Switcher":false,"Target_Switch_Base":2,"ExpansionArg_type":3,"ExpansionArg_string":"\u0000{{0>==Infinity!=\u0000","ExpansionArg_type_2":0,"_bound":68}
* Error: SyntaxError: Expected "!", "(", "-", ".", "<~", "<~>", "Infinity", "NULL", "NaN", "^", "false", "null", "true", "undefined", "{", "~", "~>", [ \n\r\t], [0-9], [a-zA-Z_$0-9] or string but "\x00" found.
*-- Replay with NO_COMPILE=1 expoSE replay '/home/pbai002/ExpoSE/lib/Harness/src/harness.js' '{"Switcher":false,"Target_Switch_Base":2,"ExpansionArg_type":3,"ExpansionArg_string":"\u0000{{0>==Infinity!=\u0000","ExpansionArg_type_2":0,"_bound":68}'
*-- Test Case {"Switcher":false,"Target_Switch_Base":2,"ExpansionArg_type":3,"ExpansionArg_string":"\u0000{{0||NaN\u0000\u0000\u0000\u0000","ExpansionArg_type_2":0,"_bound":57} start 493.7308 took 34.202s
*-- Errors occured in test {"Switcher":false,"Target_Switch_Base":2,"ExpansionArg_type":3,"ExpansionArg_string":"\u0000{{0||NaN\u0000\u0000\u0000\u0000","ExpansionArg_type_2":0,"_bound":57}
* Error: SyntaxError: Expected "!=", "!==", "%", "&&", "*", "+", ",", "-", "/", "<", "<=", "<==", "==", "===", ">", ">=", ">==", "?", "|", "||", "}}" or [ \n\r\t] but "\x00" found.
*-- Replay with NO_COMPILE=1 expoSE replay '/home/pbai002/ExpoSE/lib/Harness/src/harness.js' '{"Switcher":false,"Target_Switch_Base":2,"ExpansionArg_type":3,"ExpansionArg_string":"\u0000{{0||NaN\u0000\u0000\u0000\u0000","ExpansionArg_type_2":0,"_bound":57}'
*-- Test Case {"Switcher":false,"Target_Switch_Base":2,"ExpansionArg_type":3,"ExpansionArg_string":"\u0000{{8!==\u0000@\u0002","ExpansionArg_type_2":0,"_bound":51} start 491.3293 took 46.4542s
*-- Errors occured in test {"Switcher":false,"Target_Switch_Base":2,"ExpansionArg_type":3,"ExpansionArg_string":"\u0000{{8!==\u0000@\u0002","ExpansionArg_type_2":0,"_bound":51}
* Error: SyntaxError: Expected "!", "(", "-", ".", "<~", "<~>", "Infinity", "NULL", "NaN", "^", "false", "null", "true", "undefined", "{", "~", "~>", [ \n\r\t], [0-9], [a-zA-Z_$0-9] or string but "\x00" found.
*-- Replay with NO_COMPILE=1 expoSE replay '/home/pbai002/ExpoSE/lib/Harness/src/harness.js' '{"Switcher":false,"Target_Switch_Base":2,"ExpansionArg_type":3,"ExpansionArg_string":"\u0000{{8!==\u0000@\u0002","ExpansionArg_type_2":0,"_bound":51}'
*-- Test Case {"Switcher":false,"Target_Switch_Base":2,"ExpansionArg_type":3,"ExpansionArg_string":"\u0000\u0000{{h>=false>=","ExpansionArg_type_2":0,"_bound":89} start 485.4465 took 52.6241s
*-- Errors occured in test {"Switcher":false,"Target_Switch_Base":2,"ExpansionArg_type":3,"ExpansionArg_string":"\u0000\u0000{{h>=false>=","ExpansionArg_type_2":0,"_bound":89}
* Error: SyntaxError: Expected "!", "(", "-", ".", "<~", "<~>", "Infinity", "NULL", "NaN", "^", "false", "null", "true", "undefined", "{", "~", "~>", [ \n\r\t], [0-9], [a-zA-Z_$0-9] or string but end of input found.
*-- Replay with NO_COMPILE=1 expoSE replay '/home/pbai002/ExpoSE/lib/Harness/src/harness.js' '{"Switcher":false,"Target_Switch_Base":2,"ExpansionArg_type":3,"ExpansionArg_string":"\u0000\u0000{{h>=false>=","ExpansionArg_type_2":0,"_bound":89}'
*-- Test Case {"Switcher":false,"Target_Switch_Base":2,"ExpansionArg_type":3,"ExpansionArg_string":"\u0000{{<~>p<=\u0000\u0000","ExpansionArg_type_2":0,"_bound":72} start 489.9722 took 60.168s
*-- Errors occured in test {"Switcher":false,"Target_Switch_Base":2,"ExpansionArg_type":3,"ExpansionArg_string":"\u0000{{<~>p<=\u0000\u0000","ExpansionArg_type_2":0,"_bound":72}
* Error: SyntaxError: Expected "!", "(", "-", ".", "<~", "<~>", "Infinity", "NULL", "NaN", "^", "false", "null", "true", "undefined", "{", "~", "~>", [ \n\r\t], [0-9], [a-zA-Z_$0-9] or string but "\x00" found.
*-- Replay with NO_COMPILE=1 expoSE replay '/home/pbai002/ExpoSE/lib/Harness/src/harness.js' '{"Switcher":false,"Target_Switch_Base":2,"ExpansionArg_type":3,"ExpansionArg_string":"\u0000{{<~>p<=\u0000\u0000","ExpansionArg_type_2":0,"_bound":72}'
*-- Test Case {"Switcher":false,"Target_Switch_Base":2,"ExpansionArg_type":3,"ExpansionArg_string":"\u0000{{0<==\u0000\u0000\u0000\u0000\u0000\u0000","ExpansionArg_type_2":0,"_bound":55} start 507.5218 took 49.9302s
*-- Errors occured in test {"Switcher":false,"Target_Switch_Base":2,"ExpansionArg_type":3,"ExpansionArg_string":"\u0000{{0<==\u0000\u0000\u0000\u0000\u0000\u0000","ExpansionArg_type_2":0,"_bound":55}
* Error: SyntaxError: Expected "!", "(", "-", ".", "<~", "<~>", "Infinity", "NULL", "NaN", "^", "false", "null", "true", "undefined", "{", "~", "~>", [ \n\r\t], [0-9], [a-zA-Z_$0-9] or string but "\x00" found.
*-- Replay with NO_COMPILE=1 expoSE replay '/home/pbai002/ExpoSE/lib/Harness/src/harness.js' '{"Switcher":false,"Target_Switch_Base":2,"ExpansionArg_type":3,"ExpansionArg_string":"\u0000{{0<==\u0000\u0000\u0000\u0000\u0000\u0000","ExpansionArg_type_2":0,"_bound":55}'
*-- Test Case {"Switcher":false,"Target_Switch_Base":2,"ExpansionArg_type":3,"ExpansionArg_string":"\u0000\u0000{{h>=~>\u0000","ExpansionArg_type_2":0,"_bound":88} start 516.0735 took 48.685s
*-- Errors occured in test {"Switcher":false,"Target_Switch_Base":2,"ExpansionArg_type":3,"ExpansionArg_string":"\u0000\u0000{{h>=~>\u0000","ExpansionArg_type_2":0,"_bound":88}
* Error: SyntaxError: Expected [ \n\r\t] or [a-zA-Z_$0-9] but "\x00" found.
*-- Replay with NO_COMPILE=1 expoSE replay '/home/pbai002/ExpoSE/lib/Harness/src/harness.js' '{"Switcher":false,"Target_Switch_Base":2,"ExpansionArg_type":3,"ExpansionArg_string":"\u0000\u0000{{h>=~>\u0000","ExpansionArg_type_2":0,"_bound":88}'
*-- Test Case {"Switcher":false,"Target_Switch_Base":2,"ExpansionArg_type":3,"ExpansionArg_string":"$\u0000{{DH==  ","ExpansionArg_type_2":0,"_bound":158} start 486.8804 took 83.4462s
*-- Errors occured in test {"Switcher":false,"Target_Switch_Base":2,"ExpansionArg_type":3,"ExpansionArg_string":"$\u0000{{DH==  ","ExpansionArg_type_2":0,"_bound":158}
* Error: SyntaxError: Expected "!", "(", "-", ".", "<~", "<~>", "Infinity", "NULL", "NaN", "^", "false", "null", "true", "undefined", "{", "~", "~>", [ \n\r\t], [0-9], [a-zA-Z_$0-9] or string but end of input found.
*-- Replay with NO_COMPILE=1 expoSE replay '/home/pbai002/ExpoSE/lib/Harness/src/harness.js' '{"Switcher":false,"Target_Switch_Base":2,"ExpansionArg_type":3,"ExpansionArg_string":"$\u0000{{DH==  ","ExpansionArg_type_2":0,"_bound":158}'
*-- Test Case {"Switcher":false,"Target_Switch_Base":2,"ExpansionArg_type":3,"ExpansionArg_string":"\u0000{{<~>0===\u0000\u0000\u0000","ExpansionArg_type_2":0,"_bound":65} start 474.8571 took 100.77s
*-- Errors occured in test {"Switcher":false,"Target_Switch_Base":2,"ExpansionArg_type":3,"ExpansionArg_string":"\u0000{{<~>0===\u0000\u0000\u0000","ExpansionArg_type_2":0,"_bound":65}
* Error: SyntaxError: Expected "!", "(", "-", ".", "<~", "<~>", "Infinity", "NULL", "NaN", "^", "false", "null", "true", "undefined", "{", "~", "~>", [ \n\r\t], [0-9], [a-zA-Z_$0-9] or string but "\x00" found.
*-- Replay with NO_COMPILE=1 expoSE replay '/home/pbai002/ExpoSE/lib/Harness/src/harness.js' '{"Switcher":false,"Target_Switch_Base":2,"ExpansionArg_type":3,"ExpansionArg_string":"\u0000{{<~>0===\u0000\u0000\u0000","ExpansionArg_type_2":0,"_bound":65}'
*-- Test Case {"Switcher":false,"Target_Switch_Base":2,"ExpansionArg_type":3,"ExpansionArg_string":"\u0000{{0<=","ExpansionArg_type_2":0,"_bound":56} start 537.8433 took 39.7802s
*-- Errors occured in test {"Switcher":false,"Target_Switch_Base":2,"ExpansionArg_type":3,"ExpansionArg_string":"\u0000{{0<=","ExpansionArg_type_2":0,"_bound":56}
* Error: SyntaxError: Expected "!", "(", "-", ".", "<~", "<~>", "Infinity", "NULL", "NaN", "^", "false", "null", "true", "undefined", "{", "~", "~>", [ \n\r\t], [0-9], [a-zA-Z_$0-9] or string but end of input found.
*-- Replay with NO_COMPILE=1 expoSE replay '/home/pbai002/ExpoSE/lib/Harness/src/harness.js' '{"Switcher":false,"Target_Switch_Base":2,"ExpansionArg_type":3,"ExpansionArg_string":"\u0000{{0<=","ExpansionArg_type_2":0,"_bound":56}'
*-- Test Case {"Switcher":false,"Target_Switch_Base":2,"ExpansionArg_type":3,"ExpansionArg_string":"\u0000\u0000{{Kz_","ExpansionArg_type_2":0,"_bound":25} start 550.2246 took 40.2208s
*-- Errors occured in test {"Switcher":false,"Target_Switch_Base":2,"ExpansionArg_type":3,"ExpansionArg_string":"\u0000\u0000{{Kz_","ExpansionArg_type_2":0,"_bound":25}
* Error: SyntaxError: Expected "!=", "!==", "%", "&&", "(", "()", "*", "+", ",", "-", ".", "/", ":", "<", "<=", "<==", "=", "==", "===", ">", ">=", ">==", "?", "|", "||", "}}", [ \n\r\t] or [a-zA-Z_$0-9] but end of input found.
*-- Replay with NO_COMPILE=1 expoSE replay '/home/pbai002/ExpoSE/lib/Harness/src/harness.js' '{"Switcher":false,"Target_Switch_Base":2,"ExpansionArg_type":3,"ExpansionArg_string":"\u0000\u0000{{Kz_","ExpansionArg_type_2":0,"_bound":25}'
*-- Test Case {"Switcher":false,"Target_Switch_Base":2,"ExpansionArg_type":3,"ExpansionArg_string":"\u0000\u0000{{p>=false>==\u0000","ExpansionArg_type_2":0,"_bound":88} start 538.137 took 63.4046s
*-- Errors occured in test {"Switcher":false,"Target_Switch_Base":2,"ExpansionArg_type":3,"ExpansionArg_string":"\u0000\u0000{{p>=false>==\u0000","ExpansionArg_type_2":0,"_bound":88}
* Error: SyntaxError: Expected "!", "(", "-", ".", "<~", "<~>", "Infinity", "NULL", "NaN", "^", "false", "null", "true", "undefined", "{", "~", "~>", [ \n\r\t], [0-9], [a-zA-Z_$0-9] or string but "\x00" found.
*-- Replay with NO_COMPILE=1 expoSE replay '/home/pbai002/ExpoSE/lib/Harness/src/harness.js' '{"Switcher":false,"Target_Switch_Base":2,"ExpansionArg_type":3,"ExpansionArg_string":"\u0000\u0000{{p>=false>==\u0000","ExpansionArg_type_2":0,"_bound":88}'
*-- Test Case {"Switcher":false,"Target_Switch_Base":2,"ExpansionArg_type":3,"ExpansionArg_string":"\u0000\u0000{{P!==\u0000\u0000\u0000\u0000","ExpansionArg_type_2":0,"_bound":74} start 287.8996 took 316.0284s
*-- Errors occured in test {"Switcher":false,"Target_Switch_Base":2,"ExpansionArg_type":3,"ExpansionArg_string":"\u0000\u0000{{P!==\u0000\u0000\u0000\u0000","ExpansionArg_type_2":0,"_bound":74}
* Error: Exception E: SyntaxError: Unexpected end of JSON input of test data on 
* Error: Exception E: SyntaxError: Unexpected end of JSON input of coverage data on 
* Error: Error extracting final output - a fatal error must have occured
*-- Replay with NO_COMPILE=1 expoSE replay '/home/pbai002/ExpoSE/lib/Harness/src/harness.js' '{"Switcher":false,"Target_Switch_Base":2,"ExpansionArg_type":3,"ExpansionArg_string":"\u0000\u0000{{P!==\u0000\u0000\u0000\u0000","ExpansionArg_type_2":0,"_bound":74}'
*-- Test Case {"Switcher":false,"Target_Switch_Base":2,"ExpansionArg_type":3,"ExpansionArg_string":"\u0000{{p>=false!=","ExpansionArg_type_2":0,"_bound":87} start 557.5478 took 47.6032s
*-- Errors occured in test {"Switcher":false,"Target_Switch_Base":2,"ExpansionArg_type":3,"ExpansionArg_string":"\u0000{{p>=false!=","ExpansionArg_type_2":0,"_bound":87}
* Error: SyntaxError: Expected "!", "(", "-", ".", "<~", "<~>", "Infinity", "NULL", "NaN", "^", "false", "null", "true", "undefined", "{", "~", "~>", [ \n\r\t], [0-9], [a-zA-Z_$0-9] or string but end of input found.
*-- Replay with NO_COMPILE=1 expoSE replay '/home/pbai002/ExpoSE/lib/Harness/src/harness.js' '{"Switcher":false,"Target_Switch_Base":2,"ExpansionArg_type":3,"ExpansionArg_string":"\u0000{{p>=false!=","ExpansionArg_type_2":0,"_bound":87}'
*-- Test Case {"Switcher":false,"Target_Switch_Base":2,"ExpansionArg_type":3,"ExpansionArg_string":"\u0000{{0==NULL","ExpansionArg_type_2":0,"_bound":135} start 577.6773 took 35.7104s
*-- Errors occured in test {"Switcher":false,"Target_Switch_Base":2,"ExpansionArg_type":3,"ExpansionArg_string":"\u0000{{0==NULL","ExpansionArg_type_2":0,"_bound":135}
* Error: SyntaxError: Expected "!=", "!==", "%", "&&", "*", "+", ",", "-", "/", "<", "<=", "<==", "==", "===", ">", ">=", ">==", "?", "|", "||", "}}" or [ \n\r\t] but end of input found.
*-- Replay with NO_COMPILE=1 expoSE replay '/home/pbai002/ExpoSE/lib/Harness/src/harness.js' '{"Switcher":false,"Target_Switch_Base":2,"ExpansionArg_type":3,"ExpansionArg_string":"\u0000{{0==NULL","ExpansionArg_type_2":0,"_bound":135}'
*-- Test Case {"Switcher":false,"Target_Switch_Base":2,"ExpansionArg_type":3,"ExpansionArg_string":"\u0000{{<~>p}}\u0000\u0000","ExpansionArg_type_2":0,"_bound":185} start 605.4221 took 15.0354s
*-- Errors occured in test {"Switcher":false,"Target_Switch_Base":2,"ExpansionArg_type":3,"ExpansionArg_string":"\u0000{{<~>p}}\u0000\u0000","ExpansionArg_type_2":0,"_bound":185}
* Error: SyntaxError: missing ) after argument list
*-- Replay with NO_COMPILE=1 expoSE replay '/home/pbai002/ExpoSE/lib/Harness/src/harness.js' '{"Switcher":false,"Target_Switch_Base":2,"ExpansionArg_type":3,"ExpansionArg_string":"\u0000{{<~>p}}\u0000\u0000","ExpansionArg_type_2":0,"_bound":185}'
*-- Test Case {"Switcher":false,"Target_Switch_Base":2,"ExpansionArg_type":3,"ExpansionArg_string":"\u0000\u0000{{B>=Infinity\u0000","ExpansionArg_type_2":0,"_bound":85} start 575.9965 took 44.5572s
*-- Errors occured in test {"Switcher":false,"Target_Switch_Base":2,"ExpansionArg_type":3,"ExpansionArg_string":"\u0000\u0000{{B>=Infinity\u0000","ExpansionArg_type_2":0,"_bound":85}
* Error: SyntaxError: Expected "!=", "!==", "%", "&&", "*", "+", ",", "-", "/", "<", "<=", "<==", "==", "===", ">", ">=", ">==", "?", "|", "||", "}}" or [ \n\r\t] but "\x00" found.
*-- Replay with NO_COMPILE=1 expoSE replay '/home/pbai002/ExpoSE/lib/Harness/src/harness.js' '{"Switcher":false,"Target_Switch_Base":2,"ExpansionArg_type":3,"ExpansionArg_string":"\u0000\u0000{{B>=Infinity\u0000","ExpansionArg_type_2":0,"_bound":85}'
*-- Test Case {"Switcher":false,"Target_Switch_Base":2,"ExpansionArg_type":3,"ExpansionArg_string":"{{0&&\u0000","ExpansionArg_type_2":0,"_bound":47} start 590.5223 took 41.692s
*-- Errors occured in test {"Switcher":false,"Target_Switch_Base":2,"ExpansionArg_type":3,"ExpansionArg_string":"{{0&&\u0000","ExpansionArg_type_2":0,"_bound":47}
* Error: SyntaxError: Expected "!", "(", "-", ".", "<~", "<~>", "Infinity", "NULL", "NaN", "^", "false", "null", "true", "undefined", "{", "~", "~>", [ \n\r\t], [0-9], [a-zA-Z_$0-9] or string but "\x00" found.
*-- Replay with NO_COMPILE=1 expoSE replay '/home/pbai002/ExpoSE/lib/Harness/src/harness.js' '{"Switcher":false,"Target_Switch_Base":2,"ExpansionArg_type":3,"ExpansionArg_string":"{{0&&\u0000","ExpansionArg_type_2":0,"_bound":47}'
*-- Test Case {"Switcher":false,"Target_Switch_Base":2,"ExpansionArg_type":3,"ExpansionArg_string":"@{{0>==0\u0000","ExpansionArg_type_2":0,"_bound":63} start 311.054 took 327.0962s
*-- Errors occured in test {"Switcher":false,"Target_Switch_Base":2,"ExpansionArg_type":3,"ExpansionArg_string":"@{{0>==0\u0000","ExpansionArg_type_2":0,"_bound":63}
* Error: SyntaxError: Expected "!=", "!==", "%", "&&", "(", "()", "*", "+", ",", "-", ".", "/", "<", "<=", "<==", "==", "===", ">", ">=", ">==", "?", "|", "||", "}}", [ \n\r\t] or [0-9] but "\x00" found.
*-- Replay with NO_COMPILE=1 expoSE replay '/home/pbai002/ExpoSE/lib/Harness/src/harness.js' '{"Switcher":false,"Target_Switch_Base":2,"ExpansionArg_type":3,"ExpansionArg_string":"@{{0>==0\u0000","ExpansionArg_type_2":0,"_bound":63}'
*-- Test Case {"Switcher":false,"Target_Switch_Base":2,"ExpansionArg_type":3,"ExpansionArg_string":"\u0000\u0000{{P==\u0000\u0000\u0000\u0000\u0000\u0000","ExpansionArg_type_2":0,"_bound":73} start 334.4145 took 312.2328s
*-- Errors occured in test {"Switcher":false,"Target_Switch_Base":2,"ExpansionArg_type":3,"ExpansionArg_string":"\u0000\u0000{{P==\u0000\u0000\u0000\u0000\u0000\u0000","ExpansionArg_type_2":0,"_bound":73}
* Error: Exception E: SyntaxError: Unexpected end of JSON input of test data on 
* Error: Exception E: SyntaxError: Unexpected end of JSON input of coverage data on 
* Error: Error extracting final output - a fatal error must have occured
*-- Replay with NO_COMPILE=1 expoSE replay '/home/pbai002/ExpoSE/lib/Harness/src/harness.js' '{"Switcher":false,"Target_Switch_Base":2,"ExpansionArg_type":3,"ExpansionArg_string":"\u0000\u0000{{P==\u0000\u0000\u0000\u0000\u0000\u0000","ExpansionArg_type_2":0,"_bound":73}'
*-- Test Case {"Switcher":false,"Target_Switch_Base":2,"ExpansionArg_type":3,"ExpansionArg_string":"\u0000{{<~>yP","ExpansionArg_type_2":0,"_bound":29} start 620.5083 took 32.5935s
*-- Errors occured in test {"Switcher":false,"Target_Switch_Base":2,"ExpansionArg_type":3,"ExpansionArg_string":"\u0000{{<~>yP","ExpansionArg_type_2":0,"_bound":29}
* Error: SyntaxError: Expected "!=", "!==", "%", "&&", "(", "()", "*", "+", ",", "-", ".", "/", "<", "<=", "<==", "=", "==", "===", ">", ">=", ">==", "?", "|", "||", "}}", [ \n\r\t] or [a-zA-Z_$0-9] but end of input found.
*-- Replay with NO_COMPILE=1 expoSE replay '/home/pbai002/ExpoSE/lib/Harness/src/harness.js' '{"Switcher":false,"Target_Switch_Base":2,"ExpansionArg_type":3,"ExpansionArg_string":"\u0000{{<~>yP","ExpansionArg_type_2":0,"_bound":29}'
*-- Test Case {"Switcher":false,"Target_Switch_Base":2,"ExpansionArg_type":3,"ExpansionArg_string":"\u0000{{<~>P>==Infinity\u0000\u0000\u0000","ExpansionArg_type_2":0,"_bound":77} start 603.9772 took 54.3773s
*-- Errors occured in test {"Switcher":false,"Target_Switch_Base":2,"ExpansionArg_type":3,"ExpansionArg_string":"\u0000{{<~>P>==Infinity\u0000\u0000\u0000","ExpansionArg_type_2":0,"_bound":77}
* Error: SyntaxError: Expected "!=", "!==", "%", "&&", "*", "+", ",", "-", "/", "<", "<=", "<==", "==", "===", ">", ">=", ">==", "?", "|", "||", "}}" or [ \n\r\t] but "\x00" found.
*-- Replay with NO_COMPILE=1 expoSE replay '/home/pbai002/ExpoSE/lib/Harness/src/harness.js' '{"Switcher":false,"Target_Switch_Base":2,"ExpansionArg_type":3,"ExpansionArg_string":"\u0000{{<~>P>==Infinity\u0000\u0000\u0000","ExpansionArg_type_2":0,"_bound":77}'
*-- Test Case {"Switcher":false,"Target_Switch_Base":2,"ExpansionArg_type":3,"ExpansionArg_string":"\u0000{{<~>p<==\u0000\u0000\u0000","ExpansionArg_type_2":0,"_bound":71} start 601.5872 took 59.466s
*-- Errors occured in test {"Switcher":false,"Target_Switch_Base":2,"ExpansionArg_type":3,"ExpansionArg_string":"\u0000{{<~>p<==\u0000\u0000\u0000","ExpansionArg_type_2":0,"_bound":71}
* Error: SyntaxError: Expected "!", "(", "-", ".", "<~", "<~>", "Infinity", "NULL", "NaN", "^", "false", "null", "true", "undefined", "{", "~", "~>", [ \n\r\t], [0-9], [a-zA-Z_$0-9] or string but "\x00" found.
*-- Replay with NO_COMPILE=1 expoSE replay '/home/pbai002/ExpoSE/lib/Harness/src/harness.js' '{"Switcher":false,"Target_Switch_Base":2,"ExpansionArg_type":3,"ExpansionArg_string":"\u0000{{<~>p<==\u0000\u0000\u0000","ExpansionArg_type_2":0,"_bound":71}'
*-- Test Case {"Switcher":false,"Target_Switch_Base":2,"ExpansionArg_type":3,"ExpansionArg_string":"\u0000{{0() \u0000","ExpansionArg_type_2":0,"_bound":41} start 527.9862 took 142.8187s
*-- Errors occured in test {"Switcher":false,"Target_Switch_Base":2,"ExpansionArg_type":3,"ExpansionArg_string":"\u0000{{0() \u0000","ExpansionArg_type_2":0,"_bound":41}
* Error: SyntaxError: Expected "!=", "!==", "%", "&&", "*", "+", ",", "-", "/", "<", "<=", "<==", "==", "===", ">", ">=", ">==", "?", "||", "}}" or [ \n\r\t] but "\x00" found.
*-- Replay with NO_COMPILE=1 expoSE replay '/home/pbai002/ExpoSE/lib/Harness/src/harness.js' '{"Switcher":false,"Target_Switch_Base":2,"ExpansionArg_type":3,"ExpansionArg_string":"\u0000{{0() \u0000","ExpansionArg_type_2":0,"_bound":41}'
*-- Test Case {"Switcher":false,"Target_Switch_Base":2,"ExpansionArg_type":3,"ExpansionArg_string":"\u0000{{0>=NULL","ExpansionArg_type_2":0,"_bound":60} start 653.3608 took 26.1779s
*-- Errors occured in test {"Switcher":false,"Target_Switch_Base":2,"ExpansionArg_type":3,"ExpansionArg_string":"\u0000{{0>=NULL","ExpansionArg_type_2":0,"_bound":60}
* Error: SyntaxError: Expected "!=", "!==", "%", "&&", "*", "+", ",", "-", "/", "<", "<=", "<==", "==", "===", ">", ">=", ">==", "?", "|", "||", "}}" or [ \n\r\t] but end of input found.
*-- Replay with NO_COMPILE=1 expoSE replay '/home/pbai002/ExpoSE/lib/Harness/src/harness.js' '{"Switcher":false,"Target_Switch_Base":2,"ExpansionArg_type":3,"ExpansionArg_string":"\u0000{{0>=NULL","ExpansionArg_type_2":0,"_bound":60}'
*-- Test Case {"Switcher":false,"Target_Switch_Base":2,"ExpansionArg_type":3,"ExpansionArg_string":"\u0000{{3>==22\u0000\u0000\u0000\u0000\u0000\u0000\u0000\u0000\u0000\u0000","ExpansionArg_type_2":0,"_bound":64} start 638.6457 took 42.2405s
*-- Errors occured in test {"Switcher":false,"Target_Switch_Base":2,"ExpansionArg_type":3,"ExpansionArg_string":"\u0000{{3>==22\u0000\u0000\u0000\u0000\u0000\u0000\u0000\u0000\u0000\u0000","ExpansionArg_type_2":0,"_bound":64}
* Error: SyntaxError: Expected "!=", "!==", "%", "&&", "(", "()", "*", "+", ",", "-", ".", "/", "<", "<=", "<==", "==", "===", ">", ">=", ">==", "?", "|", "||", "}}", [ \n\r\t] or [0-9] but "\x00" found.
*-- Replay with NO_COMPILE=1 expoSE replay '/home/pbai002/ExpoSE/lib/Harness/src/harness.js' '{"Switcher":false,"Target_Switch_Base":2,"ExpansionArg_type":3,"ExpansionArg_string":"\u0000{{3>==22\u0000\u0000\u0000\u0000\u0000\u0000\u0000\u0000\u0000\u0000","ExpansionArg_type_2":0,"_bound":64}'
*-- Test Case {"Switcher":false,"Target_Switch_Base":2,"ExpansionArg_type":3,"ExpansionArg_string":"\b\u0000{{ss==nr \u0000\u0000\u0000","ExpansionArg_type_2":0,"_bound":159} start 570.397 took 118.8903s
*-- Errors occured in test {"Switcher":false,"Target_Switch_Base":2,"ExpansionArg_type":3,"ExpansionArg_string":"\b\u0000{{ss==nr \u0000\u0000\u0000","ExpansionArg_type_2":0,"_bound":159}
* Error: SyntaxError: Expected "!=", "!==", "%", "&&", "(", "()", "*", "+", ",", "-", "/", "<", "<=", "<==", "==", "===", ">", ">=", ">==", "?", "|", "||", "}}" or [ \n\r\t] but "\x00" found.
*-- Replay with NO_COMPILE=1 expoSE replay '/home/pbai002/ExpoSE/lib/Harness/src/harness.js' '{"Switcher":false,"Target_Switch_Base":2,"ExpansionArg_type":3,"ExpansionArg_string":"\b\u0000{{ss==nr \u0000\u0000\u0000","ExpansionArg_type_2":0,"_bound":159}'
*-- Test Case {"Switcher":false,"Target_Switch_Base":2,"ExpansionArg_type":3,"ExpansionArg_string":"\u0000{{<~>0>==undefined","ExpansionArg_type_2":0,"_bound":73} start 661.1586 took 34.8659s
*-- Errors occured in test {"Switcher":false,"Target_Switch_Base":2,"ExpansionArg_type":3,"ExpansionArg_string":"\u0000{{<~>0>==undefined","ExpansionArg_type_2":0,"_bound":73}
* Error: SyntaxError: Expected "!=", "!==", "%", "&&", "*", "+", ",", "-", "/", "<", "<=", "<==", "==", "===", ">", ">=", ">==", "?", "|", "||", "}}" or [ \n\r\t] but end of input found.
*-- Replay with NO_COMPILE=1 expoSE replay '/home/pbai002/ExpoSE/lib/Harness/src/harness.js' '{"Switcher":false,"Target_Switch_Base":2,"ExpansionArg_type":3,"ExpansionArg_string":"\u0000{{<~>0>==undefined","ExpansionArg_type_2":0,"_bound":73}'
*-- Test Case {"Switcher":false,"Target_Switch_Base":2,"ExpansionArg_type":3,"ExpansionArg_string":"\u0000\u0000{{z>=false===","ExpansionArg_type_2":0,"_bound":84} start 646.6738 took 51.0569s
*-- Errors occured in test {"Switcher":false,"Target_Switch_Base":2,"ExpansionArg_type":3,"ExpansionArg_string":"\u0000\u0000{{z>=false===","ExpansionArg_type_2":0,"_bound":84}
* Error: SyntaxError: Expected "!", "(", "-", ".", "<~", "<~>", "Infinity", "NULL", "NaN", "^", "false", "null", "true", "undefined", "{", "~", "~>", [ \n\r\t], [0-9], [a-zA-Z_$0-9] or string but end of input found.
*-- Replay with NO_COMPILE=1 expoSE replay '/home/pbai002/ExpoSE/lib/Harness/src/harness.js' '{"Switcher":false,"Target_Switch_Base":2,"ExpansionArg_type":3,"ExpansionArg_string":"\u0000\u0000{{z>=false===","ExpansionArg_type_2":0,"_bound":84}'
*-- Test Case {"Switcher":false,"Target_Switch_Base":2,"ExpansionArg_type":3,"ExpansionArg_string":"\u0000\r\u0000\u0000{{","ExpansionArg_type_2":0,"_bound":197} start 689.3496 took 12.207s
*-- Errors occured in test {"Switcher":false,"Target_Switch_Base":2,"ExpansionArg_type":3,"ExpansionArg_string":"\u0000\r\u0000\u0000{{","ExpansionArg_type_2":0,"_bound":197}
* Error: SyntaxError: Expected "!", "(", "-", ".", "<~", "<~>", "Infinity", "NULL", "NaN", "^", "false", "null", "true", "undefined", "{", "~", "~>", [ \n\r\t], [0-9], [a-zA-Z_$0-9] or string but end of input found.
*-- Replay with NO_COMPILE=1 expoSE replay '/home/pbai002/ExpoSE/lib/Harness/src/harness.js' '{"Switcher":false,"Target_Switch_Base":2,"ExpansionArg_type":3,"ExpansionArg_string":"\u0000\r\u0000\u0000{{","ExpansionArg_type_2":0,"_bound":197}'
*-- Test Case {"Switcher":false,"Target_Switch_Base":2,"ExpansionArg_type":3,"ExpansionArg_string":"\u0000\u0000{{<~>\u0000","ExpansionArg_type_2":0,"_bound":28} start 679.6061 took 28.5577s
*-- Errors occured in test {"Switcher":false,"Target_Switch_Base":2,"ExpansionArg_type":3,"ExpansionArg_string":"\u0000\u0000{{<~>\u0000","ExpansionArg_type_2":0,"_bound":28}
* Error: SyntaxError: Expected [ \n\r\t] or [a-zA-Z_$0-9] but "\x00" found.
*-- Replay with NO_COMPILE=1 expoSE replay '/home/pbai002/ExpoSE/lib/Harness/src/harness.js' '{"Switcher":false,"Target_Switch_Base":2,"ExpansionArg_type":3,"ExpansionArg_string":"\u0000\u0000{{<~>\u0000","ExpansionArg_type_2":0,"_bound":28}'
*-- Test Case {"Switcher":false,"Target_Switch_Base":2,"ExpansionArg_type":3,"ExpansionArg_string":"@\u0000{{p}}\u0000\u0000","ExpansionArg_type_2":0,"_bound":199} start 696.0813 took 13.9618s
*-- Errors occured in test {"Switcher":false,"Target_Switch_Base":2,"ExpansionArg_type":3,"ExpansionArg_string":"@\u0000{{p}}\u0000\u0000","ExpansionArg_type_2":0,"_bound":199}
* Error: SyntaxError: missing ) after argument list
*-- Replay with NO_COMPILE=1 expoSE replay '/home/pbai002/ExpoSE/lib/Harness/src/harness.js' '{"Switcher":false,"Target_Switch_Base":2,"ExpansionArg_type":3,"ExpansionArg_string":"@\u0000{{p}}\u0000\u0000","ExpansionArg_type_2":0,"_bound":199}'
*-- Test Case {"Switcher":false,"Target_Switch_Base":2,"ExpansionArg_type":3,"ExpansionArg_string":"\u0000\u0000{{aP!=\u0000","ExpansionArg_type_2":0,"_bound":79} start 382.6712 took 343.9905s
*-- Errors occured in test {"Switcher":false,"Target_Switch_Base":2,"ExpansionArg_type":3,"ExpansionArg_string":"\u0000\u0000{{aP!=\u0000","ExpansionArg_type_2":0,"_bound":79}
* Error: SyntaxError: Expected "!", "(", "-", ".", "<~", "<~>", "Infinity", "NULL", "NaN", "^", "false", "null", "true", "undefined", "{", "~", "~>", [ \n\r\t], [0-9], [a-zA-Z_$0-9] or string but "\x00" found.
*-- Replay with NO_COMPILE=1 expoSE replay '/home/pbai002/ExpoSE/lib/Harness/src/harness.js' '{"Switcher":false,"Target_Switch_Base":2,"ExpansionArg_type":3,"ExpansionArg_string":"\u0000\u0000{{aP!=\u0000","ExpansionArg_type_2":0,"_bound":79}'
*-- Test Case {"Switcher":false,"Target_Switch_Base":2,"ExpansionArg_type":3,"ExpansionArg_string":"\u0000{{\\\\","ExpansionArg_type_2":0,"_bound":203} start 92.7973 took 636.4543s
*-- Errors occured in test {"Switcher":false,"Target_Switch_Base":2,"ExpansionArg_type":3,"ExpansionArg_string":"\u0000{{\\\\","ExpansionArg_type_2":0,"_bound":203}
* Error: Exception E: SyntaxError: Unexpected end of JSON input of test data on 
* Error: Exception E: SyntaxError: Unexpected end of JSON input of coverage data on 
* Error: Error extracting final output - a fatal error must have occured
*-- Replay with NO_COMPILE=1 expoSE replay '/home/pbai002/ExpoSE/lib/Harness/src/harness.js' '{"Switcher":false,"Target_Switch_Base":2,"ExpansionArg_type":3,"ExpansionArg_string":"\u0000{{\\\\","ExpansionArg_type_2":0,"_bound":203}'
*-- Test Case {"Switcher":false,"Target_Switch_Base":2,"ExpansionArg_type":3,"ExpansionArg_string":"@{{0==undefined","ExpansionArg_type_2":0,"_bound":133} start 708.213 took 38.0111s
*-- Errors occured in test {"Switcher":false,"Target_Switch_Base":2,"ExpansionArg_type":3,"ExpansionArg_string":"@{{0==undefined","ExpansionArg_type_2":0,"_bound":133}
* Error: SyntaxError: Expected "!=", "!==", "%", "&&", "*", "+", ",", "-", "/", "<", "<=", "<==", "==", "===", ">", ">=", ">==", "?", "|", "||", "}}" or [ \n\r\t] but end of input found.
*-- Replay with NO_COMPILE=1 expoSE replay '/home/pbai002/ExpoSE/lib/Harness/src/harness.js' '{"Switcher":false,"Target_Switch_Base":2,"ExpansionArg_type":3,"ExpansionArg_string":"@{{0==undefined","ExpansionArg_type_2":0,"_bound":133}'
*-- Test Case {"Switcher":false,"Target_Switch_Base":2,"ExpansionArg_type":3,"ExpansionArg_string":"\u0000{{0>==Infinity==","ExpansionArg_type_2":0,"_bound":66} start 701.6381 took 45.0445s
*-- Errors occured in test {"Switcher":false,"Target_Switch_Base":2,"ExpansionArg_type":3,"ExpansionArg_string":"\u0000{{0>==Infinity==","ExpansionArg_type_2":0,"_bound":66}
* Error: SyntaxError: Expected "!", "(", "-", ".", "<~", "<~>", "Infinity", "NULL", "NaN", "^", "false", "null", "true", "undefined", "{", "~", "~>", [ \n\r\t], [0-9], [a-zA-Z_$0-9] or string but end of input found.
*-- Replay with NO_COMPILE=1 expoSE replay '/home/pbai002/ExpoSE/lib/Harness/src/harness.js' '{"Switcher":false,"Target_Switch_Base":2,"ExpansionArg_type":3,"ExpansionArg_string":"\u0000{{0>==Infinity==","ExpansionArg_type_2":0,"_bound":66}'
*-- Test Case {"Switcher":false,"Target_Switch_Base":2,"ExpansionArg_type":3,"ExpansionArg_string":"\u0000\u0000{{b0>=","ExpansionArg_type_2":0,"_bound":81} start 697.7949 took 49.4366s
*-- Errors occured in test {"Switcher":false,"Target_Switch_Base":2,"ExpansionArg_type":3,"ExpansionArg_string":"\u0000\u0000{{b0>=","ExpansionArg_type_2":0,"_bound":81}
* Error: SyntaxError: Expected "!", "(", "-", ".", "<~", "<~>", "Infinity", "NULL", "NaN", "^", "false", "null", "true", "undefined", "{", "~", "~>", [ \n\r\t], [0-9], [a-zA-Z_$0-9] or string but end of input found.
*-- Replay with NO_COMPILE=1 expoSE replay '/home/pbai002/ExpoSE/lib/Harness/src/harness.js' '{"Switcher":false,"Target_Switch_Base":2,"ExpansionArg_type":3,"ExpansionArg_string":"\u0000\u0000{{b0>=","ExpansionArg_type_2":0,"_bound":81}'
*-- Test Case {"Switcher":false,"Target_Switch_Base":2,"ExpansionArg_type":3,"ExpansionArg_string":"\u0000{{0\u0000\u0000\u0000","ExpansionArg_type_2":0,"_bound":129} start 729.2704 took 18.3114s
*-- Errors occured in test {"Switcher":false,"Target_Switch_Base":2,"ExpansionArg_type":3,"ExpansionArg_string":"\u0000{{0\u0000\u0000\u0000","ExpansionArg_type_2":0,"_bound":129}
* Error: SyntaxError: Expected "!=", "!==", "%", "&&", "(", "()", "*", "+", ",", "-", ".", "/", ":", "<", "<=", "<==", "=", "==", "===", ">", ">=", ">==", "?", "|", "||", "}}", [ \n\r\t], [0-9] or [a-zA-Z_$0-9] but "\x00" found.
*-- Replay with NO_COMPILE=1 expoSE replay '/home/pbai002/ExpoSE/lib/Harness/src/harness.js' '{"Switcher":false,"Target_Switch_Base":2,"ExpansionArg_type":3,"ExpansionArg_string":"\u0000{{0\u0000\u0000\u0000","ExpansionArg_type_2":0,"_bound":129}'
*-- Test Case {"Switcher":false,"Target_Switch_Base":2,"ExpansionArg_type":3,"ExpansionArg_string":"\u0000\u0000{{A>=NULL}}","ExpansionArg_type_2":0,"_bound":179} start 747.6413 took 11.2916s
*-- Errors occured in test {"Switcher":false,"Target_Switch_Base":2,"ExpansionArg_type":3,"ExpansionArg_string":"\u0000\u0000{{A>=NULL}}","ExpansionArg_type_2":0,"_bound":179}
* Error: SyntaxError: missing ) after argument list
*-- Replay with NO_COMPILE=1 expoSE replay '/home/pbai002/ExpoSE/lib/Harness/src/harness.js' '{"Switcher":false,"Target_Switch_Base":2,"ExpansionArg_type":3,"ExpansionArg_string":"\u0000\u0000{{A>=NULL}}","ExpansionArg_type_2":0,"_bound":179}'
*-- Test Case {"Switcher":false,"Target_Switch_Base":2,"ExpansionArg_type":3,"ExpansionArg_string":"\u0000{{0==Infinity\u0000","ExpansionArg_type_2":0,"_bound":137} start 710.1047 took 54.5469s
*-- Errors occured in test {"Switcher":false,"Target_Switch_Base":2,"ExpansionArg_type":3,"ExpansionArg_string":"\u0000{{0==Infinity\u0000","ExpansionArg_type_2":0,"_bound":137}
* Error: SyntaxError: Expected "!=", "!==", "%", "&&", "*", "+", ",", "-", "/", "<", "<=", "<==", "==", "===", ">", ">=", ">==", "?", "|", "||", "}}" or [ \n\r\t] but "\x00" found.
*-- Replay with NO_COMPILE=1 expoSE replay '/home/pbai002/ExpoSE/lib/Harness/src/harness.js' '{"Switcher":false,"Target_Switch_Base":2,"ExpansionArg_type":3,"ExpansionArg_string":"\u0000{{0==Infinity\u0000","ExpansionArg_type_2":0,"_bound":137}'
*-- Test Case {"Switcher":false,"Target_Switch_Base":2,"ExpansionArg_type":3,"ExpansionArg_string":"\u0000{{p_","ExpansionArg_type_2":0,"_bound":22} start 453.9574 took 317.4366s
*-- Errors occured in test {"Switcher":false,"Target_Switch_Base":2,"ExpansionArg_type":3,"ExpansionArg_string":"\u0000{{p_","ExpansionArg_type_2":0,"_bound":22}
* Error: Exception E: SyntaxError: Unexpected end of JSON input of test data on 
* Error: Exception E: SyntaxError: Unexpected end of JSON input of coverage data on 
* Error: Error extracting final output - a fatal error must have occured
*-- Replay with NO_COMPILE=1 expoSE replay '/home/pbai002/ExpoSE/lib/Harness/src/harness.js' '{"Switcher":false,"Target_Switch_Base":2,"ExpansionArg_type":3,"ExpansionArg_string":"\u0000{{p_","ExpansionArg_type_2":0,"_bound":22}'
*-- Test Case {"Switcher":false,"Target_Switch_Base":2,"ExpansionArg_type":3,"ExpansionArg_string":"\u0000{{0||<~\u0000\u0000\u0000","ExpansionArg_type_2":0,"_bound":63} start 746.2843 took 39.007s
*-- Errors occured in test {"Switcher":false,"Target_Switch_Base":2,"ExpansionArg_type":3,"ExpansionArg_string":"\u0000{{0||<~\u0000\u0000\u0000","ExpansionArg_type_2":0,"_bound":63}
* Error: SyntaxError: Expected [ \n\r\t] or [a-zA-Z_$0-9] but "\x00" found.
*-- Replay with NO_COMPILE=1 expoSE replay '/home/pbai002/ExpoSE/lib/Harness/src/harness.js' '{"Switcher":false,"Target_Switch_Base":2,"ExpansionArg_type":3,"ExpansionArg_string":"\u0000{{0||<~\u0000\u0000\u0000","ExpansionArg_type_2":0,"_bound":63}'
*-- Test Case {"Switcher":false,"Target_Switch_Base":2,"ExpansionArg_type":3,"ExpansionArg_string":"\u0000{{0() r","ExpansionArg_type_2":0,"_bound":201} start 670.894 took 119.2537s
*-- Errors occured in test {"Switcher":false,"Target_Switch_Base":2,"ExpansionArg_type":3,"ExpansionArg_string":"\u0000{{0() r","ExpansionArg_type_2":0,"_bound":201}
* Error: SyntaxError: Expected "!=", "!==", "%", "&&", "*", "+", ",", "-", "/", "<", "<=", "<==", "==", "===", ">", ">=", ">==", "?", "||", "}}" or [ \n\r\t] but "r" found.
*-- Replay with NO_COMPILE=1 expoSE replay '/home/pbai002/ExpoSE/lib/Harness/src/harness.js' '{"Switcher":false,"Target_Switch_Base":2,"ExpansionArg_type":3,"ExpansionArg_string":"\u0000{{0() r","ExpansionArg_type_2":0,"_bound":201}'
*-- Test Case {"Switcher":false,"Target_Switch_Base":2,"ExpansionArg_type":3,"ExpansionArg_string":"","ExpansionArg_type_2":3,"ExpansionArg_string_2":"","_bound":16} start 785.3543 took 8.1154s
*-- Errors occured in test {"Switcher":false,"Target_Switch_Base":2,"ExpansionArg_type":3,"ExpansionArg_string":"","ExpansionArg_type_2":3,"ExpansionArg_string_2":"","_bound":16}
* Error: ReferenceError: require is not defined
*-- Replay with NO_COMPILE=1 expoSE replay '/home/pbai002/ExpoSE/lib/Harness/src/harness.js' '{"Switcher":false,"Target_Switch_Base":2,"ExpansionArg_type":3,"ExpansionArg_string":"","ExpansionArg_type_2":3,"ExpansionArg_string_2":"","_bound":16}'
*-- Test Case {"Switcher":false,"Target_Switch_Base":2,"ExpansionArg_type":3,"ExpansionArg_string":"\u0000{{0>==<~>","ExpansionArg_type_2":0,"_bound":65} start 472.8908 took 321.4084s
*-- Errors occured in test {"Switcher":false,"Target_Switch_Base":2,"ExpansionArg_type":3,"ExpansionArg_string":"\u0000{{0>==<~>","ExpansionArg_type_2":0,"_bound":65}
* Error: SyntaxError: Expected [ \n\r\t] or [a-zA-Z_$0-9] but end of input found.
*-- Replay with NO_COMPILE=1 expoSE replay '/home/pbai002/ExpoSE/lib/Harness/src/harness.js' '{"Switcher":false,"Target_Switch_Base":2,"ExpansionArg_type":3,"ExpansionArg_string":"\u0000{{0>==<~>","ExpansionArg_type_2":0,"_bound":65}'
*-- Test Case {"Switcher":false,"Target_Switch_Base":2,"ExpansionArg_type":3,"ExpansionArg_string":"","ExpansionArg_type_2":1,"_bound":14} start 793.5234 took 7.6665s
*-- Errors occured in test {"Switcher":false,"Target_Switch_Base":2,"ExpansionArg_type":3,"ExpansionArg_string":"","ExpansionArg_type_2":1,"_bound":14}
* Error: ReferenceError: require is not defined
*-- Replay with NO_COMPILE=1 expoSE replay '/home/pbai002/ExpoSE/lib/Harness/src/harness.js' '{"Switcher":false,"Target_Switch_Base":2,"ExpansionArg_type":3,"ExpansionArg_string":"","ExpansionArg_type_2":1,"_bound":14}'
*-- Test Case {"Switcher":false,"Target_Switch_Base":2,"ExpansionArg_type":3,"ExpansionArg_string":"\u0000\u0000{{h<=","ExpansionArg_type_2":0,"_bound":79} start 759.0013 took 46.94s
*-- Errors occured in test {"Switcher":false,"Target_Switch_Base":2,"ExpansionArg_type":3,"ExpansionArg_string":"\u0000\u0000{{h<=","ExpansionArg_type_2":0,"_bound":79}
* Error: SyntaxError: Expected "!", "(", "-", ".", "<~", "<~>", "Infinity", "NULL", "NaN", "^", "false", "null", "true", "undefined", "{", "~", "~>", [ \n\r\t], [0-9], [a-zA-Z_$0-9] or string but end of input found.
*-- Replay with NO_COMPILE=1 expoSE replay '/home/pbai002/ExpoSE/lib/Harness/src/harness.js' '{"Switcher":false,"Target_Switch_Base":2,"ExpansionArg_type":3,"ExpansionArg_string":"\u0000\u0000{{h<=","ExpansionArg_type_2":0,"_bound":79}'
*-- Test Case {"Switcher":false,"Target_Switch_Base":2,"ExpansionArg_type":3,"ExpansionArg_string":"\u0000{{<~>p>=\u0000\u0000\u0000\u0000\u0000","ExpansionArg_type_2":0,"_bound":70} start 747.5172 took 59.3827s
*-- Errors occured in test {"Switcher":false,"Target_Switch_Base":2,"ExpansionArg_type":3,"ExpansionArg_string":"\u0000{{<~>p>=\u0000\u0000\u0000\u0000\u0000","ExpansionArg_type_2":0,"_bound":70}
* Error: SyntaxError: Expected "!", "(", "-", ".", "<~", "<~>", "Infinity", "NULL", "NaN", "^", "false", "null", "true", "undefined", "{", "~", "~>", [ \n\r\t], [0-9], [a-zA-Z_$0-9] or string but "\x00" found.
*-- Replay with NO_COMPILE=1 expoSE replay '/home/pbai002/ExpoSE/lib/Harness/src/harness.js' '{"Switcher":false,"Target_Switch_Base":2,"ExpansionArg_type":3,"ExpansionArg_string":"\u0000{{<~>p>=\u0000\u0000\u0000\u0000\u0000","ExpansionArg_type_2":0,"_bound":70}'
*-- Test Case {"Switcher":false,"Target_Switch_Base":2,"ExpansionArg_type":3,"ExpansionArg_string":"\u0000\u0000{{h>=false<=\u0000","ExpansionArg_type_2":0,"_bound":91} start 746.745 took 65.0958s
*-- Errors occured in test {"Switcher":false,"Target_Switch_Base":2,"ExpansionArg_type":3,"ExpansionArg_string":"\u0000\u0000{{h>=false<=\u0000","ExpansionArg_type_2":0,"_bound":91}
* Error: SyntaxError: Expected "!", "(", "-", ".", "<~", "<~>", "Infinity", "NULL", "NaN", "^", "false", "null", "true", "undefined", "{", "~", "~>", [ \n\r\t], [0-9], [a-zA-Z_$0-9] or string but "\x00" found.
*-- Replay with NO_COMPILE=1 expoSE replay '/home/pbai002/ExpoSE/lib/Harness/src/harness.js' '{"Switcher":false,"Target_Switch_Base":2,"ExpansionArg_type":3,"ExpansionArg_string":"\u0000\u0000{{h>=false<=\u0000","ExpansionArg_type_2":0,"_bound":91}'
*-- Test Case {"Switcher":false,"Target_Switch_Base":2,"ExpansionArg_type":3,"ExpansionArg_string":"\u0000\u0000{{3X\u001c","ExpansionArg_type_2":0,"_bound":29} start 794.3934 took 26.4867s
*-- Errors occured in test {"Switcher":false,"Target_Switch_Base":2,"ExpansionArg_type":3,"ExpansionArg_string":"\u0000\u0000{{3X\u001c","ExpansionArg_type_2":0,"_bound":29}
* Error: SyntaxError: Expected ":", [ \n\r\t] or [a-zA-Z_$0-9] but "\x1C" found.
*-- Replay with NO_COMPILE=1 expoSE replay '/home/pbai002/ExpoSE/lib/Harness/src/harness.js' '{"Switcher":false,"Target_Switch_Base":2,"ExpansionArg_type":3,"ExpansionArg_string":"\u0000\u0000{{3X\u001c","ExpansionArg_type_2":0,"_bound":29}'
*-- Test Case {"Switcher":false,"Target_Switch_Base":2,"ExpansionArg_type":3,"ExpansionArg_string":"\u0000\u0000\u0000\u0000{{#\u0000\u0000","ExpansionArg_type_2":0,"_bound":23} start 764.9312 took 56.1744s
*-- Errors occured in test {"Switcher":false,"Target_Switch_Base":2,"ExpansionArg_type":3,"ExpansionArg_string":"\u0000\u0000\u0000\u0000{{#\u0000\u0000","ExpansionArg_type_2":0,"_bound":23}
* Error: SyntaxError: Expected "!", "(", "-", ".", "<~", "<~>", "Infinity", "NULL", "NaN", "^", "false", "null", "true", "undefined", "{", "~", "~>", [ \n\r\t], [0-9], [a-zA-Z_$0-9] or string but "\x00" found.
*-- Replay with NO_COMPILE=1 expoSE replay '/home/pbai002/ExpoSE/lib/Harness/src/harness.js' '{"Switcher":false,"Target_Switch_Base":2,"ExpansionArg_type":3,"ExpansionArg_string":"\u0000\u0000\u0000\u0000{{#\u0000\u0000","ExpansionArg_type_2":0,"_bound":23}'
*-- Test Case {"Switcher":false,"Target_Switch_Base":2,"ExpansionArg_type":3,"ExpansionArg_string":"\u0000{{<~>A!==\u0000\u0000","ExpansionArg_type_2":0,"_bound":67} start 771.4328 took 62.8648s
*-- Errors occured in test {"Switcher":false,"Target_Switch_Base":2,"ExpansionArg_type":3,"ExpansionArg_string":"\u0000{{<~>A!==\u0000\u0000","ExpansionArg_type_2":0,"_bound":67}
* Error: SyntaxError: Expected "!", "(", "-", ".", "<~", "<~>", "Infinity", "NULL", "NaN", "^", "false", "null", "true", "undefined", "{", "~", "~>", [ \n\r\t], [0-9], [a-zA-Z_$0-9] or string but "\x00" found.
*-- Replay with NO_COMPILE=1 expoSE replay '/home/pbai002/ExpoSE/lib/Harness/src/harness.js' '{"Switcher":false,"Target_Switch_Base":2,"ExpansionArg_type":3,"ExpansionArg_string":"\u0000{{<~>A!==\u0000\u0000","ExpansionArg_type_2":0,"_bound":67}'
*-- Test Case {"Switcher":false,"Target_Switch_Base":2,"ExpansionArg_type":3,"ExpansionArg_string":"\u0000{{2<","ExpansionArg_type_2":0,"_bound":28} start 790.2135 took 54.2568s
*-- Errors occured in test {"Switcher":false,"Target_Switch_Base":2,"ExpansionArg_type":3,"ExpansionArg_string":"\u0000{{2<","ExpansionArg_type_2":0,"_bound":28}
* Error: SyntaxError: Expected "!", "(", "-", ".", "<~", "<~>", "Infinity", "NULL", "NaN", "^", "false", "null", "true", "undefined", "{", "~", "~>", [ \n\r\t], [0-9], [a-zA-Z_$0-9] or string but end of input found.
*-- Replay with NO_COMPILE=1 expoSE replay '/home/pbai002/ExpoSE/lib/Harness/src/harness.js' '{"Switcher":false,"Target_Switch_Base":2,"ExpansionArg_type":3,"ExpansionArg_string":"\u0000{{2<","ExpansionArg_type_2":0,"_bound":28}'
*-- Test Case {"Switcher":false,"Target_Switch_Base":2,"ExpansionArg_type":3,"ExpansionArg_string":"\u0000\u0000{{73\u0000","ExpansionArg_type_2":0,"_bound":30} start 820.9769 took 30.3956s
*-- Errors occured in test {"Switcher":false,"Target_Switch_Base":2,"ExpansionArg_type":3,"ExpansionArg_string":"\u0000\u0000{{73\u0000","ExpansionArg_type_2":0,"_bound":30}
* Error: SyntaxError: Expected "!=", "!==", "%", "&&", "(", "()", "*", "+", ",", "-", ".", "/", ":", "<", "<=", "<==", "=", "==", "===", ">", ">=", ">==", "?", "|", "||", "}}", [ \n\r\t], [0-9] or [a-zA-Z_$0-9] but "\x00" found.
*-- Replay with NO_COMPILE=1 expoSE replay '/home/pbai002/ExpoSE/lib/Harness/src/harness.js' '{"Switcher":false,"Target_Switch_Base":2,"ExpansionArg_type":3,"ExpansionArg_string":"\u0000\u0000{{73\u0000","ExpansionArg_type_2":0,"_bound":30}'
*-- Test Case {"Switcher":false,"Target_Switch_Base":2,"ExpansionArg_type":3,"ExpansionArg_string":"\u0000\u0000{{H>==","ExpansionArg_type_2":0,"_bound":76} start 806.9584 took 45.3295s
*-- Errors occured in test {"Switcher":false,"Target_Switch_Base":2,"ExpansionArg_type":3,"ExpansionArg_string":"\u0000\u0000{{H>==","ExpansionArg_type_2":0,"_bound":76}
* Error: SyntaxError: Expected "!", "(", "-", ".", "<~", "<~>", "Infinity", "NULL", "NaN", "^", "false", "null", "true", "undefined", "{", "~", "~>", [ \n\r\t], [0-9], [a-zA-Z_$0-9] or string but end of input found.
*-- Replay with NO_COMPILE=1 expoSE replay '/home/pbai002/ExpoSE/lib/Harness/src/harness.js' '{"Switcher":false,"Target_Switch_Base":2,"ExpansionArg_type":3,"ExpansionArg_string":"\u0000\u0000{{H>==","ExpansionArg_type_2":0,"_bound":76}'
*-- Test Case {"Switcher":false,"Target_Switch_Base":2,"ExpansionArg_type":3,"ExpansionArg_string":"\u0000{{0||NULL\u0000\u0000\u0000\u0000\u0000\u0000\u0000","ExpansionArg_type_2":0,"_bound":56} start 821.3101 took 34.5938s
*-- Errors occured in test {"Switcher":false,"Target_Switch_Base":2,"ExpansionArg_type":3,"ExpansionArg_string":"\u0000{{0||NULL\u0000\u0000\u0000\u0000\u0000\u0000\u0000","ExpansionArg_type_2":0,"_bound":56}
* Error: SyntaxError: Expected "!=", "!==", "%", "&&", "*", "+", ",", "-", "/", "<", "<=", "<==", "==", "===", ">", ">=", ">==", "?", "|", "||", "}}" or [ \n\r\t] but "\x00" found.
*-- Replay with NO_COMPILE=1 expoSE replay '/home/pbai002/ExpoSE/lib/Harness/src/harness.js' '{"Switcher":false,"Target_Switch_Base":2,"ExpansionArg_type":3,"ExpansionArg_string":"\u0000{{0||NULL\u0000\u0000\u0000\u0000\u0000\u0000\u0000","ExpansionArg_type_2":0,"_bound":56}'
*-- Test Case {"Switcher":false,"Target_Switch_Base":2,"ExpansionArg_type":3,"ExpansionArg_string":"\u0000\u0000{{aB>==","ExpansionArg_type_2":0,"_bound":80} start 812.1503 took 49.6189s
*-- Errors occured in test {"Switcher":false,"Target_Switch_Base":2,"ExpansionArg_type":3,"ExpansionArg_string":"\u0000\u0000{{aB>==","ExpansionArg_type_2":0,"_bound":80}
* Error: SyntaxError: Expected "!", "(", "-", ".", "<~", "<~>", "Infinity", "NULL", "NaN", "^", "false", "null", "true", "undefined", "{", "~", "~>", [ \n\r\t], [0-9], [a-zA-Z_$0-9] or string but end of input found.
*-- Replay with NO_COMPILE=1 expoSE replay '/home/pbai002/ExpoSE/lib/Harness/src/harness.js' '{"Switcher":false,"Target_Switch_Base":2,"ExpansionArg_type":3,"ExpansionArg_string":"\u0000\u0000{{aB>==","ExpansionArg_type_2":0,"_bound":80}'
*-- Test Case {"Switcher":false,"Target_Switch_Base":2,"ExpansionArg_type":3,"ExpansionArg_string":"\u0000\u0000{{$>=NULL!==\u0000","ExpansionArg_type_2":0,"_bound":89} start 806.2176 took 65.0095s
*-- Errors occured in test {"Switcher":false,"Target_Switch_Base":2,"ExpansionArg_type":3,"ExpansionArg_string":"\u0000\u0000{{$>=NULL!==\u0000","ExpansionArg_type_2":0,"_bound":89}
* Error: SyntaxError: Expected "!", "(", "-", ".", "<~", "<~>", "Infinity", "NULL", "NaN", "^", "false", "null", "true", "undefined", "{", "~", "~>", [ \n\r\t], [0-9], [a-zA-Z_$0-9] or string but "\uFFFD" found.
*-- Replay with NO_COMPILE=1 expoSE replay '/home/pbai002/ExpoSE/lib/Harness/src/harness.js' '{"Switcher":false,"Target_Switch_Base":2,"ExpansionArg_type":3,"ExpansionArg_string":"\u0000\u0000{{$>=NULL!==\u0000","ExpansionArg_type_2":0,"_bound":89}'
*-- Test Case {"Switcher":false,"Target_Switch_Base":2,"ExpansionArg_type":3,"ExpansionArg_string":"\u0000\u0000{{h>=0","ExpansionArg_type_2":0,"_bound":87} start 564.8143 took 314.1642s
*-- Errors occured in test {"Switcher":false,"Target_Switch_Base":2,"ExpansionArg_type":3,"ExpansionArg_string":"\u0000\u0000{{h>=0","ExpansionArg_type_2":0,"_bound":87}
* Error: Exception E: SyntaxError: Unexpected end of JSON input of test data on 
* Error: Exception E: SyntaxError: Unexpected end of JSON input of coverage data on 
* Error: Error extracting final output - a fatal error must have occured
*-- Replay with NO_COMPILE=1 expoSE replay '/home/pbai002/ExpoSE/lib/Harness/src/harness.js' '{"Switcher":false,"Target_Switch_Base":2,"ExpansionArg_type":3,"ExpansionArg_string":"\u0000\u0000{{h>=0","ExpansionArg_type_2":0,"_bound":87}'
*-- Test Case {"Switcher":false,"Target_Switch_Base":2,"ExpansionArg_type":3,"ExpansionArg_string":"\u0001\u0000\u0000\u0000{{ \u0000","ExpansionArg_type_2":0,"_bound":25} start 862.1969 took 34.8555s
*-- Errors occured in test {"Switcher":false,"Target_Switch_Base":2,"ExpansionArg_type":3,"ExpansionArg_string":"\u0001\u0000\u0000\u0000{{ \u0000","ExpansionArg_type_2":0,"_bound":25}
* Error: SyntaxError: Expected "!", "(", "-", ".", "<~", "<~>", "Infinity", "NULL", "NaN", "^", "false", "null", "true", "undefined", "{", "~", "~>", [ \n\r\t], [0-9], [a-zA-Z_$0-9] or string but "\x00" found.
*-- Replay with NO_COMPILE=1 expoSE replay '/home/pbai002/ExpoSE/lib/Harness/src/harness.js' '{"Switcher":false,"Target_Switch_Base":2,"ExpansionArg_type":3,"ExpansionArg_string":"\u0001\u0000\u0000\u0000{{ \u0000","ExpansionArg_type_2":0,"_bound":25}'
*-- Test Case {"Switcher":false,"Target_Switch_Base":2,"ExpansionArg_type":3,"ExpansionArg_string":"\u0000{{<~>a>==NULL\u0000\u0000\u0000","ExpansionArg_type_2":0,"_bound":75} start 852.3452 took 44.7877s
*-- Errors occured in test {"Switcher":false,"Target_Switch_Base":2,"ExpansionArg_type":3,"ExpansionArg_string":"\u0000{{<~>a>==NULL\u0000\u0000\u0000","ExpansionArg_type_2":0,"_bound":75}
* Error: SyntaxError: Expected "!=", "!==", "%", "&&", "*", "+", ",", "-", "/", "<", "<=", "<==", "==", "===", ">", ">=", ">==", "?", "|", "||", "}}" or [ \n\r\t] but "\x00" found.
*-- Replay with NO_COMPILE=1 expoSE replay '/home/pbai002/ExpoSE/lib/Harness/src/harness.js' '{"Switcher":false,"Target_Switch_Base":2,"ExpansionArg_type":3,"ExpansionArg_string":"\u0000{{<~>a>==NULL\u0000\u0000\u0000","ExpansionArg_type_2":0,"_bound":75}'
*-- Coverage Data
*- File /home/pbai002/ExpoSE/lib/Harness/src/harness.js. Coverage (Term): 88% Coverage (LOC): 89%
*- File /home/pbai002/ExpoSE/lib/S$/bin/symbols.js. Coverage (Term): 51% Coverage (LOC): 66%
*- File /home/pbai002/Targets/paperclip11/node_modules/paperclip11/lib/index.js. Coverage (Term): 78% Coverage (LOC): 79%
*- File /home/pbai002/Targets/paperclip11/node_modules/nofactor/lib/index.js. Coverage (Term): 86% Coverage (LOC): 91%
*- File /home/pbai002/Targets/paperclip11/node_modules/nofactor/lib/string/index.js. Coverage (Term): 51% Coverage (LOC): 63%
*- File /home/pbai002/Targets/paperclip11/node_modules/nofactor/lib/base.js. Coverage (Term): 59% Coverage (LOC): 100%
*- File /home/pbai002/Targets/paperclip11/node_modules/protoclass/lib/index.js. Coverage (Term): 80% Coverage (LOC): 90%
*- File /home/pbai002/Targets/paperclip11/node_modules/nofactor/lib/string/element.js. Coverage (Term): 11% Coverage (LOC): 18%
*- File /home/pbai002/Targets/paperclip11/node_modules/nofactor/lib/string/container.js. Coverage (Term): 10% Coverage (LOC): 17%
*- File /home/pbai002/Targets/paperclip11/node_modules/nofactor/lib/string/node.js. Coverage (Term): 41% Coverage (LOC): 56%
*- File /home/pbai002/Targets/paperclip11/node_modules/nofactor/lib/string/style.js. Coverage (Term): 11% Coverage (LOC): 26%
*- File /home/pbai002/Targets/paperclip11/node_modules/nofactor/lib/string/fragment.js. Coverage (Term): 33% Coverage (LOC): 56%
*- File /home/pbai002/Targets/paperclip11/node_modules/nofactor/lib/string/text.js. Coverage (Term): 39% Coverage (LOC): 61%
*- File /home/pbai002/Targets/paperclip11/node_modules/he/he.js. Coverage (Term): 86% Coverage (LOC): 97%
*- File /home/pbai002/Targets/paperclip11/node_modules/nofactor/lib/string/comment.js. Coverage (Term): 42% Coverage (LOC): 67%
*- File /home/pbai002/Targets/paperclip11/node_modules/nofactor/lib/string/voidElements.js. Coverage (Term): 43% Coverage (LOC): 74%
*- File /home/pbai002/Targets/paperclip11/node_modules/nofactor/lib/dom.js. Coverage (Term): 26% Coverage (LOC): 46%
*- File /home/pbai002/Targets/paperclip11/node_modules/nofactor/lib/custom.js. Coverage (Term): 56% Coverage (LOC): 75%
*- File /home/pbai002/Targets/paperclip11/node_modules/factories/lib/index.js. Coverage (Term): 95% Coverage (LOC): 100%
*- File /home/pbai002/Targets/paperclip11/node_modules/factories/lib/any.js. Coverage (Term): 44% Coverage (LOC): 60%
*- File /home/pbai002/Targets/paperclip11/node_modules/factories/lib/factory.js. Coverage (Term): 82% Coverage (LOC): 83%
*- File /home/pbai002/Targets/paperclip11/node_modules/factories/lib/class.js. Coverage (Term): 72% Coverage (LOC): 83%
*- File /home/pbai002/Targets/paperclip11/node_modules/factories/lib/base.js. Coverage (Term): 74% Coverage (LOC): 100%
*- File /home/pbai002/Targets/paperclip11/node_modules/type-component/index.js. Coverage (Term): 40% Coverage (LOC): 35%
*- File /home/pbai002/Targets/paperclip11/node_modules/factories/lib/fn.js. Coverage (Term): 52% Coverage (LOC): 75%
*- File /home/pbai002/Targets/paperclip11/node_modules/factories/lib/group.js. Coverage (Term): 31% Coverage (LOC): 40%
*- File /home/pbai002/Targets/paperclip11/node_modules/paperclip11/lib/parser/index.js. Coverage (Term): 77% Coverage (LOC): 86%
*- File /home/pbai002/Targets/paperclip11/node_modules/paperclip11/lib/parser/parser.js. Coverage (Term): 50% Coverage (LOC): 50%
*- File /home/pbai002/Targets/paperclip11/node_modules/paperclip11/lib/defaults.js. Coverage (Term): 66% Coverage (LOC): 89%
*- File /home/pbai002/Targets/paperclip11/node_modules/paperclip11/lib/runloop.js. Coverage (Term): 35% Coverage (LOC): 36%
*- File /home/pbai002/Targets/paperclip11/node_modules/paperclip11/lib/accessors/bindableObject.js. Coverage (Term): 28% Coverage (LOC): 47%
*- File /home/pbai002/Targets/paperclip11/node_modules/paperclip11/lib/accessors/base.js. Coverage (Term): 42% Coverage (LOC): 93%
*- File /home/pbai002/Targets/paperclip11/node_modules/bindable-object/lib/index.js. Coverage (Term): 16% Coverage (LOC): 24%
*- File /home/pbai002/Targets/paperclip11/node_modules/fast-event-emitter/lib/index.js. Coverage (Term): 12% Coverage (LOC): 19%
*- File /home/pbai002/Targets/paperclip11/node_modules/bindable-object/lib/watchProperty.js. Coverage (Term): 3% Coverage (LOC): 5%
*- File /home/pbai002/Targets/paperclip11/node_modules/bindable-object/lib/transform.js. Coverage (Term): 7% Coverage (LOC): 13%
*- File /home/pbai002/Targets/paperclip11/node_modules/toarray/index.js. Coverage (Term): 85% Coverage (LOC): 100%
*- File /home/pbai002/Targets/paperclip11/node_modules/bindable-collection/lib/index.js. Coverage (Term): 11% Coverage (LOC): 30%
*- File /home/pbai002/Targets/paperclip11/node_modules/paperclip11/lib/components/repeat.js. Coverage (Term): 19% Coverage (LOC): 18%
*- File /home/pbai002/Targets/paperclip11/node_modules/paperclip11/lib/components/base.js. Coverage (Term): 48% Coverage (LOC): 70%
*- File /home/pbai002/Targets/paperclip11/node_modules/paperclip11/lib/utils/bind.js. Coverage (Term): 45% Coverage (LOC): 67%
*- File /home/pbai002/Targets/paperclip11/node_modules/scoped-bindable-object/lib/index.js. Coverage (Term): 8% Coverage (LOC): 15%
*- File /home/pbai002/Targets/paperclip11/node_modules/paperclip11/lib/components/stack.js. Coverage (Term): 23% Coverage (LOC): 22%
*- File /home/pbai002/Targets/paperclip11/node_modules/paperclip11/lib/components/switch.js. Coverage (Term): 17% Coverage (LOC): 19%
*- File /home/pbai002/Targets/paperclip11/node_modules/paperclip11/lib/components/show.js. Coverage (Term): 37% Coverage (LOC): 37%
*- File /home/pbai002/Targets/paperclip11/node_modules/paperclip11/lib/components/unsafe.js. Coverage (Term): 25% Coverage (LOC): 22%
*- File /home/pbai002/Targets/paperclip11/node_modules/paperclip11/lib/attributes/value.js. Coverage (Term): 11% Coverage (LOC): 24%
*- File /home/pbai002/Targets/paperclip11/node_modules/paperclip11/lib/attributes/script.js. Coverage (Term): 26% Coverage (LOC): 40%
*- File /home/pbai002/Targets/paperclip11/node_modules/paperclip11/lib/attributes/base.js. Coverage (Term): 74% Coverage (LOC): 94%
*- File /home/pbai002/Targets/paperclip11/node_modules/paperclip11/lib/attributes/enable.js. Coverage (Term): 54% Coverage (LOC): 60%
*- File /home/pbai002/Targets/paperclip11/node_modules/paperclip11/lib/attributes/focus.js. Coverage (Term): 43% Coverage (LOC): 43%
*- File /home/pbai002/Targets/paperclip11/node_modules/paperclip11/lib/attributes/show.js. Coverage (Term): 36% Coverage (LOC): 50%
*- File /home/pbai002/Targets/paperclip11/node_modules/paperclip11/lib/attributes/style.js. Coverage (Term): 25% Coverage (LOC): 35%
*- File /home/pbai002/Targets/paperclip11/node_modules/paperclip11/lib/attributes/class.js. Coverage (Term): 17% Coverage (LOC): 24%
*- File /home/pbai002/Targets/paperclip11/node_modules/paperclip11/lib/attributes/easeIn.js. Coverage (Term): 40% Coverage (LOC): 50%
*- File /home/pbai002/Targets/paperclip11/node_modules/paperclip11/lib/attributes/easeOut.js. Coverage (Term): 39% Coverage (LOC): 50%
*- File /home/pbai002/Targets/paperclip11/node_modules/paperclip11/lib/attributes/event.js. Coverage (Term): 32% Coverage (LOC): 48%
*- File /home/pbai002/Targets/paperclip11/node_modules/paperclip11/lib/attributes/enter.js. Coverage (Term): 97% Coverage (LOC): 100%
*- File /home/pbai002/Targets/paperclip11/node_modules/paperclip11/lib/attributes/keyCodedEvent.js. Coverage (Term): 53% Coverage (LOC): 67%
*- File /home/pbai002/Targets/paperclip11/node_modules/paperclip11/lib/attributes/delete.js. Coverage (Term): 97% Coverage (LOC): 100%
*- File /home/pbai002/Targets/paperclip11/node_modules/paperclip11/lib/attributes/escape.js. Coverage (Term): 97% Coverage (LOC): 100%
*- File /home/pbai002/Targets/paperclip11/node_modules/paperclip11/lib/register.js. Coverage (Term): 26% Coverage (LOC): 20%
*- File /home/pbai002/Targets/paperclip11/node_modules/paperclip11/lib/template/index.js. Coverage (Term): 33% Coverage (LOC): 33%
*- File /home/pbai002/Targets/paperclip11/node_modules/paperclip11/lib/template/vnode/block/index.js. Coverage (Term): 52% Coverage (LOC): 60%
*- File /home/pbai002/Targets/paperclip11/node_modules/paperclip11/lib/utils/index.js. Coverage (Term): 25% Coverage (LOC): 40%
*- File /home/pbai002/Targets/paperclip11/node_modules/document-section/lib/index.js. Coverage (Term): 10% Coverage (LOC): 25%
*- File /home/pbai002/Targets/paperclip11/node_modules/paperclip11/lib/utils/singleNodeSection.js. Coverage (Term): 30% Coverage (LOC): 33%
*- File /home/pbai002/Targets/paperclip11/node_modules/paperclip11/lib/script/index.js. Coverage (Term): 5% Coverage (LOC): 8%
*- File /home/pbai002/Targets/paperclip11/node_modules/paperclip11/lib/script/ref.js. Coverage (Term): 35% Coverage (LOC): 56%
*- File /home/pbai002/Targets/paperclip11/node_modules/paperclip11/lib/template/vnode/block/hydrator.js. Coverage (Term): 42% Coverage (LOC): 57%
*- File /home/pbai002/Targets/paperclip11/node_modules/paperclip11/lib/template/vnode/block/binding.js. Coverage (Term): 22% Coverage (LOC): 29%
*- File /home/pbai002/Targets/paperclip11/node_modules/paperclip11/lib/template/vnode/block/unbound.js. Coverage (Term): 28% Coverage (LOC): 36%
*- File /home/pbai002/Targets/paperclip11/node_modules/paperclip11/lib/template/vnode/element/index.js. Coverage (Term): 23% Coverage (LOC): 18%
*- File /home/pbai002/Targets/paperclip11/node_modules/paperclip11/lib/section/fragment.js. Coverage (Term): 32% Coverage (LOC): 58%
*- File /home/pbai002/Targets/paperclip11/node_modules/paperclip11/lib/section/node.js. Coverage (Term): 22% Coverage (LOC): 44%
*- File /home/pbai002/Targets/paperclip11/node_modules/paperclip11/lib/template/vnode/fragment/index.js. Coverage (Term): 35% Coverage (LOC): 56%
*- File /home/pbai002/Targets/paperclip11/node_modules/paperclip11/lib/template/vnode/element/componentHydrator.js. Coverage (Term): 33% Coverage (LOC): 31%
*- File /home/pbai002/Targets/paperclip11/node_modules/paperclip11/lib/template/vnode/element/attributesBinding.js. Coverage (Term): 22% Coverage (LOC): 29%
*- File /home/pbai002/Targets/paperclip11/node_modules/paperclip11/lib/template/vnode/element/attributeHydrator.js. Coverage (Term): 42% Coverage (LOC): 40%
*- File /home/pbai002/Targets/paperclip11/node_modules/paperclip11/lib/template/vnode/element/valueAttribute.js. Coverage (Term): 49% Coverage (LOC): 67%
*- File /home/pbai002/Targets/paperclip11/node_modules/paperclip11/lib/template/vnode/text/index.js. Coverage (Term): 42% Coverage (LOC): 60%
*- File /home/pbai002/Targets/paperclip11/node_modules/paperclip11/lib/template/vnode/comment/index.js. Coverage (Term): 51% Coverage (LOC): 75%
*- File /home/pbai002/Targets/paperclip11/node_modules/paperclip11/lib/template/view/index.js. Coverage (Term): 15% Coverage (LOC): 29%
*- File /home/pbai002/Targets/paperclip11/node_modules/paperclip11/lib/template/view/transitions.js. Coverage (Term): 23% Coverage (LOC): 31%
*- File /home/pbai002/Targets/paperclip11/node_modules/paperclip11/lib/utils/async.js. Coverage (Term): 22% Coverage (LOC): 31%
*- File /home/pbai002/Targets/paperclip11/node_modules/paperclip11/lib/utils/stringifyNode.js. Coverage (Term): 20% Coverage (LOC): 25%
*- File /home/pbai002/Targets/paperclip11/node_modules/paperclip11/lib/template/component.js. Coverage (Term): 26% Coverage (LOC): 40%
*- File /home/pbai002/Targets/paperclip11/node_modules/paperclip11/lib/parser/ast/doctype.js. Coverage (Term): 54% Coverage (LOC): 75%
*- File /home/pbai002/Targets/paperclip11/node_modules/paperclip11/lib/parser/ast/base.js. Coverage (Term): 97% Coverage (LOC): 100%
*- File /home/pbai002/Targets/paperclip11/node_modules/paperclip11/lib/parser/ast/rootNode.js. Coverage (Term): 93% Coverage (LOC): 95%
*- File /home/pbai002/Targets/paperclip11/node_modules/paperclip11/lib/parser/ast/textNode.js. Coverage (Term): 96% Coverage (LOC): 100%
*- File /home/pbai002/Targets/paperclip11/node_modules/paperclip11/lib/parser/ast/commentNode.js. Coverage (Term): 51% Coverage (LOC): 75%
*- File /home/pbai002/Targets/paperclip11/node_modules/paperclip11/lib/parser/ast/elementNode.js. Coverage (Term): 41% Coverage (LOC): 64%
*- File /home/pbai002/Targets/paperclip11/node_modules/paperclip11/lib/parser/ast/array.js. Coverage (Term): 93% Coverage (LOC): 100%
*- File /home/pbai002/Targets/paperclip11/node_modules/paperclip11/lib/parser/ast/parameters.js. Coverage (Term): 95% Coverage (LOC): 100%
*- File /home/pbai002/Targets/paperclip11/node_modules/paperclip11/lib/parser/ast/blockBinding.js. Coverage (Term): 84% Coverage (LOC): 94%
*- File /home/pbai002/Targets/paperclip11/node_modules/paperclip11/lib/parser/ast/ternaryCondition.js. Coverage (Term): 40% Coverage (LOC): 64%
*- File /home/pbai002/Targets/paperclip11/node_modules/paperclip11/lib/parser/ast/assignment.js. Coverage (Term): 34% Coverage (LOC): 56%
*- File /home/pbai002/Targets/paperclip11/node_modules/paperclip11/lib/parser/ast/operator.js. Coverage (Term): 96% Coverage (LOC): 100%
*- File /home/pbai002/Targets/paperclip11/node_modules/paperclip11/lib/parser/ast/not.js. Coverage (Term): 49% Coverage (LOC): 69%
*- File /home/pbai002/Targets/paperclip11/node_modules/paperclip11/lib/parser/ast/literal.js. Coverage (Term): 95% Coverage (LOC): 100%
*- File /home/pbai002/Targets/paperclip11/node_modules/paperclip11/lib/parser/ast/string.js. Coverage (Term): 51% Coverage (LOC): 75%
*- File /home/pbai002/Targets/paperclip11/node_modules/paperclip11/lib/parser/ast/reference.js. Coverage (Term): 92% Coverage (LOC): 97%
*- File /home/pbai002/Targets/paperclip11/node_modules/paperclip11/lib/parser/ast/hash.js. Coverage (Term): 51% Coverage (LOC): 65%
*- File /home/pbai002/Targets/paperclip11/node_modules/paperclip11/lib/parser/ast/script.js. Coverage (Term): 95% Coverage (LOC): 100%
*- File /home/pbai002/Targets/paperclip11/node_modules/paperclip11/lib/utils/uniq.js. Coverage (Term): 90% Coverage (LOC): 93%
*- File /home/pbai002/Targets/paperclip11/node_modules/paperclip11/lib/parser/ast/call.js. Coverage (Term): 38% Coverage (LOC): 52%
*- File /home/pbai002/Targets/paperclip11/node_modules/paperclip11/lib/parser/ast/modifier.js. Coverage (Term): 37% Coverage (LOC): 50%
*- File /home/pbai002/Targets/paperclip11/node_modules/paperclip11/lib/parser/ast/group.js. Coverage (Term): 52% Coverage (LOC): 75%
*- File evalIndirect. Coverage (Term): 19% Coverage (LOC): 23%
*- Re-run with EXPOSE_PRINT_COVERAGE=1 to print line by line coverage information
** ExpoSE Finished. 202 paths with 198 errors **
