+ paperclip1217@1.2.17
updated 1 package in 4.24s
Setup Done exists, not setting up
:../FeatureTester/libs/:/home/pbai002/Targets/paperclip1217/node_modules
Set Default Z3_PATH to ./node_modules/z3javascript/bin/libz3.so
ExpoSE Master: /home/pbai002/ExpoSE/lib/Harness/src/harness.js max concurrent: 16 max paths: 1000000
Setting timeout to 900000
*** [0 done /0 queued / 1 running / 0 errors / 0% coverage ] ****** [0 done /0 queued / 1 running / 0 errors / 0% coverage ] ****** [1 done /1 queued / 1 running / 1 errors / 63% coverage ] ****** [1 done /0 queued / 2 running / 1 errors / 63% coverage ] ****** [1 done /0 queued / 2 running / 1 errors / 63% coverage ] ****** [2 done /0 queued / 2 running / 2 errors / 63% coverage ] ****** [2 done /0 queued / 2 running / 2 errors / 63% coverage ] ****** [3 done /1 queued / 2 running / 3 errors / 63% coverage ] ****** [3 done /0 queued / 3 running / 3 errors / 63% coverage ] ****** [3 done /0 queued / 3 running / 3 errors / 63% coverage ] ****** [4 done /0 queued / 3 running / 4 errors / 63% coverage ] ****** [4 done /0 queued / 3 running / 4 errors / 63% coverage ] ****** [5 done /2 queued / 3 running / 5 errors / 63% coverage ] ****** [5 done /1 queued / 4 running / 5 errors / 63% coverage ] ****** [5 done /0 queued / 5 running / 5 errors / 63% coverage ] ****** [5 done /0 queued / 5 running / 5 errors / 63% coverage ] ****** [6 done /1 queued / 5 running / 6 errors / 63% coverage ] ****** [6 done /0 queued / 6 running / 6 errors / 63% coverage ] ****** [6 done /0 queued / 6 running / 6 errors / 63% coverage ] ****** [7 done /0 queued / 6 running / 7 errors / 63% coverage ] ****** [7 done /0 queued / 6 running / 7 errors / 63% coverage ] ****** [8 done /0 queued / 5 running / 8 errors / 63% coverage ] ****** [9 done /2 queued / 5 running / 9 errors / 63% coverage ] ****** [9 done /1 queued / 6 running / 9 errors / 63% coverage ] ****** [9 done /0 queued / 7 running / 9 errors / 63% coverage ] ****** [9 done /0 queued / 7 running / 9 errors / 63% coverage ] ****** [10 done /0 queued / 7 running / 10 errors / 63% coverage ] ****** [10 done /0 queued / 7 running / 10 errors / 63% coverage ] ****** [11 done /1 queued / 7 running / 11 errors / 72% coverage ] ****** [11 done /0 queued / 8 running / 11 errors / 72% coverage ] ****** [11 done /0 queued / 8 running / 11 errors / 72% coverage ] ****** [12 done /26 queued / 8 running / 12 errors / 74% coverage ] ****** [12 done /25 queued / 9 running / 12 errors / 74% coverage ] ****** [12 done /24 queued / 10 running / 12 errors / 74% coverage ] ****** [12 done /23 queued / 11 running / 12 errors / 74% coverage ] ****** [12 done /22 queued / 12 running / 12 errors / 74% coverage ] ****** [12 done /21 queued / 13 running / 12 errors / 74% coverage ] ****** [12 done /20 queued / 14 running / 12 errors / 74% coverage ] ****** [12 done /19 queued / 15 running / 12 errors / 74% coverage ] ****** [12 done /18 queued / 16 running / 12 errors / 74% coverage ] ****** [12 done /18 queued / 16 running / 12 errors / 74% coverage ] ****** [13 done /19 queued / 16 running / 13 errors / 74% coverage ] ****** [13 done /19 queued / 16 running / 13 errors / 74% coverage ] ****** [14 done /18 queued / 16 running / 14 errors / 74% coverage ] ****** [14 done /18 queued / 16 running / 14 errors / 74% coverage ] ****** [15 done /17 queued / 16 running / 15 errors / 74% coverage ] ****** [15 done /17 queued / 16 running / 15 errors / 74% coverage ] ****** [16 done /18 queued / 16 running / 16 errors / 74% coverage ] ****** [16 done /18 queued / 16 running / 16 errors / 74% coverage ] ****** [17 done /19 queued / 16 running / 17 errors / 74% coverage ] ****** [17 done /19 queued / 16 running / 17 errors / 74% coverage ] ****** [18 done /18 queued / 16 running / 17 errors / 74% coverage ] ****** [18 done /18 queued / 16 running / 17 errors / 74% coverage ] ****** [19 done /20 queued / 16 running / 18 errors / 74% coverage ] ****** [19 done /20 queued / 16 running / 18 errors / 74% coverage ] ****** [20 done /24 queued / 16 running / 19 errors / 74% coverage ] ****** [20 done /24 queued / 16 running / 19 errors / 74% coverage ] ****** [21 done /24 queued / 16 running / 20 errors / 74% coverage ] ****** [21 done /24 queued / 16 running / 20 errors / 74% coverage ] ****** [22 done /23 queued / 16 running / 21 errors / 74% coverage ] ****** [22 done /23 queued / 16 running / 21 errors / 74% coverage ] ****** [23 done /25 queued / 16 running / 22 errors / 74% coverage ] ****** [23 done /25 queued / 16 running / 22 errors / 74% coverage ] ****** [24 done /27 queued / 16 running / 23 errors / 74% coverage ] ****** [24 done /27 queued / 16 running / 23 errors / 74% coverage ] ****** [25 done /30 queued / 16 running / 24 errors / 74% coverage ] ****** [25 done /30 queued / 16 running / 24 errors / 74% coverage ] ****** [26 done /29 queued / 16 running / 25 errors / 74% coverage ] ****** [26 done /29 queued / 16 running / 25 errors / 74% coverage ] ****** [27 done /30 queued / 16 running / 26 errors / 74% coverage ] ****** [27 done /30 queued / 16 running / 26 errors / 74% coverage ] ****** [28 done /29 queued / 16 running / 27 errors / 74% coverage ] ****** [28 done /29 queued / 16 running / 27 errors / 74% coverage ] ****** [29 done /30 queued / 16 running / 28 errors / 74% coverage ] ****** [29 done /30 queued / 16 running / 28 errors / 74% coverage ] ****** [30 done /40 queued / 16 running / 29 errors / 74% coverage ] ****** [30 done /40 queued / 16 running / 29 errors / 74% coverage ] ****** [31 done /39 queued / 16 running / 30 errors / 74% coverage ] ****** [31 done /39 queued / 16 running / 30 errors / 74% coverage ] ****** [32 done /39 queued / 16 running / 31 errors / 74% coverage ] ****** [32 done /39 queued / 16 running / 31 errors / 74% coverage ] ****** [33 done /41 queued / 16 running / 32 errors / 74% coverage ] ****** [33 done /41 queued / 16 running / 32 errors / 74% coverage ] ****** [34 done /40 queued / 16 running / 33 errors / 74% coverage ] ****** [34 done /40 queued / 16 running / 33 errors / 74% coverage ] ****** [35 done /39 queued / 16 running / 34 errors / 74% coverage ] ****** [35 done /39 queued / 16 running / 34 errors / 74% coverage ] ****** [36 done /40 queued / 16 running / 35 errors / 74% coverage ] ****** [36 done /40 queued / 16 running / 35 errors / 74% coverage ] ****** [37 done /40 queued / 16 running / 36 errors / 74% coverage ] ****** [37 done /40 queued / 16 running / 36 errors / 74% coverage ] ****** [38 done /39 queued / 16 running / 37 errors / 74% coverage ] ****** [38 done /39 queued / 16 running / 37 errors / 74% coverage ] ****** [39 done /40 queued / 16 running / 38 errors / 74% coverage ] ****** [39 done /40 queued / 16 running / 38 errors / 74% coverage ] ****** [40 done /41 queued / 16 running / 39 errors / 74% coverage ] ****** [40 done /41 queued / 16 running / 39 errors / 74% coverage ] ****** [41 done /40 queued / 16 running / 40 errors / 74% coverage ] ****** [41 done /40 queued / 16 running / 40 errors / 74% coverage ] ****** [42 done /39 queued / 16 running / 41 errors / 74% coverage ] ****** [42 done /39 queued / 16 running / 41 errors / 74% coverage ] ****** [43 done /40 queued / 16 running / 42 errors / 74% coverage ] ****** [43 done /40 queued / 16 running / 42 errors / 74% coverage ] ****** [44 done /43 queued / 16 running / 43 errors / 74% coverage ] ****** [44 done /43 queued / 16 running / 43 errors / 74% coverage ] ****** [45 done /42 queued / 16 running / 44 errors / 74% coverage ] ****** [45 done /42 queued / 16 running / 44 errors / 74% coverage ] ****** [46 done /47 queued / 16 running / 45 errors / 74% coverage ] ****** [46 done /47 queued / 16 running / 45 errors / 74% coverage ] ****** [47 done /52 queued / 16 running / 46 errors / 74% coverage ] ****** [47 done /52 queued / 16 running / 46 errors / 74% coverage ] ****** [48 done /69 queued / 16 running / 47 errors / 77% coverage ] ****** [48 done /69 queued / 16 running / 47 errors / 77% coverage ] ****** [49 done /69 queued / 16 running / 48 errors / 77% coverage ] ****** [49 done /69 queued / 16 running / 48 errors / 77% coverage ] ****** [50 done /74 queued / 16 running / 49 errors / 77% coverage ] ****** [50 done /74 queued / 16 running / 49 errors / 77% coverage ] ****** [51 done /74 queued / 16 running / 50 errors / 77% coverage ] ****** [51 done /74 queued / 16 running / 50 errors / 77% coverage ] ****** [52 done /73 queued / 16 running / 51 errors / 77% coverage ] ****** [52 done /73 queued / 16 running / 51 errors / 77% coverage ] ****** [53 done /72 queued / 16 running / 52 errors / 77% coverage ] ****** [53 done /72 queued / 16 running / 52 errors / 77% coverage ] ****** [54 done /87 queued / 16 running / 53 errors / 77% coverage ] ****** [54 done /87 queued / 16 running / 53 errors / 77% coverage ] ****** [55 done /87 queued / 16 running / 54 errors / 77% coverage ] ****** [55 done /87 queued / 16 running / 54 errors / 77% coverage ] ****** [56 done /86 queued / 16 running / 55 errors / 77% coverage ] ****** [56 done /86 queued / 16 running / 55 errors / 77% coverage ] ****** [57 done /85 queued / 16 running / 56 errors / 77% coverage ] ****** [57 done /85 queued / 16 running / 56 errors / 77% coverage ] ****** [58 done /107 queued / 16 running / 56 errors / 77% coverage ] ****** [58 done /107 queued / 16 running / 56 errors / 77% coverage ] ****** [59 done /128 queued / 16 running / 57 errors / 77% coverage ] ****** [59 done /128 queued / 16 running / 57 errors / 77% coverage ] ****** [60 done /131 queued / 16 running / 58 errors / 77% coverage ] ****** [60 done /131 queued / 16 running / 58 errors / 77% coverage ] ****** [61 done /130 queued / 16 running / 59 errors / 77% coverage ] ****** [61 done /130 queued / 16 running / 59 errors / 77% coverage ] ****** [62 done /130 queued / 16 running / 60 errors / 77% coverage ] ****** [62 done /130 queued / 16 running / 60 errors / 77% coverage ] ****** [63 done /130 queued / 16 running / 61 errors / 77% coverage ] ****** [63 done /130 queued / 16 running / 61 errors / 77% coverage ] ****** [64 done /130 queued / 16 running / 62 errors / 77% coverage ] ****** [64 done /130 queued / 16 running / 62 errors / 77% coverage ] ****** [65 done /130 queued / 16 running / 63 errors / 77% coverage ] ****** [65 done /130 queued / 16 running / 63 errors / 77% coverage ] ****** [66 done /132 queued / 16 running / 64 errors / 77% coverage ] ****** [66 done /132 queued / 16 running / 64 errors / 77% coverage ] ****** [67 done /132 queued / 16 running / 65 errors / 77% coverage ] ****** [67 done /132 queued / 16 running / 65 errors / 77% coverage ] ****** [68 done /131 queued / 16 running / 66 errors / 77% coverage ] ****** [68 done /131 queued / 16 running / 66 errors / 77% coverage ] ****** [69 done /142 queued / 16 running / 67 errors / 77% coverage ] ****** [69 done /142 queued / 16 running / 67 errors / 77% coverage ] ****** [70 done /153 queued / 16 running / 68 errors / 77% coverage ] ****** [70 done /153 queued / 16 running / 68 errors / 77% coverage ] ****** [71 done /172 queued / 16 running / 69 errors / 77% coverage ] ****** [71 done /172 queued / 16 running / 69 errors / 77% coverage ] ****** [72 done /175 queued / 16 running / 70 errors / 77% coverage ] ****** [72 done /175 queued / 16 running / 70 errors / 77% coverage ] ****** [73 done /202 queued / 16 running / 71 errors / 77% coverage ] ****** [73 done /202 queued / 16 running / 71 errors / 77% coverage ] ****** [74 done /201 queued / 16 running / 72 errors / 77% coverage ] ****** [74 done /201 queued / 16 running / 72 errors / 77% coverage ] ****** [75 done /212 queued / 16 running / 73 errors / 77% coverage ] ****** [75 done /212 queued / 16 running / 73 errors / 77% coverage ] ****** [76 done /223 queued / 16 running / 74 errors / 77% coverage ] ****** [76 done /223 queued / 16 running / 74 errors / 77% coverage ] ****** [77 done /236 queued / 16 running / 75 errors / 77% coverage ] ****** [77 done /236 queued / 16 running / 75 errors / 77% coverage ] ****** [78 done /260 queued / 16 running / 76 errors / 79% coverage ] ****** [78 done /260 queued / 16 running / 76 errors / 79% coverage ] ****** [79 done /271 queued / 16 running / 77 errors / 79% coverage ] ****** [79 done /271 queued / 16 running / 77 errors / 79% coverage ] ****** [80 done /270 queued / 16 running / 78 errors / 79% coverage ] ****** [80 done /270 queued / 16 running / 78 errors / 79% coverage ] ****** [81 done /283 queued / 16 running / 79 errors / 79% coverage ] ****** [81 done /283 queued / 16 running / 79 errors / 79% coverage ] ****** [82 done /282 queued / 16 running / 80 errors / 79% coverage ] ****** [82 done /282 queued / 16 running / 80 errors / 79% coverage ] ****** [83 done /286 queued / 16 running / 81 errors / 79% coverage ] ****** [83 done /286 queued / 16 running / 81 errors / 79% coverage ] ****** [84 done /286 queued / 16 running / 82 errors / 79% coverage ] ****** [84 done /286 queued / 16 running / 82 errors / 79% coverage ] ****** [85 done /292 queued / 16 running / 83 errors / 79% coverage ] ****** [85 done /292 queued / 16 running / 83 errors / 79% coverage ] ****** [86 done /301 queued / 16 running / 84 errors / 79% coverage ] ****** [86 done /301 queued / 16 running / 84 errors / 79% coverage ] ****** [87 done /316 queued / 16 running / 85 errors / 79% coverage ] ****** [87 done /316 queued / 16 running / 85 errors / 79% coverage ] ****** [88 done /329 queued / 16 running / 86 errors / 79% coverage ] ****** [88 done /329 queued / 16 running / 86 errors / 79% coverage ] ****** [89 done /342 queued / 16 running / 87 errors / 79% coverage ] ****** [89 done /342 queued / 16 running / 87 errors / 79% coverage ] ****** [90 done /362 queued / 16 running / 88 errors / 79% coverage ] ****** [90 done /362 queued / 16 running / 88 errors / 79% coverage ] ****** [91 done /382 queued / 16 running / 89 errors / 79% coverage ] ****** [91 done /382 queued / 16 running / 89 errors / 79% coverage ] ****** [92 done /403 queued / 16 running / 90 errors / 79% coverage ] ****** [92 done /403 queued / 16 running / 90 errors / 79% coverage ] ****** [93 done /424 queued / 16 running / 91 errors / 79% coverage ] ****** [93 done /424 queued / 16 running / 91 errors / 79% coverage ] ****** [94 done /445 queued / 16 running / 92 errors / 79% coverage ] ****** [94 done /445 queued / 16 running / 92 errors / 79% coverage ] ****** [95 done /464 queued / 16 running / 93 errors / 80% coverage ] ****** [95 done /464 queued / 16 running / 93 errors / 80% coverage ] ****** [96 done /485 queued / 16 running / 94 errors / 80% coverage ] ****** [96 done /485 queued / 16 running / 94 errors / 80% coverage ] ****** [97 done /509 queued / 16 running / 95 errors / 80% coverage ] ****** [97 done /509 queued / 16 running / 95 errors / 80% coverage ] ****** [98 done /529 queued / 16 running / 96 errors / 80% coverage ] ****** [98 done /529 queued / 16 running / 96 errors / 80% coverage ] ****** [99 done /542 queued / 16 running / 97 errors / 80% coverage ] ****** [99 done /542 queued / 16 running / 97 errors / 80% coverage ] ****** [100 done /555 queued / 16 running / 98 errors / 80% coverage ] ****** [100 done /555 queued / 16 running / 98 errors / 80% coverage ] ****** [101 done /568 queued / 16 running / 99 errors / 80% coverage ] ****** [101 done /568 queued / 16 running / 99 errors / 80% coverage ] ****** [102 done /575 queued / 16 running / 100 errors / 80% coverage ] ****** [102 done /575 queued / 16 running / 100 errors / 80% coverage ] ****** [103 done /596 queued / 16 running / 101 errors / 80% coverage ] ****** [103 done /596 queued / 16 running / 101 errors / 80% coverage ] ****** [104 done /617 queued / 16 running / 102 errors / 80% coverage ] ****** [104 done /617 queued / 16 running / 102 errors / 80% coverage ] ****** [105 done /630 queued / 16 running / 103 errors / 80% coverage ] ****** [105 done /630 queued / 16 running / 103 errors / 80% coverage ] ****** [106 done /644 queued / 16 running / 104 errors / 80% coverage ] ****** [106 done /644 queued / 16 running / 104 errors / 80% coverage ] ****** [107 done /643 queued / 16 running / 105 errors / 80% coverage ] ****** [107 done /643 queued / 16 running / 105 errors / 80% coverage ] ****** [108 done /642 queued / 16 running / 106 errors / 80% coverage ] ****** [108 done /642 queued / 16 running / 106 errors / 80% coverage ] ****** [109 done /662 queued / 16 running / 107 errors / 80% coverage ] ****** [109 done /662 queued / 16 running / 107 errors / 80% coverage ] ****** [110 done /682 queued / 16 running / 108 errors / 80% coverage ] ****** [110 done /682 queued / 16 running / 108 errors / 80% coverage ] ****** [111 done /702 queued / 16 running / 109 errors / 80% coverage ] ****** [111 done /702 queued / 16 running / 109 errors / 80% coverage ] ****** [112 done /701 queued / 16 running / 110 errors / 80% coverage ] ****** [112 done /701 queued / 16 running / 110 errors / 80% coverage ] ****** [113 done /700 queued / 16 running / 111 errors / 80% coverage ] ****** [113 done /700 queued / 16 running / 111 errors / 80% coverage ] ****** [114 done /702 queued / 16 running / 112 errors / 80% coverage ] ****** [114 done /702 queued / 16 running / 112 errors / 80% coverage ] ****** [115 done /701 queued / 16 running / 113 errors / 80% coverage ] ****** [115 done /701 queued / 16 running / 113 errors / 80% coverage ] ****** [116 done /700 queued / 16 running / 114 errors / 80% coverage ] ****** [116 done /700 queued / 16 running / 114 errors / 80% coverage ] ****** [117 done /702 queued / 16 running / 115 errors / 80% coverage ] ****** [117 done /702 queued / 16 running / 115 errors / 80% coverage ] ****** [118 done /715 queued / 16 running / 116 errors / 80% coverage ] ****** [118 done /715 queued / 16 running / 116 errors / 80% coverage ] ****** [119 done /728 queued / 16 running / 117 errors / 80% coverage ] ****** [119 done /728 queued / 16 running / 117 errors / 80% coverage ] ****** [120 done /741 queued / 16 running / 118 errors / 80% coverage ] ****** [120 done /741 queued / 16 running / 118 errors / 80% coverage ] ****** [121 done /740 queued / 16 running / 119 errors / 80% coverage ] ****** [121 done /740 queued / 16 running / 119 errors / 80% coverage ] ****** [122 done /755 queued / 16 running / 120 errors / 80% coverage ] ****** [122 done /755 queued / 16 running / 120 errors / 80% coverage ] ****** [123 done /775 queued / 16 running / 121 errors / 80% coverage ] ****** [123 done /775 queued / 16 running / 121 errors / 80% coverage ] ****** [124 done /795 queued / 16 running / 122 errors / 80% coverage ] ****** [124 done /795 queued / 16 running / 122 errors / 80% coverage ] ****** [125 done /809 queued / 16 running / 123 errors / 80% coverage ] ****** [125 done /809 queued / 16 running / 123 errors / 80% coverage ] ****** [126 done /830 queued / 16 running / 124 errors / 80% coverage ] ****** [126 done /830 queued / 16 running / 124 errors / 80% coverage ] ****** [127 done /851 queued / 16 running / 125 errors / 80% coverage ] ****** [127 done /851 queued / 16 running / 125 errors / 80% coverage ] ****** [128 done /865 queued / 16 running / 126 errors / 80% coverage ] ****** [128 done /865 queued / 16 running / 126 errors / 80% coverage ] ****** [129 done /885 queued / 16 running / 127 errors / 80% coverage ] ****** [129 done /885 queued / 16 running / 127 errors / 80% coverage ] ****** [130 done /906 queued / 16 running / 128 errors / 80% coverage ] ****** [130 done /906 queued / 16 running / 128 errors / 80% coverage ] ****** [131 done /919 queued / 16 running / 129 errors / 80% coverage ] ****** [131 done /919 queued / 16 running / 129 errors / 80% coverage ] ****** [132 done /926 queued / 16 running / 130 errors / 80% coverage ] ****** [132 done /926 queued / 16 running / 130 errors / 80% coverage ] ****** [133 done /946 queued / 16 running / 131 errors / 80% coverage ] ****** [133 done /946 queued / 16 running / 131 errors / 80% coverage ] ****** [134 done /966 queued / 16 running / 132 errors / 80% coverage ] ****** [134 done /966 queued / 16 running / 132 errors / 80% coverage ] ****** [135 done /979 queued / 16 running / 133 errors / 80% coverage ] ****** [135 done /979 queued / 16 running / 133 errors / 80% coverage ] ****** [136 done /987 queued / 16 running / 134 errors / 80% coverage ] ****** [136 done /987 queued / 16 running / 134 errors / 80% coverage ] ****** [137 done /1008 queued / 16 running / 135 errors / 80% coverage ] ****** [137 done /1008 queued / 16 running / 135 errors / 80% coverage ] ****** [138 done /1028 queued / 16 running / 136 errors / 80% coverage ] ****** [138 done /1028 queued / 16 running / 136 errors / 80% coverage ] ****** [139 done /1042 queued / 16 running / 137 errors / 80% coverage ] ****** [139 done /1042 queued / 16 running / 137 errors / 80% coverage ] ****** [140 done /1062 queued / 16 running / 138 errors / 80% coverage ] ****** [140 done /1062 queued / 16 running / 138 errors / 80% coverage ] ****** [141 done /1082 queued / 16 running / 139 errors / 80% coverage ] ****** [141 done /1082 queued / 16 running / 139 errors / 80% coverage ] ****** [142 done /1095 queued / 16 running / 140 errors / 80% coverage ] ****** [142 done /1095 queued / 16 running / 140 errors / 80% coverage ] ****** [143 done /1112 queued / 16 running / 141 errors / 80% coverage ] ****** [143 done /1112 queued / 16 running / 141 errors / 80% coverage ] ****** [144 done /1112 queued / 16 running / 142 errors / 80% coverage ] ****** [144 done /1112 queued / 16 running / 142 errors / 80% coverage ] ****** [145 done /1114 queued / 16 running / 143 errors / 80% coverage ] ****** [145 done /1114 queued / 16 running / 143 errors / 80% coverage ] ****** [146 done /1134 queued / 16 running / 144 errors / 80% coverage ] ****** [146 done /1134 queued / 16 running / 144 errors / 80% coverage ] ****** [147 done /1147 queued / 16 running / 145 errors / 80% coverage ] ****** [147 done /1147 queued / 16 running / 145 errors / 80% coverage ] ****** [148 done /1148 queued / 16 running / 146 errors / 80% coverage ] ****** [148 done /1148 queued / 16 running / 146 errors / 80% coverage ] ****** [149 done /1147 queued / 16 running / 147 errors / 80% coverage ] ****** [149 done /1147 queued / 16 running / 147 errors / 80% coverage ] ****** [150 done /1146 queued / 16 running / 148 errors / 80% coverage ] ****** [150 done /1146 queued / 16 running / 148 errors / 80% coverage ] ****** [151 done /1167 queued / 16 running / 149 errors / 80% coverage ] ****** [151 done /1167 queued / 16 running / 149 errors / 80% coverage ] ****** [152 done /1176 queued / 16 running / 150 errors / 80% coverage ] ****** [152 done /1176 queued / 16 running / 150 errors / 80% coverage ] ****** [153 done /1189 queued / 16 running / 151 errors / 80% coverage ] ****** [153 done /1189 queued / 16 running / 151 errors / 80% coverage ] ****** [154 done /1188 queued / 16 running / 152 errors / 80% coverage ] ****** [154 done /1188 queued / 16 running / 152 errors / 80% coverage ] ****** [155 done /1193 queued / 16 running / 153 errors / 80% coverage ] ****** [155 done /1193 queued / 16 running / 153 errors / 80% coverage ] ****** [156 done /1213 queued / 16 running / 154 errors / 80% coverage ] ****** [156 done /1213 queued / 16 running / 154 errors / 80% coverage ] ****** [157 done /1226 queued / 16 running / 155 errors / 80% coverage ] ****** [157 done /1226 queued / 16 running / 155 errors / 80% coverage ] ****** [158 done /1240 queued / 16 running / 156 errors / 80% coverage ] ****** [158 done /1240 queued / 16 running / 156 errors / 80% coverage ] ****** [159 done /1240 queued / 16 running / 157 errors / 80% coverage ] ****** [159 done /1240 queued / 16 running / 157 errors / 80% coverage ] ****** [160 done /1260 queued / 16 running / 158 errors / 80% coverage ] ****** [160 done /1260 queued / 16 running / 158 errors / 80% coverage ] ****** [161 done /1259 queued / 16 running / 159 errors / 80% coverage ] ****** [161 done /1259 queued / 16 running / 159 errors / 80% coverage ] ****** [162 done /1275 queued / 16 running / 160 errors / 80% coverage ] ****** [162 done /1275 queued / 16 running / 160 errors / 80% coverage ] ****** [163 done /1284 queued / 16 running / 161 errors / 80% coverage ] ****** [163 done /1284 queued / 16 running / 161 errors / 80% coverage ] ****** [164 done /1284 queued / 16 running / 162 errors / 80% coverage ] ****** [164 done /1284 queued / 16 running / 162 errors / 80% coverage ] ****** [165 done /1285 queued / 16 running / 163 errors / 80% coverage ] ****** [165 done /1285 queued / 16 running / 163 errors / 80% coverage ] ****** [166 done /1306 queued / 16 running / 164 errors / 80% coverage ] ****** [166 done /1306 queued / 16 running / 164 errors / 80% coverage ] ****** [167 done /1306 queued / 16 running / 165 errors / 80% coverage ] ****** [167 done /1306 queued / 16 running / 165 errors / 80% coverage ] ****** [168 done /1326 queued / 16 running / 166 errors / 80% coverage ] ****** [168 done /1326 queued / 16 running / 166 errors / 80% coverage ] ****** [169 done /1334 queued / 16 running / 167 errors / 80% coverage ] ****** [169 done /1334 queued / 16 running / 167 errors / 80% coverage ] ****** [170 done /1349 queued / 16 running / 168 errors / 80% coverage ] ****** [170 done /1349 queued / 16 running / 168 errors / 80% coverage ] ****** [171 done /1362 queued / 16 running / 169 errors / 80% coverage ] ****** [171 done /1362 queued / 16 running / 169 errors / 80% coverage ] ****** [172 done /1361 queued / 16 running / 170 errors / 80% coverage ] ****** [172 done /1361 queued / 16 running / 170 errors / 80% coverage ] ****** [173 done /1381 queued / 16 running / 171 errors / 80% coverage ] ****** [173 done /1381 queued / 16 running / 171 errors / 80% coverage ] ****** [174 done /1401 queued / 16 running / 172 errors / 80% coverage ] ****** [174 done /1401 queued / 16 running / 172 errors / 80% coverage ] ****** [175 done /1414 queued / 16 running / 173 errors / 80% coverage ] ****** [175 done /1414 queued / 16 running / 173 errors / 80% coverage ] ****** [176 done /1413 queued / 16 running / 174 errors / 80% coverage ] ****** [176 done /1413 queued / 16 running / 174 errors / 80% coverage ] ****** [177 done /1427 queued / 16 running / 175 errors / 80% coverage ] ****** [177 done /1427 queued / 16 running / 175 errors / 80% coverage ] ****** [178 done /1441 queued / 16 running / 176 errors / 80% coverage ] ****** [178 done /1441 queued / 16 running / 176 errors / 80% coverage ] ****** [179 done /1463 queued / 16 running / 177 errors / 80% coverage ] ****** [179 done /1463 queued / 16 running / 177 errors / 80% coverage ] ****** [180 done /1491 queued / 16 running / 178 errors / 80% coverage ] ****** [180 done /1491 queued / 16 running / 178 errors / 80% coverage ] ****** [181 done /1490 queued / 16 running / 179 errors / 80% coverage ] ****** [181 done /1490 queued / 16 running / 179 errors / 80% coverage ] ****** [182 done /1505 queued / 16 running / 180 errors / 80% coverage ] ****** [182 done /1505 queued / 16 running / 180 errors / 80% coverage ] ****** [183 done /1504 queued / 16 running / 181 errors / 80% coverage ] ****** [183 done /1504 queued / 16 running / 181 errors / 80% coverage ] ****** [184 done /1518 queued / 16 running / 182 errors / 80% coverage ] ****** [184 done /1518 queued / 16 running / 182 errors / 80% coverage ] ****** [185 done /1541 queued / 16 running / 183 errors / 80% coverage ] ****** [185 done /1541 queued / 16 running / 183 errors / 80% coverage ] ****** [186 done /1571 queued / 16 running / 184 errors / 80% coverage ] ****** [186 done /1571 queued / 16 running / 184 errors / 80% coverage ] ****** [187 done /1571 queued / 16 running / 185 errors / 80% coverage ] ****** [187 done /1571 queued / 16 running / 185 errors / 80% coverage ] ****** [188 done /1591 queued / 16 running / 186 errors / 80% coverage ] ****** [188 done /1591 queued / 16 running / 186 errors / 80% coverage ] ****** [189 done /1604 queued / 16 running / 187 errors / 80% coverage ] ****** [189 done /1604 queued / 16 running / 187 errors / 80% coverage ] ****** [190 done /1614 queued / 16 running / 188 errors / 80% coverage ] ****** [190 done /1614 queued / 16 running / 188 errors / 80% coverage ] ****** [191 done /1621 queued / 16 running / 189 errors / 80% coverage ] ****** [191 done /1621 queued / 16 running / 189 errors / 80% coverage ] ****** [192 done /1642 queued / 16 running / 190 errors / 80% coverage ] ****** [192 done /1642 queued / 16 running / 190 errors / 80% coverage ] ****** [193 done /1644 queued / 16 running / 191 errors / 80% coverage ] ****** [193 done /1644 queued / 16 running / 191 errors / 80% coverage ] ****** [194 done /1643 queued / 16 running / 192 errors / 80% coverage ] ****** [194 done /1643 queued / 16 running / 192 errors / 80% coverage ] ****** [195 done /1664 queued / 16 running / 193 errors / 80% coverage ] ****** [195 done /1664 queued / 16 running / 193 errors / 80% coverage ] ***
*-- Stat Module Output --*
*-- concretizations: ["defineProperty","bound consoleCall","call","apply","bind","toString","bound Component","bound Attribute","bound ","Error","charCodeAt","join","reverse","Function","sort","splice","Array","toUpperCase","stringify","parseFloat"]
*-- regex: 15470
*-- Stat Module Done --*
*-- Test Case {"_bound":0,"Switcher":false,"Target_Switch_Base":0,"ExpansionArg_type":0} start 0.0336 took 8.7472s
*-- Errors occured in test {"_bound":0,"Switcher":false,"Target_Switch_Base":0,"ExpansionArg_type":0}
* Error: TypeError: Cannot read property 'attributes' of undefined
*-- Replay with NO_COMPILE=1 expoSE replay '/home/pbai002/ExpoSE/lib/Harness/src/harness.js' '{"_bound":0}'
*-- Test Case {"Switcher":false,"Target_Switch_Base":0,"ExpansionArg_type":1,"_bound":2} start 8.8859 took 8.2415s
*-- Errors occured in test {"Switcher":false,"Target_Switch_Base":0,"ExpansionArg_type":1,"_bound":2}
* Error: TypeError: Cannot read property 'attributes' of null
*-- Replay with NO_COMPILE=1 expoSE replay '/home/pbai002/ExpoSE/lib/Harness/src/harness.js' '{"Switcher":false,"Target_Switch_Base":0,"ExpansionArg_type":1,"_bound":2}'
*-- Test Case {"Switcher":false,"Target_Switch_Base":1,"ExpansionArg_type":0,"_bound":1} start 8.9135 took 8.431s
*-- Errors occured in test {"Switcher":false,"Target_Switch_Base":1,"ExpansionArg_type":0,"_bound":1}
* Error: TypeError: Cannot read property 'view' of undefined
*-- Replay with NO_COMPILE=1 expoSE replay '/home/pbai002/ExpoSE/lib/Harness/src/harness.js' '{"Switcher":false,"Target_Switch_Base":1,"ExpansionArg_type":0,"_bound":1}'
*-- Test Case {"Switcher":false,"Target_Switch_Base":0,"ExpansionArg_type":2,"_bound":3,"ExpansionArg_int":0} start 17.224 took 7.787s
*-- Errors occured in test {"Switcher":false,"Target_Switch_Base":0,"ExpansionArg_type":2,"_bound":3,"ExpansionArg_int":0}
* Error: TypeError: Cannot read property 'template' of undefined
*-- Replay with NO_COMPILE=1 expoSE replay '/home/pbai002/ExpoSE/lib/Harness/src/harness.js' '{"Switcher":false,"Target_Switch_Base":0,"ExpansionArg_type":2,"_bound":3}'
*-- Test Case {"Switcher":false,"Target_Switch_Base":2,"ExpansionArg_type":0,"_bound":2,"ExpansionArg_type_2":0} start 17.4812 took 7.7904s
*-- Errors occured in test {"Switcher":false,"Target_Switch_Base":2,"ExpansionArg_type":0,"_bound":2,"ExpansionArg_type_2":0}
* Error: Error: source must either be type 'string' or 'function'
*-- Replay with NO_COMPILE=1 expoSE replay '/home/pbai002/ExpoSE/lib/Harness/src/harness.js' '{"Switcher":false,"Target_Switch_Base":2,"ExpansionArg_type":0,"_bound":2}'
*-- Test Case {"Switcher":false,"Target_Switch_Base":1,"ExpansionArg_type":2,"_bound":3,"ExpansionArg_int":0} start 17.4441 took 8.6224s
*-- Errors occured in test {"Switcher":false,"Target_Switch_Base":1,"ExpansionArg_type":2,"_bound":3,"ExpansionArg_int":0}
* Error: TypeError: Cannot read property 'template' of undefined
*-- Replay with NO_COMPILE=1 expoSE replay '/home/pbai002/ExpoSE/lib/Harness/src/harness.js' '{"Switcher":false,"Target_Switch_Base":1,"ExpansionArg_type":2,"_bound":3}'
*-- Test Case {"Switcher":false,"Target_Switch_Base":0,"ExpansionArg_type":3,"ExpansionArg_int":0,"_bound":4,"ExpansionArg_string":"PureString"} start 25.0644 took 8.5667s
*-- Errors occured in test {"Switcher":false,"Target_Switch_Base":0,"ExpansionArg_type":3,"ExpansionArg_int":0,"_bound":4,"ExpansionArg_string":"PureString"}
* Error: TypeError: Cannot read property 'template' of undefined
*-- Replay with NO_COMPILE=1 expoSE replay '/home/pbai002/ExpoSE/lib/Harness/src/harness.js' '{"Switcher":false,"Target_Switch_Base":0,"ExpansionArg_type":3,"ExpansionArg_int":0,"_bound":4}'
*-- Test Case {"Switcher":false,"Target_Switch_Base":1,"ExpansionArg_type":1,"ExpansionArg_int":0,"_bound":4} start 26.1583 took 8.4817s
*-- Errors occured in test {"Switcher":false,"Target_Switch_Base":1,"ExpansionArg_type":1,"ExpansionArg_int":0,"_bound":4}
* Error: TypeError: Cannot read property 'view' of null
*-- Replay with NO_COMPILE=1 expoSE replay '/home/pbai002/ExpoSE/lib/Harness/src/harness.js' '{"Switcher":false,"Target_Switch_Base":1,"ExpansionArg_type":1,"ExpansionArg_int":0,"_bound":4}'
*-- Test Case {"Switcher":false,"Target_Switch_Base":2,"ExpansionArg_type":0,"ExpansionArg_type_2":3,"_bound":5,"ExpansionArg_string":"PureString"} start 25.5338 took 9.199s
*-- Errors occured in test {"Switcher":false,"Target_Switch_Base":2,"ExpansionArg_type":0,"ExpansionArg_type_2":3,"_bound":5,"ExpansionArg_string":"PureString"}
* Error: Error: source must either be type 'string' or 'function'
*-- Replay with NO_COMPILE=1 expoSE replay '/home/pbai002/ExpoSE/lib/Harness/src/harness.js' '{"Switcher":false,"Target_Switch_Base":2,"ExpansionArg_type":0,"ExpansionArg_type_2":3,"_bound":5}'
*-- Test Case {"Switcher":false,"Target_Switch_Base":1,"ExpansionArg_type":3,"ExpansionArg_int":0,"_bound":5,"ExpansionArg_string":"PureString"} start 26.5778 took 8.4715s
*-- Errors occured in test {"Switcher":false,"Target_Switch_Base":1,"ExpansionArg_type":3,"ExpansionArg_int":0,"_bound":5,"ExpansionArg_string":"PureString"}
* Error: TypeError: Cannot read property 'template' of undefined
*-- Replay with NO_COMPILE=1 expoSE replay '/home/pbai002/ExpoSE/lib/Harness/src/harness.js' '{"Switcher":false,"Target_Switch_Base":1,"ExpansionArg_type":3,"ExpansionArg_int":0,"_bound":5}'
*-- Test Case {"Switcher":false,"Target_Switch_Base":3,"ExpansionArg_type":0,"ExpansionArg_type_2":0,"_bound":3} start 25.5887 took 10.5947s
*-- Errors occured in test {"Switcher":false,"Target_Switch_Base":3,"ExpansionArg_type":0,"ExpansionArg_type_2":0,"_bound":3}
* Error: TypeError: Cannot read property 'charAt' of undefined
*-- Replay with NO_COMPILE=1 expoSE replay '/home/pbai002/ExpoSE/lib/Harness/src/harness.js' '{"Switcher":false,"Target_Switch_Base":3,"ExpansionArg_type":0,"ExpansionArg_type_2":0,"_bound":3}'
*-- Test Case {"Switcher":false,"Target_Switch_Base":2,"ExpansionArg_type":3,"ExpansionArg_type_2":0,"_bound":4,"ExpansionArg_string":"PureString"} start 25.5591 took 12.6626s
*-- Errors occured in test {"Switcher":false,"Target_Switch_Base":2,"ExpansionArg_type":3,"ExpansionArg_type_2":0,"_bound":4,"ExpansionArg_string":"PureString"}
* Error: ReferenceError: require is not defined
*-- Replay with NO_COMPILE=1 expoSE replay '/home/pbai002/ExpoSE/lib/Harness/src/harness.js' '{"Switcher":false,"Target_Switch_Base":2,"ExpansionArg_type":3,"ExpansionArg_type_2":0,"_bound":4}'
*-- Test Case {"Switcher":false,"Target_Switch_Base":0,"ExpansionArg_type":4,"ExpansionArg_string":"","_bound":5,"ExpansionArg_array_length":0} start 33.7082 took 8.1345s
*-- Errors occured in test {"Switcher":false,"Target_Switch_Base":0,"ExpansionArg_type":4,"ExpansionArg_string":"","_bound":5,"ExpansionArg_array_length":0}
* Error: TypeError: Cannot read property 'template' of undefined
*-- Replay with NO_COMPILE=1 expoSE replay '/home/pbai002/ExpoSE/lib/Harness/src/harness.js' '{"Switcher":false,"Target_Switch_Base":0,"ExpansionArg_type":4,"ExpansionArg_string":"","_bound":5}'
*-- Test Case {"Switcher":false,"Target_Switch_Base":2,"ExpansionArg_type":0,"ExpansionArg_type_2":2,"ExpansionArg_string":"","_bound":7,"ExpansionArg_int":0} start 34.828 took 9.0985s
*-- Errors occured in test {"Switcher":false,"Target_Switch_Base":2,"ExpansionArg_type":0,"ExpansionArg_type_2":2,"ExpansionArg_string":"","_bound":7,"ExpansionArg_int":0}
* Error: Error: source must either be type 'string' or 'function'
*-- Replay with NO_COMPILE=1 expoSE replay '/home/pbai002/ExpoSE/lib/Harness/src/harness.js' '{"Switcher":false,"Target_Switch_Base":2,"ExpansionArg_type":0,"ExpansionArg_type_2":2,"ExpansionArg_string":"","_bound":7}'
*-- Test Case {"Switcher":false,"Target_Switch_Base":2,"ExpansionArg_type":0,"ExpansionArg_type_2":1,"ExpansionArg_string":"","_bound":6} start 34.8786 took 9.7237s
*-- Errors occured in test {"Switcher":false,"Target_Switch_Base":2,"ExpansionArg_type":0,"ExpansionArg_type_2":1,"ExpansionArg_string":"","_bound":6}
* Error: Error: source must either be type 'string' or 'function'
*-- Replay with NO_COMPILE=1 expoSE replay '/home/pbai002/ExpoSE/lib/Harness/src/harness.js' '{"Switcher":false,"Target_Switch_Base":2,"ExpansionArg_type":0,"ExpansionArg_type_2":1,"ExpansionArg_string":"","_bound":6}'
*-- Test Case {"Switcher":false,"Target_Switch_Base":2,"ExpansionArg_type":0,"ExpansionArg_type_2":4,"ExpansionArg_string":"","_bound":8,"ExpansionArg_array_length":0} start 34.8057 took 9.9917s
*-- Errors occured in test {"Switcher":false,"Target_Switch_Base":2,"ExpansionArg_type":0,"ExpansionArg_type_2":4,"ExpansionArg_string":"","_bound":8,"ExpansionArg_array_length":0}
* Error: Error: source must either be type 'string' or 'function'
*-- Replay with NO_COMPILE=1 expoSE replay '/home/pbai002/ExpoSE/lib/Harness/src/harness.js' '{"Switcher":false,"Target_Switch_Base":2,"ExpansionArg_type":0,"ExpansionArg_type_2":4,"ExpansionArg_string":"","_bound":8}'
*-- Test Case {"Switcher":false,"Target_Switch_Base":1,"ExpansionArg_type":4,"ExpansionArg_string":"","_bound":6,"ExpansionArg_array_length":0} start 35.1193 took 10.9755s
*-- Errors occured in test {"Switcher":false,"Target_Switch_Base":1,"ExpansionArg_type":4,"ExpansionArg_string":"","_bound":6,"ExpansionArg_array_length":0}
* Error: TypeError: Cannot read property 'template' of undefined
*-- Replay with NO_COMPILE=1 expoSE replay '/home/pbai002/ExpoSE/lib/Harness/src/harness.js' '{"Switcher":false,"Target_Switch_Base":1,"ExpansionArg_type":4,"ExpansionArg_string":"","_bound":6}'
*-- Test Case {"Switcher":false,"Target_Switch_Base":4,"ExpansionArg_type":0,"_bound":4} start 36.3387 took 10.8187s
*-- Test Case {"Switcher":false,"Target_Switch_Base":2,"ExpansionArg_type":4,"ExpansionArg_string":"","ExpansionArg_type_2":0,"_bound":7,"ExpansionArg_array_length":0} start 39.075 took 10.8395s
*-- Errors occured in test {"Switcher":false,"Target_Switch_Base":2,"ExpansionArg_type":4,"ExpansionArg_string":"","ExpansionArg_type_2":0,"_bound":7,"ExpansionArg_array_length":0}
* Error: Error: source must either be type 'string' or 'function'
*-- Replay with NO_COMPILE=1 expoSE replay '/home/pbai002/ExpoSE/lib/Harness/src/harness.js' '{"Switcher":false,"Target_Switch_Base":2,"ExpansionArg_type":4,"ExpansionArg_string":"","ExpansionArg_type_2":0,"_bound":7}'
*-- Test Case {"Switcher":false,"Target_Switch_Base":3,"ExpansionArg_type":4,"_bound":5,"ExpansionArg_array_length":0} start 36.4011 took 14.5907s
*-- Errors occured in test {"Switcher":false,"Target_Switch_Base":3,"ExpansionArg_type":4,"_bound":5,"ExpansionArg_array_length":0}
* Error: TypeError: Function.prototype.apply was called on undefined, which is a undefined and not a function
*-- Replay with NO_COMPILE=1 expoSE replay '/home/pbai002/ExpoSE/lib/Harness/src/harness.js' '{"Switcher":false,"Target_Switch_Base":3,"ExpansionArg_type":4,"_bound":5}'
*-- Test Case {"Switcher":false,"Target_Switch_Base":2,"ExpansionArg_type":1,"ExpansionArg_string":"","ExpansionArg_type_2":0,"_bound":5} start 38.411 took 12.5971s
*-- Errors occured in test {"Switcher":false,"Target_Switch_Base":2,"ExpansionArg_type":1,"ExpansionArg_string":"","ExpansionArg_type_2":0,"_bound":5}
* Error: Error: source must either be type 'string' or 'function'
*-- Replay with NO_COMPILE=1 expoSE replay '/home/pbai002/ExpoSE/lib/Harness/src/harness.js' '{"Switcher":false,"Target_Switch_Base":2,"ExpansionArg_type":1,"ExpansionArg_string":"","ExpansionArg_type_2":0,"_bound":5}'
*-- Test Case {"Switcher":false,"Target_Switch_Base":2,"ExpansionArg_type":3,"ExpansionArg_string":"\u0000","ExpansionArg_type_2":0,"_bound":14} start 38.5056 took 14.1155s
*-- Errors occured in test {"Switcher":false,"Target_Switch_Base":2,"ExpansionArg_type":3,"ExpansionArg_string":"\u0000","ExpansionArg_type_2":0,"_bound":14}
* Error: ReferenceError: require is not defined
*-- Replay with NO_COMPILE=1 expoSE replay '/home/pbai002/ExpoSE/lib/Harness/src/harness.js' '{"Switcher":false,"Target_Switch_Base":2,"ExpansionArg_type":3,"ExpansionArg_string":"\u0000","ExpansionArg_type_2":0,"_bound":14}'
*-- Test Case {"Switcher":false,"Target_Switch_Base":2,"ExpansionArg_type":3,"ExpansionArg_string":"\u0000","ExpansionArg_type_2":0,"_bound":11} start 39.0309 took 13.5903s
*-- Errors occured in test {"Switcher":false,"Target_Switch_Base":2,"ExpansionArg_type":3,"ExpansionArg_string":"\u0000","ExpansionArg_type_2":0,"_bound":11}
* Error: ReferenceError: require is not defined
*-- Replay with NO_COMPILE=1 expoSE replay '/home/pbai002/ExpoSE/lib/Harness/src/harness.js' '{"Switcher":false,"Target_Switch_Base":2,"ExpansionArg_type":3,"ExpansionArg_string":"\u0000","ExpansionArg_type_2":0,"_bound":11}'
*-- Test Case {"Switcher":false,"Target_Switch_Base":2,"ExpansionArg_type":3,"ExpansionArg_string":"","ExpansionArg_type_2":0,"_bound":12} start 39.1322 took 13.489s
*-- Errors occured in test {"Switcher":false,"Target_Switch_Base":2,"ExpansionArg_type":3,"ExpansionArg_string":"","ExpansionArg_type_2":0,"_bound":12}
* Error: ReferenceError: require is not defined
*-- Replay with NO_COMPILE=1 expoSE replay '/home/pbai002/ExpoSE/lib/Harness/src/harness.js' '{"Switcher":false,"Target_Switch_Base":2,"ExpansionArg_type":3,"ExpansionArg_string":"","ExpansionArg_type_2":0,"_bound":12}'
*-- Test Case {"Switcher":false,"Target_Switch_Base":2,"ExpansionArg_type":3,"ExpansionArg_string":"r","ExpansionArg_type_2":0,"_bound":9} start 38.3505 took 14.2707s
*-- Errors occured in test {"Switcher":false,"Target_Switch_Base":2,"ExpansionArg_type":3,"ExpansionArg_string":"r","ExpansionArg_type_2":0,"_bound":9}
* Error: ReferenceError: require is not defined
*-- Replay with NO_COMPILE=1 expoSE replay '/home/pbai002/ExpoSE/lib/Harness/src/harness.js' '{"Switcher":false,"Target_Switch_Base":2,"ExpansionArg_type":3,"ExpansionArg_string":"r","ExpansionArg_type_2":0,"_bound":9}'
*-- Test Case {"Switcher":false,"Target_Switch_Base":0,"ExpansionArg_type":5,"ExpansionArg_array_length":0,"_bound":6,"ExpansionArg_bool":false} start 41.9505 took 12.2967s
*-- Errors occured in test {"Switcher":false,"Target_Switch_Base":0,"ExpansionArg_type":5,"ExpansionArg_array_length":0,"_bound":6,"ExpansionArg_bool":false}
* Error: TypeError: Cannot read property 'template' of undefined
*-- Replay with NO_COMPILE=1 expoSE replay '/home/pbai002/ExpoSE/lib/Harness/src/harness.js' '{"Switcher":false,"Target_Switch_Base":0,"ExpansionArg_type":5,"ExpansionArg_array_length":0,"_bound":6}'
*-- Test Case {"Switcher":false,"Target_Switch_Base":0,"ExpansionArg_type":4,"ExpansionArg_array_length":1,"_bound":7,"ExpansionArg_array_element_0_type":0} start 44.0387 took 11.8921s
*-- Errors occured in test {"Switcher":false,"Target_Switch_Base":0,"ExpansionArg_type":4,"ExpansionArg_array_length":1,"_bound":7,"ExpansionArg_array_element_0_type":0}
* Error: TypeError: Cannot read property 'template' of undefined
*-- Replay with NO_COMPILE=1 expoSE replay '/home/pbai002/ExpoSE/lib/Harness/src/harness.js' '{"Switcher":false,"Target_Switch_Base":0,"ExpansionArg_type":4,"ExpansionArg_array_length":1,"_bound":7}'
*-- Test Case {"Switcher":false,"Target_Switch_Base":2,"ExpansionArg_type":0,"ExpansionArg_type_2":5,"ExpansionArg_array_length":0,"_bound":9,"ExpansionArg_bool":false} start 45.7126 took 11.1623s
*-- Errors occured in test {"Switcher":false,"Target_Switch_Base":2,"ExpansionArg_type":0,"ExpansionArg_type_2":5,"ExpansionArg_array_length":0,"_bound":9,"ExpansionArg_bool":false}
* Error: Error: source must either be type 'string' or 'function'
*-- Replay with NO_COMPILE=1 expoSE replay '/home/pbai002/ExpoSE/lib/Harness/src/harness.js' '{"Switcher":false,"Target_Switch_Base":2,"ExpansionArg_type":0,"ExpansionArg_type_2":5,"ExpansionArg_array_length":0,"_bound":9}'
*-- Test Case {"Switcher":false,"Target_Switch_Base":1,"ExpansionArg_type":4,"ExpansionArg_array_length":1,"_bound":8,"ExpansionArg_array_element_0_type":0} start 46.6228 took 11.9911s
*-- Errors occured in test {"Switcher":false,"Target_Switch_Base":1,"ExpansionArg_type":4,"ExpansionArg_array_length":1,"_bound":8,"ExpansionArg_array_element_0_type":0}
* Error: TypeError: Cannot read property 'template' of undefined
*-- Replay with NO_COMPILE=1 expoSE replay '/home/pbai002/ExpoSE/lib/Harness/src/harness.js' '{"Switcher":false,"Target_Switch_Base":1,"ExpansionArg_type":4,"ExpansionArg_array_length":1,"_bound":8}'
*-- Test Case {"Switcher":false,"Target_Switch_Base":2,"ExpansionArg_type":3,"ExpansionArg_string":"","ExpansionArg_type_2":4,"_bound":8,"ExpansionArg_array_length":0} start 44.7229 took 14.4371s
*-- Errors occured in test {"Switcher":false,"Target_Switch_Base":2,"ExpansionArg_type":3,"ExpansionArg_string":"","ExpansionArg_type_2":4,"_bound":8,"ExpansionArg_array_length":0}
* Error: ReferenceError: require is not defined
*-- Replay with NO_COMPILE=1 expoSE replay '/home/pbai002/ExpoSE/lib/Harness/src/harness.js' '{"Switcher":false,"Target_Switch_Base":2,"ExpansionArg_type":3,"ExpansionArg_string":"","ExpansionArg_type_2":4,"_bound":8}'
*-- Test Case {"Switcher":false,"Target_Switch_Base":1,"ExpansionArg_type":5,"ExpansionArg_array_length":0,"_bound":7,"ExpansionArg_bool":false} start 47.8548 took 12.0934s
*-- Errors occured in test {"Switcher":false,"Target_Switch_Base":1,"ExpansionArg_type":5,"ExpansionArg_array_length":0,"_bound":7,"ExpansionArg_bool":false}
* Error: TypeError: Cannot read property 'template' of undefined
*-- Replay with NO_COMPILE=1 expoSE replay '/home/pbai002/ExpoSE/lib/Harness/src/harness.js' '{"Switcher":false,"Target_Switch_Base":1,"ExpansionArg_type":5,"ExpansionArg_array_length":0,"_bound":7}'
*-- Test Case {"Switcher":false,"Target_Switch_Base":2,"ExpansionArg_type":5,"ExpansionArg_array_length":0,"ExpansionArg_type_2":0,"_bound":8,"ExpansionArg_bool":false} start 50.0618 took 11.5669s
*-- Errors occured in test {"Switcher":false,"Target_Switch_Base":2,"ExpansionArg_type":5,"ExpansionArg_array_length":0,"ExpansionArg_type_2":0,"_bound":8,"ExpansionArg_bool":false}
* Error: Error: source must either be type 'string' or 'function'
*-- Replay with NO_COMPILE=1 expoSE replay '/home/pbai002/ExpoSE/lib/Harness/src/harness.js' '{"Switcher":false,"Target_Switch_Base":2,"ExpansionArg_type":5,"ExpansionArg_array_length":0,"ExpansionArg_type_2":0,"_bound":8}'
*-- Test Case {"Switcher":false,"Target_Switch_Base":2,"ExpansionArg_type":4,"ExpansionArg_array_length":1,"ExpansionArg_type_2":0,"_bound":9,"ExpansionArg_array_element_0_type":0} start 52.9682 took 9.9148s
*-- Errors occured in test {"Switcher":false,"Target_Switch_Base":2,"ExpansionArg_type":4,"ExpansionArg_array_length":1,"ExpansionArg_type_2":0,"_bound":9,"ExpansionArg_array_element_0_type":0}
* Error: Error: source must either be type 'string' or 'function'
*-- Replay with NO_COMPILE=1 expoSE replay '/home/pbai002/ExpoSE/lib/Harness/src/harness.js' '{"Switcher":false,"Target_Switch_Base":2,"ExpansionArg_type":4,"ExpansionArg_array_length":1,"ExpansionArg_type_2":0,"_bound":9}'
*-- Test Case {"Switcher":false,"Target_Switch_Base":3,"ExpansionArg_type":5,"ExpansionArg_array_length":0,"_bound":9,"ExpansionArg_bool":false} start 52.4903 took 13.1427s
*-- Errors occured in test {"Switcher":false,"Target_Switch_Base":3,"ExpansionArg_type":5,"ExpansionArg_array_length":0,"_bound":9,"ExpansionArg_bool":false}
* Error: TypeError: Function.prototype.apply was called on undefined, which is a undefined and not a function
*-- Replay with NO_COMPILE=1 expoSE replay '/home/pbai002/ExpoSE/lib/Harness/src/harness.js' '{"Switcher":false,"Target_Switch_Base":3,"ExpansionArg_type":5,"ExpansionArg_array_length":0,"_bound":9}'
*-- Test Case {"Switcher":false,"Target_Switch_Base":3,"ExpansionArg_type":2,"ExpansionArg_array_length":0,"_bound":7,"ExpansionArg_int":0} start 52.7465 took 13.1257s
*-- Errors occured in test {"Switcher":false,"Target_Switch_Base":3,"ExpansionArg_type":2,"ExpansionArg_array_length":0,"_bound":7,"ExpansionArg_int":0}
* Error: TypeError: Function.prototype.apply was called on undefined, which is a undefined and not a function
*-- Replay with NO_COMPILE=1 expoSE replay '/home/pbai002/ExpoSE/lib/Harness/src/harness.js' '{"Switcher":false,"Target_Switch_Base":3,"ExpansionArg_type":2,"ExpansionArg_array_length":0,"_bound":7}'
*-- Test Case {"Switcher":false,"Target_Switch_Base":2,"ExpansionArg_type":3,"ExpansionArg_string":"","ExpansionArg_type_2":0,"_bound":13} start 54.165 took 12.4357s
*-- Errors occured in test {"Switcher":false,"Target_Switch_Base":2,"ExpansionArg_type":3,"ExpansionArg_string":"","ExpansionArg_type_2":0,"_bound":13}
* Error: ReferenceError: require is not defined
*-- Replay with NO_COMPILE=1 expoSE replay '/home/pbai002/ExpoSE/lib/Harness/src/harness.js' '{"Switcher":false,"Target_Switch_Base":2,"ExpansionArg_type":3,"ExpansionArg_string":"","ExpansionArg_type_2":0,"_bound":13}'
*-- Test Case {"Switcher":false,"Target_Switch_Base":2,"ExpansionArg_type":3,"ExpansionArg_string":"","ExpansionArg_type_2":0,"_bound":16} start 54.3855 took 14.3394s
*-- Errors occured in test {"Switcher":false,"Target_Switch_Base":2,"ExpansionArg_type":3,"ExpansionArg_string":"","ExpansionArg_type_2":0,"_bound":16}
* Error: ReferenceError: require is not defined
*-- Replay with NO_COMPILE=1 expoSE replay '/home/pbai002/ExpoSE/lib/Harness/src/harness.js' '{"Switcher":false,"Target_Switch_Base":2,"ExpansionArg_type":3,"ExpansionArg_string":"","ExpansionArg_type_2":0,"_bound":16}'
*-- Test Case {"Switcher":false,"Target_Switch_Base":2,"ExpansionArg_type":3,"ExpansionArg_string":"","ExpansionArg_type_2":0,"_bound":17} start 53.9362 took 15.7435s
*-- Errors occured in test {"Switcher":false,"Target_Switch_Base":2,"ExpansionArg_type":3,"ExpansionArg_string":"","ExpansionArg_type_2":0,"_bound":17}
* Error: ReferenceError: require is not defined
*-- Replay with NO_COMPILE=1 expoSE replay '/home/pbai002/ExpoSE/lib/Harness/src/harness.js' '{"Switcher":false,"Target_Switch_Base":2,"ExpansionArg_type":3,"ExpansionArg_string":"","ExpansionArg_type_2":0,"_bound":17}'
*-- Test Case {"Switcher":false,"Target_Switch_Base":2,"ExpansionArg_type":0,"ExpansionArg_type_2":4,"ExpansionArg_array_length":1,"_bound":10,"ExpansionArg_array_element_0_type":0} start 58.7098 took 12.0937s
*-- Errors occured in test {"Switcher":false,"Target_Switch_Base":2,"ExpansionArg_type":0,"ExpansionArg_type_2":4,"ExpansionArg_array_length":1,"_bound":10,"ExpansionArg_array_element_0_type":0}
* Error: Error: source must either be type 'string' or 'function'
*-- Replay with NO_COMPILE=1 expoSE replay '/home/pbai002/ExpoSE/lib/Harness/src/harness.js' '{"Switcher":false,"Target_Switch_Base":2,"ExpansionArg_type":0,"ExpansionArg_type_2":4,"ExpansionArg_array_length":1,"_bound":10}'
*-- Test Case {"Switcher":false,"Target_Switch_Base":3,"ExpansionArg_type":4,"ExpansionArg_array_length":1,"_bound":10,"ExpansionArg_array_element_0_type":0} start 51.8668 took 19.5787s
*-- Errors occured in test {"Switcher":false,"Target_Switch_Base":3,"ExpansionArg_type":4,"ExpansionArg_array_length":1,"_bound":10,"ExpansionArg_array_element_0_type":0}
* Error: TypeError: Function.prototype.apply was called on undefined, which is a undefined and not a function
*-- Replay with NO_COMPILE=1 expoSE replay '/home/pbai002/ExpoSE/lib/Harness/src/harness.js' '{"Switcher":false,"Target_Switch_Base":3,"ExpansionArg_type":4,"ExpansionArg_array_length":1,"_bound":10}'
*-- Test Case {"Switcher":false,"Target_Switch_Base":2,"ExpansionArg_type":3,"ExpansionArg_string":"\u0000\u0000\u0000","ExpansionArg_type_2":0,"_bound":18} start 56.0386 took 16.2029s
*-- Errors occured in test {"Switcher":false,"Target_Switch_Base":2,"ExpansionArg_type":3,"ExpansionArg_string":"\u0000\u0000\u0000","ExpansionArg_type_2":0,"_bound":18}
* Error: ReferenceError: require is not defined
*-- Replay with NO_COMPILE=1 expoSE replay '/home/pbai002/ExpoSE/lib/Harness/src/harness.js' '{"Switcher":false,"Target_Switch_Base":2,"ExpansionArg_type":3,"ExpansionArg_string":"\u0000\u0000\u0000","ExpansionArg_type_2":0,"_bound":18}'
*-- Test Case {"Switcher":false,"Target_Switch_Base":2,"ExpansionArg_type":3,"ExpansionArg_string":"\u0000\u0000","ExpansionArg_type_2":0,"_bound":16} start 56.9788 took 16.6535s
*-- Errors occured in test {"Switcher":false,"Target_Switch_Base":2,"ExpansionArg_type":3,"ExpansionArg_string":"\u0000\u0000","ExpansionArg_type_2":0,"_bound":16}
* Error: ReferenceError: require is not defined
*-- Replay with NO_COMPILE=1 expoSE replay '/home/pbai002/ExpoSE/lib/Harness/src/harness.js' '{"Switcher":false,"Target_Switch_Base":2,"ExpansionArg_type":3,"ExpansionArg_string":"\u0000\u0000","ExpansionArg_type_2":0,"_bound":16}'
*-- Test Case {"Switcher":false,"Target_Switch_Base":2,"ExpansionArg_type":3,"ExpansionArg_string":"","ExpansionArg_type_2":4,"ExpansionArg_array_length":0,"_bound":18} start 61.7171 took 13.1231s
*-- Errors occured in test {"Switcher":false,"Target_Switch_Base":2,"ExpansionArg_type":3,"ExpansionArg_string":"","ExpansionArg_type_2":4,"ExpansionArg_array_length":0,"_bound":18}
* Error: ReferenceError: require is not defined
*-- Replay with NO_COMPILE=1 expoSE replay '/home/pbai002/ExpoSE/lib/Harness/src/harness.js' '{"Switcher":false,"Target_Switch_Base":2,"ExpansionArg_type":3,"ExpansionArg_string":"","ExpansionArg_type_2":4,"ExpansionArg_array_length":0,"_bound":18}'
*-- Test Case {"Switcher":false,"Target_Switch_Base":2,"ExpansionArg_type":3,"ExpansionArg_string":"t","ExpansionArg_type_2":4,"ExpansionArg_array_length":0,"_bound":14} start 59.6823 took 16.2142s
*-- Errors occured in test {"Switcher":false,"Target_Switch_Base":2,"ExpansionArg_type":3,"ExpansionArg_string":"t","ExpansionArg_type_2":4,"ExpansionArg_array_length":0,"_bound":14}
* Error: ReferenceError: require is not defined
*-- Replay with NO_COMPILE=1 expoSE replay '/home/pbai002/ExpoSE/lib/Harness/src/harness.js' '{"Switcher":false,"Target_Switch_Base":2,"ExpansionArg_type":3,"ExpansionArg_string":"t","ExpansionArg_type_2":4,"ExpansionArg_array_length":0,"_bound":14}'
*-- Test Case {"Switcher":false,"Target_Switch_Base":2,"ExpansionArg_type":3,"ExpansionArg_string":"","ExpansionArg_type_2":4,"ExpansionArg_array_length":0,"_bound":22} start 60.0615 took 16.2592s
*-- Errors occured in test {"Switcher":false,"Target_Switch_Base":2,"ExpansionArg_type":3,"ExpansionArg_string":"","ExpansionArg_type_2":4,"ExpansionArg_array_length":0,"_bound":22}
* Error: ReferenceError: require is not defined
*-- Replay with NO_COMPILE=1 expoSE replay '/home/pbai002/ExpoSE/lib/Harness/src/harness.js' '{"Switcher":false,"Target_Switch_Base":2,"ExpansionArg_type":3,"ExpansionArg_string":"","ExpansionArg_type_2":4,"ExpansionArg_array_length":0,"_bound":22}'
*-- Test Case {"Switcher":false,"Target_Switch_Base":2,"ExpansionArg_type":3,"ExpansionArg_string":"","ExpansionArg_type_2":1,"ExpansionArg_array_length":0,"_bound":9} start 65.7558 took 16.1948s
*-- Errors occured in test {"Switcher":false,"Target_Switch_Base":2,"ExpansionArg_type":3,"ExpansionArg_string":"","ExpansionArg_type_2":1,"ExpansionArg_array_length":0,"_bound":9}
* Error: ReferenceError: require is not defined
*-- Replay with NO_COMPILE=1 expoSE replay '/home/pbai002/ExpoSE/lib/Harness/src/harness.js' '{"Switcher":false,"Target_Switch_Base":2,"ExpansionArg_type":3,"ExpansionArg_string":"","ExpansionArg_type_2":1,"ExpansionArg_array_length":0,"_bound":9}'
*-- Test Case {"Switcher":false,"Target_Switch_Base":2,"ExpansionArg_type":3,"ExpansionArg_string":"","ExpansionArg_type_2":3,"ExpansionArg_array_length":0,"_bound":11,"ExpansionArg_string_2":"PureString"} start 63.1798 took 19.4422s
*-- Errors occured in test {"Switcher":false,"Target_Switch_Base":2,"ExpansionArg_type":3,"ExpansionArg_string":"","ExpansionArg_type_2":3,"ExpansionArg_array_length":0,"_bound":11,"ExpansionArg_string_2":"PureString"}
* Error: ReferenceError: require is not defined
*-- Replay with NO_COMPILE=1 expoSE replay '/home/pbai002/ExpoSE/lib/Harness/src/harness.js' '{"Switcher":false,"Target_Switch_Base":2,"ExpansionArg_type":3,"ExpansionArg_string":"","ExpansionArg_type_2":3,"ExpansionArg_array_length":0,"_bound":11}'
*-- Test Case {"Switcher":false,"Target_Switch_Base":2,"ExpansionArg_type":3,"ExpansionArg_string":"\u0000\u0000{{\u0000","ExpansionArg_type_2":0,"_bound":15} start 39.1914 took 43.6909s
*-- Errors occured in test {"Switcher":false,"Target_Switch_Base":2,"ExpansionArg_type":3,"ExpansionArg_string":"\u0000\u0000{{\u0000","ExpansionArg_type_2":0,"_bound":15}
* Error: SyntaxError: Expected "!", "(", "-", ".", "<~", "<~>", "Infinity", "NULL", "NaN", "^", "false", "null", "true", "undefined", "{", "~", "~>", [ \n\r\t], [0-9], [a-zA-Z_$0-9] or string but "\x00" found.
*-- Replay with NO_COMPILE=1 expoSE replay '/home/pbai002/ExpoSE/lib/Harness/src/harness.js' '{"Switcher":false,"Target_Switch_Base":2,"ExpansionArg_type":3,"ExpansionArg_string":"\u0000\u0000{{\u0000","ExpansionArg_type_2":0,"_bound":15}'
*-- Test Case {"Switcher":false,"Target_Switch_Base":2,"ExpansionArg_type":3,"ExpansionArg_string":"","ExpansionArg_type_2":0,"_bound":16} start 67.3739 took 16.3872s
*-- Errors occured in test {"Switcher":false,"Target_Switch_Base":2,"ExpansionArg_type":3,"ExpansionArg_string":"","ExpansionArg_type_2":0,"_bound":16}
* Error: ReferenceError: require is not defined
*-- Replay with NO_COMPILE=1 expoSE replay '/home/pbai002/ExpoSE/lib/Harness/src/harness.js' '{"Switcher":false,"Target_Switch_Base":2,"ExpansionArg_type":3,"ExpansionArg_string":"","ExpansionArg_type_2":0,"_bound":16}'
*-- Test Case {"Switcher":false,"Target_Switch_Base":2,"ExpansionArg_type":3,"ExpansionArg_string":"","ExpansionArg_type_2":2,"ExpansionArg_array_length":0,"_bound":10,"ExpansionArg_int":0} start 66.042 took 18.0053s
*-- Errors occured in test {"Switcher":false,"Target_Switch_Base":2,"ExpansionArg_type":3,"ExpansionArg_string":"","ExpansionArg_type_2":2,"ExpansionArg_array_length":0,"_bound":10,"ExpansionArg_int":0}
* Error: ReferenceError: require is not defined
*-- Replay with NO_COMPILE=1 expoSE replay '/home/pbai002/ExpoSE/lib/Harness/src/harness.js' '{"Switcher":false,"Target_Switch_Base":2,"ExpansionArg_type":3,"ExpansionArg_string":"","ExpansionArg_type_2":2,"ExpansionArg_array_length":0,"_bound":10}'
*-- Test Case {"Switcher":false,"Target_Switch_Base":2,"ExpansionArg_type":3,"ExpansionArg_string":"","ExpansionArg_type_2":4,"ExpansionArg_array_length":0,"_bound":21} start 69.8232 took 15.1075s
*-- Errors occured in test {"Switcher":false,"Target_Switch_Base":2,"ExpansionArg_type":3,"ExpansionArg_string":"","ExpansionArg_type_2":4,"ExpansionArg_array_length":0,"_bound":21}
* Error: ReferenceError: require is not defined
*-- Replay with NO_COMPILE=1 expoSE replay '/home/pbai002/ExpoSE/lib/Harness/src/harness.js' '{"Switcher":false,"Target_Switch_Base":2,"ExpansionArg_type":3,"ExpansionArg_string":"","ExpansionArg_type_2":4,"ExpansionArg_array_length":0,"_bound":21}'
*-- Test Case {"Switcher":false,"Target_Switch_Base":2,"ExpansionArg_type":3,"ExpansionArg_string":"\u0000\u0000\u0000\u0000","ExpansionArg_type_2":0,"_bound":20} start 72.1428 took 13.8398s
*-- Errors occured in test {"Switcher":false,"Target_Switch_Base":2,"ExpansionArg_type":3,"ExpansionArg_string":"\u0000\u0000\u0000\u0000","ExpansionArg_type_2":0,"_bound":20}
* Error: ReferenceError: require is not defined
*-- Replay with NO_COMPILE=1 expoSE replay '/home/pbai002/ExpoSE/lib/Harness/src/harness.js' '{"Switcher":false,"Target_Switch_Base":2,"ExpansionArg_type":3,"ExpansionArg_string":"\u0000\u0000\u0000\u0000","ExpansionArg_type_2":0,"_bound":20}'
*-- Test Case {"Switcher":false,"Target_Switch_Base":2,"ExpansionArg_type":3,"ExpansionArg_string":"","ExpansionArg_type_2":0,"_bound":17} start 69.1063 took 17.5482s
*-- Errors occured in test {"Switcher":false,"Target_Switch_Base":2,"ExpansionArg_type":3,"ExpansionArg_string":"","ExpansionArg_type_2":0,"_bound":17}
* Error: ReferenceError: require is not defined
*-- Replay with NO_COMPILE=1 expoSE replay '/home/pbai002/ExpoSE/lib/Harness/src/harness.js' '{"Switcher":false,"Target_Switch_Base":2,"ExpansionArg_type":3,"ExpansionArg_string":"","ExpansionArg_type_2":0,"_bound":17}'
*-- Test Case {"Switcher":false,"Target_Switch_Base":2,"ExpansionArg_type":3,"ExpansionArg_string":"\u0000{{\u0000","ExpansionArg_type_2":0,"_bound":13} start 38.4789 took 48.1755s
*-- Errors occured in test {"Switcher":false,"Target_Switch_Base":2,"ExpansionArg_type":3,"ExpansionArg_string":"\u0000{{\u0000","ExpansionArg_type_2":0,"_bound":13}
* Error: SyntaxError: Expected "!", "(", "-", ".", "<~", "<~>", "Infinity", "NULL", "NaN", "^", "false", "null", "true", "undefined", "{", "~", "~>", [ \n\r\t], [0-9], [a-zA-Z_$0-9] or string but "\x00" found.
*-- Replay with NO_COMPILE=1 expoSE replay '/home/pbai002/ExpoSE/lib/Harness/src/harness.js' '{"Switcher":false,"Target_Switch_Base":2,"ExpansionArg_type":3,"ExpansionArg_string":"\u0000{{\u0000","ExpansionArg_type_2":0,"_bound":13}'
*-- Test Case {"Switcher":false,"Target_Switch_Base":2,"ExpansionArg_type":2,"ExpansionArg_string":"","ExpansionArg_type_2":0,"_bound":6,"ExpansionArg_int":0} start 72.3825 took 15.4077s
*-- Errors occured in test {"Switcher":false,"Target_Switch_Base":2,"ExpansionArg_type":2,"ExpansionArg_string":"","ExpansionArg_type_2":0,"_bound":6,"ExpansionArg_int":0}
* Error: Error: source must either be type 'string' or 'function'
*-- Replay with NO_COMPILE=1 expoSE replay '/home/pbai002/ExpoSE/lib/Harness/src/harness.js' '{"Switcher":false,"Target_Switch_Base":2,"ExpansionArg_type":2,"ExpansionArg_string":"","ExpansionArg_type_2":0,"_bound":6}'
*-- Test Case {"Switcher":false,"Target_Switch_Base":2,"ExpansionArg_type":3,"ExpansionArg_string":"","ExpansionArg_type_2":4,"ExpansionArg_array_length":0,"_bound":22} start 75.3865 took 15.3236s
*-- Errors occured in test {"Switcher":false,"Target_Switch_Base":2,"ExpansionArg_type":3,"ExpansionArg_string":"","ExpansionArg_type_2":4,"ExpansionArg_array_length":0,"_bound":22}
* Error: ReferenceError: require is not defined
*-- Replay with NO_COMPILE=1 expoSE replay '/home/pbai002/ExpoSE/lib/Harness/src/harness.js' '{"Switcher":false,"Target_Switch_Base":2,"ExpansionArg_type":3,"ExpansionArg_string":"","ExpansionArg_type_2":4,"ExpansionArg_array_length":0,"_bound":22}'
*-- Test Case {"Switcher":false,"Target_Switch_Base":2,"ExpansionArg_type":3,"ExpansionArg_string":"","ExpansionArg_type_2":0,"_bound":17} start 71.3483 took 21.1368s
*-- Errors occured in test {"Switcher":false,"Target_Switch_Base":2,"ExpansionArg_type":3,"ExpansionArg_string":"","ExpansionArg_type_2":0,"_bound":17}
* Error: ReferenceError: require is not defined
*-- Replay with NO_COMPILE=1 expoSE replay '/home/pbai002/ExpoSE/lib/Harness/src/harness.js' '{"Switcher":false,"Target_Switch_Base":2,"ExpansionArg_type":3,"ExpansionArg_string":"","ExpansionArg_type_2":0,"_bound":17}'
*-- Test Case {"Switcher":false,"Target_Switch_Base":3,"ExpansionArg_type":3,"ExpansionArg_array_length":0,"_bound":8,"ExpansionArg_string":"PureString","ExpandedSwitcher":0} start 73.7589 took 19.9036s
*-- Test Case {"Switcher":false,"Target_Switch_Base":2,"ExpansionArg_type":3,"ExpansionArg_string":"\u0000\u0000\u0000\u0000{{\u0000","ExpansionArg_type_2":0,"_bound":19} start 38.9826 took 57.6365s
*-- Errors occured in test {"Switcher":false,"Target_Switch_Base":2,"ExpansionArg_type":3,"ExpansionArg_string":"\u0000\u0000\u0000\u0000{{\u0000","ExpansionArg_type_2":0,"_bound":19}
* Error: SyntaxError: Expected "!", "(", "-", ".", "<~", "<~>", "Infinity", "NULL", "NaN", "^", "false", "null", "true", "undefined", "{", "~", "~>", [ \n\r\t], [0-9], [a-zA-Z_$0-9] or string but "\x00" found.
*-- Replay with NO_COMPILE=1 expoSE replay '/home/pbai002/ExpoSE/lib/Harness/src/harness.js' '{"Switcher":false,"Target_Switch_Base":2,"ExpansionArg_type":3,"ExpansionArg_string":"\u0000\u0000\u0000\u0000{{\u0000","ExpansionArg_type_2":0,"_bound":19}'
*-- Test Case {"Switcher":false,"Target_Switch_Base":2,"ExpansionArg_type":3,"ExpansionArg_string":" ","ExpansionArg_type_2":3,"ExpansionArg_string_2":"","_bound":12} start 82.7711 took 15.4408s
*-- Errors occured in test {"Switcher":false,"Target_Switch_Base":2,"ExpansionArg_type":3,"ExpansionArg_string":" ","ExpansionArg_type_2":3,"ExpansionArg_string_2":"","_bound":12}
* Error: ReferenceError: require is not defined
*-- Replay with NO_COMPILE=1 expoSE replay '/home/pbai002/ExpoSE/lib/Harness/src/harness.js' '{"Switcher":false,"Target_Switch_Base":2,"ExpansionArg_type":3,"ExpansionArg_string":" ","ExpansionArg_type_2":3,"ExpansionArg_string_2":"","_bound":12}'
*-- Test Case {"Switcher":false,"Target_Switch_Base":2,"ExpansionArg_type":3,"ExpansionArg_string":"","ExpansionArg_type_2":1,"_bound":18} start 82.0707 took 17.1174s
*-- Errors occured in test {"Switcher":false,"Target_Switch_Base":2,"ExpansionArg_type":3,"ExpansionArg_string":"","ExpansionArg_type_2":1,"_bound":18}
* Error: ReferenceError: require is not defined
*-- Replay with NO_COMPILE=1 expoSE replay '/home/pbai002/ExpoSE/lib/Harness/src/harness.js' '{"Switcher":false,"Target_Switch_Base":2,"ExpansionArg_type":3,"ExpansionArg_string":"","ExpansionArg_type_2":1,"_bound":18}'
*-- Test Case {"Switcher":false,"Target_Switch_Base":2,"ExpansionArg_type":3,"ExpansionArg_string":"\n\u0000{{\u0000","ExpansionArg_type_2":0,"_bound":188} start 85.0765 took 19.2988s
*-- Errors occured in test {"Switcher":false,"Target_Switch_Base":2,"ExpansionArg_type":3,"ExpansionArg_string":"\n\u0000{{\u0000","ExpansionArg_type_2":0,"_bound":188}
* Error: SyntaxError: Expected "!", "(", "-", ".", "<~", "<~>", "Infinity", "NULL", "NaN", "^", "false", "null", "true", "undefined", "{", "~", "~>", [ \n\r\t], [0-9], [a-zA-Z_$0-9] or string but "\x00" found.
*-- Replay with NO_COMPILE=1 expoSE replay '/home/pbai002/ExpoSE/lib/Harness/src/harness.js' '{"Switcher":false,"Target_Switch_Base":2,"ExpansionArg_type":3,"ExpansionArg_string":"\n\u0000{{\u0000","ExpansionArg_type_2":0,"_bound":188}'
*-- Test Case {"Switcher":false,"Target_Switch_Base":2,"ExpansionArg_type":3,"ExpansionArg_string":"\r\u0000{{\u0000","ExpansionArg_type_2":0,"_bound":189} start 83.9077 took 21.4679s
*-- Errors occured in test {"Switcher":false,"Target_Switch_Base":2,"ExpansionArg_type":3,"ExpansionArg_string":"\r\u0000{{\u0000","ExpansionArg_type_2":0,"_bound":189}
* Error: SyntaxError: Expected "!", "(", "-", ".", "<~", "<~>", "Infinity", "NULL", "NaN", "^", "false", "null", "true", "undefined", "{", "~", "~>", [ \n\r\t], [0-9], [a-zA-Z_$0-9] or string but "\x00" found.
*-- Replay with NO_COMPILE=1 expoSE replay '/home/pbai002/ExpoSE/lib/Harness/src/harness.js' '{"Switcher":false,"Target_Switch_Base":2,"ExpansionArg_type":3,"ExpansionArg_string":"\r\u0000{{\u0000","ExpansionArg_type_2":0,"_bound":189}'
*-- Test Case {"Switcher":false,"Target_Switch_Base":2,"ExpansionArg_type":3,"ExpansionArg_string":"\r{{\u0000","ExpansionArg_type_2":0,"_bound":187} start 90.8258 took 20.2811s
*-- Errors occured in test {"Switcher":false,"Target_Switch_Base":2,"ExpansionArg_type":3,"ExpansionArg_string":"\r{{\u0000","ExpansionArg_type_2":0,"_bound":187}
* Error: SyntaxError: Expected "!", "(", "-", ".", "<~", "<~>", "Infinity", "NULL", "NaN", "^", "false", "null", "true", "undefined", "{", "~", "~>", [ \n\r\t], [0-9], [a-zA-Z_$0-9] or string but "\x00" found.
*-- Replay with NO_COMPILE=1 expoSE replay '/home/pbai002/ExpoSE/lib/Harness/src/harness.js' '{"Switcher":false,"Target_Switch_Base":2,"ExpansionArg_type":3,"ExpansionArg_string":"\r{{\u0000","ExpansionArg_type_2":0,"_bound":187}'
*-- Test Case {"Switcher":false,"Target_Switch_Base":2,"ExpansionArg_type":3,"ExpansionArg_string":"\u0000\n{{","ExpansionArg_type_2":0,"_bound":192} start 94.1756 took 18.4712s
*-- Errors occured in test {"Switcher":false,"Target_Switch_Base":2,"ExpansionArg_type":3,"ExpansionArg_string":"\u0000\n{{","ExpansionArg_type_2":0,"_bound":192}
* Error: SyntaxError: Expected "!", "(", "-", ".", "<~", "<~>", "Infinity", "NULL", "NaN", "^", "false", "null", "true", "undefined", "{", "~", "~>", [ \n\r\t], [0-9], [a-zA-Z_$0-9] or string but end of input found.
*-- Replay with NO_COMPILE=1 expoSE replay '/home/pbai002/ExpoSE/lib/Harness/src/harness.js' '{"Switcher":false,"Target_Switch_Base":2,"ExpansionArg_type":3,"ExpansionArg_string":"\u0000\n{{","ExpansionArg_type_2":0,"_bound":192}'
*-- Test Case {"Switcher":false,"Target_Switch_Base":2,"ExpansionArg_type":3,"ExpansionArg_string":"  ","ExpansionArg_type_2":3,"ExpansionArg_string_2":"","_bound":13} start 98.5314 took 17.1071s
*-- Errors occured in test {"Switcher":false,"Target_Switch_Base":2,"ExpansionArg_type":3,"ExpansionArg_string":"  ","ExpansionArg_type_2":3,"ExpansionArg_string_2":"","_bound":13}
* Error: ReferenceError: require is not defined
*-- Replay with NO_COMPILE=1 expoSE replay '/home/pbai002/ExpoSE/lib/Harness/src/harness.js' '{"Switcher":false,"Target_Switch_Base":2,"ExpansionArg_type":3,"ExpansionArg_string":"  ","ExpansionArg_type_2":3,"ExpansionArg_string_2":"","_bound":13}'
*-- Test Case {"Switcher":false,"Target_Switch_Base":2,"ExpansionArg_type":3,"ExpansionArg_string":"\r\u0000\u0000\u0000{{\u0000\u0000\u0000\u0000\u0000\u0000\u0000\u0000\u0000","ExpansionArg_type_2":0,"_bound":193} start 96.7739 took 20.3192s
*-- Errors occured in test {"Switcher":false,"Target_Switch_Base":2,"ExpansionArg_type":3,"ExpansionArg_string":"\r\u0000\u0000\u0000{{\u0000\u0000\u0000\u0000\u0000\u0000\u0000\u0000\u0000","ExpansionArg_type_2":0,"_bound":193}
* Error: SyntaxError: Expected "!", "(", "-", ".", "<~", "<~>", "Infinity", "NULL", "NaN", "^", "false", "null", "true", "undefined", "{", "~", "~>", [ \n\r\t], [0-9], [a-zA-Z_$0-9] or string but "\x00" found.
*-- Replay with NO_COMPILE=1 expoSE replay '/home/pbai002/ExpoSE/lib/Harness/src/harness.js' '{"Switcher":false,"Target_Switch_Base":2,"ExpansionArg_type":3,"ExpansionArg_string":"\r\u0000\u0000\u0000{{\u0000\u0000\u0000\u0000\u0000\u0000\u0000\u0000\u0000","ExpansionArg_type_2":0,"_bound":193}'
*-- Test Case {"Switcher":false,"Target_Switch_Base":2,"ExpansionArg_type":3,"ExpansionArg_string":"\u0000\u0000{{\n","ExpansionArg_type_2":0,"_bound":225} start 104.5252 took 15.4254s
*-- Errors occured in test {"Switcher":false,"Target_Switch_Base":2,"ExpansionArg_type":3,"ExpansionArg_string":"\u0000\u0000{{\n","ExpansionArg_type_2":0,"_bound":225}
* Error: Exception E: SyntaxError: Unexpected end of JSON input of test data on 
* Error: Exception E: SyntaxError: Unexpected end of JSON input of coverage data on 
* Error: Error extracting final output - a fatal error must have occured
*-- Replay with NO_COMPILE=1 expoSE replay '/home/pbai002/ExpoSE/lib/Harness/src/harness.js' '{"Switcher":false,"Target_Switch_Base":2,"ExpansionArg_type":3,"ExpansionArg_string":"\u0000\u0000{{\n","ExpansionArg_type_2":0,"_bound":225}'
*-- Test Case {"Switcher":false,"Target_Switch_Base":2,"ExpansionArg_type":3,"ExpansionArg_string":"\u0000{{~>\u0000","ExpansionArg_type_2":0,"_bound":25} start 87.0322 took 38.1657s
*-- Errors occured in test {"Switcher":false,"Target_Switch_Base":2,"ExpansionArg_type":3,"ExpansionArg_string":"\u0000{{~>\u0000","ExpansionArg_type_2":0,"_bound":25}
* Error: SyntaxError: Expected [ \n\r\t] or [a-zA-Z_$0-9] but "\x00" found.
*-- Replay with NO_COMPILE=1 expoSE replay '/home/pbai002/ExpoSE/lib/Harness/src/harness.js' '{"Switcher":false,"Target_Switch_Base":2,"ExpansionArg_type":3,"ExpansionArg_string":"\u0000{{~>\u0000","ExpansionArg_type_2":0,"_bound":25}'
*-- Test Case {"Switcher":false,"Target_Switch_Base":2,"ExpansionArg_type":3,"ExpansionArg_string":"\u0000{{<~>\u0000","ExpansionArg_type_2":0,"_bound":26} start 87.8981 took 42.1075s
*-- Errors occured in test {"Switcher":false,"Target_Switch_Base":2,"ExpansionArg_type":3,"ExpansionArg_string":"\u0000{{<~>\u0000","ExpansionArg_type_2":0,"_bound":26}
* Error: SyntaxError: Expected [ \n\r\t] or [a-zA-Z_$0-9] but "\x00" found.
*-- Replay with NO_COMPILE=1 expoSE replay '/home/pbai002/ExpoSE/lib/Harness/src/harness.js' '{"Switcher":false,"Target_Switch_Base":2,"ExpansionArg_type":3,"ExpansionArg_string":"\u0000{{<~>\u0000","ExpansionArg_type_2":0,"_bound":26}'
*-- Test Case {"Switcher":false,"Target_Switch_Base":2,"ExpansionArg_type":3,"ExpansionArg_string":"\u0000\u0000\u0000{{\u0000","ExpansionArg_type_2":0,"_bound":17} start 76.461 took 56.1838s
*-- Errors occured in test {"Switcher":false,"Target_Switch_Base":2,"ExpansionArg_type":3,"ExpansionArg_string":"\u0000\u0000\u0000{{\u0000","ExpansionArg_type_2":0,"_bound":17}
* Error: SyntaxError: Expected "!", "(", "-", ".", "<~", "<~>", "Infinity", "NULL", "NaN", "^", "false", "null", "true", "undefined", "{", "~", "~>", [ \n\r\t], [0-9], [a-zA-Z_$0-9] or string but "\x00" found.
*-- Replay with NO_COMPILE=1 expoSE replay '/home/pbai002/ExpoSE/lib/Harness/src/harness.js' '{"Switcher":false,"Target_Switch_Base":2,"ExpansionArg_type":3,"ExpansionArg_string":"\u0000\u0000\u0000{{\u0000","ExpansionArg_type_2":0,"_bound":17}'
*-- Test Case {"Switcher":false,"Target_Switch_Base":2,"ExpansionArg_type":3,"ExpansionArg_string":"  t","ExpansionArg_type_2":3,"ExpansionArg_string_2":"","_bound":14} start 115.9587 took 19.1321s
*-- Errors occured in test {"Switcher":false,"Target_Switch_Base":2,"ExpansionArg_type":3,"ExpansionArg_string":"  t","ExpansionArg_type_2":3,"ExpansionArg_string_2":"","_bound":14}
* Error: ReferenceError: require is not defined
*-- Replay with NO_COMPILE=1 expoSE replay '/home/pbai002/ExpoSE/lib/Harness/src/harness.js' '{"Switcher":false,"Target_Switch_Base":2,"ExpansionArg_type":3,"ExpansionArg_string":"  t","ExpansionArg_type_2":3,"ExpansionArg_string_2":"","_bound":14}'
*-- Test Case {"Switcher":false,"Target_Switch_Base":2,"ExpansionArg_type":3,"ExpansionArg_string":"\u0000\u0000\u0000\u0000\u0000\u0000\u0000{{\u0000","ExpansionArg_type_2":0,"_bound":25} start 76.2127 took 66.1545s
*-- Errors occured in test {"Switcher":false,"Target_Switch_Base":2,"ExpansionArg_type":3,"ExpansionArg_string":"\u0000\u0000\u0000\u0000\u0000\u0000\u0000{{\u0000","ExpansionArg_type_2":0,"_bound":25}
* Error: SyntaxError: Expected "!", "(", "-", ".", "<~", "<~>", "Infinity", "NULL", "NaN", "^", "false", "null", "true", "undefined", "{", "~", "~>", [ \n\r\t], [0-9], [a-zA-Z_$0-9] or string but "\x00" found.
*-- Replay with NO_COMPILE=1 expoSE replay '/home/pbai002/ExpoSE/lib/Harness/src/harness.js' '{"Switcher":false,"Target_Switch_Base":2,"ExpansionArg_type":3,"ExpansionArg_string":"\u0000\u0000\u0000\u0000\u0000\u0000\u0000{{\u0000","ExpansionArg_type_2":0,"_bound":25}'
*-- Test Case {"Switcher":false,"Target_Switch_Base":2,"ExpansionArg_type":3,"ExpansionArg_string":"\u0000\u0000{{","ExpansionArg_type_2":0,"_bound":204} start 132.9926 took 14.5587s
*-- Errors occured in test {"Switcher":false,"Target_Switch_Base":2,"ExpansionArg_type":3,"ExpansionArg_string":"\u0000\u0000{{","ExpansionArg_type_2":0,"_bound":204}
* Error: SyntaxError: Expected "!", "(", "-", ".", "<~", "<~>", "Infinity", "NULL", "NaN", "^", "false", "null", "true", "undefined", "{", "~", "~>", [ \n\r\t], [0-9], [a-zA-Z_$0-9] or string but end of input found.
*-- Replay with NO_COMPILE=1 expoSE replay '/home/pbai002/ExpoSE/lib/Harness/src/harness.js' '{"Switcher":false,"Target_Switch_Base":2,"ExpansionArg_type":3,"ExpansionArg_string":"\u0000\u0000{{","ExpansionArg_type_2":0,"_bound":204}'
*-- Test Case {"Switcher":false,"Target_Switch_Base":2,"ExpansionArg_type":3,"ExpansionArg_string":"\u0000{{<~\u0000","ExpansionArg_type_2":0,"_bound":27} start 105.5506 took 42.9858s
*-- Errors occured in test {"Switcher":false,"Target_Switch_Base":2,"ExpansionArg_type":3,"ExpansionArg_string":"\u0000{{<~\u0000","ExpansionArg_type_2":0,"_bound":27}
* Error: SyntaxError: Expected [ \n\r\t] or [a-zA-Z_$0-9] but "\x00" found.
*-- Replay with NO_COMPILE=1 expoSE replay '/home/pbai002/ExpoSE/lib/Harness/src/harness.js' '{"Switcher":false,"Target_Switch_Base":2,"ExpansionArg_type":3,"ExpansionArg_string":"\u0000{{<~\u0000","ExpansionArg_type_2":0,"_bound":27}'
*-- Test Case {"Switcher":false,"Target_Switch_Base":2,"ExpansionArg_type":3,"ExpansionArg_string":"\u0000\n\u0000\u0000{{\u0000\u0000\u0000\u0000\u0000\u0000\u0000\u0000\u0000","ExpansionArg_type_2":0,"_bound":196} start 120.4512 took 31.3802s
*-- Errors occured in test {"Switcher":false,"Target_Switch_Base":2,"ExpansionArg_type":3,"ExpansionArg_string":"\u0000\n\u0000\u0000{{\u0000\u0000\u0000\u0000\u0000\u0000\u0000\u0000\u0000","ExpansionArg_type_2":0,"_bound":196}
* Error: SyntaxError: Expected "!", "(", "-", ".", "<~", "<~>", "Infinity", "NULL", "NaN", "^", "false", "null", "true", "undefined", "{", "~", "~>", [ \n\r\t], [0-9], [a-zA-Z_$0-9] or string but "\x00" found.
*-- Replay with NO_COMPILE=1 expoSE replay '/home/pbai002/ExpoSE/lib/Harness/src/harness.js' '{"Switcher":false,"Target_Switch_Base":2,"ExpansionArg_type":3,"ExpansionArg_string":"\u0000\n\u0000\u0000{{\u0000\u0000\u0000\u0000\u0000\u0000\u0000\u0000\u0000","ExpansionArg_type_2":0,"_bound":196}'
*-- Test Case {"Switcher":false,"Target_Switch_Base":2,"ExpansionArg_type":3,"ExpansionArg_string":"\u0000\u0000{{~>\u0000","ExpansionArg_type_2":0,"_bound":27} start 112.783 took 39.357s
*-- Errors occured in test {"Switcher":false,"Target_Switch_Base":2,"ExpansionArg_type":3,"ExpansionArg_string":"\u0000\u0000{{~>\u0000","ExpansionArg_type_2":0,"_bound":27}
* Error: SyntaxError: Expected [ \n\r\t] or [a-zA-Z_$0-9] but "\x00" found.
*-- Replay with NO_COMPILE=1 expoSE replay '/home/pbai002/ExpoSE/lib/Harness/src/harness.js' '{"Switcher":false,"Target_Switch_Base":2,"ExpansionArg_type":3,"ExpansionArg_string":"\u0000\u0000{{~>\u0000","ExpansionArg_type_2":0,"_bound":27}'
*-- Test Case {"Switcher":false,"Target_Switch_Base":2,"ExpansionArg_type":3,"ExpansionArg_string":"\u0000{{$\u0000","ExpansionArg_type_2":0,"_bound":21} start 92.6608 took 61.5672s
*-- Errors occured in test {"Switcher":false,"Target_Switch_Base":2,"ExpansionArg_type":3,"ExpansionArg_string":"\u0000{{$\u0000","ExpansionArg_type_2":0,"_bound":21}
* Error: SyntaxError: Expected "!=", "!==", "%", "&&", "(", "()", "*", "+", ",", "-", ".", "/", ":", "<", "<=", "<==", "=", "==", "===", ">", ">=", ">==", "?", "|", "||", "}}", [ \n\r\t] or [a-zA-Z_$0-9] but "\x00" found.
*-- Replay with NO_COMPILE=1 expoSE replay '/home/pbai002/ExpoSE/lib/Harness/src/harness.js' '{"Switcher":false,"Target_Switch_Base":2,"ExpansionArg_type":3,"ExpansionArg_string":"\u0000{{$\u0000","ExpansionArg_type_2":0,"_bound":21}'
*-- Test Case {"Switcher":false,"Target_Switch_Base":2,"ExpansionArg_type":3,"ExpansionArg_string":"\u0000\r\u0000\u0000{{\u0000\u0000\u0000\u0000\u0000\u0000\u0000\u0000\u0000","ExpansionArg_type_2":0,"_bound":197} start 135.2201 took 24.9615s
*-- Errors occured in test {"Switcher":false,"Target_Switch_Base":2,"ExpansionArg_type":3,"ExpansionArg_string":"\u0000\r\u0000\u0000{{\u0000\u0000\u0000\u0000\u0000\u0000\u0000\u0000\u0000","ExpansionArg_type_2":0,"_bound":197}
* Error: SyntaxError: Expected "!", "(", "-", ".", "<~", "<~>", "Infinity", "NULL", "NaN", "^", "false", "null", "true", "undefined", "{", "~", "~>", [ \n\r\t], [0-9], [a-zA-Z_$0-9] or string but "\x00" found.
*-- Replay with NO_COMPILE=1 expoSE replay '/home/pbai002/ExpoSE/lib/Harness/src/harness.js' '{"Switcher":false,"Target_Switch_Base":2,"ExpansionArg_type":3,"ExpansionArg_string":"\u0000\r\u0000\u0000{{\u0000\u0000\u0000\u0000\u0000\u0000\u0000\u0000\u0000","ExpansionArg_type_2":0,"_bound":197}'
*-- Test Case {"Switcher":false,"Target_Switch_Base":2,"ExpansionArg_type":3,"ExpansionArg_string":"\u0000\u0000\u0000\u0000{{","ExpansionArg_type_2":0,"_bound":216} start 147.6874 took 13.9875s
*-- Errors occured in test {"Switcher":false,"Target_Switch_Base":2,"ExpansionArg_type":3,"ExpansionArg_string":"\u0000\u0000\u0000\u0000{{","ExpansionArg_type_2":0,"_bound":216}
* Error: SyntaxError: Expected "!", "(", "-", ".", "<~", "<~>", "Infinity", "NULL", "NaN", "^", "false", "null", "true", "undefined", "{", "~", "~>", [ \n\r\t], [0-9], [a-zA-Z_$0-9] or string but end of input found.
*-- Replay with NO_COMPILE=1 expoSE replay '/home/pbai002/ExpoSE/lib/Harness/src/harness.js' '{"Switcher":false,"Target_Switch_Base":2,"ExpansionArg_type":3,"ExpansionArg_string":"\u0000\u0000\u0000\u0000{{","ExpansionArg_type_2":0,"_bound":216}'
*-- Test Case {"Switcher":false,"Target_Switch_Base":2,"ExpansionArg_type":3,"ExpansionArg_string":"\u0000\u0000{{<~\u0000\u0000","ExpansionArg_type_2":0,"_bound":29} start 117.4577 took 45.6277s
*-- Errors occured in test {"Switcher":false,"Target_Switch_Base":2,"ExpansionArg_type":3,"ExpansionArg_string":"\u0000\u0000{{<~\u0000\u0000","ExpansionArg_type_2":0,"_bound":29}
* Error: SyntaxError: Expected [ \n\r\t] or [a-zA-Z_$0-9] but "\x00" found.
*-- Replay with NO_COMPILE=1 expoSE replay '/home/pbai002/ExpoSE/lib/Harness/src/harness.js' '{"Switcher":false,"Target_Switch_Base":2,"ExpansionArg_type":3,"ExpansionArg_string":"\u0000\u0000{{<~\u0000\u0000","ExpansionArg_type_2":0,"_bound":29}'
*-- Test Case {"Switcher":false,"Target_Switch_Base":2,"ExpansionArg_type":3,"ExpansionArg_string":"\u0000{{~>","ExpansionArg_type_2":0,"_bound":170} start 151.9789 took 13.5777s
*-- Errors occured in test {"Switcher":false,"Target_Switch_Base":2,"ExpansionArg_type":3,"ExpansionArg_string":"\u0000{{~>","ExpansionArg_type_2":0,"_bound":170}
* Error: SyntaxError: Expected [ \n\r\t] or [a-zA-Z_$0-9] but end of input found.
*-- Replay with NO_COMPILE=1 expoSE replay '/home/pbai002/ExpoSE/lib/Harness/src/harness.js' '{"Switcher":false,"Target_Switch_Base":2,"ExpansionArg_type":3,"ExpansionArg_string":"\u0000{{~>","ExpansionArg_type_2":0,"_bound":170}'
*-- Test Case {"Switcher":false,"Target_Switch_Base":2,"ExpansionArg_type":3,"ExpansionArg_string":"\u0000\u0000{{\t\u0000 ","ExpansionArg_type_2":0,"_bound":221} start 148.9139 took 21.5919s
*-- Errors occured in test {"Switcher":false,"Target_Switch_Base":2,"ExpansionArg_type":3,"ExpansionArg_string":"\u0000\u0000{{\t\u0000 ","ExpansionArg_type_2":0,"_bound":221}
* Error: SyntaxError: Expected "!", "(", "-", ".", "<~", "<~>", "Infinity", "NULL", "NaN", "^", "false", "null", "true", "undefined", "{", "~", "~>", [ \n\r\t], [0-9], [a-zA-Z_$0-9] or string but "\x00" found.
*-- Replay with NO_COMPILE=1 expoSE replay '/home/pbai002/ExpoSE/lib/Harness/src/harness.js' '{"Switcher":false,"Target_Switch_Base":2,"ExpansionArg_type":3,"ExpansionArg_string":"\u0000\u0000{{\t\u0000 ","ExpansionArg_type_2":0,"_bound":221}'
*-- Test Case {"Switcher":false,"Target_Switch_Base":2,"ExpansionArg_type":3,"ExpansionArg_string":"\n\u0000\u0000\u0000{{\u0000\u0000\u0000\u0000\u0000\u0000\u0000\u0000\u0000\u0000","ExpansionArg_type_2":0,"_bound":192} start 152.4518 took 22.4449s
*-- Errors occured in test {"Switcher":false,"Target_Switch_Base":2,"ExpansionArg_type":3,"ExpansionArg_string":"\n\u0000\u0000\u0000{{\u0000\u0000\u0000\u0000\u0000\u0000\u0000\u0000\u0000\u0000","ExpansionArg_type_2":0,"_bound":192}
* Error: SyntaxError: Expected "!", "(", "-", ".", "<~", "<~>", "Infinity", "NULL", "NaN", "^", "false", "null", "true", "undefined", "{", "~", "~>", [ \n\r\t], [0-9], [a-zA-Z_$0-9] or string but "\x00" found.
*-- Replay with NO_COMPILE=1 expoSE replay '/home/pbai002/ExpoSE/lib/Harness/src/harness.js' '{"Switcher":false,"Target_Switch_Base":2,"ExpansionArg_type":3,"ExpansionArg_string":"\n\u0000\u0000\u0000{{\u0000\u0000\u0000\u0000\u0000\u0000\u0000\u0000\u0000\u0000","ExpansionArg_type_2":0,"_bound":192}'
*-- Test Case {"Switcher":false,"Target_Switch_Base":2,"ExpansionArg_type":3,"ExpansionArg_string":"\u0000{{h}}\u0000\u0000","ExpansionArg_type_2":0,"_bound":197} start 162.1704 took 22.758s
*-- Errors occured in test {"Switcher":false,"Target_Switch_Base":2,"ExpansionArg_type":3,"ExpansionArg_string":"\u0000{{h}}\u0000\u0000","ExpansionArg_type_2":0,"_bound":197}
* Error: SyntaxError: missing ) after argument list
*-- Replay with NO_COMPILE=1 expoSE replay '/home/pbai002/ExpoSE/lib/Harness/src/harness.js' '{"Switcher":false,"Target_Switch_Base":2,"ExpansionArg_type":3,"ExpansionArg_string":"\u0000{{h}}\u0000\u0000","ExpansionArg_type_2":0,"_bound":197}'
*-- Test Case {"Switcher":false,"Target_Switch_Base":2,"ExpansionArg_type":3,"ExpansionArg_string":"\u0000\u0000{{#","ExpansionArg_type_2":0,"_bound":19} start 142.6907 took 65.8649s
*-- Errors occured in test {"Switcher":false,"Target_Switch_Base":2,"ExpansionArg_type":3,"ExpansionArg_string":"\u0000\u0000{{#","ExpansionArg_type_2":0,"_bound":19}
* Error: SyntaxError: Expected "!", "(", "-", ".", "<~", "<~>", "Infinity", "NULL", "NaN", "^", "false", "null", "true", "undefined", "{", "~", "~>", [ \n\r\t], [0-9], [a-zA-Z_$0-9] or string but end of input found.
*-- Replay with NO_COMPILE=1 expoSE replay '/home/pbai002/ExpoSE/lib/Harness/src/harness.js' '{"Switcher":false,"Target_Switch_Base":2,"ExpansionArg_type":3,"ExpansionArg_string":"\u0000\u0000{{#","ExpansionArg_type_2":0,"_bound":19}'
*-- Test Case {"Switcher":false,"Target_Switch_Base":2,"ExpansionArg_type":3,"ExpansionArg_string":"\u0000{{a||","ExpansionArg_type_2":0,"_bound":69} start 160.5079 took 61.5295s
*-- Errors occured in test {"Switcher":false,"Target_Switch_Base":2,"ExpansionArg_type":3,"ExpansionArg_string":"\u0000{{a||","ExpansionArg_type_2":0,"_bound":69}
* Error: SyntaxError: Expected "!", "(", "-", ".", "<~", "<~>", "Infinity", "NULL", "NaN", "^", "false", "null", "true", "undefined", "{", "~", "~>", [ \n\r\t], [0-9], [a-zA-Z_$0-9] or string but end of input found.
*-- Replay with NO_COMPILE=1 expoSE replay '/home/pbai002/ExpoSE/lib/Harness/src/harness.js' '{"Switcher":false,"Target_Switch_Base":2,"ExpansionArg_type":3,"ExpansionArg_string":"\u0000{{a||","ExpansionArg_type_2":0,"_bound":69}'
*-- Test Case {"Switcher":false,"Target_Switch_Base":2,"ExpansionArg_type":3,"ExpansionArg_string":"\u0000{{$!=","ExpansionArg_type_2":0,"_bound":73} start 163.4753 took 63.5421s
*-- Errors occured in test {"Switcher":false,"Target_Switch_Base":2,"ExpansionArg_type":3,"ExpansionArg_string":"\u0000{{$!=","ExpansionArg_type_2":0,"_bound":73}
* Error: SyntaxError: Expected "!", "(", "-", ".", "<~", "<~>", "Infinity", "NULL", "NaN", "^", "false", "null", "true", "undefined", "{", "~", "~>", [ \n\r\t], [0-9], [a-zA-Z_$0-9] or string but end of input found.
*-- Replay with NO_COMPILE=1 expoSE replay '/home/pbai002/ExpoSE/lib/Harness/src/harness.js' '{"Switcher":false,"Target_Switch_Base":2,"ExpansionArg_type":3,"ExpansionArg_string":"\u0000{{$!=","ExpansionArg_type_2":0,"_bound":73}'
*-- Test Case {"Switcher":false,"Target_Switch_Base":2,"ExpansionArg_type":3,"ExpansionArg_string":"\u0000{{$!==","ExpansionArg_type_2":0,"_bound":72} start 170.8706 took 57.0163s
*-- Errors occured in test {"Switcher":false,"Target_Switch_Base":2,"ExpansionArg_type":3,"ExpansionArg_string":"\u0000{{$!==","ExpansionArg_type_2":0,"_bound":72}
* Error: SyntaxError: Expected "!", "(", "-", ".", "<~", "<~>", "Infinity", "NULL", "NaN", "^", "false", "null", "true", "undefined", "{", "~", "~>", [ \n\r\t], [0-9], [a-zA-Z_$0-9] or string but end of input found.
*-- Replay with NO_COMPILE=1 expoSE replay '/home/pbai002/ExpoSE/lib/Harness/src/harness.js' '{"Switcher":false,"Target_Switch_Base":2,"ExpansionArg_type":3,"ExpansionArg_string":"\u0000{{$!==","ExpansionArg_type_2":0,"_bound":72}'
*-- Test Case {"Switcher":false,"Target_Switch_Base":2,"ExpansionArg_type":3,"ExpansionArg_string":"\u0000{{h>==\u0000","ExpansionArg_type_2":0,"_bound":74} start 165.69 took 73.1929s
*-- Errors occured in test {"Switcher":false,"Target_Switch_Base":2,"ExpansionArg_type":3,"ExpansionArg_string":"\u0000{{h>==\u0000","ExpansionArg_type_2":0,"_bound":74}
* Error: SyntaxError: Expected "!", "(", "-", ".", "<~", "<~>", "Infinity", "NULL", "NaN", "^", "false", "null", "true", "undefined", "{", "~", "~>", [ \n\r\t], [0-9], [a-zA-Z_$0-9] or string but "\x00" found.
*-- Replay with NO_COMPILE=1 expoSE replay '/home/pbai002/ExpoSE/lib/Harness/src/harness.js' '{"Switcher":false,"Target_Switch_Base":2,"ExpansionArg_type":3,"ExpansionArg_string":"\u0000{{h>==\u0000","ExpansionArg_type_2":0,"_bound":74}'
*-- Test Case {"Switcher":false,"Target_Switch_Base":2,"ExpansionArg_type":3,"ExpansionArg_string":"\u0000{{h<=\u0000\u0000","ExpansionArg_type_2":0,"_bound":77} start 208.6825 took 58.4569s
*-- Errors occured in test {"Switcher":false,"Target_Switch_Base":2,"ExpansionArg_type":3,"ExpansionArg_string":"\u0000{{h<=\u0000\u0000","ExpansionArg_type_2":0,"_bound":77}
* Error: SyntaxError: Expected "!", "(", "-", ".", "<~", "<~>", "Infinity", "NULL", "NaN", "^", "false", "null", "true", "undefined", "{", "~", "~>", [ \n\r\t], [0-9], [a-zA-Z_$0-9] or string but "\x00" found.
*-- Replay with NO_COMPILE=1 expoSE replay '/home/pbai002/ExpoSE/lib/Harness/src/harness.js' '{"Switcher":false,"Target_Switch_Base":2,"ExpansionArg_type":3,"ExpansionArg_string":"\u0000{{h<=\u0000\u0000","ExpansionArg_type_2":0,"_bound":77}'
*-- Test Case {"Switcher":false,"Target_Switch_Base":2,"ExpansionArg_type":3,"ExpansionArg_string":"\u0000{{_||Infinity\u0000","ExpansionArg_type_2":0,"_bound":79} start 222.1746 took 50.3638s
*-- Errors occured in test {"Switcher":false,"Target_Switch_Base":2,"ExpansionArg_type":3,"ExpansionArg_string":"\u0000{{_||Infinity\u0000","ExpansionArg_type_2":0,"_bound":79}
* Error: SyntaxError: Expected "!=", "!==", "%", "&&", "*", "+", ",", "-", "/", "<", "<=", "<==", "==", "===", ">", ">=", ">==", "?", "|", "||", "}}" or [ \n\r\t] but "\x00" found.
*-- Replay with NO_COMPILE=1 expoSE replay '/home/pbai002/ExpoSE/lib/Harness/src/harness.js' '{"Switcher":false,"Target_Switch_Base":2,"ExpansionArg_type":3,"ExpansionArg_string":"\u0000{{_||Infinity\u0000","ExpansionArg_type_2":0,"_bound":79}'
*-- Test Case {"Switcher":false,"Target_Switch_Base":2,"ExpansionArg_type":3,"ExpansionArg_string":"\u0000{{z!=false\u0000","ExpansionArg_type_2":0,"_bound":76} start 228.015 took 45.3116s
*-- Errors occured in test {"Switcher":false,"Target_Switch_Base":2,"ExpansionArg_type":3,"ExpansionArg_string":"\u0000{{z!=false\u0000","ExpansionArg_type_2":0,"_bound":76}
* Error: SyntaxError: Expected "!=", "!==", "%", "&&", "*", "+", ",", "-", "/", "<", "<=", "<==", "==", "===", ">", ">=", ">==", "?", "|", "||", "}}" or [ \n\r\t] but "\x00" found.
*-- Replay with NO_COMPILE=1 expoSE replay '/home/pbai002/ExpoSE/lib/Harness/src/harness.js' '{"Switcher":false,"Target_Switch_Base":2,"ExpansionArg_type":3,"ExpansionArg_string":"\u0000{{z!=false\u0000","ExpansionArg_type_2":0,"_bound":76}'
*-- Test Case {"Switcher":false,"Target_Switch_Base":2,"ExpansionArg_type":3,"ExpansionArg_string":"\u0000{{$!=NULL\u0000\u0000\u0000\u0000\u0000","ExpansionArg_type_2":0,"_bound":79} start 239.0041 took 43.5726s
*-- Errors occured in test {"Switcher":false,"Target_Switch_Base":2,"ExpansionArg_type":3,"ExpansionArg_string":"\u0000{{$!=NULL\u0000\u0000\u0000\u0000\u0000","ExpansionArg_type_2":0,"_bound":79}
* Error: SyntaxError: Expected "!=", "!==", "%", "&&", "*", "+", ",", "-", "/", "<", "<=", "<==", "==", "===", ">", ">=", ">==", "?", "|", "||", "}}" or [ \n\r\t] but "\x00" found.
*-- Replay with NO_COMPILE=1 expoSE replay '/home/pbai002/ExpoSE/lib/Harness/src/harness.js' '{"Switcher":false,"Target_Switch_Base":2,"ExpansionArg_type":3,"ExpansionArg_string":"\u0000{{$!=NULL\u0000\u0000\u0000\u0000\u0000","ExpansionArg_type_2":0,"_bound":79}'
*-- Test Case {"Switcher":false,"Target_Switch_Base":2,"ExpansionArg_type":3,"ExpansionArg_string":"\u0000{{S&&\u0000\u0000\u0000\u0000\u0000\u0000\u0000\u0000","ExpansionArg_type_2":0,"_bound":70} start 227.1432 took 65.3961s
*-- Errors occured in test {"Switcher":false,"Target_Switch_Base":2,"ExpansionArg_type":3,"ExpansionArg_string":"\u0000{{S&&\u0000\u0000\u0000\u0000\u0000\u0000\u0000\u0000","ExpansionArg_type_2":0,"_bound":70}
* Error: SyntaxError: Expected "!", "(", "-", ".", "<~", "<~>", "Infinity", "NULL", "NaN", "^", "false", "null", "true", "undefined", "{", "~", "~>", [ \n\r\t], [0-9], [a-zA-Z_$0-9] or string but "\x00" found.
*-- Replay with NO_COMPILE=1 expoSE replay '/home/pbai002/ExpoSE/lib/Harness/src/harness.js' '{"Switcher":false,"Target_Switch_Base":2,"ExpansionArg_type":3,"ExpansionArg_string":"\u0000{{S&&\u0000\u0000\u0000\u0000\u0000\u0000\u0000\u0000","ExpansionArg_type_2":0,"_bound":70}'
*-- Test Case {"Switcher":false,"Target_Switch_Base":2,"ExpansionArg_type":3,"ExpansionArg_string":"\u0000{{d||NULL\u0000","ExpansionArg_type_2":0,"_bound":77} start 267.2076 took 41.395s
*-- Errors occured in test {"Switcher":false,"Target_Switch_Base":2,"ExpansionArg_type":3,"ExpansionArg_string":"\u0000{{d||NULL\u0000","ExpansionArg_type_2":0,"_bound":77}
* Error: SyntaxError: Expected "!=", "!==", "%", "&&", "*", "+", ",", "-", "/", "<", "<=", "<==", "==", "===", ">", ">=", ">==", "?", "|", "||", "}}" or [ \n\r\t] but "\x00" found.
*-- Replay with NO_COMPILE=1 expoSE replay '/home/pbai002/ExpoSE/lib/Harness/src/harness.js' '{"Switcher":false,"Target_Switch_Base":2,"ExpansionArg_type":3,"ExpansionArg_string":"\u0000{{d||NULL\u0000","ExpansionArg_type_2":0,"_bound":77}'
*-- Test Case {"Switcher":false,"Target_Switch_Base":2,"ExpansionArg_type":3,"ExpansionArg_string":"\u0000{{a===\u0000","ExpansionArg_type_2":0,"_bound":70} start 185.0866 took 126.167s
*-- Errors occured in test {"Switcher":false,"Target_Switch_Base":2,"ExpansionArg_type":3,"ExpansionArg_string":"\u0000{{a===\u0000","ExpansionArg_type_2":0,"_bound":70}
* Error: SyntaxError: Expected "!", "(", "-", ".", "<~", "<~>", "Infinity", "NULL", "NaN", "^", "false", "null", "true", "undefined", "{", "~", "~>", [ \n\r\t], [0-9], [a-zA-Z_$0-9] or string but "\x00" found.
*-- Replay with NO_COMPILE=1 expoSE replay '/home/pbai002/ExpoSE/lib/Harness/src/harness.js' '{"Switcher":false,"Target_Switch_Base":2,"ExpansionArg_type":3,"ExpansionArg_string":"\u0000{{a===\u0000","ExpansionArg_type_2":0,"_bound":70}'
*-- Test Case {"Switcher":false,"Target_Switch_Base":2,"ExpansionArg_type":3,"ExpansionArg_string":"\u0000{{D()","ExpansionArg_type_2":0,"_bound":55} start 175.4194 took 155.3672s
*-- Errors occured in test {"Switcher":false,"Target_Switch_Base":2,"ExpansionArg_type":3,"ExpansionArg_string":"\u0000{{D()","ExpansionArg_type_2":0,"_bound":55}
* Error: SyntaxError: Expected "!=", "!==", "%", "&&", "*", "+", ",", "-", "/", "<", "<=", "<==", "==", "===", ">", ">=", ">==", "?", "|", "||", "}}" or [ \n\r\t] but end of input found.
*-- Replay with NO_COMPILE=1 expoSE replay '/home/pbai002/ExpoSE/lib/Harness/src/harness.js' '{"Switcher":false,"Target_Switch_Base":2,"ExpansionArg_type":3,"ExpansionArg_string":"\u0000{{D()","ExpansionArg_type_2":0,"_bound":55}'
*-- Test Case {"Switcher":false,"Target_Switch_Base":2,"ExpansionArg_type":3,"ExpansionArg_string":"\u0000{{_||Infinity==","ExpansionArg_type_2":0,"_bound":84} start 272.6656 took 62.6423s
*-- Errors occured in test {"Switcher":false,"Target_Switch_Base":2,"ExpansionArg_type":3,"ExpansionArg_string":"\u0000{{_||Infinity==","ExpansionArg_type_2":0,"_bound":84}
* Error: SyntaxError: Expected "!", "(", "-", ".", "<~", "<~>", "Infinity", "NULL", "NaN", "^", "false", "null", "true", "undefined", "{", "~", "~>", [ \n\r\t], [0-9], [a-zA-Z_$0-9] or string but end of input found.
*-- Replay with NO_COMPILE=1 expoSE replay '/home/pbai002/ExpoSE/lib/Harness/src/harness.js' '{"Switcher":false,"Target_Switch_Base":2,"ExpansionArg_type":3,"ExpansionArg_string":"\u0000{{_||Infinity==","ExpansionArg_type_2":0,"_bound":84}'
*-- Test Case {"Switcher":false,"Target_Switch_Base":2,"ExpansionArg_type":3,"ExpansionArg_string":"\u0000{{_||Infinity!==","ExpansionArg_type_2":0,"_bound":85} start 273.47 took 62.1699s
*-- Errors occured in test {"Switcher":false,"Target_Switch_Base":2,"ExpansionArg_type":3,"ExpansionArg_string":"\u0000{{_||Infinity!==","ExpansionArg_type_2":0,"_bound":85}
* Error: SyntaxError: Expected "!", "(", "-", ".", "<~", "<~>", "Infinity", "NULL", "NaN", "^", "false", "null", "true", "undefined", "{", "~", "~>", [ \n\r\t], [0-9], [a-zA-Z_$0-9] or string but end of input found.
*-- Replay with NO_COMPILE=1 expoSE replay '/home/pbai002/ExpoSE/lib/Harness/src/harness.js' '{"Switcher":false,"Target_Switch_Base":2,"ExpansionArg_type":3,"ExpansionArg_string":"\u0000{{_||Infinity!==","ExpansionArg_type_2":0,"_bound":85}'
*-- Test Case {"Switcher":false,"Target_Switch_Base":2,"ExpansionArg_type":3,"ExpansionArg_string":"\u0000{{A||Infinity<=","ExpansionArg_type_2":0,"_bound":90} start 282.7189 took 60.9064s
*-- Errors occured in test {"Switcher":false,"Target_Switch_Base":2,"ExpansionArg_type":3,"ExpansionArg_string":"\u0000{{A||Infinity<=","ExpansionArg_type_2":0,"_bound":90}
* Error: SyntaxError: Expected "!", "(", "-", ".", "<~", "<~>", "Infinity", "NULL", "NaN", "^", "false", "null", "true", "undefined", "{", "~", "~>", [ \n\r\t], [0-9], [a-zA-Z_$0-9] or string but end of input found.
*-- Replay with NO_COMPILE=1 expoSE replay '/home/pbai002/ExpoSE/lib/Harness/src/harness.js' '{"Switcher":false,"Target_Switch_Base":2,"ExpansionArg_type":3,"ExpansionArg_string":"\u0000{{A||Infinity<=","ExpansionArg_type_2":0,"_bound":90}'
*-- Test Case {"Switcher":false,"Target_Switch_Base":2,"ExpansionArg_type":3,"ExpansionArg_string":"\u0000{{a\u0000\u0000\u0000\u0000\u0000\u0000\u0000\u0000\u0000\u0000","ExpansionArg_type_2":0,"_bound":213} start 330.879 took 20.1051s
*-- Errors occured in test {"Switcher":false,"Target_Switch_Base":2,"ExpansionArg_type":3,"ExpansionArg_string":"\u0000{{a\u0000\u0000\u0000\u0000\u0000\u0000\u0000\u0000\u0000\u0000","ExpansionArg_type_2":0,"_bound":213}
* Error: SyntaxError: Expected "!=", "!==", "%", "&&", "(", "()", "*", "+", ",", "-", ".", "/", ":", "<", "<=", "<==", "=", "==", "===", ">", ">=", ">==", "?", "|", "||", "}}", [ \n\r\t] or [a-zA-Z_$0-9] but "\x00" found.
*-- Replay with NO_COMPILE=1 expoSE replay '/home/pbai002/ExpoSE/lib/Harness/src/harness.js' '{"Switcher":false,"Target_Switch_Base":2,"ExpansionArg_type":3,"ExpansionArg_string":"\u0000{{a\u0000\u0000\u0000\u0000\u0000\u0000\u0000\u0000\u0000\u0000","ExpansionArg_type_2":0,"_bound":213}'
*-- Test Case {"Switcher":false,"Target_Switch_Base":2,"ExpansionArg_type":3,"ExpansionArg_string":"\u0000{{$!=NaN\u0000\u0000\u0000\u0000\u0000\u0000","ExpansionArg_type_2":0,"_bound":80} start 311.3648 took 40.0549s
*-- Errors occured in test {"Switcher":false,"Target_Switch_Base":2,"ExpansionArg_type":3,"ExpansionArg_string":"\u0000{{$!=NaN\u0000\u0000\u0000\u0000\u0000\u0000","ExpansionArg_type_2":0,"_bound":80}
* Error: SyntaxError: Expected "!=", "!==", "%", "&&", "*", "+", ",", "-", "/", "<", "<=", "<==", "==", "===", ">", ">=", ">==", "?", "|", "||", "}}" or [ \n\r\t] but "\x00" found.
*-- Replay with NO_COMPILE=1 expoSE replay '/home/pbai002/ExpoSE/lib/Harness/src/harness.js' '{"Switcher":false,"Target_Switch_Base":2,"ExpansionArg_type":3,"ExpansionArg_string":"\u0000{{$!=NaN\u0000\u0000\u0000\u0000\u0000\u0000","ExpansionArg_type_2":0,"_bound":80}'
*-- Test Case {"Switcher":false,"Target_Switch_Base":2,"ExpansionArg_type":3,"ExpansionArg_string":"\u0000{{z!=undefined\u0000","ExpansionArg_type_2":0,"_bound":77} start 308.7256 took 44.9715s
*-- Errors occured in test {"Switcher":false,"Target_Switch_Base":2,"ExpansionArg_type":3,"ExpansionArg_string":"\u0000{{z!=undefined\u0000","ExpansionArg_type_2":0,"_bound":77}
* Error: SyntaxError: Expected "!=", "!==", "%", "&&", "*", "+", ",", "-", "/", "<", "<=", "<==", "==", "===", ">", ">=", ">==", "?", "|", "||", "}}" or [ \n\r\t] but "\x00" found.
*-- Replay with NO_COMPILE=1 expoSE replay '/home/pbai002/ExpoSE/lib/Harness/src/harness.js' '{"Switcher":false,"Target_Switch_Base":2,"ExpansionArg_type":3,"ExpansionArg_string":"\u0000{{z!=undefined\u0000","ExpansionArg_type_2":0,"_bound":77}'
*-- Test Case {"Switcher":false,"Target_Switch_Base":2,"ExpansionArg_type":3,"ExpansionArg_string":"\u0010{{_||Infinity>==","ExpansionArg_type_2":0,"_bound":87} start 292.6578 took 61.1679s
*-- Errors occured in test {"Switcher":false,"Target_Switch_Base":2,"ExpansionArg_type":3,"ExpansionArg_string":"\u0010{{_||Infinity>==","ExpansionArg_type_2":0,"_bound":87}
* Error: SyntaxError: Expected "!", "(", "-", ".", "<~", "<~>", "Infinity", "NULL", "NaN", "^", "false", "null", "true", "undefined", "{", "~", "~>", [ \n\r\t], [0-9], [a-zA-Z_$0-9] or string but end of input found.
*-- Replay with NO_COMPILE=1 expoSE replay '/home/pbai002/ExpoSE/lib/Harness/src/harness.js' '{"Switcher":false,"Target_Switch_Base":2,"ExpansionArg_type":3,"ExpansionArg_string":"\u0010{{_||Infinity>==","ExpansionArg_type_2":0,"_bound":87}'
*-- Test Case {"Switcher":false,"Target_Switch_Base":2,"ExpansionArg_type":3,"ExpansionArg_string":"\u0000{{K>==undefined","ExpansionArg_type_2":0,"_bound":78} start 353.8915 took 31.169s
*-- Errors occured in test {"Switcher":false,"Target_Switch_Base":2,"ExpansionArg_type":3,"ExpansionArg_string":"\u0000{{K>==undefined","ExpansionArg_type_2":0,"_bound":78}
* Error: SyntaxError: Expected "!=", "!==", "%", "&&", "*", "+", ",", "-", "/", "<", "<=", "<==", "==", "===", ">", ">=", ">==", "?", "|", "||", "}}" or [ \n\r\t] but end of input found.
*-- Replay with NO_COMPILE=1 expoSE replay '/home/pbai002/ExpoSE/lib/Harness/src/harness.js' '{"Switcher":false,"Target_Switch_Base":2,"ExpansionArg_type":3,"ExpansionArg_string":"\u0000{{K>==undefined","ExpansionArg_type_2":0,"_bound":78}'
*-- Test Case {"Switcher":false,"Target_Switch_Base":2,"ExpansionArg_type":3,"ExpansionArg_string":"\u0000\r{{","ExpansionArg_type_2":0,"_bound":193} start 86.5482 took 317.8185s
*-- Errors occured in test {"Switcher":false,"Target_Switch_Base":2,"ExpansionArg_type":3,"ExpansionArg_string":"\u0000\r{{","ExpansionArg_type_2":0,"_bound":193}
* Error: SyntaxError: Expected "!", "(", "-", ".", "<~", "<~>", "Infinity", "NULL", "NaN", "^", "false", "null", "true", "undefined", "{", "~", "~>", [ \n\r\t], [0-9], [a-zA-Z_$0-9] or string but end of input found.
*-- Replay with NO_COMPILE=1 expoSE replay '/home/pbai002/ExpoSE/lib/Harness/src/harness.js' '{"Switcher":false,"Target_Switch_Base":2,"ExpansionArg_type":3,"ExpansionArg_string":"\u0000\r{{","ExpansionArg_type_2":0,"_bound":193}'
*-- Test Case {"Switcher":false,"Target_Switch_Base":2,"ExpansionArg_type":3,"ExpansionArg_string":"\u0000\u0000{{z\u0000","ExpansionArg_type_2":0,"_bound":23} start 86.7948 took 325.8509s
*-- Errors occured in test {"Switcher":false,"Target_Switch_Base":2,"ExpansionArg_type":3,"ExpansionArg_string":"\u0000\u0000{{z\u0000","ExpansionArg_type_2":0,"_bound":23}
* Error: Exception E: SyntaxError: Unexpected end of JSON input of test data on 
* Error: Exception E: SyntaxError: Unexpected end of JSON input of coverage data on 
* Error: Error extracting final output - a fatal error must have occured
*-- Replay with NO_COMPILE=1 expoSE replay '/home/pbai002/ExpoSE/lib/Harness/src/harness.js' '{"Switcher":false,"Target_Switch_Base":2,"ExpansionArg_type":3,"ExpansionArg_string":"\u0000\u0000{{z\u0000","ExpansionArg_type_2":0,"_bound":23}'
*-- Test Case {"Switcher":false,"Target_Switch_Base":2,"ExpansionArg_type":3,"ExpansionArg_string":"\u0000{{a!=false!=\u0000","ExpansionArg_type_2":0,"_bound":83} start 351.4995 took 68.9657s
*-- Errors occured in test {"Switcher":false,"Target_Switch_Base":2,"ExpansionArg_type":3,"ExpansionArg_string":"\u0000{{a!=false!=\u0000","ExpansionArg_type_2":0,"_bound":83}
* Error: SyntaxError: Expected "!", "(", "-", ".", "<~", "<~>", "Infinity", "NULL", "NaN", "^", "false", "null", "true", "undefined", "{", "~", "~>", [ \n\r\t], [0-9], [a-zA-Z_$0-9] or string but "\x00" found.
*-- Replay with NO_COMPILE=1 expoSE replay '/home/pbai002/ExpoSE/lib/Harness/src/harness.js' '{"Switcher":false,"Target_Switch_Base":2,"ExpansionArg_type":3,"ExpansionArg_string":"\u0000{{a!=false!=\u0000","ExpansionArg_type_2":0,"_bound":83}'
*-- Test Case {"Switcher":false,"Target_Switch_Base":2,"ExpansionArg_type":3,"ExpansionArg_string":"\u0000{{_||Infinity!=\u0000","ExpansionArg_type_2":0,"_bound":86} start 343.7482 took 76.9614s
*-- Errors occured in test {"Switcher":false,"Target_Switch_Base":2,"ExpansionArg_type":3,"ExpansionArg_string":"\u0000{{_||Infinity!=\u0000","ExpansionArg_type_2":0,"_bound":86}
* Error: SyntaxError: Expected "!", "(", "-", ".", "<~", "<~>", "Infinity", "NULL", "NaN", "^", "false", "null", "true", "undefined", "{", "~", "~>", [ \n\r\t], [0-9], [a-zA-Z_$0-9] or string but "\x00" found.
*-- Replay with NO_COMPILE=1 expoSE replay '/home/pbai002/ExpoSE/lib/Harness/src/harness.js' '{"Switcher":false,"Target_Switch_Base":2,"ExpansionArg_type":3,"ExpansionArg_string":"\u0000{{_||Infinity!=\u0000","ExpansionArg_type_2":0,"_bound":86}'
*-- Test Case {"Switcher":false,"Target_Switch_Base":2,"ExpansionArg_type":3,"ExpansionArg_string":"\u0000{{C!=NULL!==\u0000","ExpansionArg_type_2":0,"_bound":85} start 351.2945 took 70.051s
*-- Errors occured in test {"Switcher":false,"Target_Switch_Base":2,"ExpansionArg_type":3,"ExpansionArg_string":"\u0000{{C!=NULL!==\u0000","ExpansionArg_type_2":0,"_bound":85}
* Error: SyntaxError: Expected "!", "(", "-", ".", "<~", "<~>", "Infinity", "NULL", "NaN", "^", "false", "null", "true", "undefined", "{", "~", "~>", [ \n\r\t], [0-9], [a-zA-Z_$0-9] or string but "\x00" found.
*-- Replay with NO_COMPILE=1 expoSE replay '/home/pbai002/ExpoSE/lib/Harness/src/harness.js' '{"Switcher":false,"Target_Switch_Base":2,"ExpansionArg_type":3,"ExpansionArg_string":"\u0000{{C!=NULL!==\u0000","ExpansionArg_type_2":0,"_bound":85}'
*-- Test Case {"Switcher":false,"Target_Switch_Base":2,"ExpansionArg_type":3,"ExpansionArg_string":"\u0002\u0000\u0000\u0000{{~>","ExpansionArg_type_2":0,"_bound":31} start 99.3377 took 332.4152s
*-- Errors occured in test {"Switcher":false,"Target_Switch_Base":2,"ExpansionArg_type":3,"ExpansionArg_string":"\u0002\u0000\u0000\u0000{{~>","ExpansionArg_type_2":0,"_bound":31}
* Error: Exception E: SyntaxError: Unexpected end of JSON input of test data on 
* Error: Exception E: SyntaxError: Unexpected end of JSON input of coverage data on 
* Error: Error extracting final output - a fatal error must have occured
*-- Replay with NO_COMPILE=1 expoSE replay '/home/pbai002/ExpoSE/lib/Harness/src/harness.js' '{"Switcher":false,"Target_Switch_Base":2,"ExpansionArg_type":3,"ExpansionArg_string":"\u0002\u0000\u0000\u0000{{~>","ExpansionArg_type_2":0,"_bound":31}'
*-- Test Case {"Switcher":false,"Target_Switch_Base":2,"ExpansionArg_type":3,"ExpansionArg_string":"\u0000\u0000{{<~>\u0000","ExpansionArg_type_2":0,"_bound":28} start 111.2331 took 326.1651s
*-- Errors occured in test {"Switcher":false,"Target_Switch_Base":2,"ExpansionArg_type":3,"ExpansionArg_string":"\u0000\u0000{{<~>\u0000","ExpansionArg_type_2":0,"_bound":28}
* Error: Exception E: SyntaxError: Unexpected end of JSON input of coverage data on 
* Error: Exception E: SyntaxError: Unexpected end of JSON input of test data on 
* Error: Error extracting final output - a fatal error must have occured
*-- Replay with NO_COMPILE=1 expoSE replay '/home/pbai002/ExpoSE/lib/Harness/src/harness.js' '{"Switcher":false,"Target_Switch_Base":2,"ExpansionArg_type":3,"ExpansionArg_string":"\u0000\u0000{{<~>\u0000","ExpansionArg_type_2":0,"_bound":28}'
*-- Test Case {"Switcher":false,"Target_Switch_Base":2,"ExpansionArg_type":3,"ExpansionArg_string":"\u0000{{H||NULL}}","ExpansionArg_type_2":0,"_bound":169} start 431.8143 took 14.9092s
*-- Errors occured in test {"Switcher":false,"Target_Switch_Base":2,"ExpansionArg_type":3,"ExpansionArg_string":"\u0000{{H||NULL}}","ExpansionArg_type_2":0,"_bound":169}
* Error: SyntaxError: missing ) after argument list
*-- Replay with NO_COMPILE=1 expoSE replay '/home/pbai002/ExpoSE/lib/Harness/src/harness.js' '{"Switcher":false,"Target_Switch_Base":2,"ExpansionArg_type":3,"ExpansionArg_string":"\u0000{{H||NULL}}","ExpansionArg_type_2":0,"_bound":169}'
*-- Test Case {"Switcher":false,"Target_Switch_Base":2,"ExpansionArg_type":3,"ExpansionArg_string":"\u0000{{~>_","ExpansionArg_type_2":0,"_bound":27} start 125.554 took 326.6312s
*-- Errors occured in test {"Switcher":false,"Target_Switch_Base":2,"ExpansionArg_type":3,"ExpansionArg_string":"\u0000{{~>_","ExpansionArg_type_2":0,"_bound":27}
* Error: Exception E: SyntaxError: Unexpected end of JSON input of test data on 
* Error: Exception E: SyntaxError: Unexpected end of JSON input of coverage data on 
* Error: Error extracting final output - a fatal error must have occured
*-- Replay with NO_COMPILE=1 expoSE replay '/home/pbai002/ExpoSE/lib/Harness/src/harness.js' '{"Switcher":false,"Target_Switch_Base":2,"ExpansionArg_type":3,"ExpansionArg_string":"\u0000{{~>_","ExpansionArg_type_2":0,"_bound":27}'
*-- Test Case {"Switcher":false,"Target_Switch_Base":2,"ExpansionArg_type":3,"ExpansionArg_string":"\u0000\u0000\u0000\u0000{{<~\u0000","ExpansionArg_type_2":0,"_bound":33} start 130.1272 took 330.3227s
*-- Errors occured in test {"Switcher":false,"Target_Switch_Base":2,"ExpansionArg_type":3,"ExpansionArg_string":"\u0000\u0000\u0000\u0000{{<~\u0000","ExpansionArg_type_2":0,"_bound":33}
* Error: Exception E: SyntaxError: Unexpected end of JSON input of coverage data on 
* Error: Exception E: SyntaxError: Unexpected end of JSON input of test data on 
* Error: Error extracting final output - a fatal error must have occured
*-- Replay with NO_COMPILE=1 expoSE replay '/home/pbai002/ExpoSE/lib/Harness/src/harness.js' '{"Switcher":false,"Target_Switch_Base":2,"ExpansionArg_type":3,"ExpansionArg_string":"\u0000\u0000\u0000\u0000{{<~\u0000","ExpansionArg_type_2":0,"_bound":33}'
*-- Test Case {"Switcher":false,"Target_Switch_Base":2,"ExpansionArg_type":3,"ExpansionArg_string":"\u0000{{A||Infinity}}","ExpansionArg_type_2":0,"_bound":177} start 446.847 took 14.1522s
*-- Errors occured in test {"Switcher":false,"Target_Switch_Base":2,"ExpansionArg_type":3,"ExpansionArg_string":"\u0000{{A||Infinity}}","ExpansionArg_type_2":0,"_bound":177}
* Error: SyntaxError: missing ) after argument list
*-- Replay with NO_COMPILE=1 expoSE replay '/home/pbai002/ExpoSE/lib/Harness/src/harness.js' '{"Switcher":false,"Target_Switch_Base":2,"ExpansionArg_type":3,"ExpansionArg_string":"\u0000{{A||Infinity}}","ExpansionArg_type_2":0,"_bound":177}'
*-- Test Case {"Switcher":false,"Target_Switch_Base":2,"ExpansionArg_type":3,"ExpansionArg_string":"\u0000{{$!=false<=","ExpansionArg_type_2":0,"_bound":87} start 412.7226 took 48.6642s
*-- Errors occured in test {"Switcher":false,"Target_Switch_Base":2,"ExpansionArg_type":3,"ExpansionArg_string":"\u0000{{$!=false<=","ExpansionArg_type_2":0,"_bound":87}
* Error: SyntaxError: Expected "!", "(", "-", ".", "<~", "<~>", "Infinity", "NULL", "NaN", "^", "false", "null", "true", "undefined", "{", "~", "~>", [ \n\r\t], [0-9], [a-zA-Z_$0-9] or string but end of input found.
*-- Replay with NO_COMPILE=1 expoSE replay '/home/pbai002/ExpoSE/lib/Harness/src/harness.js' '{"Switcher":false,"Target_Switch_Base":2,"ExpansionArg_type":3,"ExpansionArg_string":"\u0000{{$!=false<=","ExpansionArg_type_2":0,"_bound":87}'
*-- Test Case {"Switcher":false,"Target_Switch_Base":2,"ExpansionArg_type":3,"ExpansionArg_string":"\u0000{{a&&","ExpansionArg_type_2":0,"_bound":68} start 420.9954 took 49.4915s
*-- Errors occured in test {"Switcher":false,"Target_Switch_Base":2,"ExpansionArg_type":3,"ExpansionArg_string":"\u0000{{a&&","ExpansionArg_type_2":0,"_bound":68}
* Error: SyntaxError: Expected "!", "(", "-", ".", "<~", "<~>", "Infinity", "NULL", "NaN", "^", "false", "null", "true", "undefined", "{", "~", "~>", [ \n\r\t], [0-9], [a-zA-Z_$0-9] or string but end of input found.
*-- Replay with NO_COMPILE=1 expoSE replay '/home/pbai002/ExpoSE/lib/Harness/src/harness.js' '{"Switcher":false,"Target_Switch_Base":2,"ExpansionArg_type":3,"ExpansionArg_string":"\u0000{{a&&","ExpansionArg_type_2":0,"_bound":68}'
*-- Test Case {"Switcher":false,"Target_Switch_Base":2,"ExpansionArg_type":3,"ExpansionArg_string":"\u0000{{a!=false==","ExpansionArg_type_2":0,"_bound":81} start 420.5903 took 50.554s
*-- Errors occured in test {"Switcher":false,"Target_Switch_Base":2,"ExpansionArg_type":3,"ExpansionArg_string":"\u0000{{a!=false==","ExpansionArg_type_2":0,"_bound":81}
* Error: SyntaxError: Expected "!", "(", "-", ".", "<~", "<~>", "Infinity", "NULL", "NaN", "^", "false", "null", "true", "undefined", "{", "~", "~>", [ \n\r\t], [0-9], [a-zA-Z_$0-9] or string but end of input found.
*-- Replay with NO_COMPILE=1 expoSE replay '/home/pbai002/ExpoSE/lib/Harness/src/harness.js' '{"Switcher":false,"Target_Switch_Base":2,"ExpansionArg_type":3,"ExpansionArg_string":"\u0000{{a!=false==","ExpansionArg_type_2":0,"_bound":81}'
*-- Test Case {"Switcher":false,"Target_Switch_Base":2,"ExpansionArg_type":3,"ExpansionArg_string":"\u0000{{h<==\u0000","ExpansionArg_type_2":0,"_bound":76} start 154.6344 took 326.9794s
*-- Errors occured in test {"Switcher":false,"Target_Switch_Base":2,"ExpansionArg_type":3,"ExpansionArg_string":"\u0000{{h<==\u0000","ExpansionArg_type_2":0,"_bound":76}
* Error: Exception E: SyntaxError: Unexpected end of JSON input of test data on 
* Error: Exception E: SyntaxError: Unexpected end of JSON input of coverage data on 
* Error: Error extracting final output - a fatal error must have occured
*-- Replay with NO_COMPILE=1 expoSE replay '/home/pbai002/ExpoSE/lib/Harness/src/harness.js' '{"Switcher":false,"Target_Switch_Base":2,"ExpansionArg_type":3,"ExpansionArg_string":"\u0000{{h<==\u0000","ExpansionArg_type_2":0,"_bound":76}'
*-- Test Case {"Switcher":false,"Target_Switch_Base":2,"ExpansionArg_type":3,"ExpansionArg_string":"\u0000{{$()","ExpansionArg_type_2":0,"_bound":134} start 353.7637 took 129.6477s
*-- Errors occured in test {"Switcher":false,"Target_Switch_Base":2,"ExpansionArg_type":3,"ExpansionArg_string":"\u0000{{$()","ExpansionArg_type_2":0,"_bound":134}
* Error: SyntaxError: Expected "!=", "!==", "%", "&&", "*", "+", ",", "-", "/", "<", "<=", "<==", "==", "===", ">", ">=", ">==", "?", "|", "||", "}}" or [ \n\r\t] but end of input found.
*-- Replay with NO_COMPILE=1 expoSE replay '/home/pbai002/ExpoSE/lib/Harness/src/harness.js' '{"Switcher":false,"Target_Switch_Base":2,"ExpansionArg_type":3,"ExpansionArg_string":"\u0000{{$()","ExpansionArg_type_2":0,"_bound":134}'
*-- Test Case {"Switcher":false,"Target_Switch_Base":2,"ExpansionArg_type":3,"ExpansionArg_string":"\u0000{{b||Infinity===\u0000\u0000","ExpansionArg_type_2":0,"_bound":83} start 404.4907 took 80.668s
*-- Errors occured in test {"Switcher":false,"Target_Switch_Base":2,"ExpansionArg_type":3,"ExpansionArg_string":"\u0000{{b||Infinity===\u0000\u0000","ExpansionArg_type_2":0,"_bound":83}
* Error: SyntaxError: Expected "!", "(", "-", ".", "<~", "<~>", "Infinity", "NULL", "NaN", "^", "false", "null", "true", "undefined", "{", "~", "~>", [ \n\r\t], [0-9], [a-zA-Z_$0-9] or string but "\x00" found.
*-- Replay with NO_COMPILE=1 expoSE replay '/home/pbai002/ExpoSE/lib/Harness/src/harness.js' '{"Switcher":false,"Target_Switch_Base":2,"ExpansionArg_type":3,"ExpansionArg_string":"\u0000{{b||Infinity===\u0000\u0000","ExpansionArg_type_2":0,"_bound":83}'
*-- Test Case {"Switcher":false,"Target_Switch_Base":2,"ExpansionArg_type":3,"ExpansionArg_string":"\u0000{{_!=NULL&&\u0000\u0000","ExpansionArg_type_2":0,"_bound":81} start 421.4989 took 68.457s
*-- Errors occured in test {"Switcher":false,"Target_Switch_Base":2,"ExpansionArg_type":3,"ExpansionArg_string":"\u0000{{_!=NULL&&\u0000\u0000","ExpansionArg_type_2":0,"_bound":81}
* Error: SyntaxError: Expected "!", "(", "-", ".", "<~", "<~>", "Infinity", "NULL", "NaN", "^", "false", "null", "true", "undefined", "{", "~", "~>", [ \n\r\t], [0-9], [a-zA-Z_$0-9] or string but "\x00" found.
*-- Replay with NO_COMPILE=1 expoSE replay '/home/pbai002/ExpoSE/lib/Harness/src/harness.js' '{"Switcher":false,"Target_Switch_Base":2,"ExpansionArg_type":3,"ExpansionArg_string":"\u0000{{_!=NULL&&\u0000\u0000","ExpansionArg_type_2":0,"_bound":81}'
*-- Test Case {"Switcher":false,"Target_Switch_Base":2,"ExpansionArg_type":3,"ExpansionArg_string":"\u0000{{S!==undefined","ExpansionArg_type_2":0,"_bound":76} start 460.4913 took 32.2251s
*-- Errors occured in test {"Switcher":false,"Target_Switch_Base":2,"ExpansionArg_type":3,"ExpansionArg_string":"\u0000{{S!==undefined","ExpansionArg_type_2":0,"_bound":76}
* Error: SyntaxError: Expected "!=", "!==", "%", "&&", "*", "+", ",", "-", "/", "<", "<=", "<==", "==", "===", ">", ">=", ">==", "?", "|", "||", "}}" or [ \n\r\t] but end of input found.
*-- Replay with NO_COMPILE=1 expoSE replay '/home/pbai002/ExpoSE/lib/Harness/src/harness.js' '{"Switcher":false,"Target_Switch_Base":2,"ExpansionArg_type":3,"ExpansionArg_string":"\u0000{{S!==undefined","ExpansionArg_type_2":0,"_bound":76}'
*-- Test Case {"Switcher":false,"Target_Switch_Base":2,"ExpansionArg_type":3,"ExpansionArg_string":"\u0000{{P>==NaN\u0000\u0000\u0000\u0000\u0000\u0000\u0000\u0000","ExpansionArg_type_2":0,"_bound":81} start 452.243 took 44.9301s
*-- Errors occured in test {"Switcher":false,"Target_Switch_Base":2,"ExpansionArg_type":3,"ExpansionArg_string":"\u0000{{P>==NaN\u0000\u0000\u0000\u0000\u0000\u0000\u0000\u0000","ExpansionArg_type_2":0,"_bound":81}
* Error: SyntaxError: Expected "!=", "!==", "%", "&&", "*", "+", ",", "-", "/", "<", "<=", "<==", "==", "===", ">", ">=", ">==", "?", "|", "||", "}}" or [ \n\r\t] but "\x00" found.
*-- Replay with NO_COMPILE=1 expoSE replay '/home/pbai002/ExpoSE/lib/Harness/src/harness.js' '{"Switcher":false,"Target_Switch_Base":2,"ExpansionArg_type":3,"ExpansionArg_string":"\u0000{{P>==NaN\u0000\u0000\u0000\u0000\u0000\u0000\u0000\u0000","ExpansionArg_type_2":0,"_bound":81}'
*-- Test Case {"Switcher":false,"Target_Switch_Base":2,"ExpansionArg_type":3,"ExpansionArg_string":"\u0000{{$!=Infinity\u0000","ExpansionArg_type_2":0,"_bound":81} start 461.4757 took 47.4127s
*-- Errors occured in test {"Switcher":false,"Target_Switch_Base":2,"ExpansionArg_type":3,"ExpansionArg_string":"\u0000{{$!=Infinity\u0000","ExpansionArg_type_2":0,"_bound":81}
* Error: SyntaxError: Expected "!=", "!==", "%", "&&", "*", "+", ",", "-", "/", "<", "<=", "<==", "==", "===", ">", ">=", ">==", "?", "|", "||", "}}" or [ \n\r\t] but "\x00" found.
*-- Replay with NO_COMPILE=1 expoSE replay '/home/pbai002/ExpoSE/lib/Harness/src/harness.js' '{"Switcher":false,"Target_Switch_Base":2,"ExpansionArg_type":3,"ExpansionArg_string":"\u0000{{$!=Infinity\u0000","ExpansionArg_type_2":0,"_bound":81}'
*-- Test Case {"Switcher":false,"Target_Switch_Base":2,"ExpansionArg_type":3,"ExpansionArg_string":"\u0000{{D||false","ExpansionArg_type_2":0,"_bound":74} start 485.3014 took 32.6827s
*-- Errors occured in test {"Switcher":false,"Target_Switch_Base":2,"ExpansionArg_type":3,"ExpansionArg_string":"\u0000{{D||false","ExpansionArg_type_2":0,"_bound":74}
* Error: SyntaxError: Expected "!=", "!==", "%", "&&", "*", "+", ",", "-", "/", "<", "<=", "<==", "==", "===", ">", ">=", ">==", "?", "|", "||", "}}" or [ \n\r\t] but end of input found.
*-- Replay with NO_COMPILE=1 expoSE replay '/home/pbai002/ExpoSE/lib/Harness/src/harness.js' '{"Switcher":false,"Target_Switch_Base":2,"ExpansionArg_type":3,"ExpansionArg_string":"\u0000{{D||false","ExpansionArg_type_2":0,"_bound":74}'
*-- Test Case {"Switcher":false,"Target_Switch_Base":2,"ExpansionArg_type":3,"ExpansionArg_string":"\u0000{{A||Infinity<==\u0000","ExpansionArg_type_2":0,"_bound":89} start 437.4395 took 85.0222s
*-- Errors occured in test {"Switcher":false,"Target_Switch_Base":2,"ExpansionArg_type":3,"ExpansionArg_string":"\u0000{{A||Infinity<==\u0000","ExpansionArg_type_2":0,"_bound":89}
* Error: SyntaxError: Expected "!", "(", "-", ".", "<~", "<~>", "Infinity", "NULL", "NaN", "^", "false", "null", "true", "undefined", "{", "~", "~>", [ \n\r\t], [0-9], [a-zA-Z_$0-9] or string but "\x00" found.
*-- Replay with NO_COMPILE=1 expoSE replay '/home/pbai002/ExpoSE/lib/Harness/src/harness.js' '{"Switcher":false,"Target_Switch_Base":2,"ExpansionArg_type":3,"ExpansionArg_string":"\u0000{{A||Infinity<==\u0000","ExpansionArg_type_2":0,"_bound":89}'
*-- Test Case {"Switcher":false,"Target_Switch_Base":2,"ExpansionArg_type":3,"ExpansionArg_string":"\u0000{{P<=Infinity\u0000","ExpansionArg_type_2":0,"_bound":85} start 481.6749 took 48.1004s
*-- Errors occured in test {"Switcher":false,"Target_Switch_Base":2,"ExpansionArg_type":3,"ExpansionArg_string":"\u0000{{P<=Infinity\u0000","ExpansionArg_type_2":0,"_bound":85}
* Error: SyntaxError: Expected "!=", "!==", "%", "&&", "*", "+", ",", "-", "/", "<", "<=", "<==", "==", "===", ">", ">=", ">==", "?", "|", "||", "}}" or [ \n\r\t] but "\x00" found.
*-- Replay with NO_COMPILE=1 expoSE replay '/home/pbai002/ExpoSE/lib/Harness/src/harness.js' '{"Switcher":false,"Target_Switch_Base":2,"ExpansionArg_type":3,"ExpansionArg_string":"\u0000{{P<=Infinity\u0000","ExpansionArg_type_2":0,"_bound":85}'
*-- Test Case {"Switcher":false,"Target_Switch_Base":2,"ExpansionArg_type":3,"ExpansionArg_string":"\u0000{{P!=NULL>=","ExpansionArg_type_2":0,"_bound":88} start 483.4736 took 50.1016s
*-- Errors occured in test {"Switcher":false,"Target_Switch_Base":2,"ExpansionArg_type":3,"ExpansionArg_string":"\u0000{{P!=NULL>=","ExpansionArg_type_2":0,"_bound":88}
* Error: SyntaxError: Expected "!", "(", "-", ".", "<~", "<~>", "Infinity", "NULL", "NaN", "^", "false", "null", "true", "undefined", "{", "~", "~>", [ \n\r\t], [0-9], [a-zA-Z_$0-9] or string but end of input found.
*-- Replay with NO_COMPILE=1 expoSE replay '/home/pbai002/ExpoSE/lib/Harness/src/harness.js' '{"Switcher":false,"Target_Switch_Base":2,"ExpansionArg_type":3,"ExpansionArg_string":"\u0000{{P!=NULL>=","ExpansionArg_type_2":0,"_bound":88}'
*-- Test Case {"Switcher":false,"Target_Switch_Base":2,"ExpansionArg_type":3,"ExpansionArg_string":"\u0000{{l\u0000","ExpansionArg_type_2":0,"_bound":213} start 518.337 took 19.8061s
*-- Errors occured in test {"Switcher":false,"Target_Switch_Base":2,"ExpansionArg_type":3,"ExpansionArg_string":"\u0000{{l\u0000","ExpansionArg_type_2":0,"_bound":213}
* Error: SyntaxError: Expected "!=", "!==", "%", "&&", "(", "()", "*", "+", ",", "-", ".", "/", ":", "<", "<=", "<==", "=", "==", "===", ">", ">=", ">==", "?", "|", "||", "}}", [ \n\r\t] or [a-zA-Z_$0-9] but "\x00" found.
*-- Replay with NO_COMPILE=1 expoSE replay '/home/pbai002/ExpoSE/lib/Harness/src/harness.js' '{"Switcher":false,"Target_Switch_Base":2,"ExpansionArg_type":3,"ExpansionArg_string":"\u0000{{l\u0000","ExpansionArg_type_2":0,"_bound":213}'
*-- Test Case {"Switcher":false,"Target_Switch_Base":2,"ExpansionArg_type":3,"ExpansionArg_string":"\u0000{{C!=NULL==\u0000\u0000\u0000\u0000","ExpansionArg_type_2":0,"_bound":84} start 471.5946 took 69.4914s
*-- Errors occured in test {"Switcher":false,"Target_Switch_Base":2,"ExpansionArg_type":3,"ExpansionArg_string":"\u0000{{C!=NULL==\u0000\u0000\u0000\u0000","ExpansionArg_type_2":0,"_bound":84}
* Error: SyntaxError: Expected "!", "(", "-", ".", "<~", "<~>", "Infinity", "NULL", "NaN", "^", "false", "null", "true", "undefined", "{", "~", "~>", [ \n\r\t], [0-9], [a-zA-Z_$0-9] or string but "\x00" found.
*-- Replay with NO_COMPILE=1 expoSE replay '/home/pbai002/ExpoSE/lib/Harness/src/harness.js' '{"Switcher":false,"Target_Switch_Base":2,"ExpansionArg_type":3,"ExpansionArg_string":"\u0000{{C!=NULL==\u0000\u0000\u0000\u0000","ExpansionArg_type_2":0,"_bound":84}'
*-- Test Case {"Switcher":false,"Target_Switch_Base":2,"ExpansionArg_type":3,"ExpansionArg_string":"\u0000{{a!=false>=\u0000","ExpansionArg_type_2":0,"_bound":85} start 470.8075 took 72.9435s
*-- Errors occured in test {"Switcher":false,"Target_Switch_Base":2,"ExpansionArg_type":3,"ExpansionArg_string":"\u0000{{a!=false>=\u0000","ExpansionArg_type_2":0,"_bound":85}
* Error: SyntaxError: Expected "!", "(", "-", ".", "<~", "<~>", "Infinity", "NULL", "NaN", "^", "false", "null", "true", "undefined", "{", "~", "~>", [ \n\r\t], [0-9], [a-zA-Z_$0-9] or string but "\x00" found.
*-- Replay with NO_COMPILE=1 expoSE replay '/home/pbai002/ExpoSE/lib/Harness/src/harness.js' '{"Switcher":false,"Target_Switch_Base":2,"ExpansionArg_type":3,"ExpansionArg_string":"\u0000{{a!=false>=\u0000","ExpansionArg_type_2":0,"_bound":85}'
*-- Test Case {"Switcher":false,"Target_Switch_Base":2,"ExpansionArg_type":3,"ExpansionArg_string":"\u0000{{S!=false===","ExpansionArg_type_2":0,"_bound":80} start 508.9748 took 46.9959s
*-- Errors occured in test {"Switcher":false,"Target_Switch_Base":2,"ExpansionArg_type":3,"ExpansionArg_string":"\u0000{{S!=false===","ExpansionArg_type_2":0,"_bound":80}
* Error: SyntaxError: Expected "!", "(", "-", ".", "<~", "<~>", "Infinity", "NULL", "NaN", "^", "false", "null", "true", "undefined", "{", "~", "~>", [ \n\r\t], [0-9], [a-zA-Z_$0-9] or string but end of input found.
*-- Replay with NO_COMPILE=1 expoSE replay '/home/pbai002/ExpoSE/lib/Harness/src/harness.js' '{"Switcher":false,"Target_Switch_Base":2,"ExpansionArg_type":3,"ExpansionArg_string":"\u0000{{S!=false===","ExpansionArg_type_2":0,"_bound":80}'
*-- Test Case {"Switcher":false,"Target_Switch_Base":2,"ExpansionArg_type":3,"ExpansionArg_string":"\u0000{{P!=NULL}}\u0000\u0000\u0000","ExpansionArg_type_2":0,"_bound":173} start 538.2202 took 20.3957s
*-- Errors occured in test {"Switcher":false,"Target_Switch_Base":2,"ExpansionArg_type":3,"ExpansionArg_string":"\u0000{{P!=NULL}}\u0000\u0000\u0000","ExpansionArg_type_2":0,"_bound":173}
* Error: SyntaxError: missing ) after argument list
*-- Replay with NO_COMPILE=1 expoSE replay '/home/pbai002/ExpoSE/lib/Harness/src/harness.js' '{"Switcher":false,"Target_Switch_Base":2,"ExpansionArg_type":3,"ExpansionArg_string":"\u0000{{P!=NULL}}\u0000\u0000\u0000","ExpansionArg_type_2":0,"_bound":173}'
*-- Test Case {"Switcher":false,"Target_Switch_Base":2,"ExpansionArg_type":3,"ExpansionArg_string":"\u0000{{h||NaN\u0000","ExpansionArg_type_2":0,"_bound":78} start 522.6314 took 38.9332s
*-- Errors occured in test {"Switcher":false,"Target_Switch_Base":2,"ExpansionArg_type":3,"ExpansionArg_string":"\u0000{{h||NaN\u0000","ExpansionArg_type_2":0,"_bound":78}
* Error: SyntaxError: Expected "!=", "!==", "%", "&&", "*", "+", ",", "-", "/", "<", "<=", "<==", "==", "===", ">", ">=", ">==", "?", "|", "||", "}}" or [ \n\r\t] but "\x00" found.
*-- Replay with NO_COMPILE=1 expoSE replay '/home/pbai002/ExpoSE/lib/Harness/src/harness.js' '{"Switcher":false,"Target_Switch_Base":2,"ExpansionArg_type":3,"ExpansionArg_string":"\u0000{{h||NaN\u0000","ExpansionArg_type_2":0,"_bound":78}'
*-- Test Case {"Switcher":false,"Target_Switch_Base":2,"ExpansionArg_type":3,"ExpansionArg_string":"\u0000{{_||Infinity>=\u0000","ExpansionArg_type_2":0,"_bound":88} start 497.3111 took 76.3166s
*-- Errors occured in test {"Switcher":false,"Target_Switch_Base":2,"ExpansionArg_type":3,"ExpansionArg_string":"\u0000{{_||Infinity>=\u0000","ExpansionArg_type_2":0,"_bound":88}
* Error: SyntaxError: Expected "!", "(", "-", ".", "<~", "<~>", "Infinity", "NULL", "NaN", "^", "false", "null", "true", "undefined", "{", "~", "~>", [ \n\r\t], [0-9], [a-zA-Z_$0-9] or string but "\x00" found.
*-- Replay with NO_COMPILE=1 expoSE replay '/home/pbai002/ExpoSE/lib/Harness/src/harness.js' '{"Switcher":false,"Target_Switch_Base":2,"ExpansionArg_type":3,"ExpansionArg_string":"\u0000{{_||Infinity>=\u0000","ExpansionArg_type_2":0,"_bound":88}'
*-- Test Case {"Switcher":false,"Target_Switch_Base":2,"ExpansionArg_type":3,"ExpansionArg_string":"\u0002{{D||undefined","ExpansionArg_type_2":0,"_bound":75} start 544.0188 took 31.6311s
*-- Errors occured in test {"Switcher":false,"Target_Switch_Base":2,"ExpansionArg_type":3,"ExpansionArg_string":"\u0002{{D||undefined","ExpansionArg_type_2":0,"_bound":75}
* Error: SyntaxError: Expected "!=", "!==", "%", "&&", "*", "+", ",", "-", "/", "<", "<=", "<==", "==", "===", ">", ">=", ">==", "?", "|", "||", "}}" or [ \n\r\t] but end of input found.
*-- Replay with NO_COMPILE=1 expoSE replay '/home/pbai002/ExpoSE/lib/Harness/src/harness.js' '{"Switcher":false,"Target_Switch_Base":2,"ExpansionArg_type":3,"ExpansionArg_string":"\u0002{{D||undefined","ExpansionArg_type_2":0,"_bound":75}'
*-- Test Case {"Switcher":false,"Target_Switch_Base":2,"ExpansionArg_type":3,"ExpansionArg_string":"\u0000{{b||Infinity&&\u0000","ExpansionArg_type_2":0,"_bound":81} start 492.8413 took 83.6553s
*-- Errors occured in test {"Switcher":false,"Target_Switch_Base":2,"ExpansionArg_type":3,"ExpansionArg_string":"\u0000{{b||Infinity&&\u0000","ExpansionArg_type_2":0,"_bound":81}
* Error: SyntaxError: Expected "!", "(", "-", ".", "<~", "<~>", "Infinity", "NULL", "NaN", "^", "false", "null", "true", "undefined", "{", "~", "~>", [ \n\r\t], [0-9], [a-zA-Z_$0-9] or string but "\x00" found.
*-- Replay with NO_COMPILE=1 expoSE replay '/home/pbai002/ExpoSE/lib/Harness/src/harness.js' '{"Switcher":false,"Target_Switch_Base":2,"ExpansionArg_type":3,"ExpansionArg_string":"\u0000{{b||Infinity&&\u0000","ExpansionArg_type_2":0,"_bound":81}'
*-- Test Case {"Switcher":false,"Target_Switch_Base":2,"ExpansionArg_type":3,"ExpansionArg_string":"\u0000{{h>=\u0000\u0000","ExpansionArg_type_2":0,"_bound":75} start 529.8596 took 56.7337s
*-- Errors occured in test {"Switcher":false,"Target_Switch_Base":2,"ExpansionArg_type":3,"ExpansionArg_string":"\u0000{{h>=\u0000\u0000","ExpansionArg_type_2":0,"_bound":75}
* Error: SyntaxError: Expected "!", "(", "-", ".", "<~", "<~>", "Infinity", "NULL", "NaN", "^", "false", "null", "true", "undefined", "{", "~", "~>", [ \n\r\t], [0-9], [a-zA-Z_$0-9] or string but "\x00" found.
*-- Replay with NO_COMPILE=1 expoSE replay '/home/pbai002/ExpoSE/lib/Harness/src/harness.js' '{"Switcher":false,"Target_Switch_Base":2,"ExpansionArg_type":3,"ExpansionArg_string":"\u0000{{h>=\u0000\u0000","ExpansionArg_type_2":0,"_bound":75}'
*-- Test Case {"Switcher":false,"Target_Switch_Base":2,"ExpansionArg_type":3,"ExpansionArg_string":"\u0000\u0000{{#<~\u0000","ExpansionArg_type_2":0,"_bound":29} start 561.859 took 50.7262s
*-- Errors occured in test {"Switcher":false,"Target_Switch_Base":2,"ExpansionArg_type":3,"ExpansionArg_string":"\u0000\u0000{{#<~\u0000","ExpansionArg_type_2":0,"_bound":29}
* Error: SyntaxError: Expected [ \n\r\t] or [a-zA-Z_$0-9] but "\x00" found.
*-- Replay with NO_COMPILE=1 expoSE replay '/home/pbai002/ExpoSE/lib/Harness/src/harness.js' '{"Switcher":false,"Target_Switch_Base":2,"ExpansionArg_type":3,"ExpansionArg_string":"\u0000\u0000{{#<~\u0000","ExpansionArg_type_2":0,"_bound":29}'
*-- Test Case {"Switcher":false,"Target_Switch_Base":2,"ExpansionArg_type":3,"ExpansionArg_string":"\u0000\u0000\u0000\u0000{{<~>\u0000","ExpansionArg_type_2":0,"_bound":32} start 576.5815 took 36.6241s
*-- Errors occured in test {"Switcher":false,"Target_Switch_Base":2,"ExpansionArg_type":3,"ExpansionArg_string":"\u0000\u0000\u0000\u0000{{<~>\u0000","ExpansionArg_type_2":0,"_bound":32}
* Error: SyntaxError: Expected [ \n\r\t] or [a-zA-Z_$0-9] but "\x00" found.
*-- Replay with NO_COMPILE=1 expoSE replay '/home/pbai002/ExpoSE/lib/Harness/src/harness.js' '{"Switcher":false,"Target_Switch_Base":2,"ExpansionArg_type":3,"ExpansionArg_string":"\u0000\u0000\u0000\u0000{{<~>\u0000","ExpansionArg_type_2":0,"_bound":32}'
*-- Test Case {"Switcher":false,"Target_Switch_Base":2,"ExpansionArg_type":3,"ExpansionArg_string":"\n{{\u0000","ExpansionArg_type_2":0,"_bound":186} start 612.7037 took 12.8236s
*-- Errors occured in test {"Switcher":false,"Target_Switch_Base":2,"ExpansionArg_type":3,"ExpansionArg_string":"\n{{\u0000","ExpansionArg_type_2":0,"_bound":186}
* Error: SyntaxError: Expected "!", "(", "-", ".", "<~", "<~>", "Infinity", "NULL", "NaN", "^", "false", "null", "true", "undefined", "{", "~", "~>", [ \n\r\t], [0-9], [a-zA-Z_$0-9] or string but "\x00" found.
*-- Replay with NO_COMPILE=1 expoSE replay '/home/pbai002/ExpoSE/lib/Harness/src/harness.js' '{"Switcher":false,"Target_Switch_Base":2,"ExpansionArg_type":3,"ExpansionArg_string":"\n{{\u0000","ExpansionArg_type_2":0,"_bound":186}'
*-- Test Case {"Switcher":false,"Target_Switch_Base":2,"ExpansionArg_type":3,"ExpansionArg_string":"\u0000{{p()}}","ExpansionArg_type_2":0,"_bound":785} start 613.2781 took 16.7363s
*-- Errors occured in test {"Switcher":false,"Target_Switch_Base":2,"ExpansionArg_type":3,"ExpansionArg_string":"\u0000{{p()}}","ExpansionArg_type_2":0,"_bound":785}
* Error: SyntaxError: missing ) after argument list
*-- Replay with NO_COMPILE=1 expoSE replay '/home/pbai002/ExpoSE/lib/Harness/src/harness.js' '{"Switcher":false,"Target_Switch_Base":2,"ExpansionArg_type":3,"ExpansionArg_string":"\u0000{{p()}}","ExpansionArg_type_2":0,"_bound":785}'
*-- Test Case {"Switcher":false,"Target_Switch_Base":2,"ExpansionArg_type":3,"ExpansionArg_string":"\u0000{{S!=false&&\u0000","ExpansionArg_type_2":0,"_bound":78} start 575.7941 took 63.7035s
*-- Errors occured in test {"Switcher":false,"Target_Switch_Base":2,"ExpansionArg_type":3,"ExpansionArg_string":"\u0000{{S!=false&&\u0000","ExpansionArg_type_2":0,"_bound":78}
* Error: SyntaxError: Expected "!", "(", "-", ".", "<~", "<~>", "Infinity", "NULL", "NaN", "^", "false", "null", "true", "undefined", "{", "~", "~>", [ \n\r\t], [0-9], [a-zA-Z_$0-9] or string but "\x00" found.
*-- Replay with NO_COMPILE=1 expoSE replay '/home/pbai002/ExpoSE/lib/Harness/src/harness.js' '{"Switcher":false,"Target_Switch_Base":2,"ExpansionArg_type":3,"ExpansionArg_string":"\u0000{{S!=false&&\u0000","ExpansionArg_type_2":0,"_bound":78}'
*-- Test Case {"Switcher":false,"Target_Switch_Base":2,"ExpansionArg_type":3,"ExpansionArg_string":"\u0000{{b||NULL>==","ExpansionArg_type_2":0,"_bound":85} start 586.7078 took 53.019s
*-- Errors occured in test {"Switcher":false,"Target_Switch_Base":2,"ExpansionArg_type":3,"ExpansionArg_string":"\u0000{{b||NULL>==","ExpansionArg_type_2":0,"_bound":85}
* Error: SyntaxError: Expected "!", "(", "-", ".", "<~", "<~>", "Infinity", "NULL", "NaN", "^", "false", "null", "true", "undefined", "{", "~", "~>", [ \n\r\t], [0-9], [a-zA-Z_$0-9] or string but end of input found.
*-- Replay with NO_COMPILE=1 expoSE replay '/home/pbai002/ExpoSE/lib/Harness/src/harness.js' '{"Switcher":false,"Target_Switch_Base":2,"ExpansionArg_type":3,"ExpansionArg_string":"\u0000{{b||NULL>==","ExpansionArg_type_2":0,"_bound":85}'
*-- Test Case {"Switcher":false,"Target_Switch_Base":2,"ExpansionArg_type":3,"ExpansionArg_string":"","ExpansionArg_type_2":3,"ExpansionArg_string_2":"","_bound":16} start 640.0847 took 10.8178s
*-- Errors occured in test {"Switcher":false,"Target_Switch_Base":2,"ExpansionArg_type":3,"ExpansionArg_string":"","ExpansionArg_type_2":3,"ExpansionArg_string_2":"","_bound":16}
* Error: ReferenceError: require is not defined
*-- Replay with NO_COMPILE=1 expoSE replay '/home/pbai002/ExpoSE/lib/Harness/src/harness.js' '{"Switcher":false,"Target_Switch_Base":2,"ExpansionArg_type":3,"ExpansionArg_string":"","ExpansionArg_type_2":3,"ExpansionArg_string_2":"","_bound":16}'
*-- Test Case {"Switcher":false,"Target_Switch_Base":2,"ExpansionArg_type":3,"ExpansionArg_string":"\u0000{{H!==0","ExpansionArg_type_2":0,"_bound":82} start 335.9232 took 317.7691s
*-- Errors occured in test {"Switcher":false,"Target_Switch_Base":2,"ExpansionArg_type":3,"ExpansionArg_string":"\u0000{{H!==0","ExpansionArg_type_2":0,"_bound":82}
* Error: Exception E: SyntaxError: Unexpected end of JSON input of test data on 
* Error: Exception E: SyntaxError: Unexpected end of JSON input of coverage data on 
* Error: Error extracting final output - a fatal error must have occured
*-- Replay with NO_COMPILE=1 expoSE replay '/home/pbai002/ExpoSE/lib/Harness/src/harness.js' '{"Switcher":false,"Target_Switch_Base":2,"ExpansionArg_type":3,"ExpansionArg_string":"\u0000{{H!==0","ExpansionArg_type_2":0,"_bound":82}'
*-- Test Case {"Switcher":false,"Target_Switch_Base":2,"ExpansionArg_type":3,"ExpansionArg_string":"\u0000{{a!=false>==","ExpansionArg_type_2":0,"_bound":84} start 335.4464 took 321.1698s
*-- Errors occured in test {"Switcher":false,"Target_Switch_Base":2,"ExpansionArg_type":3,"ExpansionArg_string":"\u0000{{a!=false>==","ExpansionArg_type_2":0,"_bound":84}
* Error: Exception E: SyntaxError: Unexpected end of JSON input of test data on 
* Error: Exception E: SyntaxError: Unexpected end of JSON input of coverage data on 
* Error: Error extracting final output - a fatal error must have occured
*-- Replay with NO_COMPILE=1 expoSE replay '/home/pbai002/ExpoSE/lib/Harness/src/harness.js' '{"Switcher":false,"Target_Switch_Base":2,"ExpansionArg_type":3,"ExpansionArg_string":"\u0000{{a!=false>==","ExpansionArg_type_2":0,"_bound":84}'
*-- Test Case {"Switcher":false,"Target_Switch_Base":2,"ExpansionArg_type":3,"ExpansionArg_string":"\u0000{{T!==Infinity\u0000\u0000","ExpansionArg_type_2":0,"_bound":80} start 625.6327 took 42.1917s
*-- Errors occured in test {"Switcher":false,"Target_Switch_Base":2,"ExpansionArg_type":3,"ExpansionArg_string":"\u0000{{T!==Infinity\u0000\u0000","ExpansionArg_type_2":0,"_bound":80}
* Error: SyntaxError: Expected "!=", "!==", "%", "&&", "*", "+", ",", "-", "/", "<", "<=", "<==", "==", "===", ">", ">=", ">==", "?", "|", "||", "}}" or [ \n\r\t] but "\x00" found.
*-- Replay with NO_COMPILE=1 expoSE replay '/home/pbai002/ExpoSE/lib/Harness/src/harness.js' '{"Switcher":false,"Target_Switch_Base":2,"ExpansionArg_type":3,"ExpansionArg_string":"\u0000{{T!==Infinity\u0000\u0000","ExpansionArg_type_2":0,"_bound":80}'
*-- Test Case {"Switcher":false,"Target_Switch_Base":2,"ExpansionArg_type":3,"ExpansionArg_string":"\u0000\u0000\r\u0000{{\u0000\u0000\u0000\u0000\u0000\u0000\u0000\u0000\u0000","ExpansionArg_type_2":0,"_bound":201} start 651.1355 took 21.3565s
*-- Errors occured in test {"Switcher":false,"Target_Switch_Base":2,"ExpansionArg_type":3,"ExpansionArg_string":"\u0000\u0000\r\u0000{{\u0000\u0000\u0000\u0000\u0000\u0000\u0000\u0000\u0000","ExpansionArg_type_2":0,"_bound":201}
* Error: SyntaxError: Expected "!", "(", "-", ".", "<~", "<~>", "Infinity", "NULL", "NaN", "^", "false", "null", "true", "undefined", "{", "~", "~>", [ \n\r\t], [0-9], [a-zA-Z_$0-9] or string but "\x00" found.
*-- Replay with NO_COMPILE=1 expoSE replay '/home/pbai002/ExpoSE/lib/Harness/src/harness.js' '{"Switcher":false,"Target_Switch_Base":2,"ExpansionArg_type":3,"ExpansionArg_string":"\u0000\u0000\r\u0000{{\u0000\u0000\u0000\u0000\u0000\u0000\u0000\u0000\u0000","ExpansionArg_type_2":0,"_bound":201}'
*-- Test Case {"Switcher":false,"Target_Switch_Base":2,"ExpansionArg_type":3,"ExpansionArg_string":"\u0000{{p()<==","ExpansionArg_type_2":0,"_bound":223} start 533.6842 took 157.9512s
*-- Errors occured in test {"Switcher":false,"Target_Switch_Base":2,"ExpansionArg_type":3,"ExpansionArg_string":"\u0000{{p()<==","ExpansionArg_type_2":0,"_bound":223}
* Error: SyntaxError: Expected "!", "(", "-", ".", "<~", "<~>", "Infinity", "NULL", "NaN", "^", "false", "null", "true", "undefined", "{", "~", "~>", [ \n\r\t], [0-9], [a-zA-Z_$0-9] or string but end of input found.
*-- Replay with NO_COMPILE=1 expoSE replay '/home/pbai002/ExpoSE/lib/Harness/src/harness.js' '{"Switcher":false,"Target_Switch_Base":2,"ExpansionArg_type":3,"ExpansionArg_string":"\u0000{{p()<==","ExpansionArg_type_2":0,"_bound":223}'
*-- Test Case {"Switcher":false,"Target_Switch_Base":2,"ExpansionArg_type":3,"ExpansionArg_string":"\u0000\u0000{{\r\u0000\u0000\u0000\u0000\u0000\u0000\u0000\u0000","ExpansionArg_type_2":0,"_bound":233} start 691.7062 took 10.9692s
*-- Errors occured in test {"Switcher":false,"Target_Switch_Base":2,"ExpansionArg_type":3,"ExpansionArg_string":"\u0000\u0000{{\r\u0000\u0000\u0000\u0000\u0000\u0000\u0000\u0000","ExpansionArg_type_2":0,"_bound":233}
* Error: SyntaxError: Expected "!", "(", "-", ".", "<~", "<~>", "Infinity", "NULL", "NaN", "^", "false", "null", "true", "undefined", "{", "~", "~>", [ \n\r\t], [0-9], [a-zA-Z_$0-9] or string but "\x00" found.
*-- Replay with NO_COMPILE=1 expoSE replay '/home/pbai002/ExpoSE/lib/Harness/src/harness.js' '{"Switcher":false,"Target_Switch_Base":2,"ExpansionArg_type":3,"ExpansionArg_string":"\u0000\u0000{{\r\u0000\u0000\u0000\u0000\u0000\u0000\u0000\u0000","ExpansionArg_type_2":0,"_bound":233}'
*-- Test Case {"Switcher":false,"Target_Switch_Base":2,"ExpansionArg_type":3,"ExpansionArg_string":"\u0002{{S\u0000","ExpansionArg_type_2":0,"_bound":71} start 385.1456 took 323.5504s
*-- Errors occured in test {"Switcher":false,"Target_Switch_Base":2,"ExpansionArg_type":3,"ExpansionArg_string":"\u0002{{S\u0000","ExpansionArg_type_2":0,"_bound":71}
* Error: SyntaxError: Expected "!=", "!==", "%", "&&", "(", "()", "*", "+", ",", "-", ".", "/", ":", "<", "<=", "<==", "=", "==", "===", ">", ">=", ">==", "?", "|", "||", "}}", [ \n\r\t] or [a-zA-Z_$0-9] but "\x00" found.
*-- Replay with NO_COMPILE=1 expoSE replay '/home/pbai002/ExpoSE/lib/Harness/src/harness.js' '{"Switcher":false,"Target_Switch_Base":2,"ExpansionArg_type":3,"ExpansionArg_string":"\u0002{{S\u0000","ExpansionArg_type_2":0,"_bound":71}'
*-- Test Case {"Switcher":false,"Target_Switch_Base":2,"ExpansionArg_type":3,"ExpansionArg_string":"\u0000{{P!=NULL<=\u0000\u0000\u0000","ExpansionArg_type_2":0,"_bound":90} start 656.7628 took 62.9042s
*-- Errors occured in test {"Switcher":false,"Target_Switch_Base":2,"ExpansionArg_type":3,"ExpansionArg_string":"\u0000{{P!=NULL<=\u0000\u0000\u0000","ExpansionArg_type_2":0,"_bound":90}
* Error: SyntaxError: Expected "!", "(", "-", ".", "<~", "<~>", "Infinity", "NULL", "NaN", "^", "false", "null", "true", "undefined", "{", "~", "~>", [ \n\r\t], [0-9], [a-zA-Z_$0-9] or string but "\x00" found.
*-- Replay with NO_COMPILE=1 expoSE replay '/home/pbai002/ExpoSE/lib/Harness/src/harness.js' '{"Switcher":false,"Target_Switch_Base":2,"ExpansionArg_type":3,"ExpansionArg_string":"\u0000{{P!=NULL<=\u0000\u0000\u0000","ExpansionArg_type_2":0,"_bound":90}'
*-- Test Case {"Switcher":false,"Target_Switch_Base":2,"ExpansionArg_type":3,"ExpansionArg_string":"\u0000{{H||NULL>=","ExpansionArg_type_2":0,"_bound":86} start 672.6185 took 50.4413s
*-- Errors occured in test {"Switcher":false,"Target_Switch_Base":2,"ExpansionArg_type":3,"ExpansionArg_string":"\u0000{{H||NULL>=","ExpansionArg_type_2":0,"_bound":86}
* Error: SyntaxError: Expected "!", "(", "-", ".", "<~", "<~>", "Infinity", "NULL", "NaN", "^", "false", "null", "true", "undefined", "{", "~", "~>", [ \n\r\t], [0-9], [a-zA-Z_$0-9] or string but end of input found.
*-- Replay with NO_COMPILE=1 expoSE replay '/home/pbai002/ExpoSE/lib/Harness/src/harness.js' '{"Switcher":false,"Target_Switch_Base":2,"ExpansionArg_type":3,"ExpansionArg_string":"\u0000{{H||NULL>=","ExpansionArg_type_2":0,"_bound":86}'
*-- Test Case {"Switcher":false,"Target_Switch_Base":2,"ExpansionArg_type":3,"ExpansionArg_string":"\u0000{{S!==false","ExpansionArg_type_2":0,"_bound":75} start 702.7335 took 29.4808s
*-- Errors occured in test {"Switcher":false,"Target_Switch_Base":2,"ExpansionArg_type":3,"ExpansionArg_string":"\u0000{{S!==false","ExpansionArg_type_2":0,"_bound":75}
* Error: SyntaxError: Expected "!=", "!==", "%", "&&", "*", "+", ",", "-", "/", "<", "<=", "<==", "==", "===", ">", ">=", ">==", "?", "|", "||", "}}" or [ \n\r\t] but end of input found.
*-- Replay with NO_COMPILE=1 expoSE replay '/home/pbai002/ExpoSE/lib/Harness/src/harness.js' '{"Switcher":false,"Target_Switch_Base":2,"ExpansionArg_type":3,"ExpansionArg_string":"\u0000{{S!==false","ExpansionArg_type_2":0,"_bound":75}'
*-- Test Case {"Switcher":false,"Target_Switch_Base":2,"ExpansionArg_type":3,"ExpansionArg_string":"","ExpansionArg_type_2":3,"ExpansionArg_string_2":"","_bound":19} start 723.1537 took 10.9413s
*-- Errors occured in test {"Switcher":false,"Target_Switch_Base":2,"ExpansionArg_type":3,"ExpansionArg_string":"","ExpansionArg_type_2":3,"ExpansionArg_string_2":"","_bound":19}
* Error: ReferenceError: require is not defined
*-- Replay with NO_COMPILE=1 expoSE replay '/home/pbai002/ExpoSE/lib/Harness/src/harness.js' '{"Switcher":false,"Target_Switch_Base":2,"ExpansionArg_type":3,"ExpansionArg_string":"","ExpansionArg_type_2":3,"ExpansionArg_string_2":"","_bound":19}'
*-- Test Case {"Switcher":false,"Target_Switch_Base":2,"ExpansionArg_type":3,"ExpansionArg_string":"\u0000{{B!=NULL===\u0000\u0000\u0000\u0000","ExpansionArg_type_2":0,"_bound":83} start 667.9423 took 71.1708s
*-- Errors occured in test {"Switcher":false,"Target_Switch_Base":2,"ExpansionArg_type":3,"ExpansionArg_string":"\u0000{{B!=NULL===\u0000\u0000\u0000\u0000","ExpansionArg_type_2":0,"_bound":83}
* Error: SyntaxError: Expected "!", "(", "-", ".", "<~", "<~>", "Infinity", "NULL", "NaN", "^", "false", "null", "true", "undefined", "{", "~", "~>", [ \n\r\t], [0-9], [a-zA-Z_$0-9] or string but "\x00" found.
*-- Replay with NO_COMPILE=1 expoSE replay '/home/pbai002/ExpoSE/lib/Harness/src/harness.js' '{"Switcher":false,"Target_Switch_Base":2,"ExpansionArg_type":3,"ExpansionArg_string":"\u0000{{B!=NULL===\u0000\u0000\u0000\u0000","ExpansionArg_type_2":0,"_bound":83}'
*-- Test Case {"Switcher":false,"Target_Switch_Base":2,"ExpansionArg_type":3,"ExpansionArg_string":"\u0000{{","ExpansionArg_type_2":0,"_bound":198} start 732.3057 took 10.5371s
*-- Errors occured in test {"Switcher":false,"Target_Switch_Base":2,"ExpansionArg_type":3,"ExpansionArg_string":"\u0000{{","ExpansionArg_type_2":0,"_bound":198}
* Error: SyntaxError: Expected "!", "(", "-", ".", "<~", "<~>", "Infinity", "NULL", "NaN", "^", "false", "null", "true", "undefined", "{", "~", "~>", [ \n\r\t], [0-9], [a-zA-Z_$0-9] or string but end of input found.
*-- Replay with NO_COMPILE=1 expoSE replay '/home/pbai002/ExpoSE/lib/Harness/src/harness.js' '{"Switcher":false,"Target_Switch_Base":2,"ExpansionArg_type":3,"ExpansionArg_string":"\u0000{{","ExpansionArg_type_2":0,"_bound":198}'
*-- Test Case {"Switcher":false,"Target_Switch_Base":2,"ExpansionArg_type":3,"ExpansionArg_string":"\u0000\u0000\u0000\u0000\u0000\u0000\u0000{{~>","ExpansionArg_type_2":0,"_bound":37} start 708.7558 took 34.4859s
*-- Errors occured in test {"Switcher":false,"Target_Switch_Base":2,"ExpansionArg_type":3,"ExpansionArg_string":"\u0000\u0000\u0000\u0000\u0000\u0000\u0000{{~>","ExpansionArg_type_2":0,"_bound":37}
* Error: SyntaxError: Expected [ \n\r\t] or [a-zA-Z_$0-9] but end of input found.
*-- Replay with NO_COMPILE=1 expoSE replay '/home/pbai002/ExpoSE/lib/Harness/src/harness.js' '{"Switcher":false,"Target_Switch_Base":2,"ExpansionArg_type":3,"ExpansionArg_string":"\u0000\u0000\u0000\u0000\u0000\u0000\u0000{{~>","ExpansionArg_type_2":0,"_bound":37}'
*-- Test Case {"Switcher":false,"Target_Switch_Base":2,"ExpansionArg_type":3,"ExpansionArg_string":"\u0000\u0000\n\u0000{{\u0000\u0000\u0000\u0000\u0000\u0000\u0000\u0000\u0000","ExpansionArg_type_2":0,"_bound":200} start 734.1721 took 19.0258s
*-- Errors occured in test {"Switcher":false,"Target_Switch_Base":2,"ExpansionArg_type":3,"ExpansionArg_string":"\u0000\u0000\n\u0000{{\u0000\u0000\u0000\u0000\u0000\u0000\u0000\u0000\u0000","ExpansionArg_type_2":0,"_bound":200}
* Error: SyntaxError: Expected "!", "(", "-", ".", "<~", "<~>", "Infinity", "NULL", "NaN", "^", "false", "null", "true", "undefined", "{", "~", "~>", [ \n\r\t], [0-9], [a-zA-Z_$0-9] or string but "\x00" found.
*-- Replay with NO_COMPILE=1 expoSE replay '/home/pbai002/ExpoSE/lib/Harness/src/harness.js' '{"Switcher":false,"Target_Switch_Base":2,"ExpansionArg_type":3,"ExpansionArg_string":"\u0000\u0000\n\u0000{{\u0000\u0000\u0000\u0000\u0000\u0000\u0000\u0000\u0000","ExpansionArg_type_2":0,"_bound":200}'
*-- Test Case {"Switcher":false,"Target_Switch_Base":2,"ExpansionArg_type":3,"ExpansionArg_string":"","ExpansionArg_type_2":1,"_bound":17} start 743.3262 took 10.2613s
*-- Errors occured in test {"Switcher":false,"Target_Switch_Base":2,"ExpansionArg_type":3,"ExpansionArg_string":"","ExpansionArg_type_2":1,"_bound":17}
* Error: ReferenceError: require is not defined
*-- Replay with NO_COMPILE=1 expoSE replay '/home/pbai002/ExpoSE/lib/Harness/src/harness.js' '{"Switcher":false,"Target_Switch_Base":2,"ExpansionArg_type":3,"ExpansionArg_string":"","ExpansionArg_type_2":1,"_bound":17}'
*-- Test Case {"Switcher":false,"Target_Switch_Base":2,"ExpansionArg_type":3,"ExpansionArg_string":"","ExpansionArg_type_2":1,"_bound":14} start 753.4934 took 9.9656s
*-- Errors occured in test {"Switcher":false,"Target_Switch_Base":2,"ExpansionArg_type":3,"ExpansionArg_string":"","ExpansionArg_type_2":1,"_bound":14}
* Error: ReferenceError: require is not defined
*-- Replay with NO_COMPILE=1 expoSE replay '/home/pbai002/ExpoSE/lib/Harness/src/harness.js' '{"Switcher":false,"Target_Switch_Base":2,"ExpansionArg_type":3,"ExpansionArg_string":"","ExpansionArg_type_2":1,"_bound":14}'
*-- Test Case {"Switcher":false,"Target_Switch_Base":2,"ExpansionArg_type":3,"ExpansionArg_string":"\u0000{{v&&false\u0000\u0000","ExpansionArg_type_2":0,"_bound":71} start 739.1829 took 37.4757s
*-- Errors occured in test {"Switcher":false,"Target_Switch_Base":2,"ExpansionArg_type":3,"ExpansionArg_string":"\u0000{{v&&false\u0000\u0000","ExpansionArg_type_2":0,"_bound":71}
* Error: SyntaxError: Expected "!=", "!==", "%", "&&", "*", "+", ",", "-", "/", "<", "<=", "<==", "==", "===", ">", ">=", ">==", "?", "|", "||", "}}" or [ \n\r\t] but "\x00" found.
*-- Replay with NO_COMPILE=1 expoSE replay '/home/pbai002/ExpoSE/lib/Harness/src/harness.js' '{"Switcher":false,"Target_Switch_Base":2,"ExpansionArg_type":3,"ExpansionArg_string":"\u0000{{v&&false\u0000\u0000","ExpansionArg_type_2":0,"_bound":71}'
*-- Test Case {"Switcher":false,"Target_Switch_Base":2,"ExpansionArg_type":3,"ExpansionArg_string":"\u0000\u0000{{\b","ExpansionArg_type_2":0,"_bound":217} start 763.5406 took 16.2618s
*-- Errors occured in test {"Switcher":false,"Target_Switch_Base":2,"ExpansionArg_type":3,"ExpansionArg_string":"\u0000\u0000{{\b","ExpansionArg_type_2":0,"_bound":217}
* Error: SyntaxError: Expected "!", "(", "-", ".", "<~", "<~>", "Infinity", "NULL", "NaN", "^", "false", "null", "true", "undefined", "{", "~", "~>", [ \n\r\t], [0-9], [a-zA-Z_$0-9] or string but "\b" found.
*-- Replay with NO_COMPILE=1 expoSE replay '/home/pbai002/ExpoSE/lib/Harness/src/harness.js' '{"Switcher":false,"Target_Switch_Base":2,"ExpansionArg_type":3,"ExpansionArg_string":"\u0000\u0000{{\b","ExpansionArg_type_2":0,"_bound":217}'
*-- Test Case {"Switcher":false,"Target_Switch_Base":2,"ExpansionArg_type":3,"ExpansionArg_string":"\u0000{{b||NULL==\u0000\u0000\u0000\u0000\u0000\u0000","ExpansionArg_type_2":0,"_bound":82} start 720.1782 took 63.1225s
*-- Errors occured in test {"Switcher":false,"Target_Switch_Base":2,"ExpansionArg_type":3,"ExpansionArg_string":"\u0000{{b||NULL==\u0000\u0000\u0000\u0000\u0000\u0000","ExpansionArg_type_2":0,"_bound":82}
* Error: SyntaxError: Expected "!", "(", "-", ".", "<~", "<~>", "Infinity", "NULL", "NaN", "^", "false", "null", "true", "undefined", "{", "~", "~>", [ \n\r\t], [0-9], [a-zA-Z_$0-9] or string but "\x00" found.
*-- Replay with NO_COMPILE=1 expoSE replay '/home/pbai002/ExpoSE/lib/Harness/src/harness.js' '{"Switcher":false,"Target_Switch_Base":2,"ExpansionArg_type":3,"ExpansionArg_string":"\u0000{{b||NULL==\u0000\u0000\u0000\u0000\u0000\u0000","ExpansionArg_type_2":0,"_bound":82}'
*-- Test Case {"Switcher":false,"Target_Switch_Base":2,"ExpansionArg_type":3,"ExpansionArg_string":"\u0002{{_||0\u0000\u0000\u0000\u0000\u0000\u0000\u0000\u0000","ExpansionArg_type_2":0,"_bound":81} start 461.2626 took 327.5471s
*-- Errors occured in test {"Switcher":false,"Target_Switch_Base":2,"ExpansionArg_type":3,"ExpansionArg_string":"\u0002{{_||0\u0000\u0000\u0000\u0000\u0000\u0000\u0000\u0000","ExpansionArg_type_2":0,"_bound":81}
* Error: SyntaxError: Expected "!=", "!==", "%", "&&", "(", "()", "*", "+", ",", "-", ".", "/", "<", "<=", "<==", "==", "===", ">", ">=", ">==", "?", "|", "||", "}}", [ \n\r\t] or [0-9] but "\x00" found.
*-- Replay with NO_COMPILE=1 expoSE replay '/home/pbai002/ExpoSE/lib/Harness/src/harness.js' '{"Switcher":false,"Target_Switch_Base":2,"ExpansionArg_type":3,"ExpansionArg_string":"\u0002{{_||0\u0000\u0000\u0000\u0000\u0000\u0000\u0000\u0000","ExpansionArg_type_2":0,"_bound":81}'
*-- Test Case {"Switcher":false,"Target_Switch_Base":2,"ExpansionArg_type":3,"ExpansionArg_string":"\u0000{{K||NULL||","ExpansionArg_type_2":0,"_bound":80} start 742.9557 took 51.7673s
*-- Errors occured in test {"Switcher":false,"Target_Switch_Base":2,"ExpansionArg_type":3,"ExpansionArg_string":"\u0000{{K||NULL||","ExpansionArg_type_2":0,"_bound":80}
* Error: SyntaxError: Expected "!", "(", "-", ".", "<~", "<~>", "Infinity", "NULL", "NaN", "^", "false", "null", "true", "undefined", "{", "~", "~>", [ \n\r\t], [0-9], [a-zA-Z_$0-9] or string but end of input found.
*-- Replay with NO_COMPILE=1 expoSE replay '/home/pbai002/ExpoSE/lib/Harness/src/harness.js' '{"Switcher":false,"Target_Switch_Base":2,"ExpansionArg_type":3,"ExpansionArg_string":"\u0000{{K||NULL||","ExpansionArg_type_2":0,"_bound":80}'
*-- Test Case {"Switcher":false,"Target_Switch_Base":2,"ExpansionArg_type":3,"ExpansionArg_string":"\u0000{{p()<=","ExpansionArg_type_2":0,"_bound":224} start 639.5757 took 159.3961s
*-- Errors occured in test {"Switcher":false,"Target_Switch_Base":2,"ExpansionArg_type":3,"ExpansionArg_string":"\u0000{{p()<=","ExpansionArg_type_2":0,"_bound":224}
* Error: SyntaxError: Expected "!", "(", "-", ".", "<~", "<~>", "Infinity", "NULL", "NaN", "^", "false", "null", "true", "undefined", "{", "~", "~>", [ \n\r\t], [0-9], [a-zA-Z_$0-9] or string but end of input found.
*-- Replay with NO_COMPILE=1 expoSE replay '/home/pbai002/ExpoSE/lib/Harness/src/harness.js' '{"Switcher":false,"Target_Switch_Base":2,"ExpansionArg_type":3,"ExpansionArg_string":"\u0000{{p()<=","ExpansionArg_type_2":0,"_bound":224}'
*-- Test Case {"Switcher":false,"Target_Switch_Base":2,"ExpansionArg_type":3,"ExpansionArg_string":"\u0000{{3\u0000","ExpansionArg_type_2":0,"_bound":26} start 490.0654 took 312.3874s
*-- Errors occured in test {"Switcher":false,"Target_Switch_Base":2,"ExpansionArg_type":3,"ExpansionArg_string":"\u0000{{3\u0000","ExpansionArg_type_2":0,"_bound":26}
* Error: Exception E: SyntaxError: Unexpected end of JSON input of test data on 
* Error: Exception E: SyntaxError: Unexpected end of JSON input of coverage data on 
* Error: Error extracting final output - a fatal error must have occured
*-- Replay with NO_COMPILE=1 expoSE replay '/home/pbai002/ExpoSE/lib/Harness/src/harness.js' '{"Switcher":false,"Target_Switch_Base":2,"ExpansionArg_type":3,"ExpansionArg_string":"\u0000{{3\u0000","ExpansionArg_type_2":0,"_bound":26}'
*-- Test Case {"Switcher":false,"Target_Switch_Base":2,"ExpansionArg_type":3,"ExpansionArg_string":"\u0000{{h()>==\u0000\u0000\u0000\u0000\u0000","ExpansionArg_type_2":0,"_bound":221} start 630.518 took 176.8778s
*-- Errors occured in test {"Switcher":false,"Target_Switch_Base":2,"ExpansionArg_type":3,"ExpansionArg_string":"\u0000{{h()>==\u0000\u0000\u0000\u0000\u0000","ExpansionArg_type_2":0,"_bound":221}
* Error: SyntaxError: Expected "!", "(", "-", ".", "<~", "<~>", "Infinity", "NULL", "NaN", "^", "false", "null", "true", "undefined", "{", "~", "~>", [ \n\r\t], [0-9], [a-zA-Z_$0-9] or string but "\x00" found.
*-- Replay with NO_COMPILE=1 expoSE replay '/home/pbai002/ExpoSE/lib/Harness/src/harness.js' '{"Switcher":false,"Target_Switch_Base":2,"ExpansionArg_type":3,"ExpansionArg_string":"\u0000{{h()>==\u0000\u0000\u0000\u0000\u0000","ExpansionArg_type_2":0,"_bound":221}'
*-- Test Case {"Switcher":false,"Target_Switch_Base":2,"ExpansionArg_type":3,"ExpansionArg_string":"\u0000{{P!=NULL<==\u0000\u0000\u0000\u0000","ExpansionArg_type_2":0,"_bound":89} start 753.6962 took 64.8753s
*-- Errors occured in test {"Switcher":false,"Target_Switch_Base":2,"ExpansionArg_type":3,"ExpansionArg_string":"\u0000{{P!=NULL<==\u0000\u0000\u0000\u0000","ExpansionArg_type_2":0,"_bound":89}
* Error: SyntaxError: Expected "!", "(", "-", ".", "<~", "<~>", "Infinity", "NULL", "NaN", "^", "false", "null", "true", "undefined", "{", "~", "~>", [ \n\r\t], [0-9], [a-zA-Z_$0-9] or string but "\x00" found.
*-- Replay with NO_COMPILE=1 expoSE replay '/home/pbai002/ExpoSE/lib/Harness/src/harness.js' '{"Switcher":false,"Target_Switch_Base":2,"ExpansionArg_type":3,"ExpansionArg_string":"\u0000{{P!=NULL<==\u0000\u0000\u0000\u0000","ExpansionArg_type_2":0,"_bound":89}'
*-- Test Case {"Switcher":false,"Target_Switch_Base":2,"ExpansionArg_type":3,"ExpansionArg_string":"\u0000{{a!=false!==","ExpansionArg_type_2":0,"_bound":82} start 777.1755 took 48.6391s
*-- Errors occured in test {"Switcher":false,"Target_Switch_Base":2,"ExpansionArg_type":3,"ExpansionArg_string":"\u0000{{a!=false!==","ExpansionArg_type_2":0,"_bound":82}
* Error: SyntaxError: Expected "!", "(", "-", ".", "<~", "<~>", "Infinity", "NULL", "NaN", "^", "false", "null", "true", "undefined", "{", "~", "~>", [ \n\r\t], [0-9], [a-zA-Z_$0-9] or string but end of input found.
*-- Replay with NO_COMPILE=1 expoSE replay '/home/pbai002/ExpoSE/lib/Harness/src/harness.js' '{"Switcher":false,"Target_Switch_Base":2,"ExpansionArg_type":3,"ExpansionArg_string":"\u0000{{a!=false!==","ExpansionArg_type_2":0,"_bound":82}'
*-- Test Case {"Switcher":false,"Target_Switch_Base":2,"ExpansionArg_type":3,"ExpansionArg_string":"\u0000\u0000{{\\\\","ExpansionArg_type_2":0,"_bound":209} start 83.0532 took 750.9212s
*-- Errors occured in test {"Switcher":false,"Target_Switch_Base":2,"ExpansionArg_type":3,"ExpansionArg_string":"\u0000\u0000{{\\\\","ExpansionArg_type_2":0,"_bound":209}
* Error: Exception E: SyntaxError: Unexpected end of JSON input of test data on 
* Error: Exception E: SyntaxError: Unexpected end of JSON input of coverage data on 
* Error: Error extracting final output - a fatal error must have occured
*-- Replay with NO_COMPILE=1 expoSE replay '/home/pbai002/ExpoSE/lib/Harness/src/harness.js' '{"Switcher":false,"Target_Switch_Base":2,"ExpansionArg_type":3,"ExpansionArg_string":"\u0000\u0000{{\\\\","ExpansionArg_type_2":0,"_bound":209}'
*-- Test Case {"Switcher":false,"Target_Switch_Base":2,"ExpansionArg_type":3,"ExpansionArg_string":"\u0000{{H||Infinity==undefined","ExpansionArg_type_2":0,"_bound":88} start 795.0322 took 40.765s
*-- Errors occured in test {"Switcher":false,"Target_Switch_Base":2,"ExpansionArg_type":3,"ExpansionArg_string":"\u0000{{H||Infinity==undefined","ExpansionArg_type_2":0,"_bound":88}
* Error: SyntaxError: Expected "!=", "!==", "%", "&&", "*", "+", ",", "-", "/", "<", "<=", "<==", "==", "===", ">", ">=", ">==", "?", "|", "||", "}}" or [ \n\r\t] but end of input found.
*-- Replay with NO_COMPILE=1 expoSE replay '/home/pbai002/ExpoSE/lib/Harness/src/harness.js' '{"Switcher":false,"Target_Switch_Base":2,"ExpansionArg_type":3,"ExpansionArg_string":"\u0000{{H||Infinity==undefined","ExpansionArg_type_2":0,"_bound":88}'
*-- Test Case {"Switcher":false,"Target_Switch_Base":2,"ExpansionArg_type":3,"ExpansionArg_string":"\u0000{{#\u0000","ExpansionArg_type_2":0,"_bound":17} start 783.6971 took 52.2527s
*-- Errors occured in test {"Switcher":false,"Target_Switch_Base":2,"ExpansionArg_type":3,"ExpansionArg_string":"\u0000{{#\u0000","ExpansionArg_type_2":0,"_bound":17}
* Error: SyntaxError: Expected "!", "(", "-", ".", "<~", "<~>", "Infinity", "NULL", "NaN", "^", "false", "null", "true", "undefined", "{", "~", "~>", [ \n\r\t], [0-9], [a-zA-Z_$0-9] or string but "\x00" found.
*-- Replay with NO_COMPILE=1 expoSE replay '/home/pbai002/ExpoSE/lib/Harness/src/harness.js' '{"Switcher":false,"Target_Switch_Base":2,"ExpansionArg_type":3,"ExpansionArg_string":"\u0000{{#\u0000","ExpansionArg_type_2":0,"_bound":17}'
*-- Test Case {"Switcher":false,"Target_Switch_Base":2,"ExpansionArg_type":3,"ExpansionArg_string":"\u0000{{S!=false||\u0000\u0000","ExpansionArg_type_2":0,"_bound":79} start 780.1066 took 67.2537s
*-- Errors occured in test {"Switcher":false,"Target_Switch_Base":2,"ExpansionArg_type":3,"ExpansionArg_string":"\u0000{{S!=false||\u0000\u0000","ExpansionArg_type_2":0,"_bound":79}
* Error: SyntaxError: Expected "!", "(", "-", ".", "<~", "<~>", "Infinity", "NULL", "NaN", "^", "false", "null", "true", "undefined", "{", "~", "~>", [ \n\r\t], [0-9], [a-zA-Z_$0-9] or string but "\x00" found.
*-- Replay with NO_COMPILE=1 expoSE replay '/home/pbai002/ExpoSE/lib/Harness/src/harness.js' '{"Switcher":false,"Target_Switch_Base":2,"ExpansionArg_type":3,"ExpansionArg_string":"\u0000{{S!=false||\u0000\u0000","ExpansionArg_type_2":0,"_bound":79}'
*-- Test Case {"Switcher":false,"Target_Switch_Base":2,"ExpansionArg_type":3,"ExpansionArg_string":"\u0000\u0000\u0000{{p\u0000","ExpansionArg_type_2":0,"_bound":25} start 802.4924 took 48.9368s
*-- Errors occured in test {"Switcher":false,"Target_Switch_Base":2,"ExpansionArg_type":3,"ExpansionArg_string":"\u0000\u0000\u0000{{p\u0000","ExpansionArg_type_2":0,"_bound":25}
* Error: SyntaxError: Expected "!=", "!==", "%", "&&", "(", "()", "*", "+", ",", "-", ".", "/", ":", "<", "<=", "<==", "=", "==", "===", ">", ">=", ">==", "?", "|", "||", "}}", [ \n\r\t] or [a-zA-Z_$0-9] but "\x00" found.
*-- Replay with NO_COMPILE=1 expoSE replay '/home/pbai002/ExpoSE/lib/Harness/src/harness.js' '{"Switcher":false,"Target_Switch_Base":2,"ExpansionArg_type":3,"ExpansionArg_string":"\u0000\u0000\u0000{{p\u0000","ExpansionArg_type_2":0,"_bound":25}'
*-- Test Case {"Switcher":false,"Target_Switch_Base":2,"ExpansionArg_type":3,"ExpansionArg_string":"\u0000{{a==","ExpansionArg_type_2":0,"_bound":71} start 541.1728 took 315.5093s
*-- Errors occured in test {"Switcher":false,"Target_Switch_Base":2,"ExpansionArg_type":3,"ExpansionArg_string":"\u0000{{a==","ExpansionArg_type_2":0,"_bound":71}
* Error: Exception E: SyntaxError: Unexpected end of JSON input of coverage data on 
* Error: Exception E: SyntaxError: Unexpected end of JSON input of test data on 
* Error: Error extracting final output - a fatal error must have occured
*-- Replay with NO_COMPILE=1 expoSE replay '/home/pbai002/ExpoSE/lib/Harness/src/harness.js' '{"Switcher":false,"Target_Switch_Base":2,"ExpansionArg_type":3,"ExpansionArg_string":"\u0000{{a==","ExpansionArg_type_2":0,"_bound":71}'
*-- Test Case {"Switcher":false,"Target_Switch_Base":2,"ExpansionArg_type":3,"ExpansionArg_string":"\u0000{{b||Infinity||","ExpansionArg_type_2":0,"_bound":82} start 799.1202 took 57.922s
*-- Errors occured in test {"Switcher":false,"Target_Switch_Base":2,"ExpansionArg_type":3,"ExpansionArg_string":"\u0000{{b||Infinity||","ExpansionArg_type_2":0,"_bound":82}
* Error: SyntaxError: Expected "!", "(", "-", ".", "<~", "<~>", "Infinity", "NULL", "NaN", "^", "false", "null", "true", "undefined", "{", "~", "~>", [ \n\r\t], [0-9], [a-zA-Z_$0-9] or string but end of input found.
*-- Replay with NO_COMPILE=1 expoSE replay '/home/pbai002/ExpoSE/lib/Harness/src/harness.js' '{"Switcher":false,"Target_Switch_Base":2,"ExpansionArg_type":3,"ExpansionArg_string":"\u0000{{b||Infinity||","ExpansionArg_type_2":0,"_bound":82}'
*-- Test Case {"Switcher":false,"Target_Switch_Base":2,"ExpansionArg_type":3,"ExpansionArg_string":"\u0000\u0000{{\"","ExpansionArg_type_2":0,"_bound":213} start 84.559 took 774.8146s
*-- Errors occured in test {"Switcher":false,"Target_Switch_Base":2,"ExpansionArg_type":3,"ExpansionArg_string":"\u0000\u0000{{\"","ExpansionArg_type_2":0,"_bound":213}
* Error: Exception E: SyntaxError: Unexpected end of JSON input of test data on 
* Error: Exception E: SyntaxError: Unexpected end of JSON input of coverage data on 
* Error: Error extracting final output - a fatal error must have occured
*-- Replay with NO_COMPILE=1 expoSE replay '/home/pbai002/ExpoSE/lib/Harness/src/harness.js' '{"Switcher":false,"Target_Switch_Base":2,"ExpansionArg_type":3,"ExpansionArg_string":"\u0000\u0000{{\"","ExpansionArg_type_2":0,"_bound":213}'
*-- Test Case {"Switcher":false,"Target_Switch_Base":2,"ExpansionArg_type":3,"ExpansionArg_string":"\u0000{{T!==NULL","ExpansionArg_type_2":0,"_bound":78} start 834.0067 took 29.0619s
*-- Errors occured in test {"Switcher":false,"Target_Switch_Base":2,"ExpansionArg_type":3,"ExpansionArg_string":"\u0000{{T!==NULL","ExpansionArg_type_2":0,"_bound":78}
* Error: SyntaxError: Expected "!=", "!==", "%", "&&", "*", "+", ",", "-", "/", "<", "<=", "<==", "==", "===", ">", ">=", ">==", "?", "|", "||", "}}" or [ \n\r\t] but end of input found.
*-- Replay with NO_COMPILE=1 expoSE replay '/home/pbai002/ExpoSE/lib/Harness/src/harness.js' '{"Switcher":false,"Target_Switch_Base":2,"ExpansionArg_type":3,"ExpansionArg_string":"\u0000{{T!==NULL","ExpansionArg_type_2":0,"_bound":78}'
*-- Test Case {"Switcher":false,"Target_Switch_Base":2,"ExpansionArg_type":3,"ExpansionArg_string":"\u0010{{A&&0\u0000\u0000\u0000\u0000\u0000\u0000\u0000\u0000\u0000","ExpansionArg_type_2":0,"_bound":78} start 825.8874 took 46.4432s
*-- Errors occured in test {"Switcher":false,"Target_Switch_Base":2,"ExpansionArg_type":3,"ExpansionArg_string":"\u0010{{A&&0\u0000\u0000\u0000\u0000\u0000\u0000\u0000\u0000\u0000","ExpansionArg_type_2":0,"_bound":78}
* Error: SyntaxError: Expected "!=", "!==", "%", "&&", "(", "()", "*", "+", ",", "-", ".", "/", "<", "<=", "<==", "==", "===", ">", ">=", ">==", "?", "|", "||", "}}", [ \n\r\t] or [0-9] but "\x00" found.
*-- Replay with NO_COMPILE=1 expoSE replay '/home/pbai002/ExpoSE/lib/Harness/src/harness.js' '{"Switcher":false,"Target_Switch_Base":2,"ExpansionArg_type":3,"ExpansionArg_string":"\u0010{{A&&0\u0000\u0000\u0000\u0000\u0000\u0000\u0000\u0000\u0000","ExpansionArg_type_2":0,"_bound":78}'
*-- Test Case {"Switcher":false,"Target_Switch_Base":2,"ExpansionArg_type":3,"ExpansionArg_string":"\u0000\u0000\u0000\u0000{{0\u0000","ExpansionArg_type_2":0,"_bound":27} start 835.8736 took 37.834s
*-- Errors occured in test {"Switcher":false,"Target_Switch_Base":2,"ExpansionArg_type":3,"ExpansionArg_string":"\u0000\u0000\u0000\u0000{{0\u0000","ExpansionArg_type_2":0,"_bound":27}
* Error: SyntaxError: Expected "!=", "!==", "%", "&&", "(", "()", "*", "+", ",", "-", ".", "/", ":", "<", "<=", "<==", "=", "==", "===", ">", ">=", ">==", "?", "|", "||", "}}", [ \n\r\t], [0-9] or [a-zA-Z_$0-9] but "\x00" found.
*-- Replay with NO_COMPILE=1 expoSE replay '/home/pbai002/ExpoSE/lib/Harness/src/harness.js' '{"Switcher":false,"Target_Switch_Base":2,"ExpansionArg_type":3,"ExpansionArg_string":"\u0000\u0000\u0000\u0000{{0\u0000","ExpansionArg_type_2":0,"_bound":27}'
*-- Test Case {"Switcher":false,"Target_Switch_Base":2,"ExpansionArg_type":3,"ExpansionArg_string":"\u0000\u0000\u0000\r{{","ExpansionArg_type_2":0,"_bound":205} start 863.3627 took 11.1232s
*-- Errors occured in test {"Switcher":false,"Target_Switch_Base":2,"ExpansionArg_type":3,"ExpansionArg_string":"\u0000\u0000\u0000\r{{","ExpansionArg_type_2":0,"_bound":205}
* Error: SyntaxError: Expected "!", "(", "-", ".", "<~", "<~>", "Infinity", "NULL", "NaN", "^", "false", "null", "true", "undefined", "{", "~", "~>", [ \n\r\t], [0-9], [a-zA-Z_$0-9] or string but end of input found.
*-- Replay with NO_COMPILE=1 expoSE replay '/home/pbai002/ExpoSE/lib/Harness/src/harness.js' '{"Switcher":false,"Target_Switch_Base":2,"ExpansionArg_type":3,"ExpansionArg_string":"\u0000\u0000\u0000\r{{","ExpansionArg_type_2":0,"_bound":205}'
*-- Test Case {"Switcher":false,"Target_Switch_Base":2,"ExpansionArg_type":3,"ExpansionArg_string":"\u0000{{K||NULL===\u0000","ExpansionArg_type_2":0,"_bound":81} start 807.6956 took 68.2831s
*-- Errors occured in test {"Switcher":false,"Target_Switch_Base":2,"ExpansionArg_type":3,"ExpansionArg_string":"\u0000{{K||NULL===\u0000","ExpansionArg_type_2":0,"_bound":81}
* Error: SyntaxError: Expected "!", "(", "-", ".", "<~", "<~>", "Infinity", "NULL", "NaN", "^", "false", "null", "true", "undefined", "{", "~", "~>", [ \n\r\t], [0-9], [a-zA-Z_$0-9] or string but "\x00" found.
*-- Replay with NO_COMPILE=1 expoSE replay '/home/pbai002/ExpoSE/lib/Harness/src/harness.js' '{"Switcher":false,"Target_Switch_Base":2,"ExpansionArg_type":3,"ExpansionArg_string":"\u0000{{K||NULL===\u0000","ExpansionArg_type_2":0,"_bound":81}'
*-- Test Case {"Switcher":false,"Target_Switch_Base":2,"ExpansionArg_type":3,"ExpansionArg_string":"\u0000{{a!=false<==","ExpansionArg_type_2":0,"_bound":86} start 836.0226 took 47.1096s
*-- Errors occured in test {"Switcher":false,"Target_Switch_Base":2,"ExpansionArg_type":3,"ExpansionArg_string":"\u0000{{a!=false<==","ExpansionArg_type_2":0,"_bound":86}
* Error: SyntaxError: Expected "!", "(", "-", ".", "<~", "<~>", "Infinity", "NULL", "NaN", "^", "false", "null", "true", "undefined", "{", "~", "~>", [ \n\r\t], [0-9], [a-zA-Z_$0-9] or string but end of input found.
*-- Replay with NO_COMPILE=1 expoSE replay '/home/pbai002/ExpoSE/lib/Harness/src/harness.js' '{"Switcher":false,"Target_Switch_Base":2,"ExpansionArg_type":3,"ExpansionArg_string":"\u0000{{a!=false<==","ExpansionArg_type_2":0,"_bound":86}'
*-- Test Case {"Switcher":false,"Target_Switch_Base":2,"ExpansionArg_type":3,"ExpansionArg_string":"\u0000{{H!=0","ExpansionArg_type_2":0,"_bound":83} start 556.1033 took 330.5696s
*-- Errors occured in test {"Switcher":false,"Target_Switch_Base":2,"ExpansionArg_type":3,"ExpansionArg_string":"\u0000{{H!=0","ExpansionArg_type_2":0,"_bound":83}
* Error: SyntaxError: Expected "!=", "!==", "%", "&&", "(", "()", "*", "+", ",", "-", ".", "/", "<", "<=", "<==", "==", "===", ">", ">=", ">==", "?", "|", "||", "}}", [ \n\r\t] or [0-9] but end of input found.
*-- Replay with NO_COMPILE=1 expoSE replay '/home/pbai002/ExpoSE/lib/Harness/src/harness.js' '{"Switcher":false,"Target_Switch_Base":2,"ExpansionArg_type":3,"ExpansionArg_string":"\u0000{{H!=0","ExpansionArg_type_2":0,"_bound":83}'
*-- Test Case {"Switcher":false,"Target_Switch_Base":2,"ExpansionArg_type":3,"ExpansionArg_string":"\u0000{{H>==0\u0000\u0000","ExpansionArg_type_2":0,"_bound":84} start 558.7105 took 330.2438s
*-- Errors occured in test {"Switcher":false,"Target_Switch_Base":2,"ExpansionArg_type":3,"ExpansionArg_string":"\u0000{{H>==0\u0000\u0000","ExpansionArg_type_2":0,"_bound":84}
* Error: SyntaxError: Expected "!=", "!==", "%", "&&", "(", "()", "*", "+", ",", "-", ".", "/", "<", "<=", "<==", "==", "===", ">", ">=", ">==", "?", "|", "||", "}}", [ \n\r\t] or [0-9] but "\x00" found.
*-- Replay with NO_COMPILE=1 expoSE replay '/home/pbai002/ExpoSE/lib/Harness/src/harness.js' '{"Switcher":false,"Target_Switch_Base":2,"ExpansionArg_type":3,"ExpansionArg_string":"\u0000{{H>==0\u0000\u0000","ExpansionArg_type_2":0,"_bound":84}'
*-- Test Case {"Switcher":false,"Target_Switch_Base":2,"ExpansionArg_type":3,"ExpansionArg_string":"\u0000{{P>==Infinity\u0000","ExpansionArg_type_2":0,"_bound":82} start 847.9974 took 43.3804s
*-- Errors occured in test {"Switcher":false,"Target_Switch_Base":2,"ExpansionArg_type":3,"ExpansionArg_string":"\u0000{{P>==Infinity\u0000","ExpansionArg_type_2":0,"_bound":82}
* Error: SyntaxError: Expected "!=", "!==", "%", "&&", "*", "+", ",", "-", "/", "<", "<=", "<==", "==", "===", ">", ">=", ">==", "?", "|", "||", "}}" or [ \n\r\t] but "\x00" found.
*-- Replay with NO_COMPILE=1 expoSE replay '/home/pbai002/ExpoSE/lib/Harness/src/harness.js' '{"Switcher":false,"Target_Switch_Base":2,"ExpansionArg_type":3,"ExpansionArg_string":"\u0000{{P>==Infinity\u0000","ExpansionArg_type_2":0,"_bound":82}'
*-- Test Case {"Switcher":false,"Target_Switch_Base":2,"ExpansionArg_type":3,"ExpansionArg_string":"\u0000{{z&&","ExpansionArg_type_2":0,"_bound":147} start 859.6494 took 31.8756s
*-- Errors occured in test {"Switcher":false,"Target_Switch_Base":2,"ExpansionArg_type":3,"ExpansionArg_string":"\u0000{{z&&","ExpansionArg_type_2":0,"_bound":147}
* Error: SyntaxError: Expected "!", "(", "-", ".", "<~", "<~>", "Infinity", "NULL", "NaN", "^", "false", "null", "true", "undefined", "{", "~", "~>", [ \n\r\t], [0-9], [a-zA-Z_$0-9] or string but end of input found.
*-- Replay with NO_COMPILE=1 expoSE replay '/home/pbai002/ExpoSE/lib/Harness/src/harness.js' '{"Switcher":false,"Target_Switch_Base":2,"ExpansionArg_type":3,"ExpansionArg_string":"\u0000{{z&&","ExpansionArg_type_2":0,"_bound":147}'
*-- Test Case {"Switcher":false,"Target_Switch_Base":2,"ExpansionArg_type":3,"ExpansionArg_string":"\u0000{{<~>","ExpansionArg_type_2":0,"_bound":192} start 883.2232 took 10.5516s
*-- Errors occured in test {"Switcher":false,"Target_Switch_Base":2,"ExpansionArg_type":3,"ExpansionArg_string":"\u0000{{<~>","ExpansionArg_type_2":0,"_bound":192}
* Error: SyntaxError: Expected [ \n\r\t] or [a-zA-Z_$0-9] but end of input found.
*-- Replay with NO_COMPILE=1 expoSE replay '/home/pbai002/ExpoSE/lib/Harness/src/harness.js' '{"Switcher":false,"Target_Switch_Base":2,"ExpansionArg_type":3,"ExpansionArg_string":"\u0000{{<~>","ExpansionArg_type_2":0,"_bound":192}'
*-- Test Case {"Switcher":false,"Target_Switch_Base":2,"ExpansionArg_type":3,"ExpansionArg_string":"\u0000{{T!==NaN\u0000","ExpansionArg_type_2":0,"_bound":79} start 856.7322 took 37.4026s
*-- Errors occured in test {"Switcher":false,"Target_Switch_Base":2,"ExpansionArg_type":3,"ExpansionArg_string":"\u0000{{T!==NaN\u0000","ExpansionArg_type_2":0,"_bound":79}
* Error: SyntaxError: Expected "!=", "!==", "%", "&&", "*", "+", ",", "-", "/", "<", "<=", "<==", "==", "===", ">", ">=", ">==", "?", "|", "||", "}}" or [ \n\r\t] but "\x00" found.
*-- Replay with NO_COMPILE=1 expoSE replay '/home/pbai002/ExpoSE/lib/Harness/src/harness.js' '{"Switcher":false,"Target_Switch_Base":2,"ExpansionArg_type":3,"ExpansionArg_string":"\u0000{{T!==NaN\u0000","ExpansionArg_type_2":0,"_bound":79}'
*-- Coverage Data
*- File /home/pbai002/ExpoSE/lib/Harness/src/harness.js. Coverage (Term): 88% Coverage (LOC): 89%
*- File /home/pbai002/ExpoSE/lib/S$/bin/symbols.js. Coverage (Term): 51% Coverage (LOC): 66%
*- File /home/pbai002/Targets/paperclip1217/node_modules/paperclip1217/lib/node.js. Coverage (Term): 97% Coverage (LOC): 100%
*- File /home/pbai002/Targets/paperclip1217/node_modules/paperclip1217/lib/register.js. Coverage (Term): 26% Coverage (LOC): 23%
*- File /home/pbai002/Targets/paperclip1217/node_modules/paperclip1217/lib/parser/index.js. Coverage (Term): 75% Coverage (LOC): 86%
*- File /home/pbai002/Targets/paperclip1217/node_modules/paperclip1217/lib/parser/parser.js. Coverage (Term): 49% Coverage (LOC): 50%
*- File /home/pbai002/Targets/paperclip1217/node_modules/paperclip1217/lib/browser.js. Coverage (Term): 78% Coverage (LOC): 81%
*- File /home/pbai002/Targets/paperclip1217/node_modules/nofactor/lib/node.js. Coverage (Term): 97% Coverage (LOC): 100%
*- File /home/pbai002/Targets/paperclip1217/node_modules/nofactor/lib/string/index.js. Coverage (Term): 51% Coverage (LOC): 63%
*- File /home/pbai002/Targets/paperclip1217/node_modules/nofactor/lib/base.js. Coverage (Term): 59% Coverage (LOC): 100%
*- File /home/pbai002/Targets/paperclip1217/node_modules/protoclass/lib/index.js. Coverage (Term): 80% Coverage (LOC): 90%
*- File /home/pbai002/Targets/paperclip1217/node_modules/nofactor/lib/string/element.js. Coverage (Term): 11% Coverage (LOC): 18%
*- File /home/pbai002/Targets/paperclip1217/node_modules/nofactor/lib/string/container.js. Coverage (Term): 10% Coverage (LOC): 17%
*- File /home/pbai002/Targets/paperclip1217/node_modules/nofactor/lib/string/node.js. Coverage (Term): 41% Coverage (LOC): 56%
*- File /home/pbai002/Targets/paperclip1217/node_modules/nofactor/lib/string/style.js. Coverage (Term): 11% Coverage (LOC): 26%
*- File /home/pbai002/Targets/paperclip1217/node_modules/nofactor/lib/string/fragment.js. Coverage (Term): 33% Coverage (LOC): 56%
*- File /home/pbai002/Targets/paperclip1217/node_modules/nofactor/lib/string/text.js. Coverage (Term): 39% Coverage (LOC): 61%
*- File /home/pbai002/Targets/paperclip1217/node_modules/nofactor/node_modules/he/he.js. Coverage (Term): 85% Coverage (LOC): 97%
*- File /home/pbai002/Targets/paperclip1217/node_modules/nofactor/lib/string/comment.js. Coverage (Term): 42% Coverage (LOC): 67%
*- File /home/pbai002/Targets/paperclip1217/node_modules/nofactor/lib/string/voidElements.js. Coverage (Term): 43% Coverage (LOC): 74%
*- File /home/pbai002/Targets/paperclip1217/node_modules/nofactor/lib/custom.js. Coverage (Term): 56% Coverage (LOC): 75%
*- File /home/pbai002/Targets/paperclip1217/node_modules/factories/lib/index.js. Coverage (Term): 95% Coverage (LOC): 100%
*- File /home/pbai002/Targets/paperclip1217/node_modules/factories/lib/any.js. Coverage (Term): 44% Coverage (LOC): 60%
*- File /home/pbai002/Targets/paperclip1217/node_modules/factories/lib/factory.js. Coverage (Term): 82% Coverage (LOC): 83%
*- File /home/pbai002/Targets/paperclip1217/node_modules/factories/lib/class.js. Coverage (Term): 72% Coverage (LOC): 83%
*- File /home/pbai002/Targets/paperclip1217/node_modules/factories/lib/base.js. Coverage (Term): 74% Coverage (LOC): 100%
*- File /home/pbai002/Targets/paperclip1217/node_modules/type-component/index.js. Coverage (Term): 40% Coverage (LOC): 35%
*- File /home/pbai002/Targets/paperclip1217/node_modules/factories/lib/fn.js. Coverage (Term): 52% Coverage (LOC): 75%
*- File /home/pbai002/Targets/paperclip1217/node_modules/factories/lib/group.js. Coverage (Term): 31% Coverage (LOC): 40%
*- File /home/pbai002/Targets/paperclip1217/node_modules/paperclip1217/lib/defaults.js. Coverage (Term): 66% Coverage (LOC): 89%
*- File /home/pbai002/Targets/paperclip1217/node_modules/paperclip1217/lib/runloop.js. Coverage (Term): 31% Coverage (LOC): 31%
*- File /home/pbai002/Targets/paperclip1217/node_modules/paperclip1217/lib/accessors/pojo.js. Coverage (Term): 9% Coverage (LOC): 20%
*- File /home/pbai002/Targets/paperclip1217/node_modules/paperclip1217/lib/accessors/base.js. Coverage (Term): 85% Coverage (LOC): 100%
*- File /home/pbai002/Targets/paperclip1217/node_modules/paperclip1217/lib/utils/set.js. Coverage (Term): 17% Coverage (LOC): 27%
*- File /home/pbai002/Targets/paperclip1217/node_modules/paperclip1217/lib/components/repeat.js. Coverage (Term): 12% Coverage (LOC): 17%
*- File /home/pbai002/Targets/paperclip1217/node_modules/paperclip1217/lib/components/base.js. Coverage (Term): 53% Coverage (LOC): 74%
*- File /home/pbai002/Targets/paperclip1217/node_modules/paperclip1217/lib/utils/bind.js. Coverage (Term): 28% Coverage (LOC): 50%
*- File /home/pbai002/Targets/paperclip1217/node_modules/paperclip1217/lib/components/stack.js. Coverage (Term): 17% Coverage (LOC): 22%
*- File /home/pbai002/Targets/paperclip1217/node_modules/paperclip1217/lib/components/switch.js. Coverage (Term): 13% Coverage (LOC): 21%
*- File /home/pbai002/Targets/paperclip1217/node_modules/paperclip1217/lib/components/show.js. Coverage (Term): 30% Coverage (LOC): 37%
*- File /home/pbai002/Targets/paperclip1217/node_modules/paperclip1217/lib/components/unsafe.js. Coverage (Term): 19% Coverage (LOC): 22%
*- File /home/pbai002/Targets/paperclip1217/node_modules/paperclip1217/lib/attributes/value.js. Coverage (Term): 11% Coverage (LOC): 23%
*- File /home/pbai002/Targets/paperclip1217/node_modules/paperclip1217/lib/attributes/script.js. Coverage (Term): 26% Coverage (LOC): 40%
*- File /home/pbai002/Targets/paperclip1217/node_modules/paperclip1217/lib/attributes/base.js. Coverage (Term): 74% Coverage (LOC): 94%
*- File /home/pbai002/Targets/paperclip1217/node_modules/paperclip1217/lib/attributes/enable.js. Coverage (Term): 55% Coverage (LOC): 60%
*- File /home/pbai002/Targets/paperclip1217/node_modules/paperclip1217/lib/attributes/focus.js. Coverage (Term): 37% Coverage (LOC): 38%
*- File /home/pbai002/Targets/paperclip1217/node_modules/paperclip1217/lib/attributes/style.js. Coverage (Term): 25% Coverage (LOC): 35%
*- File /home/pbai002/Targets/paperclip1217/node_modules/paperclip1217/lib/attributes/class.js. Coverage (Term): 17% Coverage (LOC): 24%
*- File /home/pbai002/Targets/paperclip1217/node_modules/paperclip1217/lib/attributes/easeIn.js. Coverage (Term): 42% Coverage (LOC): 58%
*- File /home/pbai002/Targets/paperclip1217/node_modules/paperclip1217/lib/attributes/easeOut.js. Coverage (Term): 44% Coverage (LOC): 64%
*- File /home/pbai002/Targets/paperclip1217/node_modules/paperclip1217/lib/attributes/event.js. Coverage (Term): 32% Coverage (LOC): 52%
*- File /home/pbai002/Targets/paperclip1217/node_modules/paperclip1217/lib/attributes/enter.js. Coverage (Term): 97% Coverage (LOC): 100%
*- File /home/pbai002/Targets/paperclip1217/node_modules/paperclip1217/lib/attributes/keyCodedEvent.js. Coverage (Term): 53% Coverage (LOC): 67%
*- File /home/pbai002/Targets/paperclip1217/node_modules/paperclip1217/lib/attributes/delete.js. Coverage (Term): 97% Coverage (LOC): 100%
*- File /home/pbai002/Targets/paperclip1217/node_modules/paperclip1217/lib/attributes/escape.js. Coverage (Term): 97% Coverage (LOC): 100%
*- File /home/pbai002/Targets/paperclip1217/node_modules/paperclip1217/lib/template/index.js. Coverage (Term): 32% Coverage (LOC): 41%
*- File /home/pbai002/Targets/paperclip1217/node_modules/paperclip1217/lib/template/vnode/block/index.js. Coverage (Term): 52% Coverage (LOC): 70%
*- File /home/pbai002/Targets/paperclip1217/node_modules/paperclip1217/lib/utils/index.js. Coverage (Term): 23% Coverage (LOC): 33%
*- File /home/pbai002/Targets/paperclip1217/node_modules/document-section/lib/index.js. Coverage (Term): 10% Coverage (LOC): 25%
*- File /home/pbai002/Targets/paperclip1217/node_modules/document-section/node_modules/nofactor/lib/index.js. Coverage (Term): 86% Coverage (LOC): 91%
*- File /home/pbai002/Targets/paperclip1217/node_modules/document-section/node_modules/nofactor/lib/string/index.js. Coverage (Term): 51% Coverage (LOC): 63%
*- File /home/pbai002/Targets/paperclip1217/node_modules/document-section/node_modules/nofactor/lib/base.js. Coverage (Term): 59% Coverage (LOC): 100%
*- File /home/pbai002/Targets/paperclip1217/node_modules/document-section/node_modules/nofactor/lib/string/element.js. Coverage (Term): 11% Coverage (LOC): 18%
*- File /home/pbai002/Targets/paperclip1217/node_modules/document-section/node_modules/nofactor/lib/string/container.js. Coverage (Term): 10% Coverage (LOC): 17%
*- File /home/pbai002/Targets/paperclip1217/node_modules/document-section/node_modules/nofactor/lib/string/node.js. Coverage (Term): 41% Coverage (LOC): 56%
*- File /home/pbai002/Targets/paperclip1217/node_modules/document-section/node_modules/nofactor/lib/string/style.js. Coverage (Term): 11% Coverage (LOC): 26%
*- File /home/pbai002/Targets/paperclip1217/node_modules/document-section/node_modules/nofactor/lib/string/fragment.js. Coverage (Term): 33% Coverage (LOC): 56%
*- File /home/pbai002/Targets/paperclip1217/node_modules/document-section/node_modules/nofactor/lib/string/text.js. Coverage (Term): 39% Coverage (LOC): 61%
*- File /home/pbai002/Targets/paperclip1217/node_modules/document-section/node_modules/he/he.js. Coverage (Term): 85% Coverage (LOC): 97%
*- File /home/pbai002/Targets/paperclip1217/node_modules/document-section/node_modules/nofactor/lib/string/comment.js. Coverage (Term): 42% Coverage (LOC): 67%
*- File /home/pbai002/Targets/paperclip1217/node_modules/document-section/node_modules/nofactor/lib/string/voidElements.js. Coverage (Term): 43% Coverage (LOC): 74%
*- File /home/pbai002/Targets/paperclip1217/node_modules/document-section/node_modules/nofactor/lib/dom.js. Coverage (Term): 26% Coverage (LOC): 46%
*- File /home/pbai002/Targets/paperclip1217/node_modules/document-section/node_modules/nofactor/lib/custom.js. Coverage (Term): 56% Coverage (LOC): 75%
*- File /home/pbai002/Targets/paperclip1217/node_modules/paperclip1217/lib/script/index.js. Coverage (Term): 5% Coverage (LOC): 7%
*- File /home/pbai002/Targets/paperclip1217/node_modules/paperclip1217/lib/template/vnode/block/hydrator.js. Coverage (Term): 42% Coverage (LOC): 63%
*- File /home/pbai002/Targets/paperclip1217/node_modules/paperclip1217/lib/template/vnode/block/binding.js. Coverage (Term): 22% Coverage (LOC): 32%
*- File /home/pbai002/Targets/paperclip1217/node_modules/paperclip1217/lib/template/vnode/block/unbound.js. Coverage (Term): 28% Coverage (LOC): 39%
*- File /home/pbai002/Targets/paperclip1217/node_modules/paperclip1217/lib/template/vnode/element/index.js. Coverage (Term): 24% Coverage (LOC): 30%
*- File /home/pbai002/Targets/paperclip1217/node_modules/paperclip1217/lib/section/fragment.js. Coverage (Term): 32% Coverage (LOC): 59%
*- File /home/pbai002/Targets/paperclip1217/node_modules/paperclip1217/lib/section/node.js. Coverage (Term): 30% Coverage (LOC): 59%
*- File /home/pbai002/Targets/paperclip1217/node_modules/paperclip1217/lib/template/vnode/fragment/index.js. Coverage (Term): 35% Coverage (LOC): 56%
*- File /home/pbai002/Targets/paperclip1217/node_modules/paperclip1217/lib/template/vnode/element/componentHydrator.js. Coverage (Term): 29% Coverage (LOC): 34%
*- File /home/pbai002/Targets/paperclip1217/node_modules/paperclip1217/lib/template/vnode/element/attributesBinding.js. Coverage (Term): 20% Coverage (LOC): 29%
*- File /home/pbai002/Targets/paperclip1217/node_modules/paperclip1217/lib/utils/extend.js. Coverage (Term): 21% Coverage (LOC): 29%
*- File /home/pbai002/Targets/paperclip1217/node_modules/paperclip1217/lib/template/vnode/element/attributeHydrator.js. Coverage (Term): 39% Coverage (LOC): 45%
*- File /home/pbai002/Targets/paperclip1217/node_modules/paperclip1217/lib/template/vnode/element/valueAttribute.js. Coverage (Term): 49% Coverage (LOC): 67%
*- File /home/pbai002/Targets/paperclip1217/node_modules/paperclip1217/lib/template/vnode/text/index.js. Coverage (Term): 42% Coverage (LOC): 60%
*- File /home/pbai002/Targets/paperclip1217/node_modules/paperclip1217/lib/template/vnode/comment/index.js. Coverage (Term): 51% Coverage (LOC): 75%
*- File /home/pbai002/Targets/paperclip1217/node_modules/paperclip1217/lib/template/view/index.js. Coverage (Term): 13% Coverage (LOC): 32%
*- File /home/pbai002/Targets/paperclip1217/node_modules/paperclip1217/lib/template/view/transitions.js. Coverage (Term): 23% Coverage (LOC): 33%
*- File /home/pbai002/Targets/paperclip1217/node_modules/paperclip1217/lib/utils/async.js. Coverage (Term): 22% Coverage (LOC): 29%
*- File /home/pbai002/Targets/paperclip1217/node_modules/paperclip1217/lib/utils/stringifyNode.js. Coverage (Term): 20% Coverage (LOC): 25%
*- File /home/pbai002/Targets/paperclip1217/node_modules/paperclip1217/lib/template/view/reference.js. Coverage (Term): 34% Coverage (LOC): 56%
*- File /home/pbai002/Targets/paperclip1217/node_modules/paperclip1217/lib/template/component.js. Coverage (Term): 33% Coverage (LOC): 45%
*- File /home/pbai002/Targets/paperclip1217/node_modules/paperclip1217/lib/parser/ast/doctype.js. Coverage (Term): 54% Coverage (LOC): 75%
*- File /home/pbai002/Targets/paperclip1217/node_modules/paperclip1217/lib/parser/ast/base.js. Coverage (Term): 97% Coverage (LOC): 100%
*- File /home/pbai002/Targets/paperclip1217/node_modules/paperclip1217/lib/parser/ast/rootNode.js. Coverage (Term): 93% Coverage (LOC): 95%
*- File /home/pbai002/Targets/paperclip1217/node_modules/paperclip1217/lib/parser/ast/textNode.js. Coverage (Term): 96% Coverage (LOC): 100%
*- File /home/pbai002/Targets/paperclip1217/node_modules/he/he.js. Coverage (Term): 86% Coverage (LOC): 97%
*- File /home/pbai002/Targets/paperclip1217/node_modules/paperclip1217/lib/parser/ast/commentNode.js. Coverage (Term): 51% Coverage (LOC): 75%
*- File /home/pbai002/Targets/paperclip1217/node_modules/paperclip1217/lib/parser/ast/elementNode.js. Coverage (Term): 41% Coverage (LOC): 67%
*- File /home/pbai002/Targets/paperclip1217/node_modules/paperclip1217/lib/parser/ast/array.js. Coverage (Term): 93% Coverage (LOC): 100%
*- File /home/pbai002/Targets/paperclip1217/node_modules/paperclip1217/lib/parser/ast/parameters.js. Coverage (Term): 93% Coverage (LOC): 100%
*- File /home/pbai002/Targets/paperclip1217/node_modules/paperclip1217/lib/parser/ast/blockBinding.js. Coverage (Term): 84% Coverage (LOC): 95%
*- File /home/pbai002/Targets/paperclip1217/node_modules/paperclip1217/lib/parser/ast/ternaryCondition.js. Coverage (Term): 40% Coverage (LOC): 64%
*- File /home/pbai002/Targets/paperclip1217/node_modules/paperclip1217/lib/parser/ast/assignment.js. Coverage (Term): 34% Coverage (LOC): 56%
*- File /home/pbai002/Targets/paperclip1217/node_modules/paperclip1217/lib/parser/ast/operator.js. Coverage (Term): 96% Coverage (LOC): 100%
*- File /home/pbai002/Targets/paperclip1217/node_modules/paperclip1217/lib/parser/ast/not.js. Coverage (Term): 49% Coverage (LOC): 69%
*- File /home/pbai002/Targets/paperclip1217/node_modules/paperclip1217/lib/parser/ast/literal.js. Coverage (Term): 95% Coverage (LOC): 100%
*- File /home/pbai002/Targets/paperclip1217/node_modules/paperclip1217/lib/parser/ast/string.js. Coverage (Term): 51% Coverage (LOC): 75%
*- File /home/pbai002/Targets/paperclip1217/node_modules/paperclip1217/lib/parser/ast/reference.js. Coverage (Term): 82% Coverage (LOC): 94%
*- File /home/pbai002/Targets/paperclip1217/node_modules/paperclip1217/lib/parser/ast/hash.js. Coverage (Term): 51% Coverage (LOC): 65%
*- File /home/pbai002/Targets/paperclip1217/node_modules/paperclip1217/lib/parser/ast/script.js. Coverage (Term): 95% Coverage (LOC): 100%
*- File /home/pbai002/Targets/paperclip1217/node_modules/paperclip1217/lib/utils/uniq.js. Coverage (Term): 90% Coverage (LOC): 93%
*- File /home/pbai002/Targets/paperclip1217/node_modules/paperclip1217/lib/parser/ast/call.js. Coverage (Term): 96% Coverage (LOC): 100%
*- File /home/pbai002/Targets/paperclip1217/node_modules/paperclip1217/lib/parser/ast/modifier.js. Coverage (Term): 37% Coverage (LOC): 50%
*- File /home/pbai002/Targets/paperclip1217/node_modules/paperclip1217/lib/parser/ast/group.js. Coverage (Term): 52% Coverage (LOC): 75%
*- File evalIndirect. Coverage (Term): 19% Coverage (LOC): 33%
*- Re-run with EXPOSE_PRINT_COVERAGE=1 to print line by line coverage information
** ExpoSE Finished. 195 paths with 193 errors **
