+ paperclip1217@1.2.17
updated 1 package in 3.275s
Setup Done exists, not setting up
:../FeatureTester/libs/:/home/pbai002/Targets/paperclip1217/node_modules
Set Default Z3_PATH to ./node_modules/z3javascript/bin/libz3.so
ExpoSE Master: /home/pbai002/ExpoSE/lib/Harness/src/harness.js max concurrent: 16 max paths: 1000000
Setting timeout to 900000
*** [0 done /0 queued / 1 running / 0 errors / 0% coverage ] ****** [0 done /0 queued / 1 running / 0 errors / 0% coverage ] ****** [1 done /1 queued / 1 running / 1 errors / 63% coverage ] ****** [1 done /0 queued / 2 running / 1 errors / 63% coverage ] ****** [1 done /0 queued / 2 running / 1 errors / 63% coverage ] ****** [2 done /1 queued / 2 running / 2 errors / 63% coverage ] ****** [2 done /0 queued / 3 running / 2 errors / 63% coverage ] ****** [2 done /0 queued / 3 running / 2 errors / 63% coverage ] ****** [3 done /0 queued / 3 running / 3 errors / 63% coverage ] ****** [3 done /0 queued / 3 running / 3 errors / 63% coverage ] ****** [4 done /1 queued / 3 running / 4 errors / 63% coverage ] ****** [4 done /0 queued / 4 running / 4 errors / 63% coverage ] ****** [4 done /0 queued / 4 running / 4 errors / 63% coverage ] ****** [5 done /2 queued / 4 running / 5 errors / 63% coverage ] ****** [5 done /1 queued / 5 running / 5 errors / 63% coverage ] ****** [5 done /0 queued / 6 running / 5 errors / 63% coverage ] ****** [5 done /0 queued / 6 running / 5 errors / 63% coverage ] ****** [6 done /0 queued / 6 running / 6 errors / 63% coverage ] ****** [6 done /0 queued / 6 running / 6 errors / 63% coverage ] ****** [7 done /0 queued / 6 running / 7 errors / 63% coverage ] ****** [7 done /0 queued / 6 running / 7 errors / 63% coverage ] ****** [8 done /0 queued / 5 running / 8 errors / 63% coverage ] ****** [9 done /0 queued / 5 running / 9 errors / 63% coverage ] ****** [9 done /0 queued / 5 running / 9 errors / 63% coverage ] ****** [10 done /2 queued / 5 running / 10 errors / 63% coverage ] ****** [10 done /1 queued / 6 running / 10 errors / 63% coverage ] ****** [10 done /0 queued / 7 running / 10 errors / 63% coverage ] ****** [10 done /0 queued / 7 running / 10 errors / 63% coverage ] ****** [11 done /1 queued / 7 running / 11 errors / 72% coverage ] ****** [11 done /0 queued / 8 running / 11 errors / 72% coverage ] ****** [11 done /0 queued / 8 running / 11 errors / 72% coverage ] ****** [12 done /26 queued / 8 running / 12 errors / 74% coverage ] ****** [12 done /25 queued / 9 running / 12 errors / 74% coverage ] ****** [12 done /24 queued / 10 running / 12 errors / 74% coverage ] ****** [12 done /23 queued / 11 running / 12 errors / 74% coverage ] ****** [12 done /22 queued / 12 running / 12 errors / 74% coverage ] ****** [12 done /21 queued / 13 running / 12 errors / 74% coverage ] ****** [12 done /20 queued / 14 running / 12 errors / 74% coverage ] ****** [12 done /19 queued / 15 running / 12 errors / 74% coverage ] ****** [12 done /18 queued / 16 running / 12 errors / 74% coverage ] ****** [12 done /18 queued / 16 running / 12 errors / 74% coverage ] ****** [13 done /19 queued / 16 running / 13 errors / 74% coverage ] ****** [13 done /19 queued / 16 running / 13 errors / 74% coverage ] ****** [14 done /20 queued / 16 running / 14 errors / 74% coverage ] ****** [14 done /20 queued / 16 running / 14 errors / 74% coverage ] ****** [15 done /19 queued / 16 running / 15 errors / 74% coverage ] ****** [15 done /19 queued / 16 running / 15 errors / 74% coverage ] ****** [16 done /20 queued / 16 running / 16 errors / 74% coverage ] ****** [16 done /20 queued / 16 running / 16 errors / 74% coverage ] ****** [17 done /19 queued / 16 running / 17 errors / 74% coverage ] ****** [17 done /19 queued / 16 running / 17 errors / 74% coverage ] ****** [18 done /18 queued / 16 running / 17 errors / 74% coverage ] ****** [18 done /18 queued / 16 running / 17 errors / 74% coverage ] ****** [19 done /22 queued / 16 running / 18 errors / 74% coverage ] ****** [19 done /22 queued / 16 running / 18 errors / 74% coverage ] ****** [20 done /24 queued / 16 running / 19 errors / 74% coverage ] ****** [20 done /24 queued / 16 running / 19 errors / 74% coverage ] ****** [21 done /26 queued / 16 running / 20 errors / 74% coverage ] ****** [21 done /26 queued / 16 running / 20 errors / 74% coverage ] ****** [22 done /29 queued / 16 running / 21 errors / 74% coverage ] ****** [22 done /29 queued / 16 running / 21 errors / 74% coverage ] ****** [23 done /31 queued / 16 running / 22 errors / 74% coverage ] ****** [23 done /31 queued / 16 running / 22 errors / 74% coverage ] ****** [24 done /30 queued / 16 running / 23 errors / 74% coverage ] ****** [24 done /30 queued / 16 running / 23 errors / 74% coverage ] ****** [25 done /29 queued / 16 running / 24 errors / 74% coverage ] ****** [25 done /29 queued / 16 running / 24 errors / 74% coverage ] ****** [26 done /30 queued / 16 running / 25 errors / 74% coverage ] ****** [26 done /30 queued / 16 running / 25 errors / 74% coverage ] ****** [27 done /31 queued / 16 running / 26 errors / 74% coverage ] ****** [27 done /31 queued / 16 running / 26 errors / 74% coverage ] ****** [28 done /30 queued / 16 running / 27 errors / 74% coverage ] ****** [28 done /30 queued / 16 running / 27 errors / 74% coverage ] ****** [29 done /31 queued / 16 running / 28 errors / 74% coverage ] ****** [29 done /31 queued / 16 running / 28 errors / 74% coverage ] ****** [30 done /30 queued / 16 running / 29 errors / 74% coverage ] ****** [30 done /30 queued / 16 running / 29 errors / 74% coverage ] ****** [31 done /29 queued / 16 running / 30 errors / 74% coverage ] ****** [31 done /29 queued / 16 running / 30 errors / 74% coverage ] ****** [32 done /29 queued / 16 running / 31 errors / 74% coverage ] ****** [32 done /29 queued / 16 running / 31 errors / 74% coverage ] ****** [33 done /29 queued / 16 running / 32 errors / 74% coverage ] ****** [33 done /29 queued / 16 running / 32 errors / 74% coverage ] ****** [34 done /28 queued / 16 running / 33 errors / 74% coverage ] ****** [34 done /28 queued / 16 running / 33 errors / 74% coverage ] ****** [35 done /27 queued / 16 running / 34 errors / 74% coverage ] ****** [35 done /27 queued / 16 running / 34 errors / 74% coverage ] ****** [36 done /27 queued / 16 running / 35 errors / 74% coverage ] ****** [36 done /27 queued / 16 running / 35 errors / 74% coverage ] ****** [37 done /32 queued / 16 running / 36 errors / 74% coverage ] ****** [37 done /32 queued / 16 running / 36 errors / 74% coverage ] ****** [38 done /33 queued / 16 running / 37 errors / 74% coverage ] ****** [38 done /33 queued / 16 running / 37 errors / 74% coverage ] ****** [39 done /34 queued / 16 running / 38 errors / 74% coverage ] ****** [39 done /34 queued / 16 running / 38 errors / 74% coverage ] ****** [40 done /36 queued / 16 running / 39 errors / 74% coverage ] ****** [40 done /36 queued / 16 running / 39 errors / 74% coverage ] ****** [41 done /37 queued / 16 running / 40 errors / 74% coverage ] ****** [41 done /37 queued / 16 running / 40 errors / 74% coverage ] ****** [42 done /47 queued / 16 running / 41 errors / 74% coverage ] ****** [42 done /47 queued / 16 running / 41 errors / 74% coverage ] ****** [43 done /46 queued / 16 running / 42 errors / 74% coverage ] ****** [43 done /46 queued / 16 running / 42 errors / 74% coverage ] ****** [44 done /45 queued / 16 running / 43 errors / 74% coverage ] ****** [44 done /45 queued / 16 running / 43 errors / 74% coverage ] ****** [45 done /45 queued / 16 running / 44 errors / 74% coverage ] ****** [45 done /45 queued / 16 running / 44 errors / 74% coverage ] ****** [46 done /44 queued / 16 running / 45 errors / 74% coverage ] ****** [46 done /44 queued / 16 running / 45 errors / 74% coverage ] ****** [47 done /43 queued / 16 running / 46 errors / 74% coverage ] ****** [47 done /43 queued / 16 running / 46 errors / 74% coverage ] ****** [48 done /42 queued / 16 running / 47 errors / 74% coverage ] ****** [48 done /42 queued / 16 running / 47 errors / 74% coverage ] ****** [49 done /42 queued / 16 running / 48 errors / 74% coverage ] ****** [49 done /42 queued / 16 running / 48 errors / 74% coverage ] ****** [50 done /41 queued / 16 running / 49 errors / 74% coverage ] ****** [50 done /41 queued / 16 running / 49 errors / 74% coverage ] ****** [51 done /43 queued / 16 running / 50 errors / 74% coverage ] ****** [51 done /43 queued / 16 running / 50 errors / 74% coverage ] ****** [52 done /44 queued / 16 running / 51 errors / 74% coverage ] ****** [52 done /44 queued / 16 running / 51 errors / 74% coverage ] ****** [53 done /44 queued / 16 running / 52 errors / 74% coverage ] ****** [53 done /44 queued / 16 running / 52 errors / 74% coverage ] ****** [54 done /47 queued / 16 running / 53 errors / 74% coverage ] ****** [54 done /47 queued / 16 running / 53 errors / 74% coverage ] ****** [55 done /63 queued / 16 running / 54 errors / 77% coverage ] ****** [55 done /63 queued / 16 running / 54 errors / 77% coverage ] ****** [56 done /62 queued / 16 running / 55 errors / 77% coverage ] ****** [56 done /62 queued / 16 running / 55 errors / 77% coverage ] ****** [57 done /65 queued / 16 running / 56 errors / 77% coverage ] ****** [57 done /65 queued / 16 running / 56 errors / 77% coverage ] ****** [58 done /65 queued / 16 running / 57 errors / 77% coverage ] ****** [58 done /65 queued / 16 running / 57 errors / 77% coverage ] ****** [59 done /70 queued / 16 running / 58 errors / 77% coverage ] ****** [59 done /70 queued / 16 running / 58 errors / 77% coverage ] ****** [60 done /69 queued / 16 running / 59 errors / 77% coverage ] ****** [60 done /69 queued / 16 running / 59 errors / 77% coverage ] ****** [61 done /74 queued / 16 running / 60 errors / 77% coverage ] ****** [61 done /74 queued / 16 running / 60 errors / 77% coverage ] ****** [62 done /96 queued / 16 running / 60 errors / 77% coverage ] ****** [62 done /96 queued / 16 running / 60 errors / 77% coverage ] ****** [63 done /118 queued / 16 running / 61 errors / 77% coverage ] ****** [63 done /118 queued / 16 running / 61 errors / 77% coverage ] ****** [64 done /117 queued / 16 running / 62 errors / 77% coverage ] ****** [64 done /117 queued / 16 running / 62 errors / 77% coverage ] ****** [65 done /117 queued / 16 running / 63 errors / 77% coverage ] ****** [65 done /117 queued / 16 running / 63 errors / 77% coverage ] ****** [66 done /116 queued / 16 running / 64 errors / 77% coverage ] ****** [66 done /116 queued / 16 running / 64 errors / 77% coverage ] ****** [67 done /115 queued / 16 running / 65 errors / 77% coverage ] ****** [67 done /115 queued / 16 running / 65 errors / 77% coverage ] ****** [68 done /114 queued / 16 running / 66 errors / 77% coverage ] ****** [68 done /114 queued / 16 running / 66 errors / 77% coverage ] ****** [69 done /132 queued / 16 running / 67 errors / 77% coverage ] ****** [69 done /132 queued / 16 running / 67 errors / 77% coverage ] ****** [70 done /132 queued / 16 running / 68 errors / 77% coverage ] ****** [70 done /132 queued / 16 running / 68 errors / 77% coverage ] ****** [71 done /156 queued / 16 running / 69 errors / 77% coverage ] ****** [71 done /156 queued / 16 running / 69 errors / 77% coverage ] ****** [72 done /155 queued / 16 running / 70 errors / 77% coverage ] ****** [72 done /155 queued / 16 running / 70 errors / 77% coverage ] ****** [73 done /155 queued / 16 running / 71 errors / 77% coverage ] ****** [73 done /155 queued / 16 running / 71 errors / 77% coverage ] ****** [74 done /155 queued / 16 running / 72 errors / 77% coverage ] ****** [74 done /155 queued / 16 running / 72 errors / 77% coverage ] ****** [75 done /156 queued / 16 running / 73 errors / 77% coverage ] ****** [75 done /156 queued / 16 running / 73 errors / 77% coverage ] ****** [76 done /160 queued / 16 running / 74 errors / 77% coverage ] ****** [76 done /160 queued / 16 running / 74 errors / 77% coverage ] ****** [77 done /172 queued / 16 running / 75 errors / 77% coverage ] ****** [77 done /172 queued / 16 running / 75 errors / 77% coverage ] ****** [78 done /172 queued / 16 running / 76 errors / 77% coverage ] ****** [78 done /172 queued / 16 running / 76 errors / 77% coverage ] ****** [79 done /184 queued / 16 running / 77 errors / 77% coverage ] ****** [79 done /184 queued / 16 running / 77 errors / 77% coverage ] ****** [80 done /196 queued / 16 running / 78 errors / 77% coverage ] ****** [80 done /196 queued / 16 running / 78 errors / 77% coverage ] ****** [81 done /211 queued / 16 running / 79 errors / 77% coverage ] ****** [81 done /211 queued / 16 running / 79 errors / 77% coverage ] ****** [82 done /214 queued / 16 running / 79 errors / 77% coverage ] ****** [82 done /214 queued / 16 running / 79 errors / 77% coverage ] ****** [83 done /232 queued / 16 running / 80 errors / 77% coverage ] ****** [83 done /232 queued / 16 running / 80 errors / 77% coverage ] ****** [84 done /240 queued / 16 running / 81 errors / 77% coverage ] ****** [84 done /240 queued / 16 running / 81 errors / 77% coverage ] ****** [85 done /265 queued / 16 running / 82 errors / 79% coverage ] ****** [85 done /265 queued / 16 running / 82 errors / 79% coverage ] ****** [86 done /285 queued / 16 running / 83 errors / 79% coverage ] ****** [86 done /285 queued / 16 running / 83 errors / 79% coverage ] ****** [87 done /299 queued / 16 running / 84 errors / 79% coverage ] ****** [87 done /299 queued / 16 running / 84 errors / 79% coverage ] ****** [88 done /311 queued / 16 running / 85 errors / 79% coverage ] ****** [88 done /311 queued / 16 running / 85 errors / 79% coverage ] ****** [89 done /333 queued / 16 running / 86 errors / 79% coverage ] ****** [89 done /333 queued / 16 running / 86 errors / 79% coverage ] ****** [90 done /348 queued / 16 running / 87 errors / 79% coverage ] ****** [90 done /348 queued / 16 running / 87 errors / 79% coverage ] ****** [91 done /369 queued / 16 running / 88 errors / 79% coverage ] ****** [91 done /369 queued / 16 running / 88 errors / 79% coverage ] ****** [92 done /391 queued / 16 running / 89 errors / 79% coverage ] ****** [92 done /391 queued / 16 running / 89 errors / 79% coverage ] ****** [93 done /412 queued / 16 running / 90 errors / 79% coverage ] ****** [93 done /412 queued / 16 running / 90 errors / 79% coverage ] ****** [94 done /428 queued / 16 running / 91 errors / 79% coverage ] ****** [94 done /428 queued / 16 running / 91 errors / 79% coverage ] ****** [95 done /444 queued / 16 running / 92 errors / 79% coverage ] ****** [95 done /444 queued / 16 running / 92 errors / 79% coverage ] ****** [96 done /460 queued / 16 running / 93 errors / 79% coverage ] ****** [96 done /460 queued / 16 running / 93 errors / 79% coverage ] ****** [97 done /488 queued / 16 running / 94 errors / 79% coverage ] ****** [97 done /488 queued / 16 running / 94 errors / 79% coverage ] ****** [98 done /509 queued / 16 running / 95 errors / 79% coverage ] ****** [98 done /509 queued / 16 running / 95 errors / 79% coverage ] ****** [99 done /530 queued / 16 running / 96 errors / 79% coverage ] ****** [99 done /530 queued / 16 running / 96 errors / 79% coverage ] ****** [100 done /529 queued / 16 running / 97 errors / 79% coverage ] ****** [100 done /529 queued / 16 running / 97 errors / 79% coverage ] ****** [101 done /551 queued / 16 running / 98 errors / 79% coverage ] ****** [101 done /551 queued / 16 running / 98 errors / 79% coverage ] ****** [102 done /559 queued / 16 running / 99 errors / 79% coverage ] ****** [102 done /559 queued / 16 running / 99 errors / 79% coverage ] ****** [103 done /558 queued / 16 running / 100 errors / 79% coverage ] ****** [103 done /558 queued / 16 running / 100 errors / 79% coverage ] ****** [104 done /557 queued / 16 running / 101 errors / 79% coverage ] ****** [104 done /557 queued / 16 running / 101 errors / 79% coverage ] ****** [105 done /573 queued / 16 running / 102 errors / 79% coverage ] ****** [105 done /573 queued / 16 running / 102 errors / 79% coverage ] ****** [106 done /599 queued / 16 running / 103 errors / 79% coverage ] ****** [106 done /599 queued / 16 running / 103 errors / 79% coverage ] ****** [107 done /603 queued / 16 running / 104 errors / 79% coverage ] ****** [107 done /603 queued / 16 running / 104 errors / 79% coverage ] ****** [108 done /602 queued / 16 running / 105 errors / 79% coverage ] ****** [108 done /602 queued / 16 running / 105 errors / 79% coverage ] ****** [109 done /601 queued / 16 running / 106 errors / 79% coverage ] ****** [109 done /601 queued / 16 running / 106 errors / 79% coverage ] ****** [110 done /600 queued / 16 running / 107 errors / 79% coverage ] ****** [110 done /600 queued / 16 running / 107 errors / 79% coverage ] ****** [111 done /621 queued / 16 running / 108 errors / 79% coverage ] ****** [111 done /621 queued / 16 running / 108 errors / 79% coverage ] ****** [112 done /620 queued / 16 running / 109 errors / 79% coverage ] ****** [112 done /620 queued / 16 running / 109 errors / 79% coverage ] ****** [113 done /619 queued / 16 running / 110 errors / 79% coverage ] ****** [113 done /619 queued / 16 running / 110 errors / 79% coverage ] ****** [114 done /640 queued / 16 running / 111 errors / 79% coverage ] ****** [114 done /640 queued / 16 running / 111 errors / 79% coverage ] ****** [115 done /656 queued / 16 running / 112 errors / 79% coverage ] ****** [115 done /656 queued / 16 running / 112 errors / 79% coverage ] ****** [116 done /671 queued / 16 running / 113 errors / 79% coverage ] ****** [116 done /671 queued / 16 running / 113 errors / 79% coverage ] ****** [117 done /670 queued / 16 running / 114 errors / 79% coverage ] ****** [117 done /670 queued / 16 running / 114 errors / 79% coverage ] ****** [118 done /692 queued / 16 running / 115 errors / 79% coverage ] ****** [118 done /692 queued / 16 running / 115 errors / 79% coverage ] ****** [119 done /713 queued / 16 running / 116 errors / 79% coverage ] ****** [119 done /713 queued / 16 running / 116 errors / 79% coverage ] ****** [120 done /734 queued / 16 running / 117 errors / 79% coverage ] ****** [120 done /734 queued / 16 running / 117 errors / 79% coverage ] ****** [121 done /756 queued / 16 running / 118 errors / 79% coverage ] ****** [121 done /756 queued / 16 running / 118 errors / 79% coverage ] ****** [122 done /758 queued / 16 running / 119 errors / 80% coverage ] ****** [122 done /758 queued / 16 running / 119 errors / 80% coverage ] ****** [123 done /774 queued / 16 running / 120 errors / 80% coverage ] ****** [123 done /774 queued / 16 running / 120 errors / 80% coverage ] ****** [124 done /789 queued / 16 running / 121 errors / 80% coverage ] ****** [124 done /789 queued / 16 running / 121 errors / 80% coverage ] ****** [125 done /805 queued / 16 running / 122 errors / 80% coverage ] ****** [125 done /805 queued / 16 running / 122 errors / 80% coverage ] ****** [126 done /821 queued / 16 running / 123 errors / 80% coverage ] ****** [126 done /821 queued / 16 running / 123 errors / 80% coverage ] ****** [127 done /844 queued / 16 running / 124 errors / 80% coverage ] ****** [127 done /844 queued / 16 running / 124 errors / 80% coverage ] ****** [128 done /859 queued / 16 running / 125 errors / 80% coverage ] ****** [128 done /859 queued / 16 running / 125 errors / 80% coverage ] ****** [129 done /876 queued / 16 running / 126 errors / 80% coverage ] ****** [129 done /876 queued / 16 running / 126 errors / 80% coverage ] ****** [130 done /893 queued / 16 running / 127 errors / 80% coverage ] ****** [130 done /893 queued / 16 running / 127 errors / 80% coverage ] ****** [131 done /908 queued / 16 running / 128 errors / 80% coverage ] ****** [131 done /908 queued / 16 running / 128 errors / 80% coverage ] ****** [132 done /929 queued / 16 running / 129 errors / 80% coverage ] ****** [132 done /929 queued / 16 running / 129 errors / 80% coverage ] ****** [133 done /946 queued / 16 running / 130 errors / 80% coverage ] ****** [133 done /946 queued / 16 running / 130 errors / 80% coverage ] ****** [134 done /967 queued / 16 running / 131 errors / 80% coverage ] ****** [134 done /967 queued / 16 running / 131 errors / 80% coverage ] ****** [135 done /982 queued / 16 running / 132 errors / 80% coverage ] ****** [135 done /982 queued / 16 running / 132 errors / 80% coverage ] ****** [136 done /998 queued / 16 running / 133 errors / 80% coverage ] ****** [136 done /998 queued / 16 running / 133 errors / 80% coverage ] ****** [137 done /1004 queued / 16 running / 134 errors / 80% coverage ] ****** [137 done /1004 queued / 16 running / 134 errors / 80% coverage ] ****** [138 done /1020 queued / 16 running / 135 errors / 80% coverage ] ****** [138 done /1020 queued / 16 running / 135 errors / 80% coverage ] ****** [139 done /1042 queued / 16 running / 136 errors / 80% coverage ] ****** [139 done /1042 queued / 16 running / 136 errors / 80% coverage ] ****** [140 done /1044 queued / 16 running / 137 errors / 80% coverage ] ****** [140 done /1044 queued / 16 running / 137 errors / 80% coverage ] ****** [141 done /1066 queued / 16 running / 138 errors / 80% coverage ] ****** [141 done /1066 queued / 16 running / 138 errors / 80% coverage ] ****** [142 done /1090 queued / 16 running / 139 errors / 80% coverage ] ****** [142 done /1090 queued / 16 running / 139 errors / 80% coverage ] ****** [143 done /1102 queued / 16 running / 140 errors / 80% coverage ] ****** [143 done /1102 queued / 16 running / 140 errors / 80% coverage ] ****** [144 done /1117 queued / 16 running / 141 errors / 80% coverage ] ****** [144 done /1117 queued / 16 running / 141 errors / 80% coverage ] ****** [145 done /1141 queued / 16 running / 142 errors / 80% coverage ] ****** [145 done /1141 queued / 16 running / 142 errors / 80% coverage ] ****** [146 done /1163 queued / 16 running / 143 errors / 80% coverage ] ****** [146 done /1163 queued / 16 running / 143 errors / 80% coverage ] ****** [147 done /1185 queued / 16 running / 144 errors / 80% coverage ] ****** [147 done /1185 queued / 16 running / 144 errors / 80% coverage ] ****** [148 done /1200 queued / 16 running / 145 errors / 80% coverage ] ****** [148 done /1200 queued / 16 running / 145 errors / 80% coverage ] ****** [149 done /1215 queued / 16 running / 146 errors / 80% coverage ] ****** [149 done /1215 queued / 16 running / 146 errors / 80% coverage ] ****** [150 done /1221 queued / 16 running / 147 errors / 80% coverage ] ****** [150 done /1221 queued / 16 running / 147 errors / 80% coverage ] ****** [151 done /1220 queued / 16 running / 148 errors / 80% coverage ] ****** [151 done /1220 queued / 16 running / 148 errors / 80% coverage ] ****** [152 done /1246 queued / 16 running / 149 errors / 80% coverage ] ****** [152 done /1246 queued / 16 running / 149 errors / 80% coverage ] ****** [153 done /1255 queued / 16 running / 150 errors / 80% coverage ] ****** [153 done /1255 queued / 16 running / 150 errors / 80% coverage ] ****** [154 done /1271 queued / 16 running / 151 errors / 80% coverage ] ****** [154 done /1271 queued / 16 running / 151 errors / 80% coverage ] ****** [155 done /1283 queued / 16 running / 152 errors / 80% coverage ] ****** [155 done /1283 queued / 16 running / 152 errors / 80% coverage ] ****** [156 done /1305 queued / 16 running / 153 errors / 80% coverage ] ****** [156 done /1305 queued / 16 running / 153 errors / 80% coverage ] ****** [157 done /1327 queued / 16 running / 154 errors / 80% coverage ] ****** [157 done /1327 queued / 16 running / 154 errors / 80% coverage ] ****** [158 done /1348 queued / 16 running / 155 errors / 80% coverage ] ****** [158 done /1348 queued / 16 running / 155 errors / 80% coverage ] ****** [159 done /1347 queued / 16 running / 156 errors / 80% coverage ] ****** [159 done /1347 queued / 16 running / 156 errors / 80% coverage ] ****** [160 done /1368 queued / 16 running / 157 errors / 80% coverage ] ****** [160 done /1368 queued / 16 running / 157 errors / 80% coverage ] ****** [161 done /1389 queued / 16 running / 158 errors / 80% coverage ] ****** [161 done /1389 queued / 16 running / 158 errors / 80% coverage ] ****** [162 done /1410 queued / 16 running / 159 errors / 80% coverage ] ****** [162 done /1410 queued / 16 running / 159 errors / 80% coverage ] ****** [163 done /1431 queued / 16 running / 160 errors / 80% coverage ] ****** [163 done /1431 queued / 16 running / 160 errors / 80% coverage ] ****** [164 done /1447 queued / 16 running / 161 errors / 80% coverage ] ****** [164 done /1447 queued / 16 running / 161 errors / 80% coverage ] ****** [165 done /1469 queued / 16 running / 162 errors / 80% coverage ] ****** [165 done /1469 queued / 16 running / 162 errors / 80% coverage ] ****** [166 done /1491 queued / 16 running / 163 errors / 80% coverage ] ****** [166 done /1491 queued / 16 running / 163 errors / 80% coverage ] ****** [167 done /1494 queued / 16 running / 164 errors / 80% coverage ] ****** [167 done /1494 queued / 16 running / 164 errors / 80% coverage ] ****** [168 done /1500 queued / 16 running / 165 errors / 80% coverage ] ****** [168 done /1500 queued / 16 running / 165 errors / 80% coverage ] ****** [169 done /1522 queued / 16 running / 166 errors / 80% coverage ] ****** [169 done /1522 queued / 16 running / 166 errors / 80% coverage ] ****** [170 done /1537 queued / 16 running / 167 errors / 80% coverage ] ****** [170 done /1537 queued / 16 running / 167 errors / 80% coverage ] ****** [171 done /1537 queued / 16 running / 168 errors / 80% coverage ] ****** [171 done /1537 queued / 16 running / 168 errors / 80% coverage ] ****** [172 done /1557 queued / 16 running / 169 errors / 80% coverage ] ****** [172 done /1557 queued / 16 running / 169 errors / 80% coverage ] ****** [173 done /1566 queued / 16 running / 170 errors / 80% coverage ] ****** [173 done /1566 queued / 16 running / 170 errors / 80% coverage ] ****** [174 done /1572 queued / 16 running / 171 errors / 80% coverage ] ****** [174 done /1572 queued / 16 running / 171 errors / 80% coverage ] ****** [175 done /1571 queued / 16 running / 172 errors / 80% coverage ] ****** [175 done /1571 queued / 16 running / 172 errors / 80% coverage ] ****** [176 done /1571 queued / 16 running / 173 errors / 80% coverage ] ****** [176 done /1571 queued / 16 running / 173 errors / 80% coverage ] ****** [177 done /1592 queued / 16 running / 174 errors / 80% coverage ] ****** [177 done /1592 queued / 16 running / 174 errors / 80% coverage ] ****** [178 done /1598 queued / 16 running / 175 errors / 80% coverage ] ****** [178 done /1598 queued / 16 running / 175 errors / 80% coverage ] ****** [179 done /1602 queued / 16 running / 176 errors / 80% coverage ] ****** [179 done /1602 queued / 16 running / 176 errors / 80% coverage ] ****** [180 done /1601 queued / 16 running / 177 errors / 80% coverage ] ****** [180 done /1601 queued / 16 running / 177 errors / 80% coverage ] ****** [181 done /1604 queued / 16 running / 178 errors / 80% coverage ] ****** [181 done /1604 queued / 16 running / 178 errors / 80% coverage ] ****** [182 done /1624 queued / 16 running / 179 errors / 80% coverage ] ****** [182 done /1624 queued / 16 running / 179 errors / 80% coverage ] ****** [183 done /1626 queued / 16 running / 180 errors / 80% coverage ] ****** [183 done /1626 queued / 16 running / 180 errors / 80% coverage ] ****** [184 done /1642 queued / 16 running / 181 errors / 80% coverage ] ****** [184 done /1642 queued / 16 running / 181 errors / 80% coverage ] ****** [185 done /1647 queued / 16 running / 182 errors / 80% coverage ] ****** [185 done /1647 queued / 16 running / 182 errors / 80% coverage ] ****** [186 done /1653 queued / 16 running / 183 errors / 80% coverage ] ****** [186 done /1653 queued / 16 running / 183 errors / 80% coverage ] ****** [187 done /1659 queued / 16 running / 184 errors / 80% coverage ] ****** [187 done /1659 queued / 16 running / 184 errors / 80% coverage ] ****** [188 done /1675 queued / 16 running / 185 errors / 80% coverage ] ****** [188 done /1675 queued / 16 running / 185 errors / 80% coverage ] ****** [189 done /1696 queued / 16 running / 186 errors / 80% coverage ] ****** [189 done /1696 queued / 16 running / 186 errors / 80% coverage ] ****** [190 done /1696 queued / 16 running / 187 errors / 80% coverage ] ****** [190 done /1696 queued / 16 running / 187 errors / 80% coverage ] ****** [191 done /1712 queued / 16 running / 188 errors / 80% coverage ] ****** [191 done /1712 queued / 16 running / 188 errors / 80% coverage ] ****** [192 done /1733 queued / 16 running / 189 errors / 80% coverage ] ****** [192 done /1733 queued / 16 running / 189 errors / 80% coverage ] ****** [193 done /1748 queued / 16 running / 190 errors / 80% coverage ] ****** [193 done /1748 queued / 16 running / 190 errors / 80% coverage ] ***
*-- Stat Module Output --*
*-- concretizations: ["defineProperty","bound consoleCall","call","apply","bind","toString","bound Component","bound Attribute","bound ","Error","charCodeAt","join","reverse","Function","sort","splice","Array","toUpperCase","stringify","parseFloat"]
*-- regex: 13725
*-- Stat Module Done --*
*-- Test Case {"_bound":0,"Switcher":false,"Target_Switch_Base":0,"ExpansionArg_type":0} start 0.0155 took 6.4242s
*-- Errors occured in test {"_bound":0,"Switcher":false,"Target_Switch_Base":0,"ExpansionArg_type":0}
* Error: TypeError: Cannot read property 'attributes' of undefined
*-- Replay with NO_COMPILE=1 expoSE replay '/home/pbai002/ExpoSE/lib/Harness/src/harness.js' '{"_bound":0}'
*-- Test Case {"Switcher":false,"Target_Switch_Base":1,"ExpansionArg_type":0,"_bound":1} start 6.5343 took 6.0983s
*-- Errors occured in test {"Switcher":false,"Target_Switch_Base":1,"ExpansionArg_type":0,"_bound":1}
* Error: TypeError: Cannot read property 'view' of undefined
*-- Replay with NO_COMPILE=1 expoSE replay '/home/pbai002/ExpoSE/lib/Harness/src/harness.js' '{"Switcher":false,"Target_Switch_Base":1,"ExpansionArg_type":0,"_bound":1}'
*-- Test Case {"Switcher":false,"Target_Switch_Base":0,"ExpansionArg_type":1,"_bound":2} start 6.5627 took 6.8668s
*-- Errors occured in test {"Switcher":false,"Target_Switch_Base":0,"ExpansionArg_type":1,"_bound":2}
* Error: TypeError: Cannot read property 'attributes' of null
*-- Replay with NO_COMPILE=1 expoSE replay '/home/pbai002/ExpoSE/lib/Harness/src/harness.js' '{"Switcher":false,"Target_Switch_Base":0,"ExpansionArg_type":1,"_bound":2}'
*-- Test Case {"Switcher":false,"Target_Switch_Base":1,"ExpansionArg_type":2,"_bound":3,"ExpansionArg_int":0} start 12.6826 took 6.3597s
*-- Errors occured in test {"Switcher":false,"Target_Switch_Base":1,"ExpansionArg_type":2,"_bound":3,"ExpansionArg_int":0}
* Error: TypeError: Cannot read property 'template' of undefined
*-- Replay with NO_COMPILE=1 expoSE replay '/home/pbai002/ExpoSE/lib/Harness/src/harness.js' '{"Switcher":false,"Target_Switch_Base":1,"ExpansionArg_type":2,"_bound":3}'
*-- Test Case {"Switcher":false,"Target_Switch_Base":2,"ExpansionArg_type":0,"_bound":2,"ExpansionArg_type_2":0} start 12.7055 took 7.1258s
*-- Errors occured in test {"Switcher":false,"Target_Switch_Base":2,"ExpansionArg_type":0,"_bound":2,"ExpansionArg_type_2":0}
* Error: Error: source must either be type 'string' or 'function'
*-- Replay with NO_COMPILE=1 expoSE replay '/home/pbai002/ExpoSE/lib/Harness/src/harness.js' '{"Switcher":false,"Target_Switch_Base":2,"ExpansionArg_type":0,"_bound":2}'
*-- Test Case {"Switcher":false,"Target_Switch_Base":0,"ExpansionArg_type":2,"_bound":3,"ExpansionArg_int":0} start 13.4831 took 6.5341s
*-- Errors occured in test {"Switcher":false,"Target_Switch_Base":0,"ExpansionArg_type":2,"_bound":3,"ExpansionArg_int":0}
* Error: TypeError: Cannot read property 'template' of undefined
*-- Replay with NO_COMPILE=1 expoSE replay '/home/pbai002/ExpoSE/lib/Harness/src/harness.js' '{"Switcher":false,"Target_Switch_Base":0,"ExpansionArg_type":2,"_bound":3}'
*-- Test Case {"Switcher":false,"Target_Switch_Base":1,"ExpansionArg_type":3,"ExpansionArg_int":0,"_bound":5,"ExpansionArg_string":"PureString"} start 19.1258 took 7.7085s
*-- Errors occured in test {"Switcher":false,"Target_Switch_Base":1,"ExpansionArg_type":3,"ExpansionArg_int":0,"_bound":5,"ExpansionArg_string":"PureString"}
* Error: TypeError: Cannot read property 'template' of undefined
*-- Replay with NO_COMPILE=1 expoSE replay '/home/pbai002/ExpoSE/lib/Harness/src/harness.js' '{"Switcher":false,"Target_Switch_Base":1,"ExpansionArg_type":3,"ExpansionArg_int":0,"_bound":5}'
*-- Test Case {"Switcher":false,"Target_Switch_Base":1,"ExpansionArg_type":1,"ExpansionArg_int":0,"_bound":4} start 19.1011 took 7.8827s
*-- Errors occured in test {"Switcher":false,"Target_Switch_Base":1,"ExpansionArg_type":1,"ExpansionArg_int":0,"_bound":4}
* Error: TypeError: Cannot read property 'view' of null
*-- Replay with NO_COMPILE=1 expoSE replay '/home/pbai002/ExpoSE/lib/Harness/src/harness.js' '{"Switcher":false,"Target_Switch_Base":1,"ExpansionArg_type":1,"ExpansionArg_int":0,"_bound":4}'
*-- Test Case {"Switcher":false,"Target_Switch_Base":0,"ExpansionArg_type":3,"ExpansionArg_int":0,"_bound":4,"ExpansionArg_string":"PureString"} start 20.0733 took 7.5799s
*-- Errors occured in test {"Switcher":false,"Target_Switch_Base":0,"ExpansionArg_type":3,"ExpansionArg_int":0,"_bound":4,"ExpansionArg_string":"PureString"}
* Error: TypeError: Cannot read property 'template' of undefined
*-- Replay with NO_COMPILE=1 expoSE replay '/home/pbai002/ExpoSE/lib/Harness/src/harness.js' '{"Switcher":false,"Target_Switch_Base":0,"ExpansionArg_type":3,"ExpansionArg_int":0,"_bound":4}'
*-- Test Case {"Switcher":false,"Target_Switch_Base":2,"ExpansionArg_type":0,"ExpansionArg_type_2":3,"_bound":5,"ExpansionArg_string":"PureString"} start 19.8832 took 7.7703s
*-- Errors occured in test {"Switcher":false,"Target_Switch_Base":2,"ExpansionArg_type":0,"ExpansionArg_type_2":3,"_bound":5,"ExpansionArg_string":"PureString"}
* Error: Error: source must either be type 'string' or 'function'
*-- Replay with NO_COMPILE=1 expoSE replay '/home/pbai002/ExpoSE/lib/Harness/src/harness.js' '{"Switcher":false,"Target_Switch_Base":2,"ExpansionArg_type":0,"ExpansionArg_type_2":3,"_bound":5}'
*-- Test Case {"Switcher":false,"Target_Switch_Base":3,"ExpansionArg_type":0,"ExpansionArg_type_2":0,"_bound":3} start 19.9265 took 8.4351s
*-- Errors occured in test {"Switcher":false,"Target_Switch_Base":3,"ExpansionArg_type":0,"ExpansionArg_type_2":0,"_bound":3}
* Error: TypeError: Cannot read property 'charAt' of undefined
*-- Replay with NO_COMPILE=1 expoSE replay '/home/pbai002/ExpoSE/lib/Harness/src/harness.js' '{"Switcher":false,"Target_Switch_Base":3,"ExpansionArg_type":0,"ExpansionArg_type_2":0,"_bound":3}'
*-- Test Case {"Switcher":false,"Target_Switch_Base":2,"ExpansionArg_type":3,"ExpansionArg_type_2":0,"_bound":4,"ExpansionArg_string":"PureString"} start 19.9046 took 10.8698s
*-- Errors occured in test {"Switcher":false,"Target_Switch_Base":2,"ExpansionArg_type":3,"ExpansionArg_type_2":0,"_bound":4,"ExpansionArg_string":"PureString"}
* Error: ReferenceError: require is not defined
*-- Replay with NO_COMPILE=1 expoSE replay '/home/pbai002/ExpoSE/lib/Harness/src/harness.js' '{"Switcher":false,"Target_Switch_Base":2,"ExpansionArg_type":3,"ExpansionArg_type_2":0,"_bound":4}'
*-- Test Case {"Switcher":false,"Target_Switch_Base":1,"ExpansionArg_type":4,"ExpansionArg_string":"","_bound":6,"ExpansionArg_array_length":0} start 26.9048 took 6.8518s
*-- Errors occured in test {"Switcher":false,"Target_Switch_Base":1,"ExpansionArg_type":4,"ExpansionArg_string":"","_bound":6,"ExpansionArg_array_length":0}
* Error: TypeError: Cannot read property 'template' of undefined
*-- Replay with NO_COMPILE=1 expoSE replay '/home/pbai002/ExpoSE/lib/Harness/src/harness.js' '{"Switcher":false,"Target_Switch_Base":1,"ExpansionArg_type":4,"ExpansionArg_string":"","_bound":6}'
*-- Test Case {"Switcher":false,"Target_Switch_Base":2,"ExpansionArg_type":0,"ExpansionArg_type_2":4,"ExpansionArg_string":"","_bound":8,"ExpansionArg_array_length":0} start 27.8665 took 7.2775s
*-- Errors occured in test {"Switcher":false,"Target_Switch_Base":2,"ExpansionArg_type":0,"ExpansionArg_type_2":4,"ExpansionArg_string":"","_bound":8,"ExpansionArg_array_length":0}
* Error: Error: source must either be type 'string' or 'function'
*-- Replay with NO_COMPILE=1 expoSE replay '/home/pbai002/ExpoSE/lib/Harness/src/harness.js' '{"Switcher":false,"Target_Switch_Base":2,"ExpansionArg_type":0,"ExpansionArg_type_2":4,"ExpansionArg_string":"","_bound":8}'
*-- Test Case {"Switcher":false,"Target_Switch_Base":2,"ExpansionArg_type":0,"ExpansionArg_type_2":2,"ExpansionArg_string":"","_bound":7,"ExpansionArg_int":0} start 27.844 took 7.4112s
*-- Errors occured in test {"Switcher":false,"Target_Switch_Base":2,"ExpansionArg_type":0,"ExpansionArg_type_2":2,"ExpansionArg_string":"","_bound":7,"ExpansionArg_int":0}
* Error: Error: source must either be type 'string' or 'function'
*-- Replay with NO_COMPILE=1 expoSE replay '/home/pbai002/ExpoSE/lib/Harness/src/harness.js' '{"Switcher":false,"Target_Switch_Base":2,"ExpansionArg_type":0,"ExpansionArg_type_2":2,"ExpansionArg_string":"","_bound":7}'
*-- Test Case {"Switcher":false,"Target_Switch_Base":0,"ExpansionArg_type":4,"ExpansionArg_string":"","_bound":5,"ExpansionArg_array_length":0} start 27.7209 took 7.5344s
*-- Errors occured in test {"Switcher":false,"Target_Switch_Base":0,"ExpansionArg_type":4,"ExpansionArg_string":"","_bound":5,"ExpansionArg_array_length":0}
* Error: TypeError: Cannot read property 'template' of undefined
*-- Replay with NO_COMPILE=1 expoSE replay '/home/pbai002/ExpoSE/lib/Harness/src/harness.js' '{"Switcher":false,"Target_Switch_Base":0,"ExpansionArg_type":4,"ExpansionArg_string":"","_bound":5}'
*-- Test Case {"Switcher":false,"Target_Switch_Base":2,"ExpansionArg_type":0,"ExpansionArg_type_2":1,"ExpansionArg_string":"","_bound":6} start 27.8202 took 7.4351s
*-- Errors occured in test {"Switcher":false,"Target_Switch_Base":2,"ExpansionArg_type":0,"ExpansionArg_type_2":1,"ExpansionArg_string":"","_bound":6}
* Error: Error: source must either be type 'string' or 'function'
*-- Replay with NO_COMPILE=1 expoSE replay '/home/pbai002/ExpoSE/lib/Harness/src/harness.js' '{"Switcher":false,"Target_Switch_Base":2,"ExpansionArg_type":0,"ExpansionArg_type_2":1,"ExpansionArg_string":"","_bound":6}'
*-- Test Case {"Switcher":false,"Target_Switch_Base":4,"ExpansionArg_type":0,"_bound":4} start 28.4383 took 7.3669s
*-- Test Case {"Switcher":false,"Target_Switch_Base":3,"ExpansionArg_type":4,"_bound":5,"ExpansionArg_array_length":0} start 28.4737 took 8.7568s
*-- Errors occured in test {"Switcher":false,"Target_Switch_Base":3,"ExpansionArg_type":4,"_bound":5,"ExpansionArg_array_length":0}
* Error: TypeError: Function.prototype.apply was called on undefined, which is a undefined and not a function
*-- Replay with NO_COMPILE=1 expoSE replay '/home/pbai002/ExpoSE/lib/Harness/src/harness.js' '{"Switcher":false,"Target_Switch_Base":3,"ExpansionArg_type":4,"_bound":5}'
*-- Test Case {"Switcher":false,"Target_Switch_Base":2,"ExpansionArg_type":4,"ExpansionArg_string":"","ExpansionArg_type_2":0,"_bound":7,"ExpansionArg_array_length":0} start 30.993 took 6.7268s
*-- Errors occured in test {"Switcher":false,"Target_Switch_Base":2,"ExpansionArg_type":4,"ExpansionArg_string":"","ExpansionArg_type_2":0,"_bound":7,"ExpansionArg_array_length":0}
* Error: Error: source must either be type 'string' or 'function'
*-- Replay with NO_COMPILE=1 expoSE replay '/home/pbai002/ExpoSE/lib/Harness/src/harness.js' '{"Switcher":false,"Target_Switch_Base":2,"ExpansionArg_type":4,"ExpansionArg_string":"","ExpansionArg_type_2":0,"_bound":7}'
*-- Test Case {"Switcher":false,"Target_Switch_Base":2,"ExpansionArg_type":3,"ExpansionArg_string":"\u0000","ExpansionArg_type_2":0,"_bound":11} start 30.9265 took 8.1792s
*-- Errors occured in test {"Switcher":false,"Target_Switch_Base":2,"ExpansionArg_type":3,"ExpansionArg_string":"\u0000","ExpansionArg_type_2":0,"_bound":11}
* Error: ReferenceError: require is not defined
*-- Replay with NO_COMPILE=1 expoSE replay '/home/pbai002/ExpoSE/lib/Harness/src/harness.js' '{"Switcher":false,"Target_Switch_Base":2,"ExpansionArg_type":3,"ExpansionArg_string":"\u0000","ExpansionArg_type_2":0,"_bound":11}'
*-- Test Case {"Switcher":false,"Target_Switch_Base":2,"ExpansionArg_type":3,"ExpansionArg_string":" ","ExpansionArg_type_2":0,"_bound":9} start 30.8731 took 8.2339s
*-- Errors occured in test {"Switcher":false,"Target_Switch_Base":2,"ExpansionArg_type":3,"ExpansionArg_string":" ","ExpansionArg_type_2":0,"_bound":9}
* Error: ReferenceError: require is not defined
*-- Replay with NO_COMPILE=1 expoSE replay '/home/pbai002/ExpoSE/lib/Harness/src/harness.js' '{"Switcher":false,"Target_Switch_Base":2,"ExpansionArg_type":3,"ExpansionArg_string":" ","ExpansionArg_type_2":0,"_bound":9}'
*-- Test Case {"Switcher":false,"Target_Switch_Base":2,"ExpansionArg_type":3,"ExpansionArg_string":"","ExpansionArg_type_2":0,"_bound":12} start 30.8416 took 8.5172s
*-- Errors occured in test {"Switcher":false,"Target_Switch_Base":2,"ExpansionArg_type":3,"ExpansionArg_string":"","ExpansionArg_type_2":0,"_bound":12}
* Error: ReferenceError: require is not defined
*-- Replay with NO_COMPILE=1 expoSE replay '/home/pbai002/ExpoSE/lib/Harness/src/harness.js' '{"Switcher":false,"Target_Switch_Base":2,"ExpansionArg_type":3,"ExpansionArg_string":"","ExpansionArg_type_2":0,"_bound":12}'
*-- Test Case {"Switcher":false,"Target_Switch_Base":2,"ExpansionArg_type":3,"ExpansionArg_string":"\u0000","ExpansionArg_type_2":0,"_bound":14} start 30.9 took 8.4589s
*-- Errors occured in test {"Switcher":false,"Target_Switch_Base":2,"ExpansionArg_type":3,"ExpansionArg_string":"\u0000","ExpansionArg_type_2":0,"_bound":14}
* Error: ReferenceError: require is not defined
*-- Replay with NO_COMPILE=1 expoSE replay '/home/pbai002/ExpoSE/lib/Harness/src/harness.js' '{"Switcher":false,"Target_Switch_Base":2,"ExpansionArg_type":3,"ExpansionArg_string":"\u0000","ExpansionArg_type_2":0,"_bound":14}'
*-- Test Case {"Switcher":false,"Target_Switch_Base":2,"ExpansionArg_type":3,"ExpansionArg_string":"\u0000\u0000\u0000","ExpansionArg_type_2":0,"_bound":18} start 31.0204 took 8.3386s
*-- Errors occured in test {"Switcher":false,"Target_Switch_Base":2,"ExpansionArg_type":3,"ExpansionArg_string":"\u0000\u0000\u0000","ExpansionArg_type_2":0,"_bound":18}
* Error: ReferenceError: require is not defined
*-- Replay with NO_COMPILE=1 expoSE replay '/home/pbai002/ExpoSE/lib/Harness/src/harness.js' '{"Switcher":false,"Target_Switch_Base":2,"ExpansionArg_type":3,"ExpansionArg_string":"\u0000\u0000\u0000","ExpansionArg_type_2":0,"_bound":18}'
*-- Test Case {"Switcher":false,"Target_Switch_Base":1,"ExpansionArg_type":4,"ExpansionArg_array_length":1,"_bound":8,"ExpansionArg_array_element_0_type":0} start 33.8149 took 6.7994s
*-- Errors occured in test {"Switcher":false,"Target_Switch_Base":1,"ExpansionArg_type":4,"ExpansionArg_array_length":1,"_bound":8,"ExpansionArg_array_element_0_type":0}
* Error: TypeError: Cannot read property 'template' of undefined
*-- Replay with NO_COMPILE=1 expoSE replay '/home/pbai002/ExpoSE/lib/Harness/src/harness.js' '{"Switcher":false,"Target_Switch_Base":1,"ExpansionArg_type":4,"ExpansionArg_array_length":1,"_bound":8}'
*-- Test Case {"Switcher":false,"Target_Switch_Base":0,"ExpansionArg_type":4,"ExpansionArg_array_length":1,"_bound":7,"ExpansionArg_array_element_0_type":0} start 35.4223 took 6.3616s
*-- Errors occured in test {"Switcher":false,"Target_Switch_Base":0,"ExpansionArg_type":4,"ExpansionArg_array_length":1,"_bound":7,"ExpansionArg_array_element_0_type":0}
* Error: TypeError: Cannot read property 'template' of undefined
*-- Replay with NO_COMPILE=1 expoSE replay '/home/pbai002/ExpoSE/lib/Harness/src/harness.js' '{"Switcher":false,"Target_Switch_Base":0,"ExpansionArg_type":4,"ExpansionArg_array_length":1,"_bound":7}'
*-- Test Case {"Switcher":false,"Target_Switch_Base":2,"ExpansionArg_type":0,"ExpansionArg_type_2":5,"ExpansionArg_array_length":0,"_bound":9,"ExpansionArg_bool":false} start 35.1953 took 6.7083s
*-- Errors occured in test {"Switcher":false,"Target_Switch_Base":2,"ExpansionArg_type":0,"ExpansionArg_type_2":5,"ExpansionArg_array_length":0,"_bound":9,"ExpansionArg_bool":false}
* Error: Error: source must either be type 'string' or 'function'
*-- Replay with NO_COMPILE=1 expoSE replay '/home/pbai002/ExpoSE/lib/Harness/src/harness.js' '{"Switcher":false,"Target_Switch_Base":2,"ExpansionArg_type":0,"ExpansionArg_type_2":5,"ExpansionArg_array_length":0,"_bound":9}'
*-- Test Case {"Switcher":false,"Target_Switch_Base":2,"ExpansionArg_type":0,"ExpansionArg_type_2":4,"ExpansionArg_array_length":1,"_bound":10,"ExpansionArg_array_element_0_type":0} start 35.3102 took 6.5935s
*-- Errors occured in test {"Switcher":false,"Target_Switch_Base":2,"ExpansionArg_type":0,"ExpansionArg_type_2":4,"ExpansionArg_array_length":1,"_bound":10,"ExpansionArg_array_element_0_type":0}
* Error: Error: source must either be type 'string' or 'function'
*-- Replay with NO_COMPILE=1 expoSE replay '/home/pbai002/ExpoSE/lib/Harness/src/harness.js' '{"Switcher":false,"Target_Switch_Base":2,"ExpansionArg_type":0,"ExpansionArg_type_2":4,"ExpansionArg_array_length":1,"_bound":10}'
*-- Test Case {"Switcher":false,"Target_Switch_Base":1,"ExpansionArg_type":5,"ExpansionArg_array_length":0,"_bound":7,"ExpansionArg_bool":false} start 35.5186 took 6.6942s
*-- Errors occured in test {"Switcher":false,"Target_Switch_Base":1,"ExpansionArg_type":5,"ExpansionArg_array_length":0,"_bound":7,"ExpansionArg_bool":false}
* Error: TypeError: Cannot read property 'template' of undefined
*-- Replay with NO_COMPILE=1 expoSE replay '/home/pbai002/ExpoSE/lib/Harness/src/harness.js' '{"Switcher":false,"Target_Switch_Base":1,"ExpansionArg_type":5,"ExpansionArg_array_length":0,"_bound":7}'
*-- Test Case {"Switcher":false,"Target_Switch_Base":0,"ExpansionArg_type":5,"ExpansionArg_array_length":0,"_bound":6,"ExpansionArg_bool":false} start 35.8625 took 6.5914s
*-- Errors occured in test {"Switcher":false,"Target_Switch_Base":0,"ExpansionArg_type":5,"ExpansionArg_array_length":0,"_bound":6,"ExpansionArg_bool":false}
* Error: TypeError: Cannot read property 'template' of undefined
*-- Replay with NO_COMPILE=1 expoSE replay '/home/pbai002/ExpoSE/lib/Harness/src/harness.js' '{"Switcher":false,"Target_Switch_Base":0,"ExpansionArg_type":5,"ExpansionArg_array_length":0,"_bound":6}'
*-- Test Case {"Switcher":false,"Target_Switch_Base":2,"ExpansionArg_type":1,"ExpansionArg_string":"","ExpansionArg_type_2":0,"_bound":5} start 37.2976 took 6.3927s
*-- Errors occured in test {"Switcher":false,"Target_Switch_Base":2,"ExpansionArg_type":1,"ExpansionArg_string":"","ExpansionArg_type_2":0,"_bound":5}
* Error: Error: source must either be type 'string' or 'function'
*-- Replay with NO_COMPILE=1 expoSE replay '/home/pbai002/ExpoSE/lib/Harness/src/harness.js' '{"Switcher":false,"Target_Switch_Base":2,"ExpansionArg_type":1,"ExpansionArg_string":"","ExpansionArg_type_2":0,"_bound":5}'
*-- Test Case {"Switcher":false,"Target_Switch_Base":2,"ExpansionArg_type":5,"ExpansionArg_array_length":0,"ExpansionArg_type_2":0,"_bound":8,"ExpansionArg_bool":false} start 38.0291 took 5.9673s
*-- Errors occured in test {"Switcher":false,"Target_Switch_Base":2,"ExpansionArg_type":5,"ExpansionArg_array_length":0,"ExpansionArg_type_2":0,"_bound":8,"ExpansionArg_bool":false}
* Error: Error: source must either be type 'string' or 'function'
*-- Replay with NO_COMPILE=1 expoSE replay '/home/pbai002/ExpoSE/lib/Harness/src/harness.js' '{"Switcher":false,"Target_Switch_Base":2,"ExpansionArg_type":5,"ExpansionArg_array_length":0,"ExpansionArg_type_2":0,"_bound":8}'
*-- Test Case {"Switcher":false,"Target_Switch_Base":2,"ExpansionArg_type":3,"ExpansionArg_string":"\u0000\u0000\u0000\u0000\u0000\u0000","ExpansionArg_type_2":0,"_bound":24} start 39.1785 took 7.4135s
*-- Errors occured in test {"Switcher":false,"Target_Switch_Base":2,"ExpansionArg_type":3,"ExpansionArg_string":"\u0000\u0000\u0000\u0000\u0000\u0000","ExpansionArg_type_2":0,"_bound":24}
* Error: ReferenceError: require is not defined
*-- Replay with NO_COMPILE=1 expoSE replay '/home/pbai002/ExpoSE/lib/Harness/src/harness.js' '{"Switcher":false,"Target_Switch_Base":2,"ExpansionArg_type":3,"ExpansionArg_string":"\u0000\u0000\u0000\u0000\u0000\u0000","ExpansionArg_type_2":0,"_bound":24}'
*-- Test Case {"Switcher":false,"Target_Switch_Base":2,"ExpansionArg_type":3,"ExpansionArg_string":"","ExpansionArg_type_2":0,"_bound":17} start 39.4229 took 7.3133s
*-- Errors occured in test {"Switcher":false,"Target_Switch_Base":2,"ExpansionArg_type":3,"ExpansionArg_string":"","ExpansionArg_type_2":0,"_bound":17}
* Error: ReferenceError: require is not defined
*-- Replay with NO_COMPILE=1 expoSE replay '/home/pbai002/ExpoSE/lib/Harness/src/harness.js' '{"Switcher":false,"Target_Switch_Base":2,"ExpansionArg_type":3,"ExpansionArg_string":"","ExpansionArg_type_2":0,"_bound":17}'
*-- Test Case {"Switcher":false,"Target_Switch_Base":2,"ExpansionArg_type":3,"ExpansionArg_string":"","ExpansionArg_type_2":0,"_bound":16} start 39.5648 took 7.294s
*-- Errors occured in test {"Switcher":false,"Target_Switch_Base":2,"ExpansionArg_type":3,"ExpansionArg_string":"","ExpansionArg_type_2":0,"_bound":16}
* Error: ReferenceError: require is not defined
*-- Replay with NO_COMPILE=1 expoSE replay '/home/pbai002/ExpoSE/lib/Harness/src/harness.js' '{"Switcher":false,"Target_Switch_Base":2,"ExpansionArg_type":3,"ExpansionArg_string":"","ExpansionArg_type_2":0,"_bound":16}'
*-- Test Case {"Switcher":false,"Target_Switch_Base":2,"ExpansionArg_type":3,"ExpansionArg_string":"t ","ExpansionArg_type_2":0,"_bound":10} start 39.2914 took 7.9264s
*-- Errors occured in test {"Switcher":false,"Target_Switch_Base":2,"ExpansionArg_type":3,"ExpansionArg_string":"t ","ExpansionArg_type_2":0,"_bound":10}
* Error: ReferenceError: require is not defined
*-- Replay with NO_COMPILE=1 expoSE replay '/home/pbai002/ExpoSE/lib/Harness/src/harness.js' '{"Switcher":false,"Target_Switch_Base":2,"ExpansionArg_type":3,"ExpansionArg_string":"t ","ExpansionArg_type_2":0,"_bound":10}'
*-- Test Case {"Switcher":false,"Target_Switch_Base":2,"ExpansionArg_type":3,"ExpansionArg_string":"","ExpansionArg_type_2":0,"_bound":13} start 39.6868 took 8.045s
*-- Errors occured in test {"Switcher":false,"Target_Switch_Base":2,"ExpansionArg_type":3,"ExpansionArg_string":"","ExpansionArg_type_2":0,"_bound":13}
* Error: ReferenceError: require is not defined
*-- Replay with NO_COMPILE=1 expoSE replay '/home/pbai002/ExpoSE/lib/Harness/src/harness.js' '{"Switcher":false,"Target_Switch_Base":2,"ExpansionArg_type":3,"ExpansionArg_string":"","ExpansionArg_type_2":0,"_bound":13}'
*-- Test Case {"Switcher":false,"Target_Switch_Base":3,"ExpansionArg_type":4,"ExpansionArg_array_length":1,"_bound":10,"ExpansionArg_array_element_0_type":0} start 40.6648 took 7.1881s
*-- Errors occured in test {"Switcher":false,"Target_Switch_Base":3,"ExpansionArg_type":4,"ExpansionArg_array_length":1,"_bound":10,"ExpansionArg_array_element_0_type":0}
* Error: TypeError: Function.prototype.apply was called on undefined, which is a undefined and not a function
*-- Replay with NO_COMPILE=1 expoSE replay '/home/pbai002/ExpoSE/lib/Harness/src/harness.js' '{"Switcher":false,"Target_Switch_Base":3,"ExpansionArg_type":4,"ExpansionArg_array_length":1,"_bound":10}'
*-- Test Case {"Switcher":false,"Target_Switch_Base":2,"ExpansionArg_type":4,"ExpansionArg_array_length":1,"ExpansionArg_type_2":0,"_bound":9,"ExpansionArg_array_element_0_type":0} start 41.8436 took 6.2609s
*-- Errors occured in test {"Switcher":false,"Target_Switch_Base":2,"ExpansionArg_type":4,"ExpansionArg_array_length":1,"ExpansionArg_type_2":0,"_bound":9,"ExpansionArg_array_element_0_type":0}
* Error: Error: source must either be type 'string' or 'function'
*-- Replay with NO_COMPILE=1 expoSE replay '/home/pbai002/ExpoSE/lib/Harness/src/harness.js' '{"Switcher":false,"Target_Switch_Base":2,"ExpansionArg_type":4,"ExpansionArg_array_length":1,"ExpansionArg_type_2":0,"_bound":9}'
*-- Test Case {"Switcher":false,"Target_Switch_Base":2,"ExpansionArg_type":0,"ExpansionArg_type_2":4,"ExpansionArg_array_length":2,"ExpansionArg_array_element_0_type":0,"_bound":12,"ExpansionArg_array_element_1_type":0} start 44.0487 took 6.4964s
*-- Errors occured in test {"Switcher":false,"Target_Switch_Base":2,"ExpansionArg_type":0,"ExpansionArg_type_2":4,"ExpansionArg_array_length":2,"ExpansionArg_array_element_0_type":0,"_bound":12,"ExpansionArg_array_element_1_type":0}
* Error: Error: source must either be type 'string' or 'function'
*-- Replay with NO_COMPILE=1 expoSE replay '/home/pbai002/ExpoSE/lib/Harness/src/harness.js' '{"Switcher":false,"Target_Switch_Base":2,"ExpansionArg_type":0,"ExpansionArg_type_2":4,"ExpansionArg_array_length":2,"ExpansionArg_array_element_0_type":0,"_bound":12}'
*-- Test Case {"Switcher":false,"Target_Switch_Base":2,"ExpansionArg_type":3,"ExpansionArg_string":"","ExpansionArg_type_2":4,"_bound":8,"ExpansionArg_array_length":0} start 42.2762 took 8.2692s
*-- Errors occured in test {"Switcher":false,"Target_Switch_Base":2,"ExpansionArg_type":3,"ExpansionArg_string":"","ExpansionArg_type_2":4,"_bound":8,"ExpansionArg_array_length":0}
* Error: ReferenceError: require is not defined
*-- Replay with NO_COMPILE=1 expoSE replay '/home/pbai002/ExpoSE/lib/Harness/src/harness.js' '{"Switcher":false,"Target_Switch_Base":2,"ExpansionArg_type":3,"ExpansionArg_string":"","ExpansionArg_type_2":4,"_bound":8}'
*-- Test Case {"Switcher":false,"Target_Switch_Base":2,"ExpansionArg_type":3,"ExpansionArg_string":"\u0000\u0000","ExpansionArg_type_2":0,"_bound":16} start 42.5072 took 8.3246s
*-- Errors occured in test {"Switcher":false,"Target_Switch_Base":2,"ExpansionArg_type":3,"ExpansionArg_string":"\u0000\u0000","ExpansionArg_type_2":0,"_bound":16}
* Error: ReferenceError: require is not defined
*-- Replay with NO_COMPILE=1 expoSE replay '/home/pbai002/ExpoSE/lib/Harness/src/harness.js' '{"Switcher":false,"Target_Switch_Base":2,"ExpansionArg_type":3,"ExpansionArg_string":"\u0000\u0000","ExpansionArg_type_2":0,"_bound":16}'
*-- Test Case {"Switcher":false,"Target_Switch_Base":3,"ExpansionArg_type":1,"ExpansionArg_array_length":0,"_bound":6} start 43.7435 took 7.5586s
*-- Errors occured in test {"Switcher":false,"Target_Switch_Base":3,"ExpansionArg_type":1,"ExpansionArg_array_length":0,"_bound":6}
* Error: TypeError: Cannot read property 'charAt' of null
*-- Replay with NO_COMPILE=1 expoSE replay '/home/pbai002/ExpoSE/lib/Harness/src/harness.js' '{"Switcher":false,"Target_Switch_Base":3,"ExpansionArg_type":1,"ExpansionArg_array_length":0,"_bound":6}'
*-- Test Case {"Switcher":false,"Target_Switch_Base":2,"ExpansionArg_type":2,"ExpansionArg_string":"","ExpansionArg_type_2":0,"_bound":6,"ExpansionArg_int":0} start 46.7998 took 6.8719s
*-- Errors occured in test {"Switcher":false,"Target_Switch_Base":2,"ExpansionArg_type":2,"ExpansionArg_string":"","ExpansionArg_type_2":0,"_bound":6,"ExpansionArg_int":0}
* Error: Error: source must either be type 'string' or 'function'
*-- Replay with NO_COMPILE=1 expoSE replay '/home/pbai002/ExpoSE/lib/Harness/src/harness.js' '{"Switcher":false,"Target_Switch_Base":2,"ExpansionArg_type":2,"ExpansionArg_string":"","ExpansionArg_type_2":0,"_bound":6}'
*-- Test Case {"Switcher":false,"Target_Switch_Base":2,"ExpansionArg_type":3,"ExpansionArg_string":"\u0000\u0000\u0000\u0000\u0000","ExpansionArg_type_2":0,"_bound":22} start 46.6866 took 8.0351s
*-- Errors occured in test {"Switcher":false,"Target_Switch_Base":2,"ExpansionArg_type":3,"ExpansionArg_string":"\u0000\u0000\u0000\u0000\u0000","ExpansionArg_type_2":0,"_bound":22}
* Error: ReferenceError: require is not defined
*-- Replay with NO_COMPILE=1 expoSE replay '/home/pbai002/ExpoSE/lib/Harness/src/harness.js' '{"Switcher":false,"Target_Switch_Base":2,"ExpansionArg_type":3,"ExpansionArg_string":"\u0000\u0000\u0000\u0000\u0000","ExpansionArg_type_2":0,"_bound":22}'
*-- Test Case {"Switcher":false,"Target_Switch_Base":3,"ExpansionArg_type":2,"ExpansionArg_array_length":0,"_bound":7,"ExpansionArg_int":0} start 47.5142 took 7.3668s
*-- Errors occured in test {"Switcher":false,"Target_Switch_Base":3,"ExpansionArg_type":2,"ExpansionArg_array_length":0,"_bound":7,"ExpansionArg_int":0}
* Error: TypeError: Function.prototype.apply was called on undefined, which is a undefined and not a function
*-- Replay with NO_COMPILE=1 expoSE replay '/home/pbai002/ExpoSE/lib/Harness/src/harness.js' '{"Switcher":false,"Target_Switch_Base":3,"ExpansionArg_type":2,"ExpansionArg_array_length":0,"_bound":7}'
*-- Test Case {"Switcher":false,"Target_Switch_Base":2,"ExpansionArg_type":3,"ExpansionArg_string":"","ExpansionArg_type_2":0,"_bound":17} start 46.9247 took 8.2826s
*-- Errors occured in test {"Switcher":false,"Target_Switch_Base":2,"ExpansionArg_type":3,"ExpansionArg_string":"","ExpansionArg_type_2":0,"_bound":17}
* Error: ReferenceError: require is not defined
*-- Replay with NO_COMPILE=1 expoSE replay '/home/pbai002/ExpoSE/lib/Harness/src/harness.js' '{"Switcher":false,"Target_Switch_Base":2,"ExpansionArg_type":3,"ExpansionArg_string":"","ExpansionArg_type_2":0,"_bound":17}'
*-- Test Case {"Switcher":false,"Target_Switch_Base":2,"ExpansionArg_type":3,"ExpansionArg_string":"","ExpansionArg_type_2":0,"_bound":16} start 47.7918 took 8.2464s
*-- Errors occured in test {"Switcher":false,"Target_Switch_Base":2,"ExpansionArg_type":3,"ExpansionArg_string":"","ExpansionArg_type_2":0,"_bound":16}
* Error: ReferenceError: require is not defined
*-- Replay with NO_COMPILE=1 expoSE replay '/home/pbai002/ExpoSE/lib/Harness/src/harness.js' '{"Switcher":false,"Target_Switch_Base":2,"ExpansionArg_type":3,"ExpansionArg_string":"","ExpansionArg_type_2":0,"_bound":16}'
*-- Test Case {"Switcher":false,"Target_Switch_Base":2,"ExpansionArg_type":3,"ExpansionArg_string":"","ExpansionArg_type_2":0,"_bound":17} start 47.917 took 8.7688s
*-- Errors occured in test {"Switcher":false,"Target_Switch_Base":2,"ExpansionArg_type":3,"ExpansionArg_string":"","ExpansionArg_type_2":0,"_bound":17}
* Error: ReferenceError: require is not defined
*-- Replay with NO_COMPILE=1 expoSE replay '/home/pbai002/ExpoSE/lib/Harness/src/harness.js' '{"Switcher":false,"Target_Switch_Base":2,"ExpansionArg_type":3,"ExpansionArg_string":"","ExpansionArg_type_2":0,"_bound":17}'
*-- Test Case {"Switcher":false,"Target_Switch_Base":0,"ExpansionArg_type":4,"ExpansionArg_array_length":1,"ExpansionArg_array_element_0_type":2,"_bound":8,"ExpansionArg_array_element_0_int":0} start 50.6107 took 7.1121s
*-- Errors occured in test {"Switcher":false,"Target_Switch_Base":0,"ExpansionArg_type":4,"ExpansionArg_array_length":1,"ExpansionArg_array_element_0_type":2,"_bound":8,"ExpansionArg_array_element_0_int":0}
* Error: TypeError: Cannot read property 'template' of undefined
*-- Replay with NO_COMPILE=1 expoSE replay '/home/pbai002/ExpoSE/lib/Harness/src/harness.js' '{"Switcher":false,"Target_Switch_Base":0,"ExpansionArg_type":4,"ExpansionArg_array_length":1,"ExpansionArg_array_element_0_type":2,"_bound":8}'
*-- Test Case {"Switcher":false,"Target_Switch_Base":2,"ExpansionArg_type":3,"ExpansionArg_string":"","ExpansionArg_type_2":4,"ExpansionArg_array_length":0,"_bound":18} start 50.8965 took 9.7232s
*-- Errors occured in test {"Switcher":false,"Target_Switch_Base":2,"ExpansionArg_type":3,"ExpansionArg_string":"","ExpansionArg_type_2":4,"ExpansionArg_array_length":0,"_bound":18}
* Error: ReferenceError: require is not defined
*-- Replay with NO_COMPILE=1 expoSE replay '/home/pbai002/ExpoSE/lib/Harness/src/harness.js' '{"Switcher":false,"Target_Switch_Base":2,"ExpansionArg_type":3,"ExpansionArg_string":"","ExpansionArg_type_2":4,"ExpansionArg_array_length":0,"_bound":18}'
*-- Test Case {"Switcher":false,"Target_Switch_Base":2,"ExpansionArg_type":3,"ExpansionArg_string":"","ExpansionArg_type_2":4,"ExpansionArg_array_length":0,"_bound":21} start 50.7624 took 10.4929s
*-- Errors occured in test {"Switcher":false,"Target_Switch_Base":2,"ExpansionArg_type":3,"ExpansionArg_string":"","ExpansionArg_type_2":4,"ExpansionArg_array_length":0,"_bound":21}
* Error: ReferenceError: require is not defined
*-- Replay with NO_COMPILE=1 expoSE replay '/home/pbai002/ExpoSE/lib/Harness/src/harness.js' '{"Switcher":false,"Target_Switch_Base":2,"ExpansionArg_type":3,"ExpansionArg_string":"","ExpansionArg_type_2":4,"ExpansionArg_array_length":0,"_bound":21}'
*-- Test Case {"Switcher":false,"Target_Switch_Base":2,"ExpansionArg_type":3,"ExpansionArg_string":"n","ExpansionArg_type_2":4,"ExpansionArg_array_length":0,"_bound":14} start 51.3663 took 10.5794s
*-- Errors occured in test {"Switcher":false,"Target_Switch_Base":2,"ExpansionArg_type":3,"ExpansionArg_string":"n","ExpansionArg_type_2":4,"ExpansionArg_array_length":0,"_bound":14}
* Error: ReferenceError: require is not defined
*-- Replay with NO_COMPILE=1 expoSE replay '/home/pbai002/ExpoSE/lib/Harness/src/harness.js' '{"Switcher":false,"Target_Switch_Base":2,"ExpansionArg_type":3,"ExpansionArg_string":"n","ExpansionArg_type_2":4,"ExpansionArg_array_length":0,"_bound":14}'
*-- Test Case {"Switcher":false,"Target_Switch_Base":2,"ExpansionArg_type":3,"ExpansionArg_string":"\u0000\u0000{{\u0000","ExpansionArg_type_2":0,"_bound":15} start 30.9608 took 32.7042s
*-- Errors occured in test {"Switcher":false,"Target_Switch_Base":2,"ExpansionArg_type":3,"ExpansionArg_string":"\u0000\u0000{{\u0000","ExpansionArg_type_2":0,"_bound":15}
* Error: SyntaxError: Expected "!", "(", "-", ".", "<~", "<~>", "Infinity", "NULL", "NaN", "^", "false", "null", "true", "undefined", "{", "~", "~>", [ \n\r\t], [0-9], [a-zA-Z_$0-9] or string but "\x00" found.
*-- Replay with NO_COMPILE=1 expoSE replay '/home/pbai002/ExpoSE/lib/Harness/src/harness.js' '{"Switcher":false,"Target_Switch_Base":2,"ExpansionArg_type":3,"ExpansionArg_string":"\u0000\u0000{{\u0000","ExpansionArg_type_2":0,"_bound":15}'
*-- Test Case {"Switcher":false,"Target_Switch_Base":2,"ExpansionArg_type":3,"ExpansionArg_string":"","ExpansionArg_type_2":4,"ExpansionArg_array_length":0,"_bound":22} start 53.7446 took 11.2108s
*-- Errors occured in test {"Switcher":false,"Target_Switch_Base":2,"ExpansionArg_type":3,"ExpansionArg_string":"","ExpansionArg_type_2":4,"ExpansionArg_array_length":0,"_bound":22}
* Error: ReferenceError: require is not defined
*-- Replay with NO_COMPILE=1 expoSE replay '/home/pbai002/ExpoSE/lib/Harness/src/harness.js' '{"Switcher":false,"Target_Switch_Base":2,"ExpansionArg_type":3,"ExpansionArg_string":"","ExpansionArg_type_2":4,"ExpansionArg_array_length":0,"_bound":22}'
*-- Test Case {"Switcher":false,"Target_Switch_Base":2,"ExpansionArg_type":4,"ExpansionArg_array_length":0,"ExpansionArg_type_2":5,"_bound":10,"ExpansionArg_bool":false} start 56.7595 took 9.6232s
*-- Errors occured in test {"Switcher":false,"Target_Switch_Base":2,"ExpansionArg_type":4,"ExpansionArg_array_length":0,"ExpansionArg_type_2":5,"_bound":10,"ExpansionArg_bool":false}
* Error: Error: source must either be type 'string' or 'function'
*-- Replay with NO_COMPILE=1 expoSE replay '/home/pbai002/ExpoSE/lib/Harness/src/harness.js' '{"Switcher":false,"Target_Switch_Base":2,"ExpansionArg_type":4,"ExpansionArg_array_length":0,"ExpansionArg_type_2":5,"_bound":10}'
*-- Test Case {"Switcher":false,"Target_Switch_Base":0,"ExpansionArg_type":4,"ExpansionArg_array_length":1,"ExpansionArg_array_element_0_type":1,"ExpansionArg_array_element_0_int":0,"_bound":9} start 57.8331 took 9.4434s
*-- Errors occured in test {"Switcher":false,"Target_Switch_Base":0,"ExpansionArg_type":4,"ExpansionArg_array_length":1,"ExpansionArg_array_element_0_type":1,"ExpansionArg_array_element_0_int":0,"_bound":9}
* Error: TypeError: Cannot read property 'template' of undefined
*-- Replay with NO_COMPILE=1 expoSE replay '/home/pbai002/ExpoSE/lib/Harness/src/harness.js' '{"Switcher":false,"Target_Switch_Base":0,"ExpansionArg_type":4,"ExpansionArg_array_length":1,"ExpansionArg_array_element_0_type":1,"ExpansionArg_array_element_0_int":0,"_bound":9}'
*-- Test Case {"Switcher":false,"Target_Switch_Base":2,"ExpansionArg_type":3,"ExpansionArg_string":"","ExpansionArg_type_2":2,"ExpansionArg_array_length":0,"_bound":10,"ExpansionArg_int":0} start 54.8058 took 12.6231s
*-- Errors occured in test {"Switcher":false,"Target_Switch_Base":2,"ExpansionArg_type":3,"ExpansionArg_string":"","ExpansionArg_type_2":2,"ExpansionArg_array_length":0,"_bound":10,"ExpansionArg_int":0}
* Error: ReferenceError: require is not defined
*-- Replay with NO_COMPILE=1 expoSE replay '/home/pbai002/ExpoSE/lib/Harness/src/harness.js' '{"Switcher":false,"Target_Switch_Base":2,"ExpansionArg_type":3,"ExpansionArg_string":"","ExpansionArg_type_2":2,"ExpansionArg_array_length":0,"_bound":10}'
*-- Test Case {"Switcher":false,"Target_Switch_Base":2,"ExpansionArg_type":3,"ExpansionArg_string":"","ExpansionArg_type_2":0,"_bound":17} start 56.108 took 11.5341s
*-- Errors occured in test {"Switcher":false,"Target_Switch_Base":2,"ExpansionArg_type":3,"ExpansionArg_string":"","ExpansionArg_type_2":0,"_bound":17}
* Error: ReferenceError: require is not defined
*-- Replay with NO_COMPILE=1 expoSE replay '/home/pbai002/ExpoSE/lib/Harness/src/harness.js' '{"Switcher":false,"Target_Switch_Base":2,"ExpansionArg_type":3,"ExpansionArg_string":"","ExpansionArg_type_2":0,"_bound":17}'
*-- Test Case {"Switcher":false,"Target_Switch_Base":2,"ExpansionArg_type":3,"ExpansionArg_string":"","ExpansionArg_type_2":3,"ExpansionArg_array_length":0,"_bound":11,"ExpansionArg_string_2":"PureString"} start 54.9578 took 13.2499s
*-- Errors occured in test {"Switcher":false,"Target_Switch_Base":2,"ExpansionArg_type":3,"ExpansionArg_string":"","ExpansionArg_type_2":3,"ExpansionArg_array_length":0,"_bound":11,"ExpansionArg_string_2":"PureString"}
* Error: ReferenceError: require is not defined
*-- Replay with NO_COMPILE=1 expoSE replay '/home/pbai002/ExpoSE/lib/Harness/src/harness.js' '{"Switcher":false,"Target_Switch_Base":2,"ExpansionArg_type":3,"ExpansionArg_string":"","ExpansionArg_type_2":3,"ExpansionArg_array_length":0,"_bound":11}'
*-- Test Case {"Switcher":false,"Target_Switch_Base":3,"ExpansionArg_type":3,"ExpansionArg_array_length":0,"_bound":8,"ExpansionArg_string":"PureString","ExpandedSwitcher":0} start 55.531 took 14.9333s
*-- Test Case {"Switcher":false,"Target_Switch_Base":2,"ExpansionArg_type":3,"ExpansionArg_string":"\u0000\u0000\u0000\u0000\u0000{{\u0000","ExpansionArg_type_2":0,"_bound":21} start 31.0875 took 40.096s
*-- Errors occured in test {"Switcher":false,"Target_Switch_Base":2,"ExpansionArg_type":3,"ExpansionArg_string":"\u0000\u0000\u0000\u0000\u0000{{\u0000","ExpansionArg_type_2":0,"_bound":21}
* Error: SyntaxError: Expected "!", "(", "-", ".", "<~", "<~>", "Infinity", "NULL", "NaN", "^", "false", "null", "true", "undefined", "{", "~", "~>", [ \n\r\t], [0-9], [a-zA-Z_$0-9] or string but "\x00" found.
*-- Replay with NO_COMPILE=1 expoSE replay '/home/pbai002/ExpoSE/lib/Harness/src/harness.js' '{"Switcher":false,"Target_Switch_Base":2,"ExpansionArg_type":3,"ExpansionArg_string":"\u0000\u0000\u0000\u0000\u0000{{\u0000","ExpansionArg_type_2":0,"_bound":21}'
*-- Test Case {"Switcher":false,"Target_Switch_Base":3,"ExpansionArg_type":5,"ExpansionArg_array_length":0,"_bound":9,"ExpansionArg_bool":false} start 62.0564 took 11.2142s
*-- Errors occured in test {"Switcher":false,"Target_Switch_Base":3,"ExpansionArg_type":5,"ExpansionArg_array_length":0,"_bound":9,"ExpansionArg_bool":false}
* Error: TypeError: Function.prototype.apply was called on undefined, which is a undefined and not a function
*-- Replay with NO_COMPILE=1 expoSE replay '/home/pbai002/ExpoSE/lib/Harness/src/harness.js' '{"Switcher":false,"Target_Switch_Base":3,"ExpansionArg_type":5,"ExpansionArg_array_length":0,"_bound":9}'
*-- Test Case {"Switcher":false,"Target_Switch_Base":2,"ExpansionArg_type":3,"ExpansionArg_string":"","ExpansionArg_type_2":4,"ExpansionArg_array_length":0,"_bound":21} start 61.1256 took 12.3877s
*-- Errors occured in test {"Switcher":false,"Target_Switch_Base":2,"ExpansionArg_type":3,"ExpansionArg_string":"","ExpansionArg_type_2":4,"ExpansionArg_array_length":0,"_bound":21}
* Error: ReferenceError: require is not defined
*-- Replay with NO_COMPILE=1 expoSE replay '/home/pbai002/ExpoSE/lib/Harness/src/harness.js' '{"Switcher":false,"Target_Switch_Base":2,"ExpansionArg_type":3,"ExpansionArg_string":"","ExpansionArg_type_2":4,"ExpansionArg_array_length":0,"_bound":21}'
*-- Test Case {"Switcher":false,"Target_Switch_Base":2,"ExpansionArg_type":3,"ExpansionArg_string":"","ExpansionArg_type_2":4,"ExpansionArg_array_length":0,"_bound":22} start 61.4 took 13.2782s
*-- Errors occured in test {"Switcher":false,"Target_Switch_Base":2,"ExpansionArg_type":3,"ExpansionArg_string":"","ExpansionArg_type_2":4,"ExpansionArg_array_length":0,"_bound":22}
* Error: ReferenceError: require is not defined
*-- Replay with NO_COMPILE=1 expoSE replay '/home/pbai002/ExpoSE/lib/Harness/src/harness.js' '{"Switcher":false,"Target_Switch_Base":2,"ExpansionArg_type":3,"ExpansionArg_string":"","ExpansionArg_type_2":4,"ExpansionArg_array_length":0,"_bound":22}'
*-- Test Case {"Switcher":false,"Target_Switch_Base":2,"ExpansionArg_type":3,"ExpansionArg_string":"\u0000\u0000{{","ExpansionArg_type_2":0,"_bound":204} start 64.0262 took 12.2602s
*-- Errors occured in test {"Switcher":false,"Target_Switch_Base":2,"ExpansionArg_type":3,"ExpansionArg_string":"\u0000\u0000{{","ExpansionArg_type_2":0,"_bound":204}
* Error: SyntaxError: Expected "!", "(", "-", ".", "<~", "<~>", "Infinity", "NULL", "NaN", "^", "false", "null", "true", "undefined", "{", "~", "~>", [ \n\r\t], [0-9], [a-zA-Z_$0-9] or string but end of input found.
*-- Replay with NO_COMPILE=1 expoSE replay '/home/pbai002/ExpoSE/lib/Harness/src/harness.js' '{"Switcher":false,"Target_Switch_Base":2,"ExpansionArg_type":3,"ExpansionArg_string":"\u0000\u0000{{","ExpansionArg_type_2":0,"_bound":204}'
*-- Test Case {"Switcher":false,"Target_Switch_Base":2,"ExpansionArg_type":3,"ExpansionArg_string":"\u0000\u0000{{\t","ExpansionArg_type_2":0,"_bound":221} start 67.3616 took 13.5609s
*-- Errors occured in test {"Switcher":false,"Target_Switch_Base":2,"ExpansionArg_type":3,"ExpansionArg_string":"\u0000\u0000{{\t","ExpansionArg_type_2":0,"_bound":221}
* Error: Exception E: SyntaxError: Unexpected end of JSON input of test data on 
* Error: Exception E: SyntaxError: Unexpected end of JSON input of coverage data on 
* Error: Error extracting final output - a fatal error must have occured
*-- Replay with NO_COMPILE=1 expoSE replay '/home/pbai002/ExpoSE/lib/Harness/src/harness.js' '{"Switcher":false,"Target_Switch_Base":2,"ExpansionArg_type":3,"ExpansionArg_string":"\u0000\u0000{{\t","ExpansionArg_type_2":0,"_bound":221}'
*-- Test Case {"Switcher":false,"Target_Switch_Base":2,"ExpansionArg_type":3,"ExpansionArg_string":"\u0000\u0000\u0000{{\u0000","ExpansionArg_type_2":0,"_bound":17} start 42.0537 took 39.5295s
*-- Errors occured in test {"Switcher":false,"Target_Switch_Base":2,"ExpansionArg_type":3,"ExpansionArg_string":"\u0000\u0000\u0000{{\u0000","ExpansionArg_type_2":0,"_bound":17}
* Error: SyntaxError: Expected "!", "(", "-", ".", "<~", "<~>", "Infinity", "NULL", "NaN", "^", "false", "null", "true", "undefined", "{", "~", "~>", [ \n\r\t], [0-9], [a-zA-Z_$0-9] or string but "\x00" found.
*-- Replay with NO_COMPILE=1 expoSE replay '/home/pbai002/ExpoSE/lib/Harness/src/harness.js' '{"Switcher":false,"Target_Switch_Base":2,"ExpansionArg_type":3,"ExpansionArg_string":"\u0000\u0000\u0000{{\u0000","ExpansionArg_type_2":0,"_bound":17}'
*-- Test Case {"Switcher":false,"Target_Switch_Base":2,"ExpansionArg_type":3,"ExpansionArg_string":"\n\u0000{{\u0000","ExpansionArg_type_2":0,"_bound":188} start 68.3172 took 15.7905s
*-- Errors occured in test {"Switcher":false,"Target_Switch_Base":2,"ExpansionArg_type":3,"ExpansionArg_string":"\n\u0000{{\u0000","ExpansionArg_type_2":0,"_bound":188}
* Error: SyntaxError: Expected "!", "(", "-", ".", "<~", "<~>", "Infinity", "NULL", "NaN", "^", "false", "null", "true", "undefined", "{", "~", "~>", [ \n\r\t], [0-9], [a-zA-Z_$0-9] or string but "\x00" found.
*-- Replay with NO_COMPILE=1 expoSE replay '/home/pbai002/ExpoSE/lib/Harness/src/harness.js' '{"Switcher":false,"Target_Switch_Base":2,"ExpansionArg_type":3,"ExpansionArg_string":"\n\u0000{{\u0000","ExpansionArg_type_2":0,"_bound":188}'
*-- Test Case {"Switcher":false,"Target_Switch_Base":2,"ExpansionArg_type":3,"ExpansionArg_string":"\u0000\u0000\u0000\u0000\u0000\u0000{{\u0000","ExpansionArg_type_2":0,"_bound":23} start 41.9605 took 46.0603s
*-- Errors occured in test {"Switcher":false,"Target_Switch_Base":2,"ExpansionArg_type":3,"ExpansionArg_string":"\u0000\u0000\u0000\u0000\u0000\u0000{{\u0000","ExpansionArg_type_2":0,"_bound":23}
* Error: SyntaxError: Expected "!", "(", "-", ".", "<~", "<~>", "Infinity", "NULL", "NaN", "^", "false", "null", "true", "undefined", "{", "~", "~>", [ \n\r\t], [0-9], [a-zA-Z_$0-9] or string but "\x00" found.
*-- Replay with NO_COMPILE=1 expoSE replay '/home/pbai002/ExpoSE/lib/Harness/src/harness.js' '{"Switcher":false,"Target_Switch_Base":2,"ExpansionArg_type":3,"ExpansionArg_string":"\u0000\u0000\u0000\u0000\u0000\u0000{{\u0000","ExpansionArg_type_2":0,"_bound":23}'
*-- Test Case {"Switcher":false,"Target_Switch_Base":2,"ExpansionArg_type":3,"ExpansionArg_string":"\u0000\u0000\u0000\u0000\u0000{{","ExpansionArg_type_2":0,"_bound":222} start 76.3858 took 11.8237s
*-- Errors occured in test {"Switcher":false,"Target_Switch_Base":2,"ExpansionArg_type":3,"ExpansionArg_string":"\u0000\u0000\u0000\u0000\u0000{{","ExpansionArg_type_2":0,"_bound":222}
* Error: SyntaxError: Expected "!", "(", "-", ".", "<~", "<~>", "Infinity", "NULL", "NaN", "^", "false", "null", "true", "undefined", "{", "~", "~>", [ \n\r\t], [0-9], [a-zA-Z_$0-9] or string but end of input found.
*-- Replay with NO_COMPILE=1 expoSE replay '/home/pbai002/ExpoSE/lib/Harness/src/harness.js' '{"Switcher":false,"Target_Switch_Base":2,"ExpansionArg_type":3,"ExpansionArg_string":"\u0000\u0000\u0000\u0000\u0000{{","ExpansionArg_type_2":0,"_bound":222}'
*-- Test Case {"Switcher":false,"Target_Switch_Base":2,"ExpansionArg_type":3,"ExpansionArg_string":"\u0000\u0000{{\b\u0000\u0000\u0000\u0000@","ExpansionArg_type_2":0,"_bound":217} start 68.1214 took 20.0882s
*-- Errors occured in test {"Switcher":false,"Target_Switch_Base":2,"ExpansionArg_type":3,"ExpansionArg_string":"\u0000\u0000{{\b\u0000\u0000\u0000\u0000@","ExpansionArg_type_2":0,"_bound":217}
* Error: SyntaxError: Expected "!", "(", "-", ".", "<~", "<~>", "Infinity", "NULL", "NaN", "^", "false", "null", "true", "undefined", "{", "~", "~>", [ \n\r\t], [0-9], [a-zA-Z_$0-9] or string but "\b" found.
*-- Replay with NO_COMPILE=1 expoSE replay '/home/pbai002/ExpoSE/lib/Harness/src/harness.js' '{"Switcher":false,"Target_Switch_Base":2,"ExpansionArg_type":3,"ExpansionArg_string":"\u0000\u0000{{\b\u0000\u0000\u0000\u0000@","ExpansionArg_type_2":0,"_bound":217}'
*-- Test Case {"Switcher":false,"Target_Switch_Base":2,"ExpansionArg_type":3,"ExpansionArg_string":"\r\u0000{{\u0000","ExpansionArg_type_2":0,"_bound":189} start 75.1914 took 15.6877s
*-- Errors occured in test {"Switcher":false,"Target_Switch_Base":2,"ExpansionArg_type":3,"ExpansionArg_string":"\r\u0000{{\u0000","ExpansionArg_type_2":0,"_bound":189}
* Error: SyntaxError: Expected "!", "(", "-", ".", "<~", "<~>", "Infinity", "NULL", "NaN", "^", "false", "null", "true", "undefined", "{", "~", "~>", [ \n\r\t], [0-9], [a-zA-Z_$0-9] or string but "\x00" found.
*-- Replay with NO_COMPILE=1 expoSE replay '/home/pbai002/ExpoSE/lib/Harness/src/harness.js' '{"Switcher":false,"Target_Switch_Base":2,"ExpansionArg_type":3,"ExpansionArg_string":"\r\u0000{{\u0000","ExpansionArg_type_2":0,"_bound":189}'
*-- Test Case {"Switcher":false,"Target_Switch_Base":2,"ExpansionArg_type":3,"ExpansionArg_string":"","ExpansionArg_type_2":3,"ExpansionArg_string_2":"","_bound":16} start 88.6761 took 11.066s
*-- Errors occured in test {"Switcher":false,"Target_Switch_Base":2,"ExpansionArg_type":3,"ExpansionArg_string":"","ExpansionArg_type_2":3,"ExpansionArg_string_2":"","_bound":16}
* Error: ReferenceError: require is not defined
*-- Replay with NO_COMPILE=1 expoSE replay '/home/pbai002/ExpoSE/lib/Harness/src/harness.js' '{"Switcher":false,"Target_Switch_Base":2,"ExpansionArg_type":3,"ExpansionArg_string":"","ExpansionArg_type_2":3,"ExpansionArg_string_2":"","_bound":16}'
*-- Test Case {"Switcher":false,"Target_Switch_Base":2,"ExpansionArg_type":3,"ExpansionArg_string":"\u0000\u0000\r\u0000\u0000{{","ExpansionArg_type_2":0,"_bound":203} start 88.5044 took 15.0991s
*-- Errors occured in test {"Switcher":false,"Target_Switch_Base":2,"ExpansionArg_type":3,"ExpansionArg_string":"\u0000\u0000\r\u0000\u0000{{","ExpansionArg_type_2":0,"_bound":203}
* Error: SyntaxError: Expected "!", "(", "-", ".", "<~", "<~>", "Infinity", "NULL", "NaN", "^", "false", "null", "true", "undefined", "{", "~", "~>", [ \n\r\t], [0-9], [a-zA-Z_$0-9] or string but end of input found.
*-- Replay with NO_COMPILE=1 expoSE replay '/home/pbai002/ExpoSE/lib/Harness/src/harness.js' '{"Switcher":false,"Target_Switch_Base":2,"ExpansionArg_type":3,"ExpansionArg_string":"\u0000\u0000\r\u0000\u0000{{","ExpansionArg_type_2":0,"_bound":203}'
*-- Test Case {"Switcher":false,"Target_Switch_Base":2,"ExpansionArg_type":3,"ExpansionArg_string":"\u0000\u0000{{<~>\u0000","ExpansionArg_type_2":0,"_bound":28} start 66.5516 took 40.0605s
*-- Errors occured in test {"Switcher":false,"Target_Switch_Base":2,"ExpansionArg_type":3,"ExpansionArg_string":"\u0000\u0000{{<~>\u0000","ExpansionArg_type_2":0,"_bound":28}
* Error: SyntaxError: Expected [ \n\r\t] or [a-zA-Z_$0-9] but "\x00" found.
*-- Replay with NO_COMPILE=1 expoSE replay '/home/pbai002/ExpoSE/lib/Harness/src/harness.js' '{"Switcher":false,"Target_Switch_Base":2,"ExpansionArg_type":3,"ExpansionArg_string":"\u0000\u0000{{<~>\u0000","ExpansionArg_type_2":0,"_bound":28}'
*-- Test Case {"Switcher":false,"Target_Switch_Base":2,"ExpansionArg_type":3,"ExpansionArg_string":"\n\u0000\u0000\u0000\u0000{{\u0000\u0000\u0000\u0000\u0000\u0000\u0000\u0000\u0000","ExpansionArg_type_2":0,"_bound":194} start 91.0157 took 16.4319s
*-- Errors occured in test {"Switcher":false,"Target_Switch_Base":2,"ExpansionArg_type":3,"ExpansionArg_string":"\n\u0000\u0000\u0000\u0000{{\u0000\u0000\u0000\u0000\u0000\u0000\u0000\u0000\u0000","ExpansionArg_type_2":0,"_bound":194}
* Error: SyntaxError: Expected "!", "(", "-", ".", "<~", "<~>", "Infinity", "NULL", "NaN", "^", "false", "null", "true", "undefined", "{", "~", "~>", [ \n\r\t], [0-9], [a-zA-Z_$0-9] or string but "\x00" found.
*-- Replay with NO_COMPILE=1 expoSE replay '/home/pbai002/ExpoSE/lib/Harness/src/harness.js' '{"Switcher":false,"Target_Switch_Base":2,"ExpansionArg_type":3,"ExpansionArg_string":"\n\u0000\u0000\u0000\u0000{{\u0000\u0000\u0000\u0000\u0000\u0000\u0000\u0000\u0000","ExpansionArg_type_2":0,"_bound":194}'
*-- Test Case {"Switcher":false,"Target_Switch_Base":2,"ExpansionArg_type":3,"ExpansionArg_string":"\u0000\u0000{{~>\u0000","ExpansionArg_type_2":0,"_bound":27} start 70.6008 took 37.0612s
*-- Errors occured in test {"Switcher":false,"Target_Switch_Base":2,"ExpansionArg_type":3,"ExpansionArg_string":"\u0000\u0000{{~>\u0000","ExpansionArg_type_2":0,"_bound":27}
* Error: SyntaxError: Expected [ \n\r\t] or [a-zA-Z_$0-9] but "\x00" found.
*-- Replay with NO_COMPILE=1 expoSE replay '/home/pbai002/ExpoSE/lib/Harness/src/harness.js' '{"Switcher":false,"Target_Switch_Base":2,"ExpansionArg_type":3,"ExpansionArg_string":"\u0000\u0000{{~>\u0000","ExpansionArg_type_2":0,"_bound":27}'
*-- Test Case {"Switcher":false,"Target_Switch_Base":2,"ExpansionArg_type":3,"ExpansionArg_string":"\u0000\n\u0000\u0000\u0000{{\u0000\u0000\u0000","ExpansionArg_type_2":0,"_bound":198} start 73.5939 took 34.0681s
*-- Errors occured in test {"Switcher":false,"Target_Switch_Base":2,"ExpansionArg_type":3,"ExpansionArg_string":"\u0000\n\u0000\u0000\u0000{{\u0000\u0000\u0000","ExpansionArg_type_2":0,"_bound":198}
* Error: SyntaxError: Expected "!", "(", "-", ".", "<~", "<~>", "Infinity", "NULL", "NaN", "^", "false", "null", "true", "undefined", "{", "~", "~>", [ \n\r\t], [0-9], [a-zA-Z_$0-9] or string but "\x00" found.
*-- Replay with NO_COMPILE=1 expoSE replay '/home/pbai002/ExpoSE/lib/Harness/src/harness.js' '{"Switcher":false,"Target_Switch_Base":2,"ExpansionArg_type":3,"ExpansionArg_string":"\u0000\n\u0000\u0000\u0000{{\u0000\u0000\u0000","ExpansionArg_type_2":0,"_bound":198}'
*-- Test Case {"Switcher":false,"Target_Switch_Base":2,"ExpansionArg_type":3,"ExpansionArg_string":"\u0000{{ \u0000","ExpansionArg_type_2":0,"_bound":21} start 67.5695 took 42.9445s
*-- Errors occured in test {"Switcher":false,"Target_Switch_Base":2,"ExpansionArg_type":3,"ExpansionArg_string":"\u0000{{ \u0000","ExpansionArg_type_2":0,"_bound":21}
* Error: SyntaxError: Expected "!", "(", "-", ".", "<~", "<~>", "Infinity", "NULL", "NaN", "^", "false", "null", "true", "undefined", "{", "~", "~>", [ \n\r\t], [0-9], [a-zA-Z_$0-9] or string but "\x00" found.
*-- Replay with NO_COMPILE=1 expoSE replay '/home/pbai002/ExpoSE/lib/Harness/src/harness.js' '{"Switcher":false,"Target_Switch_Base":2,"ExpansionArg_type":3,"ExpansionArg_string":"\u0000{{ \u0000","ExpansionArg_type_2":0,"_bound":21}'
*-- Test Case {"Switcher":false,"Target_Switch_Base":3,"ExpansionArg_type":3,"ExpansionArg_string":"t","ExpandedSwitcher":0,"_bound":9} start 107.548 took 10.8098s
*-- Test Case {"Switcher":false,"Target_Switch_Base":2,"ExpansionArg_type":3,"ExpansionArg_string":"\u0000\u0000\u0000\u0000\u0000{{<~\u0000\u0000","ExpansionArg_type_2":0,"_bound":35} start 73.3926 took 53.866s
*-- Errors occured in test {"Switcher":false,"Target_Switch_Base":2,"ExpansionArg_type":3,"ExpansionArg_string":"\u0000\u0000\u0000\u0000\u0000{{<~\u0000\u0000","ExpansionArg_type_2":0,"_bound":35}
* Error: SyntaxError: Expected [ \n\r\t] or [a-zA-Z_$0-9] but "\x00" found.
*-- Replay with NO_COMPILE=1 expoSE replay '/home/pbai002/ExpoSE/lib/Harness/src/harness.js' '{"Switcher":false,"Target_Switch_Base":2,"ExpansionArg_type":3,"ExpansionArg_string":"\u0000\u0000\u0000\u0000\u0000{{<~\u0000\u0000","ExpansionArg_type_2":0,"_bound":35}'
*-- Test Case {"Switcher":false,"Target_Switch_Base":2,"ExpansionArg_type":3,"ExpansionArg_string":"\u0000\u0000\u0000\r\u0000{{\u0000","ExpansionArg_type_2":0,"_bound":207} start 103.731 took 27.0897s
*-- Errors occured in test {"Switcher":false,"Target_Switch_Base":2,"ExpansionArg_type":3,"ExpansionArg_string":"\u0000\u0000\u0000\r\u0000{{\u0000","ExpansionArg_type_2":0,"_bound":207}
* Error: SyntaxError: Expected "!", "(", "-", ".", "<~", "<~>", "Infinity", "NULL", "NaN", "^", "false", "null", "true", "undefined", "{", "~", "~>", [ \n\r\t], [0-9], [a-zA-Z_$0-9] or string but "\x00" found.
*-- Replay with NO_COMPILE=1 expoSE replay '/home/pbai002/ExpoSE/lib/Harness/src/harness.js' '{"Switcher":false,"Target_Switch_Base":2,"ExpansionArg_type":3,"ExpansionArg_string":"\u0000\u0000\u0000\r\u0000{{\u0000","ExpansionArg_type_2":0,"_bound":207}'
*-- Test Case {"Switcher":false,"Target_Switch_Base":2,"ExpansionArg_type":3,"ExpansionArg_string":"\u0000\u0000{{P\u0000","ExpansionArg_type_2":0,"_bound":23} start 80.9763 took 53.9494s
*-- Errors occured in test {"Switcher":false,"Target_Switch_Base":2,"ExpansionArg_type":3,"ExpansionArg_string":"\u0000\u0000{{P\u0000","ExpansionArg_type_2":0,"_bound":23}
* Error: SyntaxError: Expected "!=", "!==", "%", "&&", "(", "()", "*", "+", ",", "-", ".", "/", ":", "<", "<=", "<==", "=", "==", "===", ">", ">=", ">==", "?", "|", "||", "}}", [ \n\r\t] or [a-zA-Z_$0-9] but "\x00" found.
*-- Replay with NO_COMPILE=1 expoSE replay '/home/pbai002/ExpoSE/lib/Harness/src/harness.js' '{"Switcher":false,"Target_Switch_Base":2,"ExpansionArg_type":3,"ExpansionArg_string":"\u0000\u0000{{P\u0000","ExpansionArg_type_2":0,"_bound":23}'
*-- Test Case {"Switcher":false,"Target_Switch_Base":2,"ExpansionArg_type":3,"ExpansionArg_string":"\u0000\u0000\u0000\u0000\u0000\u0000{{~>\u0000","ExpansionArg_type_2":0,"_bound":35} start 88.119 took 56.8503s
*-- Errors occured in test {"Switcher":false,"Target_Switch_Base":2,"ExpansionArg_type":3,"ExpansionArg_string":"\u0000\u0000\u0000\u0000\u0000\u0000{{~>\u0000","ExpansionArg_type_2":0,"_bound":35}
* Error: SyntaxError: Expected [ \n\r\t] or [a-zA-Z_$0-9] but "\x00" found.
*-- Replay with NO_COMPILE=1 expoSE replay '/home/pbai002/ExpoSE/lib/Harness/src/harness.js' '{"Switcher":false,"Target_Switch_Base":2,"ExpansionArg_type":3,"ExpansionArg_string":"\u0000\u0000\u0000\u0000\u0000\u0000{{~>\u0000","ExpansionArg_type_2":0,"_bound":35}'
*-- Test Case {"Switcher":false,"Target_Switch_Base":2,"ExpansionArg_type":3,"ExpansionArg_string":"\u0000\u0000\u0000{{~>\u0000","ExpansionArg_type_2":0,"_bound":29} start 108.0414 took 38.3265s
*-- Errors occured in test {"Switcher":false,"Target_Switch_Base":2,"ExpansionArg_type":3,"ExpansionArg_string":"\u0000\u0000\u0000{{~>\u0000","ExpansionArg_type_2":0,"_bound":29}
* Error: SyntaxError: Expected [ \n\r\t] or [a-zA-Z_$0-9] but "\x00" found.
*-- Replay with NO_COMPILE=1 expoSE replay '/home/pbai002/ExpoSE/lib/Harness/src/harness.js' '{"Switcher":false,"Target_Switch_Base":2,"ExpansionArg_type":3,"ExpansionArg_string":"\u0000\u0000\u0000{{~>\u0000","ExpansionArg_type_2":0,"_bound":29}'
*-- Test Case {"Switcher":false,"Target_Switch_Base":2,"ExpansionArg_type":3,"ExpansionArg_string":"\u0000\u0000{{<~\u0000\u0000","ExpansionArg_type_2":0,"_bound":29} start 106.7603 took 41.8374s
*-- Errors occured in test {"Switcher":false,"Target_Switch_Base":2,"ExpansionArg_type":3,"ExpansionArg_string":"\u0000\u0000{{<~\u0000\u0000","ExpansionArg_type_2":0,"_bound":29}
* Error: SyntaxError: Expected [ \n\r\t] or [a-zA-Z_$0-9] but "\x00" found.
*-- Replay with NO_COMPILE=1 expoSE replay '/home/pbai002/ExpoSE/lib/Harness/src/harness.js' '{"Switcher":false,"Target_Switch_Base":2,"ExpansionArg_type":3,"ExpansionArg_string":"\u0000\u0000{{<~\u0000\u0000","ExpansionArg_type_2":0,"_bound":29}'
*-- Test Case {"Switcher":false,"Target_Switch_Base":2,"ExpansionArg_type":3,"ExpansionArg_string":"\u0000\u0000{{t~>\u0000","ExpansionArg_type_2":0,"_bound":28} start 127.3485 took 51.563s
*-- Errors occured in test {"Switcher":false,"Target_Switch_Base":2,"ExpansionArg_type":3,"ExpansionArg_string":"\u0000\u0000{{t~>\u0000","ExpansionArg_type_2":0,"_bound":28}
* Error: SyntaxError: Expected "!=", "!==", "%", "&&", "(", "()", "*", "+", ",", "-", ".", "/", ":", "<", "<=", "<==", "=", "==", "===", ">", ">=", ">==", "?", "|", "||", "}}", [ \n\r\t] or [a-zA-Z_$0-9] but "~" found.
*-- Replay with NO_COMPILE=1 expoSE replay '/home/pbai002/ExpoSE/lib/Harness/src/harness.js' '{"Switcher":false,"Target_Switch_Base":2,"ExpansionArg_type":3,"ExpansionArg_string":"\u0000\u0000{{t~>\u0000","ExpansionArg_type_2":0,"_bound":28}'
*-- Test Case {"Switcher":false,"Target_Switch_Base":2,"ExpansionArg_type":3,"ExpansionArg_string":"\u0000\u0000{{H<=","ExpansionArg_type_2":0,"_bound":79} start 134.998 took 49.5858s
*-- Errors occured in test {"Switcher":false,"Target_Switch_Base":2,"ExpansionArg_type":3,"ExpansionArg_string":"\u0000\u0000{{H<=","ExpansionArg_type_2":0,"_bound":79}
* Error: SyntaxError: Expected "!", "(", "-", ".", "<~", "<~>", "Infinity", "NULL", "NaN", "^", "false", "null", "true", "undefined", "{", "~", "~>", [ \n\r\t], [0-9], [a-zA-Z_$0-9] or string but end of input found.
*-- Replay with NO_COMPILE=1 expoSE replay '/home/pbai002/ExpoSE/lib/Harness/src/harness.js' '{"Switcher":false,"Target_Switch_Base":2,"ExpansionArg_type":3,"ExpansionArg_string":"\u0000\u0000{{H<=","ExpansionArg_type_2":0,"_bound":79}'
*-- Test Case {"Switcher":false,"Target_Switch_Base":2,"ExpansionArg_type":3,"ExpansionArg_string":"\u0000\u0000{{u>==\u0000","ExpansionArg_type_2":0,"_bound":76} start 146.516 took 76.2144s
*-- Errors occured in test {"Switcher":false,"Target_Switch_Base":2,"ExpansionArg_type":3,"ExpansionArg_string":"\u0000\u0000{{u>==\u0000","ExpansionArg_type_2":0,"_bound":76}
* Error: SyntaxError: Expected "!", "(", "-", ".", "<~", "<~>", "Infinity", "NULL", "NaN", "^", "false", "null", "true", "undefined", "{", "~", "~>", [ \n\r\t], [0-9], [a-zA-Z_$0-9] or string but "\x00" found.
*-- Replay with NO_COMPILE=1 expoSE replay '/home/pbai002/ExpoSE/lib/Harness/src/harness.js' '{"Switcher":false,"Target_Switch_Base":2,"ExpansionArg_type":3,"ExpansionArg_string":"\u0000\u0000{{u>==\u0000","ExpansionArg_type_2":0,"_bound":76}'
*-- Test Case {"Switcher":false,"Target_Switch_Base":2,"ExpansionArg_type":3,"ExpansionArg_string":"\b\u0000{{B<=undefined\u0000","ExpansionArg_type_2":0,"_bound":83} start 184.7112 took 57.2786s
*-- Errors occured in test {"Switcher":false,"Target_Switch_Base":2,"ExpansionArg_type":3,"ExpansionArg_string":"\b\u0000{{B<=undefined\u0000","ExpansionArg_type_2":0,"_bound":83}
* Error: SyntaxError: Expected "!=", "!==", "%", "&&", "*", "+", ",", "-", "/", "<", "<=", "<==", "==", "===", ">", ">=", ">==", "?", "|", "||", "}}" or [ \n\r\t] but "\x00" found.
*-- Replay with NO_COMPILE=1 expoSE replay '/home/pbai002/ExpoSE/lib/Harness/src/harness.js' '{"Switcher":false,"Target_Switch_Base":2,"ExpansionArg_type":3,"ExpansionArg_string":"\b\u0000{{B<=undefined\u0000","ExpansionArg_type_2":0,"_bound":83}'
*-- Test Case {"Switcher":false,"Target_Switch_Base":2,"ExpansionArg_type":3,"ExpansionArg_string":"\u0000\u0000{{$>=\u0000","ExpansionArg_type_2":0,"_bound":77} start 179.2512 took 67.8482s
*-- Errors occured in test {"Switcher":false,"Target_Switch_Base":2,"ExpansionArg_type":3,"ExpansionArg_string":"\u0000\u0000{{$>=\u0000","ExpansionArg_type_2":0,"_bound":77}
* Error: SyntaxError: Expected "!", "(", "-", ".", "<~", "<~>", "Infinity", "NULL", "NaN", "^", "false", "null", "true", "undefined", "{", "~", "~>", [ \n\r\t], [0-9], [a-zA-Z_$0-9] or string but "\x00" found.
*-- Replay with NO_COMPILE=1 expoSE replay '/home/pbai002/ExpoSE/lib/Harness/src/harness.js' '{"Switcher":false,"Target_Switch_Base":2,"ExpansionArg_type":3,"ExpansionArg_string":"\u0000\u0000{{$>=\u0000","ExpansionArg_type_2":0,"_bound":77}'
*-- Test Case {"Switcher":false,"Target_Switch_Base":2,"ExpansionArg_type":3,"ExpansionArg_string":"\u0000\u0000{{B<=false","ExpansionArg_type_2":0,"_bound":82} start 222.793 took 31.556s
*-- Errors occured in test {"Switcher":false,"Target_Switch_Base":2,"ExpansionArg_type":3,"ExpansionArg_string":"\u0000\u0000{{B<=false","ExpansionArg_type_2":0,"_bound":82}
* Error: SyntaxError: Expected "!=", "!==", "%", "&&", "*", "+", ",", "-", "/", "<", "<=", "<==", "==", "===", ">", ">=", ">==", "?", "|", "||", "}}" or [ \n\r\t] but end of input found.
*-- Replay with NO_COMPILE=1 expoSE replay '/home/pbai002/ExpoSE/lib/Harness/src/harness.js' '{"Switcher":false,"Target_Switch_Base":2,"ExpansionArg_type":3,"ExpansionArg_string":"\u0000\u0000{{B<=false","ExpansionArg_type_2":0,"_bound":82}'
*-- Test Case {"Switcher":false,"Target_Switch_Base":2,"ExpansionArg_type":3,"ExpansionArg_string":"\u0000\u0000{{H>==undefined","ExpansionArg_type_2":0,"_bound":80} start 247.2397 took 33.2411s
*-- Errors occured in test {"Switcher":false,"Target_Switch_Base":2,"ExpansionArg_type":3,"ExpansionArg_string":"\u0000\u0000{{H>==undefined","ExpansionArg_type_2":0,"_bound":80}
* Error: SyntaxError: Expected "!=", "!==", "%", "&&", "*", "+", ",", "-", "/", "<", "<=", "<==", "==", "===", ">", ">=", ">==", "?", "|", "||", "}}" or [ \n\r\t] but end of input found.
*-- Replay with NO_COMPILE=1 expoSE replay '/home/pbai002/ExpoSE/lib/Harness/src/harness.js' '{"Switcher":false,"Target_Switch_Base":2,"ExpansionArg_type":3,"ExpansionArg_string":"\u0000\u0000{{H>==undefined","ExpansionArg_type_2":0,"_bound":80}'
*-- Test Case {"Switcher":false,"Target_Switch_Base":2,"ExpansionArg_type":3,"ExpansionArg_string":"\u0000\u0000{{$>==false","ExpansionArg_type_2":0,"_bound":79} start 254.6557 took 30.0531s
*-- Errors occured in test {"Switcher":false,"Target_Switch_Base":2,"ExpansionArg_type":3,"ExpansionArg_string":"\u0000\u0000{{$>==false","ExpansionArg_type_2":0,"_bound":79}
* Error: SyntaxError: Expected "!=", "!==", "%", "&&", "*", "+", ",", "-", "/", "<", "<=", "<==", "==", "===", ">", ">=", ">==", "?", "|", "||", "}}" or [ \n\r\t] but end of input found.
*-- Replay with NO_COMPILE=1 expoSE replay '/home/pbai002/ExpoSE/lib/Harness/src/harness.js' '{"Switcher":false,"Target_Switch_Base":2,"ExpansionArg_type":3,"ExpansionArg_string":"\u0000\u0000{{$>==false","ExpansionArg_type_2":0,"_bound":79}'
*-- Test Case {"Switcher":false,"Target_Switch_Base":2,"ExpansionArg_type":3,"ExpansionArg_string":"\u0000\u0000{{A()\u0000\u0000\u0000\u0000\u0000\u0000","ExpansionArg_type_2":0,"_bound":57} start 145.0855 took 164.2528s
*-- Errors occured in test {"Switcher":false,"Target_Switch_Base":2,"ExpansionArg_type":3,"ExpansionArg_string":"\u0000\u0000{{A()\u0000\u0000\u0000\u0000\u0000\u0000","ExpansionArg_type_2":0,"_bound":57}
* Error: SyntaxError: Expected "!=", "!==", "%", "&&", "*", "+", ",", "-", "/", "<", "<=", "<==", "==", "===", ">", ">=", ">==", "?", "|", "||", "}}" or [ \n\r\t] but "\x00" found.
*-- Replay with NO_COMPILE=1 expoSE replay '/home/pbai002/ExpoSE/lib/Harness/src/harness.js' '{"Switcher":false,"Target_Switch_Base":2,"ExpansionArg_type":3,"ExpansionArg_string":"\u0000\u0000{{A()\u0000\u0000\u0000\u0000\u0000\u0000","ExpansionArg_type_2":0,"_bound":57}'
*-- Test Case {"Switcher":false,"Target_Switch_Base":2,"ExpansionArg_type":3,"ExpansionArg_string":"\u0000\u0000{{l<=\u0000\u0000","ExpansionArg_type_2":0,"_bound":79} start 242.1192 took 72.4607s
*-- Errors occured in test {"Switcher":false,"Target_Switch_Base":2,"ExpansionArg_type":3,"ExpansionArg_string":"\u0000\u0000{{l<=\u0000\u0000","ExpansionArg_type_2":0,"_bound":79}
* Error: SyntaxError: Expected "!", "(", "-", ".", "<~", "<~>", "Infinity", "NULL", "NaN", "^", "false", "null", "true", "undefined", "{", "~", "~>", [ \n\r\t], [0-9], [a-zA-Z_$0-9] or string but "\x00" found.
*-- Replay with NO_COMPILE=1 expoSE replay '/home/pbai002/ExpoSE/lib/Harness/src/harness.js' '{"Switcher":false,"Target_Switch_Base":2,"ExpansionArg_type":3,"ExpansionArg_string":"\u0000\u0000{{l<=\u0000\u0000","ExpansionArg_type_2":0,"_bound":79}'
*-- Test Case {"Switcher":false,"Target_Switch_Base":2,"ExpansionArg_type":3,"ExpansionArg_string":"\u0000\u0000{{P&&\u0000@\u0000\u0000","ExpansionArg_type_2":0,"_bound":70} start 280.5736 took 62.0984s
*-- Errors occured in test {"Switcher":false,"Target_Switch_Base":2,"ExpansionArg_type":3,"ExpansionArg_string":"\u0000\u0000{{P&&\u0000@\u0000\u0000","ExpansionArg_type_2":0,"_bound":70}
* Error: SyntaxError: Expected "!", "(", "-", ".", "<~", "<~>", "Infinity", "NULL", "NaN", "^", "false", "null", "true", "undefined", "{", "~", "~>", [ \n\r\t], [0-9], [a-zA-Z_$0-9] or string but "\x00" found.
*-- Replay with NO_COMPILE=1 expoSE replay '/home/pbai002/ExpoSE/lib/Harness/src/harness.js' '{"Switcher":false,"Target_Switch_Base":2,"ExpansionArg_type":3,"ExpansionArg_string":"\u0000\u0000{{P&&\u0000@\u0000\u0000","ExpansionArg_type_2":0,"_bound":70}'
*-- Test Case {"Switcher":false,"Target_Switch_Base":2,"ExpansionArg_type":3,"ExpansionArg_string":"\u0000{{\u0000","ExpansionArg_type_2":0,"_bound":13} start 31.0525 took 315.4965s
*-- Errors occured in test {"Switcher":false,"Target_Switch_Base":2,"ExpansionArg_type":3,"ExpansionArg_string":"\u0000{{\u0000","ExpansionArg_type_2":0,"_bound":13}
* Error: Exception E: SyntaxError: Unexpected end of JSON input of test data on 
* Error: Exception E: SyntaxError: Unexpected end of JSON input of coverage data on 
* Error: Error extracting final output - a fatal error must have occured
*-- Replay with NO_COMPILE=1 expoSE replay '/home/pbai002/ExpoSE/lib/Harness/src/harness.js' '{"Switcher":false,"Target_Switch_Base":2,"ExpansionArg_type":3,"ExpansionArg_string":"\u0000{{\u0000","ExpansionArg_type_2":0,"_bound":13}'
*-- Test Case {"Switcher":false,"Target_Switch_Base":2,"ExpansionArg_type":3,"ExpansionArg_string":"\b\u0000{{P>=Infinity\u0000","ExpansionArg_type_2":0,"_bound":85} start 314.7011 took 56.3319s
*-- Errors occured in test {"Switcher":false,"Target_Switch_Base":2,"ExpansionArg_type":3,"ExpansionArg_string":"\b\u0000{{P>=Infinity\u0000","ExpansionArg_type_2":0,"_bound":85}
* Error: SyntaxError: Expected "!=", "!==", "%", "&&", "*", "+", ",", "-", "/", "<", "<=", "<==", "==", "===", ">", ">=", ">==", "?", "|", "||", "}}" or [ \n\r\t] but "\x00" found.
*-- Replay with NO_COMPILE=1 expoSE replay '/home/pbai002/ExpoSE/lib/Harness/src/harness.js' '{"Switcher":false,"Target_Switch_Base":2,"ExpansionArg_type":3,"ExpansionArg_string":"\b\u0000{{P>=Infinity\u0000","ExpansionArg_type_2":0,"_bound":85}'
*-- Test Case {"Switcher":false,"Target_Switch_Base":2,"ExpansionArg_type":3,"ExpansionArg_string":"\u0000\u0000\u0000\u0000{{\u0000","ExpansionArg_type_2":0,"_bound":19} start 48.1616 took 323.8692s
*-- Errors occured in test {"Switcher":false,"Target_Switch_Base":2,"ExpansionArg_type":3,"ExpansionArg_string":"\u0000\u0000\u0000\u0000{{\u0000","ExpansionArg_type_2":0,"_bound":19}
* Error: SyntaxError: Expected "!", "(", "-", ".", "<~", "<~>", "Infinity", "NULL", "NaN", "^", "false", "null", "true", "undefined", "{", "~", "~>", [ \n\r\t], [0-9], [a-zA-Z_$0-9] or string but "\x00" found.
*-- Replay with NO_COMPILE=1 expoSE replay '/home/pbai002/ExpoSE/lib/Harness/src/harness.js' '{"Switcher":false,"Target_Switch_Base":2,"ExpansionArg_type":3,"ExpansionArg_string":"\u0000\u0000\u0000\u0000{{\u0000","ExpansionArg_type_2":0,"_bound":19}'
*-- Test Case {"Switcher":false,"Target_Switch_Base":2,"ExpansionArg_type":3,"ExpansionArg_string":"\u0000\u0000\u0000\u0000\u0000{{3\u0000","ExpansionArg_type_2":0,"_bound":29} start 71.3293 took 316.726s
*-- Errors occured in test {"Switcher":false,"Target_Switch_Base":2,"ExpansionArg_type":3,"ExpansionArg_string":"\u0000\u0000\u0000\u0000\u0000{{3\u0000","ExpansionArg_type_2":0,"_bound":29}
* Error: Exception E: SyntaxError: Unexpected end of JSON input of test data on 
* Error: Exception E: SyntaxError: Unexpected end of JSON input of coverage data on 
* Error: Error extracting final output - a fatal error must have occured
*-- Replay with NO_COMPILE=1 expoSE replay '/home/pbai002/ExpoSE/lib/Harness/src/harness.js' '{"Switcher":false,"Target_Switch_Base":2,"ExpansionArg_type":3,"ExpansionArg_string":"\u0000\u0000\u0000\u0000\u0000{{3\u0000","ExpansionArg_type_2":0,"_bound":29}'
*-- Test Case {"Switcher":false,"Target_Switch_Base":2,"ExpansionArg_type":3,"ExpansionArg_string":"\u0000\u0000\u0000{{<~\u0000","ExpansionArg_type_2":0,"_bound":31} start 81.7113 took 322.5933s
*-- Errors occured in test {"Switcher":false,"Target_Switch_Base":2,"ExpansionArg_type":3,"ExpansionArg_string":"\u0000\u0000\u0000{{<~\u0000","ExpansionArg_type_2":0,"_bound":31}
* Error: Exception E: SyntaxError: Unexpected end of JSON input of test data on 
* Error: Exception E: SyntaxError: Unexpected end of JSON input of coverage data on 
* Error: Error extracting final output - a fatal error must have occured
*-- Replay with NO_COMPILE=1 expoSE replay '/home/pbai002/ExpoSE/lib/Harness/src/harness.js' '{"Switcher":false,"Target_Switch_Base":2,"ExpansionArg_type":3,"ExpansionArg_string":"\u0000\u0000\u0000{{<~\u0000","ExpansionArg_type_2":0,"_bound":31}'
*-- Test Case {"Switcher":false,"Target_Switch_Base":2,"ExpansionArg_type":3,"ExpansionArg_string":"\u0000\u0000{{$<=Infinity","ExpansionArg_type_2":0,"_bound":87} start 372.096 took 34.2924s
*-- Errors occured in test {"Switcher":false,"Target_Switch_Base":2,"ExpansionArg_type":3,"ExpansionArg_string":"\u0000\u0000{{$<=Infinity","ExpansionArg_type_2":0,"_bound":87}
* Error: SyntaxError: Expected "!=", "!==", "%", "&&", "*", "+", ",", "-", "/", "<", "<=", "<==", "==", "===", ">", ">=", ">==", "?", "|", "||", "}}" or [ \n\r\t] but end of input found.
*-- Replay with NO_COMPILE=1 expoSE replay '/home/pbai002/ExpoSE/lib/Harness/src/harness.js' '{"Switcher":false,"Target_Switch_Base":2,"ExpansionArg_type":3,"ExpansionArg_string":"\u0000\u0000{{$<=Infinity","ExpansionArg_type_2":0,"_bound":87}'
*-- Test Case {"Switcher":false,"Target_Switch_Base":2,"ExpansionArg_type":3,"ExpansionArg_string":"\u0000\u0000{{p==\u0000\u0000","ExpansionArg_type_2":0,"_bound":73} start 309.6712 took 98.0517s
*-- Errors occured in test {"Switcher":false,"Target_Switch_Base":2,"ExpansionArg_type":3,"ExpansionArg_string":"\u0000\u0000{{p==\u0000\u0000","ExpansionArg_type_2":0,"_bound":73}
* Error: SyntaxError: Expected "!", "(", "-", ".", "<~", "<~>", "Infinity", "NULL", "NaN", "^", "false", "null", "true", "undefined", "{", "~", "~>", [ \n\r\t], [0-9], [a-zA-Z_$0-9] or string but "\x00" found.
*-- Replay with NO_COMPILE=1 expoSE replay '/home/pbai002/ExpoSE/lib/Harness/src/harness.js' '{"Switcher":false,"Target_Switch_Base":2,"ExpansionArg_type":3,"ExpansionArg_string":"\u0000\u0000{{p==\u0000\u0000","ExpansionArg_type_2":0,"_bound":73}'
*-- Test Case {"Switcher":false,"Target_Switch_Base":2,"ExpansionArg_type":3,"ExpansionArg_string":"\u0000\u0000\u0000{{<~>\u0000","ExpansionArg_type_2":0,"_bound":30} start 84.3737 took 324.7631s
*-- Errors occured in test {"Switcher":false,"Target_Switch_Base":2,"ExpansionArg_type":3,"ExpansionArg_string":"\u0000\u0000\u0000{{<~>\u0000","ExpansionArg_type_2":0,"_bound":30}
* Error: SyntaxError: Expected [ \n\r\t] or [a-zA-Z_$0-9] but "\x00" found.
*-- Replay with NO_COMPILE=1 expoSE replay '/home/pbai002/ExpoSE/lib/Harness/src/harness.js' '{"Switcher":false,"Target_Switch_Base":2,"ExpansionArg_type":3,"ExpansionArg_string":"\u0000\u0000\u0000{{<~>\u0000","ExpansionArg_type_2":0,"_bound":30}'
*-- Test Case {"Switcher":false,"Target_Switch_Base":2,"ExpansionArg_type":3,"ExpansionArg_string":"\u0000\u0000\u0000\u0000\u0000{{~>\u0000","ExpansionArg_type_2":0,"_bound":33} start 99.877 took 317.6976s
*-- Errors occured in test {"Switcher":false,"Target_Switch_Base":2,"ExpansionArg_type":3,"ExpansionArg_string":"\u0000\u0000\u0000\u0000\u0000{{~>\u0000","ExpansionArg_type_2":0,"_bound":33}
* Error: Exception E: SyntaxError: Unexpected end of JSON input of test data on 
* Error: Exception E: SyntaxError: Unexpected end of JSON input of coverage data on 
* Error: Error extracting final output - a fatal error must have occured
*-- Replay with NO_COMPILE=1 expoSE replay '/home/pbai002/ExpoSE/lib/Harness/src/harness.js' '{"Switcher":false,"Target_Switch_Base":2,"ExpansionArg_type":3,"ExpansionArg_string":"\u0000\u0000\u0000\u0000\u0000{{~>\u0000","ExpansionArg_type_2":0,"_bound":33}'
*-- Test Case {"Switcher":false,"Target_Switch_Base":2,"ExpansionArg_type":3,"ExpansionArg_string":"\u0000\n{{","ExpansionArg_type_2":0,"_bound":192} start 107.764 took 311.8873s
*-- Errors occured in test {"Switcher":false,"Target_Switch_Base":2,"ExpansionArg_type":3,"ExpansionArg_string":"\u0000\n{{","ExpansionArg_type_2":0,"_bound":192}
* Error: SyntaxError: Expected "!", "(", "-", ".", "<~", "<~>", "Infinity", "NULL", "NaN", "^", "false", "null", "true", "undefined", "{", "~", "~>", [ \n\r\t], [0-9], [a-zA-Z_$0-9] or string but end of input found.
*-- Replay with NO_COMPILE=1 expoSE replay '/home/pbai002/ExpoSE/lib/Harness/src/harness.js' '{"Switcher":false,"Target_Switch_Base":2,"ExpansionArg_type":3,"ExpansionArg_string":"\u0000\n{{","ExpansionArg_type_2":0,"_bound":192}'
*-- Test Case {"Switcher":false,"Target_Switch_Base":2,"ExpansionArg_type":3,"ExpansionArg_string":"\u0000\u0000{{t ","ExpansionArg_type_2":0,"_bound":22} start 110.591 took 318.5859s
*-- Errors occured in test {"Switcher":false,"Target_Switch_Base":2,"ExpansionArg_type":3,"ExpansionArg_string":"\u0000\u0000{{t ","ExpansionArg_type_2":0,"_bound":22}
* Error: Exception E: SyntaxError: Unexpected end of JSON input of test data on 
* Error: Exception E: SyntaxError: Unexpected end of JSON input of coverage data on 
* Error: Error extracting final output - a fatal error must have occured
*-- Replay with NO_COMPILE=1 expoSE replay '/home/pbai002/ExpoSE/lib/Harness/src/harness.js' '{"Switcher":false,"Target_Switch_Base":2,"ExpansionArg_type":3,"ExpansionArg_string":"\u0000\u0000{{t ","ExpansionArg_type_2":0,"_bound":22}'
*-- Test Case {"Switcher":false,"Target_Switch_Base":2,"ExpansionArg_type":3,"ExpansionArg_string":"\u0000\u0000{{p<==\u0000\u0000\u0000\u0000\u0000\u0000\u0000","ExpansionArg_type_2":0,"_bound":78} start 371.0939 took 66.7038s
*-- Errors occured in test {"Switcher":false,"Target_Switch_Base":2,"ExpansionArg_type":3,"ExpansionArg_string":"\u0000\u0000{{p<==\u0000\u0000\u0000\u0000\u0000\u0000\u0000","ExpansionArg_type_2":0,"_bound":78}
* Error: SyntaxError: Expected "!", "(", "-", ".", "<~", "<~>", "Infinity", "NULL", "NaN", "^", "false", "null", "true", "undefined", "{", "~", "~>", [ \n\r\t], [0-9], [a-zA-Z_$0-9] or string but "\x00" found.
*-- Replay with NO_COMPILE=1 expoSE replay '/home/pbai002/ExpoSE/lib/Harness/src/harness.js' '{"Switcher":false,"Target_Switch_Base":2,"ExpansionArg_type":3,"ExpansionArg_string":"\u0000\u0000{{p<==\u0000\u0000\u0000\u0000\u0000\u0000\u0000","ExpansionArg_type_2":0,"_bound":78}'
*-- Test Case {"Switcher":false,"Target_Switch_Base":2,"ExpansionArg_type":3,"ExpansionArg_string":"\u0000\u0000{{t<~>\u0000","ExpansionArg_type_2":0,"_bound":29} start 118.6444 took 320.1453s
*-- Errors occured in test {"Switcher":false,"Target_Switch_Base":2,"ExpansionArg_type":3,"ExpansionArg_string":"\u0000\u0000{{t<~>\u0000","ExpansionArg_type_2":0,"_bound":29}
* Error: Exception E: SyntaxError: Unexpected end of JSON input of test data on 
* Error: Exception E: SyntaxError: Unexpected end of JSON input of coverage data on 
* Error: Error extracting final output - a fatal error must have occured
*-- Replay with NO_COMPILE=1 expoSE replay '/home/pbai002/ExpoSE/lib/Harness/src/harness.js' '{"Switcher":false,"Target_Switch_Base":2,"ExpansionArg_type":3,"ExpansionArg_string":"\u0000\u0000{{t<~>\u0000","ExpansionArg_type_2":0,"_bound":29}'
*-- Test Case {"Switcher":false,"Target_Switch_Base":2,"ExpansionArg_type":3,"ExpansionArg_string":"\u0000\u0000\u0000{{l","ExpansionArg_type_2":0,"_bound":25} start 130.9647 took 317.1065s
*-- Errors occured in test {"Switcher":false,"Target_Switch_Base":2,"ExpansionArg_type":3,"ExpansionArg_string":"\u0000\u0000\u0000{{l","ExpansionArg_type_2":0,"_bound":25}
* Error: Exception E: SyntaxError: Unexpected end of JSON input of test data on 
* Error: Exception E: SyntaxError: Unexpected end of JSON input of coverage data on 
* Error: Error extracting final output - a fatal error must have occured
*-- Replay with NO_COMPILE=1 expoSE replay '/home/pbai002/ExpoSE/lib/Harness/src/harness.js' '{"Switcher":false,"Target_Switch_Base":2,"ExpansionArg_type":3,"ExpansionArg_string":"\u0000\u0000\u0000{{l","ExpansionArg_type_2":0,"_bound":25}'
*-- Test Case {"Switcher":false,"Target_Switch_Base":2,"ExpansionArg_type":3,"ExpansionArg_string":"\u0000\u0000{{u!=\u0000\u0000","ExpansionArg_type_2":0,"_bound":75} start 388.114 took 67.7061s
*-- Errors occured in test {"Switcher":false,"Target_Switch_Base":2,"ExpansionArg_type":3,"ExpansionArg_string":"\u0000\u0000{{u!=\u0000\u0000","ExpansionArg_type_2":0,"_bound":75}
* Error: SyntaxError: Expected "!", "(", "-", ".", "<~", "<~>", "Infinity", "NULL", "NaN", "^", "false", "null", "true", "undefined", "{", "~", "~>", [ \n\r\t], [0-9], [a-zA-Z_$0-9] or string but "\x00" found.
*-- Replay with NO_COMPILE=1 expoSE replay '/home/pbai002/ExpoSE/lib/Harness/src/harness.js' '{"Switcher":false,"Target_Switch_Base":2,"ExpansionArg_type":3,"ExpansionArg_string":"\u0000\u0000{{u!=\u0000\u0000","ExpansionArg_type_2":0,"_bound":75}'
*-- Test Case {"Switcher":false,"Target_Switch_Base":2,"ExpansionArg_type":3,"ExpansionArg_string":"\u0000\u0000{{K>=false","ExpansionArg_type_2":0,"_bound":80} start 429.2204 took 29.9725s
*-- Errors occured in test {"Switcher":false,"Target_Switch_Base":2,"ExpansionArg_type":3,"ExpansionArg_string":"\u0000\u0000{{K>=false","ExpansionArg_type_2":0,"_bound":80}
* Error: SyntaxError: Expected "!=", "!==", "%", "&&", "*", "+", ",", "-", "/", "<", "<=", "<==", "==", "===", ">", ">=", ">==", "?", "|", "||", "}}" or [ \n\r\t] but end of input found.
*-- Replay with NO_COMPILE=1 expoSE replay '/home/pbai002/ExpoSE/lib/Harness/src/harness.js' '{"Switcher":false,"Target_Switch_Base":2,"ExpansionArg_type":3,"ExpansionArg_string":"\u0000\u0000{{K>=false","ExpansionArg_type_2":0,"_bound":80}'
*-- Test Case {"Switcher":false,"Target_Switch_Base":2,"ExpansionArg_type":3,"ExpansionArg_string":"\u0000\u0000{{$>==","ExpansionArg_type_2":0,"_bound":76} start 406.5444 took 55.0957s
*-- Errors occured in test {"Switcher":false,"Target_Switch_Base":2,"ExpansionArg_type":3,"ExpansionArg_string":"\u0000\u0000{{$>==","ExpansionArg_type_2":0,"_bound":76}
* Error: SyntaxError: Expected "!", "(", "-", ".", "<~", "<~>", "Infinity", "NULL", "NaN", "^", "false", "null", "true", "undefined", "{", "~", "~>", [ \n\r\t], [0-9], [a-zA-Z_$0-9] or string but end of input found.
*-- Replay with NO_COMPILE=1 expoSE replay '/home/pbai002/ExpoSE/lib/Harness/src/harness.js' '{"Switcher":false,"Target_Switch_Base":2,"ExpansionArg_type":3,"ExpansionArg_string":"\u0000\u0000{{$>==","ExpansionArg_type_2":0,"_bound":76}'
*-- Test Case {"Switcher":false,"Target_Switch_Base":2,"ExpansionArg_type":3,"ExpansionArg_string":"\u0000\u0000{{2\u0002","ExpansionArg_type_2":0,"_bound":28} start 148.748 took 314.4669s
*-- Errors occured in test {"Switcher":false,"Target_Switch_Base":2,"ExpansionArg_type":3,"ExpansionArg_string":"\u0000\u0000{{2\u0002","ExpansionArg_type_2":0,"_bound":28}
* Error: Exception E: SyntaxError: Unexpected end of JSON input of test data on 
* Error: Exception E: SyntaxError: Unexpected end of JSON input of coverage data on 
* Error: Error extracting final output - a fatal error must have occured
*-- Replay with NO_COMPILE=1 expoSE replay '/home/pbai002/ExpoSE/lib/Harness/src/harness.js' '{"Switcher":false,"Target_Switch_Base":2,"ExpansionArg_type":3,"ExpansionArg_string":"\u0000\u0000{{2\u0002","ExpansionArg_type_2":0,"_bound":28}'
*-- Test Case {"Switcher":false,"Target_Switch_Base":2,"ExpansionArg_type":3,"ExpansionArg_string":"\u0000\u0000{{_>==Infinity\u0000","ExpansionArg_type_2":0,"_bound":84} start 408.2255 took 57.8109s
*-- Errors occured in test {"Switcher":false,"Target_Switch_Base":2,"ExpansionArg_type":3,"ExpansionArg_string":"\u0000\u0000{{_>==Infinity\u0000","ExpansionArg_type_2":0,"_bound":84}
* Error: SyntaxError: Expected "!=", "!==", "%", "&&", "*", "+", ",", "-", "/", "<", "<=", "<==", "==", "===", ">", ">=", ">==", "?", "|", "||", "}}" or [ \n\r\t] but "\x00" found.
*-- Replay with NO_COMPILE=1 expoSE replay '/home/pbai002/ExpoSE/lib/Harness/src/harness.js' '{"Switcher":false,"Target_Switch_Base":2,"ExpansionArg_type":3,"ExpansionArg_string":"\u0000\u0000{{_>==Infinity\u0000","ExpansionArg_type_2":0,"_bound":84}'
*-- Test Case {"Switcher":false,"Target_Switch_Base":2,"ExpansionArg_type":3,"ExpansionArg_string":"\u0000\u0000{{H>=\u0000\u0000\u0000\u0000\u0000\u0000\u0000\u0000","ExpansionArg_type_2":0,"_bound":77} start 409.1975 took 69.9034s
*-- Errors occured in test {"Switcher":false,"Target_Switch_Base":2,"ExpansionArg_type":3,"ExpansionArg_string":"\u0000\u0000{{H>=\u0000\u0000\u0000\u0000\u0000\u0000\u0000\u0000","ExpansionArg_type_2":0,"_bound":77}
* Error: SyntaxError: Expected "!", "(", "-", ".", "<~", "<~>", "Infinity", "NULL", "NaN", "^", "false", "null", "true", "undefined", "{", "~", "~>", [ \n\r\t], [0-9], [a-zA-Z_$0-9] or string but "\x00" found.
*-- Replay with NO_COMPILE=1 expoSE replay '/home/pbai002/ExpoSE/lib/Harness/src/harness.js' '{"Switcher":false,"Target_Switch_Base":2,"ExpansionArg_type":3,"ExpansionArg_string":"\u0000\u0000{{H>=\u0000\u0000\u0000\u0000\u0000\u0000\u0000\u0000","ExpansionArg_type_2":0,"_bound":77}'
*-- Test Case {"Switcher":false,"Target_Switch_Base":2,"ExpansionArg_type":3,"ExpansionArg_string":"\u0000\u0000{{u!==\u0000","ExpansionArg_type_2":0,"_bound":74} start 417.611 took 62.4863s
*-- Errors occured in test {"Switcher":false,"Target_Switch_Base":2,"ExpansionArg_type":3,"ExpansionArg_string":"\u0000\u0000{{u!==\u0000","ExpansionArg_type_2":0,"_bound":74}
* Error: SyntaxError: Expected "!", "(", "-", ".", "<~", "<~>", "Infinity", "NULL", "NaN", "^", "false", "null", "true", "undefined", "{", "~", "~>", [ \n\r\t], [0-9], [a-zA-Z_$0-9] or string but "\x00" found.
*-- Replay with NO_COMPILE=1 expoSE replay '/home/pbai002/ExpoSE/lib/Harness/src/harness.js' '{"Switcher":false,"Target_Switch_Base":2,"ExpansionArg_type":3,"ExpansionArg_string":"\u0000\u0000{{u!==\u0000","ExpansionArg_type_2":0,"_bound":74}'
*-- Test Case {"Switcher":false,"Target_Switch_Base":2,"ExpansionArg_type":3,"ExpansionArg_string":"\u0000\u0000{{H<=NULL\u0000","ExpansionArg_type_2":0,"_bound":85} start 438.8535 took 49.8686s
*-- Errors occured in test {"Switcher":false,"Target_Switch_Base":2,"ExpansionArg_type":3,"ExpansionArg_string":"\u0000\u0000{{H<=NULL\u0000","ExpansionArg_type_2":0,"_bound":85}
* Error: SyntaxError: Expected "!=", "!==", "%", "&&", "*", "+", ",", "-", "/", "<", "<=", "<==", "==", "===", ">", ">=", ">==", "?", "|", "||", "}}" or [ \n\r\t] but "\x00" found.
*-- Replay with NO_COMPILE=1 expoSE replay '/home/pbai002/ExpoSE/lib/Harness/src/harness.js' '{"Switcher":false,"Target_Switch_Base":2,"ExpansionArg_type":3,"ExpansionArg_string":"\u0000\u0000{{H<=NULL\u0000","ExpansionArg_type_2":0,"_bound":85}'
*-- Test Case {"Switcher":false,"Target_Switch_Base":2,"ExpansionArg_type":3,"ExpansionArg_string":"\u0000\u0000{{a<=undefined}}","ExpansionArg_type_2":0,"_bound":175} start 480.2315 took 12.8157s
*-- Errors occured in test {"Switcher":false,"Target_Switch_Base":2,"ExpansionArg_type":3,"ExpansionArg_string":"\u0000\u0000{{a<=undefined}}","ExpansionArg_type_2":0,"_bound":175}
* Error: SyntaxError: missing ) after argument list
*-- Replay with NO_COMPILE=1 expoSE replay '/home/pbai002/ExpoSE/lib/Harness/src/harness.js' '{"Switcher":false,"Target_Switch_Base":2,"ExpansionArg_type":3,"ExpansionArg_string":"\u0000\u0000{{a<=undefined}}","ExpansionArg_type_2":0,"_bound":175}'
*-- Test Case {"Switcher":false,"Target_Switch_Base":2,"ExpansionArg_type":3,"ExpansionArg_string":"\u0000\u0000{{K>=undefined","ExpansionArg_type_2":0,"_bound":81} start 461.7125 took 32.433s
*-- Errors occured in test {"Switcher":false,"Target_Switch_Base":2,"ExpansionArg_type":3,"ExpansionArg_string":"\u0000\u0000{{K>=undefined","ExpansionArg_type_2":0,"_bound":81}
* Error: SyntaxError: Expected "!=", "!==", "%", "&&", "*", "+", ",", "-", "/", "<", "<=", "<==", "==", "===", ">", ">=", ">==", "?", "|", "||", "}}" or [ \n\r\t] but end of input found.
*-- Replay with NO_COMPILE=1 expoSE replay '/home/pbai002/ExpoSE/lib/Harness/src/harness.js' '{"Switcher":false,"Target_Switch_Base":2,"ExpansionArg_type":3,"ExpansionArg_string":"\u0000\u0000{{K>=undefined","ExpansionArg_type_2":0,"_bound":81}'
*-- Test Case {"Switcher":false,"Target_Switch_Base":2,"ExpansionArg_type":3,"ExpansionArg_string":"\u0000\u0000{{D<=undefined>==","ExpansionArg_type_2":0,"_bound":91} start 437.8588 took 56.735s
*-- Errors occured in test {"Switcher":false,"Target_Switch_Base":2,"ExpansionArg_type":3,"ExpansionArg_string":"\u0000\u0000{{D<=undefined>==","ExpansionArg_type_2":0,"_bound":91}
* Error: SyntaxError: Expected "!", "(", "-", ".", "<~", "<~>", "Infinity", "NULL", "NaN", "^", "false", "null", "true", "undefined", "{", "~", "~>", [ \n\r\t], [0-9], [a-zA-Z_$0-9] or string but end of input found.
*-- Replay with NO_COMPILE=1 expoSE replay '/home/pbai002/ExpoSE/lib/Harness/src/harness.js' '{"Switcher":false,"Target_Switch_Base":2,"ExpansionArg_type":3,"ExpansionArg_string":"\u0000\u0000{{D<=undefined>==","ExpansionArg_type_2":0,"_bound":91}'
*-- Test Case {"Switcher":false,"Target_Switch_Base":2,"ExpansionArg_type":3,"ExpansionArg_string":"\u0000\u0000{{H<=NaN","ExpansionArg_type_2":0,"_bound":86} start 463.2446 took 32.5689s
*-- Errors occured in test {"Switcher":false,"Target_Switch_Base":2,"ExpansionArg_type":3,"ExpansionArg_string":"\u0000\u0000{{H<=NaN","ExpansionArg_type_2":0,"_bound":86}
* Error: SyntaxError: Expected "!=", "!==", "%", "&&", "*", "+", ",", "-", "/", "<", "<=", "<==", "==", "===", ">", ">=", ">==", "?", "|", "||", "}}" or [ \n\r\t] but end of input found.
*-- Replay with NO_COMPILE=1 expoSE replay '/home/pbai002/ExpoSE/lib/Harness/src/harness.js' '{"Switcher":false,"Target_Switch_Base":2,"ExpansionArg_type":3,"ExpansionArg_string":"\u0000\u0000{{H<=NaN","ExpansionArg_type_2":0,"_bound":86}'
*-- Test Case {"Switcher":false,"Target_Switch_Base":2,"ExpansionArg_type":3,"ExpansionArg_string":"\u0000\u0000{{_>==NULL","ExpansionArg_type_2":0,"_bound":82} start 479.1667 took 36.8801s
*-- Errors occured in test {"Switcher":false,"Target_Switch_Base":2,"ExpansionArg_type":3,"ExpansionArg_string":"\u0000\u0000{{_>==NULL","ExpansionArg_type_2":0,"_bound":82}
* Error: SyntaxError: Expected "!=", "!==", "%", "&&", "*", "+", ",", "-", "/", "<", "<=", "<==", "==", "===", ">", ">=", ">==", "?", "|", "||", "}}" or [ \n\r\t] but end of input found.
*-- Replay with NO_COMPILE=1 expoSE replay '/home/pbai002/ExpoSE/lib/Harness/src/harness.js' '{"Switcher":false,"Target_Switch_Base":2,"ExpansionArg_type":3,"ExpansionArg_string":"\u0000\u0000{{_>==NULL","ExpansionArg_type_2":0,"_bound":82}'
*-- Test Case {"Switcher":false,"Target_Switch_Base":2,"ExpansionArg_type":3,"ExpansionArg_string":"\u0000\u0000{{P||\u0000\u0000\u0000\u0000\u0000","ExpansionArg_type_2":0,"_bound":71} start 459.696 took 69.7964s
*-- Errors occured in test {"Switcher":false,"Target_Switch_Base":2,"ExpansionArg_type":3,"ExpansionArg_string":"\u0000\u0000{{P||\u0000\u0000\u0000\u0000\u0000","ExpansionArg_type_2":0,"_bound":71}
* Error: SyntaxError: Expected "!", "(", "-", ".", "<~", "<~>", "Infinity", "NULL", "NaN", "^", "false", "null", "true", "undefined", "{", "~", "~>", [ \n\r\t], [0-9], [a-zA-Z_$0-9] or string but "\x00" found.
*-- Replay with NO_COMPILE=1 expoSE replay '/home/pbai002/ExpoSE/lib/Harness/src/harness.js' '{"Switcher":false,"Target_Switch_Base":2,"ExpansionArg_type":3,"ExpansionArg_string":"\u0000\u0000{{P||\u0000\u0000\u0000\u0000\u0000","ExpansionArg_type_2":0,"_bound":71}'
*-- Test Case {"Switcher":false,"Target_Switch_Base":2,"ExpansionArg_type":3,"ExpansionArg_string":"\u0000\u0000{{$!==","ExpansionArg_type_2":0,"_bound":74} start 495.8974 took 46.0163s
*-- Errors occured in test {"Switcher":false,"Target_Switch_Base":2,"ExpansionArg_type":3,"ExpansionArg_string":"\u0000\u0000{{$!==","ExpansionArg_type_2":0,"_bound":74}
* Error: SyntaxError: Expected "!", "(", "-", ".", "<~", "<~>", "Infinity", "NULL", "NaN", "^", "false", "null", "true", "undefined", "{", "~", "~>", [ \n\r\t], [0-9], [a-zA-Z_$0-9] or string but end of input found.
*-- Replay with NO_COMPILE=1 expoSE replay '/home/pbai002/ExpoSE/lib/Harness/src/harness.js' '{"Switcher":false,"Target_Switch_Base":2,"ExpansionArg_type":3,"ExpansionArg_string":"\u0000\u0000{{$!==","ExpansionArg_type_2":0,"_bound":74}'
*-- Test Case {"Switcher":false,"Target_Switch_Base":2,"ExpansionArg_type":3,"ExpansionArg_string":"\u0000\u0000{{a()","ExpansionArg_type_2":0,"_bound":136} start 419.7076 took 122.7842s
*-- Errors occured in test {"Switcher":false,"Target_Switch_Base":2,"ExpansionArg_type":3,"ExpansionArg_string":"\u0000\u0000{{a()","ExpansionArg_type_2":0,"_bound":136}
* Error: SyntaxError: Expected "!=", "!==", "%", "&&", "*", "+", ",", "-", "/", "<", "<=", "<==", "==", "===", ">", ">=", ">==", "?", "|", "||", "}}" or [ \n\r\t] but end of input found.
*-- Replay with NO_COMPILE=1 expoSE replay '/home/pbai002/ExpoSE/lib/Harness/src/harness.js' '{"Switcher":false,"Target_Switch_Base":2,"ExpansionArg_type":3,"ExpansionArg_string":"\u0000\u0000{{a()","ExpansionArg_type_2":0,"_bound":136}'
*-- Test Case {"Switcher":false,"Target_Switch_Base":2,"ExpansionArg_type":3,"ExpansionArg_string":"\u0000\u0000{{z<=undefined||","ExpansionArg_type_2":0,"_bound":86} start 489.0805 took 57.7976s
*-- Errors occured in test {"Switcher":false,"Target_Switch_Base":2,"ExpansionArg_type":3,"ExpansionArg_string":"\u0000\u0000{{z<=undefined||","ExpansionArg_type_2":0,"_bound":86}
* Error: SyntaxError: Expected "!", "(", "-", ".", "<~", "<~>", "Infinity", "NULL", "NaN", "^", "false", "null", "true", "undefined", "{", "~", "~>", [ \n\r\t], [0-9], [a-zA-Z_$0-9] or string but end of input found.
*-- Replay with NO_COMPILE=1 expoSE replay '/home/pbai002/ExpoSE/lib/Harness/src/harness.js' '{"Switcher":false,"Target_Switch_Base":2,"ExpansionArg_type":3,"ExpansionArg_string":"\u0000\u0000{{z<=undefined||","ExpansionArg_type_2":0,"_bound":86}'
*-- Test Case {"Switcher":false,"Target_Switch_Base":2,"ExpansionArg_type":3,"ExpansionArg_string":"\u0000\u0000{{a<=undefined<=","ExpansionArg_type_2":0,"_bound":94} start 494.2327 took 56.2471s
*-- Errors occured in test {"Switcher":false,"Target_Switch_Base":2,"ExpansionArg_type":3,"ExpansionArg_string":"\u0000\u0000{{a<=undefined<=","ExpansionArg_type_2":0,"_bound":94}
* Error: SyntaxError: Expected "!", "(", "-", ".", "<~", "<~>", "Infinity", "NULL", "NaN", "^", "false", "null", "true", "undefined", "{", "~", "~>", [ \n\r\t], [0-9], [a-zA-Z_$0-9] or string but end of input found.
*-- Replay with NO_COMPILE=1 expoSE replay '/home/pbai002/ExpoSE/lib/Harness/src/harness.js' '{"Switcher":false,"Target_Switch_Base":2,"ExpansionArg_type":3,"ExpansionArg_string":"\u0000\u0000{{a<=undefined<=","ExpansionArg_type_2":0,"_bound":94}'
*-- Test Case {"Switcher":false,"Target_Switch_Base":2,"ExpansionArg_type":3,"ExpansionArg_string":"\u0000\u0000{{D<=undefined!=\u0000","ExpansionArg_type_2":0,"_bound":90} start 455.927 took 98.2755s
*-- Errors occured in test {"Switcher":false,"Target_Switch_Base":2,"ExpansionArg_type":3,"ExpansionArg_string":"\u0000\u0000{{D<=undefined!=\u0000","ExpansionArg_type_2":0,"_bound":90}
* Error: SyntaxError: Expected "!", "(", "-", ".", "<~", "<~>", "Infinity", "NULL", "NaN", "^", "false", "null", "true", "undefined", "{", "~", "~>", [ \n\r\t], [0-9], [a-zA-Z_$0-9] or string but "\x00" found.
*-- Replay with NO_COMPILE=1 expoSE replay '/home/pbai002/ExpoSE/lib/Harness/src/harness.js' '{"Switcher":false,"Target_Switch_Base":2,"ExpansionArg_type":3,"ExpansionArg_string":"\u0000\u0000{{D<=undefined!=\u0000","ExpansionArg_type_2":0,"_bound":90}'
*-- Test Case {"Switcher":false,"Target_Switch_Base":2,"ExpansionArg_type":3,"ExpansionArg_string":"\u0000\u0000{{_>==undefined||","ExpansionArg_type_2":0,"_bound":83} start 494.7369 took 59.8383s
*-- Errors occured in test {"Switcher":false,"Target_Switch_Base":2,"ExpansionArg_type":3,"ExpansionArg_string":"\u0000\u0000{{_>==undefined||","ExpansionArg_type_2":0,"_bound":83}
* Error: SyntaxError: Expected "!", "(", "-", ".", "<~", "<~>", "Infinity", "NULL", "NaN", "^", "false", "null", "true", "undefined", "{", "~", "~>", [ \n\r\t], [0-9], [a-zA-Z_$0-9] or string but end of input found.
*-- Replay with NO_COMPILE=1 expoSE replay '/home/pbai002/ExpoSE/lib/Harness/src/harness.js' '{"Switcher":false,"Target_Switch_Base":2,"ExpansionArg_type":3,"ExpansionArg_string":"\u0000\u0000{{_>==undefined||","ExpansionArg_type_2":0,"_bound":83}'
*-- Test Case {"Switcher":false,"Target_Switch_Base":2,"ExpansionArg_type":3,"ExpansionArg_string":"\u0000\u0000{{D<=undefined>=\u0000","ExpansionArg_type_2":0,"_bound":92} start 466.1287 took 89.2508s
*-- Errors occured in test {"Switcher":false,"Target_Switch_Base":2,"ExpansionArg_type":3,"ExpansionArg_string":"\u0000\u0000{{D<=undefined>=\u0000","ExpansionArg_type_2":0,"_bound":92}
* Error: SyntaxError: Expected "!", "(", "-", ".", "<~", "<~>", "Infinity", "NULL", "NaN", "^", "false", "null", "true", "undefined", "{", "~", "~>", [ \n\r\t], [0-9], [a-zA-Z_$0-9] or string but "\x00" found.
*-- Replay with NO_COMPILE=1 expoSE replay '/home/pbai002/ExpoSE/lib/Harness/src/harness.js' '{"Switcher":false,"Target_Switch_Base":2,"ExpansionArg_type":3,"ExpansionArg_string":"\u0000\u0000{{D<=undefined>=\u0000","ExpansionArg_type_2":0,"_bound":92}'
*-- Test Case {"Switcher":false,"Target_Switch_Base":2,"ExpansionArg_type":3,"ExpansionArg_string":"\u0000\u0000{{a<=undefined<==","ExpansionArg_type_2":0,"_bound":93} start 516.1154 took 52.6077s
*-- Errors occured in test {"Switcher":false,"Target_Switch_Base":2,"ExpansionArg_type":3,"ExpansionArg_string":"\u0000\u0000{{a<=undefined<==","ExpansionArg_type_2":0,"_bound":93}
* Error: SyntaxError: Expected "!", "(", "-", ".", "<~", "<~>", "Infinity", "NULL", "NaN", "^", "false", "null", "true", "undefined", "{", "~", "~>", [ \n\r\t], [0-9], [a-zA-Z_$0-9] or string but end of input found.
*-- Replay with NO_COMPILE=1 expoSE replay '/home/pbai002/ExpoSE/lib/Harness/src/harness.js' '{"Switcher":false,"Target_Switch_Base":2,"ExpansionArg_type":3,"ExpansionArg_string":"\u0000\u0000{{a<=undefined<==","ExpansionArg_type_2":0,"_bound":93}'
*-- Test Case {"Switcher":false,"Target_Switch_Base":2,"ExpansionArg_type":3,"ExpansionArg_string":"\u0000\u0000{{$&&false","ExpansionArg_type_2":0,"_bound":73} start 542.5727 took 28.9723s
*-- Errors occured in test {"Switcher":false,"Target_Switch_Base":2,"ExpansionArg_type":3,"ExpansionArg_string":"\u0000\u0000{{$&&false","ExpansionArg_type_2":0,"_bound":73}
* Error: SyntaxError: Expected "!=", "!==", "%", "&&", "*", "+", ",", "-", "/", "<", "<=", "<==", "==", "===", ">", ">=", ">==", "?", "|", "||", "}}" or [ \n\r\t] but end of input found.
*-- Replay with NO_COMPILE=1 expoSE replay '/home/pbai002/ExpoSE/lib/Harness/src/harness.js' '{"Switcher":false,"Target_Switch_Base":2,"ExpansionArg_type":3,"ExpansionArg_string":"\u0000\u0000{{$&&false","ExpansionArg_type_2":0,"_bound":73}'
*-- Test Case {"Switcher":false,"Target_Switch_Base":2,"ExpansionArg_type":3,"ExpansionArg_string":"\u0000\u0000{{f","ExpansionArg_type_2":0,"_bound":215} start 555.058 took 24.6387s
*-- Errors occured in test {"Switcher":false,"Target_Switch_Base":2,"ExpansionArg_type":3,"ExpansionArg_string":"\u0000\u0000{{f","ExpansionArg_type_2":0,"_bound":215}
* Error: SyntaxError: Expected "!=", "!==", "%", "&&", "(", "()", "*", "+", ",", "-", ".", "/", ":", "<", "<=", "<==", "=", "==", "===", ">", ">=", ">==", "?", "|", "||", "}}", [ \n\r\t] or [a-zA-Z_$0-9] but "\uFFFD" found.
*-- Replay with NO_COMPILE=1 expoSE replay '/home/pbai002/ExpoSE/lib/Harness/src/harness.js' '{"Switcher":false,"Target_Switch_Base":2,"ExpansionArg_type":3,"ExpansionArg_string":"\u0000\u0000{{f","ExpansionArg_type_2":0,"_bound":215}'
*-- Test Case {"Switcher":false,"Target_Switch_Base":2,"ExpansionArg_type":3,"ExpansionArg_string":"\u0000\u0000{{K<=undefined","ExpansionArg_type_2":0,"_bound":83} start 550.5617 took 34.2851s
*-- Errors occured in test {"Switcher":false,"Target_Switch_Base":2,"ExpansionArg_type":3,"ExpansionArg_string":"\u0000\u0000{{K<=undefined","ExpansionArg_type_2":0,"_bound":83}
* Error: SyntaxError: Expected "!=", "!==", "%", "&&", "*", "+", ",", "-", "/", "<", "<=", "<==", "==", "===", ">", ">=", ">==", "?", "|", "||", "}}" or [ \n\r\t] but end of input found.
*-- Replay with NO_COMPILE=1 expoSE replay '/home/pbai002/ExpoSE/lib/Harness/src/harness.js' '{"Switcher":false,"Target_Switch_Base":2,"ExpansionArg_type":3,"ExpansionArg_string":"\u0000\u0000{{K<=undefined","ExpansionArg_type_2":0,"_bound":83}'
*-- Test Case {"Switcher":false,"Target_Switch_Base":2,"ExpansionArg_type":3,"ExpansionArg_string":"\u0010\u0000{{p<=NaN\u0000\u0000\u0000\u0000\u0000\u0000","ExpansionArg_type_2":0,"_bound":86} start 529.5756 took 57.6273s
*-- Errors occured in test {"Switcher":false,"Target_Switch_Base":2,"ExpansionArg_type":3,"ExpansionArg_string":"\u0010\u0000{{p<=NaN\u0000\u0000\u0000\u0000\u0000\u0000","ExpansionArg_type_2":0,"_bound":86}
* Error: SyntaxError: Expected "!=", "!==", "%", "&&", "*", "+", ",", "-", "/", "<", "<=", "<==", "==", "===", ">", ">=", ">==", "?", "|", "||", "}}" or [ \n\r\t] but "\x00" found.
*-- Replay with NO_COMPILE=1 expoSE replay '/home/pbai002/ExpoSE/lib/Harness/src/harness.js' '{"Switcher":false,"Target_Switch_Base":2,"ExpansionArg_type":3,"ExpansionArg_string":"\u0010\u0000{{p<=NaN\u0000\u0000\u0000\u0000\u0000\u0000","ExpansionArg_type_2":0,"_bound":86}'
*-- Test Case {"Switcher":false,"Target_Switch_Base":2,"ExpansionArg_type":3,"ExpansionArg_string":"\u0000\u0000{{H}}","ExpansionArg_type_2":0,"_bound":199} start 579.7801 took 13.0497s
*-- Errors occured in test {"Switcher":false,"Target_Switch_Base":2,"ExpansionArg_type":3,"ExpansionArg_string":"\u0000\u0000{{H}}","ExpansionArg_type_2":0,"_bound":199}
* Error: SyntaxError: missing ) after argument list
*-- Replay with NO_COMPILE=1 expoSE replay '/home/pbai002/ExpoSE/lib/Harness/src/harness.js' '{"Switcher":false,"Target_Switch_Base":2,"ExpansionArg_type":3,"ExpansionArg_string":"\u0000\u0000{{H}}","ExpansionArg_type_2":0,"_bound":199}'
*-- Test Case {"Switcher":false,"Target_Switch_Base":2,"ExpansionArg_type":3,"ExpansionArg_string":"\u0000\u0000{{P>=NaN\u0000\u0000\u0000\u0000\u0000\u0000","ExpansionArg_type_2":0,"_bound":84} start 547.188 took 52.1396s
*-- Errors occured in test {"Switcher":false,"Target_Switch_Base":2,"ExpansionArg_type":3,"ExpansionArg_string":"\u0000\u0000{{P>=NaN\u0000\u0000\u0000\u0000\u0000\u0000","ExpansionArg_type_2":0,"_bound":84}
* Error: SyntaxError: Expected "!=", "!==", "%", "&&", "*", "+", ",", "-", "/", "<", "<=", "<==", "==", "===", ">", ">=", ">==", "?", "|", "||", "}}" or [ \n\r\t] but "\x00" found.
*-- Replay with NO_COMPILE=1 expoSE replay '/home/pbai002/ExpoSE/lib/Harness/src/harness.js' '{"Switcher":false,"Target_Switch_Base":2,"ExpansionArg_type":3,"ExpansionArg_string":"\u0000\u0000{{P>=NaN\u0000\u0000\u0000\u0000\u0000\u0000","ExpansionArg_type_2":0,"_bound":84}'
*-- Test Case {"Switcher":false,"Target_Switch_Base":2,"ExpansionArg_type":3,"ExpansionArg_string":"\u0000\u0000{{P>=0@\u0000","ExpansionArg_type_2":0,"_bound":87} start 542.0138 took 58.1723s
*-- Errors occured in test {"Switcher":false,"Target_Switch_Base":2,"ExpansionArg_type":3,"ExpansionArg_string":"\u0000\u0000{{P>=0@\u0000","ExpansionArg_type_2":0,"_bound":87}
* Error: SyntaxError: Expected "!=", "!==", "%", "&&", "(", "()", "*", "+", ",", "-", ".", "/", "<", "<=", "<==", "==", "===", ">", ">=", ">==", "?", "|", "||", "}}", [ \n\r\t] or [0-9] but "@" found.
*-- Replay with NO_COMPILE=1 expoSE replay '/home/pbai002/ExpoSE/lib/Harness/src/harness.js' '{"Switcher":false,"Target_Switch_Base":2,"ExpansionArg_type":3,"ExpansionArg_string":"\u0000\u0000{{P>=0@\u0000","ExpansionArg_type_2":0,"_bound":87}'
*-- Test Case {"Switcher":false,"Target_Switch_Base":2,"ExpansionArg_type":3,"ExpansionArg_string":"\u0000\u0000{{_n","ExpansionArg_type_2":0,"_bound":24} start 284.7679 took 324.562s
*-- Errors occured in test {"Switcher":false,"Target_Switch_Base":2,"ExpansionArg_type":3,"ExpansionArg_string":"\u0000\u0000{{_n","ExpansionArg_type_2":0,"_bound":24}
* Error: SyntaxError: Expected "!=", "!==", "%", "&&", "(", "()", "*", "+", ",", "-", ".", "/", ":", "<", "<=", "<==", "=", "==", "===", ">", ">=", ">==", "?", "|", "||", "}}", [ \n\r\t] or [a-zA-Z_$0-9] but end of input found.
*-- Replay with NO_COMPILE=1 expoSE replay '/home/pbai002/ExpoSE/lib/Harness/src/harness.js' '{"Switcher":false,"Target_Switch_Base":2,"ExpansionArg_type":3,"ExpansionArg_string":"\u0000\u0000{{_n","ExpansionArg_type_2":0,"_bound":24}'
*-- Test Case {"Switcher":false,"Target_Switch_Base":2,"ExpansionArg_type":3,"ExpansionArg_string":"\u0000\u0000{{A<=false==","ExpansionArg_type_2":0,"_bound":87} start 568.7921 took 53.6691s
*-- Errors occured in test {"Switcher":false,"Target_Switch_Base":2,"ExpansionArg_type":3,"ExpansionArg_string":"\u0000\u0000{{A<=false==","ExpansionArg_type_2":0,"_bound":87}
* Error: SyntaxError: Expected "!", "(", "-", ".", "<~", "<~>", "Infinity", "NULL", "NaN", "^", "false", "null", "true", "undefined", "{", "~", "~>", [ \n\r\t], [0-9], [a-zA-Z_$0-9] or string but end of input found.
*-- Replay with NO_COMPILE=1 expoSE replay '/home/pbai002/ExpoSE/lib/Harness/src/harness.js' '{"Switcher":false,"Target_Switch_Base":2,"ExpansionArg_type":3,"ExpansionArg_string":"\u0000\u0000{{A<=false==","ExpansionArg_type_2":0,"_bound":87}'
*-- Test Case {"Switcher":false,"Target_Switch_Base":2,"ExpansionArg_type":3,"ExpansionArg_string":"\u0000\u0000{{B>==0\u0000\u0000\u0000","ExpansionArg_type_2":0,"_bound":86} start 555.4783 took 70.5593s
*-- Errors occured in test {"Switcher":false,"Target_Switch_Base":2,"ExpansionArg_type":3,"ExpansionArg_string":"\u0000\u0000{{B>==0\u0000\u0000\u0000","ExpansionArg_type_2":0,"_bound":86}
* Error: SyntaxError: Expected "!=", "!==", "%", "&&", "(", "()", "*", "+", ",", "-", ".", "/", "<", "<=", "<==", "==", "===", ">", ">=", ">==", "?", "|", "||", "}}", [ \n\r\t] or [0-9] but "\x00" found.
*-- Replay with NO_COMPILE=1 expoSE replay '/home/pbai002/ExpoSE/lib/Harness/src/harness.js' '{"Switcher":false,"Target_Switch_Base":2,"ExpansionArg_type":3,"ExpansionArg_string":"\u0000\u0000{{B>==0\u0000\u0000\u0000","ExpansionArg_type_2":0,"_bound":86}'
*-- Test Case {"Switcher":false,"Target_Switch_Base":2,"ExpansionArg_type":3,"ExpansionArg_string":"\u0000\u0000{{p&&NULL\u0000","ExpansionArg_type_2":0,"_bound":76} start 584.9259 took 57.0122s
*-- Errors occured in test {"Switcher":false,"Target_Switch_Base":2,"ExpansionArg_type":3,"ExpansionArg_string":"\u0000\u0000{{p&&NULL\u0000","ExpansionArg_type_2":0,"_bound":76}
* Error: SyntaxError: Expected "!=", "!==", "%", "&&", "*", "+", ",", "-", "/", "<", "<=", "<==", "==", "===", ">", ">=", ">==", "?", "|", "||", "}}" or [ \n\r\t] but "\x00" found.
*-- Replay with NO_COMPILE=1 expoSE replay '/home/pbai002/ExpoSE/lib/Harness/src/harness.js' '{"Switcher":false,"Target_Switch_Base":2,"ExpansionArg_type":3,"ExpansionArg_string":"\u0000\u0000{{p&&NULL\u0000","ExpansionArg_type_2":0,"_bound":76}'
*-- Test Case {"Switcher":false,"Target_Switch_Base":2,"ExpansionArg_type":3,"ExpansionArg_string":"\u0000\u0000{{p<=Infinity\u0000","ExpansionArg_type_2":0,"_bound":87} start 587.6082 took 58.4871s
*-- Errors occured in test {"Switcher":false,"Target_Switch_Base":2,"ExpansionArg_type":3,"ExpansionArg_string":"\u0000\u0000{{p<=Infinity\u0000","ExpansionArg_type_2":0,"_bound":87}
* Error: SyntaxError: Expected "!=", "!==", "%", "&&", "*", "+", ",", "-", "/", "<", "<=", "<==", "==", "===", ">", ">=", ">==", "?", "|", "||", "}}" or [ \n\r\t] but "\x00" found.
*-- Replay with NO_COMPILE=1 expoSE replay '/home/pbai002/ExpoSE/lib/Harness/src/harness.js' '{"Switcher":false,"Target_Switch_Base":2,"ExpansionArg_type":3,"ExpansionArg_string":"\u0000\u0000{{p<=Infinity\u0000","ExpansionArg_type_2":0,"_bound":87}'
*-- Test Case {"Switcher":false,"Target_Switch_Base":2,"ExpansionArg_type":3,"ExpansionArg_string":"\u0000\u0000{{$>==undefined<==","ExpansionArg_type_2":0,"_bound":90} start 592.9006 took 58.1653s
*-- Errors occured in test {"Switcher":false,"Target_Switch_Base":2,"ExpansionArg_type":3,"ExpansionArg_string":"\u0000\u0000{{$>==undefined<==","ExpansionArg_type_2":0,"_bound":90}
* Error: SyntaxError: Expected "!", "(", "-", ".", "<~", "<~>", "Infinity", "NULL", "NaN", "^", "false", "null", "true", "undefined", "{", "~", "~>", [ \n\r\t], [0-9], [a-zA-Z_$0-9] or string but end of input found.
*-- Replay with NO_COMPILE=1 expoSE replay '/home/pbai002/ExpoSE/lib/Harness/src/harness.js' '{"Switcher":false,"Target_Switch_Base":2,"ExpansionArg_type":3,"ExpansionArg_string":"\u0000\u0000{{$>==undefined<==","ExpansionArg_type_2":0,"_bound":90}'
*-- Test Case {"Switcher":false,"Target_Switch_Base":2,"ExpansionArg_type":3,"ExpansionArg_string":"\u0000\u0000{{p>==undefined!==","ExpansionArg_type_2":0,"_bound":86} start 599.4525 took 54.1644s
*-- Errors occured in test {"Switcher":false,"Target_Switch_Base":2,"ExpansionArg_type":3,"ExpansionArg_string":"\u0000\u0000{{p>==undefined!==","ExpansionArg_type_2":0,"_bound":86}
* Error: SyntaxError: Expected "!", "(", "-", ".", "<~", "<~>", "Infinity", "NULL", "NaN", "^", "false", "null", "true", "undefined", "{", "~", "~>", [ \n\r\t], [0-9], [a-zA-Z_$0-9] or string but end of input found.
*-- Replay with NO_COMPILE=1 expoSE replay '/home/pbai002/ExpoSE/lib/Harness/src/harness.js' '{"Switcher":false,"Target_Switch_Base":2,"ExpansionArg_type":3,"ExpansionArg_string":"\u0000\u0000{{p>==undefined!==","ExpansionArg_type_2":0,"_bound":86}'
*-- Test Case {"Switcher":false,"Target_Switch_Base":2,"ExpansionArg_type":3,"ExpansionArg_string":"\u0000\u0000{{B<=<~","ExpansionArg_type_2":0,"_bound":92} start 609.6039 took 45.4832s
*-- Errors occured in test {"Switcher":false,"Target_Switch_Base":2,"ExpansionArg_type":3,"ExpansionArg_string":"\u0000\u0000{{B<=<~","ExpansionArg_type_2":0,"_bound":92}
* Error: SyntaxError: Expected [ \n\r\t] or [a-zA-Z_$0-9] but end of input found.
*-- Replay with NO_COMPILE=1 expoSE replay '/home/pbai002/ExpoSE/lib/Harness/src/harness.js' '{"Switcher":false,"Target_Switch_Base":2,"ExpansionArg_type":3,"ExpansionArg_string":"\u0000\u0000{{B<=<~","ExpansionArg_type_2":0,"_bound":92}'
*-- Test Case {"Switcher":false,"Target_Switch_Base":2,"ExpansionArg_type":3,"ExpansionArg_string":"\u0000\u0000{{$<=0\u0000\u0000\u0000\u0000","ExpansionArg_type_2":0,"_bound":89} start 342.7835 took 314.923s
*-- Errors occured in test {"Switcher":false,"Target_Switch_Base":2,"ExpansionArg_type":3,"ExpansionArg_string":"\u0000\u0000{{$<=0\u0000\u0000\u0000\u0000","ExpansionArg_type_2":0,"_bound":89}
* Error: Exception E: SyntaxError: Unexpected end of JSON input of test data on 
* Error: Exception E: SyntaxError: Unexpected end of JSON input of coverage data on 
* Error: Error extracting final output - a fatal error must have occured
*-- Replay with NO_COMPILE=1 expoSE replay '/home/pbai002/ExpoSE/lib/Harness/src/harness.js' '{"Switcher":false,"Target_Switch_Base":2,"ExpansionArg_type":3,"ExpansionArg_string":"\u0000\u0000{{$<=0\u0000\u0000\u0000\u0000","ExpansionArg_type_2":0,"_bound":89}'
*-- Test Case {"Switcher":false,"Target_Switch_Base":2,"ExpansionArg_type":3,"ExpansionArg_string":"\u0000\u0000{{P==\u0000\u0000\u0000\u0000\u0000","ExpansionArg_type_2":0,"_bound":73} start 554.3235 took 114.1908s
*-- Errors occured in test {"Switcher":false,"Target_Switch_Base":2,"ExpansionArg_type":3,"ExpansionArg_string":"\u0000\u0000{{P==\u0000\u0000\u0000\u0000\u0000","ExpansionArg_type_2":0,"_bound":73}
* Error: SyntaxError: Expected "!", "(", "-", ".", "<~", "<~>", "Infinity", "NULL", "NaN", "^", "false", "null", "true", "undefined", "{", "~", "~>", [ \n\r\t], [0-9], [a-zA-Z_$0-9] or string but "\x00" found.
*-- Replay with NO_COMPILE=1 expoSE replay '/home/pbai002/ExpoSE/lib/Harness/src/harness.js' '{"Switcher":false,"Target_Switch_Base":2,"ExpansionArg_type":3,"ExpansionArg_string":"\u0000\u0000{{P==\u0000\u0000\u0000\u0000\u0000","ExpansionArg_type_2":0,"_bound":73}'
*-- Test Case {"Switcher":false,"Target_Switch_Base":2,"ExpansionArg_type":3,"ExpansionArg_string":"\u0000{{p||","ExpansionArg_type_2":0,"_bound":71} start 346.6191 took 338.1998s
*-- Errors occured in test {"Switcher":false,"Target_Switch_Base":2,"ExpansionArg_type":3,"ExpansionArg_string":"\u0000{{p||","ExpansionArg_type_2":0,"_bound":71}
* Error: SyntaxError: Expected "!", "(", "-", ".", "<~", "<~>", "Infinity", "NULL", "NaN", "^", "false", "null", "true", "undefined", "{", "~", "~>", [ \n\r\t], [0-9], [a-zA-Z_$0-9] or string but end of input found.
*-- Replay with NO_COMPILE=1 expoSE replay '/home/pbai002/ExpoSE/lib/Harness/src/harness.js' '{"Switcher":false,"Target_Switch_Base":2,"ExpansionArg_type":3,"ExpansionArg_string":"\u0000{{p||","ExpansionArg_type_2":0,"_bound":71}'
*-- Test Case {"Switcher":false,"Target_Switch_Base":2,"ExpansionArg_type":3,"ExpansionArg_string":"\u0000\u0000{{K<=false","ExpansionArg_type_2":0,"_bound":82} start 668.5797 took 31.4101s
*-- Errors occured in test {"Switcher":false,"Target_Switch_Base":2,"ExpansionArg_type":3,"ExpansionArg_string":"\u0000\u0000{{K<=false","ExpansionArg_type_2":0,"_bound":82}
* Error: SyntaxError: Expected "!=", "!==", "%", "&&", "*", "+", ",", "-", "/", "<", "<=", "<==", "==", "===", ">", ">=", ">==", "?", "|", "||", "}}" or [ \n\r\t] but end of input found.
*-- Replay with NO_COMPILE=1 expoSE replay '/home/pbai002/ExpoSE/lib/Harness/src/harness.js' '{"Switcher":false,"Target_Switch_Base":2,"ExpansionArg_type":3,"ExpansionArg_string":"\u0000\u0000{{K<=false","ExpansionArg_type_2":0,"_bound":82}'
*-- Test Case {"Switcher":false,"Target_Switch_Base":2,"ExpansionArg_type":3,"ExpansionArg_string":"\u0000\u0000{{$<=~>\u0000\u0000\u0000\u0000\u0000\u0000\u0000","ExpansionArg_type_2":0,"_bound":90} start 642.0219 took 60.9582s
*-- Errors occured in test {"Switcher":false,"Target_Switch_Base":2,"ExpansionArg_type":3,"ExpansionArg_string":"\u0000\u0000{{$<=~>\u0000\u0000\u0000\u0000\u0000\u0000\u0000","ExpansionArg_type_2":0,"_bound":90}
* Error: SyntaxError: Expected [ \n\r\t] or [a-zA-Z_$0-9] but "\x00" found.
*-- Replay with NO_COMPILE=1 expoSE replay '/home/pbai002/ExpoSE/lib/Harness/src/harness.js' '{"Switcher":false,"Target_Switch_Base":2,"ExpansionArg_type":3,"ExpansionArg_string":"\u0000\u0000{{$<=~>\u0000\u0000\u0000\u0000\u0000\u0000\u0000","ExpansionArg_type_2":0,"_bound":90}'
*-- Test Case {"Switcher":false,"Target_Switch_Base":2,"ExpansionArg_type":3,"ExpansionArg_string":"\u0000\u0000{{p<=NULL\u0000\u0000\u0000\u0000\u0000\u0000","ExpansionArg_type_2":0,"_bound":85} start 657.7891 took 51.9284s
*-- Errors occured in test {"Switcher":false,"Target_Switch_Base":2,"ExpansionArg_type":3,"ExpansionArg_string":"\u0000\u0000{{p<=NULL\u0000\u0000\u0000\u0000\u0000\u0000","ExpansionArg_type_2":0,"_bound":85}
* Error: SyntaxError: Expected "!=", "!==", "%", "&&", "*", "+", ",", "-", "/", "<", "<=", "<==", "==", "===", ">", ">=", ">==", "?", "|", "||", "}}" or [ \n\r\t] but "\x00" found.
*-- Replay with NO_COMPILE=1 expoSE replay '/home/pbai002/ExpoSE/lib/Harness/src/harness.js' '{"Switcher":false,"Target_Switch_Base":2,"ExpansionArg_type":3,"ExpansionArg_string":"\u0000\u0000{{p<=NULL\u0000\u0000\u0000\u0000\u0000\u0000","ExpansionArg_type_2":0,"_bound":85}'
*-- Test Case {"Switcher":false,"Target_Switch_Base":2,"ExpansionArg_type":3,"ExpansionArg_string":"\u0000\u0000{{H()","ExpansionArg_type_2":0,"_bound":57} start 571.6806 took 138.6902s
*-- Errors occured in test {"Switcher":false,"Target_Switch_Base":2,"ExpansionArg_type":3,"ExpansionArg_string":"\u0000\u0000{{H()","ExpansionArg_type_2":0,"_bound":57}
* Error: SyntaxError: Expected "!=", "!==", "%", "&&", "*", "+", ",", "-", "/", "<", "<=", "<==", "==", "===", ">", ">=", ">==", "?", "|", "||", "}}" or [ \n\r\t] but end of input found.
*-- Replay with NO_COMPILE=1 expoSE replay '/home/pbai002/ExpoSE/lib/Harness/src/harness.js' '{"Switcher":false,"Target_Switch_Base":2,"ExpansionArg_type":3,"ExpansionArg_string":"\u0000\u0000{{H()","ExpansionArg_type_2":0,"_bound":57}'
*-- Test Case {"Switcher":false,"Target_Switch_Base":2,"ExpansionArg_type":3,"ExpansionArg_string":"\u0000{{d>==false<=\u0000","ExpansionArg_type_2":0,"_bound":90} start 622.9732 took 88.9682s
*-- Errors occured in test {"Switcher":false,"Target_Switch_Base":2,"ExpansionArg_type":3,"ExpansionArg_string":"\u0000{{d>==false<=\u0000","ExpansionArg_type_2":0,"_bound":90}
* Error: SyntaxError: Expected "!", "(", "-", ".", "<~", "<~>", "Infinity", "NULL", "NaN", "^", "false", "null", "true", "undefined", "{", "~", "~>", [ \n\r\t], [0-9], [a-zA-Z_$0-9] or string but "\x00" found.
*-- Replay with NO_COMPILE=1 expoSE replay '/home/pbai002/ExpoSE/lib/Harness/src/harness.js' '{"Switcher":false,"Target_Switch_Base":2,"ExpansionArg_type":3,"ExpansionArg_string":"\u0000{{d>==false<=\u0000","ExpansionArg_type_2":0,"_bound":90}'
*-- Test Case {"Switcher":false,"Target_Switch_Base":2,"ExpansionArg_type":3,"ExpansionArg_string":"\u0000\u0000{{p===\u0000","ExpansionArg_type_2":0,"_bound":72} start 404.3436 took 315.4418s
*-- Errors occured in test {"Switcher":false,"Target_Switch_Base":2,"ExpansionArg_type":3,"ExpansionArg_string":"\u0000\u0000{{p===\u0000","ExpansionArg_type_2":0,"_bound":72}
* Error: Exception E: SyntaxError: Unexpected end of JSON input of test data on 
* Error: Exception E: SyntaxError: Unexpected end of JSON input of coverage data on 
* Error: Error extracting final output - a fatal error must have occured
*-- Replay with NO_COMPILE=1 expoSE replay '/home/pbai002/ExpoSE/lib/Harness/src/harness.js' '{"Switcher":false,"Target_Switch_Base":2,"ExpansionArg_type":3,"ExpansionArg_string":"\u0000\u0000{{p===\u0000","ExpansionArg_type_2":0,"_bound":72}'
*-- Test Case {"Switcher":false,"Target_Switch_Base":2,"ExpansionArg_type":3,"ExpansionArg_string":"\u0000\u0000{{z<=undefined&&\u0000","ExpansionArg_type_2":0,"_bound":85} start 646.1814 took 87.4329s
*-- Errors occured in test {"Switcher":false,"Target_Switch_Base":2,"ExpansionArg_type":3,"ExpansionArg_string":"\u0000\u0000{{z<=undefined&&\u0000","ExpansionArg_type_2":0,"_bound":85}
* Error: SyntaxError: Expected "!", "(", "-", ".", "<~", "<~>", "Infinity", "NULL", "NaN", "^", "false", "null", "true", "undefined", "{", "~", "~>", [ \n\r\t], [0-9], [a-zA-Z_$0-9] or string but "\x00" found.
*-- Replay with NO_COMPILE=1 expoSE replay '/home/pbai002/ExpoSE/lib/Harness/src/harness.js' '{"Switcher":false,"Target_Switch_Base":2,"ExpansionArg_type":3,"ExpansionArg_string":"\u0000\u0000{{z<=undefined&&\u0000","ExpansionArg_type_2":0,"_bound":85}'
*-- Test Case {"Switcher":false,"Target_Switch_Base":2,"ExpansionArg_type":3,"ExpansionArg_string":"\u0000\u0000{{A<=false<==\u0000","ExpansionArg_type_2":0,"_bound":92} start 653.7727 took 83.3978s
*-- Errors occured in test {"Switcher":false,"Target_Switch_Base":2,"ExpansionArg_type":3,"ExpansionArg_string":"\u0000\u0000{{A<=false<==\u0000","ExpansionArg_type_2":0,"_bound":92}
* Error: SyntaxError: Expected "!", "(", "-", ".", "<~", "<~>", "Infinity", "NULL", "NaN", "^", "false", "null", "true", "undefined", "{", "~", "~>", [ \n\r\t], [0-9], [a-zA-Z_$0-9] or string but "\x00" found.
*-- Replay with NO_COMPILE=1 expoSE replay '/home/pbai002/ExpoSE/lib/Harness/src/harness.js' '{"Switcher":false,"Target_Switch_Base":2,"ExpansionArg_type":3,"ExpansionArg_string":"\u0000\u0000{{A<=false<==\u0000","ExpansionArg_type_2":0,"_bound":92}'
*-- Test Case {"Switcher":false,"Target_Switch_Base":2,"ExpansionArg_type":3,"ExpansionArg_string":"\u0000\u0000{{$>==false==\u0000\u0000","ExpansionArg_type_2":0,"_bound":84} start 655.5122 took 86.305s
*-- Errors occured in test {"Switcher":false,"Target_Switch_Base":2,"ExpansionArg_type":3,"ExpansionArg_string":"\u0000\u0000{{$>==false==\u0000\u0000","ExpansionArg_type_2":0,"_bound":84}
* Error: SyntaxError: Expected "!", "(", "-", ".", "<~", "<~>", "Infinity", "NULL", "NaN", "^", "false", "null", "true", "undefined", "{", "~", "~>", [ \n\r\t], [0-9], [a-zA-Z_$0-9] or string but "\x00" found.
*-- Replay with NO_COMPILE=1 expoSE replay '/home/pbai002/ExpoSE/lib/Harness/src/harness.js' '{"Switcher":false,"Target_Switch_Base":2,"ExpansionArg_type":3,"ExpansionArg_string":"\u0000\u0000{{$>==false==\u0000\u0000","ExpansionArg_type_2":0,"_bound":84}'
*-- Test Case {"Switcher":false,"Target_Switch_Base":2,"ExpansionArg_type":3,"ExpansionArg_string":"\u0000\u0000{{_>==undefined===\u0000","ExpansionArg_type_2":0,"_bound":84} start 651.1363 took 108.4899s
*-- Errors occured in test {"Switcher":false,"Target_Switch_Base":2,"ExpansionArg_type":3,"ExpansionArg_string":"\u0000\u0000{{_>==undefined===\u0000","ExpansionArg_type_2":0,"_bound":84}
* Error: SyntaxError: Expected "!", "(", "-", ".", "<~", "<~>", "Infinity", "NULL", "NaN", "^", "false", "null", "true", "undefined", "{", "~", "~>", [ \n\r\t], [0-9], [a-zA-Z_$0-9] or string but "\x00" found.
*-- Replay with NO_COMPILE=1 expoSE replay '/home/pbai002/ExpoSE/lib/Harness/src/harness.js' '{"Switcher":false,"Target_Switch_Base":2,"ExpansionArg_type":3,"ExpansionArg_string":"\u0000\u0000{{_>==undefined===\u0000","ExpansionArg_type_2":0,"_bound":84}'
*-- Test Case {"Switcher":false,"Target_Switch_Base":2,"ExpansionArg_type":3,"ExpansionArg_string":"\u0000\u0000{{P&&NaN","ExpansionArg_type_2":0,"_bound":77} start 733.6807 took 30.4061s
*-- Errors occured in test {"Switcher":false,"Target_Switch_Base":2,"ExpansionArg_type":3,"ExpansionArg_string":"\u0000\u0000{{P&&NaN","ExpansionArg_type_2":0,"_bound":77}
* Error: SyntaxError: Expected "!=", "!==", "%", "&&", "*", "+", ",", "-", "/", "<", "<=", "<==", "==", "===", ">", ">=", ">==", "?", "|", "||", "}}" or [ \n\r\t] but end of input found.
*-- Replay with NO_COMPILE=1 expoSE replay '/home/pbai002/ExpoSE/lib/Harness/src/harness.js' '{"Switcher":false,"Target_Switch_Base":2,"ExpansionArg_type":3,"ExpansionArg_string":"\u0000\u0000{{P&&NaN","ExpansionArg_type_2":0,"_bound":77}'
*-- Test Case {"Switcher":false,"Target_Switch_Base":2,"ExpansionArg_type":3,"ExpansionArg_string":"\u0000\u0000{{_>==NaN\u0000","ExpansionArg_type_2":0,"_bound":83} start 710.0198 took 54.3727s
*-- Errors occured in test {"Switcher":false,"Target_Switch_Base":2,"ExpansionArg_type":3,"ExpansionArg_string":"\u0000\u0000{{_>==NaN\u0000","ExpansionArg_type_2":0,"_bound":83}
* Error: SyntaxError: Expected "!=", "!==", "%", "&&", "*", "+", ",", "-", "/", "<", "<=", "<==", "==", "===", ">", ">=", ">==", "?", "|", "||", "}}" or [ \n\r\t] but "\x00" found.
*-- Replay with NO_COMPILE=1 expoSE replay '/home/pbai002/ExpoSE/lib/Harness/src/harness.js' '{"Switcher":false,"Target_Switch_Base":2,"ExpansionArg_type":3,"ExpansionArg_string":"\u0000\u0000{{_>==NaN\u0000","ExpansionArg_type_2":0,"_bound":83}'
*-- Test Case {"Switcher":false,"Target_Switch_Base":2,"ExpansionArg_type":3,"ExpansionArg_string":"\u0000\u0000{{a&&Infinity\u0000\u0000\u0000","ExpansionArg_type_2":0,"_bound":78} start 712.236 took 54.9192s
*-- Errors occured in test {"Switcher":false,"Target_Switch_Base":2,"ExpansionArg_type":3,"ExpansionArg_string":"\u0000\u0000{{a&&Infinity\u0000\u0000\u0000","ExpansionArg_type_2":0,"_bound":78}
* Error: SyntaxError: Expected "!=", "!==", "%", "&&", "*", "+", ",", "-", "/", "<", "<=", "<==", "==", "===", ">", ">=", ">==", "?", "|", "||", "}}" or [ \n\r\t] but "\x00" found.
*-- Replay with NO_COMPILE=1 expoSE replay '/home/pbai002/ExpoSE/lib/Harness/src/harness.js' '{"Switcher":false,"Target_Switch_Base":2,"ExpansionArg_type":3,"ExpansionArg_string":"\u0000\u0000{{a&&Infinity\u0000\u0000\u0000","ExpansionArg_type_2":0,"_bound":78}'
*-- Test Case {"Switcher":false,"Target_Switch_Base":2,"ExpansionArg_type":3,"ExpansionArg_string":"n","ExpansionArg_type_2":3,"ExpansionArg_string_2":"","_bound":12} start 764.164 took 9.545s
*-- Errors occured in test {"Switcher":false,"Target_Switch_Base":2,"ExpansionArg_type":3,"ExpansionArg_string":"n","ExpansionArg_type_2":3,"ExpansionArg_string_2":"","_bound":12}
* Error: ReferenceError: require is not defined
*-- Replay with NO_COMPILE=1 expoSE replay '/home/pbai002/ExpoSE/lib/Harness/src/harness.js' '{"Switcher":false,"Target_Switch_Base":2,"ExpansionArg_type":3,"ExpansionArg_string":"n","ExpansionArg_type_2":3,"ExpansionArg_string_2":"","_bound":12}'
*-- Test Case {"Switcher":false,"Target_Switch_Base":2,"ExpansionArg_type":3,"ExpansionArg_string":"\u0000\u0000{{l}}\u0000\u0000","ExpansionArg_type_2":0,"_bound":199} start 759.7042 took 15.5884s
*-- Errors occured in test {"Switcher":false,"Target_Switch_Base":2,"ExpansionArg_type":3,"ExpansionArg_string":"\u0000\u0000{{l}}\u0000\u0000","ExpansionArg_type_2":0,"_bound":199}
* Error: SyntaxError: missing ) after argument list
*-- Replay with NO_COMPILE=1 expoSE replay '/home/pbai002/ExpoSE/lib/Harness/src/harness.js' '{"Switcher":false,"Target_Switch_Base":2,"ExpansionArg_type":3,"ExpansionArg_string":"\u0000\u0000{{l}}\u0000\u0000","ExpansionArg_type_2":0,"_bound":199}'
*-- Test Case {"Switcher":false,"Target_Switch_Base":2,"ExpansionArg_type":3,"ExpansionArg_string":"d\u0000{{$==NaN\u0000\u0000","ExpansionArg_type_2":0,"_bound":159} start 700.0637 took 76.8016s
*-- Errors occured in test {"Switcher":false,"Target_Switch_Base":2,"ExpansionArg_type":3,"ExpansionArg_string":"d\u0000{{$==NaN\u0000\u0000","ExpansionArg_type_2":0,"_bound":159}
* Error: SyntaxError: Expected "!=", "!==", "%", "&&", "*", "+", ",", "-", "/", "<", "<=", "<==", "==", "===", ">", ">=", ">==", "?", "|", "||", "}}" or [ \n\r\t] but "\x00" found.
*-- Replay with NO_COMPILE=1 expoSE replay '/home/pbai002/ExpoSE/lib/Harness/src/harness.js' '{"Switcher":false,"Target_Switch_Base":2,"ExpansionArg_type":3,"ExpansionArg_string":"d\u0000{{$==NaN\u0000\u0000","ExpansionArg_type_2":0,"_bound":159}'
*-- Test Case {"Switcher":false,"Target_Switch_Base":2,"ExpansionArg_type":3,"ExpansionArg_string":"\u0000\u0000{{p>==undefined==","ExpansionArg_type_2":0,"_bound":85} start 719.816 took 58.057s
*-- Errors occured in test {"Switcher":false,"Target_Switch_Base":2,"ExpansionArg_type":3,"ExpansionArg_string":"\u0000\u0000{{p>==undefined==","ExpansionArg_type_2":0,"_bound":85}
* Error: SyntaxError: Expected "!", "(", "-", ".", "<~", "<~>", "Infinity", "NULL", "NaN", "^", "false", "null", "true", "undefined", "{", "~", "~>", [ \n\r\t], [0-9], [a-zA-Z_$0-9] or string but end of input found.
*-- Replay with NO_COMPILE=1 expoSE replay '/home/pbai002/ExpoSE/lib/Harness/src/harness.js' '{"Switcher":false,"Target_Switch_Base":2,"ExpansionArg_type":3,"ExpansionArg_string":"\u0000\u0000{{p>==undefined==","ExpansionArg_type_2":0,"_bound":85}'
*-- Test Case {"Switcher":false,"Target_Switch_Base":2,"ExpansionArg_type":3,"ExpansionArg_string":"\u0000\u0000\u0000\u0000\n{{","ExpansionArg_type_2":0,"_bound":210} start 767.2681 took 12.408s
*-- Errors occured in test {"Switcher":false,"Target_Switch_Base":2,"ExpansionArg_type":3,"ExpansionArg_string":"\u0000\u0000\u0000\u0000\n{{","ExpansionArg_type_2":0,"_bound":210}
* Error: SyntaxError: Expected "!", "(", "-", ".", "<~", "<~>", "Infinity", "NULL", "NaN", "^", "false", "null", "true", "undefined", "{", "~", "~>", [ \n\r\t], [0-9], [a-zA-Z_$0-9] or string but end of input found.
*-- Replay with NO_COMPILE=1 expoSE replay '/home/pbai002/ExpoSE/lib/Harness/src/harness.js' '{"Switcher":false,"Target_Switch_Base":2,"ExpansionArg_type":3,"ExpansionArg_string":"\u0000\u0000\u0000\u0000\n{{","ExpansionArg_type_2":0,"_bound":210}'
*-- Test Case {"Switcher":false,"Target_Switch_Base":2,"ExpansionArg_type":3,"ExpansionArg_string":"\u0000\u0000\u0000\u0000\u0000\u0000{{<~\u0000","ExpansionArg_type_2":0,"_bound":37} start 737.2996 took 43.3527s
*-- Errors occured in test {"Switcher":false,"Target_Switch_Base":2,"ExpansionArg_type":3,"ExpansionArg_string":"\u0000\u0000\u0000\u0000\u0000\u0000{{<~\u0000","ExpansionArg_type_2":0,"_bound":37}
* Error: SyntaxError: Expected [ \n\r\t] or [a-zA-Z_$0-9] but "\x00" found.
*-- Replay with NO_COMPILE=1 expoSE replay '/home/pbai002/ExpoSE/lib/Harness/src/harness.js' '{"Switcher":false,"Target_Switch_Base":2,"ExpansionArg_type":3,"ExpansionArg_string":"\u0000\u0000\u0000\u0000\u0000\u0000{{<~\u0000","ExpansionArg_type_2":0,"_bound":37}'
*-- Test Case {"Switcher":false,"Target_Switch_Base":2,"ExpansionArg_type":3,"ExpansionArg_string":"\u0004\u0000{{#","ExpansionArg_type_2":0,"_bound":19} start 741.9035 took 45.6552s
*-- Errors occured in test {"Switcher":false,"Target_Switch_Base":2,"ExpansionArg_type":3,"ExpansionArg_string":"\u0004\u0000{{#","ExpansionArg_type_2":0,"_bound":19}
* Error: SyntaxError: Expected "!", "(", "-", ".", "<~", "<~>", "Infinity", "NULL", "NaN", "^", "false", "null", "true", "undefined", "{", "~", "~>", [ \n\r\t], [0-9], [a-zA-Z_$0-9] or string but end of input found.
*-- Replay with NO_COMPILE=1 expoSE replay '/home/pbai002/ExpoSE/lib/Harness/src/harness.js' '{"Switcher":false,"Target_Switch_Base":2,"ExpansionArg_type":3,"ExpansionArg_string":"\u0004\u0000{{#","ExpansionArg_type_2":0,"_bound":19}'
*-- Test Case {"Switcher":false,"Target_Switch_Base":2,"ExpansionArg_type":3,"ExpansionArg_string":"\u0000\u0000{{A&&\u0000\u0000\u0000\u0000\u0000\u0000","ExpansionArg_type_2":0,"_bound":70} start 448.0976 took 340.0106s
*-- Errors occured in test {"Switcher":false,"Target_Switch_Base":2,"ExpansionArg_type":3,"ExpansionArg_string":"\u0000\u0000{{A&&\u0000\u0000\u0000\u0000\u0000\u0000","ExpansionArg_type_2":0,"_bound":70}
* Error: SyntaxError: Expected "!", "(", "-", ".", "<~", "<~>", "Infinity", "NULL", "NaN", "^", "false", "null", "true", "undefined", "{", "~", "~>", [ \n\r\t], [0-9], [a-zA-Z_$0-9] or string but "\x00" found.
*-- Replay with NO_COMPILE=1 expoSE replay '/home/pbai002/ExpoSE/lib/Harness/src/harness.js' '{"Switcher":false,"Target_Switch_Base":2,"ExpansionArg_type":3,"ExpansionArg_string":"\u0000\u0000{{A&&\u0000\u0000\u0000\u0000\u0000\u0000","ExpansionArg_type_2":0,"_bound":70}'
*-- Test Case {"Switcher":false,"Target_Switch_Base":2,"ExpansionArg_type":3,"ExpansionArg_string":"\u0000\u0000\u0000{{","ExpansionArg_type_2":0,"_bound":210} start 780.7339 took 10.6145s
*-- Errors occured in test {"Switcher":false,"Target_Switch_Base":2,"ExpansionArg_type":3,"ExpansionArg_string":"\u0000\u0000\u0000{{","ExpansionArg_type_2":0,"_bound":210}
* Error: SyntaxError: Expected "!", "(", "-", ".", "<~", "<~>", "Infinity", "NULL", "NaN", "^", "false", "null", "true", "undefined", "{", "~", "~>", [ \n\r\t], [0-9], [a-zA-Z_$0-9] or string but end of input found.
*-- Replay with NO_COMPILE=1 expoSE replay '/home/pbai002/ExpoSE/lib/Harness/src/harness.js' '{"Switcher":false,"Target_Switch_Base":2,"ExpansionArg_type":3,"ExpansionArg_string":"\u0000\u0000\u0000{{","ExpansionArg_type_2":0,"_bound":210}'
*-- Test Case {"Switcher":false,"Target_Switch_Base":2,"ExpansionArg_type":3,"ExpansionArg_string":"","ExpansionArg_type_2":2,"ExpansionArg_int":0,"_bound":18} start 788.0328 took 8.9491s
*-- Errors occured in test {"Switcher":false,"Target_Switch_Base":2,"ExpansionArg_type":3,"ExpansionArg_string":"","ExpansionArg_type_2":2,"ExpansionArg_int":0,"_bound":18}
* Error: ReferenceError: require is not defined
*-- Replay with NO_COMPILE=1 expoSE replay '/home/pbai002/ExpoSE/lib/Harness/src/harness.js' '{"Switcher":false,"Target_Switch_Base":2,"ExpansionArg_type":3,"ExpansionArg_string":"","ExpansionArg_type_2":2,"ExpansionArg_int":0,"_bound":18}'
*-- Test Case {"Switcher":false,"Target_Switch_Base":2,"ExpansionArg_type":3,"ExpansionArg_string":"\u0000\u0000{{D>==undefined<=\u0000\u0000\u0000\u0000","ExpansionArg_type_2":0,"_bound":91} start 710.4877 took 89.316s
*-- Errors occured in test {"Switcher":false,"Target_Switch_Base":2,"ExpansionArg_type":3,"ExpansionArg_string":"\u0000\u0000{{D>==undefined<=\u0000\u0000\u0000\u0000","ExpansionArg_type_2":0,"_bound":91}
* Error: SyntaxError: Expected "!", "(", "-", ".", "<~", "<~>", "Infinity", "NULL", "NaN", "^", "false", "null", "true", "undefined", "{", "~", "~>", [ \n\r\t], [0-9], [a-zA-Z_$0-9] or string but "\x00" found.
*-- Replay with NO_COMPILE=1 expoSE replay '/home/pbai002/ExpoSE/lib/Harness/src/harness.js' '{"Switcher":false,"Target_Switch_Base":2,"ExpansionArg_type":3,"ExpansionArg_string":"\u0000\u0000{{D>==undefined<=\u0000\u0000\u0000\u0000","ExpansionArg_type_2":0,"_bound":91}'
*-- Test Case {"Switcher":false,"Target_Switch_Base":2,"ExpansionArg_type":3,"ExpansionArg_string":"\u0000\r{{\u0000\u0000\u0000\u0000\u0000\u0000\u0000\u0000\u0000\u0000","ExpansionArg_type_2":0,"_bound":193} start 777.95 took 23.6437s
*-- Errors occured in test {"Switcher":false,"Target_Switch_Base":2,"ExpansionArg_type":3,"ExpansionArg_string":"\u0000\r{{\u0000\u0000\u0000\u0000\u0000\u0000\u0000\u0000\u0000\u0000","ExpansionArg_type_2":0,"_bound":193}
* Error: SyntaxError: Expected "!", "(", "-", ".", "<~", "<~>", "Infinity", "NULL", "NaN", "^", "false", "null", "true", "undefined", "{", "~", "~>", [ \n\r\t], [0-9], [a-zA-Z_$0-9] or string but "\x00" found.
*-- Replay with NO_COMPILE=1 expoSE replay '/home/pbai002/ExpoSE/lib/Harness/src/harness.js' '{"Switcher":false,"Target_Switch_Base":2,"ExpansionArg_type":3,"ExpansionArg_string":"\u0000\r{{\u0000\u0000\u0000\u0000\u0000\u0000\u0000\u0000\u0000\u0000","ExpansionArg_type_2":0,"_bound":193}'
*-- Test Case {"Switcher":false,"Target_Switch_Base":2,"ExpansionArg_type":3,"ExpansionArg_string":"\u0000\u0000{{d>==false}}\u0000","ExpansionArg_type_2":0,"_bound":165} start 788.1849 took 14.6472s
*-- Errors occured in test {"Switcher":false,"Target_Switch_Base":2,"ExpansionArg_type":3,"ExpansionArg_string":"\u0000\u0000{{d>==false}}\u0000","ExpansionArg_type_2":0,"_bound":165}
* Error: SyntaxError: missing ) after argument list
*-- Replay with NO_COMPILE=1 expoSE replay '/home/pbai002/ExpoSE/lib/Harness/src/harness.js' '{"Switcher":false,"Target_Switch_Base":2,"ExpansionArg_type":3,"ExpansionArg_string":"\u0000\u0000{{d>==false}}\u0000","ExpansionArg_type_2":0,"_bound":165}'
*-- Test Case {"Switcher":false,"Target_Switch_Base":2,"ExpansionArg_type":3,"ExpansionArg_string":"\u0000\u0000{{\"\u0000\u0000","ExpansionArg_type_2":0,"_bound":213} start 65.0457 took 740.0139s
*-- Errors occured in test {"Switcher":false,"Target_Switch_Base":2,"ExpansionArg_type":3,"ExpansionArg_string":"\u0000\u0000{{\"\u0000\u0000","ExpansionArg_type_2":0,"_bound":213}
* Error: Exception E: SyntaxError: Unexpected end of JSON input of test data on 
* Error: Exception E: SyntaxError: Unexpected end of JSON input of coverage data on 
* Error: Error extracting final output - a fatal error must have occured
*-- Replay with NO_COMPILE=1 expoSE replay '/home/pbai002/ExpoSE/lib/Harness/src/harness.js' '{"Switcher":false,"Target_Switch_Base":2,"ExpansionArg_type":3,"ExpansionArg_string":"\u0000\u0000{{\"\u0000\u0000","ExpansionArg_type_2":0,"_bound":213}'
*-- Test Case {"Switcher":false,"Target_Switch_Base":2,"ExpansionArg_type":3,"ExpansionArg_string":" ","ExpansionArg_type_2":2,"ExpansionArg_int":0,"_bound":11} start 797.1015 took 10.2402s
*-- Errors occured in test {"Switcher":false,"Target_Switch_Base":2,"ExpansionArg_type":3,"ExpansionArg_string":" ","ExpansionArg_type_2":2,"ExpansionArg_int":0,"_bound":11}
* Error: ReferenceError: require is not defined
*-- Replay with NO_COMPILE=1 expoSE replay '/home/pbai002/ExpoSE/lib/Harness/src/harness.js' '{"Switcher":false,"Target_Switch_Base":2,"ExpansionArg_type":3,"ExpansionArg_string":" ","ExpansionArg_type_2":2,"ExpansionArg_int":0,"_bound":11}'
*-- Test Case {"Switcher":false,"Target_Switch_Base":2,"ExpansionArg_type":3,"ExpansionArg_string":"\u0000\u0000{{K3_","ExpansionArg_type_2":0,"_bound":25} start 764.7085 took 44.8907s
*-- Errors occured in test {"Switcher":false,"Target_Switch_Base":2,"ExpansionArg_type":3,"ExpansionArg_string":"\u0000\u0000{{K3_","ExpansionArg_type_2":0,"_bound":25}
* Error: SyntaxError: Expected "!=", "!==", "%", "&&", "(", "()", "*", "+", ",", "-", ".", "/", ":", "<", "<=", "<==", "=", "==", "===", ">", ">=", ">==", "?", "|", "||", "}}", [ \n\r\t] or [a-zA-Z_$0-9] but end of input found.
*-- Replay with NO_COMPILE=1 expoSE replay '/home/pbai002/ExpoSE/lib/Harness/src/harness.js' '{"Switcher":false,"Target_Switch_Base":2,"ExpansionArg_type":3,"ExpansionArg_string":"\u0000\u0000{{K3_","ExpansionArg_type_2":0,"_bound":25}'
*-- Test Case {"Switcher":false,"Target_Switch_Base":2,"ExpansionArg_type":3,"ExpansionArg_string":"  ","ExpansionArg_type_2":2,"ExpansionArg_int":0,"_bound":12} start 807.4056 took 9.8441s
*-- Errors occured in test {"Switcher":false,"Target_Switch_Base":2,"ExpansionArg_type":3,"ExpansionArg_string":"  ","ExpansionArg_type_2":2,"ExpansionArg_int":0,"_bound":12}
* Error: ReferenceError: require is not defined
*-- Replay with NO_COMPILE=1 expoSE replay '/home/pbai002/ExpoSE/lib/Harness/src/harness.js' '{"Switcher":false,"Target_Switch_Base":2,"ExpansionArg_type":3,"ExpansionArg_string":"  ","ExpansionArg_type_2":2,"ExpansionArg_int":0,"_bound":12}'
*-- Test Case {"Switcher":false,"Target_Switch_Base":2,"ExpansionArg_type":3,"ExpansionArg_string":"\u0000\u0000{{A==undefined","ExpansionArg_type_2":0,"_bound":156} start 775.3867 took 45.9702s
*-- Errors occured in test {"Switcher":false,"Target_Switch_Base":2,"ExpansionArg_type":3,"ExpansionArg_string":"\u0000\u0000{{A==undefined","ExpansionArg_type_2":0,"_bound":156}
* Error: SyntaxError: Expected "!=", "!==", "%", "&&", "*", "+", ",", "-", "/", "<", "<=", "<==", "==", "===", ">", ">=", ">==", "?", "|", "||", "}}" or [ \n\r\t] but end of input found.
*-- Replay with NO_COMPILE=1 expoSE replay '/home/pbai002/ExpoSE/lib/Harness/src/harness.js' '{"Switcher":false,"Target_Switch_Base":2,"ExpansionArg_type":3,"ExpansionArg_string":"\u0000\u0000{{A==undefined","ExpansionArg_type_2":0,"_bound":156}'
*-- Test Case {"Switcher":false,"Target_Switch_Base":2,"ExpansionArg_type":3,"ExpansionArg_string":"\u0000\u0000\r\u0000\u0000{{\u0000","ExpansionArg_type_2":0,"_bound":220} start 802.9604 took 23.024s
*-- Errors occured in test {"Switcher":false,"Target_Switch_Base":2,"ExpansionArg_type":3,"ExpansionArg_string":"\u0000\u0000\r\u0000\u0000{{\u0000","ExpansionArg_type_2":0,"_bound":220}
* Error: SyntaxError: Expected "!", "(", "-", ".", "<~", "<~>", "Infinity", "NULL", "NaN", "^", "false", "null", "true", "undefined", "{", "~", "~>", [ \n\r\t], [0-9], [a-zA-Z_$0-9] or string but "\x00" found.
*-- Replay with NO_COMPILE=1 expoSE replay '/home/pbai002/ExpoSE/lib/Harness/src/harness.js' '{"Switcher":false,"Target_Switch_Base":2,"ExpansionArg_type":3,"ExpansionArg_string":"\u0000\u0000\r\u0000\u0000{{\u0000","ExpansionArg_type_2":0,"_bound":220}'
*-- Test Case {"Switcher":false,"Target_Switch_Base":2,"ExpansionArg_type":3,"ExpansionArg_string":"t  ","ExpansionArg_type_2":2,"ExpansionArg_int":0,"_bound":13} start 817.3116 took 10.7888s
*-- Errors occured in test {"Switcher":false,"Target_Switch_Base":2,"ExpansionArg_type":3,"ExpansionArg_string":"t  ","ExpansionArg_type_2":2,"ExpansionArg_int":0,"_bound":13}
* Error: ReferenceError: require is not defined
*-- Replay with NO_COMPILE=1 expoSE replay '/home/pbai002/ExpoSE/lib/Harness/src/harness.js' '{"Switcher":false,"Target_Switch_Base":2,"ExpansionArg_type":3,"ExpansionArg_string":"t  ","ExpansionArg_type_2":2,"ExpansionArg_int":0,"_bound":13}'
*-- Test Case {"Switcher":false,"Target_Switch_Base":2,"ExpansionArg_type":3,"ExpansionArg_string":"\u0000\u0000{{P<=undefined===\u0000\u0000","ExpansionArg_type_2":0,"_bound":87} start 493.1563 took 338.0645s
*-- Errors occured in test {"Switcher":false,"Target_Switch_Base":2,"ExpansionArg_type":3,"ExpansionArg_string":"\u0000\u0000{{P<=undefined===\u0000\u0000","ExpansionArg_type_2":0,"_bound":87}
* Error: SyntaxError: Expected "!", "(", "-", ".", "<~", "<~>", "Infinity", "NULL", "NaN", "^", "false", "null", "true", "undefined", "{", "~", "~>", [ \n\r\t], [0-9], [a-zA-Z_$0-9] or string but "\x00" found.
*-- Replay with NO_COMPILE=1 expoSE replay '/home/pbai002/ExpoSE/lib/Harness/src/harness.js' '{"Switcher":false,"Target_Switch_Base":2,"ExpansionArg_type":3,"ExpansionArg_string":"\u0000\u0000{{P<=undefined===\u0000\u0000","ExpansionArg_type_2":0,"_bound":87}'
*-- Test Case {"Switcher":false,"Target_Switch_Base":2,"ExpansionArg_type":3,"ExpansionArg_string":"\u0000\u0000{{T<==undefined","ExpansionArg_type_2":0,"_bound":82} start 799.9423 took 32.1552s
*-- Errors occured in test {"Switcher":false,"Target_Switch_Base":2,"ExpansionArg_type":3,"ExpansionArg_string":"\u0000\u0000{{T<==undefined","ExpansionArg_type_2":0,"_bound":82}
* Error: SyntaxError: Expected "!=", "!==", "%", "&&", "*", "+", ",", "-", "/", "<", "<=", "<==", "==", "===", ">", ">=", ">==", "?", "|", "||", "}}" or [ \n\r\t] but end of input found.
*-- Replay with NO_COMPILE=1 expoSE replay '/home/pbai002/ExpoSE/lib/Harness/src/harness.js' '{"Switcher":false,"Target_Switch_Base":2,"ExpansionArg_type":3,"ExpansionArg_string":"\u0000\u0000{{T<==undefined","ExpansionArg_type_2":0,"_bound":82}'
*-- Test Case {"Switcher":false,"Target_Switch_Base":2,"ExpansionArg_type":3,"ExpansionArg_string":"\u0000\u0000{{$!=\u0000","ExpansionArg_type_2":0,"_bound":75} start 776.9399 took 63.7809s
*-- Errors occured in test {"Switcher":false,"Target_Switch_Base":2,"ExpansionArg_type":3,"ExpansionArg_string":"\u0000\u0000{{$!=\u0000","ExpansionArg_type_2":0,"_bound":75}
* Error: SyntaxError: Expected "!", "(", "-", ".", "<~", "<~>", "Infinity", "NULL", "NaN", "^", "false", "null", "true", "undefined", "{", "~", "~>", [ \n\r\t], [0-9], [a-zA-Z_$0-9] or string but "\x00" found.
*-- Replay with NO_COMPILE=1 expoSE replay '/home/pbai002/ExpoSE/lib/Harness/src/harness.js' '{"Switcher":false,"Target_Switch_Base":2,"ExpansionArg_type":3,"ExpansionArg_string":"\u0000\u0000{{$!=\u0000","ExpansionArg_type_2":0,"_bound":75}'
*-- Test Case {"Switcher":false,"Target_Switch_Base":2,"ExpansionArg_type":3,"ExpansionArg_string":"\r\u0000\u0000\u0000\u0000{{\u0000\u0000\u0000\u0000\u0000","ExpansionArg_type_2":0,"_bound":195} start 828.1657 took 14.9002s
*-- Errors occured in test {"Switcher":false,"Target_Switch_Base":2,"ExpansionArg_type":3,"ExpansionArg_string":"\r\u0000\u0000\u0000\u0000{{\u0000\u0000\u0000\u0000\u0000","ExpansionArg_type_2":0,"_bound":195}
* Error: SyntaxError: Expected "!", "(", "-", ".", "<~", "<~>", "Infinity", "NULL", "NaN", "^", "false", "null", "true", "undefined", "{", "~", "~>", [ \n\r\t], [0-9], [a-zA-Z_$0-9] or string but "\x00" found.
*-- Replay with NO_COMPILE=1 expoSE replay '/home/pbai002/ExpoSE/lib/Harness/src/harness.js' '{"Switcher":false,"Target_Switch_Base":2,"ExpansionArg_type":3,"ExpansionArg_string":"\r\u0000\u0000\u0000\u0000{{\u0000\u0000\u0000\u0000\u0000","ExpansionArg_type_2":0,"_bound":195}'
*-- Test Case {"Switcher":false,"Target_Switch_Base":2,"ExpansionArg_type":3,"ExpansionArg_string":"\u0000\u0000{{A==false","ExpansionArg_type_2":0,"_bound":155} start 801.6697 took 42.2709s
*-- Errors occured in test {"Switcher":false,"Target_Switch_Base":2,"ExpansionArg_type":3,"ExpansionArg_string":"\u0000\u0000{{A==false","ExpansionArg_type_2":0,"_bound":155}
* Error: SyntaxError: Expected "!=", "!==", "%", "&&", "*", "+", ",", "-", "/", "<", "<=", "<==", "==", "===", ">", ">=", ">==", "?", "|", "||", "}}" or [ \n\r\t] but end of input found.
*-- Replay with NO_COMPILE=1 expoSE replay '/home/pbai002/ExpoSE/lib/Harness/src/harness.js' '{"Switcher":false,"Target_Switch_Base":2,"ExpansionArg_type":3,"ExpansionArg_string":"\u0000\u0000{{A==false","ExpansionArg_type_2":0,"_bound":155}'
*-- Test Case {"Switcher":false,"Target_Switch_Base":2,"ExpansionArg_type":3,"ExpansionArg_string":"\u0000\u0000{{SkK8","ExpansionArg_type_2":0,"_bound":26} start 809.6769 took 41.0339s
*-- Errors occured in test {"Switcher":false,"Target_Switch_Base":2,"ExpansionArg_type":3,"ExpansionArg_string":"\u0000\u0000{{SkK8","ExpansionArg_type_2":0,"_bound":26}
* Error: SyntaxError: Expected "!=", "!==", "%", "&&", "(", "()", "*", "+", ",", "-", ".", "/", ":", "<", "<=", "<==", "=", "==", "===", ">", ">=", ">==", "?", "|", "||", "}}", [ \n\r\t] or [a-zA-Z_$0-9] but end of input found.
*-- Replay with NO_COMPILE=1 expoSE replay '/home/pbai002/ExpoSE/lib/Harness/src/harness.js' '{"Switcher":false,"Target_Switch_Base":2,"ExpansionArg_type":3,"ExpansionArg_string":"\u0000\u0000{{SkK8","ExpansionArg_type_2":0,"_bound":26}'
*-- Test Case {"Switcher":false,"Target_Switch_Base":2,"ExpansionArg_type":3,"ExpansionArg_string":"\u0002\u0000{{_>==undefined&&","ExpansionArg_type_2":0,"_bound":82} start 826.0577 took 55.3478s
*-- Errors occured in test {"Switcher":false,"Target_Switch_Base":2,"ExpansionArg_type":3,"ExpansionArg_string":"\u0002\u0000{{_>==undefined&&","ExpansionArg_type_2":0,"_bound":82}
* Error: SyntaxError: Expected "!", "(", "-", ".", "<~", "<~>", "Infinity", "NULL", "NaN", "^", "false", "null", "true", "undefined", "{", "~", "~>", [ \n\r\t], [0-9], [a-zA-Z_$0-9] or string but end of input found.
*-- Replay with NO_COMPILE=1 expoSE replay '/home/pbai002/ExpoSE/lib/Harness/src/harness.js' '{"Switcher":false,"Target_Switch_Base":2,"ExpansionArg_type":3,"ExpansionArg_string":"\u0002\u0000{{_>==undefined&&","ExpansionArg_type_2":0,"_bound":82}'
*-- Coverage Data
*- File /home/pbai002/ExpoSE/lib/Harness/src/harness.js. Coverage (Term): 88% Coverage (LOC): 89%
*- File /home/pbai002/ExpoSE/lib/S$/bin/symbols.js. Coverage (Term): 51% Coverage (LOC): 66%
*- File /home/pbai002/Targets/paperclip1217/node_modules/paperclip1217/lib/node.js. Coverage (Term): 97% Coverage (LOC): 100%
*- File /home/pbai002/Targets/paperclip1217/node_modules/paperclip1217/lib/register.js. Coverage (Term): 26% Coverage (LOC): 23%
*- File /home/pbai002/Targets/paperclip1217/node_modules/paperclip1217/lib/parser/index.js. Coverage (Term): 75% Coverage (LOC): 86%
*- File /home/pbai002/Targets/paperclip1217/node_modules/paperclip1217/lib/parser/parser.js. Coverage (Term): 50% Coverage (LOC): 50%
*- File /home/pbai002/Targets/paperclip1217/node_modules/paperclip1217/lib/browser.js. Coverage (Term): 78% Coverage (LOC): 81%
*- File /home/pbai002/Targets/paperclip1217/node_modules/nofactor/lib/node.js. Coverage (Term): 97% Coverage (LOC): 100%
*- File /home/pbai002/Targets/paperclip1217/node_modules/nofactor/lib/string/index.js. Coverage (Term): 51% Coverage (LOC): 63%
*- File /home/pbai002/Targets/paperclip1217/node_modules/nofactor/lib/base.js. Coverage (Term): 59% Coverage (LOC): 100%
*- File /home/pbai002/Targets/paperclip1217/node_modules/protoclass/lib/index.js. Coverage (Term): 80% Coverage (LOC): 90%
*- File /home/pbai002/Targets/paperclip1217/node_modules/nofactor/lib/string/element.js. Coverage (Term): 11% Coverage (LOC): 18%
*- File /home/pbai002/Targets/paperclip1217/node_modules/nofactor/lib/string/container.js. Coverage (Term): 10% Coverage (LOC): 17%
*- File /home/pbai002/Targets/paperclip1217/node_modules/nofactor/lib/string/node.js. Coverage (Term): 41% Coverage (LOC): 56%
*- File /home/pbai002/Targets/paperclip1217/node_modules/nofactor/lib/string/style.js. Coverage (Term): 11% Coverage (LOC): 26%
*- File /home/pbai002/Targets/paperclip1217/node_modules/nofactor/lib/string/fragment.js. Coverage (Term): 33% Coverage (LOC): 56%
*- File /home/pbai002/Targets/paperclip1217/node_modules/nofactor/lib/string/text.js. Coverage (Term): 39% Coverage (LOC): 61%
*- File /home/pbai002/Targets/paperclip1217/node_modules/nofactor/node_modules/he/he.js. Coverage (Term): 85% Coverage (LOC): 97%
*- File /home/pbai002/Targets/paperclip1217/node_modules/nofactor/lib/string/comment.js. Coverage (Term): 42% Coverage (LOC): 67%
*- File /home/pbai002/Targets/paperclip1217/node_modules/nofactor/lib/string/voidElements.js. Coverage (Term): 43% Coverage (LOC): 74%
*- File /home/pbai002/Targets/paperclip1217/node_modules/nofactor/lib/custom.js. Coverage (Term): 56% Coverage (LOC): 75%
*- File /home/pbai002/Targets/paperclip1217/node_modules/factories/lib/index.js. Coverage (Term): 95% Coverage (LOC): 100%
*- File /home/pbai002/Targets/paperclip1217/node_modules/factories/lib/any.js. Coverage (Term): 44% Coverage (LOC): 60%
*- File /home/pbai002/Targets/paperclip1217/node_modules/factories/lib/factory.js. Coverage (Term): 82% Coverage (LOC): 83%
*- File /home/pbai002/Targets/paperclip1217/node_modules/factories/lib/class.js. Coverage (Term): 72% Coverage (LOC): 83%
*- File /home/pbai002/Targets/paperclip1217/node_modules/factories/lib/base.js. Coverage (Term): 74% Coverage (LOC): 100%
*- File /home/pbai002/Targets/paperclip1217/node_modules/type-component/index.js. Coverage (Term): 40% Coverage (LOC): 35%
*- File /home/pbai002/Targets/paperclip1217/node_modules/factories/lib/fn.js. Coverage (Term): 52% Coverage (LOC): 75%
*- File /home/pbai002/Targets/paperclip1217/node_modules/factories/lib/group.js. Coverage (Term): 31% Coverage (LOC): 40%
*- File /home/pbai002/Targets/paperclip1217/node_modules/paperclip1217/lib/defaults.js. Coverage (Term): 66% Coverage (LOC): 89%
*- File /home/pbai002/Targets/paperclip1217/node_modules/paperclip1217/lib/runloop.js. Coverage (Term): 31% Coverage (LOC): 31%
*- File /home/pbai002/Targets/paperclip1217/node_modules/paperclip1217/lib/accessors/pojo.js. Coverage (Term): 9% Coverage (LOC): 20%
*- File /home/pbai002/Targets/paperclip1217/node_modules/paperclip1217/lib/accessors/base.js. Coverage (Term): 85% Coverage (LOC): 100%
*- File /home/pbai002/Targets/paperclip1217/node_modules/paperclip1217/lib/utils/set.js. Coverage (Term): 17% Coverage (LOC): 27%
*- File /home/pbai002/Targets/paperclip1217/node_modules/paperclip1217/lib/components/repeat.js. Coverage (Term): 12% Coverage (LOC): 17%
*- File /home/pbai002/Targets/paperclip1217/node_modules/paperclip1217/lib/components/base.js. Coverage (Term): 53% Coverage (LOC): 74%
*- File /home/pbai002/Targets/paperclip1217/node_modules/paperclip1217/lib/utils/bind.js. Coverage (Term): 28% Coverage (LOC): 50%
*- File /home/pbai002/Targets/paperclip1217/node_modules/paperclip1217/lib/components/stack.js. Coverage (Term): 17% Coverage (LOC): 22%
*- File /home/pbai002/Targets/paperclip1217/node_modules/paperclip1217/lib/components/switch.js. Coverage (Term): 13% Coverage (LOC): 21%
*- File /home/pbai002/Targets/paperclip1217/node_modules/paperclip1217/lib/components/show.js. Coverage (Term): 30% Coverage (LOC): 37%
*- File /home/pbai002/Targets/paperclip1217/node_modules/paperclip1217/lib/components/unsafe.js. Coverage (Term): 19% Coverage (LOC): 22%
*- File /home/pbai002/Targets/paperclip1217/node_modules/paperclip1217/lib/attributes/value.js. Coverage (Term): 11% Coverage (LOC): 23%
*- File /home/pbai002/Targets/paperclip1217/node_modules/paperclip1217/lib/attributes/script.js. Coverage (Term): 26% Coverage (LOC): 40%
*- File /home/pbai002/Targets/paperclip1217/node_modules/paperclip1217/lib/attributes/base.js. Coverage (Term): 74% Coverage (LOC): 94%
*- File /home/pbai002/Targets/paperclip1217/node_modules/paperclip1217/lib/attributes/enable.js. Coverage (Term): 55% Coverage (LOC): 60%
*- File /home/pbai002/Targets/paperclip1217/node_modules/paperclip1217/lib/attributes/focus.js. Coverage (Term): 37% Coverage (LOC): 38%
*- File /home/pbai002/Targets/paperclip1217/node_modules/paperclip1217/lib/attributes/style.js. Coverage (Term): 25% Coverage (LOC): 35%
*- File /home/pbai002/Targets/paperclip1217/node_modules/paperclip1217/lib/attributes/class.js. Coverage (Term): 17% Coverage (LOC): 24%
*- File /home/pbai002/Targets/paperclip1217/node_modules/paperclip1217/lib/attributes/easeIn.js. Coverage (Term): 42% Coverage (LOC): 58%
*- File /home/pbai002/Targets/paperclip1217/node_modules/paperclip1217/lib/attributes/easeOut.js. Coverage (Term): 44% Coverage (LOC): 64%
*- File /home/pbai002/Targets/paperclip1217/node_modules/paperclip1217/lib/attributes/event.js. Coverage (Term): 32% Coverage (LOC): 52%
*- File /home/pbai002/Targets/paperclip1217/node_modules/paperclip1217/lib/attributes/enter.js. Coverage (Term): 97% Coverage (LOC): 100%
*- File /home/pbai002/Targets/paperclip1217/node_modules/paperclip1217/lib/attributes/keyCodedEvent.js. Coverage (Term): 53% Coverage (LOC): 67%
*- File /home/pbai002/Targets/paperclip1217/node_modules/paperclip1217/lib/attributes/delete.js. Coverage (Term): 97% Coverage (LOC): 100%
*- File /home/pbai002/Targets/paperclip1217/node_modules/paperclip1217/lib/attributes/escape.js. Coverage (Term): 97% Coverage (LOC): 100%
*- File /home/pbai002/Targets/paperclip1217/node_modules/paperclip1217/lib/template/index.js. Coverage (Term): 32% Coverage (LOC): 41%
*- File /home/pbai002/Targets/paperclip1217/node_modules/paperclip1217/lib/template/vnode/block/index.js. Coverage (Term): 52% Coverage (LOC): 70%
*- File /home/pbai002/Targets/paperclip1217/node_modules/paperclip1217/lib/utils/index.js. Coverage (Term): 23% Coverage (LOC): 33%
*- File /home/pbai002/Targets/paperclip1217/node_modules/document-section/lib/index.js. Coverage (Term): 10% Coverage (LOC): 25%
*- File /home/pbai002/Targets/paperclip1217/node_modules/document-section/node_modules/nofactor/lib/index.js. Coverage (Term): 86% Coverage (LOC): 91%
*- File /home/pbai002/Targets/paperclip1217/node_modules/document-section/node_modules/nofactor/lib/string/index.js. Coverage (Term): 51% Coverage (LOC): 63%
*- File /home/pbai002/Targets/paperclip1217/node_modules/document-section/node_modules/nofactor/lib/base.js. Coverage (Term): 59% Coverage (LOC): 100%
*- File /home/pbai002/Targets/paperclip1217/node_modules/document-section/node_modules/nofactor/lib/string/element.js. Coverage (Term): 11% Coverage (LOC): 18%
*- File /home/pbai002/Targets/paperclip1217/node_modules/document-section/node_modules/nofactor/lib/string/container.js. Coverage (Term): 10% Coverage (LOC): 17%
*- File /home/pbai002/Targets/paperclip1217/node_modules/document-section/node_modules/nofactor/lib/string/node.js. Coverage (Term): 41% Coverage (LOC): 56%
*- File /home/pbai002/Targets/paperclip1217/node_modules/document-section/node_modules/nofactor/lib/string/style.js. Coverage (Term): 11% Coverage (LOC): 26%
*- File /home/pbai002/Targets/paperclip1217/node_modules/document-section/node_modules/nofactor/lib/string/fragment.js. Coverage (Term): 33% Coverage (LOC): 56%
*- File /home/pbai002/Targets/paperclip1217/node_modules/document-section/node_modules/nofactor/lib/string/text.js. Coverage (Term): 39% Coverage (LOC): 61%
*- File /home/pbai002/Targets/paperclip1217/node_modules/document-section/node_modules/he/he.js. Coverage (Term): 85% Coverage (LOC): 97%
*- File /home/pbai002/Targets/paperclip1217/node_modules/document-section/node_modules/nofactor/lib/string/comment.js. Coverage (Term): 42% Coverage (LOC): 67%
*- File /home/pbai002/Targets/paperclip1217/node_modules/document-section/node_modules/nofactor/lib/string/voidElements.js. Coverage (Term): 43% Coverage (LOC): 74%
*- File /home/pbai002/Targets/paperclip1217/node_modules/document-section/node_modules/nofactor/lib/dom.js. Coverage (Term): 26% Coverage (LOC): 46%
*- File /home/pbai002/Targets/paperclip1217/node_modules/document-section/node_modules/nofactor/lib/custom.js. Coverage (Term): 56% Coverage (LOC): 75%
*- File /home/pbai002/Targets/paperclip1217/node_modules/paperclip1217/lib/script/index.js. Coverage (Term): 5% Coverage (LOC): 7%
*- File /home/pbai002/Targets/paperclip1217/node_modules/paperclip1217/lib/template/vnode/block/hydrator.js. Coverage (Term): 42% Coverage (LOC): 63%
*- File /home/pbai002/Targets/paperclip1217/node_modules/paperclip1217/lib/template/vnode/block/binding.js. Coverage (Term): 22% Coverage (LOC): 32%
*- File /home/pbai002/Targets/paperclip1217/node_modules/paperclip1217/lib/template/vnode/block/unbound.js. Coverage (Term): 28% Coverage (LOC): 39%
*- File /home/pbai002/Targets/paperclip1217/node_modules/paperclip1217/lib/template/vnode/element/index.js. Coverage (Term): 24% Coverage (LOC): 30%
*- File /home/pbai002/Targets/paperclip1217/node_modules/paperclip1217/lib/section/fragment.js. Coverage (Term): 32% Coverage (LOC): 59%
*- File /home/pbai002/Targets/paperclip1217/node_modules/paperclip1217/lib/section/node.js. Coverage (Term): 30% Coverage (LOC): 59%
*- File /home/pbai002/Targets/paperclip1217/node_modules/paperclip1217/lib/template/vnode/fragment/index.js. Coverage (Term): 35% Coverage (LOC): 56%
*- File /home/pbai002/Targets/paperclip1217/node_modules/paperclip1217/lib/template/vnode/element/componentHydrator.js. Coverage (Term): 29% Coverage (LOC): 34%
*- File /home/pbai002/Targets/paperclip1217/node_modules/paperclip1217/lib/template/vnode/element/attributesBinding.js. Coverage (Term): 20% Coverage (LOC): 29%
*- File /home/pbai002/Targets/paperclip1217/node_modules/paperclip1217/lib/utils/extend.js. Coverage (Term): 21% Coverage (LOC): 29%
*- File /home/pbai002/Targets/paperclip1217/node_modules/paperclip1217/lib/template/vnode/element/attributeHydrator.js. Coverage (Term): 39% Coverage (LOC): 45%
*- File /home/pbai002/Targets/paperclip1217/node_modules/paperclip1217/lib/template/vnode/element/valueAttribute.js. Coverage (Term): 49% Coverage (LOC): 67%
*- File /home/pbai002/Targets/paperclip1217/node_modules/paperclip1217/lib/template/vnode/text/index.js. Coverage (Term): 42% Coverage (LOC): 60%
*- File /home/pbai002/Targets/paperclip1217/node_modules/paperclip1217/lib/template/vnode/comment/index.js. Coverage (Term): 51% Coverage (LOC): 75%
*- File /home/pbai002/Targets/paperclip1217/node_modules/paperclip1217/lib/template/view/index.js. Coverage (Term): 13% Coverage (LOC): 32%
*- File /home/pbai002/Targets/paperclip1217/node_modules/paperclip1217/lib/template/view/transitions.js. Coverage (Term): 23% Coverage (LOC): 33%
*- File /home/pbai002/Targets/paperclip1217/node_modules/paperclip1217/lib/utils/async.js. Coverage (Term): 22% Coverage (LOC): 29%
*- File /home/pbai002/Targets/paperclip1217/node_modules/paperclip1217/lib/utils/stringifyNode.js. Coverage (Term): 20% Coverage (LOC): 25%
*- File /home/pbai002/Targets/paperclip1217/node_modules/paperclip1217/lib/template/view/reference.js. Coverage (Term): 34% Coverage (LOC): 56%
*- File /home/pbai002/Targets/paperclip1217/node_modules/paperclip1217/lib/template/component.js. Coverage (Term): 33% Coverage (LOC): 45%
*- File /home/pbai002/Targets/paperclip1217/node_modules/paperclip1217/lib/parser/ast/doctype.js. Coverage (Term): 54% Coverage (LOC): 75%
*- File /home/pbai002/Targets/paperclip1217/node_modules/paperclip1217/lib/parser/ast/base.js. Coverage (Term): 97% Coverage (LOC): 100%
*- File /home/pbai002/Targets/paperclip1217/node_modules/paperclip1217/lib/parser/ast/rootNode.js. Coverage (Term): 93% Coverage (LOC): 95%
*- File /home/pbai002/Targets/paperclip1217/node_modules/paperclip1217/lib/parser/ast/textNode.js. Coverage (Term): 96% Coverage (LOC): 100%
*- File /home/pbai002/Targets/paperclip1217/node_modules/he/he.js. Coverage (Term): 86% Coverage (LOC): 97%
*- File /home/pbai002/Targets/paperclip1217/node_modules/paperclip1217/lib/parser/ast/commentNode.js. Coverage (Term): 51% Coverage (LOC): 75%
*- File /home/pbai002/Targets/paperclip1217/node_modules/paperclip1217/lib/parser/ast/elementNode.js. Coverage (Term): 41% Coverage (LOC): 67%
*- File /home/pbai002/Targets/paperclip1217/node_modules/paperclip1217/lib/parser/ast/array.js. Coverage (Term): 93% Coverage (LOC): 100%
*- File /home/pbai002/Targets/paperclip1217/node_modules/paperclip1217/lib/parser/ast/parameters.js. Coverage (Term): 93% Coverage (LOC): 100%
*- File /home/pbai002/Targets/paperclip1217/node_modules/paperclip1217/lib/parser/ast/blockBinding.js. Coverage (Term): 84% Coverage (LOC): 95%
*- File /home/pbai002/Targets/paperclip1217/node_modules/paperclip1217/lib/parser/ast/ternaryCondition.js. Coverage (Term): 40% Coverage (LOC): 64%
*- File /home/pbai002/Targets/paperclip1217/node_modules/paperclip1217/lib/parser/ast/assignment.js. Coverage (Term): 34% Coverage (LOC): 56%
*- File /home/pbai002/Targets/paperclip1217/node_modules/paperclip1217/lib/parser/ast/operator.js. Coverage (Term): 96% Coverage (LOC): 100%
*- File /home/pbai002/Targets/paperclip1217/node_modules/paperclip1217/lib/parser/ast/not.js. Coverage (Term): 49% Coverage (LOC): 69%
*- File /home/pbai002/Targets/paperclip1217/node_modules/paperclip1217/lib/parser/ast/literal.js. Coverage (Term): 95% Coverage (LOC): 100%
*- File /home/pbai002/Targets/paperclip1217/node_modules/paperclip1217/lib/parser/ast/string.js. Coverage (Term): 51% Coverage (LOC): 75%
*- File /home/pbai002/Targets/paperclip1217/node_modules/paperclip1217/lib/parser/ast/reference.js. Coverage (Term): 82% Coverage (LOC): 94%
*- File /home/pbai002/Targets/paperclip1217/node_modules/paperclip1217/lib/parser/ast/hash.js. Coverage (Term): 51% Coverage (LOC): 65%
*- File /home/pbai002/Targets/paperclip1217/node_modules/paperclip1217/lib/parser/ast/script.js. Coverage (Term): 95% Coverage (LOC): 100%
*- File /home/pbai002/Targets/paperclip1217/node_modules/paperclip1217/lib/utils/uniq.js. Coverage (Term): 90% Coverage (LOC): 93%
*- File /home/pbai002/Targets/paperclip1217/node_modules/paperclip1217/lib/parser/ast/call.js. Coverage (Term): 46% Coverage (LOC): 63%
*- File /home/pbai002/Targets/paperclip1217/node_modules/paperclip1217/lib/parser/ast/modifier.js. Coverage (Term): 37% Coverage (LOC): 50%
*- File /home/pbai002/Targets/paperclip1217/node_modules/paperclip1217/lib/parser/ast/group.js. Coverage (Term): 52% Coverage (LOC): 75%
*- File evalIndirect. Coverage (Term): 20% Coverage (LOC): 33%
*- Re-run with EXPOSE_PRINT_COVERAGE=1 to print line by line coverage information
** ExpoSE Finished. 193 paths with 190 errors **
