+ paperclip11@1.1.1
updated 1 package in 2.321s
Setup Done exists, not setting up
:../FeatureTester/libs/:/home/pbai002/Targets/paperclip11/node_modules
Set Default Z3_PATH to ./node_modules/z3javascript/bin/libz3.so
ExpoSE Master: /home/pbai002/ExpoSE/lib/Harness/src/harness.js max concurrent: 16 max paths: 1000000
Setting timeout to 900000
*** [0 done /0 queued / 1 running / 0 errors / 0% coverage ] ****** [0 done /0 queued / 1 running / 0 errors / 0% coverage ] ****** [1 done /1 queued / 1 running / 1 errors / 48% coverage ] ****** [1 done /0 queued / 2 running / 1 errors / 48% coverage ] ****** [1 done /0 queued / 2 running / 1 errors / 48% coverage ] ****** [2 done /1 queued / 2 running / 2 errors / 48% coverage ] ****** [2 done /0 queued / 3 running / 2 errors / 48% coverage ] ****** [2 done /0 queued / 3 running / 2 errors / 48% coverage ] ****** [3 done /0 queued / 3 running / 3 errors / 48% coverage ] ****** [3 done /0 queued / 3 running / 3 errors / 48% coverage ] ****** [4 done /2 queued / 3 running / 4 errors / 49% coverage ] ****** [4 done /1 queued / 4 running / 4 errors / 49% coverage ] ****** [4 done /0 queued / 5 running / 4 errors / 49% coverage ] ****** [4 done /0 queued / 5 running / 4 errors / 49% coverage ] ****** [5 done /0 queued / 5 running / 5 errors / 49% coverage ] ****** [5 done /0 queued / 5 running / 5 errors / 49% coverage ] ****** [6 done /1 queued / 5 running / 6 errors / 49% coverage ] ****** [6 done /0 queued / 6 running / 6 errors / 49% coverage ] ****** [6 done /0 queued / 6 running / 6 errors / 49% coverage ] ****** [7 done /2 queued / 6 running / 7 errors / 49% coverage ] ****** [7 done /1 queued / 7 running / 7 errors / 49% coverage ] ****** [7 done /0 queued / 8 running / 7 errors / 49% coverage ] ****** [7 done /0 queued / 8 running / 7 errors / 49% coverage ] ****** [8 done /1 queued / 8 running / 8 errors / 53% coverage ] ****** [8 done /0 queued / 9 running / 8 errors / 53% coverage ] ****** [8 done /0 queued / 9 running / 8 errors / 53% coverage ] ****** [9 done /0 queued / 9 running / 9 errors / 53% coverage ] ****** [9 done /0 queued / 9 running / 9 errors / 53% coverage ] ****** [10 done /0 queued / 9 running / 10 errors / 53% coverage ] ****** [10 done /0 queued / 9 running / 10 errors / 53% coverage ] ****** [11 done /26 queued / 9 running / 11 errors / 55.00000000000001% coverage ] ****** [11 done /25 queued / 10 running / 11 errors / 55.00000000000001% coverage ] ****** [11 done /24 queued / 11 running / 11 errors / 55.00000000000001% coverage ] ****** [11 done /23 queued / 12 running / 11 errors / 55.00000000000001% coverage ] ****** [11 done /22 queued / 13 running / 11 errors / 55.00000000000001% coverage ] ****** [11 done /21 queued / 14 running / 11 errors / 55.00000000000001% coverage ] ****** [11 done /20 queued / 15 running / 11 errors / 55.00000000000001% coverage ] ****** [11 done /19 queued / 16 running / 11 errors / 55.00000000000001% coverage ] ****** [11 done /19 queued / 16 running / 11 errors / 55.00000000000001% coverage ] ****** [12 done /18 queued / 16 running / 12 errors / 55.00000000000001% coverage ] ****** [12 done /18 queued / 16 running / 12 errors / 55.00000000000001% coverage ] ****** [13 done /17 queued / 16 running / 13 errors / 55.00000000000001% coverage ] ****** [13 done /17 queued / 16 running / 13 errors / 55.00000000000001% coverage ] ****** [14 done /16 queued / 16 running / 14 errors / 55.00000000000001% coverage ] ****** [14 done /16 queued / 16 running / 14 errors / 55.00000000000001% coverage ] ****** [15 done /20 queued / 16 running / 15 errors / 55.00000000000001% coverage ] ****** [15 done /20 queued / 16 running / 15 errors / 55.00000000000001% coverage ] ****** [16 done /21 queued / 16 running / 16 errors / 55.00000000000001% coverage ] ****** [16 done /21 queued / 16 running / 16 errors / 55.00000000000001% coverage ] ****** [17 done /22 queued / 16 running / 17 errors / 55.00000000000001% coverage ] ****** [17 done /22 queued / 16 running / 17 errors / 55.00000000000001% coverage ] ****** [18 done /24 queued / 16 running / 18 errors / 55.00000000000001% coverage ] ****** [18 done /24 queued / 16 running / 18 errors / 55.00000000000001% coverage ] ****** [19 done /25 queued / 16 running / 19 errors / 55.00000000000001% coverage ] ****** [19 done /25 queued / 16 running / 19 errors / 55.00000000000001% coverage ] ****** [20 done /24 queued / 16 running / 19 errors / 55.00000000000001% coverage ] ****** [20 done /24 queued / 16 running / 19 errors / 55.00000000000001% coverage ] ****** [21 done /26 queued / 16 running / 20 errors / 55.00000000000001% coverage ] ****** [21 done /26 queued / 16 running / 20 errors / 55.00000000000001% coverage ] ****** [22 done /25 queued / 16 running / 21 errors / 55.00000000000001% coverage ] ****** [22 done /25 queued / 16 running / 21 errors / 55.00000000000001% coverage ] ****** [23 done /24 queued / 16 running / 22 errors / 55.00000000000001% coverage ] ****** [23 done /24 queued / 16 running / 22 errors / 55.00000000000001% coverage ] ****** [24 done /23 queued / 16 running / 23 errors / 55.00000000000001% coverage ] ****** [24 done /23 queued / 16 running / 23 errors / 55.00000000000001% coverage ] ****** [25 done /24 queued / 16 running / 24 errors / 55.00000000000001% coverage ] ****** [25 done /24 queued / 16 running / 24 errors / 55.00000000000001% coverage ] ****** [26 done /23 queued / 16 running / 25 errors / 55.00000000000001% coverage ] ****** [26 done /23 queued / 16 running / 25 errors / 55.00000000000001% coverage ] ****** [27 done /26 queued / 16 running / 26 errors / 55.00000000000001% coverage ] ****** [27 done /26 queued / 16 running / 26 errors / 55.00000000000001% coverage ] ****** [28 done /27 queued / 16 running / 27 errors / 55.00000000000001% coverage ] ****** [28 done /27 queued / 16 running / 27 errors / 55.00000000000001% coverage ] ****** [29 done /26 queued / 16 running / 28 errors / 55.00000000000001% coverage ] ****** [29 done /26 queued / 16 running / 28 errors / 55.00000000000001% coverage ] ****** [30 done /26 queued / 16 running / 29 errors / 55.00000000000001% coverage ] ****** [30 done /26 queued / 16 running / 29 errors / 55.00000000000001% coverage ] ****** [31 done /26 queued / 16 running / 30 errors / 55.00000000000001% coverage ] ****** [31 done /26 queued / 16 running / 30 errors / 55.00000000000001% coverage ] ****** [32 done /27 queued / 16 running / 31 errors / 55.00000000000001% coverage ] ****** [32 done /27 queued / 16 running / 31 errors / 55.00000000000001% coverage ] ****** [33 done /26 queued / 16 running / 32 errors / 55.00000000000001% coverage ] ****** [33 done /26 queued / 16 running / 32 errors / 55.00000000000001% coverage ] ****** [34 done /25 queued / 16 running / 33 errors / 55.00000000000001% coverage ] ****** [34 done /25 queued / 16 running / 33 errors / 55.00000000000001% coverage ] ****** [35 done /26 queued / 16 running / 34 errors / 55.00000000000001% coverage ] ****** [35 done /26 queued / 16 running / 34 errors / 55.00000000000001% coverage ] ****** [36 done /27 queued / 16 running / 35 errors / 55.00000000000001% coverage ] ****** [36 done /27 queued / 16 running / 35 errors / 55.00000000000001% coverage ] ****** [37 done /26 queued / 16 running / 36 errors / 55.00000000000001% coverage ] ****** [37 done /26 queued / 16 running / 36 errors / 55.00000000000001% coverage ] ****** [38 done /25 queued / 16 running / 37 errors / 55.00000000000001% coverage ] ****** [38 done /25 queued / 16 running / 37 errors / 55.00000000000001% coverage ] ****** [39 done /24 queued / 16 running / 38 errors / 55.00000000000001% coverage ] ****** [39 done /24 queued / 16 running / 38 errors / 55.00000000000001% coverage ] ****** [40 done /24 queued / 16 running / 39 errors / 55.00000000000001% coverage ] ****** [40 done /24 queued / 16 running / 39 errors / 55.00000000000001% coverage ] ****** [41 done /23 queued / 16 running / 40 errors / 55.00000000000001% coverage ] ****** [41 done /23 queued / 16 running / 40 errors / 55.00000000000001% coverage ] ****** [42 done /22 queued / 16 running / 41 errors / 55.00000000000001% coverage ] ****** [42 done /22 queued / 16 running / 41 errors / 55.00000000000001% coverage ] ****** [43 done /26 queued / 16 running / 42 errors / 55.00000000000001% coverage ] ****** [43 done /26 queued / 16 running / 42 errors / 55.00000000000001% coverage ] ****** [44 done /28 queued / 16 running / 43 errors / 55.00000000000001% coverage ] ****** [44 done /28 queued / 16 running / 43 errors / 55.00000000000001% coverage ] ****** [45 done /30 queued / 16 running / 44 errors / 55.00000000000001% coverage ] ****** [45 done /30 queued / 16 running / 44 errors / 55.00000000000001% coverage ] ****** [46 done /31 queued / 16 running / 45 errors / 55.00000000000001% coverage ] ****** [46 done /31 queued / 16 running / 45 errors / 55.00000000000001% coverage ] ****** [47 done /31 queued / 16 running / 46 errors / 55.00000000000001% coverage ] ****** [47 done /31 queued / 16 running / 46 errors / 55.00000000000001% coverage ] ****** [48 done /46 queued / 16 running / 47 errors / 60% coverage ] ****** [48 done /46 queued / 16 running / 47 errors / 60% coverage ] ****** [49 done /45 queued / 16 running / 48 errors / 60% coverage ] ****** [49 done /45 queued / 16 running / 48 errors / 60% coverage ] ****** [50 done /44 queued / 16 running / 49 errors / 60% coverage ] ****** [50 done /44 queued / 16 running / 49 errors / 60% coverage ] ****** [51 done /54 queued / 16 running / 50 errors / 60% coverage ] ****** [51 done /54 queued / 16 running / 50 errors / 60% coverage ] ****** [52 done /54 queued / 16 running / 51 errors / 60% coverage ] ****** [52 done /54 queued / 16 running / 51 errors / 60% coverage ] ****** [53 done /53 queued / 16 running / 52 errors / 60% coverage ] ****** [53 done /53 queued / 16 running / 52 errors / 60% coverage ] ****** [54 done /55 queued / 16 running / 53 errors / 60% coverage ] ****** [54 done /55 queued / 16 running / 53 errors / 60% coverage ] ****** [55 done /72 queued / 16 running / 54 errors / 60% coverage ] ****** [55 done /72 queued / 16 running / 54 errors / 60% coverage ] ****** [56 done /94 queued / 16 running / 54 errors / 60% coverage ] ****** [56 done /94 queued / 16 running / 54 errors / 60% coverage ] ****** [57 done /93 queued / 16 running / 55 errors / 60% coverage ] ****** [57 done /93 queued / 16 running / 55 errors / 60% coverage ] ****** [58 done /93 queued / 16 running / 56 errors / 60% coverage ] ****** [58 done /93 queued / 16 running / 56 errors / 60% coverage ] ****** [59 done /116 queued / 16 running / 57 errors / 60% coverage ] ****** [59 done /116 queued / 16 running / 57 errors / 60% coverage ] ****** [60 done /117 queued / 16 running / 58 errors / 60% coverage ] ****** [60 done /117 queued / 16 running / 58 errors / 60% coverage ] ****** [61 done /117 queued / 16 running / 59 errors / 60% coverage ] ****** [61 done /117 queued / 16 running / 59 errors / 60% coverage ] ****** [62 done /117 queued / 16 running / 60 errors / 60% coverage ] ****** [62 done /117 queued / 16 running / 60 errors / 60% coverage ] ****** [63 done /117 queued / 16 running / 61 errors / 60% coverage ] ****** [63 done /117 queued / 16 running / 61 errors / 60% coverage ] ****** [64 done /128 queued / 16 running / 62 errors / 60% coverage ] ****** [64 done /128 queued / 16 running / 62 errors / 60% coverage ] ****** [65 done /131 queued / 16 running / 63 errors / 60% coverage ] ****** [65 done /131 queued / 16 running / 63 errors / 60% coverage ] ****** [66 done /131 queued / 16 running / 64 errors / 60% coverage ] ****** [66 done /131 queued / 16 running / 64 errors / 60% coverage ] ****** [67 done /142 queued / 16 running / 65 errors / 60% coverage ] ****** [67 done /142 queued / 16 running / 65 errors / 60% coverage ] ****** [68 done /167 queued / 16 running / 66 errors / 60% coverage ] ****** [68 done /167 queued / 16 running / 66 errors / 60% coverage ] ****** [69 done /191 queued / 16 running / 67 errors / 63% coverage ] ****** [69 done /191 queued / 16 running / 67 errors / 63% coverage ] ****** [70 done /190 queued / 16 running / 68 errors / 63% coverage ] ****** [70 done /190 queued / 16 running / 68 errors / 63% coverage ] ****** [71 done /203 queued / 16 running / 69 errors / 63% coverage ] ****** [71 done /203 queued / 16 running / 69 errors / 63% coverage ] ****** [72 done /224 queued / 16 running / 70 errors / 63% coverage ] ****** [72 done /224 queued / 16 running / 70 errors / 63% coverage ] ****** [73 done /228 queued / 16 running / 71 errors / 63% coverage ] ****** [73 done /228 queued / 16 running / 71 errors / 63% coverage ] ****** [74 done /228 queued / 16 running / 72 errors / 63% coverage ] ****** [74 done /228 queued / 16 running / 72 errors / 63% coverage ] ****** [75 done /257 queued / 16 running / 73 errors / 63% coverage ] ****** [75 done /257 queued / 16 running / 73 errors / 63% coverage ] ****** [76 done /270 queued / 16 running / 74 errors / 63% coverage ] ****** [76 done /270 queued / 16 running / 74 errors / 63% coverage ] ****** [77 done /276 queued / 16 running / 75 errors / 63% coverage ] ****** [77 done /276 queued / 16 running / 75 errors / 63% coverage ] ****** [78 done /290 queued / 16 running / 76 errors / 64% coverage ] ****** [78 done /290 queued / 16 running / 76 errors / 64% coverage ] ****** [79 done /304 queued / 16 running / 77 errors / 64% coverage ] ****** [79 done /304 queued / 16 running / 77 errors / 64% coverage ] ****** [80 done /304 queued / 16 running / 78 errors / 64% coverage ] ****** [80 done /304 queued / 16 running / 78 errors / 64% coverage ] ****** [81 done /321 queued / 16 running / 79 errors / 64% coverage ] ****** [81 done /321 queued / 16 running / 79 errors / 64% coverage ] ****** [82 done /342 queued / 16 running / 80 errors / 64% coverage ] ****** [82 done /342 queued / 16 running / 80 errors / 64% coverage ] ****** [83 done /357 queued / 16 running / 81 errors / 65% coverage ] ****** [83 done /357 queued / 16 running / 81 errors / 65% coverage ] ****** [84 done /366 queued / 16 running / 82 errors / 65% coverage ] ****** [84 done /366 queued / 16 running / 82 errors / 65% coverage ] ****** [85 done /386 queued / 16 running / 83 errors / 65% coverage ] ****** [85 done /386 queued / 16 running / 83 errors / 65% coverage ] ****** [86 done /406 queued / 16 running / 84 errors / 65% coverage ] ****** [86 done /406 queued / 16 running / 84 errors / 65% coverage ] ****** [87 done /426 queued / 16 running / 85 errors / 65% coverage ] ****** [87 done /426 queued / 16 running / 85 errors / 65% coverage ] ****** [88 done /446 queued / 16 running / 86 errors / 65% coverage ] ****** [88 done /446 queued / 16 running / 86 errors / 65% coverage ] ****** [89 done /459 queued / 16 running / 87 errors / 65% coverage ] ****** [89 done /459 queued / 16 running / 87 errors / 65% coverage ] ****** [90 done /461 queued / 16 running / 88 errors / 65% coverage ] ****** [90 done /461 queued / 16 running / 88 errors / 65% coverage ] ****** [91 done /488 queued / 16 running / 89 errors / 65% coverage ] ****** [91 done /488 queued / 16 running / 89 errors / 65% coverage ] ****** [92 done /509 queued / 16 running / 90 errors / 65% coverage ] ****** [92 done /509 queued / 16 running / 90 errors / 65% coverage ] ****** [93 done /530 queued / 16 running / 91 errors / 65% coverage ] ****** [93 done /530 queued / 16 running / 91 errors / 65% coverage ] ****** [94 done /545 queued / 16 running / 92 errors / 65% coverage ] ****** [94 done /545 queued / 16 running / 92 errors / 65% coverage ] ****** [95 done /570 queued / 16 running / 93 errors / 65% coverage ] ****** [95 done /570 queued / 16 running / 93 errors / 65% coverage ] ****** [96 done /590 queued / 16 running / 94 errors / 65% coverage ] ****** [96 done /590 queued / 16 running / 94 errors / 65% coverage ] ****** [97 done /603 queued / 16 running / 95 errors / 65% coverage ] ****** [97 done /603 queued / 16 running / 95 errors / 65% coverage ] ****** [98 done /624 queued / 16 running / 96 errors / 65% coverage ] ****** [98 done /624 queued / 16 running / 96 errors / 65% coverage ] ****** [99 done /644 queued / 16 running / 97 errors / 65% coverage ] ****** [99 done /644 queued / 16 running / 97 errors / 65% coverage ] ****** [100 done /658 queued / 16 running / 98 errors / 65% coverage ] ****** [100 done /658 queued / 16 running / 98 errors / 65% coverage ] ****** [101 done /679 queued / 16 running / 99 errors / 65% coverage ] ****** [101 done /679 queued / 16 running / 99 errors / 65% coverage ] ****** [102 done /699 queued / 16 running / 100 errors / 65% coverage ] ****** [102 done /699 queued / 16 running / 100 errors / 65% coverage ] ****** [103 done /715 queued / 16 running / 101 errors / 65% coverage ] ****** [103 done /715 queued / 16 running / 101 errors / 65% coverage ] ****** [104 done /728 queued / 16 running / 102 errors / 65% coverage ] ****** [104 done /728 queued / 16 running / 102 errors / 65% coverage ] ****** [105 done /747 queued / 16 running / 103 errors / 65% coverage ] ****** [105 done /747 queued / 16 running / 103 errors / 65% coverage ] ****** [106 done /761 queued / 16 running / 104 errors / 65% coverage ] ****** [106 done /761 queued / 16 running / 104 errors / 65% coverage ] ****** [107 done /781 queued / 16 running / 105 errors / 65% coverage ] ****** [107 done /781 queued / 16 running / 105 errors / 65% coverage ] ****** [108 done /806 queued / 16 running / 106 errors / 66% coverage ] ****** [108 done /806 queued / 16 running / 106 errors / 66% coverage ] ****** [109 done /826 queued / 16 running / 107 errors / 66% coverage ] ****** [109 done /826 queued / 16 running / 107 errors / 66% coverage ] ****** [110 done /840 queued / 16 running / 108 errors / 66% coverage ] ****** [110 done /840 queued / 16 running / 108 errors / 66% coverage ] ****** [111 done /854 queued / 16 running / 109 errors / 66% coverage ] ****** [111 done /854 queued / 16 running / 109 errors / 66% coverage ] ****** [112 done /853 queued / 16 running / 110 errors / 66% coverage ] ****** [112 done /853 queued / 16 running / 110 errors / 66% coverage ] ****** [113 done /879 queued / 16 running / 111 errors / 66% coverage ] ****** [113 done /879 queued / 16 running / 111 errors / 66% coverage ] ****** [114 done /906 queued / 16 running / 112 errors / 66% coverage ] ****** [114 done /906 queued / 16 running / 112 errors / 66% coverage ] ****** [115 done /927 queued / 16 running / 113 errors / 66% coverage ] ****** [115 done /927 queued / 16 running / 113 errors / 66% coverage ] ****** [116 done /940 queued / 16 running / 114 errors / 66% coverage ] ****** [116 done /940 queued / 16 running / 114 errors / 66% coverage ] ****** [117 done /961 queued / 16 running / 115 errors / 66% coverage ] ****** [117 done /961 queued / 16 running / 115 errors / 66% coverage ] ****** [118 done /981 queued / 16 running / 116 errors / 66% coverage ] ****** [118 done /981 queued / 16 running / 116 errors / 66% coverage ] ****** [119 done /994 queued / 16 running / 117 errors / 66% coverage ] ****** [119 done /994 queued / 16 running / 117 errors / 66% coverage ] ****** [120 done /1014 queued / 16 running / 118 errors / 66% coverage ] ****** [120 done /1014 queued / 16 running / 118 errors / 66% coverage ] ****** [121 done /1035 queued / 16 running / 119 errors / 66% coverage ] ****** [121 done /1035 queued / 16 running / 119 errors / 66% coverage ] ****** [122 done /1037 queued / 16 running / 120 errors / 66% coverage ] ****** [122 done /1037 queued / 16 running / 120 errors / 66% coverage ] ****** [123 done /1051 queued / 16 running / 121 errors / 66% coverage ] ****** [123 done /1051 queued / 16 running / 121 errors / 66% coverage ] ****** [124 done /1050 queued / 16 running / 122 errors / 66% coverage ] ****** [124 done /1050 queued / 16 running / 122 errors / 66% coverage ] ****** [125 done /1070 queued / 16 running / 123 errors / 66% coverage ] ****** [125 done /1070 queued / 16 running / 123 errors / 66% coverage ] ****** [126 done /1069 queued / 16 running / 124 errors / 66% coverage ] ****** [126 done /1069 queued / 16 running / 124 errors / 66% coverage ] ****** [127 done /1093 queued / 16 running / 125 errors / 66% coverage ] ****** [127 done /1093 queued / 16 running / 125 errors / 66% coverage ] ****** [128 done /1107 queued / 16 running / 126 errors / 66% coverage ] ****** [128 done /1107 queued / 16 running / 126 errors / 66% coverage ] ****** [129 done /1120 queued / 16 running / 127 errors / 66% coverage ] ****** [129 done /1120 queued / 16 running / 127 errors / 66% coverage ] ****** [130 done /1140 queued / 16 running / 128 errors / 66% coverage ] ****** [130 done /1140 queued / 16 running / 128 errors / 66% coverage ] ****** [131 done /1165 queued / 16 running / 129 errors / 66% coverage ] ****** [131 done /1165 queued / 16 running / 129 errors / 66% coverage ] ****** [132 done /1185 queued / 16 running / 130 errors / 66% coverage ] ****** [132 done /1185 queued / 16 running / 130 errors / 66% coverage ] ****** [133 done /1205 queued / 16 running / 131 errors / 66% coverage ] ****** [133 done /1205 queued / 16 running / 131 errors / 66% coverage ] ****** [134 done /1204 queued / 16 running / 132 errors / 66% coverage ] ****** [134 done /1204 queued / 16 running / 132 errors / 66% coverage ] ****** [135 done /1203 queued / 16 running / 133 errors / 66% coverage ] ****** [135 done /1203 queued / 16 running / 133 errors / 66% coverage ] ****** [136 done /1225 queued / 16 running / 134 errors / 66% coverage ] ****** [136 done /1225 queued / 16 running / 134 errors / 66% coverage ] ****** [137 done /1242 queued / 16 running / 135 errors / 66% coverage ] ****** [137 done /1242 queued / 16 running / 135 errors / 66% coverage ] ****** [138 done /1241 queued / 16 running / 136 errors / 66% coverage ] ****** [138 done /1241 queued / 16 running / 136 errors / 66% coverage ] ****** [139 done /1241 queued / 16 running / 137 errors / 66% coverage ] ****** [139 done /1241 queued / 16 running / 137 errors / 66% coverage ] ****** [140 done /1255 queued / 16 running / 138 errors / 66% coverage ] ****** [140 done /1255 queued / 16 running / 138 errors / 66% coverage ] ****** [141 done /1269 queued / 16 running / 139 errors / 66% coverage ] ****** [141 done /1269 queued / 16 running / 139 errors / 66% coverage ] ****** [142 done /1276 queued / 16 running / 140 errors / 66% coverage ] ****** [142 done /1276 queued / 16 running / 140 errors / 66% coverage ] ****** [143 done /1275 queued / 16 running / 141 errors / 66% coverage ] ****** [143 done /1275 queued / 16 running / 141 errors / 66% coverage ] ****** [144 done /1289 queued / 16 running / 142 errors / 66% coverage ] ****** [144 done /1289 queued / 16 running / 142 errors / 66% coverage ] ****** [145 done /1307 queued / 16 running / 143 errors / 66% coverage ] ****** [145 done /1307 queued / 16 running / 143 errors / 66% coverage ] ****** [146 done /1306 queued / 16 running / 144 errors / 66% coverage ] ****** [146 done /1306 queued / 16 running / 144 errors / 66% coverage ] ****** [147 done /1305 queued / 16 running / 145 errors / 66% coverage ] ****** [147 done /1305 queued / 16 running / 145 errors / 66% coverage ] ****** [148 done /1318 queued / 16 running / 146 errors / 66% coverage ] ****** [148 done /1318 queued / 16 running / 146 errors / 66% coverage ] ****** [149 done /1317 queued / 16 running / 147 errors / 66% coverage ] ****** [149 done /1317 queued / 16 running / 147 errors / 66% coverage ] ****** [150 done /1334 queued / 16 running / 148 errors / 66% coverage ] ****** [150 done /1334 queued / 16 running / 148 errors / 66% coverage ] ****** [151 done /1359 queued / 16 running / 149 errors / 66% coverage ] ****** [151 done /1359 queued / 16 running / 149 errors / 66% coverage ] ****** [152 done /1379 queued / 16 running / 150 errors / 66% coverage ] ****** [152 done /1379 queued / 16 running / 150 errors / 66% coverage ] ****** [153 done /1403 queued / 16 running / 151 errors / 66% coverage ] ****** [153 done /1403 queued / 16 running / 151 errors / 66% coverage ] ****** [154 done /1424 queued / 16 running / 152 errors / 66% coverage ] ****** [154 done /1424 queued / 16 running / 152 errors / 66% coverage ] ****** [155 done /1444 queued / 16 running / 153 errors / 66% coverage ] ****** [155 done /1444 queued / 16 running / 153 errors / 66% coverage ] ****** [156 done /1443 queued / 16 running / 154 errors / 66% coverage ] ****** [156 done /1443 queued / 16 running / 154 errors / 66% coverage ] ****** [157 done /1443 queued / 16 running / 155 errors / 66% coverage ] ****** [157 done /1443 queued / 16 running / 155 errors / 66% coverage ] ****** [158 done /1457 queued / 16 running / 156 errors / 66% coverage ] ****** [158 done /1457 queued / 16 running / 156 errors / 66% coverage ] ****** [159 done /1470 queued / 16 running / 157 errors / 66% coverage ] ****** [159 done /1470 queued / 16 running / 157 errors / 66% coverage ] ****** [160 done /1483 queued / 16 running / 158 errors / 66% coverage ] ****** [160 done /1483 queued / 16 running / 158 errors / 66% coverage ] ****** [161 done /1482 queued / 16 running / 159 errors / 66% coverage ] ****** [161 done /1482 queued / 16 running / 159 errors / 66% coverage ] ****** [162 done /1495 queued / 16 running / 160 errors / 66% coverage ] ****** [162 done /1495 queued / 16 running / 160 errors / 66% coverage ] ****** [163 done /1508 queued / 16 running / 161 errors / 66% coverage ] ****** [163 done /1508 queued / 16 running / 161 errors / 66% coverage ] ****** [164 done /1528 queued / 16 running / 162 errors / 66% coverage ] ****** [164 done /1528 queued / 16 running / 162 errors / 66% coverage ] ****** [165 done /1527 queued / 16 running / 163 errors / 66% coverage ] ****** [165 done /1527 queued / 16 running / 163 errors / 66% coverage ] ****** [166 done /1529 queued / 16 running / 164 errors / 66% coverage ] ****** [166 done /1529 queued / 16 running / 164 errors / 66% coverage ] ****** [167 done /1552 queued / 16 running / 165 errors / 66% coverage ] ****** [167 done /1552 queued / 16 running / 165 errors / 66% coverage ] ****** [168 done /1559 queued / 16 running / 166 errors / 66% coverage ] ****** [168 done /1559 queued / 16 running / 166 errors / 66% coverage ] ****** [169 done /1573 queued / 16 running / 167 errors / 66% coverage ] ****** [169 done /1573 queued / 16 running / 167 errors / 66% coverage ] ****** [170 done /1587 queued / 16 running / 168 errors / 66% coverage ] ****** [170 done /1587 queued / 16 running / 168 errors / 66% coverage ] ****** [171 done /1600 queued / 16 running / 169 errors / 66% coverage ] ****** [171 done /1600 queued / 16 running / 169 errors / 66% coverage ] ****** [172 done /1620 queued / 16 running / 170 errors / 66% coverage ] ****** [172 done /1620 queued / 16 running / 170 errors / 66% coverage ] ****** [173 done /1622 queued / 16 running / 171 errors / 66% coverage ] ****** [173 done /1622 queued / 16 running / 171 errors / 66% coverage ] ****** [174 done /1621 queued / 16 running / 172 errors / 66% coverage ] ****** [174 done /1621 queued / 16 running / 172 errors / 66% coverage ] ****** [175 done /1641 queued / 16 running / 173 errors / 66% coverage ] ****** [175 done /1641 queued / 16 running / 173 errors / 66% coverage ] ****** [176 done /1651 queued / 16 running / 174 errors / 66% coverage ] ****** [176 done /1651 queued / 16 running / 174 errors / 66% coverage ] ****** [177 done /1654 queued / 16 running / 174 errors / 66% coverage ] ****** [177 done /1654 queued / 16 running / 174 errors / 66% coverage ] ****** [178 done /1658 queued / 16 running / 174 errors / 66% coverage ] ****** [178 done /1658 queued / 16 running / 174 errors / 66% coverage ] ****** [179 done /1657 queued / 16 running / 175 errors / 66% coverage ] ****** [179 done /1657 queued / 16 running / 175 errors / 66% coverage ] ****** [180 done /1678 queued / 16 running / 176 errors / 66% coverage ] ****** [180 done /1678 queued / 16 running / 176 errors / 66% coverage ] ****** [181 done /1677 queued / 16 running / 177 errors / 66% coverage ] ****** [181 done /1677 queued / 16 running / 177 errors / 66% coverage ] ****** [182 done /1682 queued / 16 running / 178 errors / 66% coverage ] ****** [182 done /1682 queued / 16 running / 178 errors / 66% coverage ] ****** [183 done /1695 queued / 16 running / 179 errors / 66% coverage ] ****** [183 done /1695 queued / 16 running / 179 errors / 66% coverage ] ****** [184 done /1694 queued / 16 running / 180 errors / 66% coverage ] ****** [184 done /1694 queued / 16 running / 180 errors / 66% coverage ] ****** [185 done /1715 queued / 16 running / 181 errors / 66% coverage ] ****** [185 done /1715 queued / 16 running / 181 errors / 66% coverage ] ****** [186 done /1735 queued / 16 running / 182 errors / 66% coverage ] ****** [186 done /1735 queued / 16 running / 182 errors / 66% coverage ] ****** [187 done /1734 queued / 16 running / 183 errors / 66% coverage ] ****** [187 done /1734 queued / 16 running / 183 errors / 66% coverage ] ****** [188 done /1734 queued / 16 running / 184 errors / 66% coverage ] ****** [188 done /1734 queued / 16 running / 184 errors / 66% coverage ] ****** [189 done /1749 queued / 16 running / 185 errors / 66% coverage ] ****** [189 done /1749 queued / 16 running / 185 errors / 66% coverage ] ****** [190 done /1748 queued / 16 running / 186 errors / 66% coverage ] ****** [190 done /1748 queued / 16 running / 186 errors / 66% coverage ] ****** [191 done /1755 queued / 16 running / 187 errors / 66% coverage ] ****** [191 done /1755 queued / 16 running / 187 errors / 66% coverage ] ****** [192 done /1754 queued / 16 running / 188 errors / 66% coverage ] ****** [192 done /1754 queued / 16 running / 188 errors / 66% coverage ] ****** [193 done /1768 queued / 16 running / 189 errors / 66% coverage ] ****** [193 done /1768 queued / 16 running / 189 errors / 66% coverage ] ****** [194 done /1767 queued / 16 running / 190 errors / 66% coverage ] ****** [194 done /1767 queued / 16 running / 190 errors / 66% coverage ] ****** [195 done /1766 queued / 16 running / 191 errors / 66% coverage ] ****** [195 done /1766 queued / 16 running / 191 errors / 66% coverage ] ****** [196 done /1779 queued / 16 running / 192 errors / 66% coverage ] ****** [196 done /1779 queued / 16 running / 192 errors / 66% coverage ] ****** [197 done /1790 queued / 16 running / 193 errors / 66% coverage ] ****** [197 done /1790 queued / 16 running / 193 errors / 66% coverage ] ****** [198 done /1803 queued / 16 running / 194 errors / 66% coverage ] ****** [198 done /1803 queued / 16 running / 194 errors / 66% coverage ] ***
*-- Stat Module Output --*
*-- concretizations: ["defineProperty","bound consoleCall","call","apply","bind","toString","bound Component","bound Attribute","bound ","Error","charCodeAt","join","reverse","Function","sort","splice","Array","toUpperCase","parseFloat","stringify"]
*-- regex: 14256
*-- Stat Module Done --*
*-- Test Case {"_bound":0,"Switcher":false,"Target_Switch_Base":0,"ExpansionArg_type":0} start 0.0203 took 8.942s
*-- Errors occured in test {"_bound":0,"Switcher":false,"Target_Switch_Base":0,"ExpansionArg_type":0}
* Error: TypeError: Cannot read property 'attributes' of undefined
*-- Replay with NO_COMPILE=1 expoSE replay '/home/pbai002/ExpoSE/lib/Harness/src/harness.js' '{"_bound":0}'
*-- Test Case {"Switcher":false,"Target_Switch_Base":1,"ExpansionArg_type":0,"_bound":1} start 9.1352 took 8.7449s
*-- Errors occured in test {"Switcher":false,"Target_Switch_Base":1,"ExpansionArg_type":0,"_bound":1}
* Error: TypeError: Cannot read property 'view' of undefined
*-- Replay with NO_COMPILE=1 expoSE replay '/home/pbai002/ExpoSE/lib/Harness/src/harness.js' '{"Switcher":false,"Target_Switch_Base":1,"ExpansionArg_type":0,"_bound":1}'
*-- Test Case {"Switcher":false,"Target_Switch_Base":0,"ExpansionArg_type":1,"_bound":2} start 9.1762 took 9.3391s
*-- Errors occured in test {"Switcher":false,"Target_Switch_Base":0,"ExpansionArg_type":1,"_bound":2}
* Error: TypeError: Cannot read property 'attributes' of null
*-- Replay with NO_COMPILE=1 expoSE replay '/home/pbai002/ExpoSE/lib/Harness/src/harness.js' '{"Switcher":false,"Target_Switch_Base":0,"ExpansionArg_type":1,"_bound":2}'
*-- Test Case {"Switcher":false,"Target_Switch_Base":2,"ExpansionArg_type":0,"_bound":2,"ExpansionArg_type_2":0} start 17.9763 took 8.2337s
*-- Errors occured in test {"Switcher":false,"Target_Switch_Base":2,"ExpansionArg_type":0,"_bound":2,"ExpansionArg_type_2":0}
* Error: Error: source must either be type 'string' or 'function'
*-- Replay with NO_COMPILE=1 expoSE replay '/home/pbai002/ExpoSE/lib/Harness/src/harness.js' '{"Switcher":false,"Target_Switch_Base":2,"ExpansionArg_type":0,"_bound":2}'
*-- Test Case {"Switcher":false,"Target_Switch_Base":0,"ExpansionArg_type":2,"_bound":3,"ExpansionArg_int":0} start 18.6108 took 10.1691s
*-- Errors occured in test {"Switcher":false,"Target_Switch_Base":0,"ExpansionArg_type":2,"_bound":3,"ExpansionArg_int":0}
* Error: TypeError: Cannot read property 'template' of undefined
*-- Replay with NO_COMPILE=1 expoSE replay '/home/pbai002/ExpoSE/lib/Harness/src/harness.js' '{"Switcher":false,"Target_Switch_Base":0,"ExpansionArg_type":2,"_bound":3}'
*-- Test Case {"Switcher":false,"Target_Switch_Base":1,"ExpansionArg_type":2,"_bound":3,"ExpansionArg_int":0} start 18.0305 took 11.475s
*-- Errors occured in test {"Switcher":false,"Target_Switch_Base":1,"ExpansionArg_type":2,"_bound":3,"ExpansionArg_int":0}
* Error: TypeError: Cannot read property 'template' of undefined
*-- Replay with NO_COMPILE=1 expoSE replay '/home/pbai002/ExpoSE/lib/Harness/src/harness.js' '{"Switcher":false,"Target_Switch_Base":1,"ExpansionArg_type":2,"_bound":3}'
*-- Test Case {"Switcher":false,"Target_Switch_Base":2,"ExpansionArg_type":0,"ExpansionArg_type_2":3,"_bound":5,"ExpansionArg_string":"PureString"} start 26.2943 took 10.2639s
*-- Errors occured in test {"Switcher":false,"Target_Switch_Base":2,"ExpansionArg_type":0,"ExpansionArg_type_2":3,"_bound":5,"ExpansionArg_string":"PureString"}
* Error: Error: source must either be type 'string' or 'function'
*-- Replay with NO_COMPILE=1 expoSE replay '/home/pbai002/ExpoSE/lib/Harness/src/harness.js' '{"Switcher":false,"Target_Switch_Base":2,"ExpansionArg_type":0,"ExpansionArg_type_2":3,"_bound":5}'
*-- Test Case {"Switcher":false,"Target_Switch_Base":3,"ExpansionArg_type":0,"ExpansionArg_type_2":0,"_bound":3} start 26.6445 took 13.0733s
*-- Errors occured in test {"Switcher":false,"Target_Switch_Base":3,"ExpansionArg_type":0,"ExpansionArg_type_2":0,"_bound":3}
* Error: TypeError: Cannot read property 'charAt' of undefined
*-- Replay with NO_COMPILE=1 expoSE replay '/home/pbai002/ExpoSE/lib/Harness/src/harness.js' '{"Switcher":false,"Target_Switch_Base":3,"ExpansionArg_type":0,"ExpansionArg_type_2":0,"_bound":3}'
*-- Test Case {"Switcher":false,"Target_Switch_Base":0,"ExpansionArg_type":3,"ExpansionArg_int":0,"_bound":4,"ExpansionArg_string":"PureString"} start 29.249 took 11.1263s
*-- Errors occured in test {"Switcher":false,"Target_Switch_Base":0,"ExpansionArg_type":3,"ExpansionArg_int":0,"_bound":4,"ExpansionArg_string":"PureString"}
* Error: TypeError: Cannot read property 'template' of undefined
*-- Replay with NO_COMPILE=1 expoSE replay '/home/pbai002/ExpoSE/lib/Harness/src/harness.js' '{"Switcher":false,"Target_Switch_Base":0,"ExpansionArg_type":3,"ExpansionArg_int":0,"_bound":4}'
*-- Test Case {"Switcher":false,"Target_Switch_Base":1,"ExpansionArg_type":3,"ExpansionArg_int":0,"_bound":5,"ExpansionArg_string":"PureString"} start 29.6894 took 11.0725s
*-- Errors occured in test {"Switcher":false,"Target_Switch_Base":1,"ExpansionArg_type":3,"ExpansionArg_int":0,"_bound":5,"ExpansionArg_string":"PureString"}
* Error: TypeError: Cannot read property 'template' of undefined
*-- Replay with NO_COMPILE=1 expoSE replay '/home/pbai002/ExpoSE/lib/Harness/src/harness.js' '{"Switcher":false,"Target_Switch_Base":1,"ExpansionArg_type":3,"ExpansionArg_int":0,"_bound":5}'
*-- Test Case {"Switcher":false,"Target_Switch_Base":2,"ExpansionArg_type":3,"ExpansionArg_type_2":0,"_bound":4,"ExpansionArg_string":"PureString"} start 26.6912 took 14.8514s
*-- Errors occured in test {"Switcher":false,"Target_Switch_Base":2,"ExpansionArg_type":3,"ExpansionArg_type_2":0,"_bound":4,"ExpansionArg_string":"PureString"}
* Error: ReferenceError: require is not defined
*-- Replay with NO_COMPILE=1 expoSE replay '/home/pbai002/ExpoSE/lib/Harness/src/harness.js' '{"Switcher":false,"Target_Switch_Base":2,"ExpansionArg_type":3,"ExpansionArg_type_2":0,"_bound":4}'
*-- Test Case {"Switcher":false,"Target_Switch_Base":1,"ExpansionArg_type":1,"ExpansionArg_int":0,"_bound":4} start 29.6508 took 13.1256s
*-- Errors occured in test {"Switcher":false,"Target_Switch_Base":1,"ExpansionArg_type":1,"ExpansionArg_int":0,"_bound":4}
* Error: TypeError: Cannot read property 'view' of null
*-- Replay with NO_COMPILE=1 expoSE replay '/home/pbai002/ExpoSE/lib/Harness/src/harness.js' '{"Switcher":false,"Target_Switch_Base":1,"ExpansionArg_type":1,"ExpansionArg_int":0,"_bound":4}'
*-- Test Case {"Switcher":false,"Target_Switch_Base":2,"ExpansionArg_type":0,"ExpansionArg_type_2":2,"ExpansionArg_string":"","_bound":7,"ExpansionArg_int":0} start 36.7134 took 12.2809s
*-- Errors occured in test {"Switcher":false,"Target_Switch_Base":2,"ExpansionArg_type":0,"ExpansionArg_type_2":2,"ExpansionArg_string":"","_bound":7,"ExpansionArg_int":0}
* Error: Error: source must either be type 'string' or 'function'
*-- Replay with NO_COMPILE=1 expoSE replay '/home/pbai002/ExpoSE/lib/Harness/src/harness.js' '{"Switcher":false,"Target_Switch_Base":2,"ExpansionArg_type":0,"ExpansionArg_type_2":2,"ExpansionArg_string":"","_bound":7}'
*-- Test Case {"Switcher":false,"Target_Switch_Base":2,"ExpansionArg_type":0,"ExpansionArg_type_2":1,"ExpansionArg_string":"","_bound":6} start 36.6856 took 14.5521s
*-- Errors occured in test {"Switcher":false,"Target_Switch_Base":2,"ExpansionArg_type":0,"ExpansionArg_type_2":1,"ExpansionArg_string":"","_bound":6}
* Error: Error: source must either be type 'string' or 'function'
*-- Replay with NO_COMPILE=1 expoSE replay '/home/pbai002/ExpoSE/lib/Harness/src/harness.js' '{"Switcher":false,"Target_Switch_Base":2,"ExpansionArg_type":0,"ExpansionArg_type_2":1,"ExpansionArg_string":"","_bound":6}'
*-- Test Case {"Switcher":false,"Target_Switch_Base":3,"ExpansionArg_type":4,"_bound":5,"ExpansionArg_array_length":0} start 40.2608 took 12.72s
*-- Errors occured in test {"Switcher":false,"Target_Switch_Base":3,"ExpansionArg_type":4,"_bound":5,"ExpansionArg_array_length":0}
* Error: TypeError: Function.prototype.apply was called on undefined, which is a undefined and not a function
*-- Replay with NO_COMPILE=1 expoSE replay '/home/pbai002/ExpoSE/lib/Harness/src/harness.js' '{"Switcher":false,"Target_Switch_Base":3,"ExpansionArg_type":4,"_bound":5}'
*-- Test Case {"Switcher":false,"Target_Switch_Base":2,"ExpansionArg_type":0,"ExpansionArg_type_2":4,"ExpansionArg_string":"","_bound":8,"ExpansionArg_array_length":0} start 36.6476 took 16.4829s
*-- Errors occured in test {"Switcher":false,"Target_Switch_Base":2,"ExpansionArg_type":0,"ExpansionArg_type_2":4,"ExpansionArg_string":"","_bound":8,"ExpansionArg_array_length":0}
* Error: Error: source must either be type 'string' or 'function'
*-- Replay with NO_COMPILE=1 expoSE replay '/home/pbai002/ExpoSE/lib/Harness/src/harness.js' '{"Switcher":false,"Target_Switch_Base":2,"ExpansionArg_type":0,"ExpansionArg_type_2":4,"ExpansionArg_string":"","_bound":8}'
*-- Test Case {"Switcher":false,"Target_Switch_Base":0,"ExpansionArg_type":4,"ExpansionArg_string":"","_bound":5,"ExpansionArg_array_length":0} start 40.4914 took 14.1529s
*-- Errors occured in test {"Switcher":false,"Target_Switch_Base":0,"ExpansionArg_type":4,"ExpansionArg_string":"","_bound":5,"ExpansionArg_array_length":0}
* Error: TypeError: Cannot read property 'template' of undefined
*-- Replay with NO_COMPILE=1 expoSE replay '/home/pbai002/ExpoSE/lib/Harness/src/harness.js' '{"Switcher":false,"Target_Switch_Base":0,"ExpansionArg_type":4,"ExpansionArg_string":"","_bound":5}'
*-- Test Case {"Switcher":false,"Target_Switch_Base":2,"ExpansionArg_type":3,"ExpansionArg_string":"\u0000","ExpansionArg_type_2":0,"_bound":11} start 41.847 took 13.0286s
*-- Errors occured in test {"Switcher":false,"Target_Switch_Base":2,"ExpansionArg_type":3,"ExpansionArg_string":"\u0000","ExpansionArg_type_2":0,"_bound":11}
* Error: ReferenceError: require is not defined
*-- Replay with NO_COMPILE=1 expoSE replay '/home/pbai002/ExpoSE/lib/Harness/src/harness.js' '{"Switcher":false,"Target_Switch_Base":2,"ExpansionArg_type":3,"ExpansionArg_string":"\u0000","ExpansionArg_type_2":0,"_bound":11}'
*-- Test Case {"Switcher":false,"Target_Switch_Base":1,"ExpansionArg_type":4,"ExpansionArg_string":"","_bound":6,"ExpansionArg_array_length":0} start 41.4462 took 14.6469s
*-- Errors occured in test {"Switcher":false,"Target_Switch_Base":1,"ExpansionArg_type":4,"ExpansionArg_string":"","_bound":6,"ExpansionArg_array_length":0}
* Error: TypeError: Cannot read property 'template' of undefined
*-- Replay with NO_COMPILE=1 expoSE replay '/home/pbai002/ExpoSE/lib/Harness/src/harness.js' '{"Switcher":false,"Target_Switch_Base":1,"ExpansionArg_type":4,"ExpansionArg_string":"","_bound":6}'
*-- Test Case {"Switcher":false,"Target_Switch_Base":4,"ExpansionArg_type":0,"_bound":4} start 40.2102 took 16.0671s
*-- Test Case {"Switcher":false,"Target_Switch_Base":2,"ExpansionArg_type":3,"ExpansionArg_string":"","ExpansionArg_type_2":0,"_bound":12} start 42.6981 took 14.5658s
*-- Errors occured in test {"Switcher":false,"Target_Switch_Base":2,"ExpansionArg_type":3,"ExpansionArg_string":"","ExpansionArg_type_2":0,"_bound":12}
* Error: ReferenceError: require is not defined
*-- Replay with NO_COMPILE=1 expoSE replay '/home/pbai002/ExpoSE/lib/Harness/src/harness.js' '{"Switcher":false,"Target_Switch_Base":2,"ExpansionArg_type":3,"ExpansionArg_string":"","ExpansionArg_type_2":0,"_bound":12}'
*-- Test Case {"Switcher":false,"Target_Switch_Base":2,"ExpansionArg_type":3,"ExpansionArg_string":"\u0000\u0000\u0000\u0000","ExpansionArg_type_2":0,"_bound":20} start 42.1695 took 15.5816s
*-- Errors occured in test {"Switcher":false,"Target_Switch_Base":2,"ExpansionArg_type":3,"ExpansionArg_string":"\u0000\u0000\u0000\u0000","ExpansionArg_type_2":0,"_bound":20}
* Error: ReferenceError: require is not defined
*-- Replay with NO_COMPILE=1 expoSE replay '/home/pbai002/ExpoSE/lib/Harness/src/harness.js' '{"Switcher":false,"Target_Switch_Base":2,"ExpansionArg_type":3,"ExpansionArg_string":"\u0000\u0000\u0000\u0000","ExpansionArg_type_2":0,"_bound":20}'
*-- Test Case {"Switcher":false,"Target_Switch_Base":2,"ExpansionArg_type":3,"ExpansionArg_string":"\u0000\u0000\u0000","ExpansionArg_type_2":0,"_bound":18} start 42.1012 took 16.6496s
*-- Errors occured in test {"Switcher":false,"Target_Switch_Base":2,"ExpansionArg_type":3,"ExpansionArg_string":"\u0000\u0000\u0000","ExpansionArg_type_2":0,"_bound":18}
* Error: ReferenceError: require is not defined
*-- Replay with NO_COMPILE=1 expoSE replay '/home/pbai002/ExpoSE/lib/Harness/src/harness.js' '{"Switcher":false,"Target_Switch_Base":2,"ExpansionArg_type":3,"ExpansionArg_string":"\u0000\u0000\u0000","ExpansionArg_type_2":0,"_bound":18}'
*-- Test Case {"Switcher":false,"Target_Switch_Base":2,"ExpansionArg_type":3,"ExpansionArg_string":"\u0000","ExpansionArg_type_2":0,"_bound":14} start 43.0578 took 15.7051s
*-- Errors occured in test {"Switcher":false,"Target_Switch_Base":2,"ExpansionArg_type":3,"ExpansionArg_string":"\u0000","ExpansionArg_type_2":0,"_bound":14}
* Error: ReferenceError: require is not defined
*-- Replay with NO_COMPILE=1 expoSE replay '/home/pbai002/ExpoSE/lib/Harness/src/harness.js' '{"Switcher":false,"Target_Switch_Base":2,"ExpansionArg_type":3,"ExpansionArg_string":"\u0000","ExpansionArg_type_2":0,"_bound":14}'
*-- Test Case {"Switcher":false,"Target_Switch_Base":2,"ExpansionArg_type":0,"ExpansionArg_type_2":4,"ExpansionArg_array_length":1,"_bound":10,"ExpansionArg_array_element_0_type":0} start 54.7254 took 11.4036s
*-- Errors occured in test {"Switcher":false,"Target_Switch_Base":2,"ExpansionArg_type":0,"ExpansionArg_type_2":4,"ExpansionArg_array_length":1,"_bound":10,"ExpansionArg_array_element_0_type":0}
* Error: Error: source must either be type 'string' or 'function'
*-- Replay with NO_COMPILE=1 expoSE replay '/home/pbai002/ExpoSE/lib/Harness/src/harness.js' '{"Switcher":false,"Target_Switch_Base":2,"ExpansionArg_type":0,"ExpansionArg_type_2":4,"ExpansionArg_array_length":1,"_bound":10}'
*-- Test Case {"Switcher":false,"Target_Switch_Base":3,"ExpansionArg_type":5,"ExpansionArg_array_length":0,"_bound":9,"ExpansionArg_bool":false} start 53.2453 took 13.4397s
*-- Errors occured in test {"Switcher":false,"Target_Switch_Base":3,"ExpansionArg_type":5,"ExpansionArg_array_length":0,"_bound":9,"ExpansionArg_bool":false}
* Error: TypeError: Function.prototype.apply was called on undefined, which is a undefined and not a function
*-- Replay with NO_COMPILE=1 expoSE replay '/home/pbai002/ExpoSE/lib/Harness/src/harness.js' '{"Switcher":false,"Target_Switch_Base":3,"ExpansionArg_type":5,"ExpansionArg_array_length":0,"_bound":9}'
*-- Test Case {"Switcher":false,"Target_Switch_Base":2,"ExpansionArg_type":3,"ExpansionArg_string":" ","ExpansionArg_type_2":0,"_bound":9} start 49.083 took 17.9138s
*-- Errors occured in test {"Switcher":false,"Target_Switch_Base":2,"ExpansionArg_type":3,"ExpansionArg_string":" ","ExpansionArg_type_2":0,"_bound":9}
* Error: ReferenceError: require is not defined
*-- Replay with NO_COMPILE=1 expoSE replay '/home/pbai002/ExpoSE/lib/Harness/src/harness.js' '{"Switcher":false,"Target_Switch_Base":2,"ExpansionArg_type":3,"ExpansionArg_string":" ","ExpansionArg_type_2":0,"_bound":9}'
*-- Test Case {"Switcher":false,"Target_Switch_Base":3,"ExpansionArg_type":4,"ExpansionArg_array_length":1,"_bound":10,"ExpansionArg_array_element_0_type":0} start 53.0585 took 13.9384s
*-- Errors occured in test {"Switcher":false,"Target_Switch_Base":3,"ExpansionArg_type":4,"ExpansionArg_array_length":1,"_bound":10,"ExpansionArg_array_element_0_type":0}
* Error: TypeError: Function.prototype.apply was called on undefined, which is a undefined and not a function
*-- Replay with NO_COMPILE=1 expoSE replay '/home/pbai002/ExpoSE/lib/Harness/src/harness.js' '{"Switcher":false,"Target_Switch_Base":3,"ExpansionArg_type":4,"ExpansionArg_array_length":1,"_bound":10}'
*-- Test Case {"Switcher":false,"Target_Switch_Base":2,"ExpansionArg_type":3,"ExpansionArg_string":"\u0000\u0000\u0000\u0000\u0000","ExpansionArg_type_2":0,"_bound":22} start 51.5493 took 17.0804s
*-- Errors occured in test {"Switcher":false,"Target_Switch_Base":2,"ExpansionArg_type":3,"ExpansionArg_string":"\u0000\u0000\u0000\u0000\u0000","ExpansionArg_type_2":0,"_bound":22}
* Error: ReferenceError: require is not defined
*-- Replay with NO_COMPILE=1 expoSE replay '/home/pbai002/ExpoSE/lib/Harness/src/harness.js' '{"Switcher":false,"Target_Switch_Base":2,"ExpansionArg_type":3,"ExpansionArg_string":"\u0000\u0000\u0000\u0000\u0000","ExpansionArg_type_2":0,"_bound":22}'
*-- Test Case {"Switcher":false,"Target_Switch_Base":2,"ExpansionArg_type":3,"ExpansionArg_string":"","ExpansionArg_type_2":0,"_bound":16} start 57.5808 took 12.2451s
*-- Errors occured in test {"Switcher":false,"Target_Switch_Base":2,"ExpansionArg_type":3,"ExpansionArg_string":"","ExpansionArg_type_2":0,"_bound":16}
* Error: ReferenceError: require is not defined
*-- Replay with NO_COMPILE=1 expoSE replay '/home/pbai002/ExpoSE/lib/Harness/src/harness.js' '{"Switcher":false,"Target_Switch_Base":2,"ExpansionArg_type":3,"ExpansionArg_string":"","ExpansionArg_type_2":0,"_bound":16}'
*-- Test Case {"Switcher":false,"Target_Switch_Base":2,"ExpansionArg_type":2,"ExpansionArg_string":"","ExpansionArg_type_2":0,"_bound":6,"ExpansionArg_int":0} start 57.2168 took 14.2573s
*-- Errors occured in test {"Switcher":false,"Target_Switch_Base":2,"ExpansionArg_type":2,"ExpansionArg_string":"","ExpansionArg_type_2":0,"_bound":6,"ExpansionArg_int":0}
* Error: Error: source must either be type 'string' or 'function'
*-- Replay with NO_COMPILE=1 expoSE replay '/home/pbai002/ExpoSE/lib/Harness/src/harness.js' '{"Switcher":false,"Target_Switch_Base":2,"ExpansionArg_type":2,"ExpansionArg_string":"","ExpansionArg_type_2":0,"_bound":6}'
*-- Test Case {"Switcher":false,"Target_Switch_Base":1,"ExpansionArg_type":4,"ExpansionArg_array_length":1,"_bound":8,"ExpansionArg_array_element_0_type":0} start 56.2028 took 15.5929s
*-- Errors occured in test {"Switcher":false,"Target_Switch_Base":1,"ExpansionArg_type":4,"ExpansionArg_array_length":1,"_bound":8,"ExpansionArg_array_element_0_type":0}
* Error: TypeError: Cannot read property 'template' of undefined
*-- Replay with NO_COMPILE=1 expoSE replay '/home/pbai002/ExpoSE/lib/Harness/src/harness.js' '{"Switcher":false,"Target_Switch_Base":1,"ExpansionArg_type":4,"ExpansionArg_array_length":1,"_bound":8}'
*-- Test Case {"Switcher":false,"Target_Switch_Base":2,"ExpansionArg_type":3,"ExpansionArg_string":"\u0000\u0000","ExpansionArg_type_2":0,"_bound":16} start 55.1722 took 17.1881s
*-- Errors occured in test {"Switcher":false,"Target_Switch_Base":2,"ExpansionArg_type":3,"ExpansionArg_string":"\u0000\u0000","ExpansionArg_type_2":0,"_bound":16}
* Error: ReferenceError: require is not defined
*-- Replay with NO_COMPILE=1 expoSE replay '/home/pbai002/ExpoSE/lib/Harness/src/harness.js' '{"Switcher":false,"Target_Switch_Base":2,"ExpansionArg_type":3,"ExpansionArg_string":"\u0000\u0000","ExpansionArg_type_2":0,"_bound":16}'
*-- Test Case {"Switcher":false,"Target_Switch_Base":2,"ExpansionArg_type":3,"ExpansionArg_string":"","ExpansionArg_type_2":0,"_bound":17} start 57.8547 took 16.311s
*-- Errors occured in test {"Switcher":false,"Target_Switch_Base":2,"ExpansionArg_type":3,"ExpansionArg_string":"","ExpansionArg_type_2":0,"_bound":17}
* Error: ReferenceError: require is not defined
*-- Replay with NO_COMPILE=1 expoSE replay '/home/pbai002/ExpoSE/lib/Harness/src/harness.js' '{"Switcher":false,"Target_Switch_Base":2,"ExpansionArg_type":3,"ExpansionArg_string":"","ExpansionArg_type_2":0,"_bound":17}'
*-- Test Case {"Switcher":false,"Target_Switch_Base":0,"ExpansionArg_type":4,"ExpansionArg_array_length":1,"_bound":7,"ExpansionArg_array_element_0_type":0} start 59.3083 took 16.2025s
*-- Errors occured in test {"Switcher":false,"Target_Switch_Base":0,"ExpansionArg_type":4,"ExpansionArg_array_length":1,"_bound":7,"ExpansionArg_array_element_0_type":0}
* Error: TypeError: Cannot read property 'template' of undefined
*-- Replay with NO_COMPILE=1 expoSE replay '/home/pbai002/ExpoSE/lib/Harness/src/harness.js' '{"Switcher":false,"Target_Switch_Base":0,"ExpansionArg_type":4,"ExpansionArg_array_length":1,"_bound":7}'
*-- Test Case {"Switcher":false,"Target_Switch_Base":2,"ExpansionArg_type":3,"ExpansionArg_string":"","ExpansionArg_type_2":0,"_bound":13} start 58.8935 took 17.4165s
*-- Errors occured in test {"Switcher":false,"Target_Switch_Base":2,"ExpansionArg_type":3,"ExpansionArg_string":"","ExpansionArg_type_2":0,"_bound":13}
* Error: ReferenceError: require is not defined
*-- Replay with NO_COMPILE=1 expoSE replay '/home/pbai002/ExpoSE/lib/Harness/src/harness.js' '{"Switcher":false,"Target_Switch_Base":2,"ExpansionArg_type":3,"ExpansionArg_string":"","ExpansionArg_type_2":0,"_bound":13}'
*-- Test Case {"Switcher":false,"Target_Switch_Base":2,"ExpansionArg_type":0,"ExpansionArg_type_2":5,"ExpansionArg_array_length":0,"_bound":9,"ExpansionArg_bool":false} start 66.1912 took 12.2567s
*-- Errors occured in test {"Switcher":false,"Target_Switch_Base":2,"ExpansionArg_type":0,"ExpansionArg_type_2":5,"ExpansionArg_array_length":0,"_bound":9,"ExpansionArg_bool":false}
* Error: Error: source must either be type 'string' or 'function'
*-- Replay with NO_COMPILE=1 expoSE replay '/home/pbai002/ExpoSE/lib/Harness/src/harness.js' '{"Switcher":false,"Target_Switch_Base":2,"ExpansionArg_type":0,"ExpansionArg_type_2":5,"ExpansionArg_array_length":0,"_bound":9}'
*-- Test Case {"Switcher":false,"Target_Switch_Base":1,"ExpansionArg_type":5,"ExpansionArg_array_length":0,"_bound":7,"ExpansionArg_bool":false} start 68.738 took 11.5676s
*-- Errors occured in test {"Switcher":false,"Target_Switch_Base":1,"ExpansionArg_type":5,"ExpansionArg_array_length":0,"_bound":7,"ExpansionArg_bool":false}
* Error: TypeError: Cannot read property 'template' of undefined
*-- Replay with NO_COMPILE=1 expoSE replay '/home/pbai002/ExpoSE/lib/Harness/src/harness.js' '{"Switcher":false,"Target_Switch_Base":1,"ExpansionArg_type":5,"ExpansionArg_array_length":0,"_bound":7}'
*-- Test Case {"Switcher":false,"Target_Switch_Base":2,"ExpansionArg_type":3,"ExpansionArg_string":"","ExpansionArg_type_2":0,"_bound":17} start 70.1235 took 11.7916s
*-- Errors occured in test {"Switcher":false,"Target_Switch_Base":2,"ExpansionArg_type":3,"ExpansionArg_string":"","ExpansionArg_type_2":0,"_bound":17}
* Error: ReferenceError: require is not defined
*-- Replay with NO_COMPILE=1 expoSE replay '/home/pbai002/ExpoSE/lib/Harness/src/harness.js' '{"Switcher":false,"Target_Switch_Base":2,"ExpansionArg_type":3,"ExpansionArg_string":"","ExpansionArg_type_2":0,"_bound":17}'
*-- Test Case {"Switcher":false,"Target_Switch_Base":2,"ExpansionArg_type":1,"ExpansionArg_string":"","ExpansionArg_type_2":0,"_bound":5} start 67.8299 took 14.6868s
*-- Errors occured in test {"Switcher":false,"Target_Switch_Base":2,"ExpansionArg_type":1,"ExpansionArg_string":"","ExpansionArg_type_2":0,"_bound":5}
* Error: Error: source must either be type 'string' or 'function'
*-- Replay with NO_COMPILE=1 expoSE replay '/home/pbai002/ExpoSE/lib/Harness/src/harness.js' '{"Switcher":false,"Target_Switch_Base":2,"ExpansionArg_type":1,"ExpansionArg_string":"","ExpansionArg_type_2":0,"_bound":5}'
*-- Test Case {"Switcher":false,"Target_Switch_Base":0,"ExpansionArg_type":5,"ExpansionArg_array_length":0,"_bound":6,"ExpansionArg_bool":false} start 66.7898 took 15.7271s
*-- Errors occured in test {"Switcher":false,"Target_Switch_Base":0,"ExpansionArg_type":5,"ExpansionArg_array_length":0,"_bound":6,"ExpansionArg_bool":false}
* Error: TypeError: Cannot read property 'template' of undefined
*-- Replay with NO_COMPILE=1 expoSE replay '/home/pbai002/ExpoSE/lib/Harness/src/harness.js' '{"Switcher":false,"Target_Switch_Base":0,"ExpansionArg_type":5,"ExpansionArg_array_length":0,"_bound":6}'
*-- Test Case {"Switcher":false,"Target_Switch_Base":3,"ExpansionArg_type":2,"ExpansionArg_array_length":0,"_bound":7,"ExpansionArg_int":0} start 71.626 took 13.9368s
*-- Errors occured in test {"Switcher":false,"Target_Switch_Base":3,"ExpansionArg_type":2,"ExpansionArg_array_length":0,"_bound":7,"ExpansionArg_int":0}
* Error: TypeError: Function.prototype.apply was called on undefined, which is a undefined and not a function
*-- Replay with NO_COMPILE=1 expoSE replay '/home/pbai002/ExpoSE/lib/Harness/src/harness.js' '{"Switcher":false,"Target_Switch_Base":3,"ExpansionArg_type":2,"ExpansionArg_array_length":0,"_bound":7}'
*-- Test Case {"Switcher":false,"Target_Switch_Base":2,"ExpansionArg_type":3,"ExpansionArg_string":" t","ExpansionArg_type_2":0,"_bound":10} start 67.0935 took 18.7881s
*-- Errors occured in test {"Switcher":false,"Target_Switch_Base":2,"ExpansionArg_type":3,"ExpansionArg_string":" t","ExpansionArg_type_2":0,"_bound":10}
* Error: ReferenceError: require is not defined
*-- Replay with NO_COMPILE=1 expoSE replay '/home/pbai002/ExpoSE/lib/Harness/src/harness.js' '{"Switcher":false,"Target_Switch_Base":2,"ExpansionArg_type":3,"ExpansionArg_string":" t","ExpansionArg_type_2":0,"_bound":10}'
*-- Test Case {"Switcher":false,"Target_Switch_Base":2,"ExpansionArg_type":4,"ExpansionArg_string":"","ExpansionArg_type_2":0,"_bound":7,"ExpansionArg_array_length":0} start 72.3094 took 14.7983s
*-- Errors occured in test {"Switcher":false,"Target_Switch_Base":2,"ExpansionArg_type":4,"ExpansionArg_string":"","ExpansionArg_type_2":0,"_bound":7,"ExpansionArg_array_length":0}
* Error: Error: source must either be type 'string' or 'function'
*-- Replay with NO_COMPILE=1 expoSE replay '/home/pbai002/ExpoSE/lib/Harness/src/harness.js' '{"Switcher":false,"Target_Switch_Base":2,"ExpansionArg_type":4,"ExpansionArg_string":"","ExpansionArg_type_2":0,"_bound":7}'
*-- Test Case {"Switcher":false,"Target_Switch_Base":3,"ExpansionArg_type":4,"ExpansionArg_array_length":1,"ExpansionArg_array_element_0_type":2,"_bound":11,"ExpansionArg_array_element_0_int":0} start 72.4612 took 16.0643s
*-- Errors occured in test {"Switcher":false,"Target_Switch_Base":3,"ExpansionArg_type":4,"ExpansionArg_array_length":1,"ExpansionArg_array_element_0_type":2,"_bound":11,"ExpansionArg_array_element_0_int":0}
* Error: TypeError: Function.prototype.apply was called on undefined, which is a undefined and not a function
*-- Replay with NO_COMPILE=1 expoSE replay '/home/pbai002/ExpoSE/lib/Harness/src/harness.js' '{"Switcher":false,"Target_Switch_Base":3,"ExpansionArg_type":4,"ExpansionArg_array_length":1,"ExpansionArg_array_element_0_type":2,"_bound":11}'
*-- Test Case {"Switcher":false,"Target_Switch_Base":2,"ExpansionArg_type":0,"ExpansionArg_type_2":4,"ExpansionArg_array_length":2,"ExpansionArg_array_element_0_type":0,"_bound":12,"ExpansionArg_array_element_1_type":0} start 75.8093 took 14.3148s
*-- Errors occured in test {"Switcher":false,"Target_Switch_Base":2,"ExpansionArg_type":0,"ExpansionArg_type_2":4,"ExpansionArg_array_length":2,"ExpansionArg_array_element_0_type":0,"_bound":12,"ExpansionArg_array_element_1_type":0}
* Error: Error: source must either be type 'string' or 'function'
*-- Replay with NO_COMPILE=1 expoSE replay '/home/pbai002/ExpoSE/lib/Harness/src/harness.js' '{"Switcher":false,"Target_Switch_Base":2,"ExpansionArg_type":0,"ExpansionArg_type_2":4,"ExpansionArg_array_length":2,"ExpansionArg_array_element_0_type":0,"_bound":12}'
*-- Test Case {"Switcher":false,"Target_Switch_Base":2,"ExpansionArg_type":3,"ExpansionArg_string":"","ExpansionArg_type_2":0,"_bound":16} start 76.8174 took 13.957s
*-- Errors occured in test {"Switcher":false,"Target_Switch_Base":2,"ExpansionArg_type":3,"ExpansionArg_string":"","ExpansionArg_type_2":0,"_bound":16}
* Error: ReferenceError: require is not defined
*-- Replay with NO_COMPILE=1 expoSE replay '/home/pbai002/ExpoSE/lib/Harness/src/harness.js' '{"Switcher":false,"Target_Switch_Base":2,"ExpansionArg_type":3,"ExpansionArg_string":"","ExpansionArg_type_2":0,"_bound":16}'
*-- Test Case {"Switcher":false,"Target_Switch_Base":2,"ExpansionArg_type":3,"ExpansionArg_string":"\u0000{{\u0000","ExpansionArg_type_2":0,"_bound":13} start 41.9252 took 49.5712s
*-- Errors occured in test {"Switcher":false,"Target_Switch_Base":2,"ExpansionArg_type":3,"ExpansionArg_string":"\u0000{{\u0000","ExpansionArg_type_2":0,"_bound":13}
* Error: SyntaxError: Expected "!", "(", "-", ".", "<~", "<~>", "Infinity", "NULL", "NaN", "^", "false", "null", "true", "undefined", "{", "~", "~>", [ \n\r\t], [0-9], [a-zA-Z_$0-9] or string but "\x00" found.
*-- Replay with NO_COMPILE=1 expoSE replay '/home/pbai002/ExpoSE/lib/Harness/src/harness.js' '{"Switcher":false,"Target_Switch_Base":2,"ExpansionArg_type":3,"ExpansionArg_string":"\u0000{{\u0000","ExpansionArg_type_2":0,"_bound":13}'
*-- Test Case {"Switcher":false,"Target_Switch_Base":2,"ExpansionArg_type":3,"ExpansionArg_string":"","ExpansionArg_type_2":0,"_bound":17} start 78.5819 took 15.2331s
*-- Errors occured in test {"Switcher":false,"Target_Switch_Base":2,"ExpansionArg_type":3,"ExpansionArg_string":"","ExpansionArg_type_2":0,"_bound":17}
* Error: ReferenceError: require is not defined
*-- Replay with NO_COMPILE=1 expoSE replay '/home/pbai002/ExpoSE/lib/Harness/src/harness.js' '{"Switcher":false,"Target_Switch_Base":2,"ExpansionArg_type":3,"ExpansionArg_string":"","ExpansionArg_type_2":0,"_bound":17}'
*-- Test Case {"Switcher":false,"Target_Switch_Base":2,"ExpansionArg_type":3,"ExpansionArg_string":"\u0000\u0000\u0000\u0000\u0000\u0000\u0000","ExpansionArg_type_2":0,"_bound":26} start 80.4231 took 14.6277s
*-- Errors occured in test {"Switcher":false,"Target_Switch_Base":2,"ExpansionArg_type":3,"ExpansionArg_string":"\u0000\u0000\u0000\u0000\u0000\u0000\u0000","ExpansionArg_type_2":0,"_bound":26}
* Error: ReferenceError: require is not defined
*-- Replay with NO_COMPILE=1 expoSE replay '/home/pbai002/ExpoSE/lib/Harness/src/harness.js' '{"Switcher":false,"Target_Switch_Base":2,"ExpansionArg_type":3,"ExpansionArg_string":"\u0000\u0000\u0000\u0000\u0000\u0000\u0000","ExpansionArg_type_2":0,"_bound":26}'
*-- Test Case {"Switcher":false,"Target_Switch_Base":2,"ExpansionArg_type":3,"ExpansionArg_string":"","ExpansionArg_type_2":4,"_bound":8,"ExpansionArg_array_length":0} start 83.0253 took 14.384s
*-- Errors occured in test {"Switcher":false,"Target_Switch_Base":2,"ExpansionArg_type":3,"ExpansionArg_string":"","ExpansionArg_type_2":4,"_bound":8,"ExpansionArg_array_length":0}
* Error: ReferenceError: require is not defined
*-- Replay with NO_COMPILE=1 expoSE replay '/home/pbai002/ExpoSE/lib/Harness/src/harness.js' '{"Switcher":false,"Target_Switch_Base":2,"ExpansionArg_type":3,"ExpansionArg_string":"","ExpansionArg_type_2":4,"_bound":8}'
*-- Test Case {"Switcher":false,"Target_Switch_Base":2,"ExpansionArg_type":5,"ExpansionArg_array_length":0,"ExpansionArg_type_2":0,"_bound":8,"ExpansionArg_bool":false} start 87.1974 took 10.9408s
*-- Errors occured in test {"Switcher":false,"Target_Switch_Base":2,"ExpansionArg_type":5,"ExpansionArg_array_length":0,"ExpansionArg_type_2":0,"_bound":8,"ExpansionArg_bool":false}
* Error: Error: source must either be type 'string' or 'function'
*-- Replay with NO_COMPILE=1 expoSE replay '/home/pbai002/ExpoSE/lib/Harness/src/harness.js' '{"Switcher":false,"Target_Switch_Base":2,"ExpansionArg_type":5,"ExpansionArg_array_length":0,"ExpansionArg_type_2":0,"_bound":8}'
*-- Test Case {"Switcher":false,"Target_Switch_Base":2,"ExpansionArg_type":3,"ExpansionArg_string":"\u0000\u0000\u0000\u0000\u0000\u0000","ExpansionArg_type_2":0,"_bound":24} start 83.578 took 14.8764s
*-- Errors occured in test {"Switcher":false,"Target_Switch_Base":2,"ExpansionArg_type":3,"ExpansionArg_string":"\u0000\u0000\u0000\u0000\u0000\u0000","ExpansionArg_type_2":0,"_bound":24}
* Error: ReferenceError: require is not defined
*-- Replay with NO_COMPILE=1 expoSE replay '/home/pbai002/ExpoSE/lib/Harness/src/harness.js' '{"Switcher":false,"Target_Switch_Base":2,"ExpansionArg_type":3,"ExpansionArg_string":"\u0000\u0000\u0000\u0000\u0000\u0000","ExpansionArg_type_2":0,"_bound":24}'
*-- Test Case {"Switcher":false,"Target_Switch_Base":3,"ExpansionArg_type":4,"ExpansionArg_array_length":1,"ExpansionArg_array_element_0_type":5,"ExpansionArg_array_element_0_int":0,"_bound":13,"ExpansionArg_array_element_0_bool":false} start 88.6295 took 12.1425s
*-- Errors occured in test {"Switcher":false,"Target_Switch_Base":3,"ExpansionArg_type":4,"ExpansionArg_array_length":1,"ExpansionArg_array_element_0_type":5,"ExpansionArg_array_element_0_int":0,"_bound":13,"ExpansionArg_array_element_0_bool":false}
* Error: TypeError: Function.prototype.apply was called on undefined, which is a undefined and not a function
*-- Replay with NO_COMPILE=1 expoSE replay '/home/pbai002/ExpoSE/lib/Harness/src/harness.js' '{"Switcher":false,"Target_Switch_Base":3,"ExpansionArg_type":4,"ExpansionArg_array_length":1,"ExpansionArg_array_element_0_type":5,"ExpansionArg_array_element_0_int":0,"_bound":13}'
*-- Test Case {"Switcher":false,"Target_Switch_Base":2,"ExpansionArg_type":3,"ExpansionArg_string":"\u0000\u0000{{\u0000","ExpansionArg_type_2":0,"_bound":15} start 42.002 took 61.7341s
*-- Errors occured in test {"Switcher":false,"Target_Switch_Base":2,"ExpansionArg_type":3,"ExpansionArg_string":"\u0000\u0000{{\u0000","ExpansionArg_type_2":0,"_bound":15}
* Error: SyntaxError: Expected "!", "(", "-", ".", "<~", "<~>", "Infinity", "NULL", "NaN", "^", "false", "null", "true", "undefined", "{", "~", "~>", [ \n\r\t], [0-9], [a-zA-Z_$0-9] or string but "\x00" found.
*-- Replay with NO_COMPILE=1 expoSE replay '/home/pbai002/ExpoSE/lib/Harness/src/harness.js' '{"Switcher":false,"Target_Switch_Base":2,"ExpansionArg_type":3,"ExpansionArg_string":"\u0000\u0000{{\u0000","ExpansionArg_type_2":0,"_bound":15}'
*-- Test Case {"Switcher":false,"Target_Switch_Base":3,"ExpansionArg_type":3,"ExpansionArg_array_length":0,"_bound":8,"ExpansionArg_string":"PureString","ExpandedSwitcher":0} start 86.0099 took 20.6718s
*-- Test Case {"Switcher":false,"Target_Switch_Base":2,"ExpansionArg_type":3,"ExpansionArg_string":"","ExpansionArg_type_2":0,"_bound":17} start 90.8638 took 16.0579s
*-- Errors occured in test {"Switcher":false,"Target_Switch_Base":2,"ExpansionArg_type":3,"ExpansionArg_string":"","ExpansionArg_type_2":0,"_bound":17}
* Error: ReferenceError: require is not defined
*-- Replay with NO_COMPILE=1 expoSE replay '/home/pbai002/ExpoSE/lib/Harness/src/harness.js' '{"Switcher":false,"Target_Switch_Base":2,"ExpansionArg_type":3,"ExpansionArg_string":"","ExpansionArg_type_2":0,"_bound":17}'
*-- Test Case {"Switcher":false,"Target_Switch_Base":3,"ExpansionArg_type":4,"ExpansionArg_array_length":1,"ExpansionArg_array_element_0_type":1,"ExpansionArg_array_element_0_int":0,"_bound":12} start 90.2344 took 17.7514s
*-- Errors occured in test {"Switcher":false,"Target_Switch_Base":3,"ExpansionArg_type":4,"ExpansionArg_array_length":1,"ExpansionArg_array_element_0_type":1,"ExpansionArg_array_element_0_int":0,"_bound":12}
* Error: TypeError: Function.prototype.apply was called on undefined, which is a undefined and not a function
*-- Replay with NO_COMPILE=1 expoSE replay '/home/pbai002/ExpoSE/lib/Harness/src/harness.js' '{"Switcher":false,"Target_Switch_Base":3,"ExpansionArg_type":4,"ExpansionArg_array_length":1,"ExpansionArg_array_element_0_type":1,"ExpansionArg_array_element_0_int":0,"_bound":12}'
*-- Test Case {"Switcher":false,"Target_Switch_Base":2,"ExpansionArg_type":3,"ExpansionArg_string":"\u0000\u0000\u0000\u0000\u0000{{\u0000","ExpansionArg_type_2":0,"_bound":21} start 42.2012 took 71.1467s
*-- Errors occured in test {"Switcher":false,"Target_Switch_Base":2,"ExpansionArg_type":3,"ExpansionArg_string":"\u0000\u0000\u0000\u0000\u0000{{\u0000","ExpansionArg_type_2":0,"_bound":21}
* Error: SyntaxError: Expected "!", "(", "-", ".", "<~", "<~>", "Infinity", "NULL", "NaN", "^", "false", "null", "true", "undefined", "{", "~", "~>", [ \n\r\t], [0-9], [a-zA-Z_$0-9] or string but "\x00" found.
*-- Replay with NO_COMPILE=1 expoSE replay '/home/pbai002/ExpoSE/lib/Harness/src/harness.js' '{"Switcher":false,"Target_Switch_Base":2,"ExpansionArg_type":3,"ExpansionArg_string":"\u0000\u0000\u0000\u0000\u0000{{\u0000","ExpansionArg_type_2":0,"_bound":21}'
*-- Test Case {"Switcher":false,"Target_Switch_Base":2,"ExpansionArg_type":3,"ExpansionArg_string":"","ExpansionArg_type_2":4,"ExpansionArg_array_length":0,"_bound":18} start 98.7104 took 18.7157s
*-- Errors occured in test {"Switcher":false,"Target_Switch_Base":2,"ExpansionArg_type":3,"ExpansionArg_string":"","ExpansionArg_type_2":4,"ExpansionArg_array_length":0,"_bound":18}
* Error: ReferenceError: require is not defined
*-- Replay with NO_COMPILE=1 expoSE replay '/home/pbai002/ExpoSE/lib/Harness/src/harness.js' '{"Switcher":false,"Target_Switch_Base":2,"ExpansionArg_type":3,"ExpansionArg_string":"","ExpansionArg_type_2":4,"ExpansionArg_array_length":0,"_bound":18}'
*-- Test Case {"Switcher":false,"Target_Switch_Base":2,"ExpansionArg_type":3,"ExpansionArg_string":"\n{{\u0000","ExpansionArg_type_2":0,"_bound":186} start 98.2327 took 20.65s
*-- Errors occured in test {"Switcher":false,"Target_Switch_Base":2,"ExpansionArg_type":3,"ExpansionArg_string":"\n{{\u0000","ExpansionArg_type_2":0,"_bound":186}
* Error: SyntaxError: Expected "!", "(", "-", ".", "<~", "<~>", "Infinity", "NULL", "NaN", "^", "false", "null", "true", "undefined", "{", "~", "~>", [ \n\r\t], [0-9], [a-zA-Z_$0-9] or string but "\x00" found.
*-- Replay with NO_COMPILE=1 expoSE replay '/home/pbai002/ExpoSE/lib/Harness/src/harness.js' '{"Switcher":false,"Target_Switch_Base":2,"ExpansionArg_type":3,"ExpansionArg_string":"\n{{\u0000","ExpansionArg_type_2":0,"_bound":186}'
*-- Test Case {"Switcher":false,"Target_Switch_Base":2,"ExpansionArg_type":3,"ExpansionArg_string":"\n\u0000{{\u0000\u0000","ExpansionArg_type_2":0,"_bound":188} start 108.0694 took 15.3885s
*-- Errors occured in test {"Switcher":false,"Target_Switch_Base":2,"ExpansionArg_type":3,"ExpansionArg_string":"\n\u0000{{\u0000\u0000","ExpansionArg_type_2":0,"_bound":188}
* Error: SyntaxError: Expected "!", "(", "-", ".", "<~", "<~>", "Infinity", "NULL", "NaN", "^", "false", "null", "true", "undefined", "{", "~", "~>", [ \n\r\t], [0-9], [a-zA-Z_$0-9] or string but "\x00" found.
*-- Replay with NO_COMPILE=1 expoSE replay '/home/pbai002/ExpoSE/lib/Harness/src/harness.js' '{"Switcher":false,"Target_Switch_Base":2,"ExpansionArg_type":3,"ExpansionArg_string":"\n\u0000{{\u0000\u0000","ExpansionArg_type_2":0,"_bound":188}'
*-- Test Case {"Switcher":false,"Target_Switch_Base":2,"ExpansionArg_type":3,"ExpansionArg_string":"\r\u0000{{\u0000\u0000","ExpansionArg_type_2":0,"_bound":189} start 103.8217 took 21.3849s
*-- Errors occured in test {"Switcher":false,"Target_Switch_Base":2,"ExpansionArg_type":3,"ExpansionArg_string":"\r\u0000{{\u0000\u0000","ExpansionArg_type_2":0,"_bound":189}
* Error: SyntaxError: Expected "!", "(", "-", ".", "<~", "<~>", "Infinity", "NULL", "NaN", "^", "false", "null", "true", "undefined", "{", "~", "~>", [ \n\r\t], [0-9], [a-zA-Z_$0-9] or string but "\x00" found.
*-- Replay with NO_COMPILE=1 expoSE replay '/home/pbai002/ExpoSE/lib/Harness/src/harness.js' '{"Switcher":false,"Target_Switch_Base":2,"ExpansionArg_type":3,"ExpansionArg_string":"\r\u0000{{\u0000\u0000","ExpansionArg_type_2":0,"_bound":189}'
*-- Test Case {"Switcher":false,"Target_Switch_Base":2,"ExpansionArg_type":3,"ExpansionArg_string":"\u0000{{~>\u0000","ExpansionArg_type_2":0,"_bound":25} start 95.1454 took 34.8191s
*-- Errors occured in test {"Switcher":false,"Target_Switch_Base":2,"ExpansionArg_type":3,"ExpansionArg_string":"\u0000{{~>\u0000","ExpansionArg_type_2":0,"_bound":25}
* Error: SyntaxError: Expected [ \n\r\t] or [a-zA-Z_$0-9] but "\x00" found.
*-- Replay with NO_COMPILE=1 expoSE replay '/home/pbai002/ExpoSE/lib/Harness/src/harness.js' '{"Switcher":false,"Target_Switch_Base":2,"ExpansionArg_type":3,"ExpansionArg_string":"\u0000{{~>\u0000","ExpansionArg_type_2":0,"_bound":25}'
*-- Test Case {"Switcher":false,"Target_Switch_Base":2,"ExpansionArg_type":3,"ExpansionArg_string":"n","ExpansionArg_type_2":4,"ExpansionArg_array_length":0,"_bound":14} start 123.5363 took 11.7161s
*-- Errors occured in test {"Switcher":false,"Target_Switch_Base":2,"ExpansionArg_type":3,"ExpansionArg_string":"n","ExpansionArg_type_2":4,"ExpansionArg_array_length":0,"_bound":14}
* Error: ReferenceError: require is not defined
*-- Replay with NO_COMPILE=1 expoSE replay '/home/pbai002/ExpoSE/lib/Harness/src/harness.js' '{"Switcher":false,"Target_Switch_Base":2,"ExpansionArg_type":3,"ExpansionArg_string":"n","ExpansionArg_type_2":4,"ExpansionArg_array_length":0,"_bound":14}'
*-- Test Case {"Switcher":false,"Target_Switch_Base":2,"ExpansionArg_type":3,"ExpansionArg_string":"\u0000{{\b","ExpansionArg_type_2":0,"_bound":211} start 113.6572 took 25.4189s
*-- Errors occured in test {"Switcher":false,"Target_Switch_Base":2,"ExpansionArg_type":3,"ExpansionArg_string":"\u0000{{\b","ExpansionArg_type_2":0,"_bound":211}
* Error: SyntaxError: Expected "!", "(", "-", ".", "<~", "<~>", "Infinity", "NULL", "NaN", "^", "false", "null", "true", "undefined", "{", "~", "~>", [ \n\r\t], [0-9], [a-zA-Z_$0-9] or string but "\b" found.
*-- Replay with NO_COMPILE=1 expoSE replay '/home/pbai002/ExpoSE/lib/Harness/src/harness.js' '{"Switcher":false,"Target_Switch_Base":2,"ExpansionArg_type":3,"ExpansionArg_string":"\u0000{{\b","ExpansionArg_type_2":0,"_bound":211}'
*-- Test Case {"Switcher":false,"Target_Switch_Base":2,"ExpansionArg_type":3,"ExpansionArg_string":"\u0000{{<~>\u0000","ExpansionArg_type_2":0,"_bound":26} start 97.5141 took 43.8131s
*-- Errors occured in test {"Switcher":false,"Target_Switch_Base":2,"ExpansionArg_type":3,"ExpansionArg_string":"\u0000{{<~>\u0000","ExpansionArg_type_2":0,"_bound":26}
* Error: SyntaxError: Expected [ \n\r\t] or [a-zA-Z_$0-9] but "\x00" found.
*-- Replay with NO_COMPILE=1 expoSE replay '/home/pbai002/ExpoSE/lib/Harness/src/harness.js' '{"Switcher":false,"Target_Switch_Base":2,"ExpansionArg_type":3,"ExpansionArg_string":"\u0000{{<~>\u0000","ExpansionArg_type_2":0,"_bound":26}'
*-- Test Case {"Switcher":false,"Target_Switch_Base":2,"ExpansionArg_type":3,"ExpansionArg_string":"\u0000\u0000\u0000\u0000\u0000\u0000{{\u0000","ExpansionArg_type_2":0,"_bound":23} start 74.2625 took 68.1923s
*-- Errors occured in test {"Switcher":false,"Target_Switch_Base":2,"ExpansionArg_type":3,"ExpansionArg_string":"\u0000\u0000\u0000\u0000\u0000\u0000{{\u0000","ExpansionArg_type_2":0,"_bound":23}
* Error: SyntaxError: Expected "!", "(", "-", ".", "<~", "<~>", "Infinity", "NULL", "NaN", "^", "false", "null", "true", "undefined", "{", "~", "~>", [ \n\r\t], [0-9], [a-zA-Z_$0-9] or string but "\x00" found.
*-- Replay with NO_COMPILE=1 expoSE replay '/home/pbai002/ExpoSE/lib/Harness/src/harness.js' '{"Switcher":false,"Target_Switch_Base":2,"ExpansionArg_type":3,"ExpansionArg_string":"\u0000\u0000\u0000\u0000\u0000\u0000{{\u0000","ExpansionArg_type_2":0,"_bound":23}'
*-- Test Case {"Switcher":false,"Target_Switch_Base":2,"ExpansionArg_type":3,"ExpansionArg_string":"\u0000{{2\u0000","ExpansionArg_type_2":0,"_bound":21} start 100.8929 took 46.8417s
*-- Errors occured in test {"Switcher":false,"Target_Switch_Base":2,"ExpansionArg_type":3,"ExpansionArg_string":"\u0000{{2\u0000","ExpansionArg_type_2":0,"_bound":21}
* Error: SyntaxError: Expected "!=", "!==", "%", "&&", "(", "()", "*", "+", ",", "-", ".", "/", ":", "<", "<=", "<==", "=", "==", "===", ">", ">=", ">==", "?", "|", "||", "}}", [ \n\r\t], [0-9] or [a-zA-Z_$0-9] but "\x00" found.
*-- Replay with NO_COMPILE=1 expoSE replay '/home/pbai002/ExpoSE/lib/Harness/src/harness.js' '{"Switcher":false,"Target_Switch_Base":2,"ExpansionArg_type":3,"ExpansionArg_string":"\u0000{{2\u0000","ExpansionArg_type_2":0,"_bound":21}'
*-- Test Case {"Switcher":false,"Target_Switch_Base":2,"ExpansionArg_type":3,"ExpansionArg_string":"\u0000{{","ExpansionArg_type_2":0,"_bound":198} start 135.3574 took 12.7274s
*-- Errors occured in test {"Switcher":false,"Target_Switch_Base":2,"ExpansionArg_type":3,"ExpansionArg_string":"\u0000{{","ExpansionArg_type_2":0,"_bound":198}
* Error: SyntaxError: Expected "!", "(", "-", ".", "<~", "<~>", "Infinity", "NULL", "NaN", "^", "false", "null", "true", "undefined", "{", "~", "~>", [ \n\r\t], [0-9], [a-zA-Z_$0-9] or string but end of input found.
*-- Replay with NO_COMPILE=1 expoSE replay '/home/pbai002/ExpoSE/lib/Harness/src/harness.js' '{"Switcher":false,"Target_Switch_Base":2,"ExpansionArg_type":3,"ExpansionArg_string":"\u0000{{","ExpansionArg_type_2":0,"_bound":198}'
*-- Test Case {"Switcher":false,"Target_Switch_Base":2,"ExpansionArg_type":3,"ExpansionArg_string":"\u0000\u0000{{~>\u0000","ExpansionArg_type_2":0,"_bound":27} start 107.0147 took 42.368s
*-- Errors occured in test {"Switcher":false,"Target_Switch_Base":2,"ExpansionArg_type":3,"ExpansionArg_string":"\u0000\u0000{{~>\u0000","ExpansionArg_type_2":0,"_bound":27}
* Error: SyntaxError: Expected [ \n\r\t] or [a-zA-Z_$0-9] but "\x00" found.
*-- Replay with NO_COMPILE=1 expoSE replay '/home/pbai002/ExpoSE/lib/Harness/src/harness.js' '{"Switcher":false,"Target_Switch_Base":2,"ExpansionArg_type":3,"ExpansionArg_string":"\u0000\u0000{{~>\u0000","ExpansionArg_type_2":0,"_bound":27}'
*-- Test Case {"Switcher":false,"Target_Switch_Base":2,"ExpansionArg_type":3,"ExpansionArg_string":"\u0000\u0000\u0000\u0000{{\u0000","ExpansionArg_type_2":0,"_bound":19} start 85.8538 took 65.9216s
*-- Errors occured in test {"Switcher":false,"Target_Switch_Base":2,"ExpansionArg_type":3,"ExpansionArg_string":"\u0000\u0000\u0000\u0000{{\u0000","ExpansionArg_type_2":0,"_bound":19}
* Error: SyntaxError: Expected "!", "(", "-", ".", "<~", "<~>", "Infinity", "NULL", "NaN", "^", "false", "null", "true", "undefined", "{", "~", "~>", [ \n\r\t], [0-9], [a-zA-Z_$0-9] or string but "\x00" found.
*-- Replay with NO_COMPILE=1 expoSE replay '/home/pbai002/ExpoSE/lib/Harness/src/harness.js' '{"Switcher":false,"Target_Switch_Base":2,"ExpansionArg_type":3,"ExpansionArg_string":"\u0000\u0000\u0000\u0000{{\u0000","ExpansionArg_type_2":0,"_bound":19}'
*-- Test Case {"Switcher":false,"Target_Switch_Base":2,"ExpansionArg_type":3,"ExpansionArg_string":"\u0000{{<~","ExpansionArg_type_2":0,"_bound":27} start 118.9779 took 32.9893s
*-- Errors occured in test {"Switcher":false,"Target_Switch_Base":2,"ExpansionArg_type":3,"ExpansionArg_string":"\u0000{{<~","ExpansionArg_type_2":0,"_bound":27}
* Error: SyntaxError: Expected [ \n\r\t] or [a-zA-Z_$0-9] but end of input found.
*-- Replay with NO_COMPILE=1 expoSE replay '/home/pbai002/ExpoSE/lib/Harness/src/harness.js' '{"Switcher":false,"Target_Switch_Base":2,"ExpansionArg_type":3,"ExpansionArg_string":"\u0000{{<~","ExpansionArg_type_2":0,"_bound":27}'
*-- Test Case {"Switcher":false,"Target_Switch_Base":2,"ExpansionArg_type":3,"ExpansionArg_string":"","ExpansionArg_type_2":4,"ExpansionArg_array_length":0,"_bound":21} start 141.4054 took 10.7327s
*-- Errors occured in test {"Switcher":false,"Target_Switch_Base":2,"ExpansionArg_type":3,"ExpansionArg_string":"","ExpansionArg_type_2":4,"ExpansionArg_array_length":0,"_bound":21}
* Error: ReferenceError: require is not defined
*-- Replay with NO_COMPILE=1 expoSE replay '/home/pbai002/ExpoSE/lib/Harness/src/harness.js' '{"Switcher":false,"Target_Switch_Base":2,"ExpansionArg_type":3,"ExpansionArg_string":"","ExpansionArg_type_2":4,"ExpansionArg_array_length":0,"_bound":21}'
*-- Test Case {"Switcher":false,"Target_Switch_Base":2,"ExpansionArg_type":3,"ExpansionArg_string":"\u0000\u0000\u0000\u0000\u0000\u0000\u0000\u0000{{\u0000","ExpansionArg_type_2":0,"_bound":27} start 82.0311 took 70.9112s
*-- Errors occured in test {"Switcher":false,"Target_Switch_Base":2,"ExpansionArg_type":3,"ExpansionArg_string":"\u0000\u0000\u0000\u0000\u0000\u0000\u0000\u0000{{\u0000","ExpansionArg_type_2":0,"_bound":27}
* Error: SyntaxError: Expected "!", "(", "-", ".", "<~", "<~>", "Infinity", "NULL", "NaN", "^", "false", "null", "true", "undefined", "{", "~", "~>", [ \n\r\t], [0-9], [a-zA-Z_$0-9] or string but "\x00" found.
*-- Replay with NO_COMPILE=1 expoSE replay '/home/pbai002/ExpoSE/lib/Harness/src/harness.js' '{"Switcher":false,"Target_Switch_Base":2,"ExpansionArg_type":3,"ExpansionArg_string":"\u0000\u0000\u0000\u0000\u0000\u0000\u0000\u0000{{\u0000","ExpansionArg_type_2":0,"_bound":27}'
*-- Test Case {"Switcher":false,"Target_Switch_Base":2,"ExpansionArg_type":3,"ExpansionArg_string":"\u0000\u0000{{<~>\u0000","ExpansionArg_type_2":0,"_bound":28} start 106.786 took 50.7898s
*-- Errors occured in test {"Switcher":false,"Target_Switch_Base":2,"ExpansionArg_type":3,"ExpansionArg_string":"\u0000\u0000{{<~>\u0000","ExpansionArg_type_2":0,"_bound":28}
* Error: SyntaxError: Expected [ \n\r\t] or [a-zA-Z_$0-9] but "\x00" found.
*-- Replay with NO_COMPILE=1 expoSE replay '/home/pbai002/ExpoSE/lib/Harness/src/harness.js' '{"Switcher":false,"Target_Switch_Base":2,"ExpansionArg_type":3,"ExpansionArg_string":"\u0000\u0000{{<~>\u0000","ExpansionArg_type_2":0,"_bound":28}'
*-- Test Case {"Switcher":false,"Target_Switch_Base":2,"ExpansionArg_type":3,"ExpansionArg_string":"\u0000\u0000{{<~","ExpansionArg_type_2":0,"_bound":29} start 125.4657 took 36.389s
*-- Errors occured in test {"Switcher":false,"Target_Switch_Base":2,"ExpansionArg_type":3,"ExpansionArg_string":"\u0000\u0000{{<~","ExpansionArg_type_2":0,"_bound":29}
* Error: SyntaxError: Expected [ \n\r\t] or [a-zA-Z_$0-9] but end of input found.
*-- Replay with NO_COMPILE=1 expoSE replay '/home/pbai002/ExpoSE/lib/Harness/src/harness.js' '{"Switcher":false,"Target_Switch_Base":2,"ExpansionArg_type":3,"ExpansionArg_string":"\u0000\u0000{{<~","ExpansionArg_type_2":0,"_bound":29}'
*-- Test Case {"Switcher":false,"Target_Switch_Base":2,"ExpansionArg_type":3,"ExpansionArg_string":"\u0000{{0}}\u0000\u0000\u0000\u0000\u0000\u0000","ExpansionArg_type_2":0,"_bound":127} start 147.8422 took 23.9929s
*-- Errors occured in test {"Switcher":false,"Target_Switch_Base":2,"ExpansionArg_type":3,"ExpansionArg_string":"\u0000{{0}}\u0000\u0000\u0000\u0000\u0000\u0000","ExpansionArg_type_2":0,"_bound":127}
* Error: ReferenceError: require is not defined
*-- Replay with NO_COMPILE=1 expoSE replay '/home/pbai002/ExpoSE/lib/Harness/src/harness.js' '{"Switcher":false,"Target_Switch_Base":2,"ExpansionArg_type":3,"ExpansionArg_string":"\u0000{{0}}\u0000\u0000\u0000\u0000\u0000\u0000","ExpansionArg_type_2":0,"_bound":127}'
*-- Test Case {"Switcher":false,"Target_Switch_Base":2,"ExpansionArg_type":3,"ExpansionArg_string":"\u0000{{#\u0000","ExpansionArg_type_2":0,"_bound":17} start 94.1138 took 85.0646s
*-- Errors occured in test {"Switcher":false,"Target_Switch_Base":2,"ExpansionArg_type":3,"ExpansionArg_string":"\u0000{{#\u0000","ExpansionArg_type_2":0,"_bound":17}
* Error: SyntaxError: Expected "!", "(", "-", ".", "<~", "<~>", "Infinity", "NULL", "NaN", "^", "false", "null", "true", "undefined", "{", "~", "~>", [ \n\r\t], [0-9], [a-zA-Z_$0-9] or string but "\x00" found.
*-- Replay with NO_COMPILE=1 expoSE replay '/home/pbai002/ExpoSE/lib/Harness/src/harness.js' '{"Switcher":false,"Target_Switch_Base":2,"ExpansionArg_type":3,"ExpansionArg_string":"\u0000{{#\u0000","ExpansionArg_type_2":0,"_bound":17}'
*-- Test Case {"Switcher":false,"Target_Switch_Base":2,"ExpansionArg_type":3,"ExpansionArg_string":"","ExpansionArg_type_2":4,"ExpansionArg_array_length":0,"_bound":21} start 171.9298 took 12.4007s
*-- Errors occured in test {"Switcher":false,"Target_Switch_Base":2,"ExpansionArg_type":3,"ExpansionArg_string":"","ExpansionArg_type_2":4,"ExpansionArg_array_length":0,"_bound":21}
* Error: ReferenceError: require is not defined
*-- Replay with NO_COMPILE=1 expoSE replay '/home/pbai002/ExpoSE/lib/Harness/src/harness.js' '{"Switcher":false,"Target_Switch_Base":2,"ExpansionArg_type":3,"ExpansionArg_string":"","ExpansionArg_type_2":4,"ExpansionArg_array_length":0,"_bound":21}'
*-- Test Case {"Switcher":false,"Target_Switch_Base":2,"ExpansionArg_type":3,"ExpansionArg_string":"\u0000{{k_","ExpansionArg_type_2":0,"_bound":22} start 148.1499 took 49.3493s
*-- Errors occured in test {"Switcher":false,"Target_Switch_Base":2,"ExpansionArg_type":3,"ExpansionArg_string":"\u0000{{k_","ExpansionArg_type_2":0,"_bound":22}
* Error: SyntaxError: Expected "!=", "!==", "%", "&&", "(", "()", "*", "+", ",", "-", ".", "/", ":", "<", "<=", "<==", "=", "==", "===", ">", ">=", ">==", "?", "|", "||", "}}", [ \n\r\t] or [a-zA-Z_$0-9] but end of input found.
*-- Replay with NO_COMPILE=1 expoSE replay '/home/pbai002/ExpoSE/lib/Harness/src/harness.js' '{"Switcher":false,"Target_Switch_Base":2,"ExpansionArg_type":3,"ExpansionArg_string":"\u0000{{k_","ExpansionArg_type_2":0,"_bound":22}'
*-- Test Case {"Switcher":false,"Target_Switch_Base":2,"ExpansionArg_type":3,"ExpansionArg_string":"\u0000\u0000\u0000\u0000\u0000\u0000{{<~>\u0000","ExpansionArg_type_2":0,"_bound":36} start 142.5621 took 55.8714s
*-- Errors occured in test {"Switcher":false,"Target_Switch_Base":2,"ExpansionArg_type":3,"ExpansionArg_string":"\u0000\u0000\u0000\u0000\u0000\u0000{{<~>\u0000","ExpansionArg_type_2":0,"_bound":36}
* Error: SyntaxError: Expected [ \n\r\t] or [a-zA-Z_$0-9] but "\x00" found.
*-- Replay with NO_COMPILE=1 expoSE replay '/home/pbai002/ExpoSE/lib/Harness/src/harness.js' '{"Switcher":false,"Target_Switch_Base":2,"ExpansionArg_type":3,"ExpansionArg_string":"\u0000\u0000\u0000\u0000\u0000\u0000{{<~>\u0000","ExpansionArg_type_2":0,"_bound":36}'
*-- Test Case {"Switcher":false,"Target_Switch_Base":2,"ExpansionArg_type":3,"ExpansionArg_string":"\u0000{{0||","ExpansionArg_type_2":0,"_bound":48} start 153.0426 took 50.0042s
*-- Errors occured in test {"Switcher":false,"Target_Switch_Base":2,"ExpansionArg_type":3,"ExpansionArg_string":"\u0000{{0||","ExpansionArg_type_2":0,"_bound":48}
* Error: SyntaxError: Expected "!", "(", "-", ".", "<~", "<~>", "Infinity", "NULL", "NaN", "^", "false", "null", "true", "undefined", "{", "~", "~>", [ \n\r\t], [0-9], [a-zA-Z_$0-9] or string but end of input found.
*-- Replay with NO_COMPILE=1 expoSE replay '/home/pbai002/ExpoSE/lib/Harness/src/harness.js' '{"Switcher":false,"Target_Switch_Base":2,"ExpansionArg_type":3,"ExpansionArg_string":"\u0000{{0||","ExpansionArg_type_2":0,"_bound":48}'
*-- Test Case {"Switcher":false,"Target_Switch_Base":2,"ExpansionArg_type":3,"ExpansionArg_string":"\u0000\u0000{{#","ExpansionArg_type_2":0,"_bound":19} start 139.1864 took 64.0689s
*-- Errors occured in test {"Switcher":false,"Target_Switch_Base":2,"ExpansionArg_type":3,"ExpansionArg_string":"\u0000\u0000{{#","ExpansionArg_type_2":0,"_bound":19}
* Error: SyntaxError: Expected "!", "(", "-", ".", "<~", "<~>", "Infinity", "NULL", "NaN", "^", "false", "null", "true", "undefined", "{", "~", "~>", [ \n\r\t], [0-9], [a-zA-Z_$0-9] or string but end of input found.
*-- Replay with NO_COMPILE=1 expoSE replay '/home/pbai002/ExpoSE/lib/Harness/src/harness.js' '{"Switcher":false,"Target_Switch_Base":2,"ExpansionArg_type":3,"ExpansionArg_string":"\u0000\u0000{{#","ExpansionArg_type_2":0,"_bound":19}'
*-- Test Case {"Switcher":false,"Target_Switch_Base":2,"ExpansionArg_type":3,"ExpansionArg_string":"\u0000{{0!==\u0000\u0000\u0000\u0000\u0000\u0000","ExpansionArg_type_2":0,"_bound":51} start 149.4857 took 64.6839s
*-- Errors occured in test {"Switcher":false,"Target_Switch_Base":2,"ExpansionArg_type":3,"ExpansionArg_string":"\u0000{{0!==\u0000\u0000\u0000\u0000\u0000\u0000","ExpansionArg_type_2":0,"_bound":51}
* Error: SyntaxError: Expected "!", "(", "-", ".", "<~", "<~>", "Infinity", "NULL", "NaN", "^", "false", "null", "true", "undefined", "{", "~", "~>", [ \n\r\t], [0-9], [a-zA-Z_$0-9] or string but "\x00" found.
*-- Replay with NO_COMPILE=1 expoSE replay '/home/pbai002/ExpoSE/lib/Harness/src/harness.js' '{"Switcher":false,"Target_Switch_Base":2,"ExpansionArg_type":3,"ExpansionArg_string":"\u0000{{0!==\u0000\u0000\u0000\u0000\u0000\u0000","ExpansionArg_type_2":0,"_bound":51}'
*-- Test Case {"Switcher":false,"Target_Switch_Base":2,"ExpansionArg_type":3,"ExpansionArg_string":"\u0000{{0>=\u0000\u0000\u0000\u0000\u0000\u0000","ExpansionArg_type_2":0,"_bound":54} start 152.8624 took 62.3268s
*-- Errors occured in test {"Switcher":false,"Target_Switch_Base":2,"ExpansionArg_type":3,"ExpansionArg_string":"\u0000{{0>=\u0000\u0000\u0000\u0000\u0000\u0000","ExpansionArg_type_2":0,"_bound":54}
* Error: SyntaxError: Expected "!", "(", "-", ".", "<~", "<~>", "Infinity", "NULL", "NaN", "^", "false", "null", "true", "undefined", "{", "~", "~>", [ \n\r\t], [0-9], [a-zA-Z_$0-9] or string but "\x00" found.
*-- Replay with NO_COMPILE=1 expoSE replay '/home/pbai002/ExpoSE/lib/Harness/src/harness.js' '{"Switcher":false,"Target_Switch_Base":2,"ExpansionArg_type":3,"ExpansionArg_string":"\u0000{{0>=\u0000\u0000\u0000\u0000\u0000\u0000","ExpansionArg_type_2":0,"_bound":54}'
*-- Test Case {"Switcher":false,"Target_Switch_Base":2,"ExpansionArg_type":3,"ExpansionArg_string":"\u0000{{0<=\u0000\u0000\u0000\u0000\u0000\u0000","ExpansionArg_type_2":0,"_bound":56} start 151.886 took 67.1624s
*-- Errors occured in test {"Switcher":false,"Target_Switch_Base":2,"ExpansionArg_type":3,"ExpansionArg_string":"\u0000{{0<=\u0000\u0000\u0000\u0000\u0000\u0000","ExpansionArg_type_2":0,"_bound":56}
* Error: SyntaxError: Expected "!", "(", "-", ".", "<~", "<~>", "Infinity", "NULL", "NaN", "^", "false", "null", "true", "undefined", "{", "~", "~>", [ \n\r\t], [0-9], [a-zA-Z_$0-9] or string but "\x00" found.
*-- Replay with NO_COMPILE=1 expoSE replay '/home/pbai002/ExpoSE/lib/Harness/src/harness.js' '{"Switcher":false,"Target_Switch_Base":2,"ExpansionArg_type":3,"ExpansionArg_string":"\u0000{{0<=\u0000\u0000\u0000\u0000\u0000\u0000","ExpansionArg_type_2":0,"_bound":56}'
*-- Test Case {"Switcher":false,"Target_Switch_Base":2,"ExpansionArg_type":3,"ExpansionArg_string":"\u0000{{0>==\u0000\u0000\u0000\u0000\u0000","ExpansionArg_type_2":0,"_bound":53} start 157.662 took 63.5614s
*-- Errors occured in test {"Switcher":false,"Target_Switch_Base":2,"ExpansionArg_type":3,"ExpansionArg_string":"\u0000{{0>==\u0000\u0000\u0000\u0000\u0000","ExpansionArg_type_2":0,"_bound":53}
* Error: SyntaxError: Expected "!", "(", "-", ".", "<~", "<~>", "Infinity", "NULL", "NaN", "^", "false", "null", "true", "undefined", "{", "~", "~>", [ \n\r\t], [0-9], [a-zA-Z_$0-9] or string but "\x00" found.
*-- Replay with NO_COMPILE=1 expoSE replay '/home/pbai002/ExpoSE/lib/Harness/src/harness.js' '{"Switcher":false,"Target_Switch_Base":2,"ExpansionArg_type":3,"ExpansionArg_string":"\u0000{{0>==\u0000\u0000\u0000\u0000\u0000","ExpansionArg_type_2":0,"_bound":53}'
*-- Test Case {"Switcher":false,"Target_Switch_Base":2,"ExpansionArg_type":3,"ExpansionArg_string":"\u0000{{0&&","ExpansionArg_type_2":0,"_bound":47} start 179.3059 took 44.0782s
*-- Errors occured in test {"Switcher":false,"Target_Switch_Base":2,"ExpansionArg_type":3,"ExpansionArg_string":"\u0000{{0&&","ExpansionArg_type_2":0,"_bound":47}
* Error: SyntaxError: Expected "!", "(", "-", ".", "<~", "<~>", "Infinity", "NULL", "NaN", "^", "false", "null", "true", "undefined", "{", "~", "~>", [ \n\r\t], [0-9], [a-zA-Z_$0-9] or string but end of input found.
*-- Replay with NO_COMPILE=1 expoSE replay '/home/pbai002/ExpoSE/lib/Harness/src/harness.js' '{"Switcher":false,"Target_Switch_Base":2,"ExpansionArg_type":3,"ExpansionArg_string":"\u0000{{0&&","ExpansionArg_type_2":0,"_bound":47}'
*-- Test Case {"Switcher":false,"Target_Switch_Base":2,"ExpansionArg_type":3,"ExpansionArg_string":"\u0000{{Bb}}","ExpansionArg_type_2":0,"_bound":208} start 219.1373 took 15.0693s
*-- Errors occured in test {"Switcher":false,"Target_Switch_Base":2,"ExpansionArg_type":3,"ExpansionArg_string":"\u0000{{Bb}}","ExpansionArg_type_2":0,"_bound":208}
* Error: SyntaxError: missing ) after argument list
*-- Replay with NO_COMPILE=1 expoSE replay '/home/pbai002/ExpoSE/lib/Harness/src/harness.js' '{"Switcher":false,"Target_Switch_Base":2,"ExpansionArg_type":3,"ExpansionArg_string":"\u0000{{Bb}}","ExpansionArg_type_2":0,"_bound":208}'
*-- Test Case {"Switcher":false,"Target_Switch_Base":2,"ExpansionArg_type":3,"ExpansionArg_string":"\u0000{{_<","ExpansionArg_type_2":0,"_bound":26} start 161.9501 took 77.7647s
*-- Errors occured in test {"Switcher":false,"Target_Switch_Base":2,"ExpansionArg_type":3,"ExpansionArg_string":"\u0000{{_<","ExpansionArg_type_2":0,"_bound":26}
* Error: SyntaxError: Expected "!", "(", "-", ".", "<~", "<~>", "Infinity", "NULL", "NaN", "^", "false", "null", "true", "undefined", "{", "~", "~>", [ \n\r\t], [0-9], [a-zA-Z_$0-9] or string but end of input found.
*-- Replay with NO_COMPILE=1 expoSE replay '/home/pbai002/ExpoSE/lib/Harness/src/harness.js' '{"Switcher":false,"Target_Switch_Base":2,"ExpansionArg_type":3,"ExpansionArg_string":"\u0000{{_<","ExpansionArg_type_2":0,"_bound":26}'
*-- Test Case {"Switcher":false,"Target_Switch_Base":2,"ExpansionArg_type":3,"ExpansionArg_string":"\u0000{{0||NaN\u0000\u0000\u0000","ExpansionArg_type_2":0,"_bound":57} start 203.1302 took 38.4145s
*-- Errors occured in test {"Switcher":false,"Target_Switch_Base":2,"ExpansionArg_type":3,"ExpansionArg_string":"\u0000{{0||NaN\u0000\u0000\u0000","ExpansionArg_type_2":0,"_bound":57}
* Error: SyntaxError: Expected "!=", "!==", "%", "&&", "*", "+", ",", "-", "/", "<", "<=", "<==", "==", "===", ">", ">=", ">==", "?", "|", "||", "}}" or [ \n\r\t] but "\x00" found.
*-- Replay with NO_COMPILE=1 expoSE replay '/home/pbai002/ExpoSE/lib/Harness/src/harness.js' '{"Switcher":false,"Target_Switch_Base":2,"ExpansionArg_type":3,"ExpansionArg_string":"\u0000{{0||NaN\u0000\u0000\u0000","ExpansionArg_type_2":0,"_bound":57}'
*-- Test Case {"Switcher":false,"Target_Switch_Base":2,"ExpansionArg_type":3,"ExpansionArg_string":"\u0000{{3||false\u0000","ExpansionArg_type_2":0,"_bound":53} start 203.3697 took 44.2726s
*-- Errors occured in test {"Switcher":false,"Target_Switch_Base":2,"ExpansionArg_type":3,"ExpansionArg_string":"\u0000{{3||false\u0000","ExpansionArg_type_2":0,"_bound":53}
* Error: SyntaxError: Expected "!=", "!==", "%", "&&", "*", "+", ",", "-", "/", "<", "<=", "<==", "==", "===", ">", ">=", ">==", "?", "|", "||", "}}" or [ \n\r\t] but "\x00" found.
*-- Replay with NO_COMPILE=1 expoSE replay '/home/pbai002/ExpoSE/lib/Harness/src/harness.js' '{"Switcher":false,"Target_Switch_Base":2,"ExpansionArg_type":3,"ExpansionArg_string":"\u0000{{3||false\u0000","ExpansionArg_type_2":0,"_bound":53}'
*-- Test Case {"Switcher":false,"Target_Switch_Base":2,"ExpansionArg_type":3,"ExpansionArg_string":"\u0000{{ah||","ExpansionArg_type_2":0,"_bound":73} start 197.5971 took 57.4757s
*-- Errors occured in test {"Switcher":false,"Target_Switch_Base":2,"ExpansionArg_type":3,"ExpansionArg_string":"\u0000{{ah||","ExpansionArg_type_2":0,"_bound":73}
* Error: SyntaxError: Expected "!", "(", "-", ".", "<~", "<~>", "Infinity", "NULL", "NaN", "^", "false", "null", "true", "undefined", "{", "~", "~>", [ \n\r\t], [0-9], [a-zA-Z_$0-9] or string but end of input found.
*-- Replay with NO_COMPILE=1 expoSE replay '/home/pbai002/ExpoSE/lib/Harness/src/harness.js' '{"Switcher":false,"Target_Switch_Base":2,"ExpansionArg_type":3,"ExpansionArg_string":"\u0000{{ah||","ExpansionArg_type_2":0,"_bound":73}'
*-- Test Case {"Switcher":false,"Target_Switch_Base":2,"ExpansionArg_type":3,"ExpansionArg_string":"${{L3t\u0000","ExpansionArg_type_2":0,"_bound":23} start 214.6269 took 48.7369s
*-- Errors occured in test {"Switcher":false,"Target_Switch_Base":2,"ExpansionArg_type":3,"ExpansionArg_string":"${{L3t\u0000","ExpansionArg_type_2":0,"_bound":23}
* Error: SyntaxError: Expected "!=", "!==", "%", "&&", "(", "()", "*", "+", ",", "-", ".", "/", ":", "<", "<=", "<==", "=", "==", "===", ">", ">=", ">==", "?", "|", "||", "}}", [ \n\r\t] or [a-zA-Z_$0-9] but "\x00" found.
*-- Replay with NO_COMPILE=1 expoSE replay '/home/pbai002/ExpoSE/lib/Harness/src/harness.js' '{"Switcher":false,"Target_Switch_Base":2,"ExpansionArg_type":3,"ExpansionArg_string":"${{L3t\u0000","ExpansionArg_type_2":0,"_bound":23}'
*-- Test Case {"Switcher":false,"Target_Switch_Base":2,"ExpansionArg_type":3,"ExpansionArg_string":"\u0000{{bA<=\u0000\u0000\u0000\u0000\u0000","ExpansionArg_type_2":0,"_bound":81} start 198.5327 took 69.411s
*-- Errors occured in test {"Switcher":false,"Target_Switch_Base":2,"ExpansionArg_type":3,"ExpansionArg_string":"\u0000{{bA<=\u0000\u0000\u0000\u0000\u0000","ExpansionArg_type_2":0,"_bound":81}
* Error: SyntaxError: Expected "!", "(", "-", ".", "<~", "<~>", "Infinity", "NULL", "NaN", "^", "false", "null", "true", "undefined", "{", "~", "~>", [ \n\r\t], [0-9], [a-zA-Z_$0-9] or string but "\x00" found.
*-- Replay with NO_COMPILE=1 expoSE replay '/home/pbai002/ExpoSE/lib/Harness/src/harness.js' '{"Switcher":false,"Target_Switch_Base":2,"ExpansionArg_type":3,"ExpansionArg_string":"\u0000{{bA<=\u0000\u0000\u0000\u0000\u0000","ExpansionArg_type_2":0,"_bound":81}'
*-- Test Case {"Switcher":false,"Target_Switch_Base":2,"ExpansionArg_type":3,"ExpansionArg_string":"\u0000{{$H>==","ExpansionArg_type_2":0,"_bound":78} start 215.6304 took 56.2908s
*-- Errors occured in test {"Switcher":false,"Target_Switch_Base":2,"ExpansionArg_type":3,"ExpansionArg_string":"\u0000{{$H>==","ExpansionArg_type_2":0,"_bound":78}
* Error: SyntaxError: Expected "!", "(", "-", ".", "<~", "<~>", "Infinity", "NULL", "NaN", "^", "false", "null", "true", "undefined", "{", "~", "~>", [ \n\r\t], [0-9], [a-zA-Z_$0-9] or string but end of input found.
*-- Replay with NO_COMPILE=1 expoSE replay '/home/pbai002/ExpoSE/lib/Harness/src/harness.js' '{"Switcher":false,"Target_Switch_Base":2,"ExpansionArg_type":3,"ExpansionArg_string":"\u0000{{$H>==","ExpansionArg_type_2":0,"_bound":78}'
*-- Test Case {"Switcher":false,"Target_Switch_Base":2,"ExpansionArg_type":3,"ExpansionArg_string":"\u0000{{0>=NULL\u0000\u0000\u0000","ExpansionArg_type_2":0,"_bound":60} start 247.7154 took 39.1568s
*-- Errors occured in test {"Switcher":false,"Target_Switch_Base":2,"ExpansionArg_type":3,"ExpansionArg_string":"\u0000{{0>=NULL\u0000\u0000\u0000","ExpansionArg_type_2":0,"_bound":60}
* Error: SyntaxError: Expected "!=", "!==", "%", "&&", "*", "+", ",", "-", "/", "<", "<=", "<==", "==", "===", ">", ">=", ">==", "?", "|", "||", "}}" or [ \n\r\t] but "\x00" found.
*-- Replay with NO_COMPILE=1 expoSE replay '/home/pbai002/ExpoSE/lib/Harness/src/harness.js' '{"Switcher":false,"Target_Switch_Base":2,"ExpansionArg_type":3,"ExpansionArg_string":"\u0000{{0>=NULL\u0000\u0000\u0000","ExpansionArg_type_2":0,"_bound":60}'
*-- Test Case {"Switcher":false,"Target_Switch_Base":2,"ExpansionArg_type":3,"ExpansionArg_string":"\u0000{{$H<==\u0000\u0000\u0000\u0000","ExpansionArg_type_2":0,"_bound":80} start 223.8471 took 63.1626s
*-- Errors occured in test {"Switcher":false,"Target_Switch_Base":2,"ExpansionArg_type":3,"ExpansionArg_string":"\u0000{{$H<==\u0000\u0000\u0000\u0000","ExpansionArg_type_2":0,"_bound":80}
* Error: SyntaxError: Expected "!", "(", "-", ".", "<~", "<~>", "Infinity", "NULL", "NaN", "^", "false", "null", "true", "undefined", "{", "~", "~>", [ \n\r\t], [0-9], [a-zA-Z_$0-9] or string but "\x00" found.
*-- Replay with NO_COMPILE=1 expoSE replay '/home/pbai002/ExpoSE/lib/Harness/src/harness.js' '{"Switcher":false,"Target_Switch_Base":2,"ExpansionArg_type":3,"ExpansionArg_string":"\u0000{{$H<==\u0000\u0000\u0000\u0000","ExpansionArg_type_2":0,"_bound":80}'
*-- Test Case {"Switcher":false,"Target_Switch_Base":2,"ExpansionArg_type":3,"ExpansionArg_string":"\u0000{{0<=Infinity","ExpansionArg_type_2":0,"_bound":64} start 263.454 took 26.9308s
*-- Errors occured in test {"Switcher":false,"Target_Switch_Base":2,"ExpansionArg_type":3,"ExpansionArg_string":"\u0000{{0<=Infinity","ExpansionArg_type_2":0,"_bound":64}
* Error: SyntaxError: Expected "!=", "!==", "%", "&&", "*", "+", ",", "-", "/", "<", "<=", "<==", "==", "===", ">", ">=", ">==", "?", "|", "||", "}}" or [ \n\r\t] but end of input found.
*-- Replay with NO_COMPILE=1 expoSE replay '/home/pbai002/ExpoSE/lib/Harness/src/harness.js' '{"Switcher":false,"Target_Switch_Base":2,"ExpansionArg_type":3,"ExpansionArg_string":"\u0000{{0<=Infinity","ExpansionArg_type_2":0,"_bound":64}'
*-- Test Case {"Switcher":false,"Target_Switch_Base":2,"ExpansionArg_type":3,"ExpansionArg_string":"\u0000{{0!==NULL\u0000\u0000\u0000\u0000\u0000","ExpansionArg_type_2":0,"_bound":57} start 255.1776 took 36.9717s
*-- Errors occured in test {"Switcher":false,"Target_Switch_Base":2,"ExpansionArg_type":3,"ExpansionArg_string":"\u0000{{0!==NULL\u0000\u0000\u0000\u0000\u0000","ExpansionArg_type_2":0,"_bound":57}
* Error: SyntaxError: Expected "!=", "!==", "%", "&&", "*", "+", ",", "-", "/", "<", "<=", "<==", "==", "===", ">", ">=", ">==", "?", "|", "||", "}}" or [ \n\r\t] but "\x00" found.
*-- Replay with NO_COMPILE=1 expoSE replay '/home/pbai002/ExpoSE/lib/Harness/src/harness.js' '{"Switcher":false,"Target_Switch_Base":2,"ExpansionArg_type":3,"ExpansionArg_string":"\u0000{{0!==NULL\u0000\u0000\u0000\u0000\u0000","ExpansionArg_type_2":0,"_bound":57}'
*-- Test Case {"Switcher":false,"Target_Switch_Base":2,"ExpansionArg_type":3,"ExpansionArg_string":"\u0000{{4()","ExpansionArg_type_2":0,"_bound":41} start 152.0838 took 149.6927s
*-- Errors occured in test {"Switcher":false,"Target_Switch_Base":2,"ExpansionArg_type":3,"ExpansionArg_string":"\u0000{{4()","ExpansionArg_type_2":0,"_bound":41}
* Error: SyntaxError: Expected "!=", "!==", "%", "&&", "*", "+", ",", "-", "/", "<", "<=", "<==", "==", "===", ">", ">=", ">==", "?", "|", "||", "}}" or [ \n\r\t] but end of input found.
*-- Replay with NO_COMPILE=1 expoSE replay '/home/pbai002/ExpoSE/lib/Harness/src/harness.js' '{"Switcher":false,"Target_Switch_Base":2,"ExpansionArg_type":3,"ExpansionArg_string":"\u0000{{4()","ExpansionArg_type_2":0,"_bound":41}'
*-- Test Case {"Switcher":false,"Target_Switch_Base":2,"ExpansionArg_type":3,"ExpansionArg_string":"\u0000{{3\u0000\u0000\u0000\u0000\u0000\u0000\u0000","ExpansionArg_type_2":0,"_bound":50} start 287.0581 took 25.578s
*-- Errors occured in test {"Switcher":false,"Target_Switch_Base":2,"ExpansionArg_type":3,"ExpansionArg_string":"\u0000{{3\u0000\u0000\u0000\u0000\u0000\u0000\u0000","ExpansionArg_type_2":0,"_bound":50}
* Error: SyntaxError: Expected "!=", "!==", "%", "&&", "(", "()", "*", "+", ",", "-", ".", "/", ":", "<", "<=", "<==", "=", "==", "===", ">", ">=", ">==", "?", "|", "||", "}}", [ \n\r\t], [0-9] or [a-zA-Z_$0-9] but "\x00" found.
*-- Replay with NO_COMPILE=1 expoSE replay '/home/pbai002/ExpoSE/lib/Harness/src/harness.js' '{"Switcher":false,"Target_Switch_Base":2,"ExpansionArg_type":3,"ExpansionArg_string":"\u0000{{3\u0000\u0000\u0000\u0000\u0000\u0000\u0000","ExpansionArg_type_2":0,"_bound":50}'
*-- Test Case {"Switcher":false,"Target_Switch_Base":2,"ExpansionArg_type":3,"ExpansionArg_string":"\u0000{{$H!==","ExpansionArg_type_2":0,"_bound":76} start 272.0218 took 48.6611s
*-- Errors occured in test {"Switcher":false,"Target_Switch_Base":2,"ExpansionArg_type":3,"ExpansionArg_string":"\u0000{{$H!==","ExpansionArg_type_2":0,"_bound":76}
* Error: SyntaxError: Expected "!", "(", "-", ".", "<~", "<~>", "Infinity", "NULL", "NaN", "^", "false", "null", "true", "undefined", "{", "~", "~>", [ \n\r\t], [0-9], [a-zA-Z_$0-9] or string but end of input found.
*-- Replay with NO_COMPILE=1 expoSE replay '/home/pbai002/ExpoSE/lib/Harness/src/harness.js' '{"Switcher":false,"Target_Switch_Base":2,"ExpansionArg_type":3,"ExpansionArg_string":"\u0000{{$H!==","ExpansionArg_type_2":0,"_bound":76}'
*-- Test Case {"Switcher":false,"Target_Switch_Base":2,"ExpansionArg_type":3,"ExpansionArg_string":"\u0000{{3&&\u0000\u0000\u0000\u0000\u0000\u0000","ExpansionArg_type_2":0,"_bound":49} start 290.4415 took 46.9692s
*-- Errors occured in test {"Switcher":false,"Target_Switch_Base":2,"ExpansionArg_type":3,"ExpansionArg_string":"\u0000{{3&&\u0000\u0000\u0000\u0000\u0000\u0000","ExpansionArg_type_2":0,"_bound":49}
* Error: SyntaxError: Expected "!", "(", "-", ".", "<~", "<~>", "Infinity", "NULL", "NaN", "^", "false", "null", "true", "undefined", "{", "~", "~>", [ \n\r\t], [0-9], [a-zA-Z_$0-9] or string but "\x00" found.
*-- Replay with NO_COMPILE=1 expoSE replay '/home/pbai002/ExpoSE/lib/Harness/src/harness.js' '{"Switcher":false,"Target_Switch_Base":2,"ExpansionArg_type":3,"ExpansionArg_string":"\u0000{{3&&\u0000\u0000\u0000\u0000\u0000\u0000","ExpansionArg_type_2":0,"_bound":49}'
*-- Test Case {"Switcher":false,"Target_Switch_Base":2,"ExpansionArg_type":3,"ExpansionArg_string":"\u0000{{0||undefined","ExpansionArg_type_2":0,"_bound":54} start 320.7844 took 24.8832s
*-- Errors occured in test {"Switcher":false,"Target_Switch_Base":2,"ExpansionArg_type":3,"ExpansionArg_string":"\u0000{{0||undefined","ExpansionArg_type_2":0,"_bound":54}
* Error: SyntaxError: Expected "!=", "!==", "%", "&&", "*", "+", ",", "-", "/", "<", "<=", "<==", "==", "===", ">", ">=", ">==", "?", "|", "||", "}}" or [ \n\r\t] but end of input found.
*-- Replay with NO_COMPILE=1 expoSE replay '/home/pbai002/ExpoSE/lib/Harness/src/harness.js' '{"Switcher":false,"Target_Switch_Base":2,"ExpansionArg_type":3,"ExpansionArg_string":"\u0000{{0||undefined","ExpansionArg_type_2":0,"_bound":54}'
*-- Test Case {"Switcher":false,"Target_Switch_Base":2,"ExpansionArg_type":3,"ExpansionArg_string":"\u0000{{3||NaN>==\u0000","ExpansionArg_type_2":0,"_bound":65} start 292.2147 took 53.8562s
*-- Errors occured in test {"Switcher":false,"Target_Switch_Base":2,"ExpansionArg_type":3,"ExpansionArg_string":"\u0000{{3||NaN>==\u0000","ExpansionArg_type_2":0,"_bound":65}
* Error: SyntaxError: Expected "!", "(", "-", ".", "<~", "<~>", "Infinity", "NULL", "NaN", "^", "false", "null", "true", "undefined", "{", "~", "~>", [ \n\r\t], [0-9], [a-zA-Z_$0-9] or string but "\x00" found.
*-- Replay with NO_COMPILE=1 expoSE replay '/home/pbai002/ExpoSE/lib/Harness/src/harness.js' '{"Switcher":false,"Target_Switch_Base":2,"ExpansionArg_type":3,"ExpansionArg_string":"\u0000{{3||NaN>==\u0000","ExpansionArg_type_2":0,"_bound":65}'
*-- Test Case {"Switcher":false,"Target_Switch_Base":2,"ExpansionArg_type":3,"ExpansionArg_string":"\u0000{{ah==\u0000\u0000\u0000\u0000\u0000\u0000","ExpansionArg_type_2":0,"_bound":75} start 268.0374 took 93.0042s
*-- Errors occured in test {"Switcher":false,"Target_Switch_Base":2,"ExpansionArg_type":3,"ExpansionArg_string":"\u0000{{ah==\u0000\u0000\u0000\u0000\u0000\u0000","ExpansionArg_type_2":0,"_bound":75}
* Error: SyntaxError: Expected "!", "(", "-", ".", "<~", "<~>", "Infinity", "NULL", "NaN", "^", "false", "null", "true", "undefined", "{", "~", "~>", [ \n\r\t], [0-9], [a-zA-Z_$0-9] or string but "\x00" found.
*-- Replay with NO_COMPILE=1 expoSE replay '/home/pbai002/ExpoSE/lib/Harness/src/harness.js' '{"Switcher":false,"Target_Switch_Base":2,"ExpansionArg_type":3,"ExpansionArg_string":"\u0000{{ah==\u0000\u0000\u0000\u0000\u0000\u0000","ExpansionArg_type_2":0,"_bound":75}'
*-- Test Case {"Switcher":false,"Target_Switch_Base":2,"ExpansionArg_type":3,"ExpansionArg_string":"\u0000{{$H!=\u0000","ExpansionArg_type_2":0,"_bound":77} start 312.6978 took 55.91s
*-- Errors occured in test {"Switcher":false,"Target_Switch_Base":2,"ExpansionArg_type":3,"ExpansionArg_string":"\u0000{{$H!=\u0000","ExpansionArg_type_2":0,"_bound":77}
* Error: SyntaxError: Expected "!", "(", "-", ".", "<~", "<~>", "Infinity", "NULL", "NaN", "^", "false", "null", "true", "undefined", "{", "~", "~>", [ \n\r\t], [0-9], [a-zA-Z_$0-9] or string but "\x00" found.
*-- Replay with NO_COMPILE=1 expoSE replay '/home/pbai002/ExpoSE/lib/Harness/src/harness.js' '{"Switcher":false,"Target_Switch_Base":2,"ExpansionArg_type":3,"ExpansionArg_string":"\u0000{{$H!=\u0000","ExpansionArg_type_2":0,"_bound":77}'
*-- Test Case {"Switcher":false,"Target_Switch_Base":2,"ExpansionArg_type":3,"ExpansionArg_string":"\u0000{{3>==undefined","ExpansionArg_type_2":0,"_bound":57} start 345.7279 took 25.5746s
*-- Errors occured in test {"Switcher":false,"Target_Switch_Base":2,"ExpansionArg_type":3,"ExpansionArg_string":"\u0000{{3>==undefined","ExpansionArg_type_2":0,"_bound":57}
* Error: SyntaxError: Expected "!=", "!==", "%", "&&", "*", "+", ",", "-", "/", "<", "<=", "<==", "==", "===", ">", ">=", ">==", "?", "|", "||", "}}" or [ \n\r\t] but end of input found.
*-- Replay with NO_COMPILE=1 expoSE replay '/home/pbai002/ExpoSE/lib/Harness/src/harness.js' '{"Switcher":false,"Target_Switch_Base":2,"ExpansionArg_type":3,"ExpansionArg_string":"\u0000{{3>==undefined","ExpansionArg_type_2":0,"_bound":57}'
*-- Test Case {"Switcher":false,"Target_Switch_Base":2,"ExpansionArg_type":3,"ExpansionArg_string":"\u0000{{0>=undefined","ExpansionArg_type_2":0,"_bound":58} start 361.093 took 24.9655s
*-- Errors occured in test {"Switcher":false,"Target_Switch_Base":2,"ExpansionArg_type":3,"ExpansionArg_string":"\u0000{{0>=undefined","ExpansionArg_type_2":0,"_bound":58}
* Error: SyntaxError: Expected "!=", "!==", "%", "&&", "*", "+", ",", "-", "/", "<", "<=", "<==", "==", "===", ">", ">=", ">==", "?", "|", "||", "}}" or [ \n\r\t] but end of input found.
*-- Replay with NO_COMPILE=1 expoSE replay '/home/pbai002/ExpoSE/lib/Harness/src/harness.js' '{"Switcher":false,"Target_Switch_Base":2,"ExpansionArg_type":3,"ExpansionArg_string":"\u0000{{0>=undefined","ExpansionArg_type_2":0,"_bound":58}'
*-- Test Case {"Switcher":false,"Target_Switch_Base":2,"ExpansionArg_type":3,"ExpansionArg_string":"\u0000\u0000\u0000{{\u0000","ExpansionArg_type_2":0,"_bound":17} start 42.0532 took 345.5952s
*-- Errors occured in test {"Switcher":false,"Target_Switch_Base":2,"ExpansionArg_type":3,"ExpansionArg_string":"\u0000\u0000\u0000{{\u0000","ExpansionArg_type_2":0,"_bound":17}
* Error: Exception E: SyntaxError: Unexpected end of JSON input of test data on 
* Error: Exception E: SyntaxError: Unexpected end of JSON input of coverage data on 
* Error: Error extracting final output - a fatal error must have occured
*-- Replay with NO_COMPILE=1 expoSE replay '/home/pbai002/ExpoSE/lib/Harness/src/harness.js' '{"Switcher":false,"Target_Switch_Base":2,"ExpansionArg_type":3,"ExpansionArg_string":"\u0000\u0000\u0000{{\u0000","ExpansionArg_type_2":0,"_bound":17}'
*-- Test Case {"Switcher":false,"Target_Switch_Base":2,"ExpansionArg_type":3,"ExpansionArg_string":"\u0000{{h3s0\u0000","ExpansionArg_type_2":0,"_bound":24} start 337.5099 took 50.6832s
*-- Errors occured in test {"Switcher":false,"Target_Switch_Base":2,"ExpansionArg_type":3,"ExpansionArg_string":"\u0000{{h3s0\u0000","ExpansionArg_type_2":0,"_bound":24}
* Error: SyntaxError: Expected "!=", "!==", "%", "&&", "(", "()", "*", "+", ",", "-", ".", "/", ":", "<", "<=", "<==", "=", "==", "===", ">", ">=", ">==", "?", "|", "||", "}}", [ \n\r\t] or [a-zA-Z_$0-9] but "\x00" found.
*-- Replay with NO_COMPILE=1 expoSE replay '/home/pbai002/ExpoSE/lib/Harness/src/harness.js' '{"Switcher":false,"Target_Switch_Base":2,"ExpansionArg_type":3,"ExpansionArg_string":"\u0000{{h3s0\u0000","ExpansionArg_type_2":0,"_bound":24}'
*-- Test Case {"Switcher":false,"Target_Switch_Base":2,"ExpansionArg_type":3,"ExpansionArg_string":"\u0000{{ah()\u0000\u0000\u0000\u0000\u0000\u0000","ExpansionArg_type_2":0,"_bound":58} start 241.5968 took 149.8318s
*-- Errors occured in test {"Switcher":false,"Target_Switch_Base":2,"ExpansionArg_type":3,"ExpansionArg_string":"\u0000{{ah()\u0000\u0000\u0000\u0000\u0000\u0000","ExpansionArg_type_2":0,"_bound":58}
* Error: SyntaxError: Expected "!=", "!==", "%", "&&", "*", "+", ",", "-", "/", "<", "<=", "<==", "==", "===", ">", ">=", ">==", "?", "|", "||", "}}" or [ \n\r\t] but "\x00" found.
*-- Replay with NO_COMPILE=1 expoSE replay '/home/pbai002/ExpoSE/lib/Harness/src/harness.js' '{"Switcher":false,"Target_Switch_Base":2,"ExpansionArg_type":3,"ExpansionArg_string":"\u0000{{ah()\u0000\u0000\u0000\u0000\u0000\u0000","ExpansionArg_type_2":0,"_bound":58}'
*-- Test Case {"Switcher":false,"Target_Switch_Base":2,"ExpansionArg_type":3,"ExpansionArg_string":"\u0000{{0||NULL\u0000\u0000\u0000\u0000\u0000","ExpansionArg_type_2":0,"_bound":56} start 371.3706 took 35.5833s
*-- Errors occured in test {"Switcher":false,"Target_Switch_Base":2,"ExpansionArg_type":3,"ExpansionArg_string":"\u0000{{0||NULL\u0000\u0000\u0000\u0000\u0000","ExpansionArg_type_2":0,"_bound":56}
* Error: SyntaxError: Expected "!=", "!==", "%", "&&", "*", "+", ",", "-", "/", "<", "<=", "<==", "==", "===", ">", ">=", ">==", "?", "|", "||", "}}" or [ \n\r\t] but "\x00" found.
*-- Replay with NO_COMPILE=1 expoSE replay '/home/pbai002/ExpoSE/lib/Harness/src/harness.js' '{"Switcher":false,"Target_Switch_Base":2,"ExpansionArg_type":3,"ExpansionArg_string":"\u0000{{0||NULL\u0000\u0000\u0000\u0000\u0000","ExpansionArg_type_2":0,"_bound":56}'
*-- Test Case {"Switcher":false,"Target_Switch_Base":2,"ExpansionArg_type":3,"ExpansionArg_string":"\u0000{{3||false===","ExpansionArg_type_2":0,"_bound":57} start 368.653 took 45.1838s
*-- Errors occured in test {"Switcher":false,"Target_Switch_Base":2,"ExpansionArg_type":3,"ExpansionArg_string":"\u0000{{3||false===","ExpansionArg_type_2":0,"_bound":57}
* Error: SyntaxError: Expected "!", "(", "-", ".", "<~", "<~>", "Infinity", "NULL", "NaN", "^", "false", "null", "true", "undefined", "{", "~", "~>", [ \n\r\t], [0-9], [a-zA-Z_$0-9] or string but end of input found.
*-- Replay with NO_COMPILE=1 expoSE replay '/home/pbai002/ExpoSE/lib/Harness/src/harness.js' '{"Switcher":false,"Target_Switch_Base":2,"ExpansionArg_type":3,"ExpansionArg_string":"\u0000{{3||false===","ExpansionArg_type_2":0,"_bound":57}'
*-- Test Case {"Switcher":false,"Target_Switch_Base":2,"ExpansionArg_type":3,"ExpansionArg_string":"\u0000{{0>=NaN\u0000\u0000\u0000\u0000","ExpansionArg_type_2":0,"_bound":61} start 388.2404 took 32.0481s
*-- Errors occured in test {"Switcher":false,"Target_Switch_Base":2,"ExpansionArg_type":3,"ExpansionArg_string":"\u0000{{0>=NaN\u0000\u0000\u0000\u0000","ExpansionArg_type_2":0,"_bound":61}
* Error: SyntaxError: Expected "!=", "!==", "%", "&&", "*", "+", ",", "-", "/", "<", "<=", "<==", "==", "===", ">", ">=", ">==", "?", "|", "||", "}}" or [ \n\r\t] but "\x00" found.
*-- Replay with NO_COMPILE=1 expoSE replay '/home/pbai002/ExpoSE/lib/Harness/src/harness.js' '{"Switcher":false,"Target_Switch_Base":2,"ExpansionArg_type":3,"ExpansionArg_string":"\u0000{{0>=NaN\u0000\u0000\u0000\u0000","ExpansionArg_type_2":0,"_bound":61}'
*-- Test Case {"Switcher":false,"Target_Switch_Base":2,"ExpansionArg_type":3,"ExpansionArg_string":"\u0000{{U()","ExpansionArg_type_2":0,"_bound":55} start 301.9335 took 133.3937s
*-- Errors occured in test {"Switcher":false,"Target_Switch_Base":2,"ExpansionArg_type":3,"ExpansionArg_string":"\u0000{{U()","ExpansionArg_type_2":0,"_bound":55}
* Error: SyntaxError: Expected "!=", "!==", "%", "&&", "*", "+", ",", "-", "/", "<", "<=", "<==", "==", "===", ">", ">=", ">==", "?", "|", "||", "}}" or [ \n\r\t] but end of input found.
*-- Replay with NO_COMPILE=1 expoSE replay '/home/pbai002/ExpoSE/lib/Harness/src/harness.js' '{"Switcher":false,"Target_Switch_Base":2,"ExpansionArg_type":3,"ExpansionArg_string":"\u0000{{U()","ExpansionArg_type_2":0,"_bound":55}'
*-- Test Case {"Switcher":false,"Target_Switch_Base":2,"ExpansionArg_type":3,"ExpansionArg_string":"\u0000{{3||NaN==","ExpansionArg_type_2":0,"_bound":62} start 386.1018 took 52.0516s
*-- Errors occured in test {"Switcher":false,"Target_Switch_Base":2,"ExpansionArg_type":3,"ExpansionArg_string":"\u0000{{3||NaN==","ExpansionArg_type_2":0,"_bound":62}
* Error: SyntaxError: Expected "!", "(", "-", ".", "<~", "<~>", "Infinity", "NULL", "NaN", "^", "false", "null", "true", "undefined", "{", "~", "~>", [ \n\r\t], [0-9], [a-zA-Z_$0-9] or string but end of input found.
*-- Replay with NO_COMPILE=1 expoSE replay '/home/pbai002/ExpoSE/lib/Harness/src/harness.js' '{"Switcher":false,"Target_Switch_Base":2,"ExpansionArg_type":3,"ExpansionArg_string":"\u0000{{3||NaN==","ExpansionArg_type_2":0,"_bound":62}'
*-- Test Case {"Switcher":false,"Target_Switch_Base":2,"ExpansionArg_type":3,"ExpansionArg_string":"\u0000{{3||NaN&&\u0000\u0000\u0000\u0000\u0000\u0000","ExpansionArg_type_2":0,"_bound":59} start 387.6716 took 55.6914s
*-- Errors occured in test {"Switcher":false,"Target_Switch_Base":2,"ExpansionArg_type":3,"ExpansionArg_string":"\u0000{{3||NaN&&\u0000\u0000\u0000\u0000\u0000\u0000","ExpansionArg_type_2":0,"_bound":59}
* Error: SyntaxError: Expected "!", "(", "-", ".", "<~", "<~>", "Infinity", "NULL", "NaN", "^", "false", "null", "true", "undefined", "{", "~", "~>", [ \n\r\t], [0-9], [a-zA-Z_$0-9] or string but "\x00" found.
*-- Replay with NO_COMPILE=1 expoSE replay '/home/pbai002/ExpoSE/lib/Harness/src/harness.js' '{"Switcher":false,"Target_Switch_Base":2,"ExpansionArg_type":3,"ExpansionArg_string":"\u0000{{3||NaN&&\u0000\u0000\u0000\u0000\u0000\u0000","ExpansionArg_type_2":0,"_bound":59}'
*-- Test Case {"Switcher":false,"Target_Switch_Base":2,"ExpansionArg_type":3,"ExpansionArg_string":"\u0000{{0!==Infinity\u0000","ExpansionArg_type_2":0,"_bound":59} start 407.0293 took 39.5617s
*-- Errors occured in test {"Switcher":false,"Target_Switch_Base":2,"ExpansionArg_type":3,"ExpansionArg_string":"\u0000{{0!==Infinity\u0000","ExpansionArg_type_2":0,"_bound":59}
* Error: SyntaxError: Expected "!=", "!==", "%", "&&", "*", "+", ",", "-", "/", "<", "<=", "<==", "==", "===", ">", ">=", ">==", "?", "|", "||", "}}" or [ \n\r\t] but "\x00" found.
*-- Replay with NO_COMPILE=1 expoSE replay '/home/pbai002/ExpoSE/lib/Harness/src/harness.js' '{"Switcher":false,"Target_Switch_Base":2,"ExpansionArg_type":3,"ExpansionArg_string":"\u0000{{0!==Infinity\u0000","ExpansionArg_type_2":0,"_bound":59}'
*-- Test Case {"Switcher":false,"Target_Switch_Base":2,"ExpansionArg_type":3,"ExpansionArg_string":"\u0000{{0||false}}","ExpansionArg_type_2":0,"_bound":115} start 435.3871 took 11.6574s
*-- Errors occured in test {"Switcher":false,"Target_Switch_Base":2,"ExpansionArg_type":3,"ExpansionArg_string":"\u0000{{0||false}}","ExpansionArg_type_2":0,"_bound":115}
* Error: ReferenceError: require is not defined
*-- Replay with NO_COMPILE=1 expoSE replay '/home/pbai002/ExpoSE/lib/Harness/src/harness.js' '{"Switcher":false,"Target_Switch_Base":2,"ExpansionArg_type":3,"ExpansionArg_string":"\u0000{{0||false}}","ExpansionArg_type_2":0,"_bound":115}'
*-- Test Case {"Switcher":false,"Target_Switch_Base":2,"ExpansionArg_type":3,"ExpansionArg_string":"\u0000{{0>=Infinity","ExpansionArg_type_2":0,"_bound":62} start 420.3322 took 27.6613s
*-- Errors occured in test {"Switcher":false,"Target_Switch_Base":2,"ExpansionArg_type":3,"ExpansionArg_string":"\u0000{{0>=Infinity","ExpansionArg_type_2":0,"_bound":62}
* Error: SyntaxError: Expected "!=", "!==", "%", "&&", "*", "+", ",", "-", "/", "<", "<=", "<==", "==", "===", ">", ">=", ">==", "?", "|", "||", "}}" or [ \n\r\t] but end of input found.
*-- Replay with NO_COMPILE=1 expoSE replay '/home/pbai002/ExpoSE/lib/Harness/src/harness.js' '{"Switcher":false,"Target_Switch_Base":2,"ExpansionArg_type":3,"ExpansionArg_string":"\u0000{{0>=Infinity","ExpansionArg_type_2":0,"_bound":62}'
*-- Test Case {"Switcher":false,"Target_Switch_Base":2,"ExpansionArg_type":3,"ExpansionArg_string":"\u0000\u0000{{$\u0000","ExpansionArg_type_2":0,"_bound":23} start 117.504 took 334.3922s
*-- Errors occured in test {"Switcher":false,"Target_Switch_Base":2,"ExpansionArg_type":3,"ExpansionArg_string":"\u0000\u0000{{$\u0000","ExpansionArg_type_2":0,"_bound":23}
* Error: Exception E: SyntaxError: Unexpected end of JSON input of test data on 
* Error: Exception E: SyntaxError: Unexpected end of JSON input of coverage data on 
* Error: Error extracting final output - a fatal error must have occured
*-- Replay with NO_COMPILE=1 expoSE replay '/home/pbai002/ExpoSE/lib/Harness/src/harness.js' '{"Switcher":false,"Target_Switch_Base":2,"ExpansionArg_type":3,"ExpansionArg_string":"\u0000\u0000{{$\u0000","ExpansionArg_type_2":0,"_bound":23}'
*-- Test Case {"Switcher":false,"Target_Switch_Base":2,"ExpansionArg_type":3,"ExpansionArg_string":"\u0000{{$H>=\u0000\u0000\u0000\u0000\u0000","ExpansionArg_type_2":0,"_bound":79} start 391.4796 took 60.5295s
*-- Errors occured in test {"Switcher":false,"Target_Switch_Base":2,"ExpansionArg_type":3,"ExpansionArg_string":"\u0000{{$H>=\u0000\u0000\u0000\u0000\u0000","ExpansionArg_type_2":0,"_bound":79}
* Error: SyntaxError: Expected "!", "(", "-", ".", "<~", "<~>", "Infinity", "NULL", "NaN", "^", "false", "null", "true", "undefined", "{", "~", "~>", [ \n\r\t], [0-9], [a-zA-Z_$0-9] or string but "\x00" found.
*-- Replay with NO_COMPILE=1 expoSE replay '/home/pbai002/ExpoSE/lib/Harness/src/harness.js' '{"Switcher":false,"Target_Switch_Base":2,"ExpansionArg_type":3,"ExpansionArg_string":"\u0000{{$H>=\u0000\u0000\u0000\u0000\u0000","ExpansionArg_type_2":0,"_bound":79}'
*-- Test Case {"Switcher":false,"Target_Switch_Base":2,"ExpansionArg_type":3,"ExpansionArg_string":"\u0000{{~>_","ExpansionArg_type_2":0,"_bound":27} start 130.0524 took 322.0529s
*-- Errors occured in test {"Switcher":false,"Target_Switch_Base":2,"ExpansionArg_type":3,"ExpansionArg_string":"\u0000{{~>_","ExpansionArg_type_2":0,"_bound":27}
* Error: Exception E: SyntaxError: Unexpected end of JSON input of test data on 
* Error: Exception E: SyntaxError: Unexpected end of JSON input of coverage data on 
* Error: Error extracting final output - a fatal error must have occured
*-- Replay with NO_COMPILE=1 expoSE replay '/home/pbai002/ExpoSE/lib/Harness/src/harness.js' '{"Switcher":false,"Target_Switch_Base":2,"ExpansionArg_type":3,"ExpansionArg_string":"\u0000{{~>_","ExpansionArg_type_2":0,"_bound":27}'
*-- Test Case {"Switcher":false,"Target_Switch_Base":2,"ExpansionArg_type":3,"ExpansionArg_string":"${{ah===\u0010","ExpansionArg_type_2":0,"_bound":74} start 346.1183 took 113.7491s
*-- Errors occured in test {"Switcher":false,"Target_Switch_Base":2,"ExpansionArg_type":3,"ExpansionArg_string":"${{ah===\u0010","ExpansionArg_type_2":0,"_bound":74}
* Error: SyntaxError: Expected "!", "(", "-", ".", "<~", "<~>", "Infinity", "NULL", "NaN", "^", "false", "null", "true", "undefined", "{", "~", "~>", [ \n\r\t], [0-9], [a-zA-Z_$0-9] or string but "\x10" found.
*-- Replay with NO_COMPILE=1 expoSE replay '/home/pbai002/ExpoSE/lib/Harness/src/harness.js' '{"Switcher":false,"Target_Switch_Base":2,"ExpansionArg_type":3,"ExpansionArg_string":"${{ah===\u0010","ExpansionArg_type_2":0,"_bound":74}'
*-- Test Case {"Switcher":false,"Target_Switch_Base":2,"ExpansionArg_type":3,"ExpansionArg_string":"\u0000{{0!==undefined","ExpansionArg_type_2":0,"_bound":55} start 438.2019 took 25.7135s
*-- Errors occured in test {"Switcher":false,"Target_Switch_Base":2,"ExpansionArg_type":3,"ExpansionArg_string":"\u0000{{0!==undefined","ExpansionArg_type_2":0,"_bound":55}
* Error: SyntaxError: Expected "!=", "!==", "%", "&&", "*", "+", ",", "-", "/", "<", "<=", "<==", "==", "===", ">", ">=", ">==", "?", "|", "||", "}}" or [ \n\r\t] but end of input found.
*-- Replay with NO_COMPILE=1 expoSE replay '/home/pbai002/ExpoSE/lib/Harness/src/harness.js' '{"Switcher":false,"Target_Switch_Base":2,"ExpansionArg_type":3,"ExpansionArg_string":"\u0000{{0!==undefined","ExpansionArg_type_2":0,"_bound":55}'
*-- Test Case {"Switcher":false,"Target_Switch_Base":2,"ExpansionArg_type":3,"ExpansionArg_string":"\u0000{{A!=","ExpansionArg_type_2":0,"_bound":73} start 446.6396 took 45.2967s
*-- Errors occured in test {"Switcher":false,"Target_Switch_Base":2,"ExpansionArg_type":3,"ExpansionArg_string":"\u0000{{A!=","ExpansionArg_type_2":0,"_bound":73}
* Error: SyntaxError: Expected "!", "(", "-", ".", "<~", "<~>", "Infinity", "NULL", "NaN", "^", "false", "null", "true", "undefined", "{", "~", "~>", [ \n\r\t], [0-9], [a-zA-Z_$0-9] or string but end of input found.
*-- Replay with NO_COMPILE=1 expoSE replay '/home/pbai002/ExpoSE/lib/Harness/src/harness.js' '{"Switcher":false,"Target_Switch_Base":2,"ExpansionArg_type":3,"ExpansionArg_string":"\u0000{{A!=","ExpansionArg_type_2":0,"_bound":73}'
*-- Test Case {"Switcher":false,"Target_Switch_Base":2,"ExpansionArg_type":3,"ExpansionArg_string":"\u0000{{0<==\u0000\u0000\u0000\u0000\u0000","ExpansionArg_type_2":0,"_bound":55} start 447.1084 took 47.9589s
*-- Errors occured in test {"Switcher":false,"Target_Switch_Base":2,"ExpansionArg_type":3,"ExpansionArg_string":"\u0000{{0<==\u0000\u0000\u0000\u0000\u0000","ExpansionArg_type_2":0,"_bound":55}
* Error: SyntaxError: Expected "!", "(", "-", ".", "<~", "<~>", "Infinity", "NULL", "NaN", "^", "false", "null", "true", "undefined", "{", "~", "~>", [ \n\r\t], [0-9], [a-zA-Z_$0-9] or string but "\x00" found.
*-- Replay with NO_COMPILE=1 expoSE replay '/home/pbai002/ExpoSE/lib/Harness/src/harness.js' '{"Switcher":false,"Target_Switch_Base":2,"ExpansionArg_type":3,"ExpansionArg_string":"\u0000{{0<==\u0000\u0000\u0000\u0000\u0000","ExpansionArg_type_2":0,"_bound":55}'
*-- Test Case {"Switcher":false,"Target_Switch_Base":2,"ExpansionArg_type":3,"ExpansionArg_string":"\u0000\u0000\u0000\u0000\u0000\u0000\u0000\u0000{{<~\u0000\u0000","ExpansionArg_type_2":0,"_bound":41} start 452.0761 took 45.7449s
*-- Errors occured in test {"Switcher":false,"Target_Switch_Base":2,"ExpansionArg_type":3,"ExpansionArg_string":"\u0000\u0000\u0000\u0000\u0000\u0000\u0000\u0000{{<~\u0000\u0000","ExpansionArg_type_2":0,"_bound":41}
* Error: SyntaxError: Expected [ \n\r\t] or [a-zA-Z_$0-9] but "\x00" found.
*-- Replay with NO_COMPILE=1 expoSE replay '/home/pbai002/ExpoSE/lib/Harness/src/harness.js' '{"Switcher":false,"Target_Switch_Base":2,"ExpansionArg_type":3,"ExpansionArg_string":"\u0000\u0000\u0000\u0000\u0000\u0000\u0000\u0000{{<~\u0000\u0000","ExpansionArg_type_2":0,"_bound":41}'
*-- Test Case {"Switcher":false,"Target_Switch_Base":2,"ExpansionArg_type":3,"ExpansionArg_string":"\u0000{{0!=\u0000\u0000\u0000\u0000\u0000\u0000\u0000","ExpansionArg_type_2":0,"_bound":52} start 451.9279 took 47.2443s
*-- Errors occured in test {"Switcher":false,"Target_Switch_Base":2,"ExpansionArg_type":3,"ExpansionArg_string":"\u0000{{0!=\u0000\u0000\u0000\u0000\u0000\u0000\u0000","ExpansionArg_type_2":0,"_bound":52}
* Error: SyntaxError: Expected "!", "(", "-", ".", "<~", "<~>", "Infinity", "NULL", "NaN", "^", "false", "null", "true", "undefined", "{", "~", "~>", [ \n\r\t], [0-9], [a-zA-Z_$0-9] or string but "\x00" found.
*-- Replay with NO_COMPILE=1 expoSE replay '/home/pbai002/ExpoSE/lib/Harness/src/harness.js' '{"Switcher":false,"Target_Switch_Base":2,"ExpansionArg_type":3,"ExpansionArg_string":"\u0000{{0!=\u0000\u0000\u0000\u0000\u0000\u0000\u0000","ExpansionArg_type_2":0,"_bound":52}'
*-- Test Case {"Switcher":false,"Target_Switch_Base":2,"ExpansionArg_type":3,"ExpansionArg_string":"\u0000{{A>=\u0000","ExpansionArg_type_2":0,"_bound":75} start 443.6422 took 58.7862s
*-- Errors occured in test {"Switcher":false,"Target_Switch_Base":2,"ExpansionArg_type":3,"ExpansionArg_string":"\u0000{{A>=\u0000","ExpansionArg_type_2":0,"_bound":75}
* Error: SyntaxError: Expected "!", "(", "-", ".", "<~", "<~>", "Infinity", "NULL", "NaN", "^", "false", "null", "true", "undefined", "{", "~", "~>", [ \n\r\t], [0-9], [a-zA-Z_$0-9] or string but "\x00" found.
*-- Replay with NO_COMPILE=1 expoSE replay '/home/pbai002/ExpoSE/lib/Harness/src/harness.js' '{"Switcher":false,"Target_Switch_Base":2,"ExpansionArg_type":3,"ExpansionArg_string":"\u0000{{A>=\u0000","ExpansionArg_type_2":0,"_bound":75}'
*-- Test Case {"Switcher":false,"Target_Switch_Base":2,"ExpansionArg_type":3,"ExpansionArg_string":"\u0000\u0000\u0000\u0000\u0000\u0000{{","ExpansionArg_type_2":0,"_bound":228} start 497.873 took 8.1301s
*-- Errors occured in test {"Switcher":false,"Target_Switch_Base":2,"ExpansionArg_type":3,"ExpansionArg_string":"\u0000\u0000\u0000\u0000\u0000\u0000{{","ExpansionArg_type_2":0,"_bound":228}
* Error: SyntaxError: Expected "!", "(", "-", ".", "<~", "<~>", "Infinity", "NULL", "NaN", "^", "false", "null", "true", "undefined", "{", "~", "~>", [ \n\r\t], [0-9], [a-zA-Z_$0-9] or string but end of input found.
*-- Replay with NO_COMPILE=1 expoSE replay '/home/pbai002/ExpoSE/lib/Harness/src/harness.js' '{"Switcher":false,"Target_Switch_Base":2,"ExpansionArg_type":3,"ExpansionArg_string":"\u0000\u0000\u0000\u0000\u0000\u0000{{","ExpansionArg_type_2":0,"_bound":228}'
*-- Test Case {"Switcher":false,"Target_Switch_Base":2,"ExpansionArg_type":3,"ExpansionArg_string":"\u0000\u0000\u0000\u0000{{<~>\u0000","ExpansionArg_type_2":0,"_bound":32} start 184.6651 took 321.7015s
*-- Errors occured in test {"Switcher":false,"Target_Switch_Base":2,"ExpansionArg_type":3,"ExpansionArg_string":"\u0000\u0000\u0000\u0000{{<~>\u0000","ExpansionArg_type_2":0,"_bound":32}
* Error: Exception E: SyntaxError: Unexpected end of JSON input of test data on 
* Error: Exception E: SyntaxError: Unexpected end of JSON input of coverage data on 
* Error: Error extracting final output - a fatal error must have occured
*-- Replay with NO_COMPILE=1 expoSE replay '/home/pbai002/ExpoSE/lib/Harness/src/harness.js' '{"Switcher":false,"Target_Switch_Base":2,"ExpansionArg_type":3,"ExpansionArg_string":"\u0000\u0000\u0000\u0000{{<~>\u0000","ExpansionArg_type_2":0,"_bound":32}'
*-- Test Case {"Switcher":false,"Target_Switch_Base":2,"ExpansionArg_type":3,"ExpansionArg_string":"\u0000{{h||\u0000\u0000\u0000\u0000\u0000\u0000\u0000\u0000","ExpansionArg_type_2":0,"_bound":69} start 452.123 took 56.6351s
*-- Errors occured in test {"Switcher":false,"Target_Switch_Base":2,"ExpansionArg_type":3,"ExpansionArg_string":"\u0000{{h||\u0000\u0000\u0000\u0000\u0000\u0000\u0000\u0000","ExpansionArg_type_2":0,"_bound":69}
* Error: SyntaxError: Expected "!", "(", "-", ".", "<~", "<~>", "Infinity", "NULL", "NaN", "^", "false", "null", "true", "undefined", "{", "~", "~>", [ \n\r\t], [0-9], [a-zA-Z_$0-9] or string but "\x00" found.
*-- Replay with NO_COMPILE=1 expoSE replay '/home/pbai002/ExpoSE/lib/Harness/src/harness.js' '{"Switcher":false,"Target_Switch_Base":2,"ExpansionArg_type":3,"ExpansionArg_string":"\u0000{{h||\u0000\u0000\u0000\u0000\u0000\u0000\u0000\u0000","ExpansionArg_type_2":0,"_bound":69}'
*-- Test Case {"Switcher":false,"Target_Switch_Base":2,"ExpansionArg_type":3,"ExpansionArg_string":"\u0000{{0===","ExpansionArg_type_2":0,"_bound":49} start 448.1369 took 62.2361s
*-- Errors occured in test {"Switcher":false,"Target_Switch_Base":2,"ExpansionArg_type":3,"ExpansionArg_string":"\u0000{{0===","ExpansionArg_type_2":0,"_bound":49}
* Error: SyntaxError: Expected "!", "(", "-", ".", "<~", "<~>", "Infinity", "NULL", "NaN", "^", "false", "null", "true", "undefined", "{", "~", "~>", [ \n\r\t], [0-9], [a-zA-Z_$0-9] or string but end of input found.
*-- Replay with NO_COMPILE=1 expoSE replay '/home/pbai002/ExpoSE/lib/Harness/src/harness.js' '{"Switcher":false,"Target_Switch_Base":2,"ExpansionArg_type":3,"ExpansionArg_string":"\u0000{{0===","ExpansionArg_type_2":0,"_bound":49}'
*-- Test Case {"Switcher":false,"Target_Switch_Base":2,"ExpansionArg_type":3,"ExpansionArg_string":"\u0000\u0000{{","ExpansionArg_type_2":0,"_bound":204} start 509.254 took 8.0515s
*-- Errors occured in test {"Switcher":false,"Target_Switch_Base":2,"ExpansionArg_type":3,"ExpansionArg_string":"\u0000\u0000{{","ExpansionArg_type_2":0,"_bound":204}
* Error: SyntaxError: Expected "!", "(", "-", ".", "<~", "<~>", "Infinity", "NULL", "NaN", "^", "false", "null", "true", "undefined", "{", "~", "~>", [ \n\r\t], [0-9], [a-zA-Z_$0-9] or string but end of input found.
*-- Replay with NO_COMPILE=1 expoSE replay '/home/pbai002/ExpoSE/lib/Harness/src/harness.js' '{"Switcher":false,"Target_Switch_Base":2,"ExpansionArg_type":3,"ExpansionArg_string":"\u0000\u0000{{","ExpansionArg_type_2":0,"_bound":204}'
*-- Test Case {"Switcher":false,"Target_Switch_Base":2,"ExpansionArg_type":3,"ExpansionArg_string":"\r{{\u0000","ExpansionArg_type_2":0,"_bound":187} start 506.3212 took 11.6207s
*-- Errors occured in test {"Switcher":false,"Target_Switch_Base":2,"ExpansionArg_type":3,"ExpansionArg_string":"\r{{\u0000","ExpansionArg_type_2":0,"_bound":187}
* Error: SyntaxError: Expected "!", "(", "-", ".", "<~", "<~>", "Infinity", "NULL", "NaN", "^", "false", "null", "true", "undefined", "{", "~", "~>", [ \n\r\t], [0-9], [a-zA-Z_$0-9] or string but "\x00" found.
*-- Replay with NO_COMPILE=1 expoSE replay '/home/pbai002/ExpoSE/lib/Harness/src/harness.js' '{"Switcher":false,"Target_Switch_Base":2,"ExpansionArg_type":3,"ExpansionArg_string":"\r{{\u0000","ExpansionArg_type_2":0,"_bound":187}'
*-- Test Case {"Switcher":false,"Target_Switch_Base":2,"ExpansionArg_type":3,"ExpansionArg_string":"\u0000{{0<=NaN","ExpansionArg_type_2":0,"_bound":63} start 492.0266 took 27.0337s
*-- Errors occured in test {"Switcher":false,"Target_Switch_Base":2,"ExpansionArg_type":3,"ExpansionArg_string":"\u0000{{0<=NaN","ExpansionArg_type_2":0,"_bound":63}
* Error: SyntaxError: Expected "!=", "!==", "%", "&&", "*", "+", ",", "-", "/", "<", "<=", "<==", "==", "===", ">", ">=", ">==", "?", "|", "||", "}}" or [ \n\r\t] but end of input found.
*-- Replay with NO_COMPILE=1 expoSE replay '/home/pbai002/ExpoSE/lib/Harness/src/harness.js' '{"Switcher":false,"Target_Switch_Base":2,"ExpansionArg_type":3,"ExpansionArg_string":"\u0000{{0<=NaN","ExpansionArg_type_2":0,"_bound":63}'
*-- Test Case {"Switcher":false,"Target_Switch_Base":2,"ExpansionArg_type":3,"ExpansionArg_string":"\u0000{{3>=false","ExpansionArg_type_2":0,"_bound":57} start 495.1634 took 24.4814s
*-- Errors occured in test {"Switcher":false,"Target_Switch_Base":2,"ExpansionArg_type":3,"ExpansionArg_string":"\u0000{{3>=false","ExpansionArg_type_2":0,"_bound":57}
* Error: SyntaxError: Expected "!=", "!==", "%", "&&", "*", "+", ",", "-", "/", "<", "<=", "<==", "==", "===", ">", ">=", ">==", "?", "|", "||", "}}" or [ \n\r\t] but end of input found.
*-- Replay with NO_COMPILE=1 expoSE replay '/home/pbai002/ExpoSE/lib/Harness/src/harness.js' '{"Switcher":false,"Target_Switch_Base":2,"ExpansionArg_type":3,"ExpansionArg_string":"\u0000{{3>=false","ExpansionArg_type_2":0,"_bound":57}'
*-- Test Case {"Switcher":false,"Target_Switch_Base":2,"ExpansionArg_type":3,"ExpansionArg_string":"\u0000\n{{\u0000\u0000","ExpansionArg_type_2":0,"_bound":192} start 510.45 took 14.5497s
*-- Errors occured in test {"Switcher":false,"Target_Switch_Base":2,"ExpansionArg_type":3,"ExpansionArg_string":"\u0000\n{{\u0000\u0000","ExpansionArg_type_2":0,"_bound":192}
* Error: SyntaxError: Expected "!", "(", "-", ".", "<~", "<~>", "Infinity", "NULL", "NaN", "^", "false", "null", "true", "undefined", "{", "~", "~>", [ \n\r\t], [0-9], [a-zA-Z_$0-9] or string but "\x00" found.
*-- Replay with NO_COMPILE=1 expoSE replay '/home/pbai002/ExpoSE/lib/Harness/src/harness.js' '{"Switcher":false,"Target_Switch_Base":2,"ExpansionArg_type":3,"ExpansionArg_string":"\u0000\n{{\u0000\u0000","ExpansionArg_type_2":0,"_bound":192}'
*-- Test Case {"Switcher":false,"Target_Switch_Base":2,"ExpansionArg_type":3,"ExpansionArg_string":"\u0000{{4k\u0004","ExpansionArg_type_2":0,"_bound":27} start 221.3096 took 310.4662s
*-- Errors occured in test {"Switcher":false,"Target_Switch_Base":2,"ExpansionArg_type":3,"ExpansionArg_string":"\u0000{{4k\u0004","ExpansionArg_type_2":0,"_bound":27}
* Error: Exception E: SyntaxError: Unexpected end of JSON input of test data on 
* Error: Exception E: SyntaxError: Unexpected end of JSON input of coverage data on 
* Error: Error extracting final output - a fatal error must have occured
*-- Replay with NO_COMPILE=1 expoSE replay '/home/pbai002/ExpoSE/lib/Harness/src/harness.js' '{"Switcher":false,"Target_Switch_Base":2,"ExpansionArg_type":3,"ExpansionArg_string":"\u0000{{4k\u0004","ExpansionArg_type_2":0,"_bound":27}'
*-- Test Case {"Switcher":false,"Target_Switch_Base":2,"ExpansionArg_type":3,"ExpansionArg_string":"\u0000{{0||Infinity","ExpansionArg_type_2":0,"_bound":58} start 502.7034 took 31.0389s
*-- Errors occured in test {"Switcher":false,"Target_Switch_Base":2,"ExpansionArg_type":3,"ExpansionArg_string":"\u0000{{0||Infinity","ExpansionArg_type_2":0,"_bound":58}
* Error: SyntaxError: Expected "!=", "!==", "%", "&&", "*", "+", ",", "-", "/", "<", "<=", "<==", "==", "===", ">", ">=", ">==", "?", "|", "||", "}}" or [ \n\r\t] but end of input found.
*-- Replay with NO_COMPILE=1 expoSE replay '/home/pbai002/ExpoSE/lib/Harness/src/harness.js' '{"Switcher":false,"Target_Switch_Base":2,"ExpansionArg_type":3,"ExpansionArg_string":"\u0000{{0||Infinity","ExpansionArg_type_2":0,"_bound":58}'
*-- Test Case {"Switcher":false,"Target_Switch_Base":2,"ExpansionArg_type":3,"ExpansionArg_string":"H{{p==","ExpansionArg_type_2":0,"_bound":71} start 463.9667 took 79.1783s
*-- Errors occured in test {"Switcher":false,"Target_Switch_Base":2,"ExpansionArg_type":3,"ExpansionArg_string":"H{{p==","ExpansionArg_type_2":0,"_bound":71}
* Error: SyntaxError: Expected "!", "(", "-", ".", "<~", "<~>", "Infinity", "NULL", "NaN", "^", "false", "null", "true", "undefined", "{", "~", "~>", [ \n\r\t], [0-9], [a-zA-Z_$0-9] or string but end of input found.
*-- Replay with NO_COMPILE=1 expoSE replay '/home/pbai002/ExpoSE/lib/Harness/src/harness.js' '{"Switcher":false,"Target_Switch_Base":2,"ExpansionArg_type":3,"ExpansionArg_string":"H{{p==","ExpansionArg_type_2":0,"_bound":71}'
*-- Test Case {"Switcher":false,"Target_Switch_Base":2,"ExpansionArg_type":3,"ExpansionArg_string":"\u0004{{1||0\u0000\u0000\u0000\u0000\u0000","ExpansionArg_type_2":0,"_bound":60} start 234.2938 took 314.1219s
*-- Errors occured in test {"Switcher":false,"Target_Switch_Base":2,"ExpansionArg_type":3,"ExpansionArg_string":"\u0004{{1||0\u0000\u0000\u0000\u0000\u0000","ExpansionArg_type_2":0,"_bound":60}
* Error: Exception E: SyntaxError: Unexpected end of JSON input of test data on 
* Error: Exception E: SyntaxError: Unexpected end of JSON input of coverage data on 
* Error: Error extracting final output - a fatal error must have occured
*-- Replay with NO_COMPILE=1 expoSE replay '/home/pbai002/ExpoSE/lib/Harness/src/harness.js' '{"Switcher":false,"Target_Switch_Base":2,"ExpansionArg_type":3,"ExpansionArg_string":"\u0004{{1||0\u0000\u0000\u0000\u0000\u0000","ExpansionArg_type_2":0,"_bound":60}'
*-- Test Case {"Switcher":false,"Target_Switch_Base":2,"ExpansionArg_type":3,"ExpansionArg_string":"\u0000{{h===\u0000\u0000\u0000\u0000\u0000","ExpansionArg_type_2":0,"_bound":70} start 239.7978 took 313.3675s
*-- Errors occured in test {"Switcher":false,"Target_Switch_Base":2,"ExpansionArg_type":3,"ExpansionArg_string":"\u0000{{h===\u0000\u0000\u0000\u0000\u0000","ExpansionArg_type_2":0,"_bound":70}
* Error: Exception E: SyntaxError: Unexpected end of JSON input of test data on 
* Error: Exception E: SyntaxError: Unexpected end of JSON input of coverage data on 
* Error: Error extracting final output - a fatal error must have occured
*-- Replay with NO_COMPILE=1 expoSE replay '/home/pbai002/ExpoSE/lib/Harness/src/harness.js' '{"Switcher":false,"Target_Switch_Base":2,"ExpansionArg_type":3,"ExpansionArg_string":"\u0000{{h===\u0000\u0000\u0000\u0000\u0000","ExpansionArg_type_2":0,"_bound":70}'
*-- Test Case {"Switcher":false,"Target_Switch_Base":2,"ExpansionArg_type":3,"ExpansionArg_string":"\u0000{{A<==","ExpansionArg_type_2":0,"_bound":76} start 517.9899 took 43.6264s
*-- Errors occured in test {"Switcher":false,"Target_Switch_Base":2,"ExpansionArg_type":3,"ExpansionArg_string":"\u0000{{A<==","ExpansionArg_type_2":0,"_bound":76}
* Error: SyntaxError: Expected "!", "(", "-", ".", "<~", "<~>", "Infinity", "NULL", "NaN", "^", "false", "null", "true", "undefined", "{", "~", "~>", [ \n\r\t], [0-9], [a-zA-Z_$0-9] or string but end of input found.
*-- Replay with NO_COMPILE=1 expoSE replay '/home/pbai002/ExpoSE/lib/Harness/src/harness.js' '{"Switcher":false,"Target_Switch_Base":2,"ExpansionArg_type":3,"ExpansionArg_string":"\u0000{{A<==","ExpansionArg_type_2":0,"_bound":76}'
*-- Test Case {"Switcher":false,"Target_Switch_Base":2,"ExpansionArg_type":3,"ExpansionArg_string":"","ExpansionArg_type_2":4,"ExpansionArg_array_length":0,"_bound":22} start 561.8861 took 7.8166s
*-- Errors occured in test {"Switcher":false,"Target_Switch_Base":2,"ExpansionArg_type":3,"ExpansionArg_string":"","ExpansionArg_type_2":4,"ExpansionArg_array_length":0,"_bound":22}
* Error: ReferenceError: require is not defined
*-- Replay with NO_COMPILE=1 expoSE replay '/home/pbai002/ExpoSE/lib/Harness/src/harness.js' '{"Switcher":false,"Target_Switch_Base":2,"ExpansionArg_type":3,"ExpansionArg_string":"","ExpansionArg_type_2":4,"ExpansionArg_array_length":0,"_bound":22}'
*-- Test Case {"Switcher":false,"Target_Switch_Base":2,"ExpansionArg_type":3,"ExpansionArg_string":"\u0000{{1||NaN>=\b\u0000","ExpansionArg_type_2":0,"_bound":66} start 506.3937 took 63.8091s
*-- Errors occured in test {"Switcher":false,"Target_Switch_Base":2,"ExpansionArg_type":3,"ExpansionArg_string":"\u0000{{1||NaN>=\b\u0000","ExpansionArg_type_2":0,"_bound":66}
* Error: SyntaxError: Expected "!", "(", "-", ".", "<~", "<~>", "Infinity", "NULL", "NaN", "^", "false", "null", "true", "undefined", "{", "~", "~>", [ \n\r\t], [0-9], [a-zA-Z_$0-9] or string but "\b" found.
*-- Replay with NO_COMPILE=1 expoSE replay '/home/pbai002/ExpoSE/lib/Harness/src/harness.js' '{"Switcher":false,"Target_Switch_Base":2,"ExpansionArg_type":3,"ExpansionArg_string":"\u0000{{1||NaN>=\b\u0000","ExpansionArg_type_2":0,"_bound":66}'
*-- Test Case {"Switcher":false,"Target_Switch_Base":2,"ExpansionArg_type":3,"ExpansionArg_string":"\u0000{{0==\u0000","ExpansionArg_type_2":0,"_bound":50} start 499.2465 took 71.9592s
*-- Errors occured in test {"Switcher":false,"Target_Switch_Base":2,"ExpansionArg_type":3,"ExpansionArg_string":"\u0000{{0==\u0000","ExpansionArg_type_2":0,"_bound":50}
* Error: SyntaxError: Expected "!", "(", "-", ".", "<~", "<~>", "Infinity", "NULL", "NaN", "^", "false", "null", "true", "undefined", "{", "~", "~>", [ \n\r\t], [0-9], [a-zA-Z_$0-9] or string but "\x00" found.
*-- Replay with NO_COMPILE=1 expoSE replay '/home/pbai002/ExpoSE/lib/Harness/src/harness.js' '{"Switcher":false,"Target_Switch_Base":2,"ExpansionArg_type":3,"ExpansionArg_string":"\u0000{{0==\u0000","ExpansionArg_type_2":0,"_bound":50}'
*-- Test Case {"Switcher":false,"Target_Switch_Base":2,"ExpansionArg_type":3,"ExpansionArg_string":"\u0000{{p!==\u0000","ExpansionArg_type_2":0,"_bound":72} start 531.8345 took 53.1187s
*-- Errors occured in test {"Switcher":false,"Target_Switch_Base":2,"ExpansionArg_type":3,"ExpansionArg_string":"\u0000{{p!==\u0000","ExpansionArg_type_2":0,"_bound":72}
* Error: SyntaxError: Expected "!", "(", "-", ".", "<~", "<~>", "Infinity", "NULL", "NaN", "^", "false", "null", "true", "undefined", "{", "~", "~>", [ \n\r\t], [0-9], [a-zA-Z_$0-9] or string but "\x00" found.
*-- Replay with NO_COMPILE=1 expoSE replay '/home/pbai002/ExpoSE/lib/Harness/src/harness.js' '{"Switcher":false,"Target_Switch_Base":2,"ExpansionArg_type":3,"ExpansionArg_string":"\u0000{{p!==\u0000","ExpansionArg_type_2":0,"_bound":72}'
*-- Test Case {"Switcher":false,"Target_Switch_Base":2,"ExpansionArg_type":3,"ExpansionArg_string":"\u0000\u0000\u0000\u0000\u0000\u0000{{#\u0000","ExpansionArg_type_2":0,"_bound":27} start 519.7444 took 65.7334s
*-- Errors occured in test {"Switcher":false,"Target_Switch_Base":2,"ExpansionArg_type":3,"ExpansionArg_string":"\u0000\u0000\u0000\u0000\u0000\u0000{{#\u0000","ExpansionArg_type_2":0,"_bound":27}
* Error: SyntaxError: Expected "!", "(", "-", ".", "<~", "<~>", "Infinity", "NULL", "NaN", "^", "false", "null", "true", "undefined", "{", "~", "~>", [ \n\r\t], [0-9], [a-zA-Z_$0-9] or string but "\x00" found.
*-- Replay with NO_COMPILE=1 expoSE replay '/home/pbai002/ExpoSE/lib/Harness/src/harness.js' '{"Switcher":false,"Target_Switch_Base":2,"ExpansionArg_type":3,"ExpansionArg_string":"\u0000\u0000\u0000\u0000\u0000\u0000{{#\u0000","ExpansionArg_type_2":0,"_bound":27}'
*-- Test Case {"Switcher":false,"Target_Switch_Base":2,"ExpansionArg_type":3,"ExpansionArg_string":"\u0000{{0!==NaN\u0000\u0000\u0000\u0000\u0000\u0000","ExpansionArg_type_2":0,"_bound":58} start 553.1819 took 37.3622s
*-- Errors occured in test {"Switcher":false,"Target_Switch_Base":2,"ExpansionArg_type":3,"ExpansionArg_string":"\u0000{{0!==NaN\u0000\u0000\u0000\u0000\u0000\u0000","ExpansionArg_type_2":0,"_bound":58}
* Error: SyntaxError: Expected "!=", "!==", "%", "&&", "*", "+", ",", "-", "/", "<", "<=", "<==", "==", "===", ">", ">=", ">==", "?", "|", "||", "}}" or [ \n\r\t] but "\x00" found.
*-- Replay with NO_COMPILE=1 expoSE replay '/home/pbai002/ExpoSE/lib/Harness/src/harness.js' '{"Switcher":false,"Target_Switch_Base":2,"ExpansionArg_type":3,"ExpansionArg_string":"\u0000{{0!==NaN\u0000\u0000\u0000\u0000\u0000\u0000","ExpansionArg_type_2":0,"_bound":58}'
*-- Test Case {"Switcher":false,"Target_Switch_Base":2,"ExpansionArg_type":3,"ExpansionArg_string":"\u0000{{p<=\u0000\u0000\u0000\u0000\u0000\u0000","ExpansionArg_type_2":0,"_bound":77} start 543.2023 took 52.1318s
*-- Errors occured in test {"Switcher":false,"Target_Switch_Base":2,"ExpansionArg_type":3,"ExpansionArg_string":"\u0000{{p<=\u0000\u0000\u0000\u0000\u0000\u0000","ExpansionArg_type_2":0,"_bound":77}
* Error: SyntaxError: Expected "!", "(", "-", ".", "<~", "<~>", "Infinity", "NULL", "NaN", "^", "false", "null", "true", "undefined", "{", "~", "~>", [ \n\r\t], [0-9], [a-zA-Z_$0-9] or string but "\x00" found.
*-- Replay with NO_COMPILE=1 expoSE replay '/home/pbai002/ExpoSE/lib/Harness/src/harness.js' '{"Switcher":false,"Target_Switch_Base":2,"ExpansionArg_type":3,"ExpansionArg_string":"\u0000{{p<=\u0000\u0000\u0000\u0000\u0000\u0000","ExpansionArg_type_2":0,"_bound":77}'
*-- Test Case {"Switcher":false,"Target_Switch_Base":2,"ExpansionArg_type":3,"ExpansionArg_string":"\u0000{{0!==0","ExpansionArg_type_2":0,"_bound":61} start 286.9531 took 316.6899s
*-- Errors occured in test {"Switcher":false,"Target_Switch_Base":2,"ExpansionArg_type":3,"ExpansionArg_string":"\u0000{{0!==0","ExpansionArg_type_2":0,"_bound":61}
* Error: Exception E: SyntaxError: Unexpected end of JSON input of test data on 
* Error: Exception E: SyntaxError: Unexpected end of JSON input of coverage data on 
* Error: Error extracting final output - a fatal error must have occured
*-- Replay with NO_COMPILE=1 expoSE replay '/home/pbai002/ExpoSE/lib/Harness/src/harness.js' '{"Switcher":false,"Target_Switch_Base":2,"ExpansionArg_type":3,"ExpansionArg_string":"\u0000{{0!==0","ExpansionArg_type_2":0,"_bound":61}'
*-- Test Case {"Switcher":false,"Target_Switch_Base":2,"ExpansionArg_type":3,"ExpansionArg_string":"\r\u0000\u0000\u0000\u0000{{\u0000","ExpansionArg_type_2":0,"_bound":195} start 603.6649 took 13.1521s
*-- Errors occured in test {"Switcher":false,"Target_Switch_Base":2,"ExpansionArg_type":3,"ExpansionArg_string":"\r\u0000\u0000\u0000\u0000{{\u0000","ExpansionArg_type_2":0,"_bound":195}
* Error: SyntaxError: Expected "!", "(", "-", ".", "<~", "<~>", "Infinity", "NULL", "NaN", "^", "false", "null", "true", "undefined", "{", "~", "~>", [ \n\r\t], [0-9], [a-zA-Z_$0-9] or string but "\x00" found.
*-- Replay with NO_COMPILE=1 expoSE replay '/home/pbai002/ExpoSE/lib/Harness/src/harness.js' '{"Switcher":false,"Target_Switch_Base":2,"ExpansionArg_type":3,"ExpansionArg_string":"\r\u0000\u0000\u0000\u0000{{\u0000","ExpansionArg_type_2":0,"_bound":195}'
*-- Test Case {"Switcher":false,"Target_Switch_Base":2,"ExpansionArg_type":3,"ExpansionArg_string":"v{{4>==NaN","ExpansionArg_type_2":0,"_bound":60} start 590.6413 took 26.6692s
*-- Errors occured in test {"Switcher":false,"Target_Switch_Base":2,"ExpansionArg_type":3,"ExpansionArg_string":"v{{4>==NaN","ExpansionArg_type_2":0,"_bound":60}
* Error: SyntaxError: Expected "!=", "!==", "%", "&&", "*", "+", ",", "-", "/", "<", "<=", "<==", "==", "===", ">", ">=", ">==", "?", "|", "||", "}}" or [ \n\r\t] but end of input found.
*-- Replay with NO_COMPILE=1 expoSE replay '/home/pbai002/ExpoSE/lib/Harness/src/harness.js' '{"Switcher":false,"Target_Switch_Base":2,"ExpansionArg_type":3,"ExpansionArg_string":"v{{4>==NaN","ExpansionArg_type_2":0,"_bound":60}'
*-- Test Case {"Switcher":false,"Target_Switch_Base":2,"ExpansionArg_type":3,"ExpansionArg_string":"\u0000{{ah&&","ExpansionArg_type_2":0,"_bound":72} start 569.7449 took 50.0617s
*-- Errors occured in test {"Switcher":false,"Target_Switch_Base":2,"ExpansionArg_type":3,"ExpansionArg_string":"\u0000{{ah&&","ExpansionArg_type_2":0,"_bound":72}
* Error: SyntaxError: Expected "!", "(", "-", ".", "<~", "<~>", "Infinity", "NULL", "NaN", "^", "false", "null", "true", "undefined", "{", "~", "~>", [ \n\r\t], [0-9], [a-zA-Z_$0-9] or string but end of input found.
*-- Replay with NO_COMPILE=1 expoSE replay '/home/pbai002/ExpoSE/lib/Harness/src/harness.js' '{"Switcher":false,"Target_Switch_Base":2,"ExpansionArg_type":3,"ExpansionArg_string":"\u0000{{ah&&","ExpansionArg_type_2":0,"_bound":72}'
*-- Test Case {"Switcher":false,"Target_Switch_Base":2,"ExpansionArg_type":3,"ExpansionArg_string":"\u0000{{Hap!==","ExpansionArg_type_2":0,"_bound":80} start 571.4772 took 52.287s
*-- Errors occured in test {"Switcher":false,"Target_Switch_Base":2,"ExpansionArg_type":3,"ExpansionArg_string":"\u0000{{Hap!==","ExpansionArg_type_2":0,"_bound":80}
* Error: SyntaxError: Expected "!", "(", "-", ".", "<~", "<~>", "Infinity", "NULL", "NaN", "^", "false", "null", "true", "undefined", "{", "~", "~>", [ \n\r\t], [0-9], [a-zA-Z_$0-9] or string but end of input found.
*-- Replay with NO_COMPILE=1 expoSE replay '/home/pbai002/ExpoSE/lib/Harness/src/harness.js' '{"Switcher":false,"Target_Switch_Base":2,"ExpansionArg_type":3,"ExpansionArg_string":"\u0000{{Hap!==","ExpansionArg_type_2":0,"_bound":80}'
*-- Test Case {"Switcher":false,"Target_Switch_Base":2,"ExpansionArg_type":3,"ExpansionArg_string":"\u0000{{\r","ExpansionArg_type_2":0,"_bound":227} start 616.8678 took 8.9388s
*-- Errors occured in test {"Switcher":false,"Target_Switch_Base":2,"ExpansionArg_type":3,"ExpansionArg_string":"\u0000{{\r","ExpansionArg_type_2":0,"_bound":227}
* Error: Exception E: SyntaxError: Unexpected end of JSON input of test data on 
* Error: Exception E: SyntaxError: Unexpected end of JSON input of coverage data on 
* Error: Error extracting final output - a fatal error must have occured
*-- Replay with NO_COMPILE=1 expoSE replay '/home/pbai002/ExpoSE/lib/Harness/src/harness.js' '{"Switcher":false,"Target_Switch_Base":2,"ExpansionArg_type":3,"ExpansionArg_string":"\u0000{{\r","ExpansionArg_type_2":0,"_bound":227}'
*-- Test Case {"Switcher":false,"Target_Switch_Base":2,"ExpansionArg_type":3,"ExpansionArg_string":"\u0000{{2||NaN<=","ExpansionArg_type_2":0,"_bound":68} start 585.5532 took 41.9545s
*-- Errors occured in test {"Switcher":false,"Target_Switch_Base":2,"ExpansionArg_type":3,"ExpansionArg_string":"\u0000{{2||NaN<=","ExpansionArg_type_2":0,"_bound":68}
* Error: SyntaxError: Expected "!", "(", "-", ".", "<~", "<~>", "Infinity", "NULL", "NaN", "^", "false", "null", "true", "undefined", "{", "~", "~>", [ \n\r\t], [0-9], [a-zA-Z_$0-9] or string but end of input found.
*-- Replay with NO_COMPILE=1 expoSE replay '/home/pbai002/ExpoSE/lib/Harness/src/harness.js' '{"Switcher":false,"Target_Switch_Base":2,"ExpansionArg_type":3,"ExpansionArg_string":"\u0000{{2||NaN<=","ExpansionArg_type_2":0,"_bound":68}'
*-- Test Case {"Switcher":false,"Target_Switch_Base":2,"ExpansionArg_type":3,"ExpansionArg_string":"\u0000{{A>==","ExpansionArg_type_2":0,"_bound":74} start 585.0076 took 42.5879s
*-- Errors occured in test {"Switcher":false,"Target_Switch_Base":2,"ExpansionArg_type":3,"ExpansionArg_string":"\u0000{{A>==","ExpansionArg_type_2":0,"_bound":74}
* Error: SyntaxError: Expected "!", "(", "-", ".", "<~", "<~>", "Infinity", "NULL", "NaN", "^", "false", "null", "true", "undefined", "{", "~", "~>", [ \n\r\t], [0-9], [a-zA-Z_$0-9] or string but end of input found.
*-- Replay with NO_COMPILE=1 expoSE replay '/home/pbai002/ExpoSE/lib/Harness/src/harness.js' '{"Switcher":false,"Target_Switch_Base":2,"ExpansionArg_type":3,"ExpansionArg_string":"\u0000{{A>==","ExpansionArg_type_2":0,"_bound":74}'
*-- Test Case {"Switcher":false,"Target_Switch_Base":2,"ExpansionArg_type":3,"ExpansionArg_string":"\u0000{{0||false<=\u0000","ExpansionArg_type_2":0,"_bound":64} start 570.6654 took 57.5226s
*-- Errors occured in test {"Switcher":false,"Target_Switch_Base":2,"ExpansionArg_type":3,"ExpansionArg_string":"\u0000{{0||false<=\u0000","ExpansionArg_type_2":0,"_bound":64}
* Error: SyntaxError: Expected "!", "(", "-", ".", "<~", "<~>", "Infinity", "NULL", "NaN", "^", "false", "null", "true", "undefined", "{", "~", "~>", [ \n\r\t], [0-9], [a-zA-Z_$0-9] or string but "\x00" found.
*-- Replay with NO_COMPILE=1 expoSE replay '/home/pbai002/ExpoSE/lib/Harness/src/harness.js' '{"Switcher":false,"Target_Switch_Base":2,"ExpansionArg_type":3,"ExpansionArg_string":"\u0000{{0||false<=\u0000","ExpansionArg_type_2":0,"_bound":64}'
*-- Test Case {"Switcher":false,"Target_Switch_Base":2,"ExpansionArg_type":3,"ExpansionArg_string":"\u0000{{$}}","ExpansionArg_type_2":0,"_bound":341} start 619.8703 took 8.4198s
*-- Errors occured in test {"Switcher":false,"Target_Switch_Base":2,"ExpansionArg_type":3,"ExpansionArg_string":"\u0000{{$}}","ExpansionArg_type_2":0,"_bound":341}
* Error: Exception E: SyntaxError: Unexpected end of JSON input of test data on 
* Error: Exception E: SyntaxError: Unexpected end of JSON input of coverage data on 
* Error: Error extracting final output - a fatal error must have occured
*-- Replay with NO_COMPILE=1 expoSE replay '/home/pbai002/ExpoSE/lib/Harness/src/harness.js' '{"Switcher":false,"Target_Switch_Base":2,"ExpansionArg_type":3,"ExpansionArg_string":"\u0000{{$}}","ExpansionArg_type_2":0,"_bound":341}'
*-- Test Case {"Switcher":false,"Target_Switch_Base":2,"ExpansionArg_type":3,"ExpansionArg_string":"\u0000{{2||NaN}}","ExpansionArg_type_2":0,"_bound":131} start 625.8425 took 11.99s
*-- Errors occured in test {"Switcher":false,"Target_Switch_Base":2,"ExpansionArg_type":3,"ExpansionArg_string":"\u0000{{2||NaN}}","ExpansionArg_type_2":0,"_bound":131}
* Error: ReferenceError: require is not defined
*-- Replay with NO_COMPILE=1 expoSE replay '/home/pbai002/ExpoSE/lib/Harness/src/harness.js' '{"Switcher":false,"Target_Switch_Base":2,"ExpansionArg_type":3,"ExpansionArg_string":"\u0000{{2||NaN}}","ExpansionArg_type_2":0,"_bound":131}'
*-- Test Case {"Switcher":false,"Target_Switch_Base":2,"ExpansionArg_type":3,"ExpansionArg_string":"\u0000{{0>=0\u0000\u0000\u0000\u0000\u0000\u0000\u0000\u0000\u0000\u0000","ExpansionArg_type_2":0,"_bound":64} start 595.3911 took 46.4969s
*-- Errors occured in test {"Switcher":false,"Target_Switch_Base":2,"ExpansionArg_type":3,"ExpansionArg_string":"\u0000{{0>=0\u0000\u0000\u0000\u0000\u0000\u0000\u0000\u0000\u0000\u0000","ExpansionArg_type_2":0,"_bound":64}
* Error: SyntaxError: Expected "!=", "!==", "%", "&&", "(", "()", "*", "+", ",", "-", ".", "/", "<", "<=", "<==", "==", "===", ">", ">=", ">==", "?", "|", "||", "}}", [ \n\r\t] or [0-9] but "\x00" found.
*-- Replay with NO_COMPILE=1 expoSE replay '/home/pbai002/ExpoSE/lib/Harness/src/harness.js' '{"Switcher":false,"Target_Switch_Base":2,"ExpansionArg_type":3,"ExpansionArg_string":"\u0000{{0>=0\u0000\u0000\u0000\u0000\u0000\u0000\u0000\u0000\u0000\u0000","ExpansionArg_type_2":0,"_bound":64}'
*-- Test Case {"Switcher":false,"Target_Switch_Base":2,"ExpansionArg_type":3,"ExpansionArg_string":"\u0000\r{{\u0000\u0000","ExpansionArg_type_2":0,"_bound":193} start 628.3076 took 15.5274s
*-- Errors occured in test {"Switcher":false,"Target_Switch_Base":2,"ExpansionArg_type":3,"ExpansionArg_string":"\u0000\r{{\u0000\u0000","ExpansionArg_type_2":0,"_bound":193}
* Error: SyntaxError: Expected "!", "(", "-", ".", "<~", "<~>", "Infinity", "NULL", "NaN", "^", "false", "null", "true", "undefined", "{", "~", "~>", [ \n\r\t], [0-9], [a-zA-Z_$0-9] or string but "\x00" found.
*-- Replay with NO_COMPILE=1 expoSE replay '/home/pbai002/ExpoSE/lib/Harness/src/harness.js' '{"Switcher":false,"Target_Switch_Base":2,"ExpansionArg_type":3,"ExpansionArg_string":"\u0000\r{{\u0000\u0000","ExpansionArg_type_2":0,"_bound":193}'
*-- Test Case {"Switcher":false,"Target_Switch_Base":2,"ExpansionArg_type":3,"ExpansionArg_string":"\u0000{{0!==false","ExpansionArg_type_2":0,"_bound":54} start 643.9875 took 22.7723s
*-- Errors occured in test {"Switcher":false,"Target_Switch_Base":2,"ExpansionArg_type":3,"ExpansionArg_string":"\u0000{{0!==false","ExpansionArg_type_2":0,"_bound":54}
* Error: SyntaxError: Expected "!=", "!==", "%", "&&", "*", "+", ",", "-", "/", "<", "<=", "<==", "==", "===", ">", ">=", ">==", "?", "|", "||", "}}" or [ \n\r\t] but end of input found.
*-- Replay with NO_COMPILE=1 expoSE replay '/home/pbai002/ExpoSE/lib/Harness/src/harness.js' '{"Switcher":false,"Target_Switch_Base":2,"ExpansionArg_type":3,"ExpansionArg_string":"\u0000{{0!==false","ExpansionArg_type_2":0,"_bound":54}'
*-- Test Case {"Switcher":false,"Target_Switch_Base":2,"ExpansionArg_type":3,"ExpansionArg_string":"\u0001{{ \u0000","ExpansionArg_type_2":0,"_bound":19} start 637.8829 took 30.2581s
*-- Errors occured in test {"Switcher":false,"Target_Switch_Base":2,"ExpansionArg_type":3,"ExpansionArg_string":"\u0001{{ \u0000","ExpansionArg_type_2":0,"_bound":19}
* Error: SyntaxError: Expected "!", "(", "-", ".", "<~", "<~>", "Infinity", "NULL", "NaN", "^", "false", "null", "true", "undefined", "{", "~", "~>", [ \n\r\t], [0-9], [a-zA-Z_$0-9] or string but "\x00" found.
*-- Replay with NO_COMPILE=1 expoSE replay '/home/pbai002/ExpoSE/lib/Harness/src/harness.js' '{"Switcher":false,"Target_Switch_Base":2,"ExpansionArg_type":3,"ExpansionArg_string":"\u0001{{ \u0000","ExpansionArg_type_2":0,"_bound":19}'
*-- Test Case {"Switcher":false,"Target_Switch_Base":2,"ExpansionArg_type":3,"ExpansionArg_string":"\u0000{{0>=NULL>==","ExpansionArg_type_2":0,"_bound":68} start 628.2642 took 41.498s
*-- Errors occured in test {"Switcher":false,"Target_Switch_Base":2,"ExpansionArg_type":3,"ExpansionArg_string":"\u0000{{0>=NULL>==","ExpansionArg_type_2":0,"_bound":68}
* Error: SyntaxError: Expected "!", "(", "-", ".", "<~", "<~>", "Infinity", "NULL", "NaN", "^", "false", "null", "true", "undefined", "{", "~", "~>", [ \n\r\t], [0-9], [a-zA-Z_$0-9] or string but end of input found.
*-- Replay with NO_COMPILE=1 expoSE replay '/home/pbai002/ExpoSE/lib/Harness/src/harness.js' '{"Switcher":false,"Target_Switch_Base":2,"ExpansionArg_type":3,"ExpansionArg_string":"\u0000{{0>=NULL>==","ExpansionArg_type_2":0,"_bound":68}'
*-- Test Case {"Switcher":false,"Target_Switch_Base":2,"ExpansionArg_type":3,"ExpansionArg_string":"\u0000{{H&&\u0000\u0000\u0000\u0000\u0000\u0000","ExpansionArg_type_2":0,"_bound":68} start 627.5698 took 52.8789s
*-- Errors occured in test {"Switcher":false,"Target_Switch_Base":2,"ExpansionArg_type":3,"ExpansionArg_string":"\u0000{{H&&\u0000\u0000\u0000\u0000\u0000\u0000","ExpansionArg_type_2":0,"_bound":68}
* Error: SyntaxError: Expected "!", "(", "-", ".", "<~", "<~>", "Infinity", "NULL", "NaN", "^", "false", "null", "true", "undefined", "{", "~", "~>", [ \n\r\t], [0-9], [a-zA-Z_$0-9] or string but "\x00" found.
*-- Replay with NO_COMPILE=1 expoSE replay '/home/pbai002/ExpoSE/lib/Harness/src/harness.js' '{"Switcher":false,"Target_Switch_Base":2,"ExpansionArg_type":3,"ExpansionArg_string":"\u0000{{H&&\u0000\u0000\u0000\u0000\u0000\u0000","ExpansionArg_type_2":0,"_bound":68}'
*-- Test Case {"Switcher":false,"Target_Switch_Base":2,"ExpansionArg_type":3,"ExpansionArg_string":"\u0000\u0000\u0000\n\u0000{{","ExpansionArg_type_2":0,"_bound":206} start 669.8525 took 10.7228s
*-- Errors occured in test {"Switcher":false,"Target_Switch_Base":2,"ExpansionArg_type":3,"ExpansionArg_string":"\u0000\u0000\u0000\n\u0000{{","ExpansionArg_type_2":0,"_bound":206}
* Error: SyntaxError: Expected "!", "(", "-", ".", "<~", "<~>", "Infinity", "NULL", "NaN", "^", "false", "null", "true", "undefined", "{", "~", "~>", [ \n\r\t], [0-9], [a-zA-Z_$0-9] or string but end of input found.
*-- Replay with NO_COMPILE=1 expoSE replay '/home/pbai002/ExpoSE/lib/Harness/src/harness.js' '{"Switcher":false,"Target_Switch_Base":2,"ExpansionArg_type":3,"ExpansionArg_string":"\u0000\u0000\u0000\n\u0000{{","ExpansionArg_type_2":0,"_bound":206}'
*-- Test Case {"Switcher":false,"Target_Switch_Base":2,"ExpansionArg_type":3,"ExpansionArg_string":"\u0000{{\n","ExpansionArg_type_2":0,"_bound":219} start 680.5022 took 8.2762s
*-- Errors occured in test {"Switcher":false,"Target_Switch_Base":2,"ExpansionArg_type":3,"ExpansionArg_string":"\u0000{{\n","ExpansionArg_type_2":0,"_bound":219}
* Error: Exception E: SyntaxError: Unexpected end of JSON input of test data on 
* Error: Exception E: SyntaxError: Unexpected end of JSON input of coverage data on 
* Error: Error extracting final output - a fatal error must have occured
*-- Replay with NO_COMPILE=1 expoSE replay '/home/pbai002/ExpoSE/lib/Harness/src/harness.js' '{"Switcher":false,"Target_Switch_Base":2,"ExpansionArg_type":3,"ExpansionArg_string":"\u0000{{\n","ExpansionArg_type_2":0,"_bound":219}'
*-- Test Case {"Switcher":false,"Target_Switch_Base":2,"ExpansionArg_type":3,"ExpansionArg_string":"\u0000{{$Z1<==\u0000\u0000\u0000","ExpansionArg_type_2":0,"_bound":84} start 623.8565 took 67.1588s
*-- Errors occured in test {"Switcher":false,"Target_Switch_Base":2,"ExpansionArg_type":3,"ExpansionArg_string":"\u0000{{$Z1<==\u0000\u0000\u0000","ExpansionArg_type_2":0,"_bound":84}
* Error: SyntaxError: Expected "!", "(", "-", ".", "<~", "<~>", "Infinity", "NULL", "NaN", "^", "false", "null", "true", "undefined", "{", "~", "~>", [ \n\r\t], [0-9], [a-zA-Z_$0-9] or string but "\x00" found.
*-- Replay with NO_COMPILE=1 expoSE replay '/home/pbai002/ExpoSE/lib/Harness/src/harness.js' '{"Switcher":false,"Target_Switch_Base":2,"ExpansionArg_type":3,"ExpansionArg_string":"\u0000{{$Z1<==\u0000\u0000\u0000","ExpansionArg_type_2":0,"_bound":84}'
*-- Test Case {"Switcher":false,"Target_Switch_Base":2,"ExpansionArg_type":3,"ExpansionArg_string":"\u0000{{H\u0000Infinity\u0000","ExpansionArg_type_2":0,"_bound":85} start 666.8043 took 26.3516s
*-- Errors occured in test {"Switcher":false,"Target_Switch_Base":2,"ExpansionArg_type":3,"ExpansionArg_string":"\u0000{{H\u0000Infinity\u0000","ExpansionArg_type_2":0,"_bound":85}
* Error: SyntaxError: Expected "!=", "!==", "%", "&&", "(", "()", "*", "+", ",", "-", ".", "/", ":", "<", "<=", "<==", "=", "==", "===", ">", ">=", ">==", "?", "|", "||", "}}", [ \n\r\t] or [a-zA-Z_$0-9] but "\x00" found.
*-- Replay with NO_COMPILE=1 expoSE replay '/home/pbai002/ExpoSE/lib/Harness/src/harness.js' '{"Switcher":false,"Target_Switch_Base":2,"ExpansionArg_type":3,"ExpansionArg_string":"\u0000{{H\u0000Infinity\u0000","ExpansionArg_type_2":0,"_bound":85}'
*-- Test Case {"Switcher":false,"Target_Switch_Base":3,"ExpansionArg_type":3,"ExpansionArg_string":" ","ExpandedSwitcher":0,"_bound":9} start 691.0692 took 8.1452s
*-- Test Case {"Switcher":false,"Target_Switch_Base":3,"ExpansionArg_type":3,"ExpansionArg_string":" n","ExpandedSwitcher":0,"_bound":10} start 699.2626 took 8.0588s
*-- Test Case {"Switcher":false,"Target_Switch_Base":2,"ExpansionArg_type":3,"ExpansionArg_string":"\u0000{{0\u0000\u0000\u0000\u0000\u0000\u0000\u0000\u0000\u0000\u0000\u0000","ExpansionArg_type_2":0,"_bound":199} start 707.3853 took 8.0534s
*-- Errors occured in test {"Switcher":false,"Target_Switch_Base":2,"ExpansionArg_type":3,"ExpansionArg_string":"\u0000{{0\u0000\u0000\u0000\u0000\u0000\u0000\u0000\u0000\u0000\u0000\u0000","ExpansionArg_type_2":0,"_bound":199}
* Error: Exception E: SyntaxError: Unexpected end of JSON input of test data on 
* Error: Exception E: SyntaxError: Unexpected end of JSON input of coverage data on 
* Error: Error extracting final output - a fatal error must have occured
*-- Replay with NO_COMPILE=1 expoSE replay '/home/pbai002/ExpoSE/lib/Harness/src/harness.js' '{"Switcher":false,"Target_Switch_Base":2,"ExpansionArg_type":3,"ExpansionArg_string":"\u0000{{0\u0000\u0000\u0000\u0000\u0000\u0000\u0000\u0000\u0000\u0000\u0000","ExpansionArg_type_2":0,"_bound":199}'
*-- Test Case {"Switcher":false,"Target_Switch_Base":2,"ExpansionArg_type":3,"ExpansionArg_string":"{{0&&Infinity\u0000","ExpansionArg_type_2":0,"_bound":55} start 680.6192 took 38.8321s
*-- Errors occured in test {"Switcher":false,"Target_Switch_Base":2,"ExpansionArg_type":3,"ExpansionArg_string":"{{0&&Infinity\u0000","ExpansionArg_type_2":0,"_bound":55}
* Error: SyntaxError: Expected "!=", "!==", "%", "&&", "*", "+", ",", "-", "/", "<", "<=", "<==", "==", "===", ">", ">=", ">==", "?", "|", "||", "}}" or [ \n\r\t] but "\x00" found.
*-- Replay with NO_COMPILE=1 expoSE replay '/home/pbai002/ExpoSE/lib/Harness/src/harness.js' '{"Switcher":false,"Target_Switch_Base":2,"ExpansionArg_type":3,"ExpansionArg_string":"{{0&&Infinity\u0000","ExpansionArg_type_2":0,"_bound":55}'
*-- Test Case {"Switcher":false,"Target_Switch_Base":2,"ExpansionArg_type":3,"ExpansionArg_string":"\u0000{{K4zkZ","ExpansionArg_type_2":0,"_bound":25} start 413.8847 took 313.2704s
*-- Errors occured in test {"Switcher":false,"Target_Switch_Base":2,"ExpansionArg_type":3,"ExpansionArg_string":"\u0000{{K4zkZ","ExpansionArg_type_2":0,"_bound":25}
* Error: Exception E: SyntaxError: Unexpected end of JSON input of test data on 
* Error: Exception E: SyntaxError: Unexpected end of JSON input of coverage data on 
* Error: Error extracting final output - a fatal error must have occured
*-- Replay with NO_COMPILE=1 expoSE replay '/home/pbai002/ExpoSE/lib/Harness/src/harness.js' '{"Switcher":false,"Target_Switch_Base":2,"ExpansionArg_type":3,"ExpansionArg_string":"\u0000{{K4zkZ","ExpansionArg_type_2":0,"_bound":25}'
*-- Test Case {"Switcher":false,"Target_Switch_Base":2,"ExpansionArg_type":3,"ExpansionArg_string":"","ExpansionArg_type_2":5,"ExpansionArg_array_length":0,"_bound":12,"ExpansionArg_bool":false} start 719.5347 took 8.1155s
*-- Errors occured in test {"Switcher":false,"Target_Switch_Base":2,"ExpansionArg_type":3,"ExpansionArg_string":"","ExpansionArg_type_2":5,"ExpansionArg_array_length":0,"_bound":12,"ExpansionArg_bool":false}
* Error: ReferenceError: require is not defined
*-- Replay with NO_COMPILE=1 expoSE replay '/home/pbai002/ExpoSE/lib/Harness/src/harness.js' '{"Switcher":false,"Target_Switch_Base":2,"ExpansionArg_type":3,"ExpansionArg_string":"","ExpansionArg_type_2":5,"ExpansionArg_array_length":0,"_bound":12}'
*-- Test Case {"Switcher":false,"Target_Switch_Base":2,"ExpansionArg_type":3,"ExpansionArg_string":"\u0000{{3||NaN!==","ExpansionArg_type_2":0,"_bound":63} start 688.8011 took 43.4051s
*-- Errors occured in test {"Switcher":false,"Target_Switch_Base":2,"ExpansionArg_type":3,"ExpansionArg_string":"\u0000{{3||NaN!==","ExpansionArg_type_2":0,"_bound":63}
* Error: SyntaxError: Expected "!", "(", "-", ".", "<~", "<~>", "Infinity", "NULL", "NaN", "^", "false", "null", "true", "undefined", "{", "~", "~>", [ \n\r\t], [0-9], [a-zA-Z_$0-9] or string but end of input found.
*-- Replay with NO_COMPILE=1 expoSE replay '/home/pbai002/ExpoSE/lib/Harness/src/harness.js' '{"Switcher":false,"Target_Switch_Base":2,"ExpansionArg_type":3,"ExpansionArg_string":"\u0000{{3||NaN!==","ExpansionArg_type_2":0,"_bound":63}'
*-- Test Case {"Switcher":false,"Target_Switch_Base":2,"ExpansionArg_type":3,"ExpansionArg_string":"","ExpansionArg_type_2":4,"ExpansionArg_array_length":0,"_bound":22} start 727.1766 took 7.769s
*-- Errors occured in test {"Switcher":false,"Target_Switch_Base":2,"ExpansionArg_type":3,"ExpansionArg_string":"","ExpansionArg_type_2":4,"ExpansionArg_array_length":0,"_bound":22}
* Error: ReferenceError: require is not defined
*-- Replay with NO_COMPILE=1 expoSE replay '/home/pbai002/ExpoSE/lib/Harness/src/harness.js' '{"Switcher":false,"Target_Switch_Base":2,"ExpansionArg_type":3,"ExpansionArg_string":"","ExpansionArg_type_2":4,"ExpansionArg_array_length":0,"_bound":22}'
*-- Test Case {"Switcher":false,"Target_Switch_Base":2,"ExpansionArg_type":3,"ExpansionArg_string":"\u0000{{3<=false\u0000","ExpansionArg_type_2":0,"_bound":59} start 727.73 took 33.2561s
*-- Errors occured in test {"Switcher":false,"Target_Switch_Base":2,"ExpansionArg_type":3,"ExpansionArg_string":"\u0000{{3<=false\u0000","ExpansionArg_type_2":0,"_bound":59}
* Error: SyntaxError: Expected "!=", "!==", "%", "&&", "*", "+", ",", "-", "/", "<", "<=", "<==", "==", "===", ">", ">=", ">==", "?", "|", "||", "}}" or [ \n\r\t] but "\x00" found.
*-- Replay with NO_COMPILE=1 expoSE replay '/home/pbai002/ExpoSE/lib/Harness/src/harness.js' '{"Switcher":false,"Target_Switch_Base":2,"ExpansionArg_type":3,"ExpansionArg_string":"\u0000{{3<=false\u0000","ExpansionArg_type_2":0,"_bound":59}'
*-- Test Case {"Switcher":false,"Target_Switch_Base":2,"ExpansionArg_type":3,"ExpansionArg_string":"\u0000{{8>=NULL!==\u0000","ExpansionArg_type_2":0,"_bound":66} start 715.4621 took 58.4256s
*-- Errors occured in test {"Switcher":false,"Target_Switch_Base":2,"ExpansionArg_type":3,"ExpansionArg_string":"\u0000{{8>=NULL!==\u0000","ExpansionArg_type_2":0,"_bound":66}
* Error: SyntaxError: Expected "!", "(", "-", ".", "<~", "<~>", "Infinity", "NULL", "NaN", "^", "false", "null", "true", "undefined", "{", "~", "~>", [ \n\r\t], [0-9], [a-zA-Z_$0-9] or string but "\x00" found.
*-- Replay with NO_COMPILE=1 expoSE replay '/home/pbai002/ExpoSE/lib/Harness/src/harness.js' '{"Switcher":false,"Target_Switch_Base":2,"ExpansionArg_type":3,"ExpansionArg_string":"\u0000{{8>=NULL!==\u0000","ExpansionArg_type_2":0,"_bound":66}'
*-- Test Case {"Switcher":false,"Target_Switch_Base":2,"ExpansionArg_type":3,"ExpansionArg_string":"\u0000\u0000\u0000\u0000{{~>","ExpansionArg_type_2":0,"_bound":31} start 459.9578 took 315.7728s
*-- Errors occured in test {"Switcher":false,"Target_Switch_Base":2,"ExpansionArg_type":3,"ExpansionArg_string":"\u0000\u0000\u0000\u0000{{~>","ExpansionArg_type_2":0,"_bound":31}
* Error: Exception E: SyntaxError: Unexpected end of JSON input of test data on 
* Error: Exception E: SyntaxError: Unexpected end of JSON input of coverage data on 
* Error: Error extracting final output - a fatal error must have occured
*-- Replay with NO_COMPILE=1 expoSE replay '/home/pbai002/ExpoSE/lib/Harness/src/harness.js' '{"Switcher":false,"Target_Switch_Base":2,"ExpansionArg_type":3,"ExpansionArg_string":"\u0000\u0000\u0000\u0000{{~>","ExpansionArg_type_2":0,"_bound":31}'
*-- Test Case {"Switcher":false,"Target_Switch_Base":2,"ExpansionArg_type":3,"ExpansionArg_string":"","ExpansionArg_type_2":5,"ExpansionArg_bool":false,"_bound":20} start 773.9562 took 8.3372s
*-- Errors occured in test {"Switcher":false,"Target_Switch_Base":2,"ExpansionArg_type":3,"ExpansionArg_string":"","ExpansionArg_type_2":5,"ExpansionArg_bool":false,"_bound":20}
* Error: ReferenceError: require is not defined
*-- Replay with NO_COMPILE=1 expoSE replay '/home/pbai002/ExpoSE/lib/Harness/src/harness.js' '{"Switcher":false,"Target_Switch_Base":2,"ExpansionArg_type":3,"ExpansionArg_string":"","ExpansionArg_type_2":5,"ExpansionArg_bool":false,"_bound":20}'
*-- Test Case {"Switcher":false,"Target_Switch_Base":2,"ExpansionArg_type":3,"ExpansionArg_string":"\u0000\u0000\u0000\u0000\u0000{{#","ExpansionArg_type_2":0,"_bound":25} start 775.7589 took 48.8925s
*-- Errors occured in test {"Switcher":false,"Target_Switch_Base":2,"ExpansionArg_type":3,"ExpansionArg_string":"\u0000\u0000\u0000\u0000\u0000{{#","ExpansionArg_type_2":0,"_bound":25}
* Error: SyntaxError: Expected "!", "(", "-", ".", "<~", "<~>", "Infinity", "NULL", "NaN", "^", "false", "null", "true", "undefined", "{", "~", "~>", [ \n\r\t], [0-9], [a-zA-Z_$0-9] or string but end of input found.
*-- Replay with NO_COMPILE=1 expoSE replay '/home/pbai002/ExpoSE/lib/Harness/src/harness.js' '{"Switcher":false,"Target_Switch_Base":2,"ExpansionArg_type":3,"ExpansionArg_string":"\u0000\u0000\u0000\u0000\u0000{{#","ExpansionArg_type_2":0,"_bound":25}'
*-- Test Case {"Switcher":false,"Target_Switch_Base":2,"ExpansionArg_type":3,"ExpansionArg_string":"\u0000{{<~>l","ExpansionArg_type_2":0,"_bound":28} start 517.8267 took 311.4498s
*-- Errors occured in test {"Switcher":false,"Target_Switch_Base":2,"ExpansionArg_type":3,"ExpansionArg_string":"\u0000{{<~>l","ExpansionArg_type_2":0,"_bound":28}
* Error: Exception E: SyntaxError: Unexpected end of JSON input of test data on 
* Error: Exception E: SyntaxError: Unexpected end of JSON input of coverage data on 
* Error: Error extracting final output - a fatal error must have occured
*-- Replay with NO_COMPILE=1 expoSE replay '/home/pbai002/ExpoSE/lib/Harness/src/harness.js' '{"Switcher":false,"Target_Switch_Base":2,"ExpansionArg_type":3,"ExpansionArg_string":"\u0000{{<~>l","ExpansionArg_type_2":0,"_bound":28}'
*-- Test Case {"Switcher":false,"Target_Switch_Base":2,"ExpansionArg_type":3,"ExpansionArg_string":"\u0000\u0000\u0000\u0000\u0000{{<~\u0000\u0000","ExpansionArg_type_2":0,"_bound":35} start 519.1355 took 319.233s
*-- Errors occured in test {"Switcher":false,"Target_Switch_Base":2,"ExpansionArg_type":3,"ExpansionArg_string":"\u0000\u0000\u0000\u0000\u0000{{<~\u0000\u0000","ExpansionArg_type_2":0,"_bound":35}
* Error: SyntaxError: Expected [ \n\r\t] or [a-zA-Z_$0-9] but "\x00" found.
*-- Replay with NO_COMPILE=1 expoSE replay '/home/pbai002/ExpoSE/lib/Harness/src/harness.js' '{"Switcher":false,"Target_Switch_Base":2,"ExpansionArg_type":3,"ExpansionArg_string":"\u0000\u0000\u0000\u0000\u0000{{<~\u0000\u0000","ExpansionArg_type_2":0,"_bound":35}'
*-- Test Case {"Switcher":false,"Target_Switch_Base":2,"ExpansionArg_type":3,"ExpansionArg_string":"\u0000{{$Z1<=\u0000\u0000","ExpansionArg_type_2":0,"_bound":85} start 525.1544 took 315.1782s
*-- Errors occured in test {"Switcher":false,"Target_Switch_Base":2,"ExpansionArg_type":3,"ExpansionArg_string":"\u0000{{$Z1<=\u0000\u0000","ExpansionArg_type_2":0,"_bound":85}
* Error: Exception E: SyntaxError: Unexpected end of JSON input of test data on 
* Error: Exception E: SyntaxError: Unexpected end of JSON input of coverage data on 
* Error: Error extracting final output - a fatal error must have occured
*-- Replay with NO_COMPILE=1 expoSE replay '/home/pbai002/ExpoSE/lib/Harness/src/harness.js' '{"Switcher":false,"Target_Switch_Base":2,"ExpansionArg_type":3,"ExpansionArg_string":"\u0000{{$Z1<=\u0000\u0000","ExpansionArg_type_2":0,"_bound":85}'
*-- Test Case {"Switcher":false,"Target_Switch_Base":2,"ExpansionArg_type":3,"ExpansionArg_string":"\u0010{{3<=undefined","ExpansionArg_type_2":0,"_bound":60} start 824.7154 took 26.1652s
*-- Errors occured in test {"Switcher":false,"Target_Switch_Base":2,"ExpansionArg_type":3,"ExpansionArg_string":"\u0010{{3<=undefined","ExpansionArg_type_2":0,"_bound":60}
* Error: SyntaxError: Expected "!=", "!==", "%", "&&", "*", "+", ",", "-", "/", "<", "<=", "<==", "==", "===", ">", ">=", ">==", "?", "|", "||", "}}" or [ \n\r\t] but end of input found.
*-- Replay with NO_COMPILE=1 expoSE replay '/home/pbai002/ExpoSE/lib/Harness/src/harness.js' '{"Switcher":false,"Target_Switch_Base":2,"ExpansionArg_type":3,"ExpansionArg_string":"\u0010{{3<=undefined","ExpansionArg_type_2":0,"_bound":60}'
*-- Test Case {"Switcher":false,"Target_Switch_Base":2,"ExpansionArg_type":3,"ExpansionArg_string":"\u0000\u0000\u0000\u0000\u0000\u0000{{~>\u0000","ExpansionArg_type_2":0,"_bound":35} start 533.9332 took 317.1444s
*-- Errors occured in test {"Switcher":false,"Target_Switch_Base":2,"ExpansionArg_type":3,"ExpansionArg_string":"\u0000\u0000\u0000\u0000\u0000\u0000{{~>\u0000","ExpansionArg_type_2":0,"_bound":35}
* Error: Exception E: SyntaxError: Unexpected end of JSON input of test data on 
* Error: Exception E: SyntaxError: Unexpected end of JSON input of coverage data on 
* Error: Error extracting final output - a fatal error must have occured
*-- Replay with NO_COMPILE=1 expoSE replay '/home/pbai002/ExpoSE/lib/Harness/src/harness.js' '{"Switcher":false,"Target_Switch_Base":2,"ExpansionArg_type":3,"ExpansionArg_string":"\u0000\u0000\u0000\u0000\u0000\u0000{{~>\u0000","ExpansionArg_type_2":0,"_bound":35}'
*-- Test Case {"Switcher":false,"Target_Switch_Base":2,"ExpansionArg_type":3,"ExpansionArg_string":"\u0000\u0000\u0000\u0000\u0000\u0000\u0000\u0000{{<~>\u0000","ExpansionArg_type_2":0,"_bound":40} start 548.4514 took 318.5758s
*-- Errors occured in test {"Switcher":false,"Target_Switch_Base":2,"ExpansionArg_type":3,"ExpansionArg_string":"\u0000\u0000\u0000\u0000\u0000\u0000\u0000\u0000{{<~>\u0000","ExpansionArg_type_2":0,"_bound":40}
* Error: Exception E: SyntaxError: Unexpected end of JSON input of test data on 
* Error: Exception E: SyntaxError: Unexpected end of JSON input of coverage data on 
* Error: Error extracting final output - a fatal error must have occured
*-- Replay with NO_COMPILE=1 expoSE replay '/home/pbai002/ExpoSE/lib/Harness/src/harness.js' '{"Switcher":false,"Target_Switch_Base":2,"ExpansionArg_type":3,"ExpansionArg_string":"\u0000\u0000\u0000\u0000\u0000\u0000\u0000\u0000{{<~>\u0000","ExpansionArg_type_2":0,"_bound":40}'
*-- Test Case {"Switcher":false,"Target_Switch_Base":2,"ExpansionArg_type":3,"ExpansionArg_string":"\u0000\n\u0000\u0000\u0000{{\u0000","ExpansionArg_type_2":0,"_bound":198} start 867.0535 took 20.2416s
*-- Errors occured in test {"Switcher":false,"Target_Switch_Base":2,"ExpansionArg_type":3,"ExpansionArg_string":"\u0000\n\u0000\u0000\u0000{{\u0000","ExpansionArg_type_2":0,"_bound":198}
* Error: SyntaxError: Expected "!", "(", "-", ".", "<~", "<~>", "Infinity", "NULL", "NaN", "^", "false", "null", "true", "undefined", "{", "~", "~>", [ \n\r\t], [0-9], [a-zA-Z_$0-9] or string but "\x00" found.
*-- Replay with NO_COMPILE=1 expoSE replay '/home/pbai002/ExpoSE/lib/Harness/src/harness.js' '{"Switcher":false,"Target_Switch_Base":2,"ExpansionArg_type":3,"ExpansionArg_string":"\u0000\n\u0000\u0000\u0000{{\u0000","ExpansionArg_type_2":0,"_bound":198}'
*-- Test Case {"Switcher":false,"Target_Switch_Base":2,"ExpansionArg_type":3,"ExpansionArg_string":"\u0000{{1||<~>\u0000\u0000\u0000","ExpansionArg_type_2":0,"_bound":62} start 850.9281 took 38.8759s
*-- Errors occured in test {"Switcher":false,"Target_Switch_Base":2,"ExpansionArg_type":3,"ExpansionArg_string":"\u0000{{1||<~>\u0000\u0000\u0000","ExpansionArg_type_2":0,"_bound":62}
* Error: SyntaxError: Expected [ \n\r\t] or [a-zA-Z_$0-9] but "\x00" found.
*-- Replay with NO_COMPILE=1 expoSE replay '/home/pbai002/ExpoSE/lib/Harness/src/harness.js' '{"Switcher":false,"Target_Switch_Base":2,"ExpansionArg_type":3,"ExpansionArg_string":"\u0000{{1||<~>\u0000\u0000\u0000","ExpansionArg_type_2":0,"_bound":62}'
*-- Test Case {"Switcher":false,"Target_Switch_Base":2,"ExpansionArg_type":3,"ExpansionArg_string":"\u0000{{0<=Infinity<==","ExpansionArg_type_2":0,"_bound":74} start 851.0988 took 41.4603s
*-- Errors occured in test {"Switcher":false,"Target_Switch_Base":2,"ExpansionArg_type":3,"ExpansionArg_string":"\u0000{{0<=Infinity<==","ExpansionArg_type_2":0,"_bound":74}
* Error: SyntaxError: Expected "!", "(", "-", ".", "<~", "<~>", "Infinity", "NULL", "NaN", "^", "false", "null", "true", "undefined", "{", "~", "~>", [ \n\r\t], [0-9], [a-zA-Z_$0-9] or string but end of input found.
*-- Replay with NO_COMPILE=1 expoSE replay '/home/pbai002/ExpoSE/lib/Harness/src/harness.js' '{"Switcher":false,"Target_Switch_Base":2,"ExpansionArg_type":3,"ExpansionArg_string":"\u0000{{0<=Infinity<==","ExpansionArg_type_2":0,"_bound":74}'
*-- Coverage Data
*- File /home/pbai002/ExpoSE/lib/Harness/src/harness.js. Coverage (Term): 88% Coverage (LOC): 89%
*- File /home/pbai002/ExpoSE/lib/S$/bin/symbols.js. Coverage (Term): 51% Coverage (LOC): 66%
*- File /home/pbai002/Targets/paperclip11/node_modules/paperclip11/lib/index.js. Coverage (Term): 78% Coverage (LOC): 79%
*- File /home/pbai002/Targets/paperclip11/node_modules/nofactor/lib/index.js. Coverage (Term): 86% Coverage (LOC): 91%
*- File /home/pbai002/Targets/paperclip11/node_modules/nofactor/lib/string/index.js. Coverage (Term): 51% Coverage (LOC): 63%
*- File /home/pbai002/Targets/paperclip11/node_modules/nofactor/lib/base.js. Coverage (Term): 59% Coverage (LOC): 100%
*- File /home/pbai002/Targets/paperclip11/node_modules/protoclass/lib/index.js. Coverage (Term): 80% Coverage (LOC): 90%
*- File /home/pbai002/Targets/paperclip11/node_modules/nofactor/lib/string/element.js. Coverage (Term): 11% Coverage (LOC): 18%
*- File /home/pbai002/Targets/paperclip11/node_modules/nofactor/lib/string/container.js. Coverage (Term): 10% Coverage (LOC): 17%
*- File /home/pbai002/Targets/paperclip11/node_modules/nofactor/lib/string/node.js. Coverage (Term): 41% Coverage (LOC): 56%
*- File /home/pbai002/Targets/paperclip11/node_modules/nofactor/lib/string/style.js. Coverage (Term): 11% Coverage (LOC): 26%
*- File /home/pbai002/Targets/paperclip11/node_modules/nofactor/lib/string/fragment.js. Coverage (Term): 33% Coverage (LOC): 56%
*- File /home/pbai002/Targets/paperclip11/node_modules/nofactor/lib/string/text.js. Coverage (Term): 39% Coverage (LOC): 61%
*- File /home/pbai002/Targets/paperclip11/node_modules/he/he.js. Coverage (Term): 86% Coverage (LOC): 97%
*- File /home/pbai002/Targets/paperclip11/node_modules/nofactor/lib/string/comment.js. Coverage (Term): 42% Coverage (LOC): 67%
*- File /home/pbai002/Targets/paperclip11/node_modules/nofactor/lib/string/voidElements.js. Coverage (Term): 43% Coverage (LOC): 74%
*- File /home/pbai002/Targets/paperclip11/node_modules/nofactor/lib/dom.js. Coverage (Term): 26% Coverage (LOC): 46%
*- File /home/pbai002/Targets/paperclip11/node_modules/nofactor/lib/custom.js. Coverage (Term): 56% Coverage (LOC): 75%
*- File /home/pbai002/Targets/paperclip11/node_modules/factories/lib/index.js. Coverage (Term): 95% Coverage (LOC): 100%
*- File /home/pbai002/Targets/paperclip11/node_modules/factories/lib/any.js. Coverage (Term): 44% Coverage (LOC): 60%
*- File /home/pbai002/Targets/paperclip11/node_modules/factories/lib/factory.js. Coverage (Term): 82% Coverage (LOC): 83%
*- File /home/pbai002/Targets/paperclip11/node_modules/factories/lib/class.js. Coverage (Term): 72% Coverage (LOC): 83%
*- File /home/pbai002/Targets/paperclip11/node_modules/factories/lib/base.js. Coverage (Term): 74% Coverage (LOC): 100%
*- File /home/pbai002/Targets/paperclip11/node_modules/type-component/index.js. Coverage (Term): 40% Coverage (LOC): 35%
*- File /home/pbai002/Targets/paperclip11/node_modules/factories/lib/fn.js. Coverage (Term): 52% Coverage (LOC): 75%
*- File /home/pbai002/Targets/paperclip11/node_modules/factories/lib/group.js. Coverage (Term): 31% Coverage (LOC): 40%
*- File /home/pbai002/Targets/paperclip11/node_modules/paperclip11/lib/parser/index.js. Coverage (Term): 77% Coverage (LOC): 86%
*- File /home/pbai002/Targets/paperclip11/node_modules/paperclip11/lib/parser/parser.js. Coverage (Term): 50% Coverage (LOC): 50%
*- File /home/pbai002/Targets/paperclip11/node_modules/paperclip11/lib/defaults.js. Coverage (Term): 66% Coverage (LOC): 89%
*- File /home/pbai002/Targets/paperclip11/node_modules/paperclip11/lib/runloop.js. Coverage (Term): 35% Coverage (LOC): 36%
*- File /home/pbai002/Targets/paperclip11/node_modules/paperclip11/lib/accessors/bindableObject.js. Coverage (Term): 28% Coverage (LOC): 47%
*- File /home/pbai002/Targets/paperclip11/node_modules/paperclip11/lib/accessors/base.js. Coverage (Term): 42% Coverage (LOC): 93%
*- File /home/pbai002/Targets/paperclip11/node_modules/bindable-object/lib/index.js. Coverage (Term): 16% Coverage (LOC): 24%
*- File /home/pbai002/Targets/paperclip11/node_modules/fast-event-emitter/lib/index.js. Coverage (Term): 12% Coverage (LOC): 19%
*- File /home/pbai002/Targets/paperclip11/node_modules/bindable-object/lib/watchProperty.js. Coverage (Term): 3% Coverage (LOC): 5%
*- File /home/pbai002/Targets/paperclip11/node_modules/bindable-object/lib/transform.js. Coverage (Term): 7% Coverage (LOC): 13%
*- File /home/pbai002/Targets/paperclip11/node_modules/toarray/index.js. Coverage (Term): 85% Coverage (LOC): 100%
*- File /home/pbai002/Targets/paperclip11/node_modules/bindable-collection/lib/index.js. Coverage (Term): 11% Coverage (LOC): 30%
*- File /home/pbai002/Targets/paperclip11/node_modules/paperclip11/lib/components/repeat.js. Coverage (Term): 19% Coverage (LOC): 18%
*- File /home/pbai002/Targets/paperclip11/node_modules/paperclip11/lib/components/base.js. Coverage (Term): 48% Coverage (LOC): 70%
*- File /home/pbai002/Targets/paperclip11/node_modules/paperclip11/lib/utils/bind.js. Coverage (Term): 45% Coverage (LOC): 67%
*- File /home/pbai002/Targets/paperclip11/node_modules/scoped-bindable-object/lib/index.js. Coverage (Term): 8% Coverage (LOC): 15%
*- File /home/pbai002/Targets/paperclip11/node_modules/paperclip11/lib/components/stack.js. Coverage (Term): 23% Coverage (LOC): 22%
*- File /home/pbai002/Targets/paperclip11/node_modules/paperclip11/lib/components/switch.js. Coverage (Term): 17% Coverage (LOC): 19%
*- File /home/pbai002/Targets/paperclip11/node_modules/paperclip11/lib/components/show.js. Coverage (Term): 37% Coverage (LOC): 37%
*- File /home/pbai002/Targets/paperclip11/node_modules/paperclip11/lib/components/unsafe.js. Coverage (Term): 25% Coverage (LOC): 22%
*- File /home/pbai002/Targets/paperclip11/node_modules/paperclip11/lib/attributes/value.js. Coverage (Term): 11% Coverage (LOC): 24%
*- File /home/pbai002/Targets/paperclip11/node_modules/paperclip11/lib/attributes/script.js. Coverage (Term): 26% Coverage (LOC): 40%
*- File /home/pbai002/Targets/paperclip11/node_modules/paperclip11/lib/attributes/base.js. Coverage (Term): 74% Coverage (LOC): 94%
*- File /home/pbai002/Targets/paperclip11/node_modules/paperclip11/lib/attributes/enable.js. Coverage (Term): 54% Coverage (LOC): 60%
*- File /home/pbai002/Targets/paperclip11/node_modules/paperclip11/lib/attributes/focus.js. Coverage (Term): 43% Coverage (LOC): 43%
*- File /home/pbai002/Targets/paperclip11/node_modules/paperclip11/lib/attributes/show.js. Coverage (Term): 36% Coverage (LOC): 50%
*- File /home/pbai002/Targets/paperclip11/node_modules/paperclip11/lib/attributes/style.js. Coverage (Term): 25% Coverage (LOC): 35%
*- File /home/pbai002/Targets/paperclip11/node_modules/paperclip11/lib/attributes/class.js. Coverage (Term): 17% Coverage (LOC): 24%
*- File /home/pbai002/Targets/paperclip11/node_modules/paperclip11/lib/attributes/easeIn.js. Coverage (Term): 40% Coverage (LOC): 50%
*- File /home/pbai002/Targets/paperclip11/node_modules/paperclip11/lib/attributes/easeOut.js. Coverage (Term): 39% Coverage (LOC): 50%
*- File /home/pbai002/Targets/paperclip11/node_modules/paperclip11/lib/attributes/event.js. Coverage (Term): 32% Coverage (LOC): 48%
*- File /home/pbai002/Targets/paperclip11/node_modules/paperclip11/lib/attributes/enter.js. Coverage (Term): 97% Coverage (LOC): 100%
*- File /home/pbai002/Targets/paperclip11/node_modules/paperclip11/lib/attributes/keyCodedEvent.js. Coverage (Term): 53% Coverage (LOC): 67%
*- File /home/pbai002/Targets/paperclip11/node_modules/paperclip11/lib/attributes/delete.js. Coverage (Term): 97% Coverage (LOC): 100%
*- File /home/pbai002/Targets/paperclip11/node_modules/paperclip11/lib/attributes/escape.js. Coverage (Term): 97% Coverage (LOC): 100%
*- File /home/pbai002/Targets/paperclip11/node_modules/paperclip11/lib/register.js. Coverage (Term): 26% Coverage (LOC): 20%
*- File /home/pbai002/Targets/paperclip11/node_modules/paperclip11/lib/template/index.js. Coverage (Term): 33% Coverage (LOC): 33%
*- File /home/pbai002/Targets/paperclip11/node_modules/paperclip11/lib/template/vnode/block/index.js. Coverage (Term): 52% Coverage (LOC): 60%
*- File /home/pbai002/Targets/paperclip11/node_modules/paperclip11/lib/utils/index.js. Coverage (Term): 25% Coverage (LOC): 40%
*- File /home/pbai002/Targets/paperclip11/node_modules/document-section/lib/index.js. Coverage (Term): 10% Coverage (LOC): 25%
*- File /home/pbai002/Targets/paperclip11/node_modules/paperclip11/lib/utils/singleNodeSection.js. Coverage (Term): 30% Coverage (LOC): 33%
*- File /home/pbai002/Targets/paperclip11/node_modules/paperclip11/lib/script/index.js. Coverage (Term): 5% Coverage (LOC): 8%
*- File /home/pbai002/Targets/paperclip11/node_modules/paperclip11/lib/script/ref.js. Coverage (Term): 35% Coverage (LOC): 56%
*- File /home/pbai002/Targets/paperclip11/node_modules/paperclip11/lib/template/vnode/block/hydrator.js. Coverage (Term): 42% Coverage (LOC): 57%
*- File /home/pbai002/Targets/paperclip11/node_modules/paperclip11/lib/template/vnode/block/binding.js. Coverage (Term): 22% Coverage (LOC): 29%
*- File /home/pbai002/Targets/paperclip11/node_modules/paperclip11/lib/template/vnode/block/unbound.js. Coverage (Term): 28% Coverage (LOC): 36%
*- File /home/pbai002/Targets/paperclip11/node_modules/paperclip11/lib/template/vnode/element/index.js. Coverage (Term): 23% Coverage (LOC): 18%
*- File /home/pbai002/Targets/paperclip11/node_modules/paperclip11/lib/section/fragment.js. Coverage (Term): 32% Coverage (LOC): 58%
*- File /home/pbai002/Targets/paperclip11/node_modules/paperclip11/lib/section/node.js. Coverage (Term): 22% Coverage (LOC): 44%
*- File /home/pbai002/Targets/paperclip11/node_modules/paperclip11/lib/template/vnode/fragment/index.js. Coverage (Term): 35% Coverage (LOC): 56%
*- File /home/pbai002/Targets/paperclip11/node_modules/paperclip11/lib/template/vnode/element/componentHydrator.js. Coverage (Term): 33% Coverage (LOC): 31%
*- File /home/pbai002/Targets/paperclip11/node_modules/paperclip11/lib/template/vnode/element/attributesBinding.js. Coverage (Term): 22% Coverage (LOC): 29%
*- File /home/pbai002/Targets/paperclip11/node_modules/paperclip11/lib/template/vnode/element/attributeHydrator.js. Coverage (Term): 42% Coverage (LOC): 40%
*- File /home/pbai002/Targets/paperclip11/node_modules/paperclip11/lib/template/vnode/element/valueAttribute.js. Coverage (Term): 49% Coverage (LOC): 67%
*- File /home/pbai002/Targets/paperclip11/node_modules/paperclip11/lib/template/vnode/text/index.js. Coverage (Term): 42% Coverage (LOC): 60%
*- File /home/pbai002/Targets/paperclip11/node_modules/paperclip11/lib/template/vnode/comment/index.js. Coverage (Term): 51% Coverage (LOC): 75%
*- File /home/pbai002/Targets/paperclip11/node_modules/paperclip11/lib/template/view/index.js. Coverage (Term): 15% Coverage (LOC): 29%
*- File /home/pbai002/Targets/paperclip11/node_modules/paperclip11/lib/template/view/transitions.js. Coverage (Term): 23% Coverage (LOC): 31%
*- File /home/pbai002/Targets/paperclip11/node_modules/paperclip11/lib/utils/async.js. Coverage (Term): 22% Coverage (LOC): 31%
*- File /home/pbai002/Targets/paperclip11/node_modules/paperclip11/lib/utils/stringifyNode.js. Coverage (Term): 20% Coverage (LOC): 25%
*- File /home/pbai002/Targets/paperclip11/node_modules/paperclip11/lib/template/component.js. Coverage (Term): 26% Coverage (LOC): 40%
*- File /home/pbai002/Targets/paperclip11/node_modules/paperclip11/lib/parser/ast/doctype.js. Coverage (Term): 54% Coverage (LOC): 75%
*- File /home/pbai002/Targets/paperclip11/node_modules/paperclip11/lib/parser/ast/base.js. Coverage (Term): 97% Coverage (LOC): 100%
*- File /home/pbai002/Targets/paperclip11/node_modules/paperclip11/lib/parser/ast/rootNode.js. Coverage (Term): 93% Coverage (LOC): 95%
*- File /home/pbai002/Targets/paperclip11/node_modules/paperclip11/lib/parser/ast/textNode.js. Coverage (Term): 96% Coverage (LOC): 100%
*- File /home/pbai002/Targets/paperclip11/node_modules/paperclip11/lib/parser/ast/commentNode.js. Coverage (Term): 51% Coverage (LOC): 75%
*- File /home/pbai002/Targets/paperclip11/node_modules/paperclip11/lib/parser/ast/elementNode.js. Coverage (Term): 41% Coverage (LOC): 64%
*- File /home/pbai002/Targets/paperclip11/node_modules/paperclip11/lib/parser/ast/array.js. Coverage (Term): 93% Coverage (LOC): 100%
*- File /home/pbai002/Targets/paperclip11/node_modules/paperclip11/lib/parser/ast/parameters.js. Coverage (Term): 95% Coverage (LOC): 100%
*- File /home/pbai002/Targets/paperclip11/node_modules/paperclip11/lib/parser/ast/blockBinding.js. Coverage (Term): 84% Coverage (LOC): 94%
*- File /home/pbai002/Targets/paperclip11/node_modules/paperclip11/lib/parser/ast/ternaryCondition.js. Coverage (Term): 40% Coverage (LOC): 64%
*- File /home/pbai002/Targets/paperclip11/node_modules/paperclip11/lib/parser/ast/assignment.js. Coverage (Term): 34% Coverage (LOC): 56%
*- File /home/pbai002/Targets/paperclip11/node_modules/paperclip11/lib/parser/ast/operator.js. Coverage (Term): 96% Coverage (LOC): 100%
*- File /home/pbai002/Targets/paperclip11/node_modules/paperclip11/lib/parser/ast/not.js. Coverage (Term): 49% Coverage (LOC): 69%
*- File /home/pbai002/Targets/paperclip11/node_modules/paperclip11/lib/parser/ast/literal.js. Coverage (Term): 95% Coverage (LOC): 100%
*- File /home/pbai002/Targets/paperclip11/node_modules/paperclip11/lib/parser/ast/string.js. Coverage (Term): 51% Coverage (LOC): 75%
*- File /home/pbai002/Targets/paperclip11/node_modules/paperclip11/lib/parser/ast/reference.js. Coverage (Term): 82% Coverage (LOC): 94%
*- File /home/pbai002/Targets/paperclip11/node_modules/paperclip11/lib/parser/ast/hash.js. Coverage (Term): 51% Coverage (LOC): 65%
*- File /home/pbai002/Targets/paperclip11/node_modules/paperclip11/lib/parser/ast/script.js. Coverage (Term): 95% Coverage (LOC): 100%
*- File /home/pbai002/Targets/paperclip11/node_modules/paperclip11/lib/utils/uniq.js. Coverage (Term): 90% Coverage (LOC): 93%
*- File /home/pbai002/Targets/paperclip11/node_modules/paperclip11/lib/parser/ast/call.js. Coverage (Term): 38% Coverage (LOC): 52%
*- File /home/pbai002/Targets/paperclip11/node_modules/paperclip11/lib/parser/ast/modifier.js. Coverage (Term): 37% Coverage (LOC): 50%
*- File /home/pbai002/Targets/paperclip11/node_modules/paperclip11/lib/parser/ast/group.js. Coverage (Term): 52% Coverage (LOC): 75%
*- File evalIndirect. Coverage (Term): 19% Coverage (LOC): 29%
*- Re-run with EXPOSE_PRINT_COVERAGE=1 to print line by line coverage information
** ExpoSE Finished. 198 paths with 194 errors **
