/root/Targets/parallel-cucumber
├── UNMET PEER DEPENDENCY cucumber@~1.0.0
└─┬ parallel-cucumber@1.0.1 
  ├── async@0.9.2 
  ├── colors@0.6.2 
  ├─┬ debug@1.0.5 
  │ └── ms@2.0.0 
  ├── gherkin@4.0.0 
  ├─┬ glob@4.0.6 
  │ ├─┬ graceful-fs@3.0.11 
  │ │ └── natives@1.1.0 
  │ ├── inherits@2.0.3 
  │ ├─┬ minimatch@1.0.0 
  │ │ ├── lru-cache@2.7.3 
  │ │ └── sigmund@1.0.1 
  │ └─┬ once@1.4.0 
  │   └── wrappy@1.0.2 
  ├─┬ js-yaml@3.0.2 
  │ ├─┬ argparse@0.1.16 
  │ │ ├── underscore@1.7.0 
  │ │ └── underscore.string@2.4.0 
  │ └── esprima@1.0.4 
  └─┬ yargs@1.2.6 
    └── minimist@0.1.0 

Setup Done exists, not setting up
:../FeatureTester/libs/:/root/Targets/parallel-cucumber/node_modules
Set Default Z3_PATH to ./node_modules/z3javascript/bin/libz3.so
ExpoSE Master: /root/ExpoSE/lib/Harness/src/harness.js max concurrent: 16 max paths: 1000000
Setting timeout to 900000
*** [0 done /0 queued / 1 running / 0 errors / 0% coverage ] ****** [0 done /0 queued / 1 running / 0 errors / 0% coverage ] ****** [1 done /0 queued / 0 running / 1 errors / 33% coverage ] ***
*-- Stat Module Output --*
*-- concretizations: ["defineProperty","bound log"]
*-- Stat Module Done --*
*-- Test Case {"_bound":0} start 0.0547 took 1.9761s
*-- Errors occured in test {"_bound":0}
* Error: Error: Cannot find module 'parallel-cucumber'
*-- Replay with NO_COMPILE=1 expoSE replay '/root/ExpoSE/lib/Harness/src/harness.js' '{"_bound":0}'
*-- Coverage Data
*- File /root/ExpoSE/lib/Harness/src/harness.js. Coverage (Term): 18% Coverage (LOC): 24%
*- File /root/ExpoSE/lib/S$/bin/symbols.js. Coverage (Term): 16% Coverage (LOC): 34%
*- Re-run with EXPOSE_PRINT_COVERAGE=1 to print line by line coverage information
** ExpoSE Finished. 1 paths with 1 errors **
