/root/Targets/parser-robin
└── parser-robin@0.1.7 

Setup Done exists, not setting up
:../FeatureTester/libs/:/root/Targets/parser-robin/node_modules
Set Default Z3_PATH to ./node_modules/z3javascript/bin/libz3.so
ExpoSE Master: /root/ExpoSE/lib/Harness/src/harness.js max concurrent: 16 max paths: 1000000
Setting timeout to 900000
*** [0 done /0 queued / 1 running / 0 errors / 0% coverage ] ****** [0 done /0 queued / 1 running / 0 errors / 0% coverage ] ****** [1 done /1 queued / 1 running / 1 errors / 20% coverage ] ****** [1 done /0 queued / 2 running / 1 errors / 20% coverage ] ****** [1 done /0 queued / 2 running / 1 errors / 20% coverage ] ****** [2 done /0 queued / 1 running / 2 errors / 20% coverage ] ****** [3 done /0 queued / 0 running / 3 errors / 20% coverage ] ***
*-- Stat Module Output --*
*-- concretizations: ["defineProperty","bound log","toString","apply","bound "]
*-- Stat Module Done --*
*-- Test Case {"_bound":0,"Switcher":false,"Target_Switch_Base":0,"ExpansionArg_type":0} start 0.026 took 10.5637s
*-- Errors occured in test {"_bound":0,"Switcher":false,"Target_Switch_Base":0,"ExpansionArg_type":0}
* Error: TypeError: Cannot read property 'trim' of undefined
*-- Replay with NO_COMPILE=1 expoSE replay '/root/ExpoSE/lib/Harness/src/harness.js' '{"_bound":0}'
*-- Test Case {"Switcher":false,"Target_Switch_Base":0,"ExpansionArg_type":1,"_bound":2} start 10.7435 took 5.9226s
*-- Errors occured in test {"Switcher":false,"Target_Switch_Base":0,"ExpansionArg_type":1,"_bound":2}
* Error: Exception E: SyntaxError: Unexpected end of JSON input of test data on 
* Error: Exception E: SyntaxError: Unexpected end of JSON input of coverage data on 
* Error: Error extracting final output - a fatal error must have occured
*-- Replay with NO_COMPILE=1 expoSE replay '/root/ExpoSE/lib/Harness/src/harness.js' '{"Switcher":false,"Target_Switch_Base":0,"ExpansionArg_type":1,"_bound":2}'
*-- Test Case {"Switcher":false,"Target_Switch_Base":1,"ExpansionArg_type":0,"_bound":1} start 10.6982 took 7.3926s
*-- Errors occured in test {"Switcher":false,"Target_Switch_Base":1,"ExpansionArg_type":0,"_bound":1}
* Error: Exception E: SyntaxError: Unexpected end of JSON input of test data on 
* Error: Exception E: SyntaxError: Unexpected end of JSON input of coverage data on 
* Error: Error extracting final output - a fatal error must have occured
*-- Replay with NO_COMPILE=1 expoSE replay '/root/ExpoSE/lib/Harness/src/harness.js' '{"Switcher":false,"Target_Switch_Base":1,"ExpansionArg_type":0,"_bound":1}'
*-- Coverage Data
*- File /root/ExpoSE/lib/Harness/src/harness.js. Coverage (Term): 78% Coverage (LOC): 86%
*- File /root/ExpoSE/lib/S$/bin/symbols.js. Coverage (Term): 21% Coverage (LOC): 39%
*- File /root/Targets/parser-robin/node_modules/parser-robin/lib/sqlParser.js. Coverage (Term): 73% Coverage (LOC): 77%
*- File /root/Targets/parser-robin/node_modules/parser-robin/lib/sqlParseTool.js. Coverage (Term): 8% Coverage (LOC): 18%
*- File /root/Targets/parser-robin/node_modules/parser-robin/lib/lexter.js. Coverage (Term): 6% Coverage (LOC): 13%
*- File /root/Targets/parser-robin/node_modules/parser-robin/lib/parsers/delete.js. Coverage (Term): 14% Coverage (LOC): 18%
*- File /root/Targets/parser-robin/node_modules/parser-robin/lib/parsers/insert.js. Coverage (Term): 7% Coverage (LOC): 9%
*- File /root/Targets/parser-robin/node_modules/parser-robin/lib/parsers/select.js. Coverage (Term): 6% Coverage (LOC): 8%
*- File /root/Targets/parser-robin/node_modules/parser-robin/lib/parsers/update.js. Coverage (Term): 12% Coverage (LOC): 16%
*- Re-run with EXPOSE_PRINT_COVERAGE=1 to print line by line coverage information
** ExpoSE Finished. 3 paths with 3 errors **
