/root/Targets/patternlab-node
└─┬ patternlab-node@2.11.1 
  ├─┬ chalk@1.1.3 
  │ ├── ansi-styles@2.2.1 
  │ ├── escape-string-regexp@1.0.5 
  │ ├─┬ has-ansi@2.0.0 
  │ │ └── ansi-regex@2.1.1 
  │ ├── strip-ansi@3.0.1 
  │ └── supports-color@2.0.0 
  ├─┬ diveSync@0.3.0 
  │ └── append@0.1.1 
  ├─┬ fs-extra@0.30.0 
  │ ├── graceful-fs@4.1.11 
  │ ├── jsonfile@2.4.0 
  │ ├── klaw@1.3.1 
  │ ├── path-is-absolute@1.0.1 
  │ └── rimraf@2.6.2 
  ├─┬ glob@7.1.2 
  │ ├── fs.realpath@1.0.0 
  │ ├─┬ inflight@1.0.6 
  │ │ └── wrappy@1.0.2 
  │ ├── inherits@2.0.3 
  │ ├─┬ minimatch@3.0.4 
  │ │ └─┬ brace-expansion@1.1.8 
  │ │   ├── balanced-match@1.0.0 
  │ │   └── concat-map@0.0.1 
  │ └── once@1.4.0 
  ├── graphlib@2.1.1 
  ├─┬ js-beautify@1.7.3 
  │ ├─┬ config-chain@1.1.11 
  │ │ ├── ini@1.3.4 
  │ │ └── proto-list@1.2.4 
  │ ├─┬ editorconfig@0.13.3 
  │ │ ├── bluebird@3.5.0 
  │ │ ├── commander@2.11.0 
  │ │ ├─┬ lru-cache@3.2.0 
  │ │ │ └── pseudomap@1.0.2 
  │ │ ├── semver@5.4.1 
  │ │ └── sigmund@1.0.1 
  │ ├─┬ mkdirp@0.5.1 
  │ │ └── minimist@0.0.8 
  │ └─┬ nopt@3.0.6 
  │   └── abbrev@1.1.1 
  ├─┬ js-yaml@3.10.0 
  │ ├─┬ argparse@1.0.9 
  │ │ └── sprintf-js@1.0.3 
  │ └── esprima@4.0.0 
  ├── lodash@4.13.1 
  ├─┬ markdown-it@6.1.1 
  │ ├── entities@1.1.1 
  │ ├── linkify-it@1.2.4 
  │ ├── mdurl@1.0.1 
  │ └── uc.micro@1.0.3 
  ├─┬ node-fetch@1.7.3 
  │ ├─┬ encoding@0.1.12 
  │ │ └── iconv-lite@0.4.19 
  │ └── is-stream@1.1.0 
  └─┬ patternengine-node-mustache@1.0.2 
    └── mustache@2.3.0 

Setup Done exists, not setting up
:../FeatureTester/libs/:/root/Targets/patternlab-node/node_modules
Set Default Z3_PATH to ./node_modules/z3javascript/bin/libz3.so
ExpoSE Master: /root/ExpoSE/lib/Harness/src/harness.js max concurrent: 16 max paths: 1000000
Setting timeout to 900000
*** [0 done /0 queued / 1 running / 0 errors / 0% coverage ] ****** [0 done /0 queued / 1 running / 0 errors / 0% coverage ] ****** [1 done /0 queued / 0 running / 1 errors / 33% coverage ] ***
*-- Stat Module Output --*
*-- concretizations: ["defineProperty","bound log"]
*-- Stat Module Done --*
*-- Test Case {"_bound":0} start 0.0778 took 5.3888s
*-- Errors occured in test {"_bound":0}
* Error: SyntaxError: Unexpected token .
*-- Replay with NO_COMPILE=1 expoSE replay '/root/ExpoSE/lib/Harness/src/harness.js' '{"_bound":0}'
*-- Coverage Data
*- File /root/ExpoSE/lib/Harness/src/harness.js. Coverage (Term): 18% Coverage (LOC): 24%
*- File /root/ExpoSE/lib/S$/bin/symbols.js. Coverage (Term): 16% Coverage (LOC): 34%
*- Re-run with EXPOSE_PRINT_COVERAGE=1 to print line by line coverage information
** ExpoSE Finished. 1 paths with 1 errors **
