
> sodium-prebuilt@1.0.22 install /root/Targets/peervisionary/node_modules/sodium-prebuilt
> prebuild --install --preinstall make

Makefile:8: recipe for target 'configure' failed
/root/Targets/peervisionary
├─┬ d@1.0.0 
│ └─┬ es5-ext@0.10.30 
│   ├── es6-iterator@2.0.1 
│   └── es6-symbol@3.1.1 
└─┬ peervisionary@0.0.8 
  ├─┬ airswarm@1.1.0 
  │ ├── multicast-dns@3.0.0 
  │ └── network-address@1.1.2 
  ├─┬ bittorrent-dht@4.0.4 
  │ ├── addr-to-ip-port@1.4.2 
  │ ├── bencode@0.7.0 
  │ ├── buffer-equal@0.0.1 
  │ ├─┬ compact2string@1.4.0 
  │ │ └── ipaddr.js@1.5.2 
  │ ├─┬ debug@2.6.9 
  │ │ └── ms@2.0.0 
  │ ├── hat@0.0.3 
  │ ├── inherits@2.0.3 
  │ ├─┬ is-ip@1.0.0 
  │ │ └── ip-regex@1.0.3 
  │ ├── isarray@0.0.1 
  │ ├── k-bucket@0.6.0 
  │ ├─┬ once@1.4.0 
  │ │ └── wrappy@1.0.2 
  │ ├── run-parallel@1.1.6 
  │ ├─┬ sha.js@2.4.9 
  │ │ └── safe-buffer@5.1.1 
  │ ├─┬ simple-get@1.4.3 
  │ │ ├── unzip-response@1.0.2 
  │ │ └── xtend@4.0.1 
  │ └── string2compact@1.2.2 
  ├─┬ choppa@1.0.2 
  │ └─┬ through2@0.6.5 
  │   └─┬ readable-stream@1.0.34 
  │     ├── core-util-is@1.0.2 
  │     └── string_decoder@0.10.31 
  ├── minimist@1.2.0 
  ├─┬ peervision@0.0.7 
  │ ├── bitfield@1.1.2 
  │ ├─┬ brfs@1.4.3 
  │ │ ├─┬ quote-stream@1.0.2 
  │ │ │ └─┬ through2@2.0.3 
  │ │ │   └─┬ readable-stream@2.3.3 
  │ │ │     ├── isarray@1.0.0 
  │ │ │     └── string_decoder@1.0.3 
  │ │ ├─┬ resolve@1.4.0 
  │ │ │ └── path-parse@1.0.5 
  │ │ ├─┬ static-module@1.5.0 
  │ │ │ ├─┬ concat-stream@1.6.0 
  │ │ │ │ ├─┬ readable-stream@2.3.3 
  │ │ │ │ │ ├── isarray@1.0.0 
  │ │ │ │ │ └── string_decoder@1.0.3 
  │ │ │ │ └── typedarray@0.0.6 
  │ │ │ ├─┬ duplexer2@0.0.2 
  │ │ │ │ └── readable-stream@1.1.14 
  │ │ │ ├─┬ escodegen@1.3.3 
  │ │ │ │ ├── esprima@1.1.1 
  │ │ │ │ ├── estraverse@1.5.1 
  │ │ │ │ ├── esutils@1.0.0 
  │ │ │ │ └─┬ source-map@0.1.43 
  │ │ │ │   └── amdefine@1.0.1 
  │ │ │ ├─┬ falafel@2.1.0 
  │ │ │ │ ├── acorn@5.1.2 
  │ │ │ │ ├── foreach@2.0.5 
  │ │ │ │ └── object-keys@1.0.11 
  │ │ │ ├─┬ has@1.0.1 
  │ │ │ │ └── function-bind@1.1.1 
  │ │ │ ├── object-inspect@0.4.0 
  │ │ │ ├─┬ quote-stream@0.0.0 
  │ │ │ │ └── minimist@0.0.8 
  │ │ │ ├── shallow-copy@0.0.1 
  │ │ │ ├─┬ static-eval@0.2.4 
  │ │ │ │ └─┬ escodegen@0.0.28 
  │ │ │ │   ├── esprima@1.0.4 
  │ │ │ │   └── estraverse@1.3.2 
  │ │ │ └─┬ through2@0.4.2 
  │ │ │   └─┬ xtend@2.1.2 
  │ │ │     └── object-keys@0.4.0 
  │ │ └─┬ through2@2.0.3 
  │ │   └─┬ readable-stream@2.3.3 
  │ │     ├── isarray@1.0.0 
  │ │     └── string_decoder@1.0.3 
  │ ├── buffer-equals@1.0.4 
  │ ├─┬ duplexify@3.5.1 
  │ │ ├─┬ readable-stream@2.3.3 
  │ │ │ ├── isarray@1.0.0 
  │ │ │ ├── process-nextick-args@1.0.7 
  │ │ │ ├── string_decoder@1.0.3 
  │ │ │ └── util-deprecate@1.0.2 
  │ │ └── stream-shift@1.0.0 
  │ ├── end-of-stream@1.4.0 
  │ ├── flat-tree@1.6.0 
  │ ├─┬ length-prefixed-stream@1.5.1 
  │ │ ├─┬ readable-stream@2.3.3 
  │ │ │ ├── isarray@1.0.0 
  │ │ │ └── string_decoder@1.0.3 
  │ │ └── varint@5.0.0 
  │ ├── numeric-id-map@1.1.0 
  │ ├─┬ protocol-buffers@3.2.1 
  │ │ ├── generate-function@2.0.0 
  │ │ ├─┬ generate-object-property@1.2.0 
  │ │ │ └── is-property@1.0.2 
  │ │ ├── protocol-buffers-schema@3.3.2 
  │ │ └── signed-varint@2.0.1 
  │ └─┬ sodium-signatures@1.4.1 
  │   └── tweetnacl@0.14.5 
  ├── pump@1.0.2 
  ├─┬ signalhub@4.9.0 
  │ ├─┬ corsify@2.1.0 
  │ │ └─┬ http-methods@0.1.0 
  │ │   ├── body@0.1.0 
  │ │   └─┬ content-types@0.1.0 
  │ │     └─┬ iterators@0.1.0 
  │ │       └── ap@0.1.0 
  │ ├─┬ event-source-stream@1.5.0 
  │ │ ├─┬ request@2.83.0 
  │ │ │ ├── aws-sign2@0.7.0 
  │ │ │ ├── aws4@1.6.0 
  │ │ │ ├── caseless@0.12.0 
  │ │ │ ├─┬ combined-stream@1.0.5 
  │ │ │ │ └── delayed-stream@1.0.0 
  │ │ │ ├── extend@3.0.1 
  │ │ │ ├── forever-agent@0.6.1 
  │ │ │ ├─┬ form-data@2.3.1 
  │ │ │ │ └── asynckit@0.4.0 
  │ │ │ ├─┬ har-validator@5.0.3 
  │ │ │ │ ├─┬ ajv@5.2.3 
  │ │ │ │ │ ├── co@4.6.0 
  │ │ │ │ │ ├── fast-deep-equal@1.0.0 
  │ │ │ │ │ ├── json-schema-traverse@0.3.1 
  │ │ │ │ │ └─┬ json-stable-stringify@1.0.1 
  │ │ │ │ │   └── jsonify@0.0.0 
  │ │ │ │ └── har-schema@2.0.0 
  │ │ │ ├─┬ hawk@6.0.2 
  │ │ │ │ ├── boom@4.3.1 
  │ │ │ │ ├─┬ cryptiles@3.1.2 
  │ │ │ │ │ └── boom@5.2.0 
  │ │ │ │ ├── hoek@4.2.0 
  │ │ │ │ └── sntp@2.0.2 
  │ │ │ ├─┬ http-signature@1.2.0 
  │ │ │ │ ├── assert-plus@1.0.0 
  │ │ │ │ ├─┬ jsprim@1.4.1 
  │ │ │ │ │ ├── extsprintf@1.3.0 
  │ │ │ │ │ ├── json-schema@0.2.3 
  │ │ │ │ │ └── verror@1.10.0 
  │ │ │ │ └─┬ sshpk@1.13.1 
  │ │ │ │   ├── asn1@0.2.3 
  │ │ │ │   ├── bcrypt-pbkdf@1.0.1 
  │ │ │ │   ├── dashdash@1.14.1 
  │ │ │ │   ├── ecc-jsbn@0.1.1 
  │ │ │ │   ├── getpass@0.1.7 
  │ │ │ │   └── jsbn@0.1.1 
  │ │ │ ├── is-typedarray@1.0.0 
  │ │ │ ├── isstream@0.1.2 
  │ │ │ ├── json-stringify-safe@5.0.1 
  │ │ │ ├─┬ mime-types@2.1.17 
  │ │ │ │ └── mime-db@1.30.0 
  │ │ │ ├── oauth-sign@0.8.2 
  │ │ │ ├── performance-now@2.1.0 
  │ │ │ ├── qs@6.5.1 
  │ │ │ ├── stringstream@0.0.5 
  │ │ │ ├─┬ tough-cookie@2.3.3 
  │ │ │ │ └── punycode@1.4.1 
  │ │ │ ├── tunnel-agent@0.6.0 
  │ │ │ └── uuid@3.1.0 
  │ │ └─┬ split2@0.1.2 
  │ │   └─┬ through2@0.4.2 
  │ │     └─┬ xtend@2.1.2 
  │ │       └── object-keys@0.4.0 
  │ ├─┬ nets@3.2.0 
  │ │ └─┬ xhr@2.4.0 
  │ │   ├─┬ global@4.3.2 
  │ │   │ ├─┬ min-document@2.19.0 
  │ │   │ │ └── dom-walk@0.1.1 
  │ │   │ └── process@0.5.2 
  │ │   ├── is-function@1.0.1 
  │ │   └─┬ parse-headers@2.0.1 
  │ │     ├── for-each@0.3.2 
  │ │     └── trim@0.0.1 
  │ ├── random-iterate@1.0.1 
  │ ├── size-limit-stream@1.0.0 
  │ └── stream-collector@1.0.1 
  └── thunky@0.1.0 

Setup Done exists, not setting up
:../FeatureTester/libs/:/root/Targets/peervisionary/node_modules
Set Default Z3_PATH to ./node_modules/z3javascript/bin/libz3.so
ExpoSE Master: /root/ExpoSE/lib/Harness/src/harness.js max concurrent: 16 max paths: 1000000
Setting timeout to 900000
*** [0 done /0 queued / 1 running / 0 errors / 0% coverage ] ****** [0 done /0 queued / 1 running / 0 errors / 0% coverage ] ****** [1 done /0 queued / 0 running / 1 errors / 33% coverage ] ***
*-- Stat Module Output --*
*-- concretizations: ["defineProperty","bound log"]
*-- Stat Module Done --*
*-- Test Case {"_bound":0} start 0.049 took 2.9135s
*-- Errors occured in test {"_bound":0}
* Error: Error: Cannot find module 'peervisionary'
*-- Replay with NO_COMPILE=1 expoSE replay '/root/ExpoSE/lib/Harness/src/harness.js' '{"_bound":0}'
*-- Coverage Data
*- File /root/ExpoSE/lib/Harness/src/harness.js. Coverage (Term): 18% Coverage (LOC): 24%
*- File /root/ExpoSE/lib/S$/bin/symbols.js. Coverage (Term): 16% Coverage (LOC): 34%
*- Re-run with EXPOSE_PRINT_COVERAGE=1 to print line by line coverage information
** ExpoSE Finished. 1 paths with 1 errors **
