/root/Targets/personality-behaviors
└─┬ personality-behaviors@1.1.0 
  ├── marked@0.3.6 
  ├── remove-markdown@0.1.0 
  └── underscore@1.8.3 

Setup Done exists, not setting up
:../FeatureTester/libs/:/root/Targets/personality-behaviors/node_modules
Set Default Z3_PATH to ./node_modules/z3javascript/bin/libz3.so
ExpoSE Master: /root/ExpoSE/lib/Harness/src/harness.js max concurrent: 16 max paths: 1000000
Setting timeout to 900000
*** [0 done /0 queued / 1 running / 0 errors / 0% coverage ] ****** [0 done /0 queued / 1 running / 0 errors / 0% coverage ] ****** [1 done /0 queued / 0 running / 1 errors / 34% coverage ] ***
*-- Stat Module Output --*
*-- concretizations: ["defineProperty","bound log"]
*-- Stat Module Done --*
*-- Test Case {"_bound":0} start 0.0483 took 4.5593s
*-- Errors occured in test {"_bound":0}
* Error: TypeError: Cannot read property 'length' of undefined
*-- Replay with NO_COMPILE=1 expoSE replay '/root/ExpoSE/lib/Harness/src/harness.js' '{"_bound":0}'
*-- Coverage Data
*- File /root/ExpoSE/lib/Harness/src/harness.js. Coverage (Term): 18% Coverage (LOC): 24%
*- File /root/ExpoSE/lib/S$/bin/symbols.js. Coverage (Term): 16% Coverage (LOC): 34%
*- File /root/Targets/personality-behaviors/node_modules/personality-behaviors/index.js. Coverage (Term): 82% Coverage (LOC): 100%
*- Re-run with EXPOSE_PRINT_COVERAGE=1 to print line by line coverage information
** ExpoSE Finished. 1 paths with 1 errors **
