/root/Targets/promiserunner
└── promiserunner@0.1.3 

Setup Done exists, not setting up
:../FeatureTester/libs/:/root/Targets/promiserunner/node_modules
Set Default Z3_PATH to ./node_modules/z3javascript/bin/libz3.so
ExpoSE Master: /root/ExpoSE/lib/Harness/src/harness.js max concurrent: 16 max paths: 1000000
Setting timeout to 900000
*** [0 done /0 queued / 1 running / 0 errors / 0% coverage ] ****** [0 done /0 queued / 1 running / 0 errors / 0% coverage ] ****** [1 done /0 queued / 1 running / 0 errors / 35% coverage ] ****** [1 done /0 queued / 1 running / 0 errors / 35% coverage ] ****** [2 done /0 queued / 1 running / 0 errors / 47% coverage ] ****** [2 done /0 queued / 1 running / 0 errors / 47% coverage ] ****** [3 done /0 queued / 1 running / 1 errors / 48% coverage ] ****** [3 done /0 queued / 1 running / 1 errors / 48% coverage ] ****** [4 done /0 queued / 1 running / 2 errors / 49% coverage ] ****** [4 done /0 queued / 1 running / 2 errors / 49% coverage ] ****** [5 done /0 queued / 0 running / 2 errors / 49% coverage ] ***
*-- Stat Module Output --*
*-- concretizations: ["defineProperty","bound log","toString","apply","bound PromiseRunner","bound ","Promise"]
*-- Stat Module Done --*
*-- Test Case {"_bound":0,"Switcher":false,"Target_Switch_Base":0} start 0.0267 took 3.3656s
*-- Test Case {"Switcher":true,"Target_Switch_Base":0,"_bound":1,"Target_Switcher":0,"ExpandedSwitcher":0} start 3.4374 took 3.9921s
*-- Test Case {"Switcher":true,"Target_Switcher":1,"ExpandedSwitcher":0,"_bound":2} start 7.4733 took 2.0035s
*-- Errors occured in test {"Switcher":true,"Target_Switcher":1,"ExpandedSwitcher":0,"_bound":2}
* Error: TypeError: Cannot read property 'push' of undefined
*-- Replay with NO_COMPILE=1 expoSE replay '/root/ExpoSE/lib/Harness/src/harness.js' '{"Switcher":true,"Target_Switcher":1,"ExpandedSwitcher":0,"_bound":2}'
*-- Test Case {"Switcher":true,"Target_Switcher":2,"_bound":3} start 9.545 took 3.5269s
*-- Errors occured in test {"Switcher":true,"Target_Switcher":2,"_bound":3}
* Error: TypeError: Cannot read property 'map' of undefined
*-- Replay with NO_COMPILE=1 expoSE replay '/root/ExpoSE/lib/Harness/src/harness.js' '{"Switcher":true,"Target_Switcher":2,"_bound":3}'
*-- Test Case {"Switcher":true,"Target_Switcher":3,"_bound":4} start 13.0933 took 3.6193s
*-- Coverage Data
*- File /root/ExpoSE/lib/Harness/src/harness.js. Coverage (Term): 90% Coverage (LOC): 95%
*- File /root/ExpoSE/lib/S$/bin/symbols.js. Coverage (Term): 19% Coverage (LOC): 37%
*- File /root/Targets/promiserunner/node_modules/promiserunner/PromiseRunner.js. Coverage (Term): 60% Coverage (LOC): 67%
*- Re-run with EXPOSE_PRINT_COVERAGE=1 to print line by line coverage information
** ExpoSE Finished. 5 paths with 2 errors **
