/root/Targets/push-cli
└─┬ push-cli@1.0.2 
  ├── colors@1.1.2 
  ├─┬ commit-cli@2.1.4 
  │ └─┬ inquirer@0.8.5 
  │   ├── ansi-regex@1.1.1 
  │   ├─┬ chalk@1.1.3 
  │   │ ├── ansi-styles@2.2.1 
  │   │ ├── escape-string-regexp@1.0.5 
  │   │ ├─┬ has-ansi@2.0.0 
  │   │ │ └── ansi-regex@2.1.1 
  │   │ ├─┬ strip-ansi@3.0.1 
  │   │ │ └── ansi-regex@2.1.1 
  │   │ └── supports-color@2.0.0 
  │   ├── cli-width@1.1.1 
  │   ├─┬ figures@1.7.0 
  │   │ └── object-assign@4.1.1 
  │   ├─┬ readline2@0.1.1 
  │   │ ├── mute-stream@0.0.4 
  │   │ └── strip-ansi@2.0.1 
  │   ├── rx@2.5.3 
  │   └── through@2.3.8 
  ├─┬ git-lib@1.6.0 
  │ ├── async@1.5.2 
  │ ├── lodash@3.10.1 
  │ └── xcept@1.0.0 
  └─┬ promise@7.3.1 
    └── asap@2.0.6 

Setup Done exists, not setting up
:../FeatureTester/libs/:/root/Targets/push-cli/node_modules
Set Default Z3_PATH to ./node_modules/z3javascript/bin/libz3.so
ExpoSE Master: /root/ExpoSE/lib/Harness/src/harness.js max concurrent: 16 max paths: 1000000
Setting timeout to 900000
*** [0 done /0 queued / 1 running / 0 errors / 0% coverage ] ****** [0 done /0 queued / 1 running / 0 errors / 0% coverage ] ****** [1 done /0 queued / 0 running / 1 errors / 33% coverage ] ***
*-- Stat Module Output --*
*-- concretizations: ["defineProperty","bound log"]
*-- Stat Module Done --*
*-- Test Case {"_bound":0} start 0.0358 took 3.2122s
*-- Errors occured in test {"_bound":0}
* Error: Tropigate failed because SyntaxError: Unexpected character '#' (1:78) on program #!/usr/bin/env node
'use strict';
var commit = require('commit-cli').commit;
var git = require('./lib/git');
require('colors');

commit().then(function(){

    git.getCurrentBranch().then(function(branch){

        return git.push(branch);

    }).then(function(branch){

        console.log('Push to branch ' + branch.bold + ' successfully');

    }).catch(function(err){

        console.log(err.toString().red);

    });

});
 at SyntaxError: Unexpected character '#' (1:78)
    at Parser.pp$4.raise (/root/ExpoSE/lib/Tropigate/node_modules/acorn/dist/acorn.js:2221:15)
    at Parser.pp$7.getTokenFromCode (/root/ExpoSE/lib/Tropigate/node_modules/acorn/dist/acorn.js:2756:10)
    at Parser.pp$7.readToken (/root/ExpoSE/lib/Tropigate/node_modules/acorn/dist/acorn.js:2477:17)
    at Parser.readToken (/root/ExpoSE/lib/Tropigate/bin/Tokens.js:124:26)
    at Parser.pp$7.nextToken (/root/ExpoSE/lib/Tropigate/node_modules/acorn/dist/acorn.js:2468:15)
    at Parser.pp$7.next (/root/ExpoSE/lib/Tropigate/node_modules/acorn/dist/acorn.js:2413:10)
    at Parser.pp.eat (/root/ExpoSE/lib/Tropigate/node_modules/acorn/dist/acorn.js:536:12)
    at Parser.pp.semicolon (/root/ExpoSE/lib/Tropigate/node_modules/acorn/dist/acorn.js:581:15)
    at Parser.pp$1.parseVarStatement (/root/ExpoSE/lib/Tropigate/node_modules/acorn/dist/acorn.js:918:10)
    at Parser.pp$1.parseStatement (/root/ExpoSE/lib/Tropigate/node_modules/acorn/dist/acorn.js:706:19)
*-- Replay with NO_COMPILE=1 expoSE replay '/root/ExpoSE/lib/Harness/src/harness.js' '{"_bound":0}'
*-- Coverage Data
*- File /root/ExpoSE/lib/Harness/src/harness.js. Coverage (Term): 18% Coverage (LOC): 24%
*- File /root/ExpoSE/lib/S$/bin/symbols.js. Coverage (Term): 16% Coverage (LOC): 34%
*- Re-run with EXPOSE_PRINT_COVERAGE=1 to print line by line coverage information
** ExpoSE Finished. 1 paths with 1 errors **
