
> deasync@0.1.7 install /root/Targets/ravel-etcd-config/node_modules/deasync
> node ./build.js

make: Entering directory '/root/Targets/ravel-etcd-config/node_modules/deasync/build'
  CXX(target) Release/obj.target/deasync/src/deasync.o
  SOLINK_MODULE(target) Release/obj.target/deasync.node
  COPY Release/deasync.node
make: Leaving directory '/root/Targets/ravel-etcd-config/node_modules/deasync/build'
Installed in `/root/Targets/ravel-etcd-config/node_modules/deasync/bin/linux-x64-node-7/deasync.node`
/root/Targets/ravel-etcd-config
├── UNMET PEER DEPENDENCY ravel@0.18.x
└─┬ ravel-etcd-config@0.18.0 
  └─┬ node-etcd@5.0.3 
    ├─┬ deasync@0.1.7 
    │ ├── bindings@1.2.1 
    │ └── nan@2.7.0 
    ├─┬ request@2.60.0 
    │ ├── aws-sign2@0.5.0 
    │ ├─┬ bl@1.0.3 
    │ │ └─┬ readable-stream@2.0.6 
    │ │   ├── core-util-is@1.0.2 
    │ │   ├── inherits@2.0.3 
    │ │   ├── isarray@1.0.0 
    │ │   ├── process-nextick-args@1.0.7 
    │ │   ├── string_decoder@0.10.31 
    │ │   └── util-deprecate@1.0.2 
    │ ├── caseless@0.11.0 
    │ ├─┬ combined-stream@1.0.5 
    │ │ └── delayed-stream@1.0.0 
    │ ├── extend@3.0.1 
    │ ├── forever-agent@0.6.1 
    │ ├─┬ form-data@1.0.1 
    │ │ └─┬ async@2.5.0 
    │ │   └── lodash@4.17.4 
    │ ├─┬ har-validator@1.8.0 
    │ │ ├── bluebird@2.11.0 
    │ │ ├─┬ chalk@1.1.3 
    │ │ │ ├── ansi-styles@2.2.1 
    │ │ │ ├── escape-string-regexp@1.0.5 
    │ │ │ ├─┬ has-ansi@2.0.0 
    │ │ │ │ └── ansi-regex@2.1.1 
    │ │ │ ├── strip-ansi@3.0.1 
    │ │ │ └── supports-color@2.0.0 
    │ │ ├── commander@2.11.0 
    │ │ └─┬ is-my-json-valid@2.16.1 
    │ │   ├── generate-function@2.0.0 
    │ │   ├─┬ generate-object-property@1.2.0 
    │ │   │ └── is-property@1.0.2 
    │ │   ├── jsonpointer@4.0.1 
    │ │   └── xtend@4.0.1 
    │ ├─┬ hawk@3.1.3 
    │ │ ├── boom@2.10.1 
    │ │ ├── cryptiles@2.0.5 
    │ │ ├── hoek@2.16.3 
    │ │ └── sntp@1.0.9 
    │ ├─┬ http-signature@0.11.0 
    │ │ ├── asn1@0.1.11 
    │ │ ├── assert-plus@0.1.5 
    │ │ └── ctype@0.5.3 
    │ ├── isstream@0.1.2 
    │ ├── json-stringify-safe@5.0.1 
    │ ├─┬ mime-types@2.1.17 
    │ │ └── mime-db@1.30.0 
    │ ├── node-uuid@1.4.8 
    │ ├── oauth-sign@0.8.2 
    │ ├── qs@4.0.0 
    │ ├── stringstream@0.0.5 
    │ ├─┬ tough-cookie@2.3.3 
    │ │ └── punycode@1.4.1 
    │ └── tunnel-agent@0.4.3 
    ├── underscore@1.8.2 
    └─┬ url-parse@1.0.5 
      ├── querystringify@0.0.4 
      └── requires-port@1.0.0 

Setup Done exists, not setting up
:../FeatureTester/libs/:/root/Targets/ravel-etcd-config/node_modules
Set Default Z3_PATH to ./node_modules/z3javascript/bin/libz3.so
ExpoSE Master: /root/ExpoSE/lib/Harness/src/harness.js max concurrent: 16 max paths: 1000000
Setting timeout to 900000
*** [0 done /0 queued / 1 running / 0 errors / 0% coverage ] ****** [0 done /0 queued / 1 running / 0 errors / 0% coverage ] ****** [1 done /0 queued / 0 running / 1 errors / 33% coverage ] ***
*-- Stat Module Output --*
*-- concretizations: ["defineProperty","bound log"]
*-- Stat Module Done --*
*-- Test Case {"_bound":0} start 0.0658 took 5.0369s
*-- Errors occured in test {"_bound":0}
* Error: TypeError: Cannot read property 'length' of undefined
*-- Replay with NO_COMPILE=1 expoSE replay '/root/ExpoSE/lib/Harness/src/harness.js' '{"_bound":0}'
*-- Coverage Data
*- File /root/ExpoSE/lib/Harness/src/harness.js. Coverage (Term): 18% Coverage (LOC): 24%
*- File /root/ExpoSE/lib/S$/bin/symbols.js. Coverage (Term): 16% Coverage (LOC): 34%
*- Re-run with EXPOSE_PRINT_COVERAGE=1 to print line by line coverage information
** ExpoSE Finished. 1 paths with 1 errors **
