/root/Targets/react-redux-polymorphic
├── UNMET PEER DEPENDENCY react@15.*
├── UNMET PEER DEPENDENCY react-dom@15.*
├── UNMET PEER DEPENDENCY react-redux@5.*||4.*
├── react-redux-polymorphic@1.0.4 
└── UNMET PEER DEPENDENCY redux@3.*

Setup Done exists, not setting up
:../FeatureTester/libs/:/root/Targets/react-redux-polymorphic/node_modules
Set Default Z3_PATH to ./node_modules/z3javascript/bin/libz3.so
ExpoSE Master: /root/ExpoSE/lib/Harness/src/harness.js max concurrent: 16 max paths: 1000000
Setting timeout to 900000
*** [0 done /0 queued / 1 running / 0 errors / 0% coverage ] ****** [0 done /0 queued / 1 running / 0 errors / 0% coverage ] ****** [1 done /0 queued / 0 running / 1 errors / 28.000000000000004% coverage ] ***
*-- Stat Module Output --*
*-- concretizations: ["defineProperty","bound log"]
*-- Stat Module Done --*
*-- Test Case {"_bound":0} start 0.0494 took 4.5514s
*-- Errors occured in test {"_bound":0}
* Error: Error: Cannot find module 'react'
*-- Replay with NO_COMPILE=1 expoSE replay '/root/ExpoSE/lib/Harness/src/harness.js' '{"_bound":0}'
*-- Coverage Data
*- File /root/ExpoSE/lib/Harness/src/harness.js. Coverage (Term): 18% Coverage (LOC): 24%
*- File /root/ExpoSE/lib/S$/bin/symbols.js. Coverage (Term): 16% Coverage (LOC): 34%
*- File /root/Targets/react-redux-polymorphic/node_modules/react-redux-polymorphic/lib/index.js. Coverage (Term): 49% Coverage (LOC): 78%
*- File /root/Targets/react-redux-polymorphic/node_modules/react-redux-polymorphic/lib/polymorphic.js. Coverage (Term): 8% Coverage (LOC): 13%
*- Re-run with EXPOSE_PRINT_COVERAGE=1 to print line by line coverage information
** ExpoSE Finished. 1 paths with 1 errors **
