/root/Targets/react-for-smiple-echarts
└─┬ react-for-smiple-echarts@1.0.4 
  └── element-resize-event@2.0.9 

Setup Done exists, not setting up
:../FeatureTester/libs/:/root/Targets/react-for-smiple-echarts/node_modules
Set Default Z3_PATH to ./node_modules/z3javascript/bin/libz3.so
ExpoSE Master: /root/ExpoSE/lib/Harness/src/harness.js max concurrent: 16 max paths: 1000000
Setting timeout to 900000
*** [0 done /0 queued / 1 running / 0 errors / 0% coverage ] ****** [0 done /0 queued / 1 running / 0 errors / 0% coverage ] ****** [1 done /0 queued / 0 running / 1 errors / 39% coverage ] ***
*-- Stat Module Output --*
*-- concretizations: ["defineProperty","bound log","min","apply","join","call","sqrt","Float32Array","Date","toUpperCase"]
*-- Stat Module Done --*
*-- Test Case {"_bound":0} start 0.0386 took 98.1269s
*-- Errors occured in test {"_bound":0}
* Error: Error: Cannot find module 'react'
*-- Replay with NO_COMPILE=1 expoSE replay '/root/ExpoSE/lib/Harness/src/harness.js' '{"_bound":0}'
*-- Coverage Data
*- File /root/ExpoSE/lib/Harness/src/harness.js. Coverage (Term): 18% Coverage (LOC): 24%
*- File /root/ExpoSE/lib/S$/bin/symbols.js. Coverage (Term): 16% Coverage (LOC): 34%
*- File /root/Targets/react-for-smiple-echarts/node_modules/react-for-smiple-echarts/echarts-for-react.js. Coverage (Term): 14% Coverage (LOC): 15%
*- File /root/Targets/react-for-smiple-echarts/node_modules/react-for-smiple-echarts/echarts.simple.min.js. Coverage (Term): 15% Coverage (LOC): 40%
*- Re-run with EXPOSE_PRINT_COVERAGE=1 to print line by line coverage information
** ExpoSE Finished. 1 paths with 1 errors **
