/root/Targets/react-native-web
├── UNMET PEER DEPENDENCY react@16.x.x
├── UNMET PEER DEPENDENCY react-dom@16.x.x
└─┬ react-native-web@0.1.4 
  ├─┬ animated@0.2.0 
  │ └── invariant@2.2.2 
  ├── array-find-index@1.0.2 
  ├─┬ babel-runtime@6.26.0 
  │ ├── core-js@2.5.1 
  │ └── regenerator-runtime@0.11.0 
  ├─┬ create-react-class@15.6.2 
  │ ├─┬ loose-envify@1.3.1 
  │ │ └── js-tokens@3.0.2 
  │ └── object-assign@4.1.1 
  ├── debounce@1.0.2 
  ├─┬ deep-assign@2.0.0 
  │ └── is-obj@1.0.1 
  ├─┬ fbjs@0.8.16 
  │ ├── core-js@1.2.7 
  │ ├─┬ isomorphic-fetch@2.2.1 
  │ │ ├─┬ node-fetch@1.7.3 
  │ │ │ ├─┬ encoding@0.1.12 
  │ │ │ │ └── iconv-lite@0.4.19 
  │ │ │ └── is-stream@1.1.0 
  │ │ └── whatwg-fetch@2.0.3 
  │ ├─┬ promise@7.3.1 
  │ │ └── asap@2.0.6 
  │ ├── setimmediate@1.0.5 
  │ └── ua-parser-js@0.7.14 
  ├── hyphenate-style-name@1.0.2 
  ├─┬ inline-style-prefixer@3.0.8 
  │ ├── bowser@1.7.3 
  │ └── css-in-js-utils@2.0.0 
  ├── normalize-css-color@1.0.2 
  ├── prop-types@15.6.0 
  ├── UNMET PEER DEPENDENCY react@*
  ├── UNMET PEER DEPENDENCY react-dom@*
  └── react-timer-mixin@0.13.3 

Setup Done exists, not setting up
:../FeatureTester/libs/:/root/Targets/react-native-web/node_modules
Set Default Z3_PATH to ./node_modules/z3javascript/bin/libz3.so
ExpoSE Master: /root/ExpoSE/lib/Harness/src/harness.js max concurrent: 16 max paths: 1000000
Setting timeout to 900000
*** [0 done /0 queued / 1 running / 0 errors / 0% coverage ] ****** [0 done /0 queued / 1 running / 0 errors / 0% coverage ] ****** [1 done /0 queued / 0 running / 1 errors / 16% coverage ] ***
*-- Stat Module Output --*
*-- concretizations: ["defineProperty","bound log"]
*-- Stat Module Done --*
*-- Test Case {"_bound":0} start 0.0416 took 4.9004s
*-- Errors occured in test {"_bound":0}
* Error: Error: Cannot find module 'react-dom'
*-- Replay with NO_COMPILE=1 expoSE replay '/root/ExpoSE/lib/Harness/src/harness.js' '{"_bound":0}'
*-- Coverage Data
*- File /root/ExpoSE/lib/Harness/src/harness.js. Coverage (Term): 18% Coverage (LOC): 24%
*- File /root/ExpoSE/lib/S$/bin/symbols.js. Coverage (Term): 16% Coverage (LOC): 34%
*- File /root/Targets/react-native-web/node_modules/react-native-web/dist/index.js. Coverage (Term): 39% Coverage (LOC): 71%
*- File /root/Targets/react-native-web/node_modules/react-native-web/dist/module.js. Coverage (Term): 21% Coverage (LOC): 3%
*- File /root/Targets/react-native-web/node_modules/react-native-web/dist/modules/createElement/index.js. Coverage (Term): 10% Coverage (LOC): 8%
*- File /root/Targets/react-native-web/node_modules/react-native-web/dist/modules/injectResponderEventPlugin/index.js. Coverage (Term): 23% Coverage (LOC): 15%
*- File /root/Targets/react-native-web/node_modules/react-native-web/dist/modules/normalizeNativeEvent/index.js. Coverage (Term): 9% Coverage (LOC): 9%
*- Re-run with EXPOSE_PRINT_COVERAGE=1 to print line by line coverage information
** ExpoSE Finished. 1 paths with 1 errors **
