/root/Targets/react-vote
├── UNMET PEER DEPENDENCY react@^15.3.0
├── UNMET PEER DEPENDENCY react-dom@^15.3.0
└─┬ react-vote@3.2.1 
  ├─┬ prop-types@15.6.0 
  │ ├─┬ fbjs@0.8.16 
  │ │ ├── core-js@1.2.7 
  │ │ ├─┬ isomorphic-fetch@2.2.1 
  │ │ │ ├─┬ node-fetch@1.7.3 
  │ │ │ │ ├─┬ encoding@0.1.12 
  │ │ │ │ │ └── iconv-lite@0.4.19 
  │ │ │ │ └── is-stream@1.1.0 
  │ │ │ └── whatwg-fetch@2.0.3 
  │ │ ├─┬ promise@7.3.1 
  │ │ │ └── asap@2.0.6 
  │ │ ├── setimmediate@1.0.5 
  │ │ └── ua-parser-js@0.7.14 
  │ ├─┬ loose-envify@1.3.1 
  │ │ └── js-tokens@3.0.2 
  │ └── object-assign@4.1.1 
  └─┬ react-hot-loader@3.0.0-beta.7 
    ├─┬ babel-template@6.26.0 
    │ ├─┬ babel-runtime@6.26.0 
    │ │ ├── core-js@2.5.1 
    │ │ └── regenerator-runtime@0.11.0 
    │ ├─┬ babel-traverse@6.26.0 
    │ │ ├─┬ babel-code-frame@6.26.0 
    │ │ │ └─┬ chalk@1.1.3 
    │ │ │   ├── ansi-styles@2.2.1 
    │ │ │   ├── escape-string-regexp@1.0.5 
    │ │ │   ├─┬ has-ansi@2.0.0 
    │ │ │   │ └── ansi-regex@2.1.1 
    │ │ │   ├── strip-ansi@3.0.1 
    │ │ │   └── supports-color@2.0.0 
    │ │ ├── babel-messages@6.23.0 
    │ │ ├─┬ debug@2.6.9 
    │ │ │ └── ms@2.0.0 
    │ │ ├── globals@9.18.0 
    │ │ └── invariant@2.2.2 
    │ ├─┬ babel-types@6.26.0 
    │ │ ├── esutils@2.0.2 
    │ │ └── to-fast-properties@1.0.3 
    │ ├── babylon@6.18.0 
    │ └── lodash@4.17.4 
    ├─┬ global@4.3.2 
    │ ├─┬ min-document@2.19.0 
    │ │ └── dom-walk@0.1.1 
    │ └── process@0.5.2 
    ├── UNMET PEER DEPENDENCY react@^0.14.0 || ^15.0.0 || ^16.0.0-beta || ^16.0.0
    ├── react-deep-force-update@2.1.1 
    ├── UNMET PEER DEPENDENCY react-dom@^0.14.0 || ^15.0.0 || ^16.0.0-beta || ^16.0.0
    ├── react-proxy@3.0.0-alpha.1 
    ├─┬ redbox-react@1.5.0 
    │ ├─┬ error-stack-parser@1.3.6 
    │ │ └── stackframe@0.3.1 
    │ └─┬ sourcemapped-stacktrace@1.1.7 
    │   └── source-map@0.5.6 
    └─┬ source-map@0.4.4 
      └── amdefine@1.0.1 

Setup Done exists, not setting up
:../FeatureTester/libs/:/root/Targets/react-vote/node_modules
Set Default Z3_PATH to ./node_modules/z3javascript/bin/libz3.so
ExpoSE Master: /root/ExpoSE/lib/Harness/src/harness.js max concurrent: 16 max paths: 1000000
Setting timeout to 900000
*** [0 done /0 queued / 1 running / 0 errors / 0% coverage ] ****** [0 done /0 queued / 1 running / 0 errors / 0% coverage ] ****** [1 done /0 queued / 1 running / 1 errors / 49% coverage ] ****** [1 done /0 queued / 1 running / 1 errors / 49% coverage ] ****** [2 done /0 queued / 0 running / 1 errors / 49% coverage ] ***
*-- Stat Module Output --*
*-- concretizations: ["defineProperty","bound log","call","getOwnPropertyNames","fromCharCode","join","assign","for","bind","create","setPrototypeOf","toString","apply","bound t","Array"]
*-- Stat Module Done --*
*-- Test Case {"_bound":0,"Switcher":false,"Target_Switch_Base":0} start 0.0636 took 21.7093s
*-- Errors occured in test {"_bound":0,"Switcher":false,"Target_Switch_Base":0}
* Error: TypeError: Cannot read property 'data' of undefined
*-- Replay with NO_COMPILE=1 expoSE replay '/root/ExpoSE/lib/Harness/src/harness.js' '{"_bound":0}'
*-- Test Case {"Switcher":false,"Target_Switch_Base":1,"_bound":1} start 22.0225 took 14.8881s
*-- Coverage Data
*- File /root/ExpoSE/lib/Harness/src/harness.js. Coverage (Term): 76% Coverage (LOC): 84%
*- File /root/ExpoSE/lib/S$/bin/symbols.js. Coverage (Term): 19% Coverage (LOC): 37%
*- File /root/Targets/react-vote/node_modules/react-vote/dist/react-vote.js. Coverage (Term): 33% Coverage (LOC): 50%
*- Re-run with EXPOSE_PRINT_COVERAGE=1 to print line by line coverage information
** ExpoSE Finished. 2 paths with 1 errors **
