
> cucumber-expressions@3.0.0 postinstall /root/Targets/react-cucumber/node_modules/cucumber-expressions
> node scripts/postinstall.js

/root/Targets/react-cucumber
└─┬ react-cucumber@1.0.5 
  ├─┬ cucumber@2.3.1 
  │ ├─┬ assertion-error-formatter@2.0.0 
  │ │ ├── diff@3.3.1 
  │ │ ├── pad-right@0.2.2 
  │ │ └── repeat-string@1.6.1 
  │ ├─┬ babel-runtime@6.26.0 
  │ │ ├── core-js@2.5.1 
  │ │ └── regenerator-runtime@0.11.0 
  │ ├── bluebird@3.5.0 
  │ ├─┬ cli-table@0.3.1 
  │ │ └── colors@1.0.3 
  │ ├── colors@1.1.2 
  │ ├── commander@2.11.0 
  │ ├── cucumber-expressions@3.0.0 
  │ ├── cucumber-tag-expressions@1.0.1 
  │ ├─┬ duration@0.2.0 
  │ │ ├── d@0.1.1 
  │ │ └─┬ es5-ext@0.10.30 
  │ │   ├─┬ es6-iterator@2.0.1 
  │ │   │ └── d@1.0.0 
  │ │   └─┬ es6-symbol@3.1.1 
  │ │     └── d@1.0.0 
  │ ├─┬ figures@2.0.0 
  │ │ └── escape-string-regexp@1.0.5 
  │ ├── gherkin@4.1.3 
  │ ├─┬ glob@7.1.2 
  │ │ ├── fs.realpath@1.0.0 
  │ │ ├─┬ inflight@1.0.6 
  │ │ │ └── wrappy@1.0.2 
  │ │ ├── inherits@2.0.3 
  │ │ ├─┬ minimatch@3.0.4 
  │ │ │ └─┬ brace-expansion@1.1.8 
  │ │ │   ├── balanced-match@1.0.0 
  │ │ │   └── concat-map@0.0.1 
  │ │ ├── once@1.4.0 
  │ │ └── path-is-absolute@1.0.1 
  │ ├── indent-string@3.2.0 
  │ ├── is-generator@1.0.3 
  │ ├── is-stream@1.1.0 
  │ ├── lodash@4.17.4 
  │ ├─┬ mz@2.7.0 
  │ │ ├── any-promise@1.3.0 
  │ │ └─┬ thenify-all@1.6.0 
  │ │   └── thenify@3.3.0 
  │ ├── progress@2.0.0 
  │ ├─┬ resolve@1.4.0 
  │ │ └── path-parse@1.0.5 
  │ ├── stack-chain@1.3.7 
  │ ├─┬ stacktrace-js@2.0.0 
  │ │ ├─┬ error-stack-parser@2.0.1 
  │ │ │ └── stackframe@1.0.4 
  │ │ ├── stack-generator@2.0.2 
  │ │ └─┬ stacktrace-gps@3.0.2 
  │ │   └── source-map@0.5.6 
  │ ├── string-argv@0.0.2 
  │ ├─┬ upper-case-first@1.1.2 
  │ │ └── upper-case@1.1.3 
  │ ├── util-arity@1.1.0 
  │ └─┬ verror@1.10.0 
  │   ├── assert-plus@1.0.0 
  │   ├── core-util-is@1.0.2 
  │   └── extsprintf@1.3.0 
  ├─┬ UNMET PEER DEPENDENCY react@15.6.2
  │ ├── create-react-class@15.6.2 
  │ ├─┬ fbjs@0.8.16 
  │ │ ├── core-js@1.2.7 
  │ │ ├─┬ isomorphic-fetch@2.2.1 
  │ │ │ ├─┬ node-fetch@1.7.3 
  │ │ │ │ └─┬ encoding@0.1.12 
  │ │ │ │   └── iconv-lite@0.4.19 
  │ │ │ └── whatwg-fetch@2.0.3 
  │ │ ├─┬ promise@7.3.1 
  │ │ │ └── asap@2.0.6 
  │ │ ├── setimmediate@1.0.5 
  │ │ └── ua-parser-js@0.7.14 
  │ ├─┬ loose-envify@1.3.1 
  │ │ └── js-tokens@3.0.2 
  │ ├── object-assign@4.1.1 
  │ └── prop-types@15.6.0 
  └─┬ react-unit@3.0.2 
    ├── ramda@0.17.1 
    ├── react-dom@16.0.0 
    └── react-test-renderer@15.5.4 

Setup Done exists, not setting up
:../FeatureTester/libs/:/root/Targets/react-cucumber/node_modules
Set Default Z3_PATH to ./node_modules/z3javascript/bin/libz3.so
ExpoSE Master: /root/ExpoSE/lib/Harness/src/harness.js max concurrent: 16 max paths: 1000000
Setting timeout to 900000
*** [0 done /0 queued / 1 running / 0 errors / 0% coverage ] ****** [0 done /0 queued / 1 running / 0 errors / 0% coverage ] ****** [1 done /0 queued / 0 running / 1 errors / 22% coverage ] ***
*-- Stat Module Output --*
*-- concretizations: ["defineProperty","bound log","Object","Function"]
*-- Stat Module Done --*
*-- Test Case {"_bound":0} start 0.0273 took 5.2883s
*-- Errors occured in test {"_bound":0}
* Error: ReferenceError: require is not defined
*-- Replay with NO_COMPILE=1 expoSE replay '/root/ExpoSE/lib/Harness/src/harness.js' '{"_bound":0}'
*-- Coverage Data
*- File /root/ExpoSE/lib/Harness/src/harness.js. Coverage (Term): 18% Coverage (LOC): 24%
*- File /root/ExpoSE/lib/S$/bin/symbols.js. Coverage (Term): 16% Coverage (LOC): 34%
*- File /root/Targets/react-cucumber/node_modules/react-cucumber/dist/index.js. Coverage (Term): 28% Coverage (LOC): 35%
*- File /root/Targets/react-cucumber/node_modules/cucumber/lib/index.js. Coverage (Term): 17% Coverage (LOC): 6%
*- File /root/Targets/react-cucumber/node_modules/cucumber/lib/cli/index.js. Coverage (Term): 7% Coverage (LOC): 5%
*- File /root/Targets/react-cucumber/node_modules/babel-runtime/helpers/slicedToArray.js. Coverage (Term): 14% Coverage (LOC): 19%
*- File /root/Targets/react-cucumber/node_modules/babel-runtime/core-js/is-iterable.js. Coverage (Term): 73% Coverage (LOC): 83%
*- File /root/Targets/react-cucumber/node_modules/core-js/library/fn/is-iterable.js. Coverage (Term): 54% Coverage (LOC): 80%
*- File /root/Targets/react-cucumber/node_modules/core-js/library/modules/web.dom.iterable.js. Coverage (Term): 21% Coverage (LOC): 25%
*- File /root/Targets/react-cucumber/node_modules/core-js/library/modules/es6.array.iterator.js. Coverage (Term): 26% Coverage (LOC): 28%
*- File /root/Targets/react-cucumber/node_modules/core-js/library/modules/_add-to-unscopables.js. Coverage (Term): 77% Coverage (LOC): 100%
*- File /root/Targets/react-cucumber/node_modules/core-js/library/modules/_iter-step.js. Coverage (Term): 55% Coverage (LOC): 57%
*- File /root/Targets/react-cucumber/node_modules/core-js/library/modules/_iterators.js. Coverage (Term): 94% Coverage (LOC): 100%
*- File /root/Targets/react-cucumber/node_modules/core-js/library/modules/_to-iobject.js. Coverage (Term): 69% Coverage (LOC): 86%
*- File /root/Targets/react-cucumber/node_modules/core-js/library/modules/_iobject.js. Coverage (Term): 57% Coverage (LOC): 83%
*- File /root/Targets/react-cucumber/node_modules/core-js/library/modules/_cof.js. Coverage (Term): 56% Coverage (LOC): 83%
*- File /root/Targets/react-cucumber/node_modules/core-js/library/modules/_defined.js. Coverage (Term): 45% Coverage (LOC): 57%
*- File /root/Targets/react-cucumber/node_modules/core-js/library/modules/_iter-define.js. Coverage (Term): 8% Coverage (LOC): 8%
*- File /root/Targets/react-cucumber/node_modules/core-js/library/modules/_library.js. Coverage (Term): 94% Coverage (LOC): 100%
*- File /root/Targets/react-cucumber/node_modules/core-js/library/modules/_export.js. Coverage (Term): 6% Coverage (LOC): 7%
*- File /root/Targets/react-cucumber/node_modules/core-js/library/modules/_global.js. Coverage (Term): 55% Coverage (LOC): 80%
*- File evalIndirect. Coverage (Term): 17% Coverage (LOC): 25%
*- Re-run with EXPOSE_PRINT_COVERAGE=1 to print line by line coverage information
** ExpoSE Finished. 1 paths with 1 errors **
