/root/Targets/redraphael
└─┬ redraphael@1.1.26 
  └── eve@0.5.3 

Setup Done exists, not setting up
:../FeatureTester/libs/:/root/Targets/redraphael/node_modules
Set Default Z3_PATH to ./node_modules/z3javascript/bin/libz3.so
ExpoSE Master: /root/ExpoSE/lib/Harness/src/harness.js max concurrent: 16 max paths: 1000000
Setting timeout to 900000
*** [0 done /0 queued / 1 running / 0 errors / 0% coverage ] ****** [0 done /0 queued / 1 running / 0 errors / 0% coverage ] ****** [1 done /0 queued / 0 running / 1 errors / 4% coverage ] ***
*-- Stat Module Output --*
*-- concretizations: ["defineProperty","bound log","call"]
*-- Stat Module Done --*
*-- Test Case {"_bound":0} start 0.0281 took 16.3386s
*-- Errors occured in test {"_bound":0}
* Error: TypeError: Cannot use 'in' operator to search for 'createTouch' in undefined
*-- Replay with NO_COMPILE=1 expoSE replay '/root/ExpoSE/lib/Harness/src/harness.js' '{"_bound":0}'
*-- Coverage Data
*- File /root/ExpoSE/lib/Harness/src/harness.js. Coverage (Term): 18% Coverage (LOC): 24%
*- File /root/ExpoSE/lib/S$/bin/symbols.js. Coverage (Term): 16% Coverage (LOC): 34%
*- File /root/Targets/redraphael/node_modules/redraphael/lib/index.js. Coverage (Term): 45% Coverage (LOC): 57%
*- File /root/Targets/redraphael/node_modules/redraphael/lib/raphael.core.js. Coverage (Term): 2% Coverage (LOC): 1%
*- File /root/Targets/redraphael/node_modules/redraphael/lib/eve/eve.js. Coverage (Term): 11% Coverage (LOC): 15%
*- Re-run with EXPOSE_PRINT_COVERAGE=1 to print line by line coverage information
** ExpoSE Finished. 1 paths with 1 errors **
