/root/Targets/redux-data-collections
└─┬ redux-data-collections@0.0.12 
  ├── inflection@1.12.0 
  ├─┬ invariant@2.2.2 
  │ └─┬ loose-envify@1.3.1 
  │   └── js-tokens@3.0.2 
  ├── lodash.get@4.4.2 
  ├── lodash.memoize@4.1.2 
  ├── lodash.snakecase@4.1.1 
  ├── lodash.upperfirst@4.3.1 
  ├─┬ query-string@4.3.4 
  │ ├── object-assign@4.1.1 
  │ └── strict-uri-encode@1.1.0 
  ├── reduce-reducers@0.1.2 
  ├─┬ redux@3.7.2 
  │ ├── lodash@4.17.4 
  │ ├── lodash-es@4.17.4 
  │ └── symbol-observable@1.0.4 
  ├── redux-actions@1.2.2 
  └── redux-saga@0.14.8 

Setup Done exists, not setting up
:../FeatureTester/libs/:/root/Targets/redux-data-collections/node_modules
Set Default Z3_PATH to ./node_modules/z3javascript/bin/libz3.so
ExpoSE Master: /root/ExpoSE/lib/Harness/src/harness.js max concurrent: 16 max paths: 1000000
Setting timeout to 900000
*** [0 done /0 queued / 1 running / 0 errors / 0% coverage ] ****** [0 done /0 queued / 1 running / 0 errors / 0% coverage ] ****** [1 done /0 queued / 0 running / 1 errors / 30% coverage ] ***
*-- Stat Module Output --*
*-- concretizations: ["defineProperty","bound log"]
*-- Stat Module Done --*
*-- Test Case {"_bound":0} start 0.0827 took 4.9488s
*-- Errors occured in test {"_bound":0}
* Error: Error: Cannot find module 'babel-runtime/core-js/object/define-property'
*-- Replay with NO_COMPILE=1 expoSE replay '/root/ExpoSE/lib/Harness/src/harness.js' '{"_bound":0}'
*-- Coverage Data
*- File /root/ExpoSE/lib/Harness/src/harness.js. Coverage (Term): 18% Coverage (LOC): 24%
*- File /root/ExpoSE/lib/S$/bin/symbols.js. Coverage (Term): 16% Coverage (LOC): 34%
*- File /root/Targets/redux-data-collections/node_modules/redux-data-collections/lib/index.js. Coverage (Term): 13% Coverage (LOC): 14%
*- Re-run with EXPOSE_PRINT_COVERAGE=1 to print line by line coverage information
** ExpoSE Finished. 1 paths with 1 errors **
