/root/Targets/regulex
└─┬ regulex@0.0.2 
  └── amdefine@1.0.1 

Setup Done exists, not setting up
:../FeatureTester/libs/:/root/Targets/regulex/node_modules
Set Default Z3_PATH to ./node_modules/z3javascript/bin/libz3.so
ExpoSE Master: /root/ExpoSE/lib/Harness/src/harness.js max concurrent: 16 max paths: 1000000
Setting timeout to 900000
*** [0 done /0 queued / 1 running / 0 errors / 0% coverage ] ****** [0 done /0 queued / 1 running / 0 errors / 0% coverage ] ****** [1 done /0 queued / 0 running / 1 errors / 13% coverage ] ***
*-- Stat Module Output --*
*-- concretizations: ["defineProperty","bound log","isArray","join","apply","toString","stringify","eval"]
*-- Stat Module Done --*
*-- Test Case {"_bound":0} start 0.039 took 9.9881s
*-- Errors occured in test {"_bound":0}
* Error: ReferenceError: require is not defined
*-- Replay with NO_COMPILE=1 expoSE replay '/root/ExpoSE/lib/Harness/src/harness.js' '{"_bound":0}'
*-- Coverage Data
*- File /root/ExpoSE/lib/Harness/src/harness.js. Coverage (Term): 18% Coverage (LOC): 24%
*- File /root/ExpoSE/lib/S$/bin/symbols.js. Coverage (Term): 16% Coverage (LOC): 34%
*- File /root/Targets/regulex/node_modules/regulex/index.js. Coverage (Term): 65% Coverage (LOC): 69%
*- File /root/Targets/regulex/node_modules/amdefine/amdefine.js. Coverage (Term): 53% Coverage (LOC): 58%
*- File /root/Targets/regulex/node_modules/regulex/src/Kit.js. Coverage (Term): 6% Coverage (LOC): 16%
*- File /root/Targets/regulex/node_modules/regulex/src/NFA.js. Coverage (Term): 5% Coverage (LOC): 7%
*- File /root/Targets/regulex/node_modules/regulex/src/RegExp.js. Coverage (Term): 2% Coverage (LOC): 2%
*- File /root/Targets/regulex/node_modules/regulex/src/parse.js. Coverage (Term): 4% Coverage (LOC): 4%
*- File evalIndirect. Coverage (Term): 7% Coverage (LOC): 6%
*- Re-run with EXPOSE_PRINT_COVERAGE=1 to print line by line coverage information
** ExpoSE Finished. 1 paths with 1 errors **
