/root/Targets/rtlcss
└─┬ rtlcss@2.2.0 
  ├─┬ chalk@1.1.3 
  │ ├── ansi-styles@2.2.1 
  │ ├── escape-string-regexp@1.0.5 
  │ ├─┬ has-ansi@2.0.0 
  │ │ └── ansi-regex@2.1.1 
  │ ├── strip-ansi@3.0.1 
  │ └── supports-color@2.0.0 
  ├─┬ findup@0.1.5 
  │ ├── colors@0.6.2 
  │ └── commander@2.1.0 
  ├─┬ mkdirp@0.5.1 
  │ └── minimist@0.0.8 
  ├─┬ postcss@6.0.12 
  │ ├─┬ chalk@2.1.0 
  │ │ └─┬ ansi-styles@3.2.0 
  │ │   └─┬ color-convert@1.9.0 
  │ │     └── color-name@1.1.3 
  │ ├── source-map@0.5.7 
  │ └─┬ supports-color@4.4.0 
  │   └── has-flag@2.0.0 
  └── strip-json-comments@2.0.1 

Setup Done exists, not setting up
:../FeatureTester/libs/:/root/Targets/rtlcss/node_modules
Set Default Z3_PATH to ./node_modules/z3javascript/bin/libz3.so
ExpoSE Master: /root/ExpoSE/lib/Harness/src/harness.js max concurrent: 16 max paths: 1000000
Setting timeout to 900000
*** [0 done /0 queued / 1 running / 0 errors / 0% coverage ] ****** [0 done /0 queued / 1 running / 0 errors / 0% coverage ] ****** [1 done /0 queued / 0 running / 1 errors / 15% coverage ] ***
*-- Stat Module Output --*
*-- concretizations: ["defineProperty","bound log"]
*-- Stat Module Done --*
*-- Test Case {"_bound":0} start 0.0675 took 5.7484s
*-- Errors occured in test {"_bound":0}
* Error: SyntaxError: Unexpected token .
*-- Replay with NO_COMPILE=1 expoSE replay '/root/ExpoSE/lib/Harness/src/harness.js' '{"_bound":0}'
*-- Coverage Data
*- File /root/ExpoSE/lib/Harness/src/harness.js. Coverage (Term): 18% Coverage (LOC): 24%
*- File /root/ExpoSE/lib/S$/bin/symbols.js. Coverage (Term): 16% Coverage (LOC): 34%
*- File /root/Targets/rtlcss/node_modules/rtlcss/lib/rtlcss.js. Coverage (Term): 3% Coverage (LOC): 3%
*- File /root/Targets/rtlcss/node_modules/postcss/lib/postcss.js. Coverage (Term): 11% Coverage (LOC): 11%
*- File /root/Targets/rtlcss/node_modules/postcss/lib/declaration.js. Coverage (Term): 14% Coverage (LOC): 25%
*- File /root/Targets/rtlcss/node_modules/postcss/lib/node.js. Coverage (Term): 4% Coverage (LOC): 5%
*- File /root/Targets/rtlcss/node_modules/postcss/lib/css-syntax-error.js. Coverage (Term): 6% Coverage (LOC): 9%
*- Re-run with EXPOSE_PRINT_COVERAGE=1 to print line by line coverage information
** ExpoSE Finished. 1 paths with 1 errors **
