/root/Targets/rubyjs
└── rubyjs@0.7.2 

Setup Done exists, not setting up
:../FeatureTester/libs/:/root/Targets/rubyjs/node_modules
Set Default Z3_PATH to ./node_modules/z3javascript/bin/libz3.so
ExpoSE Master: /root/ExpoSE/lib/Harness/src/harness.js max concurrent: 16 max paths: 1000000
Setting timeout to 900000
*** [0 done /0 queued / 1 running / 0 errors / 0% coverage ] ****** [0 done /0 queued / 1 running / 0 errors / 0% coverage ] ****** [1 done /0 queued / 0 running / 0 errors / 27% coverage ] ***
*-- Stat Module Output --*
*-- concretizations: ["defineProperty","bound log","call"]
*-- Stat Module Done --*
*-- Test Case {"_bound":0,"Switcher":false,"Target_Switch_Base":0} start 0.0841 took 28.6209s
*-- Coverage Data
*- File /root/ExpoSE/lib/Harness/src/harness.js. Coverage (Term): 39% Coverage (LOC): 43%
*- File /root/ExpoSE/lib/S$/bin/symbols.js. Coverage (Term): 19% Coverage (LOC): 37%
*- File /root/Targets/rubyjs/node_modules/rubyjs/index.js. Coverage (Term): 94% Coverage (LOC): 100%
*- File /root/Targets/rubyjs/node_modules/rubyjs/ruby.js. Coverage (Term): 17% Coverage (LOC): 26%
*- Re-run with EXPOSE_PRINT_COVERAGE=1 to print line by line coverage information
** ExpoSE Finished. 1 paths with 0 errors **
