/root/Targets/rx-react-container
├── UNMET PEER DEPENDENCY babel-runtime@^6.25.0
├── UNMET PEER DEPENDENCY prop-types@^15.5.10
├── UNMET PEER DEPENDENCY react@^15.5.4
├── rx-react-container@0.4.0 
└── UNMET PEER DEPENDENCY rxjs@^5.3.0

Setup Done exists, not setting up
:../FeatureTester/libs/:/root/Targets/rx-react-container/node_modules
Set Default Z3_PATH to ./node_modules/z3javascript/bin/libz3.so
ExpoSE Master: /root/ExpoSE/lib/Harness/src/harness.js max concurrent: 16 max paths: 1000000
Setting timeout to 900000
*** [0 done /0 queued / 1 running / 0 errors / 0% coverage ] ****** [0 done /0 queued / 1 running / 0 errors / 0% coverage ] ****** [1 done /0 queued / 0 running / 1 errors / 21% coverage ] ***
*-- Stat Module Output --*
*-- concretizations: ["defineProperty","bound log"]
*-- Stat Module Done --*
*-- Test Case {"_bound":0} start 0.0397 took 11.0078s
*-- Errors occured in test {"_bound":0}
* Error: Error: Cannot find module 'babel-runtime/core-js/object/assign'
*-- Replay with NO_COMPILE=1 expoSE replay '/root/ExpoSE/lib/Harness/src/harness.js' '{"_bound":0}'
*-- Coverage Data
*- File /root/ExpoSE/lib/Harness/src/harness.js. Coverage (Term): 18% Coverage (LOC): 24%
*- File /root/ExpoSE/lib/S$/bin/symbols.js. Coverage (Term): 16% Coverage (LOC): 34%
*- File /root/Targets/rx-react-container/node_modules/rx-react-container/dist/rx-react-container.cjs.js. Coverage (Term): 4% Coverage (LOC): 6%
*- Re-run with EXPOSE_PRINT_COVERAGE=1 to print line by line coverage information
** ExpoSE Finished. 1 paths with 1 errors **
