/root/Targets/sassdoc-theme-wesm87
└─┬ sassdoc-theme-wesm87@0.0.7 
  ├── extend@3.0.1 
  ├─┬ sassdoc-extras@2.4.1 
  │ └── marked@0.3.6 
  ├─┬ swig@1.4.0 
  │ ├─┬ optimist@0.6.1 
  │ │ ├── minimist@0.0.10 
  │ │ └── wordwrap@0.0.3 
  │ └─┬ uglify-js@2.4.24 
  │   ├── async@0.2.10 
  │   ├─┬ source-map@0.1.34 
  │   │ └── amdefine@1.0.1 
  │   ├── uglify-to-browserify@1.0.2 
  │   └─┬ yargs@3.5.4 
  │     ├── camelcase@1.2.1 
  │     ├── decamelize@1.2.0 
  │     ├── window-size@0.1.0 
  │     └── wordwrap@0.0.2 
  ├─┬ swig-extras@0.0.1 
  │ └─┬ markdown@0.5.0 
  │   └─┬ nopt@2.1.2 
  │     └── abbrev@1.1.1 
  └─┬ themeleon@3.0.2 
    ├── ap@0.2.0 
    ├─┬ consolidate@0.13.1 
    │ └── bluebird@2.11.0 
    ├─┬ fs-extra@0.13.0 
    │ ├─┬ jsonfile@2.4.0 
    │ │ └── graceful-fs@4.1.11 
    │ ├── ncp@1.0.1 
    │ └─┬ rimraf@2.6.2 
    │   └─┬ glob@7.1.2 
    │     ├── fs.realpath@1.0.0 
    │     ├── minimatch@3.0.4 
    │     └── path-is-absolute@1.0.1 
    ├─┬ glob@4.5.3 
    │ ├─┬ inflight@1.0.6 
    │ │ └── wrappy@1.0.2 
    │ ├── inherits@2.0.3 
    │ ├─┬ minimatch@2.0.10 
    │ │ └─┬ brace-expansion@1.1.8 
    │ │   ├── balanced-match@1.0.0 
    │ │   └── concat-map@0.0.1 
    │ └── once@1.4.0 
    ├── merge@1.2.0 
    └── q@1.5.0 

Setup Done exists, not setting up
:../FeatureTester/libs/:/root/Targets/sassdoc-theme-wesm87/node_modules
Set Default Z3_PATH to ./node_modules/z3javascript/bin/libz3.so
ExpoSE Master: /root/ExpoSE/lib/Harness/src/harness.js max concurrent: 16 max paths: 1000000
Setting timeout to 900000
*** [0 done /0 queued / 1 running / 0 errors / 0% coverage ] ****** [0 done /0 queued / 1 running / 0 errors / 0% coverage ] ****** [1 done /0 queued / 0 running / 1 errors / 28.999999999999996% coverage ] ***
*-- Stat Module Output --*
*-- concretizations: ["defineProperty","bound log"]
*-- Stat Module Done --*
*-- Test Case {"_bound":0} start 0.0332 took 2.2862s
*-- Errors occured in test {"_bound":0}
* Error: ReferenceError: extend is not defined
*-- Replay with NO_COMPILE=1 expoSE replay '/root/ExpoSE/lib/Harness/src/harness.js' '{"_bound":0}'
*-- Coverage Data
*- File /root/ExpoSE/lib/Harness/src/harness.js. Coverage (Term): 18% Coverage (LOC): 24%
*- File /root/ExpoSE/lib/S$/bin/symbols.js. Coverage (Term): 16% Coverage (LOC): 34%
*- File /root/Targets/sassdoc-theme-wesm87/node_modules/sassdoc-theme-wesm87/index.js. Coverage (Term): 2% Coverage (LOC): 3%
*- Re-run with EXPOSE_PRINT_COVERAGE=1 to print line by line coverage information
** ExpoSE Finished. 1 paths with 1 errors **
