
> usb@1.2.0 install /root/Targets/sbrick-protocol/node_modules/usb
> node-pre-gyp install --fallback-to-build

make: Entering directory '/root/Targets/sbrick-protocol/node_modules/usb/build'
  CC(target) Release/obj.target/libusb/libusb/libusb/core.o
  CC(target) Release/obj.target/libusb/libusb/libusb/descriptor.o
  CC(target) Release/obj.target/libusb/libusb/libusb/hotplug.o
  CC(target) Release/obj.target/libusb/libusb/libusb/io.o
  CC(target) Release/obj.target/libusb/libusb/libusb/strerror.o
  CC(target) Release/obj.target/libusb/libusb/libusb/sync.o
  CC(target) Release/obj.target/libusb/libusb/libusb/os/poll_posix.o
  CC(target) Release/obj.target/libusb/libusb/libusb/os/threads_posix.o
  CC(target) Release/obj.target/libusb/libusb/libusb/os/linux_usbfs.o
  CC(target) Release/obj.target/libusb/libusb/libusb/os/linux_udev.o
libusb.target.mk:133: recipe for target 'Release/obj.target/libusb/libusb/libusb/os/linux_udev.o' failed
make: Leaving directory '/root/Targets/sbrick-protocol/node_modules/usb/build'
Failed to execute '/root/.nvm/versions/node/v7.5.0/bin/node /root/.nvm/versions/node/v7.5.0/lib/node_modules/npm/node_modules/node-gyp/bin/node-gyp.js build --fallback-to-build --module=/root/Targets/sbrick-protocol/node_modules/usb/src/binding/usb_bindings.node --module_name=usb_bindings --module_path=/root/Targets/sbrick-protocol/node_modules/usb/src/binding' (1)

> bluetooth-hci-socket@0.5.1 install /root/Targets/sbrick-protocol/node_modules/bluetooth-hci-socket
> node-gyp rebuild

make: Entering directory '/root/Targets/sbrick-protocol/node_modules/bluetooth-hci-socket/build'
  CXX(target) Release/obj.target/binding/src/BluetoothHciSocket.o
  SOLINK_MODULE(target) Release/obj.target/binding.node
  COPY Release/binding.node
make: Leaving directory '/root/Targets/sbrick-protocol/node_modules/bluetooth-hci-socket/build'
/root/Targets/sbrick-protocol
└─┬ sbrick-protocol@2.0.2 
  ├─┬ noble@1.8.1 
  │ ├─┬ bluetooth-hci-socket@0.5.1 
  │ │ └── nan@2.7.0 
  │ ├── bplist-parser@0.0.6 
  │ └─┬ debug@2.2.0 
  │   └── ms@0.7.1 
  ├── promise-queue@2.2.3 
  └─┬ winston@2.3.1 
    ├── async@1.0.0 
    ├── colors@1.0.3 
    ├── cycle@1.0.3 
    ├── eyes@0.1.8 
    ├── isstream@0.1.2 
    └── stack-trace@0.0.10 

Setup Done exists, not setting up
:../FeatureTester/libs/:/root/Targets/sbrick-protocol/node_modules
Set Default Z3_PATH to ./node_modules/z3javascript/bin/libz3.so
ExpoSE Master: /root/ExpoSE/lib/Harness/src/harness.js max concurrent: 16 max paths: 1000000
Setting timeout to 900000
*** [0 done /0 queued / 1 running / 0 errors / 0% coverage ] ****** [0 done /0 queued / 1 running / 0 errors / 0% coverage ] ****** [1 done /0 queued / 0 running / 1 errors / 33% coverage ] ***
*-- Stat Module Output --*
*-- concretizations: ["defineProperty","bound log"]
*-- Stat Module Done --*
*-- Test Case {"_bound":0} start 0.0721 took 4.5826s
*-- Errors occured in test {"_bound":0}
* Error: SyntaxError: Unexpected token .
*-- Replay with NO_COMPILE=1 expoSE replay '/root/ExpoSE/lib/Harness/src/harness.js' '{"_bound":0}'
*-- Coverage Data
*- File /root/ExpoSE/lib/Harness/src/harness.js. Coverage (Term): 18% Coverage (LOC): 24%
*- File /root/ExpoSE/lib/S$/bin/symbols.js. Coverage (Term): 16% Coverage (LOC): 34%
*- Re-run with EXPOSE_PRINT_COVERAGE=1 to print line by line coverage information
** ExpoSE Finished. 1 paths with 1 errors **
