/root/Targets/site_cms
└── site_cms@1.0.2 

Setup Done exists, not setting up
:../FeatureTester/libs/:/root/Targets/site_cms/node_modules
Set Default Z3_PATH to ./node_modules/z3javascript/bin/libz3.so
ExpoSE Master: /root/ExpoSE/lib/Harness/src/harness.js max concurrent: 16 max paths: 1000000
Setting timeout to 900000
*** [0 done /0 queued / 1 running / 0 errors / 0% coverage ] ****** [0 done /0 queued / 1 running / 0 errors / 0% coverage ] ****** [1 done /0 queued / 0 running / 1 errors / 33% coverage ] ***
*-- Stat Module Output --*
*-- concretizations: ["defineProperty","bound log"]
*-- Stat Module Done --*
*-- Test Case {"_bound":0} start 0.0297 took 3.533s
*-- Errors occured in test {"_bound":0}
* Error: Tropigate failed because SyntaxError: Unexpected token (1:78) on program <!DOCTYPE html>
<html lang="en" ng-app="appSite" ng-hint>
<head>
    <meta charset="UTF-8">
    <meta name="viewport" content="width=device-width, initial-scale=1.0">
    <title>CMS Site</title>
    <link href="build/styles/app-concat-external.css?r=ad7b61d3-8790-4624-9de3-d1d90b85d528" rel="stylesheet" type="text/css" />
    <link href="build/styles/app-concat.css?r=ad7b61d3-8790-4624-9de3-d1d90b85d528" rel="stylesheet" type="text/css" />

    <link href='https://fonts.googleapis.com/css?family=Raleway' rel='stylesheet' type='text/css'>
    <link href='https://fonts.googleapis.com/css?family=Nunito' rel='stylesheet' type='text/css'>

    <!--
    <script src="//ajax.googleapis.com/ajax/libs/angularjs/1.3.10/angular.js"></script>
            <script src="//cdnjs.cloudflare.com/ajax/libs/angular-ui-router/0.3.0/angular-ui-router.js"></script>

    -->

    
    
    <script src="build/scripts/app-concat-external.js?r=ad7b61d3-8790-4624-9de3-d1d90b85d528"></script>
    <script src="build/scripts/app-concat.js?r=ad7b61d3-8790-4624-9de3-d1d90b85d528"></script>
    <script src="build/templates/templates.js?r=ad7b61d3-8790-4624-9de3-d1d90b85d528"></script>

    
</head>
<body>

    <div id="page-container" ui-view></div>

</body>
</html> at SyntaxError: Unexpected token (1:78)
    at Parser.pp$4.raise (/root/ExpoSE/lib/Tropigate/node_modules/acorn/dist/acorn.js:2221:15)
    at Parser.pp.unexpected (/root/ExpoSE/lib/Tropigate/node_modules/acorn/dist/acorn.js:603:10)
    at Parser.pp$3.parseExprAtom (/root/ExpoSE/lib/Tropigate/node_modules/acorn/dist/acorn.js:1822:12)
    at Parser.parseExprAtom (/root/ExpoSE/lib/Tropigate/bin/Expression.js:28:30)
    at Parser.pp$3.parseExprSubscripts (/root/ExpoSE/lib/Tropigate/node_modules/acorn/dist/acorn.js:1715:21)
    at Parser.parseMaybeUnary (/root/ExpoSE/lib/Tropigate/bin/Unary.js:34:29)
    at Parser.pp$3.parseExprOps (/root/ExpoSE/lib/Tropigate/node_modules/acorn/dist/acorn.js:1637:21)
    at Parser.pp$3.parseMaybeConditional (/root/ExpoSE/lib/Tropigate/node_modules/acorn/dist/acorn.js:1620:21)
    at Parser.pp$3.parseMaybeAssign (/root/ExpoSE/lib/Tropigate/node_modules/acorn/dist/acorn.js:1597:21)
    at Parser.pp$3.parseExpression (/root/ExpoSE/lib/Tropigate/node_modules/acorn/dist/acorn.js:1573:21)
*-- Replay with NO_COMPILE=1 expoSE replay '/root/ExpoSE/lib/Harness/src/harness.js' '{"_bound":0}'
*-- Coverage Data
*- File /root/ExpoSE/lib/Harness/src/harness.js. Coverage (Term): 18% Coverage (LOC): 24%
*- File /root/ExpoSE/lib/S$/bin/symbols.js. Coverage (Term): 16% Coverage (LOC): 34%
*- Re-run with EXPOSE_PRINT_COVERAGE=1 to print line by line coverage information
** ExpoSE Finished. 1 paths with 1 errors **
