
> site-starter@1.0.495 postinstall /root/Targets/site-starter/node_modules/site-starter
> npm install sails-mysql connect-mongo sails-hook-pagify ejs

site-starter@1.0.495 /root/Targets/site-starter/node_modules/site-starter
├─┬ connect-mongo@0.8.2 
│ ├─┬ debug@3.0.1 
│ │ └── ms@2.0.0 
│ ├── depd@1.1.1 
│ ├── lodash@4.17.4 
│ └─┬ mongodb@2.0.55 
│   ├── es6-promise@2.1.1 
│   ├── UNMET PEER DEPENDENCY kerberos@~0.0
│   ├─┬ mongodb-core@1.2.31 
│   │ └── bson@0.4.23 
│   └─┬ readable-stream@1.0.31 
│     ├── core-util-is@1.0.2 
│     ├── inherits@2.0.3 
│     ├── isarray@0.0.1 
│     └── string_decoder@0.10.31 
├── ejs@2.3.4 
├─┬ sails-hook-pagify@0.2.0 
│ └── q@1.5.0 
└─┬ sails-mysql@0.11.5 
  ├── async@1.5.2 
  ├── lodash@3.10.1 
  ├─┬ mysql@2.10.2 
  │ ├── bignumber.js@2.1.4 
  │ └─┬ readable-stream@1.1.13 
  │   ├── core-util-is@1.0.2 
  │   ├── inherits@2.0.1 
  │   ├── isarray@0.0.1 
  │   └── string_decoder@0.10.31 
  ├─┬ waterline-cursor@0.0.6 
  │ ├── async@0.9.2 
  │ └── lodash@2.4.2 
  ├── waterline-errors@0.10.1 
  └─┬ waterline-sequel@0.5.7 
    └── lodash@3.10.0 

- bson@0.4.23 node_modules/site-starter/node_modules/bson
- core-util-is@1.0.2 node_modules/site-starter/node_modules/core-util-is
- depd@1.1.1 node_modules/site-starter/node_modules/depd
- es6-promise@2.1.1 node_modules/site-starter/node_modules/es6-promise
- inherits@2.0.3 node_modules/site-starter/node_modules/inherits
- isarray@0.0.1 node_modules/site-starter/node_modules/isarray
- lodash@4.17.4 node_modules/site-starter/node_modules/lodash
- mongodb-core@1.2.31 node_modules/site-starter/node_modules/mongodb-core
- ms@2.0.0 node_modules/site-starter/node_modules/ms
- debug@3.0.1 node_modules/site-starter/node_modules/debug
- q@1.5.0 node_modules/site-starter/node_modules/sails-hook-pagify/node_modules/q
- async@1.5.2 node_modules/site-starter/node_modules/sails-mysql/node_modules/async
- lodash@3.10.1 node_modules/site-starter/node_modules/sails-mysql/node_modules/lodash
- bignumber.js@2.1.4 node_modules/site-starter/node_modules/sails-mysql/node_modules/mysql/node_modules/bignumber.js
- core-util-is@1.0.2 node_modules/site-starter/node_modules/sails-mysql/node_modules/mysql/node_modules/readable-stream/node_modules/core-util-is
- inherits@2.0.1 node_modules/site-starter/node_modules/sails-mysql/node_modules/mysql/node_modules/readable-stream/node_modules/inherits
- isarray@0.0.1 node_modules/site-starter/node_modules/sails-mysql/node_modules/mysql/node_modules/readable-stream/node_modules/isarray
- string_decoder@0.10.31 node_modules/site-starter/node_modules/sails-mysql/node_modules/mysql/node_modules/readable-stream/node_modules/string_decoder
- readable-stream@1.1.13 node_modules/site-starter/node_modules/sails-mysql/node_modules/mysql/node_modules/readable-stream
- mysql@2.10.2 node_modules/site-starter/node_modules/sails-mysql/node_modules/mysql
- async@0.9.2 node_modules/site-starter/node_modules/sails-mysql/node_modules/waterline-cursor/node_modules/async
- lodash@2.4.2 node_modules/site-starter/node_modules/sails-mysql/node_modules/waterline-cursor/node_modules/lodash
- waterline-cursor@0.0.6 node_modules/site-starter/node_modules/sails-mysql/node_modules/waterline-cursor
- waterline-errors@0.10.1 node_modules/site-starter/node_modules/sails-mysql/node_modules/waterline-errors
- lodash@3.10.0 node_modules/site-starter/node_modules/sails-mysql/node_modules/waterline-sequel/node_modules/lodash
- waterline-sequel@0.5.7 node_modules/site-starter/node_modules/sails-mysql/node_modules/waterline-sequel
- string_decoder@0.10.31 node_modules/site-starter/node_modules/string_decoder
- readable-stream@1.0.31 node_modules/site-starter/node_modules/readable-stream
- mongodb@2.0.55 node_modules/site-starter/node_modules/mongodb
- connect-mongo@0.8.2 node_modules/site-starter/node_modules/connect-mongo
- ejs@2.3.4 node_modules/site-starter/node_modules/ejs
- sails-hook-pagify@0.2.0 node_modules/site-starter/node_modules/sails-hook-pagify
- sails-mysql@0.11.5 node_modules/site-starter/node_modules/sails-mysql
/root/Targets/site-starter
└─┬ site-starter@1.0.495 
  └── UNMET PEER DEPENDENCY webpack@>=1.12.9 <3.0.0

Setup Done exists, not setting up
:../FeatureTester/libs/:/root/Targets/site-starter/node_modules
Set Default Z3_PATH to ./node_modules/z3javascript/bin/libz3.so
ExpoSE Master: /root/ExpoSE/lib/Harness/src/harness.js max concurrent: 16 max paths: 1000000
Setting timeout to 900000
*** [0 done /0 queued / 1 running / 0 errors / 0% coverage ] ****** [0 done /0 queued / 1 running / 0 errors / 0% coverage ] ****** [1 done /0 queued / 0 running / 1 errors / 32% coverage ] ***
*-- Stat Module Output --*
*-- concretizations: ["defineProperty","bound log"]
*-- Stat Module Done --*
*-- Test Case {"_bound":0} start 0.0385 took 3.5332s
*-- Errors occured in test {"_bound":0}
* Error: ReferenceError: sails is not defined
*-- Replay with NO_COMPILE=1 expoSE replay '/root/ExpoSE/lib/Harness/src/harness.js' '{"_bound":0}'
*-- Coverage Data
*- File /root/ExpoSE/lib/Harness/src/harness.js. Coverage (Term): 18% Coverage (LOC): 24%
*- File /root/ExpoSE/lib/S$/bin/symbols.js. Coverage (Term): 16% Coverage (LOC): 34%
*- File /root/Targets/site-starter/node_modules/site-starter/index.js. Coverage (Term): 11% Coverage (LOC): 17%
*- Re-run with EXPOSE_PRINT_COVERAGE=1 to print line by line coverage information
** ExpoSE Finished. 1 paths with 1 errors **
