
> uws@0.14.5 install /root/Targets/skateboard/node_modules/uws
> node-gyp rebuild > build_log.txt 2>&1 || exit 0

/root/Targets/skateboard
└─┬ skateboard@2.0.0 
  ├─┬ engine.io@3.1.2 
  │ ├─┬ accepts@1.3.3 
  │ │ └─┬ mime-types@2.1.17 
  │ │   └── mime-db@1.30.0 
  │ ├── base64id@1.0.0 
  │ ├── cookie@0.3.1 
  │ ├─┬ debug@2.6.9 
  │ │ └── ms@2.0.0 
  │ ├─┬ engine.io-parser@2.1.1 
  │ │ ├── after@0.8.2 
  │ │ ├── arraybuffer.slice@0.0.6 
  │ │ ├── base64-arraybuffer@0.1.5 
  │ │ ├── blob@0.0.4 
  │ │ └─┬ has-binary2@1.0.2 
  │ │   └── isarray@2.0.1 
  │ ├── uws@0.14.5 
  │ └─┬ ws@2.3.1 
  │   ├── safe-buffer@5.0.1 
  │   └── ultron@1.1.0 
  ├─┬ engine.io-client@3.1.2 
  │ ├── component-emitter@1.2.1 
  │ ├── component-inherit@0.0.3 
  │ ├── has-cors@1.1.0 
  │ ├── indexof@0.0.1 
  │ ├─┬ parseqs@0.0.5 
  │ │ └─┬ better-assert@1.0.2 
  │ │   └── callsite@1.0.0 
  │ ├── parseuri@0.0.5 
  │ ├── xmlhttprequest-ssl@1.5.3 
  │ └── yeast@0.1.2 
  └─┬ st@1.2.0 
    ├─┬ async-cache@1.1.0 
    │ └─┬ lru-cache@4.1.1 
    │   ├── pseudomap@1.0.2 
    │   └── yallist@2.1.2 
    ├─┬ bl@1.1.2 
    │ └─┬ readable-stream@2.0.6 
    │   ├── core-util-is@1.0.2 
    │   ├── inherits@2.0.3 
    │   ├── isarray@1.0.0 
    │   ├── process-nextick-args@1.0.7 
    │   ├── string_decoder@0.10.31 
    │   └── util-deprecate@1.0.2 
    ├── fd@0.0.2 
    ├── graceful-fs@4.1.11 
    ├── mime@1.3.6 
    └── negotiator@0.6.1 

Setup Done exists, not setting up
:../FeatureTester/libs/:/root/Targets/skateboard/node_modules
Set Default Z3_PATH to ./node_modules/z3javascript/bin/libz3.so
ExpoSE Master: /root/ExpoSE/lib/Harness/src/harness.js max concurrent: 16 max paths: 1000000
Setting timeout to 900000
*** [0 done /0 queued / 1 running / 0 errors / 0% coverage ] ****** [0 done /0 queued / 1 running / 0 errors / 0% coverage ] ****** [1 done /0 queued / 0 running / 1 errors / 23% coverage ] ***
*-- Stat Module Output --*
*-- concretizations: ["defineProperty","bound log","create","getOwnPropertyNames","getOwnPropertyDescriptor","call","apply","for"]
*-- Stat Module Done --*
*-- Test Case {"_bound":0} start 0.0224 took 17.1204s
*-- Errors occured in test {"_bound":0}
* Error: ReferenceError: fs is not defined
*-- Replay with NO_COMPILE=1 expoSE replay '/root/ExpoSE/lib/Harness/src/harness.js' '{"_bound":0}'
*-- Coverage Data
*- File /root/ExpoSE/lib/Harness/src/harness.js. Coverage (Term): 18% Coverage (LOC): 24%
*- File /root/ExpoSE/lib/S$/bin/symbols.js. Coverage (Term): 16% Coverage (LOC): 34%
*- File /root/Targets/skateboard/node_modules/skateboard/index.js. Coverage (Term): 8% Coverage (LOC): 7%
*- File /root/Targets/skateboard/node_modules/st/st.js. Coverage (Term): 4% Coverage (LOC): 4%
*- File /root/Targets/skateboard/node_modules/mime/mime.js. Coverage (Term): 55% Coverage (LOC): 75%
*- File /root/Targets/skateboard/node_modules/graceful-fs/graceful-fs.js. Coverage (Term): 27% Coverage (LOC): 33%
*- File /root/Targets/skateboard/node_modules/graceful-fs/polyfills.js. Coverage (Term): 31% Coverage (LOC): 39%
*- File /root/Targets/skateboard/node_modules/graceful-fs/fs.js. Coverage (Term): 87% Coverage (LOC): 100%
*- File /root/Targets/skateboard/node_modules/graceful-fs/legacy-streams.js. Coverage (Term): 6% Coverage (LOC): 5%
*- File /root/Targets/skateboard/node_modules/negotiator/index.js. Coverage (Term): 33% Coverage (LOC): 47%
*- File /root/Targets/skateboard/node_modules/async-cache/ac.js. Coverage (Term): 17% Coverage (LOC): 28%
*- File /root/Targets/skateboard/node_modules/lru-cache/index.js. Coverage (Term): 15% Coverage (LOC): 24%
*- File /root/Targets/skateboard/node_modules/pseudomap/map.js. Coverage (Term): 68% Coverage (LOC): 88%
*- File /root/Targets/skateboard/node_modules/yallist/yallist.js. Coverage (Term): 9% Coverage (LOC): 16%
*- File /root/Targets/skateboard/node_modules/fd/index.js. Coverage (Term): 1% Coverage (LOC): 2%
*- Re-run with EXPOSE_PRINT_COVERAGE=1 to print line by line coverage information
** ExpoSE Finished. 1 paths with 1 errors **
