/root/Targets/slimerjs-firefox-no-download
└── slimerjs-firefox-no-download@1.0.0 

Setup Done exists, not setting up
:../FeatureTester/libs/:/root/Targets/slimerjs-firefox-no-download/node_modules
Set Default Z3_PATH to ./node_modules/z3javascript/bin/libz3.so
ExpoSE Master: /root/ExpoSE/lib/Harness/src/harness.js max concurrent: 16 max paths: 1000000
Setting timeout to 900000
*** [0 done /0 queued / 1 running / 0 errors / 0% coverage ] ****** [0 done /0 queued / 1 running / 0 errors / 0% coverage ] ****** [1 done /1 queued / 1 running / 1 errors / 47% coverage ] ****** [1 done /0 queued / 2 running / 1 errors / 47% coverage ] ****** [1 done /0 queued / 2 running / 1 errors / 47% coverage ] ****** [2 done /0 queued / 1 running / 1 errors / 47% coverage ] ****** [3 done /0 queued / 1 running / 2 errors / 48% coverage ] ****** [3 done /0 queued / 1 running / 2 errors / 48% coverage ] ****** [4 done /0 queued / 1 running / 3 errors / 49% coverage ] ****** [4 done /0 queued / 1 running / 3 errors / 49% coverage ] ****** [5 done /0 queued / 0 running / 4 errors / 49% coverage ] ***
*-- Stat Module Output --*
*-- concretizations: ["defineProperty","bound log","toString","apply","bound "]
*-- Stat Module Done --*
*-- Test Case {"_bound":0,"Switcher":false,"Target_Switch_Base":0,"ExpansionArg_type":0} start 0.0824 took 3.9426s
*-- Errors occured in test {"_bound":0,"Switcher":false,"Target_Switch_Base":0,"ExpansionArg_type":0}
* Error: TypeError: Cannot read property 'replace' of undefined
*-- Replay with NO_COMPILE=1 expoSE replay '/root/ExpoSE/lib/Harness/src/harness.js' '{"_bound":0}'
*-- Test Case {"Switcher":false,"Target_Switch_Base":1,"ExpansionArg_type":0,"_bound":1} start 4.1224 took 4.1548s
*-- Test Case {"Switcher":false,"Target_Switch_Base":0,"ExpansionArg_type":1,"_bound":2} start 4.0846 took 6.2129s
*-- Errors occured in test {"Switcher":false,"Target_Switch_Base":0,"ExpansionArg_type":1,"_bound":2}
* Error: TypeError: Cannot read property 'replace' of null
*-- Replay with NO_COMPILE=1 expoSE replay '/root/ExpoSE/lib/Harness/src/harness.js' '{"Switcher":false,"Target_Switch_Base":0,"ExpansionArg_type":1,"_bound":2}'
*-- Test Case {"Switcher":false,"Target_Switch_Base":0,"ExpansionArg_type":2,"_bound":3,"ExpansionArg_int":0} start 10.3142 took 5.6902s
*-- Errors occured in test {"Switcher":false,"Target_Switch_Base":0,"ExpansionArg_type":2,"_bound":3,"ExpansionArg_int":0}
* Error: TypeError: Function.prototype.apply was called on undefined, which is a undefined and not a function
*-- Replay with NO_COMPILE=1 expoSE replay '/root/ExpoSE/lib/Harness/src/harness.js' '{"Switcher":false,"Target_Switch_Base":0,"ExpansionArg_type":2,"_bound":3}'
*-- Test Case {"Switcher":false,"Target_Switch_Base":0,"ExpansionArg_type":3,"ExpansionArg_int":0,"_bound":4} start 16.052 took 613.224s
*-- Errors occured in test {"Switcher":false,"Target_Switch_Base":0,"ExpansionArg_type":3,"ExpansionArg_int":0,"_bound":4}
* Error: Exception E: SyntaxError: Unexpected end of JSON input of test data on 
* Error: Exception E: SyntaxError: Unexpected end of JSON input of coverage data on 
* Error: Error extracting final output - a fatal error must have occured
*-- Replay with NO_COMPILE=1 expoSE replay '/root/ExpoSE/lib/Harness/src/harness.js' '{"Switcher":false,"Target_Switch_Base":0,"ExpansionArg_type":3,"ExpansionArg_int":0,"_bound":4}'
*-- Coverage Data
*- File /root/ExpoSE/lib/Harness/src/harness.js. Coverage (Term): 81% Coverage (LOC): 86%
*- File /root/ExpoSE/lib/S$/bin/symbols.js. Coverage (Term): 23% Coverage (LOC): 41%
*- File /root/Targets/slimerjs-firefox-no-download/node_modules/slimerjs-firefox-no-download/lib/slimerjs-firefox.js. Coverage (Term): 44% Coverage (LOC): 59%
*- Re-run with EXPOSE_PRINT_COVERAGE=1 to print line by line coverage information
** ExpoSE Finished. 5 paths with 4 errors **
