/root/Targets/slim-validation
└── slim-validation@0.6.0 

Setup Done exists, not setting up
:../FeatureTester/libs/:/root/Targets/slim-validation/node_modules
Set Default Z3_PATH to ./node_modules/z3javascript/bin/libz3.so
ExpoSE Master: /root/ExpoSE/lib/Harness/src/harness.js max concurrent: 16 max paths: 1000000
Setting timeout to 900000
*** [0 done /0 queued / 1 running / 0 errors / 0% coverage ] ****** [0 done /0 queued / 1 running / 0 errors / 0% coverage ] ****** [1 done /0 queued / 0 running / 1 errors / 36% coverage ] ***
*-- Stat Module Output --*
*-- concretizations: ["defineProperty","bound log"]
*-- Stat Module Done --*
*-- Test Case {"_bound":0} start 0.0798 took 5.6445s
*-- Errors occured in test {"_bound":0}
* Error: ReferenceError: jQuery is not defined
*-- Replay with NO_COMPILE=1 expoSE replay '/root/ExpoSE/lib/Harness/src/harness.js' '{"_bound":0}'
*-- Coverage Data
*- File /root/ExpoSE/lib/Harness/src/harness.js. Coverage (Term): 18% Coverage (LOC): 24%
*- File /root/ExpoSE/lib/S$/bin/symbols.js. Coverage (Term): 16% Coverage (LOC): 34%
*- File /root/Targets/slim-validation/node_modules/slim-validation/src/slim-validation.jquery.js. Coverage (Term): 5% Coverage (LOC): 5%
*- File /root/Targets/slim-validation/node_modules/slim-validation/src/modules/Validator.js. Coverage (Term): 22% Coverage (LOC): 58%
*- File /root/Targets/slim-validation/node_modules/slim-validation/src/modules/ObjectExtender.js. Coverage (Term): 82% Coverage (LOC): 92%
*- File /root/Targets/slim-validation/node_modules/slim-validation/src/modules/ValidationRule.js. Coverage (Term): 94% Coverage (LOC): 100%
*- Re-run with EXPOSE_PRINT_COVERAGE=1 to print line by line coverage information
** ExpoSE Finished. 1 paths with 1 errors **
