/root/Targets/spotspec
└─┬ spotspec@0.0.6 
  ├─┬ aws-sdk@2.125.0 
  │ ├─┬ buffer@4.9.1 
  │ │ ├── base64-js@1.2.1 
  │ │ ├── ieee754@1.1.8 
  │ │ └── isarray@1.0.0 
  │ ├── crypto-browserify@1.0.9 
  │ ├── events@1.1.1 
  │ ├── jmespath@0.15.0 
  │ ├── querystring@0.2.0 
  │ ├── sax@1.2.1 
  │ ├─┬ url@0.10.3 
  │ │ └── punycode@1.3.2 
  │ ├── uuid@3.0.1 
  │ ├── xml2js@0.4.17 
  │ └─┬ xmlbuilder@4.2.1 
  │   └── lodash@4.17.4 
  └─┬ winston@2.3.1 
    ├── async@1.0.0 
    ├── colors@1.0.3 
    ├── cycle@1.0.3 
    ├── eyes@0.1.8 
    ├── isstream@0.1.2 
    └── stack-trace@0.0.10 

Setup Done exists, not setting up
:../FeatureTester/libs/:/root/Targets/spotspec/node_modules
Set Default Z3_PATH to ./node_modules/z3javascript/bin/libz3.so
ExpoSE Master: /root/ExpoSE/lib/Harness/src/harness.js max concurrent: 16 max paths: 1000000
Setting timeout to 900000
*** [0 done /0 queued / 1 running / 0 errors / 0% coverage ] ****** [0 done /0 queued / 1 running / 0 errors / 0% coverage ] ****** [1 done /0 queued / 0 running / 1 errors / 20% coverage ] ***
*-- Stat Module Output --*
*-- concretizations: ["defineProperty","bound log"]
*-- Stat Module Done --*
*-- Test Case {"_bound":0} start 0.0416 took 3.7146s
*-- Errors occured in test {"_bound":0}
* Error: ReferenceError: Const is not defined
*-- Replay with NO_COMPILE=1 expoSE replay '/root/ExpoSE/lib/Harness/src/harness.js' '{"_bound":0}'
*-- Coverage Data
*- File /root/ExpoSE/lib/Harness/src/harness.js. Coverage (Term): 18% Coverage (LOC): 24%
*- File /root/ExpoSE/lib/S$/bin/symbols.js. Coverage (Term): 16% Coverage (LOC): 34%
*- File /root/Targets/spotspec/node_modules/spotspec/lib/spotspec.js. Coverage (Term): 0% Coverage (LOC): 1%
*- Re-run with EXPOSE_PRINT_COVERAGE=1 to print line by line coverage information
** ExpoSE Finished. 1 paths with 1 errors **
