/root/Targets/static-react-router
├── UNMET PEER DEPENDENCY react@^0.12.2
├── UNMET PEER DEPENDENCY react-router@^0.12.4
└─┬ static-react-router@1.0.2 
  ├── lodash@3.10.1 
  └─┬ node-jsx@0.12.4 
    └─┬ react-tools@0.12.2 
      ├─┬ commoner@0.10.8 
      │ ├── commander@2.11.0 
      │ ├─┬ detective@4.5.0 
      │ │ ├── acorn@4.0.13 
      │ │ └── defined@1.0.0 
      │ ├─┬ glob@5.0.15 
      │ │ ├─┬ inflight@1.0.6 
      │ │ │ └── wrappy@1.0.2 
      │ │ ├── inherits@2.0.3 
      │ │ ├─┬ minimatch@3.0.4 
      │ │ │ └─┬ brace-expansion@1.1.8 
      │ │ │   ├── balanced-match@1.0.0 
      │ │ │   └── concat-map@0.0.1 
      │ │ ├── once@1.4.0 
      │ │ └── path-is-absolute@1.0.1 
      │ ├── graceful-fs@4.1.11 
      │ ├── iconv-lite@0.4.19 
      │ ├─┬ mkdirp@0.5.1 
      │ │ └── minimist@0.0.8 
      │ ├── private@0.1.7 
      │ ├── q@1.5.0 
      │ └─┬ recast@0.11.23 
      │   ├── ast-types@0.9.6 
      │   ├── esprima@3.1.3 
      │   └── source-map@0.5.7 
      └─┬ jstransform@8.2.0 
        ├── base62@0.1.1 
        ├── esprima-fb@8001.1001.0-dev-harmony-fb 
        └─┬ source-map@0.1.31 
          └── amdefine@1.0.1 

Setup Done exists, not setting up
:../FeatureTester/libs/:/root/Targets/static-react-router/node_modules
Set Default Z3_PATH to ./node_modules/z3javascript/bin/libz3.so
ExpoSE Master: /root/ExpoSE/lib/Harness/src/harness.js max concurrent: 16 max paths: 1000000
Setting timeout to 900000
*** [0 done /0 queued / 1 running / 0 errors / 0% coverage ] ****** [0 done /0 queued / 1 running / 0 errors / 0% coverage ] ****** [1 done /0 queued / 0 running / 1 errors / 31% coverage ] ***
*-- Stat Module Output --*
*-- concretizations: ["defineProperty","bound log","call","RegExp","WeakMap","max","Array"]
*-- Stat Module Done --*
*-- Test Case {"_bound":0} start 0.0449 took 27.5664s
*-- Errors occured in test {"_bound":0}
* Error: Error: Cannot find module 'react'
*-- Replay with NO_COMPILE=1 expoSE replay '/root/ExpoSE/lib/Harness/src/harness.js' '{"_bound":0}'
*-- Coverage Data
*- File /root/ExpoSE/lib/Harness/src/harness.js. Coverage (Term): 18% Coverage (LOC): 24%
*- File /root/ExpoSE/lib/S$/bin/symbols.js. Coverage (Term): 16% Coverage (LOC): 34%
*- File /root/Targets/static-react-router/node_modules/static-react-router/build.js. Coverage (Term): 21% Coverage (LOC): 21%
*- File /root/Targets/static-react-router/node_modules/lodash/index.js. Coverage (Term): 20% Coverage (LOC): 31%
*- Re-run with EXPOSE_PRINT_COVERAGE=1 to print line by line coverage information
** ExpoSE Finished. 1 paths with 1 errors **
