/root/Targets/stun-js
└─┬ stun-js@0.6.0 
  ├── args-js@0.10.12 
  ├─┬ chrome-dgram@3.0.1 
  │ ├── inherits@2.0.3 
  │ └── run-series@1.1.4 
  ├── chrome-net@3.3.0 
  ├── ip@1.1.5 
  ├── merge@1.2.0 
  ├── q@1.4.1 
  ├─┬ winston@2.3.1 
  │ ├── async@1.0.0 
  │ ├── colors@1.0.3 
  │ ├── cycle@1.0.3 
  │ ├── eyes@0.1.8 
  │ ├── isstream@0.1.2 
  │ └── stack-trace@0.0.10 
  ├── winston-browser@1.0.0 
  ├─┬ winston-debug@1.1.0 
  │ └─┬ debug@2.6.0 
  │   └── ms@0.7.2 
  └─┬ winston-meta-wrapper@1.2.0 
    └── lodash@4.15.0 

Setup Done exists, not setting up
:../FeatureTester/libs/:/root/Targets/stun-js/node_modules
Set Default Z3_PATH to ./node_modules/z3javascript/bin/libz3.so
ExpoSE Master: /root/ExpoSE/lib/Harness/src/harness.js max concurrent: 16 max paths: 1000000
Setting timeout to 900000
*** [0 done /0 queued / 1 running / 0 errors / 0% coverage ] ****** [0 done /0 queued / 1 running / 0 errors / 0% coverage ] ****** [1 done /0 queued / 0 running / 1 errors / 31% coverage ] ***
*-- Stat Module Output --*
*-- concretizations: ["defineProperty","bound log"]
*-- Stat Module Done --*
*-- Test Case {"_bound":0} start 0.0256 took 2.1547s
*-- Errors occured in test {"_bound":0}
* Error: ReferenceError: Attributes is not defined
*-- Replay with NO_COMPILE=1 expoSE replay '/root/ExpoSE/lib/Harness/src/harness.js' '{"_bound":0}'
*-- Coverage Data
*- File /root/ExpoSE/lib/Harness/src/harness.js. Coverage (Term): 18% Coverage (LOC): 24%
*- File /root/ExpoSE/lib/S$/bin/symbols.js. Coverage (Term): 16% Coverage (LOC): 34%
*- File /root/Targets/stun-js/node_modules/stun-js/index.js. Coverage (Term): 4% Coverage (LOC): 6%
*- Re-run with EXPOSE_PRINT_COVERAGE=1 to print line by line coverage information
** ExpoSE Finished. 1 paths with 1 errors **
