
> sui-pre-commit-rules@0.6.0 install /root/Targets/sui-pre-commit-rules/node_modules/sui-pre-commit-rules
> node bin/install.js

/root/Targets/sui-pre-commit-rules
└─┬ sui-pre-commit-rules@0.6.0 
  ├─┬ gh-pages@0.3.1 
  │ ├── async@0.2.9 
  │ ├─┬ commander@2.8.1 
  │ │ └── graceful-readlink@1.0.1 
  │ ├─┬ glob@4.0.6 
  │ │ ├─┬ graceful-fs@3.0.11 
  │ │ │ └── natives@1.1.0 
  │ │ ├── inherits@2.0.3 
  │ │ ├─┬ minimatch@1.0.0 
  │ │ │ ├── lru-cache@2.7.3 
  │ │ │ └── sigmund@1.0.1 
  │ │ └─┬ once@1.4.0 
  │ │   └── wrappy@1.0.2 
  │ ├── graceful-fs@2.0.1 
  │ ├── lodash@2.4.2 
  │ ├── q@1.0.1 
  │ ├─┬ q-io@1.11.6 
  │ │ ├─┬ collections@0.2.2 
  │ │ │ └── weak-map@1.0.0 
  │ │ ├── mime@1.4.1 
  │ │ ├── mimeparse@0.1.4 
  │ │ ├── qs@1.2.2 
  │ │ └── url2@0.0.0 
  │ └── wrench@1.5.1 
  └── git-validate@1.2.1 

Setup Done exists, not setting up
:../FeatureTester/libs/:/root/Targets/sui-pre-commit-rules/node_modules
Set Default Z3_PATH to ./node_modules/z3javascript/bin/libz3.so
ExpoSE Master: /root/ExpoSE/lib/Harness/src/harness.js max concurrent: 16 max paths: 1000000
Setting timeout to 900000
*** [0 done /0 queued / 1 running / 0 errors / 0% coverage ] ****** [0 done /0 queued / 1 running / 0 errors / 0% coverage ] ****** [1 done /0 queued / 0 running / 1 errors / 33% coverage ] ***
*-- Stat Module Output --*
*-- concretizations: ["defineProperty","bound log"]
*-- Stat Module Done --*
*-- Test Case {"_bound":0} start 0.0938 took 5.3733s
*-- Errors occured in test {"_bound":0}
* Error: Error: Cannot find module 'sui-pre-commit-rules'
*-- Replay with NO_COMPILE=1 expoSE replay '/root/ExpoSE/lib/Harness/src/harness.js' '{"_bound":0}'
*-- Coverage Data
*- File /root/ExpoSE/lib/Harness/src/harness.js. Coverage (Term): 18% Coverage (LOC): 24%
*- File /root/ExpoSE/lib/S$/bin/symbols.js. Coverage (Term): 16% Coverage (LOC): 34%
*- Re-run with EXPOSE_PRINT_COVERAGE=1 to print line by line coverage information
** ExpoSE Finished. 1 paths with 1 errors **
