/root/Targets/survey-jquery
└─┬ survey-jquery@0.12.30 
  ├── @types/react@15.0.21 
  └── jquery@3.2.1 

Setup Done exists, not setting up
:../FeatureTester/libs/:/root/Targets/survey-jquery/node_modules
Set Default Z3_PATH to ./node_modules/z3javascript/bin/libz3.so
ExpoSE Master: /root/ExpoSE/lib/Harness/src/harness.js max concurrent: 16 max paths: 1000000
Setting timeout to 900000
*** [0 done /0 queued / 1 running / 0 errors / 0% coverage ] ****** [0 done /0 queued / 1 running / 0 errors / 0% coverage ] ****** [1 done /0 queued / 0 running / 1 errors / 33% coverage ] ***
*-- Stat Module Output --*
*-- concretizations: ["defineProperty","bound log","call","apply","for","bind","resolve","Array","isArray"]
*-- Stat Module Done --*
*-- Test Case {"_bound":0} start 0.0627 took 98.751s
*-- Errors occured in test {"_bound":0}
* Error: ReferenceError: navigator is not defined
*-- Replay with NO_COMPILE=1 expoSE replay '/root/ExpoSE/lib/Harness/src/harness.js' '{"_bound":0}'
*-- Coverage Data
*- File /root/ExpoSE/lib/Harness/src/harness.js. Coverage (Term): 18% Coverage (LOC): 24%
*- File /root/ExpoSE/lib/S$/bin/symbols.js. Coverage (Term): 16% Coverage (LOC): 34%
*- File /root/Targets/survey-jquery/node_modules/survey-jquery/survey.jquery.js. Coverage (Term): 25% Coverage (LOC): 44%
*- File /root/Targets/survey-jquery/node_modules/jquery/dist/jquery.js. Coverage (Term): 0% Coverage (LOC): 0%
*- Re-run with EXPOSE_PRINT_COVERAGE=1 to print line by line coverage information
** ExpoSE Finished. 1 paths with 1 errors **
