/root/Targets/taxi-js-build
└── taxi-js-build@1.0.1 

Setup Done exists, not setting up
:../FeatureTester/libs/:/root/Targets/taxi-js-build/node_modules
Set Default Z3_PATH to ./node_modules/z3javascript/bin/libz3.so
ExpoSE Master: /root/ExpoSE/lib/Harness/src/harness.js max concurrent: 16 max paths: 1000000
Setting timeout to 900000
*** [0 done /0 queued / 1 running / 0 errors / 0% coverage ] ****** [0 done /0 queued / 1 running / 0 errors / 0% coverage ] ****** [1 done /0 queued / 0 running / 1 errors / 4% coverage ] ***
*-- Stat Module Output --*
*-- concretizations: ["defineProperty","bound log","call"]
*-- Stat Module Done --*
*-- Test Case {"_bound":0} start 0.0802 took 24.7085s
*-- Errors occured in test {"_bound":0}
* Error: ReferenceError: window is not defined
*-- Replay with NO_COMPILE=1 expoSE replay '/root/ExpoSE/lib/Harness/src/harness.js' '{"_bound":0}'
*-- Coverage Data
*- File /root/ExpoSE/lib/Harness/src/harness.js. Coverage (Term): 18% Coverage (LOC): 24%
*- File /root/ExpoSE/lib/S$/bin/symbols.js. Coverage (Term): 16% Coverage (LOC): 34%
*- File /root/Targets/taxi-js-build/node_modules/taxi-js-build/common.en.js. Coverage (Term): 0% Coverage (LOC): 3%
*- Re-run with EXPOSE_PRINT_COVERAGE=1 to print line by line coverage information
** ExpoSE Finished. 1 paths with 1 errors **
