/root/Targets/teadou-boilerplate
└─┬ teadou-boilerplate@0.1.0 
  ├─┬ react@15.6.2 
  │ ├── create-react-class@15.6.2 
  │ ├─┬ fbjs@0.8.16 
  │ │ ├── core-js@1.2.7 
  │ │ ├─┬ isomorphic-fetch@2.2.1 
  │ │ │ ├─┬ node-fetch@1.7.3 
  │ │ │ │ ├─┬ encoding@0.1.12 
  │ │ │ │ │ └── iconv-lite@0.4.19 
  │ │ │ │ └── is-stream@1.1.0 
  │ │ │ └── whatwg-fetch@2.0.3 
  │ │ ├─┬ promise@7.3.1 
  │ │ │ └── asap@2.0.6 
  │ │ ├── setimmediate@1.0.5 
  │ │ └── ua-parser-js@0.7.14 
  │ ├─┬ loose-envify@1.3.1 
  │ │ └── js-tokens@3.0.2 
  │ ├── object-assign@4.1.1 
  │ └── prop-types@15.6.0 
  ├── react-dom@15.6.2 
  ├── teadou@0.1.11 
  └── teapan@0.1.16 

Setup Done exists, not setting up
:../FeatureTester/libs/:/root/Targets/teadou-boilerplate/node_modules
Set Default Z3_PATH to ./node_modules/z3javascript/bin/libz3.so
ExpoSE Master: /root/ExpoSE/lib/Harness/src/harness.js max concurrent: 16 max paths: 1000000
Setting timeout to 900000
*** [0 done /0 queued / 1 running / 0 errors / 0% coverage ] ****** [0 done /0 queued / 1 running / 0 errors / 0% coverage ] ****** [1 done /0 queued / 0 running / 1 errors / 33% coverage ] ***
*-- Stat Module Output --*
*-- concretizations: ["defineProperty","bound log"]
*-- Stat Module Done --*
*-- Test Case {"_bound":0} start 0.0345 took 3.2148s
*-- Errors occured in test {"_bound":0}
* Error: Tropigate failed because SyntaxError: Unexpected token (1:78) on program <!DOCTYPE html>
<html lang="en">
<head>
  <meta charset="utf-8">
  <meta http-equiv="X-UA-Compatible" content="IE=edge,chrome=1">
  <meta name="description" content="">
  <meta name="keywords" content="">
  <meta name="viewport" content="width=device-width, initial-scale=1, maximum-scale=1, user-scalable=no">
  <meta name="renderer" content="webkit">
  <meta http-equiv="Cache-Control" content="no-siteapp"/>
  <title>Teadou Boilerplate</title>
  <link rel="stylesheet" href="vendor/teadou.min.css">
  <link rel="stylesheet" href="css/app.min.css">
</head>
<body >
  <div id="app"></div>
  <script src="vendor/react.min.js"></script>
  <script src="vendor/react-dom.min.js"></script>
  <script src="vendor/teadou.min.js"></script>
  <script src="js/app.min.js"></script>
</body>
</html> at SyntaxError: Unexpected token (1:78)
    at Parser.pp$4.raise (/root/ExpoSE/lib/Tropigate/node_modules/acorn/dist/acorn.js:2221:15)
    at Parser.pp.unexpected (/root/ExpoSE/lib/Tropigate/node_modules/acorn/dist/acorn.js:603:10)
    at Parser.pp$3.parseExprAtom (/root/ExpoSE/lib/Tropigate/node_modules/acorn/dist/acorn.js:1822:12)
    at Parser.parseExprAtom (/root/ExpoSE/lib/Tropigate/bin/Expression.js:28:30)
    at Parser.pp$3.parseExprSubscripts (/root/ExpoSE/lib/Tropigate/node_modules/acorn/dist/acorn.js:1715:21)
    at Parser.parseMaybeUnary (/root/ExpoSE/lib/Tropigate/bin/Unary.js:34:29)
    at Parser.pp$3.parseExprOps (/root/ExpoSE/lib/Tropigate/node_modules/acorn/dist/acorn.js:1637:21)
    at Parser.pp$3.parseMaybeConditional (/root/ExpoSE/lib/Tropigate/node_modules/acorn/dist/acorn.js:1620:21)
    at Parser.pp$3.parseMaybeAssign (/root/ExpoSE/lib/Tropigate/node_modules/acorn/dist/acorn.js:1597:21)
    at Parser.pp$3.parseExpression (/root/ExpoSE/lib/Tropigate/node_modules/acorn/dist/acorn.js:1573:21)
*-- Replay with NO_COMPILE=1 expoSE replay '/root/ExpoSE/lib/Harness/src/harness.js' '{"_bound":0}'
*-- Coverage Data
*- File /root/ExpoSE/lib/Harness/src/harness.js. Coverage (Term): 18% Coverage (LOC): 24%
*- File /root/ExpoSE/lib/S$/bin/symbols.js. Coverage (Term): 16% Coverage (LOC): 34%
*- Re-run with EXPOSE_PRINT_COVERAGE=1 to print line by line coverage information
** ExpoSE Finished. 1 paths with 1 errors **
