/root/Targets/tenon-base
├── UNMET PEER DEPENDENCY react@>=15.3.0
├─┬ tenon-base@2.1.1 
│ ├─┬ babel-polyfill@6.26.0 
│ │ ├─┬ babel-runtime@6.26.0 
│ │ │ └── regenerator-runtime@0.11.0 
│ │ ├── core-js@2.5.1 
│ │ └── regenerator-runtime@0.10.5 
│ ├── classnames@2.2.5 
│ ├── cookies-js@1.2.3 
│ ├── es6-promise@3.3.1 
│ ├── fetch-polyfill@0.8.2 
│ ├─┬ file-system@2.2.2 
│ │ ├── file-match@1.0.2 
│ │ └── utils-extend@1.0.8 
│ ├─┬ isomorphic-fetch@2.2.1 
│ │ ├─┬ node-fetch@1.7.3 
│ │ │ ├─┬ encoding@0.1.12 
│ │ │ │ └── iconv-lite@0.4.19 
│ │ │ └── is-stream@1.1.0 
│ │ └── whatwg-fetch@2.0.3 
│ ├── lodash@3.10.1 
│ ├── pluralize@1.2.1 
│ ├── UNMET PEER DEPENDENCY react@^15.6.2
│ ├─┬ react-dom@15.6.2 
│ │ ├─┬ fbjs@0.8.16 
│ │ │ ├── core-js@1.2.7 
│ │ │ ├─┬ promise@7.3.1 
│ │ │ │ └── asap@2.0.6 
│ │ │ ├── setimmediate@1.0.5 
│ │ │ └── ua-parser-js@0.7.14 
│ │ ├─┬ loose-envify@1.3.1 
│ │ │ └── js-tokens@3.0.2 
│ │ ├── object-assign@4.1.1 
│ │ └── prop-types@15.6.0 
│ └── urijs@1.19.0 
├── UNMET PEER DEPENDENCY tenon-components@^2.1.1
├── UNMET PEER DEPENDENCY tenon-features@^2.1.1
└── UNMET PEER DEPENDENCY tenon-scss@^2.1.1

Setup Done exists, not setting up
:../FeatureTester/libs/:/root/Targets/tenon-base/node_modules
Set Default Z3_PATH to ./node_modules/z3javascript/bin/libz3.so
ExpoSE Master: /root/ExpoSE/lib/Harness/src/harness.js max concurrent: 16 max paths: 1000000
Setting timeout to 900000
*** [0 done /0 queued / 1 running / 0 errors / 0% coverage ] ****** [0 done /0 queued / 1 running / 0 errors / 0% coverage ] ****** [1 done /0 queued / 0 running / 1 errors / 28.000000000000004% coverage ] ***
*-- Stat Module Output --*
*-- concretizations: ["defineProperty","bound log"]
*-- Stat Module Done --*
*-- Test Case {"_bound":0} start 0.0614 took 3.2981s
*-- Errors occured in test {"_bound":0}
* Error: Error: Cannot find module 'tenon-features'
*-- Replay with NO_COMPILE=1 expoSE replay '/root/ExpoSE/lib/Harness/src/harness.js' '{"_bound":0}'
*-- Coverage Data
*- File /root/ExpoSE/lib/Harness/src/harness.js. Coverage (Term): 18% Coverage (LOC): 24%
*- File /root/ExpoSE/lib/S$/bin/symbols.js. Coverage (Term): 16% Coverage (LOC): 34%
*- File /root/Targets/tenon-base/node_modules/tenon-base/lib/index.js. Coverage (Term): 12% Coverage (LOC): 13%
*- Re-run with EXPOSE_PRINT_COVERAGE=1 to print line by line coverage information
** ExpoSE Finished. 1 paths with 1 errors **
