/root/Targets/terminal-dict
└─┬ terminal-dict@0.0.15 
  ├── colors@1.1.2 
  ├─┬ consoler@0.2.0 
  │ └── colors@0.6.2 
  ├── keypress@0.2.1 
  ├─┬ sdk@0.5.0 
  │ ├── bluebird@2.11.0 
  │ ├─┬ debug@1.0.2 
  │ │ └── ms@0.6.2 
  │ ├── lodash@2.4.2 
  │ ├─┬ request@2.37.0 
  │ │ ├── aws-sign2@0.5.0 
  │ │ ├── forever-agent@0.5.2 
  │ │ ├─┬ form-data@0.1.4 
  │ │ │ ├── async@0.9.2 
  │ │ │ ├─┬ combined-stream@0.0.7 
  │ │ │ │ └── delayed-stream@0.0.5 
  │ │ │ └── mime@1.2.11 
  │ │ ├─┬ hawk@1.1.1 
  │ │ │ ├── boom@0.4.2 
  │ │ │ ├── cryptiles@0.2.2 
  │ │ │ ├── hoek@0.9.1 
  │ │ │ └── sntp@0.2.4 
  │ │ ├─┬ http-signature@0.10.1 
  │ │ │ ├── asn1@0.1.11 
  │ │ │ ├── assert-plus@0.1.5 
  │ │ │ └── ctype@0.5.3 
  │ │ ├── json-stringify-safe@5.0.1 
  │ │ ├── mime-types@1.0.2 
  │ │ ├── node-uuid@1.4.8 
  │ │ ├── oauth-sign@0.3.0 
  │ │ ├── qs@0.6.6 
  │ │ ├─┬ tough-cookie@2.3.3 
  │ │ │ └── punycode@1.4.1 
  │ │ └── tunnel-agent@0.4.3 
  │ └─┬ swig@1.4.1 
  │   ├─┬ optimist@0.6.1 
  │   │ ├── minimist@0.0.10 
  │   │ └── wordwrap@0.0.3 
  │   └─┬ uglify-js@2.4.24 
  │     ├── async@0.2.10 
  │     ├─┬ source-map@0.1.34 
  │     │ └── amdefine@1.0.1 
  │     ├── uglify-to-browserify@1.0.2 
  │     └─┬ yargs@3.5.4 
  │       ├── camelcase@1.2.1 
  │       ├── decamelize@1.2.0 
  │       ├── window-size@0.1.0 
  │       └── wordwrap@0.0.2 
  └── term-canvas@0.0.5 

Setup Done exists, not setting up
:../FeatureTester/libs/:/root/Targets/terminal-dict/node_modules
Set Default Z3_PATH to ./node_modules/z3javascript/bin/libz3.so
ExpoSE Master: /root/ExpoSE/lib/Harness/src/harness.js max concurrent: 16 max paths: 1000000
Setting timeout to 900000
*** [0 done /0 queued / 1 running / 0 errors / 0% coverage ] ****** [0 done /0 queued / 1 running / 0 errors / 0% coverage ] ****** [1 done /0 queued / 0 running / 1 errors / 33% coverage ] ***
*-- Stat Module Output --*
*-- concretizations: ["defineProperty","bound log"]
*-- Stat Module Done --*
*-- Test Case {"_bound":0} start 0.04 took 5.5206s
*-- Errors occured in test {"_bound":0}
* Error: Error: Cannot find module 'terminal-dict'
*-- Replay with NO_COMPILE=1 expoSE replay '/root/ExpoSE/lib/Harness/src/harness.js' '{"_bound":0}'
*-- Coverage Data
*- File /root/ExpoSE/lib/Harness/src/harness.js. Coverage (Term): 18% Coverage (LOC): 24%
*- File /root/ExpoSE/lib/S$/bin/symbols.js. Coverage (Term): 16% Coverage (LOC): 34%
*- Re-run with EXPOSE_PRINT_COVERAGE=1 to print line by line coverage information
** ExpoSE Finished. 1 paths with 1 errors **
