/root/Targets/test-ionic-angular
├── UNMET PEER DEPENDENCY @angular/common@4.0.0-rc.5
├── UNMET PEER DEPENDENCY @angular/compiler@4.0.0-rc.5
├── UNMET PEER DEPENDENCY @angular/compiler-cli@4.0.0-rc.5
├── UNMET PEER DEPENDENCY @angular/core@4.0.0-rc.5
├── UNMET PEER DEPENDENCY @angular/forms@4.0.0-rc.5
├── UNMET PEER DEPENDENCY @angular/http@4.0.0-rc.5
├── UNMET PEER DEPENDENCY @angular/platform-browser@4.0.0-rc.5
├── UNMET PEER DEPENDENCY @angular/platform-browser-dynamic@4.0.0-rc.5
├── UNMET PEER DEPENDENCY @angular/platform-server@4.0.0-rc.5
├── UNMET PEER DEPENDENCY rxjs@5.1.1
├── test-ionic-angular@3.0.2-201703221147 
└── UNMET PEER DEPENDENCY zone.js@^0.8.4

Setup Done exists, not setting up
:../FeatureTester/libs/:/root/Targets/test-ionic-angular/node_modules
Set Default Z3_PATH to ./node_modules/z3javascript/bin/libz3.so
ExpoSE Master: /root/ExpoSE/lib/Harness/src/harness.js max concurrent: 16 max paths: 1000000
Setting timeout to 900000
*** [0 done /0 queued / 1 running / 0 errors / 0% coverage ] ****** [0 done /0 queued / 1 running / 0 errors / 0% coverage ] ****** [1 done /0 queued / 0 running / 1 errors / 33% coverage ] ***
*-- Stat Module Output --*
*-- concretizations: ["defineProperty","bound log"]
*-- Stat Module Done --*
*-- Test Case {"_bound":0} start 0.055 took 2.4392s
*-- Errors occured in test {"_bound":0}
* Error: SyntaxError: 'import' and 'export' may appear only with 'sourceType: module' (3:0)
*-- Replay with NO_COMPILE=1 expoSE replay '/root/ExpoSE/lib/Harness/src/harness.js' '{"_bound":0}'
*-- Coverage Data
*- File /root/ExpoSE/lib/Harness/src/harness.js. Coverage (Term): 18% Coverage (LOC): 24%
*- File /root/ExpoSE/lib/S$/bin/symbols.js. Coverage (Term): 16% Coverage (LOC): 34%
*- Re-run with EXPOSE_PRINT_COVERAGE=1 to print line by line coverage information
** ExpoSE Finished. 1 paths with 1 errors **
