/root/Targets/testcafe-legacy-api
└─┬ testcafe-legacy-api@3.1.1 
  ├── async@0.2.6 
  ├─┬ babel-runtime@5.8.38 
  │ └── core-js@1.2.7 
  ├── dedent@0.6.0 
  ├─┬ highlight-es@1.0.1 
  │ ├─┬ chalk@1.1.3 
  │ │ ├── ansi-styles@2.2.1 
  │ │ ├── escape-string-regexp@1.0.5 
  │ │ ├─┬ has-ansi@2.0.0 
  │ │ │ └── ansi-regex@2.1.1 
  │ │ ├── strip-ansi@3.0.1 
  │ │ └── supports-color@2.0.0 
  │ ├── is-es2016-keyword@1.0.0 
  │ └── js-tokens@3.0.2 
  ├── lodash@4.17.4 
  ├── moment@2.18.1 
  ├── mustache@2.3.0 
  ├── os-family@1.0.0 
  ├── parse5@2.2.3 
  ├── pify@2.3.0 
  ├── pinkie@2.0.4 
  ├─┬ strip-bom@2.0.0 
  │ └── is-utf8@0.2.1 
  └── uglify-js@1.2.6 

Setup Done exists, not setting up
:../FeatureTester/libs/:/root/Targets/testcafe-legacy-api/node_modules
Set Default Z3_PATH to ./node_modules/z3javascript/bin/libz3.so
ExpoSE Master: /root/ExpoSE/lib/Harness/src/harness.js max concurrent: 16 max paths: 1000000
Setting timeout to 900000
*** [0 done /0 queued / 1 running / 0 errors / 0% coverage ] ****** [0 done /0 queued / 1 running / 0 errors / 0% coverage ] ****** [1 done /0 queued / 0 running / 1 errors / 34% coverage ] ***
*-- Stat Module Output --*
*-- concretizations: ["defineProperty","bound log"]
*-- Stat Module Done --*
*-- Test Case {"_bound":0} start 0.0583 took 3.7792s
*-- Errors occured in test {"_bound":0}
* Error: Error: Cannot find module 'read-file-relative'
*-- Replay with NO_COMPILE=1 expoSE replay '/root/ExpoSE/lib/Harness/src/harness.js' '{"_bound":0}'
*-- Coverage Data
*- File /root/ExpoSE/lib/Harness/src/harness.js. Coverage (Term): 18% Coverage (LOC): 24%
*- File /root/ExpoSE/lib/S$/bin/symbols.js. Coverage (Term): 16% Coverage (LOC): 34%
*- File /root/Targets/testcafe-legacy-api/node_modules/testcafe-legacy-api/lib/index.js. Coverage (Term): 36% Coverage (LOC): 30%
*- File /root/Targets/testcafe-legacy-api/node_modules/babel-runtime/helpers/interop-require-default.js. Coverage (Term): 59% Coverage (LOC): 86%
*- Re-run with EXPOSE_PRINT_COVERAGE=1 to print line by line coverage information
** ExpoSE Finished. 1 paths with 1 errors **
