/root/Targets/tfx
└─┬ tfx@1.1.0 
  ├── commander@2.11.0 
  ├─┬ ftp@0.3.10 
  │ ├─┬ readable-stream@1.1.14 
  │ │ ├── core-util-is@1.0.2 
  │ │ ├── inherits@2.0.3 
  │ │ ├── isarray@0.0.1 
  │ │ └── string_decoder@0.10.31 
  │ └── xregexp@2.0.0 
  └─┬ minimatch@3.0.4 
    └─┬ brace-expansion@1.1.8 
      ├── balanced-match@1.0.0 
      └── concat-map@0.0.1 

Setup Done exists, not setting up
:../FeatureTester/libs/:/root/Targets/tfx/node_modules
Set Default Z3_PATH to ./node_modules/z3javascript/bin/libz3.so
ExpoSE Master: /root/ExpoSE/lib/Harness/src/harness.js max concurrent: 16 max paths: 1000000
Setting timeout to 900000
*** [0 done /0 queued / 1 running / 0 errors / 0% coverage ] ****** [0 done /0 queued / 1 running / 0 errors / 0% coverage ] ****** [1 done /0 queued / 0 running / 1 errors / 33% coverage ] ***
*-- Stat Module Output --*
*-- concretizations: ["defineProperty","bound log"]
*-- Stat Module Done --*
*-- Test Case {"_bound":0} start 0.0786 took 3.7008s
*-- Errors occured in test {"_bound":0}
* Error: Tropigate failed because SyntaxError: Unexpected character '#' (1:78) on program #!/usr/bin/env node

'use strict';

var program = require('commander');
var path = require('path');

var upload = require('./lib/upload');
var init = require('./lib/init');
var config = require('./lib/config');

var package_json = require('./package.json');

program
  .version(package_json.version)
  .option('-v --version', 'output the version number');

//上传操作
program
  .command('upload <src>')
  .description('upload static sources include js、css、img')
  .alias('u')
  .action(function(src, opts) {
    config.getConfig().then(function(config) {
      config = JSON.parse(config);
      upload(src, config.dest, config);
    });
});

program
  .command('init')
  .description('ftx init project, include config file and project boilerplate')
  .alias('i')
  .action(function(src, opts) {
    init(path.join(__dirname, 'template'), path.join(process.cwd(), 'app'));
});

//无效命令  
program
  .command('*')
  .action(function(cmd) {
    console.log('  tfx: "%s" is invalid, please see other available commands ', cmd);
    program.outputHelp();
});

program.parse(process.argv); at SyntaxError: Unexpected character '#' (1:78)
    at Parser.pp$4.raise (/root/ExpoSE/lib/Tropigate/node_modules/acorn/dist/acorn.js:2221:15)
    at Parser.pp$7.getTokenFromCode (/root/ExpoSE/lib/Tropigate/node_modules/acorn/dist/acorn.js:2756:10)
    at Parser.pp$7.readToken (/root/ExpoSE/lib/Tropigate/node_modules/acorn/dist/acorn.js:2477:17)
    at Parser.readToken (/root/ExpoSE/lib/Tropigate/bin/Tokens.js:124:26)
    at Parser.pp$7.nextToken (/root/ExpoSE/lib/Tropigate/node_modules/acorn/dist/acorn.js:2468:15)
    at Parser.pp$7.next (/root/ExpoSE/lib/Tropigate/node_modules/acorn/dist/acorn.js:2413:10)
    at Parser.pp.eat (/root/ExpoSE/lib/Tropigate/node_modules/acorn/dist/acorn.js:536:12)
    at Parser.pp.semicolon (/root/ExpoSE/lib/Tropigate/node_modules/acorn/dist/acorn.js:581:15)
    at Parser.pp$1.parseVarStatement (/root/ExpoSE/lib/Tropigate/node_modules/acorn/dist/acorn.js:918:10)
    at Parser.pp$1.parseStatement (/root/ExpoSE/lib/Tropigate/node_modules/acorn/dist/acorn.js:706:19)
*-- Replay with NO_COMPILE=1 expoSE replay '/root/ExpoSE/lib/Harness/src/harness.js' '{"_bound":0}'
*-- Coverage Data
*- File /root/ExpoSE/lib/Harness/src/harness.js. Coverage (Term): 18% Coverage (LOC): 24%
*- File /root/ExpoSE/lib/S$/bin/symbols.js. Coverage (Term): 16% Coverage (LOC): 34%
*- Re-run with EXPOSE_PRINT_COVERAGE=1 to print line by line coverage information
** ExpoSE Finished. 1 paths with 1 errors **
