+ toc-md@0.2.0
updated 1 package in 0.605s
Setup Done exists, not setting up
:../FeatureTester/libs/:/home/blake/Targets/toc-md/node_modules
Set Default Z3_PATH to ./node_modules/z3javascript/bin/libz3.so
ExpoSE Master: /home/blake/ExpoSE/lib/Harness/src/harness.js max concurrent: 16 max paths: 1000000
Setting timeout to 900000
*** [0 done /0 queued / 1 running / 0 errors / 0% coverage ] ****** [0 done /0 queued / 1 running / 0 errors / 0% coverage ] ****** [1 done /3 queued / 1 running / 1 errors / 60% coverage ] ****** [1 done /2 queued / 2 running / 1 errors / 60% coverage ] ****** [1 done /1 queued / 3 running / 1 errors / 60% coverage ] ****** [1 done /0 queued / 4 running / 1 errors / 60% coverage ] ****** [1 done /0 queued / 4 running / 1 errors / 60% coverage ] ****** [2 done /2 queued / 4 running / 2 errors / 60% coverage ] ****** [2 done /1 queued / 5 running / 2 errors / 60% coverage ] ****** [2 done /0 queued / 6 running / 2 errors / 60% coverage ] ****** [2 done /0 queued / 6 running / 2 errors / 60% coverage ] ****** [3 done /2 queued / 6 running / 3 errors / 60% coverage ] ****** [3 done /1 queued / 7 running / 3 errors / 60% coverage ] ****** [3 done /0 queued / 8 running / 3 errors / 60% coverage ] ****** [3 done /0 queued / 8 running / 3 errors / 60% coverage ] ****** [4 done /0 queued / 8 running / 4 errors / 60% coverage ] ****** [4 done /0 queued / 8 running / 4 errors / 60% coverage ] ****** [5 done /1 queued / 8 running / 5 errors / 60% coverage ] ****** [5 done /0 queued / 9 running / 5 errors / 60% coverage ] ****** [5 done /0 queued / 9 running / 5 errors / 60% coverage ] ****** [6 done /0 queued / 8 running / 5 errors / 60% coverage ] ****** [7 done /2 queued / 8 running / 6 errors / 60% coverage ] ****** [7 done /1 queued / 9 running / 6 errors / 60% coverage ] ****** [7 done /0 queued / 10 running / 6 errors / 60% coverage ] ****** [7 done /0 queued / 10 running / 6 errors / 60% coverage ] ****** [8 done /1 queued / 10 running / 7 errors / 60% coverage ] ****** [8 done /0 queued / 11 running / 7 errors / 60% coverage ] ****** [8 done /0 queued / 11 running / 7 errors / 60% coverage ] ****** [9 done /2 queued / 11 running / 8 errors / 60% coverage ] ****** [9 done /1 queued / 12 running / 8 errors / 60% coverage ] ****** [9 done /0 queued / 13 running / 8 errors / 60% coverage ] ****** [9 done /0 queued / 13 running / 8 errors / 60% coverage ] ****** [10 done /3 queued / 13 running / 9 errors / 60% coverage ] ****** [10 done /2 queued / 14 running / 9 errors / 60% coverage ] ****** [10 done /1 queued / 15 running / 9 errors / 60% coverage ] ****** [10 done /0 queued / 16 running / 9 errors / 60% coverage ] ****** [10 done /0 queued / 16 running / 9 errors / 60% coverage ] ****** [11 done /1 queued / 16 running / 10 errors / 60% coverage ] ****** [11 done /1 queued / 16 running / 10 errors / 60% coverage ] ****** [12 done /3 queued / 16 running / 11 errors / 60% coverage ] ****** [12 done /3 queued / 16 running / 11 errors / 60% coverage ] ****** [13 done /4 queued / 16 running / 12 errors / 60% coverage ] ****** [13 done /4 queued / 16 running / 12 errors / 60% coverage ] ****** [14 done /4 queued / 16 running / 13 errors / 60% coverage ] ****** [14 done /4 queued / 16 running / 13 errors / 60% coverage ] ****** [15 done /4 queued / 16 running / 14 errors / 60% coverage ] ****** [15 done /4 queued / 16 running / 14 errors / 60% coverage ] ****** [16 done /6 queued / 16 running / 15 errors / 60% coverage ] ****** [16 done /6 queued / 16 running / 15 errors / 60% coverage ] ****** [17 done /6 queued / 16 running / 16 errors / 60% coverage ] ****** [17 done /6 queued / 16 running / 16 errors / 60% coverage ] ****** [18 done /8 queued / 16 running / 17 errors / 60% coverage ] ****** [18 done /8 queued / 16 running / 17 errors / 60% coverage ] ****** [19 done /7 queued / 16 running / 18 errors / 60% coverage ] ****** [19 done /7 queued / 16 running / 18 errors / 60% coverage ] ****** [20 done /11 queued / 16 running / 19 errors / 60% coverage ] ****** [20 done /11 queued / 16 running / 19 errors / 60% coverage ] ****** [21 done /13 queued / 16 running / 20 errors / 60% coverage ] ****** [21 done /13 queued / 16 running / 20 errors / 60% coverage ] ****** [22 done /16 queued / 16 running / 21 errors / 60% coverage ] ****** [22 done /16 queued / 16 running / 21 errors / 60% coverage ] ****** [23 done /16 queued / 16 running / 22 errors / 60% coverage ] ****** [23 done /16 queued / 16 running / 22 errors / 60% coverage ] ****** [24 done /18 queued / 16 running / 23 errors / 60% coverage ] ****** [24 done /18 queued / 16 running / 23 errors / 60% coverage ] ****** [25 done /21 queued / 16 running / 24 errors / 60% coverage ] ****** [25 done /21 queued / 16 running / 24 errors / 60% coverage ] ****** [26 done /20 queued / 16 running / 25 errors / 60% coverage ] ****** [26 done /20 queued / 16 running / 25 errors / 60% coverage ] ****** [27 done /19 queued / 16 running / 26 errors / 60% coverage ] ****** [27 done /19 queued / 16 running / 26 errors / 60% coverage ] ****** [28 done /21 queued / 16 running / 27 errors / 60% coverage ] ****** [28 done /21 queued / 16 running / 27 errors / 60% coverage ] ****** [29 done /21 queued / 16 running / 28 errors / 60% coverage ] ****** [29 done /21 queued / 16 running / 28 errors / 60% coverage ] ****** [30 done /21 queued / 16 running / 29 errors / 60% coverage ] ****** [30 done /21 queued / 16 running / 29 errors / 60% coverage ] ****** [31 done /20 queued / 16 running / 30 errors / 60% coverage ] ****** [31 done /20 queued / 16 running / 30 errors / 60% coverage ] ****** [32 done /22 queued / 16 running / 31 errors / 60% coverage ] ****** [32 done /22 queued / 16 running / 31 errors / 60% coverage ] ****** [33 done /23 queued / 16 running / 32 errors / 60% coverage ] ****** [33 done /23 queued / 16 running / 32 errors / 60% coverage ] ****** [34 done /24 queued / 16 running / 33 errors / 60% coverage ] ****** [34 done /24 queued / 16 running / 33 errors / 60% coverage ] ****** [35 done /26 queued / 16 running / 34 errors / 60% coverage ] ****** [35 done /26 queued / 16 running / 34 errors / 60% coverage ] ****** [36 done /26 queued / 16 running / 35 errors / 60% coverage ] ****** [36 done /26 queued / 16 running / 35 errors / 60% coverage ] ****** [37 done /25 queued / 16 running / 36 errors / 60% coverage ] ****** [37 done /25 queued / 16 running / 36 errors / 60% coverage ] ****** [38 done /28 queued / 16 running / 37 errors / 60% coverage ] ****** [38 done /28 queued / 16 running / 37 errors / 60% coverage ] ****** [39 done /27 queued / 16 running / 38 errors / 60% coverage ] ****** [39 done /27 queued / 16 running / 38 errors / 60% coverage ] ****** [40 done /28 queued / 16 running / 39 errors / 60% coverage ] ****** [40 done /28 queued / 16 running / 39 errors / 60% coverage ] ****** [41 done /27 queued / 16 running / 40 errors / 60% coverage ] ****** [41 done /27 queued / 16 running / 40 errors / 60% coverage ] ****** [42 done /26 queued / 16 running / 41 errors / 60% coverage ] ****** [42 done /26 queued / 16 running / 41 errors / 60% coverage ] ****** [43 done /28 queued / 16 running / 42 errors / 60% coverage ] ****** [43 done /28 queued / 16 running / 42 errors / 60% coverage ] ****** [44 done /29 queued / 16 running / 43 errors / 60% coverage ] ****** [44 done /29 queued / 16 running / 43 errors / 60% coverage ] ****** [45 done /29 queued / 16 running / 44 errors / 60% coverage ] ****** [45 done /29 queued / 16 running / 44 errors / 60% coverage ] ****** [46 done /29 queued / 16 running / 45 errors / 60% coverage ] ****** [46 done /29 queued / 16 running / 45 errors / 60% coverage ] ****** [47 done /35 queued / 16 running / 46 errors / 61% coverage ] ****** [47 done /35 queued / 16 running / 46 errors / 61% coverage ] ****** [48 done /36 queued / 16 running / 47 errors / 61% coverage ] ****** [48 done /36 queued / 16 running / 47 errors / 61% coverage ] ****** [49 done /36 queued / 16 running / 48 errors / 61% coverage ] ****** [49 done /36 queued / 16 running / 48 errors / 61% coverage ] ****** [50 done /37 queued / 16 running / 49 errors / 61% coverage ] ****** [50 done /37 queued / 16 running / 49 errors / 61% coverage ] ****** [51 done /38 queued / 16 running / 50 errors / 61% coverage ] ****** [51 done /38 queued / 16 running / 50 errors / 61% coverage ] ****** [52 done /41 queued / 16 running / 51 errors / 61% coverage ] ****** [52 done /41 queued / 16 running / 51 errors / 61% coverage ] ****** [53 done /40 queued / 16 running / 52 errors / 61% coverage ] ****** [53 done /40 queued / 16 running / 52 errors / 61% coverage ] ****** [54 done /42 queued / 16 running / 53 errors / 61% coverage ] ****** [54 done /42 queued / 16 running / 53 errors / 61% coverage ] ****** [55 done /44 queued / 16 running / 54 errors / 61% coverage ] ****** [55 done /44 queued / 16 running / 54 errors / 61% coverage ] ****** [56 done /43 queued / 16 running / 55 errors / 61% coverage ] ****** [56 done /43 queued / 16 running / 55 errors / 61% coverage ] ****** [57 done /42 queued / 16 running / 56 errors / 61% coverage ] ****** [57 done /42 queued / 16 running / 56 errors / 61% coverage ] ****** [58 done /43 queued / 16 running / 57 errors / 61% coverage ] ****** [58 done /43 queued / 16 running / 57 errors / 61% coverage ] ****** [59 done /44 queued / 16 running / 58 errors / 61% coverage ] ****** [59 done /44 queued / 16 running / 58 errors / 61% coverage ] ****** [60 done /45 queued / 16 running / 59 errors / 61% coverage ] ****** [60 done /45 queued / 16 running / 59 errors / 61% coverage ] ****** [61 done /44 queued / 16 running / 60 errors / 61% coverage ] ****** [61 done /44 queued / 16 running / 60 errors / 61% coverage ] ****** [62 done /43 queued / 16 running / 61 errors / 61% coverage ] ****** [62 done /43 queued / 16 running / 61 errors / 61% coverage ] ****** [63 done /42 queued / 16 running / 62 errors / 61% coverage ] ****** [63 done /42 queued / 16 running / 62 errors / 61% coverage ] ****** [64 done /43 queued / 16 running / 63 errors / 61% coverage ] ****** [64 done /43 queued / 16 running / 63 errors / 61% coverage ] ****** [65 done /42 queued / 16 running / 64 errors / 61% coverage ] ****** [65 done /42 queued / 16 running / 64 errors / 61% coverage ] ****** [66 done /41 queued / 16 running / 65 errors / 61% coverage ] ****** [66 done /41 queued / 16 running / 65 errors / 61% coverage ] ****** [67 done /41 queued / 16 running / 66 errors / 61% coverage ] ****** [67 done /41 queued / 16 running / 66 errors / 61% coverage ] ****** [68 done /42 queued / 16 running / 67 errors / 61% coverage ] ****** [68 done /42 queued / 16 running / 67 errors / 61% coverage ] ****** [69 done /43 queued / 16 running / 68 errors / 61% coverage ] ****** [69 done /43 queued / 16 running / 68 errors / 61% coverage ] ****** [70 done /45 queued / 16 running / 69 errors / 61% coverage ] ****** [70 done /45 queued / 16 running / 69 errors / 61% coverage ] ****** [71 done /47 queued / 16 running / 70 errors / 61% coverage ] ****** [71 done /47 queued / 16 running / 70 errors / 61% coverage ] ****** [72 done /49 queued / 16 running / 71 errors / 61% coverage ] ****** [72 done /49 queued / 16 running / 71 errors / 61% coverage ] ****** [73 done /50 queued / 16 running / 72 errors / 61% coverage ] ****** [73 done /50 queued / 16 running / 72 errors / 61% coverage ] ****** [74 done /51 queued / 16 running / 73 errors / 61% coverage ] ****** [74 done /51 queued / 16 running / 73 errors / 61% coverage ] ****** [75 done /52 queued / 16 running / 74 errors / 61% coverage ] ****** [75 done /52 queued / 16 running / 74 errors / 61% coverage ] ****** [76 done /51 queued / 16 running / 75 errors / 61% coverage ] ****** [76 done /51 queued / 16 running / 75 errors / 61% coverage ] ****** [77 done /50 queued / 16 running / 76 errors / 61% coverage ] ****** [77 done /50 queued / 16 running / 76 errors / 61% coverage ] ****** [78 done /49 queued / 16 running / 77 errors / 61% coverage ] ****** [78 done /49 queued / 16 running / 77 errors / 61% coverage ] ****** [79 done /48 queued / 16 running / 78 errors / 61% coverage ] ****** [79 done /48 queued / 16 running / 78 errors / 61% coverage ] ****** [80 done /48 queued / 16 running / 79 errors / 61% coverage ] ****** [80 done /48 queued / 16 running / 79 errors / 61% coverage ] ****** [81 done /47 queued / 16 running / 80 errors / 61% coverage ] ****** [81 done /47 queued / 16 running / 80 errors / 61% coverage ] ****** [82 done /49 queued / 16 running / 81 errors / 61% coverage ] ****** [82 done /49 queued / 16 running / 81 errors / 61% coverage ] ****** [83 done /49 queued / 16 running / 82 errors / 61% coverage ] ****** [83 done /49 queued / 16 running / 82 errors / 61% coverage ] ****** [84 done /48 queued / 16 running / 83 errors / 61% coverage ] ****** [84 done /48 queued / 16 running / 83 errors / 61% coverage ] ****** [85 done /48 queued / 16 running / 84 errors / 61% coverage ] ****** [85 done /48 queued / 16 running / 84 errors / 61% coverage ] ****** [86 done /47 queued / 16 running / 85 errors / 61% coverage ] ****** [86 done /47 queued / 16 running / 85 errors / 61% coverage ] ****** [87 done /48 queued / 16 running / 86 errors / 61% coverage ] ****** [87 done /48 queued / 16 running / 86 errors / 61% coverage ] ****** [88 done /49 queued / 16 running / 87 errors / 61% coverage ] ****** [88 done /49 queued / 16 running / 87 errors / 61% coverage ] ****** [89 done /48 queued / 16 running / 88 errors / 61% coverage ] ****** [89 done /48 queued / 16 running / 88 errors / 61% coverage ] ****** [90 done /47 queued / 16 running / 89 errors / 61% coverage ] ****** [90 done /47 queued / 16 running / 89 errors / 61% coverage ] ****** [91 done /48 queued / 16 running / 90 errors / 61% coverage ] ****** [91 done /48 queued / 16 running / 90 errors / 61% coverage ] ****** [92 done /49 queued / 16 running / 91 errors / 61% coverage ] ****** [92 done /49 queued / 16 running / 91 errors / 61% coverage ] ****** [93 done /52 queued / 16 running / 92 errors / 61% coverage ] ****** [93 done /52 queued / 16 running / 92 errors / 61% coverage ] ****** [94 done /54 queued / 16 running / 93 errors / 61% coverage ] ****** [94 done /54 queued / 16 running / 93 errors / 61% coverage ] ****** [95 done /53 queued / 16 running / 94 errors / 61% coverage ] ****** [95 done /53 queued / 16 running / 94 errors / 61% coverage ] ****** [96 done /54 queued / 16 running / 95 errors / 61% coverage ] ****** [96 done /54 queued / 16 running / 95 errors / 61% coverage ] ****** [97 done /53 queued / 16 running / 96 errors / 61% coverage ] ****** [97 done /53 queued / 16 running / 96 errors / 61% coverage ] ****** [98 done /54 queued / 16 running / 97 errors / 61% coverage ] ****** [98 done /54 queued / 16 running / 97 errors / 61% coverage ] ****** [99 done /57 queued / 16 running / 98 errors / 61% coverage ] ****** [99 done /57 queued / 16 running / 98 errors / 61% coverage ] ****** [100 done /56 queued / 16 running / 99 errors / 61% coverage ] ****** [100 done /56 queued / 16 running / 99 errors / 61% coverage ] ****** [101 done /55 queued / 16 running / 100 errors / 61% coverage ] ****** [101 done /55 queued / 16 running / 100 errors / 61% coverage ] ****** [102 done /60 queued / 16 running / 101 errors / 61% coverage ] ****** [102 done /60 queued / 16 running / 101 errors / 61% coverage ] ****** [103 done /59 queued / 16 running / 102 errors / 61% coverage ] ****** [103 done /59 queued / 16 running / 102 errors / 61% coverage ] ****** [104 done /60 queued / 16 running / 103 errors / 61% coverage ] ****** [104 done /60 queued / 16 running / 103 errors / 61% coverage ] ****** [105 done /61 queued / 16 running / 104 errors / 61% coverage ] ****** [105 done /61 queued / 16 running / 104 errors / 61% coverage ] ****** [106 done /63 queued / 16 running / 105 errors / 61% coverage ] ****** [106 done /63 queued / 16 running / 105 errors / 61% coverage ] ****** [107 done /69 queued / 16 running / 106 errors / 61% coverage ] ****** [107 done /69 queued / 16 running / 106 errors / 61% coverage ] ****** [108 done /69 queued / 16 running / 107 errors / 61% coverage ] ****** [108 done /69 queued / 16 running / 107 errors / 61% coverage ] ****** [109 done /71 queued / 16 running / 108 errors / 61% coverage ] ****** [109 done /71 queued / 16 running / 108 errors / 61% coverage ] ****** [110 done /71 queued / 16 running / 109 errors / 61% coverage ] ****** [110 done /71 queued / 16 running / 109 errors / 61% coverage ] ****** [111 done /71 queued / 16 running / 110 errors / 61% coverage ] ****** [111 done /71 queued / 16 running / 110 errors / 61% coverage ] ****** [112 done /71 queued / 16 running / 111 errors / 61% coverage ] ****** [112 done /71 queued / 16 running / 111 errors / 61% coverage ] ****** [113 done /71 queued / 16 running / 112 errors / 61% coverage ] ****** [113 done /71 queued / 16 running / 112 errors / 61% coverage ] ****** [114 done /71 queued / 16 running / 113 errors / 61% coverage ] ****** [114 done /71 queued / 16 running / 113 errors / 61% coverage ] ****** [115 done /73 queued / 16 running / 114 errors / 61% coverage ] ****** [115 done /73 queued / 16 running / 114 errors / 61% coverage ] ****** [116 done /73 queued / 16 running / 115 errors / 61% coverage ] ****** [116 done /73 queued / 16 running / 115 errors / 61% coverage ] ****** [117 done /74 queued / 16 running / 116 errors / 61% coverage ] ****** [117 done /74 queued / 16 running / 116 errors / 61% coverage ] ****** [118 done /74 queued / 16 running / 117 errors / 61% coverage ] ****** [118 done /74 queued / 16 running / 117 errors / 61% coverage ] ****** [119 done /74 queued / 16 running / 118 errors / 61% coverage ] ****** [119 done /74 queued / 16 running / 118 errors / 61% coverage ] ****** [120 done /73 queued / 16 running / 119 errors / 61% coverage ] ****** [120 done /73 queued / 16 running / 119 errors / 61% coverage ] ****** [121 done /72 queued / 16 running / 120 errors / 61% coverage ] ****** [121 done /72 queued / 16 running / 120 errors / 61% coverage ] ****** [122 done /72 queued / 16 running / 121 errors / 61% coverage ] ****** [122 done /72 queued / 16 running / 121 errors / 61% coverage ] ****** [123 done /78 queued / 16 running / 122 errors / 61% coverage ] ****** [123 done /78 queued / 16 running / 122 errors / 61% coverage ] ****** [124 done /78 queued / 16 running / 123 errors / 61% coverage ] ****** [124 done /78 queued / 16 running / 123 errors / 61% coverage ] ****** [125 done /78 queued / 16 running / 124 errors / 61% coverage ] ****** [125 done /78 queued / 16 running / 124 errors / 61% coverage ] ****** [126 done /77 queued / 16 running / 125 errors / 61% coverage ] ****** [126 done /77 queued / 16 running / 125 errors / 61% coverage ] ****** [127 done /83 queued / 16 running / 126 errors / 61% coverage ] ****** [127 done /83 queued / 16 running / 126 errors / 61% coverage ] ****** [128 done /84 queued / 16 running / 127 errors / 61% coverage ] ****** [128 done /84 queued / 16 running / 127 errors / 61% coverage ] ****** [129 done /84 queued / 16 running / 128 errors / 61% coverage ] ****** [129 done /84 queued / 16 running / 128 errors / 61% coverage ] ****** [130 done /83 queued / 16 running / 129 errors / 61% coverage ] ****** [130 done /83 queued / 16 running / 129 errors / 61% coverage ] ****** [131 done /89 queued / 16 running / 130 errors / 61% coverage ] ****** [131 done /89 queued / 16 running / 130 errors / 61% coverage ] ****** [132 done /88 queued / 16 running / 131 errors / 61% coverage ] ****** [132 done /88 queued / 16 running / 131 errors / 61% coverage ] ****** [133 done /87 queued / 16 running / 132 errors / 61% coverage ] ****** [133 done /87 queued / 16 running / 132 errors / 61% coverage ] ****** [134 done /86 queued / 16 running / 133 errors / 61% coverage ] ****** [134 done /86 queued / 16 running / 133 errors / 61% coverage ] ****** [135 done /86 queued / 16 running / 134 errors / 61% coverage ] ****** [135 done /86 queued / 16 running / 134 errors / 61% coverage ] ****** [136 done /85 queued / 16 running / 135 errors / 61% coverage ] ****** [136 done /85 queued / 16 running / 135 errors / 61% coverage ] ****** [137 done /84 queued / 16 running / 136 errors / 61% coverage ] ****** [137 done /84 queued / 16 running / 136 errors / 61% coverage ] ****** [138 done /83 queued / 16 running / 137 errors / 61% coverage ] ****** [138 done /83 queued / 16 running / 137 errors / 61% coverage ] ****** [139 done /82 queued / 16 running / 138 errors / 61% coverage ] ****** [139 done /82 queued / 16 running / 138 errors / 61% coverage ] ****** [140 done /82 queued / 16 running / 139 errors / 61% coverage ] ****** [140 done /82 queued / 16 running / 139 errors / 61% coverage ] ****** [141 done /84 queued / 16 running / 140 errors / 61% coverage ] ****** [141 done /84 queued / 16 running / 140 errors / 61% coverage ] ****** [142 done /83 queued / 16 running / 141 errors / 61% coverage ] ****** [142 done /83 queued / 16 running / 141 errors / 61% coverage ] ****** [143 done /82 queued / 16 running / 142 errors / 61% coverage ] ****** [143 done /82 queued / 16 running / 142 errors / 61% coverage ] ****** [144 done /81 queued / 16 running / 143 errors / 61% coverage ] ****** [144 done /81 queued / 16 running / 143 errors / 61% coverage ] ****** [145 done /80 queued / 16 running / 144 errors / 61% coverage ] ****** [145 done /80 queued / 16 running / 144 errors / 61% coverage ] ****** [146 done /79 queued / 16 running / 145 errors / 61% coverage ] ****** [146 done /79 queued / 16 running / 145 errors / 61% coverage ] ****** [147 done /78 queued / 16 running / 146 errors / 61% coverage ] ****** [147 done /78 queued / 16 running / 146 errors / 61% coverage ] ****** [148 done /77 queued / 16 running / 147 errors / 61% coverage ] ****** [148 done /77 queued / 16 running / 147 errors / 61% coverage ] ****** [149 done /76 queued / 16 running / 148 errors / 61% coverage ] ****** [149 done /76 queued / 16 running / 148 errors / 61% coverage ] ****** [150 done /76 queued / 16 running / 149 errors / 61% coverage ] ****** [150 done /76 queued / 16 running / 149 errors / 61% coverage ] ****** [151 done /75 queued / 16 running / 150 errors / 61% coverage ] ****** [151 done /75 queued / 16 running / 150 errors / 61% coverage ] ****** [152 done /74 queued / 16 running / 151 errors / 61% coverage ] ****** [152 done /74 queued / 16 running / 151 errors / 61% coverage ] ****** [153 done /73 queued / 16 running / 152 errors / 61% coverage ] ****** [153 done /73 queued / 16 running / 152 errors / 61% coverage ] ****** [154 done /75 queued / 16 running / 153 errors / 61% coverage ] ****** [154 done /75 queued / 16 running / 153 errors / 61% coverage ] ****** [155 done /74 queued / 16 running / 154 errors / 61% coverage ] ****** [155 done /74 queued / 16 running / 154 errors / 61% coverage ] ****** [156 done /76 queued / 16 running / 155 errors / 61% coverage ] ****** [156 done /76 queued / 16 running / 155 errors / 61% coverage ] ****** [157 done /81 queued / 16 running / 156 errors / 61% coverage ] ****** [157 done /81 queued / 16 running / 156 errors / 61% coverage ] ****** [158 done /86 queued / 16 running / 157 errors / 61% coverage ] ****** [158 done /86 queued / 16 running / 157 errors / 61% coverage ] ****** [159 done /92 queued / 16 running / 158 errors / 61% coverage ] ****** [159 done /92 queued / 16 running / 158 errors / 61% coverage ] ****** [160 done /98 queued / 16 running / 159 errors / 61% coverage ] ****** [160 done /98 queued / 16 running / 159 errors / 61% coverage ] ****** [161 done /97 queued / 16 running / 160 errors / 61% coverage ] ****** [161 done /97 queued / 16 running / 160 errors / 61% coverage ] ****** [162 done /96 queued / 16 running / 161 errors / 61% coverage ] ****** [162 done /96 queued / 16 running / 161 errors / 61% coverage ] ****** [163 done /96 queued / 16 running / 162 errors / 61% coverage ] ****** [163 done /96 queued / 16 running / 162 errors / 61% coverage ] ****** [164 done /95 queued / 16 running / 163 errors / 61% coverage ] ****** [164 done /95 queued / 16 running / 163 errors / 61% coverage ] ****** [165 done /94 queued / 16 running / 164 errors / 61% coverage ] ****** [165 done /94 queued / 16 running / 164 errors / 61% coverage ] ****** [166 done /94 queued / 16 running / 165 errors / 61% coverage ] ****** [166 done /94 queued / 16 running / 165 errors / 61% coverage ] ****** [167 done /93 queued / 16 running / 166 errors / 61% coverage ] ****** [167 done /93 queued / 16 running / 166 errors / 61% coverage ] ****** [168 done /93 queued / 16 running / 167 errors / 61% coverage ] ****** [168 done /93 queued / 16 running / 167 errors / 61% coverage ] ****** [169 done /93 queued / 16 running / 168 errors / 61% coverage ] ****** [169 done /93 queued / 16 running / 168 errors / 61% coverage ] ****** [170 done /99 queued / 16 running / 169 errors / 61% coverage ] ****** [170 done /99 queued / 16 running / 169 errors / 61% coverage ] ****** [171 done /98 queued / 16 running / 170 errors / 61% coverage ] ****** [171 done /98 queued / 16 running / 170 errors / 61% coverage ] ****** [172 done /104 queued / 16 running / 171 errors / 61% coverage ] ****** [172 done /104 queued / 16 running / 171 errors / 61% coverage ] ****** [173 done /110 queued / 16 running / 172 errors / 61% coverage ] ****** [173 done /110 queued / 16 running / 172 errors / 61% coverage ] ****** [174 done /109 queued / 16 running / 173 errors / 61% coverage ] ****** [174 done /109 queued / 16 running / 173 errors / 61% coverage ] ****** [175 done /108 queued / 16 running / 174 errors / 61% coverage ] ****** [175 done /108 queued / 16 running / 174 errors / 61% coverage ] ****** [176 done /107 queued / 16 running / 175 errors / 61% coverage ] ****** [176 done /107 queued / 16 running / 175 errors / 61% coverage ] ****** [177 done /106 queued / 16 running / 176 errors / 61% coverage ] ****** [177 done /106 queued / 16 running / 176 errors / 61% coverage ] ****** [178 done /106 queued / 16 running / 177 errors / 61% coverage ] ****** [178 done /106 queued / 16 running / 177 errors / 61% coverage ] ****** [179 done /105 queued / 16 running / 178 errors / 61% coverage ] ****** [179 done /105 queued / 16 running / 178 errors / 61% coverage ] ****** [180 done /105 queued / 16 running / 179 errors / 61% coverage ] ****** [180 done /105 queued / 16 running / 179 errors / 61% coverage ] ****** [181 done /107 queued / 16 running / 180 errors / 61% coverage ] ****** [181 done /107 queued / 16 running / 180 errors / 61% coverage ] ****** [182 done /108 queued / 16 running / 181 errors / 61% coverage ] ****** [182 done /108 queued / 16 running / 181 errors / 61% coverage ] ****** [183 done /113 queued / 16 running / 182 errors / 61% coverage ] ****** [183 done /113 queued / 16 running / 182 errors / 61% coverage ] ****** [184 done /115 queued / 16 running / 183 errors / 61% coverage ] ****** [184 done /115 queued / 16 running / 183 errors / 61% coverage ] ****** [185 done /121 queued / 16 running / 184 errors / 61% coverage ] ****** [185 done /121 queued / 16 running / 184 errors / 61% coverage ] ****** [186 done /121 queued / 16 running / 185 errors / 61% coverage ] ****** [186 done /121 queued / 16 running / 185 errors / 61% coverage ] ****** [187 done /121 queued / 16 running / 186 errors / 61% coverage ] ****** [187 done /121 queued / 16 running / 186 errors / 61% coverage ] ****** [188 done /120 queued / 16 running / 187 errors / 61% coverage ] ****** [188 done /120 queued / 16 running / 187 errors / 61% coverage ] ****** [189 done /120 queued / 16 running / 188 errors / 61% coverage ] ****** [189 done /120 queued / 16 running / 188 errors / 61% coverage ] ****** [190 done /120 queued / 16 running / 189 errors / 61% coverage ] ****** [190 done /120 queued / 16 running / 189 errors / 61% coverage ] ****** [191 done /120 queued / 16 running / 190 errors / 61% coverage ] ****** [191 done /120 queued / 16 running / 190 errors / 61% coverage ] ****** [192 done /126 queued / 16 running / 191 errors / 61% coverage ] ****** [192 done /126 queued / 16 running / 191 errors / 61% coverage ] ***
*-- Stat Module Output --*
*-- concretizations: ["defineProperty","bound consoleCall","call","RegExp","toString","ArrayBuffer","Float64Array","pow","WeakMap","parseInt","Array","isArray","apply","bound "]
*-- regex: 318
*-- Stat Module Done --*
*-- Test Case {"_bound":0,"Switcher":false,"Target_Switch_Base":0,"ExpansionArg_type":0,"ExpansionArg_type_2":0,"ExpansionArg_type_3":0} start 0.0052 took 7.5424s
*-- Errors occured in test {"_bound":0,"Switcher":false,"Target_Switch_Base":0,"ExpansionArg_type":0,"ExpansionArg_type_2":0,"ExpansionArg_type_3":0}
* Error: TypeError: Function.prototype.apply was called on undefined, which is a undefined and not a function
*-- Replay with NO_COMPILE=1 expoSE replay '/home/blake/ExpoSE/lib/Harness/src/harness.js' '{"_bound":0}'
*-- Test Case {"Switcher":false,"Target_Switch_Base":1,"ExpansionArg_type":0,"ExpansionArg_type_2":0,"ExpansionArg_type_3":0,"_bound":1} start 7.7637 took 7.7311s
*-- Errors occured in test {"Switcher":false,"Target_Switch_Base":1,"ExpansionArg_type":0,"ExpansionArg_type_2":0,"ExpansionArg_type_3":0,"_bound":1}
* Error: TypeError: Function.prototype.apply was called on undefined, which is a undefined and not a function
*-- Replay with NO_COMPILE=1 expoSE replay '/home/blake/ExpoSE/lib/Harness/src/harness.js' '{"Switcher":false,"Target_Switch_Base":1,"ExpansionArg_type":0,"ExpansionArg_type_2":0,"ExpansionArg_type_3":0,"_bound":1}'
*-- Test Case {"Switcher":false,"Target_Switch_Base":0,"ExpansionArg_type":1,"ExpansionArg_type_2":0,"ExpansionArg_type_3":0,"_bound":2} start 7.703 took 11.321s
*-- Errors occured in test {"Switcher":false,"Target_Switch_Base":0,"ExpansionArg_type":1,"ExpansionArg_type_2":0,"ExpansionArg_type_3":0,"_bound":2}
* Error: TypeError: Function.prototype.apply was called on undefined, which is a undefined and not a function
*-- Replay with NO_COMPILE=1 expoSE replay '/home/blake/ExpoSE/lib/Harness/src/harness.js' '{"Switcher":false,"Target_Switch_Base":0,"ExpansionArg_type":1,"ExpansionArg_type_2":0,"ExpansionArg_type_3":0,"_bound":2}'
*-- Test Case {"Switcher":false,"Target_Switch_Base":0,"ExpansionArg_type":0,"ExpansionArg_type_2":0,"ExpansionArg_type_3":1,"_bound":4} start 7.9287 took 11.8825s
*-- Errors occured in test {"Switcher":false,"Target_Switch_Base":0,"ExpansionArg_type":0,"ExpansionArg_type_2":0,"ExpansionArg_type_3":1,"_bound":4}
* Error: TypeError: Function.prototype.apply was called on null, which is a object and not a function
*-- Replay with NO_COMPILE=1 expoSE replay '/home/blake/ExpoSE/lib/Harness/src/harness.js' '{"Switcher":false,"Target_Switch_Base":0,"ExpansionArg_type":0,"ExpansionArg_type_2":0,"ExpansionArg_type_3":1,"_bound":4}'
*-- Test Case {"Switcher":false,"Target_Switch_Base":0,"ExpansionArg_type":0,"ExpansionArg_type_2":1,"ExpansionArg_type_3":0,"_bound":3} start 7.8296 took 12.2609s
*-- Errors occured in test {"Switcher":false,"Target_Switch_Base":0,"ExpansionArg_type":0,"ExpansionArg_type_2":1,"ExpansionArg_type_3":0,"_bound":3}
* Error: TypeError: Function.prototype.apply was called on undefined, which is a undefined and not a function
*-- Replay with NO_COMPILE=1 expoSE replay '/home/blake/ExpoSE/lib/Harness/src/harness.js' '{"Switcher":false,"Target_Switch_Base":0,"ExpansionArg_type":0,"ExpansionArg_type_2":1,"ExpansionArg_type_3":0,"_bound":3}'
*-- Test Case {"Switcher":false,"Target_Switch_Base":2,"ExpansionArg_type":0,"ExpansionArg_type_2":0,"_bound":2} start 15.6147 took 8.4615s
*-- Test Case {"Switcher":false,"Target_Switch_Base":1,"ExpansionArg_type":2,"ExpansionArg_type_2":0,"_bound":3,"ExpansionArg_int":0} start 15.6403 took 8.5738s
*-- Errors occured in test {"Switcher":false,"Target_Switch_Base":1,"ExpansionArg_type":2,"ExpansionArg_type_2":0,"_bound":3,"ExpansionArg_int":0}
* Error: TypeError: Function.prototype.apply was called on undefined, which is a undefined and not a function
*-- Replay with NO_COMPILE=1 expoSE replay '/home/blake/ExpoSE/lib/Harness/src/harness.js' '{"Switcher":false,"Target_Switch_Base":1,"ExpansionArg_type":2,"ExpansionArg_type_2":0,"_bound":3}'
*-- Test Case {"Switcher":false,"Target_Switch_Base":1,"ExpansionArg_type":0,"ExpansionArg_type_2":2,"_bound":4,"ExpansionArg_int":0} start 15.6677 took 9.1957s
*-- Errors occured in test {"Switcher":false,"Target_Switch_Base":1,"ExpansionArg_type":0,"ExpansionArg_type_2":2,"_bound":4,"ExpansionArg_int":0}
* Error: TypeError: Function.prototype.apply was called on 0, which is a number and not a function
*-- Replay with NO_COMPILE=1 expoSE replay '/home/blake/ExpoSE/lib/Harness/src/harness.js' '{"Switcher":false,"Target_Switch_Base":1,"ExpansionArg_type":0,"ExpansionArg_type_2":2,"_bound":4}'
*-- Test Case {"Switcher":false,"Target_Switch_Base":0,"ExpansionArg_type":2,"ExpansionArg_type_2":0,"ExpansionArg_type_3":0,"_bound":3,"ExpansionArg_int":0} start 19.1679 took 8.7733s
*-- Errors occured in test {"Switcher":false,"Target_Switch_Base":0,"ExpansionArg_type":2,"ExpansionArg_type_2":0,"ExpansionArg_type_3":0,"_bound":3,"ExpansionArg_int":0}
* Error: TypeError: Function.prototype.apply was called on undefined, which is a undefined and not a function
*-- Replay with NO_COMPILE=1 expoSE replay '/home/blake/ExpoSE/lib/Harness/src/harness.js' '{"Switcher":false,"Target_Switch_Base":0,"ExpansionArg_type":2,"ExpansionArg_type_2":0,"ExpansionArg_type_3":0,"_bound":3}'
*-- Test Case {"Switcher":false,"Target_Switch_Base":0,"ExpansionArg_type":1,"ExpansionArg_type_2":2,"ExpansionArg_type_3":0,"_bound":4,"ExpansionArg_int":0} start 19.2161 took 8.9367s
*-- Errors occured in test {"Switcher":false,"Target_Switch_Base":0,"ExpansionArg_type":1,"ExpansionArg_type_2":2,"ExpansionArg_type_3":0,"_bound":4,"ExpansionArg_int":0}
* Error: TypeError: Function.prototype.apply was called on undefined, which is a undefined and not a function
*-- Replay with NO_COMPILE=1 expoSE replay '/home/blake/ExpoSE/lib/Harness/src/harness.js' '{"Switcher":false,"Target_Switch_Base":0,"ExpansionArg_type":1,"ExpansionArg_type_2":2,"ExpansionArg_type_3":0,"_bound":4}'
*-- Test Case {"Switcher":false,"Target_Switch_Base":0,"ExpansionArg_type":0,"ExpansionArg_type_2":1,"ExpansionArg_type_3":2,"_bound":5,"ExpansionArg_int":0} start 20.2391 took 9.1506s
*-- Errors occured in test {"Switcher":false,"Target_Switch_Base":0,"ExpansionArg_type":0,"ExpansionArg_type_2":1,"ExpansionArg_type_3":2,"_bound":5,"ExpansionArg_int":0}
* Error: TypeError: Function.prototype.apply was called on 0, which is a number and not a function
*-- Replay with NO_COMPILE=1 expoSE replay '/home/blake/ExpoSE/lib/Harness/src/harness.js' '{"Switcher":false,"Target_Switch_Base":0,"ExpansionArg_type":0,"ExpansionArg_type_2":1,"ExpansionArg_type_3":2,"_bound":5}'
*-- Test Case {"Switcher":false,"Target_Switch_Base":0,"ExpansionArg_type":0,"ExpansionArg_type_2":2,"ExpansionArg_type_3":0,"_bound":4,"ExpansionArg_int":0} start 20.177 took 9.4606s
*-- Errors occured in test {"Switcher":false,"Target_Switch_Base":0,"ExpansionArg_type":0,"ExpansionArg_type_2":2,"ExpansionArg_type_3":0,"_bound":4,"ExpansionArg_int":0}
* Error: TypeError: Function.prototype.apply was called on undefined, which is a undefined and not a function
*-- Replay with NO_COMPILE=1 expoSE replay '/home/blake/ExpoSE/lib/Harness/src/harness.js' '{"Switcher":false,"Target_Switch_Base":0,"ExpansionArg_type":0,"ExpansionArg_type_2":2,"ExpansionArg_type_3":0,"_bound":4}'
*-- Test Case {"Switcher":false,"Target_Switch_Base":0,"ExpansionArg_type":1,"ExpansionArg_type_2":0,"ExpansionArg_type_3":2,"_bound":5,"ExpansionArg_int":0} start 19.267 took 10.6024s
*-- Errors occured in test {"Switcher":false,"Target_Switch_Base":0,"ExpansionArg_type":1,"ExpansionArg_type_2":0,"ExpansionArg_type_3":2,"_bound":5,"ExpansionArg_int":0}
* Error: TypeError: Function.prototype.apply was called on 0, which is a number and not a function
*-- Replay with NO_COMPILE=1 expoSE replay '/home/blake/ExpoSE/lib/Harness/src/harness.js' '{"Switcher":false,"Target_Switch_Base":0,"ExpansionArg_type":1,"ExpansionArg_type_2":0,"ExpansionArg_type_3":2,"_bound":5}'
*-- Test Case {"Switcher":false,"Target_Switch_Base":0,"ExpansionArg_type":0,"ExpansionArg_type_2":0,"ExpansionArg_type_3":2,"_bound":5,"ExpansionArg_int":0} start 19.8987 took 9.984s
*-- Errors occured in test {"Switcher":false,"Target_Switch_Base":0,"ExpansionArg_type":0,"ExpansionArg_type_2":0,"ExpansionArg_type_3":2,"_bound":5,"ExpansionArg_int":0}
* Error: TypeError: Function.prototype.apply was called on 0, which is a number and not a function
*-- Replay with NO_COMPILE=1 expoSE replay '/home/blake/ExpoSE/lib/Harness/src/harness.js' '{"Switcher":false,"Target_Switch_Base":0,"ExpansionArg_type":0,"ExpansionArg_type_2":0,"ExpansionArg_type_3":2,"_bound":5}'
*-- Test Case {"Switcher":false,"Target_Switch_Base":1,"ExpansionArg_type":1,"ExpansionArg_int":0,"ExpansionArg_type_2":0,"_bound":4} start 24.3695 took 9.3293s
*-- Errors occured in test {"Switcher":false,"Target_Switch_Base":1,"ExpansionArg_type":1,"ExpansionArg_int":0,"ExpansionArg_type_2":0,"_bound":4}
* Error: TypeError: Function.prototype.apply was called on undefined, which is a undefined and not a function
*-- Replay with NO_COMPILE=1 expoSE replay '/home/blake/ExpoSE/lib/Harness/src/harness.js' '{"Switcher":false,"Target_Switch_Base":1,"ExpansionArg_type":1,"ExpansionArg_int":0,"ExpansionArg_type_2":0,"_bound":4}'
*-- Test Case {"Switcher":false,"Target_Switch_Base":1,"ExpansionArg_type":3,"ExpansionArg_int":0,"ExpansionArg_type_2":0,"_bound":5,"ExpansionArg_string":"PureString"} start 24.322 took 9.9464s
*-- Errors occured in test {"Switcher":false,"Target_Switch_Base":1,"ExpansionArg_type":3,"ExpansionArg_int":0,"ExpansionArg_type_2":0,"_bound":5,"ExpansionArg_string":"PureString"}
* Error: TypeError: Function.prototype.apply was called on undefined, which is a undefined and not a function
*-- Replay with NO_COMPILE=1 expoSE replay '/home/blake/ExpoSE/lib/Harness/src/harness.js' '{"Switcher":false,"Target_Switch_Base":1,"ExpansionArg_type":3,"ExpansionArg_int":0,"ExpansionArg_type_2":0,"_bound":5}'
*-- Test Case {"Switcher":false,"Target_Switch_Base":1,"ExpansionArg_type":0,"ExpansionArg_type_2":3,"ExpansionArg_int":0,"_bound":6,"ExpansionArg_string":"PureString"} start 25.0525 took 10.238s
*-- Errors occured in test {"Switcher":false,"Target_Switch_Base":1,"ExpansionArg_type":0,"ExpansionArg_type_2":3,"ExpansionArg_int":0,"_bound":6,"ExpansionArg_string":"PureString"}
* Error: TypeError: Function.prototype.apply was called on PureString, which is a string and not a function
*-- Replay with NO_COMPILE=1 expoSE replay '/home/blake/ExpoSE/lib/Harness/src/harness.js' '{"Switcher":false,"Target_Switch_Base":1,"ExpansionArg_type":0,"ExpansionArg_type_2":3,"ExpansionArg_int":0,"_bound":6}'
*-- Test Case {"Switcher":false,"Target_Switch_Base":1,"ExpansionArg_type":2,"ExpansionArg_int":0,"ExpansionArg_type_2":3,"_bound":6,"ExpansionArg_string":"PureString"} start 24.4467 took 11.5506s
*-- Errors occured in test {"Switcher":false,"Target_Switch_Base":1,"ExpansionArg_type":2,"ExpansionArg_int":0,"ExpansionArg_type_2":3,"_bound":6,"ExpansionArg_string":"PureString"}
* Error: TypeError: Function.prototype.apply was called on PureString, which is a string and not a function
*-- Replay with NO_COMPILE=1 expoSE replay '/home/blake/ExpoSE/lib/Harness/src/harness.js' '{"Switcher":false,"Target_Switch_Base":1,"ExpansionArg_type":2,"ExpansionArg_int":0,"ExpansionArg_type_2":3,"_bound":6}'
*-- Test Case {"Switcher":false,"Target_Switch_Base":1,"ExpansionArg_type":0,"ExpansionArg_type_2":1,"ExpansionArg_int":0,"_bound":5} start 24.9862 took 11.5918s
*-- Errors occured in test {"Switcher":false,"Target_Switch_Base":1,"ExpansionArg_type":0,"ExpansionArg_type_2":1,"ExpansionArg_int":0,"_bound":5}
* Error: TypeError: Function.prototype.apply was called on null, which is a object and not a function
*-- Replay with NO_COMPILE=1 expoSE replay '/home/blake/ExpoSE/lib/Harness/src/harness.js' '{"Switcher":false,"Target_Switch_Base":1,"ExpansionArg_type":0,"ExpansionArg_type_2":1,"ExpansionArg_int":0,"_bound":5}'
*-- Test Case {"Switcher":false,"Target_Switch_Base":0,"ExpansionArg_type":2,"ExpansionArg_int":0,"ExpansionArg_type_2":3,"ExpansionArg_type_3":0,"_bound":5,"ExpansionArg_string":"PureString"} start 28.089 took 9.9429s
*-- Errors occured in test {"Switcher":false,"Target_Switch_Base":0,"ExpansionArg_type":2,"ExpansionArg_int":0,"ExpansionArg_type_2":3,"ExpansionArg_type_3":0,"_bound":5,"ExpansionArg_string":"PureString"}
* Error: TypeError: Function.prototype.apply was called on undefined, which is a undefined and not a function
*-- Replay with NO_COMPILE=1 expoSE replay '/home/blake/ExpoSE/lib/Harness/src/harness.js' '{"Switcher":false,"Target_Switch_Base":0,"ExpansionArg_type":2,"ExpansionArg_int":0,"ExpansionArg_type_2":3,"ExpansionArg_type_3":0,"_bound":5}'
*-- Test Case {"Switcher":false,"Target_Switch_Base":0,"ExpansionArg_type":2,"ExpansionArg_int":0,"ExpansionArg_type_2":0,"ExpansionArg_type_3":3,"_bound":6,"ExpansionArg_string":"PureString"} start 28.064 took 10.1681s
*-- Errors occured in test {"Switcher":false,"Target_Switch_Base":0,"ExpansionArg_type":2,"ExpansionArg_int":0,"ExpansionArg_type_2":0,"ExpansionArg_type_3":3,"_bound":6,"ExpansionArg_string":"PureString"}
* Error: TypeError: Function.prototype.apply was called on PureString, which is a string and not a function
*-- Replay with NO_COMPILE=1 expoSE replay '/home/blake/ExpoSE/lib/Harness/src/harness.js' '{"Switcher":false,"Target_Switch_Base":0,"ExpansionArg_type":2,"ExpansionArg_int":0,"ExpansionArg_type_2":0,"ExpansionArg_type_3":3,"_bound":6}'
*-- Test Case {"Switcher":false,"Target_Switch_Base":0,"ExpansionArg_type":3,"ExpansionArg_int":0,"ExpansionArg_type_2":0,"ExpansionArg_type_3":0,"_bound":4,"ExpansionArg_string":"PureString"} start 28.0373 took 10.4058s
*-- Errors occured in test {"Switcher":false,"Target_Switch_Base":0,"ExpansionArg_type":3,"ExpansionArg_int":0,"ExpansionArg_type_2":0,"ExpansionArg_type_3":0,"_bound":4,"ExpansionArg_string":"PureString"}
* Error: TypeError: Function.prototype.apply was called on undefined, which is a undefined and not a function
*-- Replay with NO_COMPILE=1 expoSE replay '/home/blake/ExpoSE/lib/Harness/src/harness.js' '{"Switcher":false,"Target_Switch_Base":0,"ExpansionArg_type":3,"ExpansionArg_int":0,"ExpansionArg_type_2":0,"ExpansionArg_type_3":0,"_bound":4}'
*-- Test Case {"Switcher":false,"Target_Switch_Base":0,"ExpansionArg_type":1,"ExpansionArg_type_2":1,"ExpansionArg_int":0,"ExpansionArg_type_3":0,"_bound":5} start 28.3822 took 10.0611s
*-- Errors occured in test {"Switcher":false,"Target_Switch_Base":0,"ExpansionArg_type":1,"ExpansionArg_type_2":1,"ExpansionArg_int":0,"ExpansionArg_type_3":0,"_bound":5}
* Error: TypeError: Function.prototype.apply was called on undefined, which is a undefined and not a function
*-- Replay with NO_COMPILE=1 expoSE replay '/home/blake/ExpoSE/lib/Harness/src/harness.js' '{"Switcher":false,"Target_Switch_Base":0,"ExpansionArg_type":1,"ExpansionArg_type_2":1,"ExpansionArg_int":0,"ExpansionArg_type_3":0,"_bound":5}'
*-- Test Case {"Switcher":false,"Target_Switch_Base":0,"ExpansionArg_type":1,"ExpansionArg_type_2":3,"ExpansionArg_int":0,"ExpansionArg_type_3":0,"_bound":6,"ExpansionArg_string":"PureString"} start 28.2805 took 10.6227s
*-- Errors occured in test {"Switcher":false,"Target_Switch_Base":0,"ExpansionArg_type":1,"ExpansionArg_type_2":3,"ExpansionArg_int":0,"ExpansionArg_type_3":0,"_bound":6,"ExpansionArg_string":"PureString"}
* Error: TypeError: Function.prototype.apply was called on undefined, which is a undefined and not a function
*-- Replay with NO_COMPILE=1 expoSE replay '/home/blake/ExpoSE/lib/Harness/src/harness.js' '{"Switcher":false,"Target_Switch_Base":0,"ExpansionArg_type":1,"ExpansionArg_type_2":3,"ExpansionArg_int":0,"ExpansionArg_type_3":0,"_bound":6}'
*-- Test Case {"Switcher":false,"Target_Switch_Base":0,"ExpansionArg_type":1,"ExpansionArg_type_2":2,"ExpansionArg_int":0,"ExpansionArg_type_3":3,"_bound":7,"ExpansionArg_string":"PureString"} start 28.4612 took 10.4422s
*-- Errors occured in test {"Switcher":false,"Target_Switch_Base":0,"ExpansionArg_type":1,"ExpansionArg_type_2":2,"ExpansionArg_int":0,"ExpansionArg_type_3":3,"_bound":7,"ExpansionArg_string":"PureString"}
* Error: TypeError: Function.prototype.apply was called on PureString, which is a string and not a function
*-- Replay with NO_COMPILE=1 expoSE replay '/home/blake/ExpoSE/lib/Harness/src/harness.js' '{"Switcher":false,"Target_Switch_Base":0,"ExpansionArg_type":1,"ExpansionArg_type_2":2,"ExpansionArg_int":0,"ExpansionArg_type_3":3,"_bound":7}'
*-- Test Case {"Switcher":false,"Target_Switch_Base":0,"ExpansionArg_type":0,"ExpansionArg_type_2":2,"ExpansionArg_int":3,"ExpansionArg_type_3":0,"_bound":7} start 29.7621 took 9.6614s
*-- Errors occured in test {"Switcher":false,"Target_Switch_Base":0,"ExpansionArg_type":0,"ExpansionArg_type_2":2,"ExpansionArg_int":3,"ExpansionArg_type_3":0,"_bound":7}
* Error: TypeError: Function.prototype.apply was called on undefined, which is a undefined and not a function
*-- Replay with NO_COMPILE=1 expoSE replay '/home/blake/ExpoSE/lib/Harness/src/harness.js' '{"Switcher":false,"Target_Switch_Base":0,"ExpansionArg_type":0,"ExpansionArg_type_2":2,"ExpansionArg_int":3,"ExpansionArg_type_3":0,"_bound":7}'
*-- Test Case {"Switcher":false,"Target_Switch_Base":0,"ExpansionArg_type":1,"ExpansionArg_type_2":2,"ExpansionArg_int":3,"ExpansionArg_type_3":0,"_bound":8} start 28.2496 took 11.1738s
*-- Errors occured in test {"Switcher":false,"Target_Switch_Base":0,"ExpansionArg_type":1,"ExpansionArg_type_2":2,"ExpansionArg_int":3,"ExpansionArg_type_3":0,"_bound":8}
* Error: TypeError: Function.prototype.apply was called on undefined, which is a undefined and not a function
*-- Replay with NO_COMPILE=1 expoSE replay '/home/blake/ExpoSE/lib/Harness/src/harness.js' '{"Switcher":false,"Target_Switch_Base":0,"ExpansionArg_type":1,"ExpansionArg_type_2":2,"ExpansionArg_int":3,"ExpansionArg_type_3":0,"_bound":8}'
*-- Test Case {"Switcher":false,"Target_Switch_Base":0,"ExpansionArg_type":0,"ExpansionArg_type_2":3,"ExpansionArg_int":0,"ExpansionArg_type_3":0,"_bound":5,"ExpansionArg_string":"PureString"} start 30.0353 took 9.8552s
*-- Errors occured in test {"Switcher":false,"Target_Switch_Base":0,"ExpansionArg_type":0,"ExpansionArg_type_2":3,"ExpansionArg_int":0,"ExpansionArg_type_3":0,"_bound":5,"ExpansionArg_string":"PureString"}
* Error: TypeError: Function.prototype.apply was called on undefined, which is a undefined and not a function
*-- Replay with NO_COMPILE=1 expoSE replay '/home/blake/ExpoSE/lib/Harness/src/harness.js' '{"Switcher":false,"Target_Switch_Base":0,"ExpansionArg_type":0,"ExpansionArg_type_2":3,"ExpansionArg_int":0,"ExpansionArg_type_3":0,"_bound":5}'
*-- Test Case {"Switcher":false,"Target_Switch_Base":0,"ExpansionArg_type":1,"ExpansionArg_type_2":0,"ExpansionArg_type_3":3,"ExpansionArg_int":0,"_bound":7,"ExpansionArg_string":"PureString"} start 30.363 took 9.9818s
*-- Errors occured in test {"Switcher":false,"Target_Switch_Base":0,"ExpansionArg_type":1,"ExpansionArg_type_2":0,"ExpansionArg_type_3":3,"ExpansionArg_int":0,"_bound":7,"ExpansionArg_string":"PureString"}
* Error: TypeError: Function.prototype.apply was called on PureString, which is a string and not a function
*-- Replay with NO_COMPILE=1 expoSE replay '/home/blake/ExpoSE/lib/Harness/src/harness.js' '{"Switcher":false,"Target_Switch_Base":0,"ExpansionArg_type":1,"ExpansionArg_type_2":0,"ExpansionArg_type_3":3,"ExpansionArg_int":0,"_bound":7}'
*-- Test Case {"Switcher":false,"Target_Switch_Base":0,"ExpansionArg_type":0,"ExpansionArg_type_2":1,"ExpansionArg_type_3":3,"ExpansionArg_int":0,"_bound":7,"ExpansionArg_string":"PureString"} start 29.5122 took 11.0414s
*-- Errors occured in test {"Switcher":false,"Target_Switch_Base":0,"ExpansionArg_type":0,"ExpansionArg_type_2":1,"ExpansionArg_type_3":3,"ExpansionArg_int":0,"_bound":7,"ExpansionArg_string":"PureString"}
* Error: TypeError: Function.prototype.apply was called on PureString, which is a string and not a function
*-- Replay with NO_COMPILE=1 expoSE replay '/home/blake/ExpoSE/lib/Harness/src/harness.js' '{"Switcher":false,"Target_Switch_Base":0,"ExpansionArg_type":0,"ExpansionArg_type_2":1,"ExpansionArg_type_3":3,"ExpansionArg_int":0,"_bound":7}'
*-- Test Case {"Switcher":false,"Target_Switch_Base":0,"ExpansionArg_type":0,"ExpansionArg_type_2":1,"ExpansionArg_type_3":1,"ExpansionArg_int":0,"_bound":6} start 33.8667 took 10.3678s
*-- Errors occured in test {"Switcher":false,"Target_Switch_Base":0,"ExpansionArg_type":0,"ExpansionArg_type_2":1,"ExpansionArg_type_3":1,"ExpansionArg_int":0,"_bound":6}
* Error: TypeError: Function.prototype.apply was called on null, which is a object and not a function
*-- Replay with NO_COMPILE=1 expoSE replay '/home/blake/ExpoSE/lib/Harness/src/harness.js' '{"Switcher":false,"Target_Switch_Base":0,"ExpansionArg_type":0,"ExpansionArg_type_2":1,"ExpansionArg_type_3":1,"ExpansionArg_int":0,"_bound":6}'
*-- Test Case {"Switcher":false,"Target_Switch_Base":1,"ExpansionArg_type":4,"ExpansionArg_string":"","ExpansionArg_type_2":0,"_bound":6,"ExpansionArg_array_length":0} start 35.4539 took 9.2003s
*-- Errors occured in test {"Switcher":false,"Target_Switch_Base":1,"ExpansionArg_type":4,"ExpansionArg_string":"","ExpansionArg_type_2":0,"_bound":6,"ExpansionArg_array_length":0}
* Error: TypeError: Function.prototype.apply was called on undefined, which is a undefined and not a function
*-- Replay with NO_COMPILE=1 expoSE replay '/home/blake/ExpoSE/lib/Harness/src/harness.js' '{"Switcher":false,"Target_Switch_Base":1,"ExpansionArg_type":4,"ExpansionArg_string":"","ExpansionArg_type_2":0,"_bound":6}'
*-- Test Case {"Switcher":false,"Target_Switch_Base":1,"ExpansionArg_type":0,"ExpansionArg_type_2":4,"ExpansionArg_string":"","_bound":7,"ExpansionArg_array_length":0} start 36.7175 took 8.8375s
*-- Errors occured in test {"Switcher":false,"Target_Switch_Base":1,"ExpansionArg_type":0,"ExpansionArg_type_2":4,"ExpansionArg_string":"","_bound":7,"ExpansionArg_array_length":0}
* Error: TypeError: Function.prototype.apply was called on [object Array], which is a object and not a function
*-- Replay with NO_COMPILE=1 expoSE replay '/home/blake/ExpoSE/lib/Harness/src/harness.js' '{"Switcher":false,"Target_Switch_Base":1,"ExpansionArg_type":0,"ExpansionArg_type_2":4,"ExpansionArg_string":"","_bound":7}'
*-- Test Case {"Switcher":false,"Target_Switch_Base":1,"ExpansionArg_type":2,"ExpansionArg_int":0,"ExpansionArg_type_2":4,"ExpansionArg_string":"","_bound":9,"ExpansionArg_array_length":0} start 36.1289 took 11.0684s
*-- Errors occured in test {"Switcher":false,"Target_Switch_Base":1,"ExpansionArg_type":2,"ExpansionArg_int":0,"ExpansionArg_type_2":4,"ExpansionArg_string":"","_bound":9,"ExpansionArg_array_length":0}
* Error: TypeError: Function.prototype.apply was called on [object Array], which is a object and not a function
*-- Replay with NO_COMPILE=1 expoSE replay '/home/blake/ExpoSE/lib/Harness/src/harness.js' '{"Switcher":false,"Target_Switch_Base":1,"ExpansionArg_type":2,"ExpansionArg_int":0,"ExpansionArg_type_2":4,"ExpansionArg_string":"","_bound":9}'
*-- Test Case {"Switcher":false,"Target_Switch_Base":0,"ExpansionArg_type":2,"ExpansionArg_int":0,"ExpansionArg_type_2":4,"ExpansionArg_string":"","ExpansionArg_type_3":0,"_bound":8,"ExpansionArg_array_length":0} start 38.1736 took 9.2793s
*-- Errors occured in test {"Switcher":false,"Target_Switch_Base":0,"ExpansionArg_type":2,"ExpansionArg_int":0,"ExpansionArg_type_2":4,"ExpansionArg_string":"","ExpansionArg_type_3":0,"_bound":8,"ExpansionArg_array_length":0}
* Error: TypeError: Function.prototype.apply was called on undefined, which is a undefined and not a function
*-- Replay with NO_COMPILE=1 expoSE replay '/home/blake/ExpoSE/lib/Harness/src/harness.js' '{"Switcher":false,"Target_Switch_Base":0,"ExpansionArg_type":2,"ExpansionArg_int":0,"ExpansionArg_type_2":4,"ExpansionArg_string":"","ExpansionArg_type_3":0,"_bound":8}'
*-- Test Case {"Switcher":false,"Target_Switch_Base":1,"ExpansionArg_type":3,"ExpansionArg_string":"\u0000<!-- TOC -->","ExpansionArg_type_2":0,"_bound":8} start 34.441 took 13.2579s
*-- Errors occured in test {"Switcher":false,"Target_Switch_Base":1,"ExpansionArg_type":3,"ExpansionArg_string":"\u0000<!-- TOC -->","ExpansionArg_type_2":0,"_bound":8}
* Error: TypeError: Function.prototype.apply was called on undefined, which is a undefined and not a function
*-- Replay with NO_COMPILE=1 expoSE replay '/home/blake/ExpoSE/lib/Harness/src/harness.js' '{"Switcher":false,"Target_Switch_Base":1,"ExpansionArg_type":3,"ExpansionArg_string":"\u0000<!-- TOC -->","ExpansionArg_type_2":0,"_bound":8}'
*-- Test Case {"Switcher":false,"Target_Switch_Base":0,"ExpansionArg_type":1,"ExpansionArg_type_2":2,"ExpansionArg_int":4,"ExpansionArg_type_3":3,"ExpansionArg_string":"","_bound":11} start 39.303 took 8.3961s
*-- Errors occured in test {"Switcher":false,"Target_Switch_Base":0,"ExpansionArg_type":1,"ExpansionArg_type_2":2,"ExpansionArg_int":4,"ExpansionArg_type_3":3,"ExpansionArg_string":"","_bound":11}
* Error: TypeError: Function.prototype.apply was called on , which is a string and not a function
*-- Replay with NO_COMPILE=1 expoSE replay '/home/blake/ExpoSE/lib/Harness/src/harness.js' '{"Switcher":false,"Target_Switch_Base":0,"ExpansionArg_type":1,"ExpansionArg_type_2":2,"ExpansionArg_int":4,"ExpansionArg_type_3":3,"ExpansionArg_string":"","_bound":11}'
*-- Test Case {"Switcher":false,"Target_Switch_Base":0,"ExpansionArg_type":4,"ExpansionArg_string":"","ExpansionArg_type_2":0,"ExpansionArg_type_3":0,"_bound":5,"ExpansionArg_array_length":0} start 39.6231 took 9.6816s
*-- Errors occured in test {"Switcher":false,"Target_Switch_Base":0,"ExpansionArg_type":4,"ExpansionArg_string":"","ExpansionArg_type_2":0,"ExpansionArg_type_3":0,"_bound":5,"ExpansionArg_array_length":0}
* Error: TypeError: Function.prototype.apply was called on undefined, which is a undefined and not a function
*-- Replay with NO_COMPILE=1 expoSE replay '/home/blake/ExpoSE/lib/Harness/src/harness.js' '{"Switcher":false,"Target_Switch_Base":0,"ExpansionArg_type":4,"ExpansionArg_string":"","ExpansionArg_type_2":0,"ExpansionArg_type_3":0,"_bound":5}'
*-- Test Case {"Switcher":false,"Target_Switch_Base":0,"ExpansionArg_type":2,"ExpansionArg_int":0,"ExpansionArg_type_2":3,"ExpansionArg_string":"","ExpansionArg_type_3":0,"_bound":10} start 38.8025 took 10.6696s
*-- Errors occured in test {"Switcher":false,"Target_Switch_Base":0,"ExpansionArg_type":2,"ExpansionArg_int":0,"ExpansionArg_type_2":3,"ExpansionArg_string":"","ExpansionArg_type_3":0,"_bound":10}
* Error: TypeError: Function.prototype.apply was called on undefined, which is a undefined and not a function
*-- Replay with NO_COMPILE=1 expoSE replay '/home/blake/ExpoSE/lib/Harness/src/harness.js' '{"Switcher":false,"Target_Switch_Base":0,"ExpansionArg_type":2,"ExpansionArg_int":0,"ExpansionArg_type_2":3,"ExpansionArg_string":"","ExpansionArg_type_3":0,"_bound":10}'
*-- Test Case {"Switcher":false,"Target_Switch_Base":0,"ExpansionArg_type":2,"ExpansionArg_int":0,"ExpansionArg_type_2":0,"ExpansionArg_type_3":4,"ExpansionArg_string":"","_bound":9,"ExpansionArg_array_length":0} start 38.3378 took 11.535s
*-- Errors occured in test {"Switcher":false,"Target_Switch_Base":0,"ExpansionArg_type":2,"ExpansionArg_int":0,"ExpansionArg_type_2":0,"ExpansionArg_type_3":4,"ExpansionArg_string":"","_bound":9,"ExpansionArg_array_length":0}
* Error: TypeError: Function.prototype.apply was called on [object Array], which is a object and not a function
*-- Replay with NO_COMPILE=1 expoSE replay '/home/blake/ExpoSE/lib/Harness/src/harness.js' '{"Switcher":false,"Target_Switch_Base":0,"ExpansionArg_type":2,"ExpansionArg_int":0,"ExpansionArg_type_2":0,"ExpansionArg_type_3":4,"ExpansionArg_string":"","_bound":9}'
*-- Test Case {"Switcher":false,"Target_Switch_Base":0,"ExpansionArg_type":1,"ExpansionArg_type_2":3,"ExpansionArg_string":"","ExpansionArg_type_3":0,"_bound":9} start 39.7907 took 10.2787s
*-- Errors occured in test {"Switcher":false,"Target_Switch_Base":0,"ExpansionArg_type":1,"ExpansionArg_type_2":3,"ExpansionArg_string":"","ExpansionArg_type_3":0,"_bound":9}
* Error: TypeError: Function.prototype.apply was called on undefined, which is a undefined and not a function
*-- Replay with NO_COMPILE=1 expoSE replay '/home/blake/ExpoSE/lib/Harness/src/harness.js' '{"Switcher":false,"Target_Switch_Base":0,"ExpansionArg_type":1,"ExpansionArg_type_2":3,"ExpansionArg_string":"","ExpansionArg_type_3":0,"_bound":9}'
*-- Test Case {"Switcher":false,"Target_Switch_Base":0,"ExpansionArg_type":0,"ExpansionArg_type_2":3,"ExpansionArg_string":"","ExpansionArg_type_3":0,"_bound":8} start 40.0126 took 10.0568s
*-- Errors occured in test {"Switcher":false,"Target_Switch_Base":0,"ExpansionArg_type":0,"ExpansionArg_type_2":3,"ExpansionArg_string":"","ExpansionArg_type_3":0,"_bound":8}
* Error: TypeError: Function.prototype.apply was called on undefined, which is a undefined and not a function
*-- Replay with NO_COMPILE=1 expoSE replay '/home/blake/ExpoSE/lib/Harness/src/harness.js' '{"Switcher":false,"Target_Switch_Base":0,"ExpansionArg_type":0,"ExpansionArg_type_2":3,"ExpansionArg_string":"","ExpansionArg_type_3":0,"_bound":8}'
*-- Test Case {"Switcher":false,"Target_Switch_Base":0,"ExpansionArg_type":1,"ExpansionArg_type_2":4,"ExpansionArg_string":"","ExpansionArg_type_3":0,"_bound":7,"ExpansionArg_array_length":0} start 39.0043 took 12.0508s
*-- Errors occured in test {"Switcher":false,"Target_Switch_Base":0,"ExpansionArg_type":1,"ExpansionArg_type_2":4,"ExpansionArg_string":"","ExpansionArg_type_3":0,"_bound":7,"ExpansionArg_array_length":0}
* Error: TypeError: Function.prototype.apply was called on undefined, which is a undefined and not a function
*-- Replay with NO_COMPILE=1 expoSE replay '/home/blake/ExpoSE/lib/Harness/src/harness.js' '{"Switcher":false,"Target_Switch_Base":0,"ExpansionArg_type":1,"ExpansionArg_type_2":4,"ExpansionArg_string":"","ExpansionArg_type_3":0,"_bound":7}'
*-- Test Case {"Switcher":false,"Target_Switch_Base":0,"ExpansionArg_type":1,"ExpansionArg_type_2":0,"ExpansionArg_type_3":4,"ExpansionArg_string":"","_bound":8,"ExpansionArg_array_length":0} start 40.7001 took 10.6813s
*-- Errors occured in test {"Switcher":false,"Target_Switch_Base":0,"ExpansionArg_type":1,"ExpansionArg_type_2":0,"ExpansionArg_type_3":4,"ExpansionArg_string":"","_bound":8,"ExpansionArg_array_length":0}
* Error: TypeError: Function.prototype.apply was called on [object Array], which is a object and not a function
*-- Replay with NO_COMPILE=1 expoSE replay '/home/blake/ExpoSE/lib/Harness/src/harness.js' '{"Switcher":false,"Target_Switch_Base":0,"ExpansionArg_type":1,"ExpansionArg_type_2":0,"ExpansionArg_type_3":4,"ExpansionArg_string":"","_bound":8}'
*-- Test Case {"Switcher":false,"Target_Switch_Base":0,"ExpansionArg_type":2,"ExpansionArg_int":0,"ExpansionArg_type_2":1,"ExpansionArg_string":"","ExpansionArg_type_3":0,"_bound":6} start 40.4593 took 12.4119s
*-- Errors occured in test {"Switcher":false,"Target_Switch_Base":0,"ExpansionArg_type":2,"ExpansionArg_int":0,"ExpansionArg_type_2":1,"ExpansionArg_string":"","ExpansionArg_type_3":0,"_bound":6}
* Error: TypeError: Function.prototype.apply was called on undefined, which is a undefined and not a function
*-- Replay with NO_COMPILE=1 expoSE replay '/home/blake/ExpoSE/lib/Harness/src/harness.js' '{"Switcher":false,"Target_Switch_Base":0,"ExpansionArg_type":2,"ExpansionArg_int":0,"ExpansionArg_type_2":1,"ExpansionArg_string":"","ExpansionArg_type_3":0,"_bound":6}'
*-- Test Case {"Switcher":false,"Target_Switch_Base":0,"ExpansionArg_type":0,"ExpansionArg_type_2":0,"ExpansionArg_type_3":3,"ExpansionArg_int":0,"_bound":6,"ExpansionArg_string":"PureString"} start 44.3541 took 9.2064s
*-- Errors occured in test {"Switcher":false,"Target_Switch_Base":0,"ExpansionArg_type":0,"ExpansionArg_type_2":0,"ExpansionArg_type_3":3,"ExpansionArg_int":0,"_bound":6,"ExpansionArg_string":"PureString"}
* Error: TypeError: Function.prototype.apply was called on PureString, which is a string and not a function
*-- Replay with NO_COMPILE=1 expoSE replay '/home/blake/ExpoSE/lib/Harness/src/harness.js' '{"Switcher":false,"Target_Switch_Base":0,"ExpansionArg_type":0,"ExpansionArg_type_2":0,"ExpansionArg_type_3":3,"ExpansionArg_int":0,"_bound":6}'
*-- Test Case {"Switcher":false,"Target_Switch_Base":0,"ExpansionArg_type":3,"ExpansionArg_string":"\u0000<!-- TOC -->","ExpansionArg_type_2":0,"ExpansionArg_type_3":0,"_bound":8} start 38.5885 took 15.4402s
*-- Errors occured in test {"Switcher":false,"Target_Switch_Base":0,"ExpansionArg_type":3,"ExpansionArg_string":"\u0000<!-- TOC -->","ExpansionArg_type_2":0,"ExpansionArg_type_3":0,"_bound":8}
* Error: TypeError: Function.prototype.apply was called on undefined, which is a undefined and not a function
*-- Replay with NO_COMPILE=1 expoSE replay '/home/blake/ExpoSE/lib/Harness/src/harness.js' '{"Switcher":false,"Target_Switch_Base":0,"ExpansionArg_type":3,"ExpansionArg_string":"\u0000<!-- TOC -->","ExpansionArg_type_2":0,"ExpansionArg_type_3":0,"_bound":8}'
*-- Test Case {"Switcher":false,"Target_Switch_Base":1,"ExpansionArg_type":0,"ExpansionArg_type_2":4,"ExpansionArg_array_length":1,"_bound":9,"ExpansionArg_array_element_0_type":0} start 45.6629 took 9.0858s
*-- Errors occured in test {"Switcher":false,"Target_Switch_Base":1,"ExpansionArg_type":0,"ExpansionArg_type_2":4,"ExpansionArg_array_length":1,"_bound":9,"ExpansionArg_array_element_0_type":0}
* Error: TypeError: Function.prototype.apply was called on [object Array], which is a object and not a function
*-- Replay with NO_COMPILE=1 expoSE replay '/home/blake/ExpoSE/lib/Harness/src/harness.js' '{"Switcher":false,"Target_Switch_Base":1,"ExpansionArg_type":0,"ExpansionArg_type_2":4,"ExpansionArg_array_length":1,"_bound":9}'
*-- Test Case {"Switcher":false,"Target_Switch_Base":1,"ExpansionArg_type":5,"ExpansionArg_array_length":0,"ExpansionArg_type_2":0,"_bound":7,"ExpansionArg_bool":false} start 44.7742 took 11.2533s
*-- Errors occured in test {"Switcher":false,"Target_Switch_Base":1,"ExpansionArg_type":5,"ExpansionArg_array_length":0,"ExpansionArg_type_2":0,"_bound":7,"ExpansionArg_bool":false}
* Error: TypeError: Function.prototype.apply was called on undefined, which is a undefined and not a function
*-- Replay with NO_COMPILE=1 expoSE replay '/home/blake/ExpoSE/lib/Harness/src/harness.js' '{"Switcher":false,"Target_Switch_Base":1,"ExpansionArg_type":5,"ExpansionArg_array_length":0,"ExpansionArg_type_2":0,"_bound":7}'
*-- Test Case {"Switcher":false,"Target_Switch_Base":1,"ExpansionArg_type":2,"ExpansionArg_int":0,"ExpansionArg_type_2":4,"ExpansionArg_array_length":1,"_bound":11,"ExpansionArg_array_element_0_type":0} start 47.3304 took 9.6954s
*-- Errors occured in test {"Switcher":false,"Target_Switch_Base":1,"ExpansionArg_type":2,"ExpansionArg_int":0,"ExpansionArg_type_2":4,"ExpansionArg_array_length":1,"_bound":11,"ExpansionArg_array_element_0_type":0}
* Error: TypeError: Function.prototype.apply was called on [object Array], which is a object and not a function
*-- Replay with NO_COMPILE=1 expoSE replay '/home/blake/ExpoSE/lib/Harness/src/harness.js' '{"Switcher":false,"Target_Switch_Base":1,"ExpansionArg_type":2,"ExpansionArg_int":0,"ExpansionArg_type_2":4,"ExpansionArg_array_length":1,"_bound":11}'
*-- Test Case {"Switcher":false,"Target_Switch_Base":0,"ExpansionArg_type":2,"ExpansionArg_int":0,"ExpansionArg_type_2":5,"ExpansionArg_array_length":0,"ExpansionArg_type_3":0,"_bound":9,"ExpansionArg_bool":false} start 48.0214 took 9.7728s
*-- Errors occured in test {"Switcher":false,"Target_Switch_Base":0,"ExpansionArg_type":2,"ExpansionArg_int":0,"ExpansionArg_type_2":5,"ExpansionArg_array_length":0,"ExpansionArg_type_3":0,"_bound":9,"ExpansionArg_bool":false}
* Error: TypeError: Function.prototype.apply was called on undefined, which is a undefined and not a function
*-- Replay with NO_COMPILE=1 expoSE replay '/home/blake/ExpoSE/lib/Harness/src/harness.js' '{"Switcher":false,"Target_Switch_Base":0,"ExpansionArg_type":2,"ExpansionArg_int":0,"ExpansionArg_type_2":5,"ExpansionArg_array_length":0,"ExpansionArg_type_3":0,"_bound":9}'
*-- Test Case {"Switcher":false,"Target_Switch_Base":0,"ExpansionArg_type":4,"ExpansionArg_array_length":1,"ExpansionArg_type_2":0,"ExpansionArg_type_3":0,"_bound":7,"ExpansionArg_array_element_0_type":0} start 49.403 took 9.1126s
*-- Errors occured in test {"Switcher":false,"Target_Switch_Base":0,"ExpansionArg_type":4,"ExpansionArg_array_length":1,"ExpansionArg_type_2":0,"ExpansionArg_type_3":0,"_bound":7,"ExpansionArg_array_element_0_type":0}
* Error: TypeError: Function.prototype.apply was called on undefined, which is a undefined and not a function
*-- Replay with NO_COMPILE=1 expoSE replay '/home/blake/ExpoSE/lib/Harness/src/harness.js' '{"Switcher":false,"Target_Switch_Base":0,"ExpansionArg_type":4,"ExpansionArg_array_length":1,"ExpansionArg_type_2":0,"ExpansionArg_type_3":0,"_bound":7}'
*-- Test Case {"Switcher":false,"Target_Switch_Base":1,"ExpansionArg_type":3,"ExpansionArg_string":"\u0000<!-- TOC END --><!-- TOC --><!-- TOC END -->","ExpansionArg_type_2":0,"_bound":9} start 47.7993 took 10.971s
*-- Errors occured in test {"Switcher":false,"Target_Switch_Base":1,"ExpansionArg_type":3,"ExpansionArg_string":"\u0000<!-- TOC END --><!-- TOC --><!-- TOC END -->","ExpansionArg_type_2":0,"_bound":9}
* Error: TypeError: Function.prototype.apply was called on undefined, which is a undefined and not a function
*-- Replay with NO_COMPILE=1 expoSE replay '/home/blake/ExpoSE/lib/Harness/src/harness.js' '{"Switcher":false,"Target_Switch_Base":1,"ExpansionArg_type":3,"ExpansionArg_string":"\u0000<!-- TOC END --><!-- TOC --><!-- TOC END -->","ExpansionArg_type_2":0,"_bound":9}'
*-- Test Case {"Switcher":false,"Target_Switch_Base":1,"ExpansionArg_type":4,"ExpansionArg_array_length":1,"ExpansionArg_type_2":0,"_bound":8,"ExpansionArg_array_element_0_type":0} start 49.5697 took 10.0833s
*-- Errors occured in test {"Switcher":false,"Target_Switch_Base":1,"ExpansionArg_type":4,"ExpansionArg_array_length":1,"ExpansionArg_type_2":0,"_bound":8,"ExpansionArg_array_element_0_type":0}
* Error: TypeError: Function.prototype.apply was called on undefined, which is a undefined and not a function
*-- Replay with NO_COMPILE=1 expoSE replay '/home/blake/ExpoSE/lib/Harness/src/harness.js' '{"Switcher":false,"Target_Switch_Base":1,"ExpansionArg_type":4,"ExpansionArg_array_length":1,"ExpansionArg_type_2":0,"_bound":8}'
*-- Test Case {"Switcher":false,"Target_Switch_Base":0,"ExpansionArg_type":2,"ExpansionArg_int":0,"ExpansionArg_type_2":4,"ExpansionArg_array_length":1,"ExpansionArg_type_3":0,"_bound":10,"ExpansionArg_array_element_0_type":0} start 51.4582 took 8.8922s
*-- Errors occured in test {"Switcher":false,"Target_Switch_Base":0,"ExpansionArg_type":2,"ExpansionArg_int":0,"ExpansionArg_type_2":4,"ExpansionArg_array_length":1,"ExpansionArg_type_3":0,"_bound":10,"ExpansionArg_array_element_0_type":0}
* Error: TypeError: Function.prototype.apply was called on undefined, which is a undefined and not a function
*-- Replay with NO_COMPILE=1 expoSE replay '/home/blake/ExpoSE/lib/Harness/src/harness.js' '{"Switcher":false,"Target_Switch_Base":0,"ExpansionArg_type":2,"ExpansionArg_int":0,"ExpansionArg_type_2":4,"ExpansionArg_array_length":1,"ExpansionArg_type_3":0,"_bound":10}'
*-- Test Case {"Switcher":false,"Target_Switch_Base":1,"ExpansionArg_type":2,"ExpansionArg_int":0,"ExpansionArg_type_2":5,"ExpansionArg_array_length":0,"_bound":10,"ExpansionArg_bool":false} start 47.5943 took 12.9974s
*-- Errors occured in test {"Switcher":false,"Target_Switch_Base":1,"ExpansionArg_type":2,"ExpansionArg_int":0,"ExpansionArg_type_2":5,"ExpansionArg_array_length":0,"_bound":10,"ExpansionArg_bool":false}
* Error: TypeError: Function.prototype.apply was called on false, which is a boolean and not a function
*-- Replay with NO_COMPILE=1 expoSE replay '/home/blake/ExpoSE/lib/Harness/src/harness.js' '{"Switcher":false,"Target_Switch_Base":1,"ExpansionArg_type":2,"ExpansionArg_int":0,"ExpansionArg_type_2":5,"ExpansionArg_array_length":0,"_bound":10}'
*-- Test Case {"Switcher":false,"Target_Switch_Base":1,"ExpansionArg_type":0,"ExpansionArg_type_2":5,"ExpansionArg_array_length":0,"_bound":8,"ExpansionArg_bool":false} start 49.9841 took 10.8157s
*-- Errors occured in test {"Switcher":false,"Target_Switch_Base":1,"ExpansionArg_type":0,"ExpansionArg_type_2":5,"ExpansionArg_array_length":0,"_bound":8,"ExpansionArg_bool":false}
* Error: TypeError: Function.prototype.apply was called on false, which is a boolean and not a function
*-- Replay with NO_COMPILE=1 expoSE replay '/home/blake/ExpoSE/lib/Harness/src/harness.js' '{"Switcher":false,"Target_Switch_Base":1,"ExpansionArg_type":0,"ExpansionArg_type_2":5,"ExpansionArg_array_length":0,"_bound":8}'
*-- Test Case {"Switcher":false,"Target_Switch_Base":0,"ExpansionArg_type":2,"ExpansionArg_int":0,"ExpansionArg_type_2":0,"ExpansionArg_type_3":4,"ExpansionArg_array_length":1,"_bound":11,"ExpansionArg_array_element_0_type":0} start 50.4071 took 10.6193s
*-- Errors occured in test {"Switcher":false,"Target_Switch_Base":0,"ExpansionArg_type":2,"ExpansionArg_int":0,"ExpansionArg_type_2":0,"ExpansionArg_type_3":4,"ExpansionArg_array_length":1,"_bound":11,"ExpansionArg_array_element_0_type":0}
* Error: TypeError: Function.prototype.apply was called on [object Array], which is a object and not a function
*-- Replay with NO_COMPILE=1 expoSE replay '/home/blake/ExpoSE/lib/Harness/src/harness.js' '{"Switcher":false,"Target_Switch_Base":0,"ExpansionArg_type":2,"ExpansionArg_int":0,"ExpansionArg_type_2":0,"ExpansionArg_type_3":4,"ExpansionArg_array_length":1,"_bound":11}'
*-- Test Case {"Switcher":false,"Target_Switch_Base":0,"ExpansionArg_type":1,"ExpansionArg_type_2":5,"ExpansionArg_array_length":0,"ExpansionArg_type_3":0,"_bound":8,"ExpansionArg_bool":false} start 51.2051 took 9.8215s
*-- Errors occured in test {"Switcher":false,"Target_Switch_Base":0,"ExpansionArg_type":1,"ExpansionArg_type_2":5,"ExpansionArg_array_length":0,"ExpansionArg_type_3":0,"_bound":8,"ExpansionArg_bool":false}
* Error: TypeError: Function.prototype.apply was called on undefined, which is a undefined and not a function
*-- Replay with NO_COMPILE=1 expoSE replay '/home/blake/ExpoSE/lib/Harness/src/harness.js' '{"Switcher":false,"Target_Switch_Base":0,"ExpansionArg_type":1,"ExpansionArg_type_2":5,"ExpansionArg_array_length":0,"ExpansionArg_type_3":0,"_bound":8}'
*-- Test Case {"Switcher":false,"Target_Switch_Base":0,"ExpansionArg_type":5,"ExpansionArg_array_length":0,"ExpansionArg_type_2":0,"ExpansionArg_type_3":0,"_bound":6,"ExpansionArg_bool":false} start 50.173 took 11.3695s
*-- Errors occured in test {"Switcher":false,"Target_Switch_Base":0,"ExpansionArg_type":5,"ExpansionArg_array_length":0,"ExpansionArg_type_2":0,"ExpansionArg_type_3":0,"_bound":6,"ExpansionArg_bool":false}
* Error: TypeError: Function.prototype.apply was called on undefined, which is a undefined and not a function
*-- Replay with NO_COMPILE=1 expoSE replay '/home/blake/ExpoSE/lib/Harness/src/harness.js' '{"Switcher":false,"Target_Switch_Base":0,"ExpansionArg_type":5,"ExpansionArg_array_length":0,"ExpansionArg_type_2":0,"ExpansionArg_type_3":0,"_bound":6}'
*-- Test Case {"Switcher":false,"Target_Switch_Base":0,"ExpansionArg_type":2,"ExpansionArg_int":0,"ExpansionArg_type_2":0,"ExpansionArg_type_3":5,"ExpansionArg_array_length":0,"_bound":10,"ExpansionArg_bool":false} start 53.6839 took 8.7247s
*-- Errors occured in test {"Switcher":false,"Target_Switch_Base":0,"ExpansionArg_type":2,"ExpansionArg_int":0,"ExpansionArg_type_2":0,"ExpansionArg_type_3":5,"ExpansionArg_array_length":0,"_bound":10,"ExpansionArg_bool":false}
* Error: TypeError: Function.prototype.apply was called on false, which is a boolean and not a function
*-- Replay with NO_COMPILE=1 expoSE replay '/home/blake/ExpoSE/lib/Harness/src/harness.js' '{"Switcher":false,"Target_Switch_Base":0,"ExpansionArg_type":2,"ExpansionArg_int":0,"ExpansionArg_type_2":0,"ExpansionArg_type_3":5,"ExpansionArg_array_length":0,"_bound":10}'
*-- Test Case {"Switcher":false,"Target_Switch_Base":0,"ExpansionArg_type":1,"ExpansionArg_type_2":0,"ExpansionArg_type_3":5,"ExpansionArg_array_length":0,"_bound":9,"ExpansionArg_bool":false} start 53.0128 took 10.8028s
*-- Errors occured in test {"Switcher":false,"Target_Switch_Base":0,"ExpansionArg_type":1,"ExpansionArg_type_2":0,"ExpansionArg_type_3":5,"ExpansionArg_array_length":0,"_bound":9,"ExpansionArg_bool":false}
* Error: TypeError: Function.prototype.apply was called on false, which is a boolean and not a function
*-- Replay with NO_COMPILE=1 expoSE replay '/home/blake/ExpoSE/lib/Harness/src/harness.js' '{"Switcher":false,"Target_Switch_Base":0,"ExpansionArg_type":1,"ExpansionArg_type_2":0,"ExpansionArg_type_3":5,"ExpansionArg_array_length":0,"_bound":9}'
*-- Test Case {"Switcher":false,"Target_Switch_Base":0,"ExpansionArg_type":1,"ExpansionArg_type_2":0,"ExpansionArg_type_3":1,"ExpansionArg_int":0,"_bound":6} start 60.7388 took 8.8704s
*-- Errors occured in test {"Switcher":false,"Target_Switch_Base":0,"ExpansionArg_type":1,"ExpansionArg_type_2":0,"ExpansionArg_type_3":1,"ExpansionArg_int":0,"_bound":6}
* Error: TypeError: Function.prototype.apply was called on null, which is a object and not a function
*-- Replay with NO_COMPILE=1 expoSE replay '/home/blake/ExpoSE/lib/Harness/src/harness.js' '{"Switcher":false,"Target_Switch_Base":0,"ExpansionArg_type":1,"ExpansionArg_type_2":0,"ExpansionArg_type_3":1,"ExpansionArg_int":0,"_bound":6}'
*-- Test Case {"Switcher":false,"Target_Switch_Base":1,"ExpansionArg_type":0,"ExpansionArg_type_2":4,"ExpansionArg_array_length":2,"ExpansionArg_array_element_0_type":0,"_bound":11,"ExpansionArg_array_element_1_type":0} start 60.4783 took 9.5784s
*-- Errors occured in test {"Switcher":false,"Target_Switch_Base":1,"ExpansionArg_type":0,"ExpansionArg_type_2":4,"ExpansionArg_array_length":2,"ExpansionArg_array_element_0_type":0,"_bound":11,"ExpansionArg_array_element_1_type":0}
* Error: TypeError: Function.prototype.apply was called on [object Array], which is a object and not a function
*-- Replay with NO_COMPILE=1 expoSE replay '/home/blake/ExpoSE/lib/Harness/src/harness.js' '{"Switcher":false,"Target_Switch_Base":1,"ExpansionArg_type":0,"ExpansionArg_type_2":4,"ExpansionArg_array_length":2,"ExpansionArg_array_element_0_type":0,"_bound":11}'
*-- Test Case {"Switcher":false,"Target_Switch_Base":0,"ExpansionArg_type":1,"ExpansionArg_type_2":5,"ExpansionArg_bool":true,"ExpansionArg_type_3":0,"_bound":10} start 61.437 took 9.0395s
*-- Errors occured in test {"Switcher":false,"Target_Switch_Base":0,"ExpansionArg_type":1,"ExpansionArg_type_2":5,"ExpansionArg_bool":true,"ExpansionArg_type_3":0,"_bound":10}
* Error: TypeError: Function.prototype.apply was called on undefined, which is a undefined and not a function
*-- Replay with NO_COMPILE=1 expoSE replay '/home/blake/ExpoSE/lib/Harness/src/harness.js' '{"Switcher":false,"Target_Switch_Base":0,"ExpansionArg_type":1,"ExpansionArg_type_2":5,"ExpansionArg_bool":true,"ExpansionArg_type_3":0,"_bound":10}'
*-- Test Case {"Switcher":false,"Target_Switch_Base":0,"ExpansionArg_type":2,"ExpansionArg_int":0,"ExpansionArg_type_2":5,"ExpansionArg_bool":true,"ExpansionArg_type_3":0,"_bound":11} start 59.8113 took 10.9303s
*-- Errors occured in test {"Switcher":false,"Target_Switch_Base":0,"ExpansionArg_type":2,"ExpansionArg_int":0,"ExpansionArg_type_2":5,"ExpansionArg_bool":true,"ExpansionArg_type_3":0,"_bound":11}
* Error: TypeError: Function.prototype.apply was called on undefined, which is a undefined and not a function
*-- Replay with NO_COMPILE=1 expoSE replay '/home/blake/ExpoSE/lib/Harness/src/harness.js' '{"Switcher":false,"Target_Switch_Base":0,"ExpansionArg_type":2,"ExpansionArg_int":0,"ExpansionArg_type_2":5,"ExpansionArg_bool":true,"ExpansionArg_type_3":0,"_bound":11}'
*-- Test Case {"Switcher":false,"Target_Switch_Base":0,"ExpansionArg_type":1,"ExpansionArg_type_2":2,"ExpansionArg_int":0,"ExpansionArg_type_3":2,"ExpansionArg_string":"","_bound":9,"ExpansionArg_int_2":0} start 60.9224 took 10.0745s
*-- Errors occured in test {"Switcher":false,"Target_Switch_Base":0,"ExpansionArg_type":1,"ExpansionArg_type_2":2,"ExpansionArg_int":0,"ExpansionArg_type_3":2,"ExpansionArg_string":"","_bound":9,"ExpansionArg_int_2":0}
* Error: TypeError: Function.prototype.apply was called on 0, which is a number and not a function
*-- Replay with NO_COMPILE=1 expoSE replay '/home/blake/ExpoSE/lib/Harness/src/harness.js' '{"Switcher":false,"Target_Switch_Base":0,"ExpansionArg_type":1,"ExpansionArg_type_2":2,"ExpansionArg_int":0,"ExpansionArg_type_3":2,"ExpansionArg_string":"","_bound":9}'
*-- Test Case {"Switcher":false,"Target_Switch_Base":1,"ExpansionArg_type":2,"ExpansionArg_int":0,"ExpansionArg_type_2":4,"ExpansionArg_array_length":2,"ExpansionArg_array_element_0_type":0,"_bound":13,"ExpansionArg_array_element_1_type":0} start 62.5563 took 9.801s
*-- Errors occured in test {"Switcher":false,"Target_Switch_Base":1,"ExpansionArg_type":2,"ExpansionArg_int":0,"ExpansionArg_type_2":4,"ExpansionArg_array_length":2,"ExpansionArg_array_element_0_type":0,"_bound":13,"ExpansionArg_array_element_1_type":0}
* Error: TypeError: Function.prototype.apply was called on [object Array], which is a object and not a function
*-- Replay with NO_COMPILE=1 expoSE replay '/home/blake/ExpoSE/lib/Harness/src/harness.js' '{"Switcher":false,"Target_Switch_Base":1,"ExpansionArg_type":2,"ExpansionArg_int":0,"ExpansionArg_type_2":4,"ExpansionArg_array_length":2,"ExpansionArg_array_element_0_type":0,"_bound":13}'
*-- Test Case {"Switcher":false,"Target_Switch_Base":0,"ExpansionArg_type":1,"ExpansionArg_type_2":0,"ExpansionArg_type_3":4,"ExpansionArg_array_length":1,"_bound":10,"ExpansionArg_array_element_0_type":0} start 64.0184 took 8.6177s
*-- Errors occured in test {"Switcher":false,"Target_Switch_Base":0,"ExpansionArg_type":1,"ExpansionArg_type_2":0,"ExpansionArg_type_3":4,"ExpansionArg_array_length":1,"_bound":10,"ExpansionArg_array_element_0_type":0}
* Error: TypeError: Function.prototype.apply was called on [object Array], which is a object and not a function
*-- Replay with NO_COMPILE=1 expoSE replay '/home/blake/ExpoSE/lib/Harness/src/harness.js' '{"Switcher":false,"Target_Switch_Base":0,"ExpansionArg_type":1,"ExpansionArg_type_2":0,"ExpansionArg_type_3":4,"ExpansionArg_array_length":1,"_bound":10}'
*-- Test Case {"Switcher":false,"Target_Switch_Base":0,"ExpansionArg_type":1,"ExpansionArg_type_2":2,"ExpansionArg_int":0,"ExpansionArg_type_3":4,"ExpansionArg_string":"","_bound":10,"ExpansionArg_array_length":0} start 61.7123 took 12.089s
*-- Errors occured in test {"Switcher":false,"Target_Switch_Base":0,"ExpansionArg_type":1,"ExpansionArg_type_2":2,"ExpansionArg_int":0,"ExpansionArg_type_3":4,"ExpansionArg_string":"","_bound":10,"ExpansionArg_array_length":0}
* Error: TypeError: Function.prototype.apply was called on [object Array], which is a object and not a function
*-- Replay with NO_COMPILE=1 expoSE replay '/home/blake/ExpoSE/lib/Harness/src/harness.js' '{"Switcher":false,"Target_Switch_Base":0,"ExpansionArg_type":1,"ExpansionArg_type_2":2,"ExpansionArg_int":0,"ExpansionArg_type_3":4,"ExpansionArg_string":"","_bound":10}'
*-- Test Case {"Switcher":false,"Target_Switch_Base":0,"ExpansionArg_type":1,"ExpansionArg_type_2":4,"ExpansionArg_array_length":1,"ExpansionArg_type_3":0,"_bound":9,"ExpansionArg_array_element_0_type":0} start 61.2422 took 12.7635s
*-- Errors occured in test {"Switcher":false,"Target_Switch_Base":0,"ExpansionArg_type":1,"ExpansionArg_type_2":4,"ExpansionArg_array_length":1,"ExpansionArg_type_3":0,"_bound":9,"ExpansionArg_array_element_0_type":0}
* Error: TypeError: Function.prototype.apply was called on undefined, which is a undefined and not a function
*-- Replay with NO_COMPILE=1 expoSE replay '/home/blake/ExpoSE/lib/Harness/src/harness.js' '{"Switcher":false,"Target_Switch_Base":0,"ExpansionArg_type":1,"ExpansionArg_type_2":4,"ExpansionArg_array_length":1,"ExpansionArg_type_3":0,"_bound":9}'
*-- Test Case {"Switcher":false,"Target_Switch_Base":0,"ExpansionArg_type":0,"ExpansionArg_type_2":4,"ExpansionArg_string":"","ExpansionArg_type_3":0,"_bound":6,"ExpansionArg_array_length":0} start 70.5983 took 8.7783s
*-- Errors occured in test {"Switcher":false,"Target_Switch_Base":0,"ExpansionArg_type":0,"ExpansionArg_type_2":4,"ExpansionArg_string":"","ExpansionArg_type_3":0,"_bound":6,"ExpansionArg_array_length":0}
* Error: TypeError: Function.prototype.apply was called on undefined, which is a undefined and not a function
*-- Replay with NO_COMPILE=1 expoSE replay '/home/blake/ExpoSE/lib/Harness/src/harness.js' '{"Switcher":false,"Target_Switch_Base":0,"ExpansionArg_type":0,"ExpansionArg_type_2":4,"ExpansionArg_string":"","ExpansionArg_type_3":0,"_bound":6}'
*-- Test Case {"Switcher":false,"Target_Switch_Base":1,"ExpansionArg_type":1,"ExpansionArg_type_2":2,"_bound":5,"ExpansionArg_int":0} start 70.2531 took 11.8123s
*-- Errors occured in test {"Switcher":false,"Target_Switch_Base":1,"ExpansionArg_type":1,"ExpansionArg_type_2":2,"_bound":5,"ExpansionArg_int":0}
* Error: TypeError: Function.prototype.apply was called on 0, which is a number and not a function
*-- Replay with NO_COMPILE=1 expoSE replay '/home/blake/ExpoSE/lib/Harness/src/harness.js' '{"Switcher":false,"Target_Switch_Base":1,"ExpansionArg_type":1,"ExpansionArg_type_2":2,"_bound":5}'
*-- Test Case {"Switcher":false,"Target_Switch_Base":0,"ExpansionArg_type":0,"ExpansionArg_type_2":0,"ExpansionArg_type_3":4,"ExpansionArg_string":"","_bound":7,"ExpansionArg_array_length":0} start 69.8251 took 12.4528s
*-- Errors occured in test {"Switcher":false,"Target_Switch_Base":0,"ExpansionArg_type":0,"ExpansionArg_type_2":0,"ExpansionArg_type_3":4,"ExpansionArg_string":"","_bound":7,"ExpansionArg_array_length":0}
* Error: TypeError: Function.prototype.apply was called on [object Array], which is a object and not a function
*-- Replay with NO_COMPILE=1 expoSE replay '/home/blake/ExpoSE/lib/Harness/src/harness.js' '{"Switcher":false,"Target_Switch_Base":0,"ExpansionArg_type":0,"ExpansionArg_type_2":0,"ExpansionArg_type_3":4,"ExpansionArg_string":"","_bound":7}'
*-- Test Case {"Switcher":false,"Target_Switch_Base":0,"ExpansionArg_type":2,"ExpansionArg_int":0,"ExpansionArg_type_2":2,"ExpansionArg_string":"","ExpansionArg_type_3":0,"_bound":7,"ExpansionArg_int_2":0} start 72.521 took 10.035s
*-- Errors occured in test {"Switcher":false,"Target_Switch_Base":0,"ExpansionArg_type":2,"ExpansionArg_int":0,"ExpansionArg_type_2":2,"ExpansionArg_string":"","ExpansionArg_type_3":0,"_bound":7,"ExpansionArg_int_2":0}
* Error: TypeError: Function.prototype.apply was called on undefined, which is a undefined and not a function
*-- Replay with NO_COMPILE=1 expoSE replay '/home/blake/ExpoSE/lib/Harness/src/harness.js' '{"Switcher":false,"Target_Switch_Base":0,"ExpansionArg_type":2,"ExpansionArg_int":0,"ExpansionArg_type_2":2,"ExpansionArg_string":"","ExpansionArg_type_3":0,"_bound":7}'
*-- Test Case {"Switcher":false,"Target_Switch_Base":1,"ExpansionArg_type":2,"ExpansionArg_int":0,"ExpansionArg_type_2":1,"ExpansionArg_string":"","_bound":7} start 70.8896 took 12.4337s
*-- Errors occured in test {"Switcher":false,"Target_Switch_Base":1,"ExpansionArg_type":2,"ExpansionArg_int":0,"ExpansionArg_type_2":1,"ExpansionArg_string":"","_bound":7}
* Error: TypeError: Function.prototype.apply was called on null, which is a object and not a function
*-- Replay with NO_COMPILE=1 expoSE replay '/home/blake/ExpoSE/lib/Harness/src/harness.js' '{"Switcher":false,"Target_Switch_Base":1,"ExpansionArg_type":2,"ExpansionArg_int":0,"ExpansionArg_type_2":1,"ExpansionArg_string":"","_bound":7}'
*-- Test Case {"Switcher":false,"Target_Switch_Base":1,"ExpansionArg_type":2,"ExpansionArg_int":0,"ExpansionArg_type_2":2,"ExpansionArg_string":"","_bound":8,"ExpansionArg_int_2":0} start 72.7957 took 10.8029s
*-- Errors occured in test {"Switcher":false,"Target_Switch_Base":1,"ExpansionArg_type":2,"ExpansionArg_int":0,"ExpansionArg_type_2":2,"ExpansionArg_string":"","_bound":8,"ExpansionArg_int_2":0}
* Error: TypeError: Function.prototype.apply was called on 0, which is a number and not a function
*-- Replay with NO_COMPILE=1 expoSE replay '/home/blake/ExpoSE/lib/Harness/src/harness.js' '{"Switcher":false,"Target_Switch_Base":1,"ExpansionArg_type":2,"ExpansionArg_int":0,"ExpansionArg_type_2":2,"ExpansionArg_string":"","_bound":8}'
*-- Test Case {"Switcher":false,"Target_Switch_Base":0,"ExpansionArg_type":1,"ExpansionArg_type_2":2,"ExpansionArg_int":3,"ExpansionArg_type_3":2,"ExpansionArg_int_2":0,"_bound":10} start 71.141 took 12.7179s
*-- Errors occured in test {"Switcher":false,"Target_Switch_Base":0,"ExpansionArg_type":1,"ExpansionArg_type_2":2,"ExpansionArg_int":3,"ExpansionArg_type_3":2,"ExpansionArg_int_2":0,"_bound":10}
* Error: TypeError: Function.prototype.apply was called on 0, which is a number and not a function
*-- Replay with NO_COMPILE=1 expoSE replay '/home/blake/ExpoSE/lib/Harness/src/harness.js' '{"Switcher":false,"Target_Switch_Base":0,"ExpansionArg_type":1,"ExpansionArg_type_2":2,"ExpansionArg_int":3,"ExpansionArg_type_3":2,"ExpansionArg_int_2":0,"_bound":10}'
*-- Test Case {"Switcher":false,"Target_Switch_Base":0,"ExpansionArg_type":1,"ExpansionArg_type_2":2,"ExpansionArg_int":5,"ExpansionArg_type_3":4,"ExpansionArg_array_length":0,"_bound":13} start 74.141 took 10.4258s
*-- Errors occured in test {"Switcher":false,"Target_Switch_Base":0,"ExpansionArg_type":1,"ExpansionArg_type_2":2,"ExpansionArg_int":5,"ExpansionArg_type_3":4,"ExpansionArg_array_length":0,"_bound":13}
* Error: TypeError: Function.prototype.apply was called on [object Array], which is a object and not a function
*-- Replay with NO_COMPILE=1 expoSE replay '/home/blake/ExpoSE/lib/Harness/src/harness.js' '{"Switcher":false,"Target_Switch_Base":0,"ExpansionArg_type":1,"ExpansionArg_type_2":2,"ExpansionArg_int":5,"ExpansionArg_type_3":4,"ExpansionArg_array_length":0,"_bound":13}'
*-- Test Case {"Switcher":false,"Target_Switch_Base":0,"ExpansionArg_type":1,"ExpansionArg_type_2":2,"ExpansionArg_int":0,"ExpansionArg_type_3":5,"ExpansionArg_array_length":0,"_bound":11,"ExpansionArg_bool":false} start 73.9496 took 13.9002s
*-- Errors occured in test {"Switcher":false,"Target_Switch_Base":0,"ExpansionArg_type":1,"ExpansionArg_type_2":2,"ExpansionArg_int":0,"ExpansionArg_type_3":5,"ExpansionArg_array_length":0,"_bound":11,"ExpansionArg_bool":false}
* Error: TypeError: Function.prototype.apply was called on false, which is a boolean and not a function
*-- Replay with NO_COMPILE=1 expoSE replay '/home/blake/ExpoSE/lib/Harness/src/harness.js' '{"Switcher":false,"Target_Switch_Base":0,"ExpansionArg_type":1,"ExpansionArg_type_2":2,"ExpansionArg_int":0,"ExpansionArg_type_3":5,"ExpansionArg_array_length":0,"_bound":11}'
*-- Test Case {"Switcher":false,"Target_Switch_Base":0,"ExpansionArg_type":2,"ExpansionArg_int":0,"ExpansionArg_type_2":0,"ExpansionArg_type_3":1,"ExpansionArg_string":"","_bound":7} start 79.6411 took 9.6362s
*-- Errors occured in test {"Switcher":false,"Target_Switch_Base":0,"ExpansionArg_type":2,"ExpansionArg_int":0,"ExpansionArg_type_2":0,"ExpansionArg_type_3":1,"ExpansionArg_string":"","_bound":7}
* Error: TypeError: Function.prototype.apply was called on null, which is a object and not a function
*-- Replay with NO_COMPILE=1 expoSE replay '/home/blake/ExpoSE/lib/Harness/src/harness.js' '{"Switcher":false,"Target_Switch_Base":0,"ExpansionArg_type":2,"ExpansionArg_int":0,"ExpansionArg_type_2":0,"ExpansionArg_type_3":1,"ExpansionArg_string":"","_bound":7}'
*-- Test Case {"Switcher":false,"Target_Switch_Base":1,"ExpansionArg_type":4,"ExpansionArg_array_length":2,"ExpansionArg_array_element_0_type":0,"ExpansionArg_type_2":0,"_bound":10,"ExpansionArg_array_element_1_type":0} start 82.2016 took 8.4995s
*-- Errors occured in test {"Switcher":false,"Target_Switch_Base":1,"ExpansionArg_type":4,"ExpansionArg_array_length":2,"ExpansionArg_array_element_0_type":0,"ExpansionArg_type_2":0,"_bound":10,"ExpansionArg_array_element_1_type":0}
* Error: TypeError: Function.prototype.apply was called on undefined, which is a undefined and not a function
*-- Replay with NO_COMPILE=1 expoSE replay '/home/blake/ExpoSE/lib/Harness/src/harness.js' '{"Switcher":false,"Target_Switch_Base":1,"ExpansionArg_type":4,"ExpansionArg_array_length":2,"ExpansionArg_array_element_0_type":0,"ExpansionArg_type_2":0,"_bound":10}'
*-- Test Case {"Switcher":false,"Target_Switch_Base":1,"ExpansionArg_type":1,"ExpansionArg_type_2":3,"ExpansionArg_int":0,"_bound":7,"ExpansionArg_string":"PureString"} start 83.4272 took 9.2462s
*-- Errors occured in test {"Switcher":false,"Target_Switch_Base":1,"ExpansionArg_type":1,"ExpansionArg_type_2":3,"ExpansionArg_int":0,"_bound":7,"ExpansionArg_string":"PureString"}
* Error: TypeError: Function.prototype.apply was called on PureString, which is a string and not a function
*-- Replay with NO_COMPILE=1 expoSE replay '/home/blake/ExpoSE/lib/Harness/src/harness.js' '{"Switcher":false,"Target_Switch_Base":1,"ExpansionArg_type":1,"ExpansionArg_type_2":3,"ExpansionArg_int":0,"_bound":7}'
*-- Test Case {"Switcher":false,"Target_Switch_Base":0,"ExpansionArg_type":2,"ExpansionArg_int":0,"ExpansionArg_type_2":2,"ExpansionArg_int_2":1,"ExpansionArg_type_3":0,"_bound":9} start 82.6957 took 10.3622s
*-- Errors occured in test {"Switcher":false,"Target_Switch_Base":0,"ExpansionArg_type":2,"ExpansionArg_int":0,"ExpansionArg_type_2":2,"ExpansionArg_int_2":1,"ExpansionArg_type_3":0,"_bound":9}
* Error: TypeError: Function.prototype.apply was called on undefined, which is a undefined and not a function
*-- Replay with NO_COMPILE=1 expoSE replay '/home/blake/ExpoSE/lib/Harness/src/harness.js' '{"Switcher":false,"Target_Switch_Base":0,"ExpansionArg_type":2,"ExpansionArg_int":0,"ExpansionArg_type_2":2,"ExpansionArg_int_2":1,"ExpansionArg_type_3":0,"_bound":9}'
*-- Test Case {"Switcher":false,"Target_Switch_Base":0,"ExpansionArg_type":1,"ExpansionArg_type_2":2,"ExpansionArg_int":0,"ExpansionArg_type_3":1,"ExpansionArg_string":"","_bound":8} start 83.7425 took 9.7778s
*-- Errors occured in test {"Switcher":false,"Target_Switch_Base":0,"ExpansionArg_type":1,"ExpansionArg_type_2":2,"ExpansionArg_int":0,"ExpansionArg_type_3":1,"ExpansionArg_string":"","_bound":8}
* Error: TypeError: Function.prototype.apply was called on null, which is a object and not a function
*-- Replay with NO_COMPILE=1 expoSE replay '/home/blake/ExpoSE/lib/Harness/src/harness.js' '{"Switcher":false,"Target_Switch_Base":0,"ExpansionArg_type":1,"ExpansionArg_type_2":2,"ExpansionArg_int":0,"ExpansionArg_type_3":1,"ExpansionArg_string":"","_bound":8}'
*-- Test Case {"Switcher":false,"Target_Switch_Base":0,"ExpansionArg_type":0,"ExpansionArg_type_2":0,"ExpansionArg_type_3":5,"ExpansionArg_array_length":0,"_bound":8,"ExpansionArg_bool":false} start 82.4051 took 11.6764s
*-- Errors occured in test {"Switcher":false,"Target_Switch_Base":0,"ExpansionArg_type":0,"ExpansionArg_type_2":0,"ExpansionArg_type_3":5,"ExpansionArg_array_length":0,"_bound":8,"ExpansionArg_bool":false}
* Error: TypeError: Function.prototype.apply was called on false, which is a boolean and not a function
*-- Replay with NO_COMPILE=1 expoSE replay '/home/blake/ExpoSE/lib/Harness/src/harness.js' '{"Switcher":false,"Target_Switch_Base":0,"ExpansionArg_type":0,"ExpansionArg_type_2":0,"ExpansionArg_type_3":5,"ExpansionArg_array_length":0,"_bound":8}'
*-- Test Case {"Switcher":false,"Target_Switch_Base":1,"ExpansionArg_type":0,"ExpansionArg_type_2":4,"ExpansionArg_array_length":3,"ExpansionArg_array_element_0_type":0,"ExpansionArg_array_element_1_type":0,"_bound":13,"ExpansionArg_array_element_2_type":0} start 84.7376 took 10.783s
*-- Errors occured in test {"Switcher":false,"Target_Switch_Base":1,"ExpansionArg_type":0,"ExpansionArg_type_2":4,"ExpansionArg_array_length":3,"ExpansionArg_array_element_0_type":0,"ExpansionArg_array_element_1_type":0,"_bound":13,"ExpansionArg_array_element_2_type":0}
* Error: TypeError: Function.prototype.apply was called on [object Array], which is a object and not a function
*-- Replay with NO_COMPILE=1 expoSE replay '/home/blake/ExpoSE/lib/Harness/src/harness.js' '{"Switcher":false,"Target_Switch_Base":1,"ExpansionArg_type":0,"ExpansionArg_type_2":4,"ExpansionArg_array_length":3,"ExpansionArg_array_element_0_type":0,"ExpansionArg_array_element_1_type":0,"_bound":13}'
*-- Test Case {"Switcher":false,"Target_Switch_Base":0,"ExpansionArg_type":0,"ExpansionArg_type_2":5,"ExpansionArg_array_length":0,"ExpansionArg_type_3":0,"_bound":7,"ExpansionArg_bool":false} start 84.0826 took 12.3038s
*-- Errors occured in test {"Switcher":false,"Target_Switch_Base":0,"ExpansionArg_type":0,"ExpansionArg_type_2":5,"ExpansionArg_array_length":0,"ExpansionArg_type_3":0,"_bound":7,"ExpansionArg_bool":false}
* Error: TypeError: Function.prototype.apply was called on undefined, which is a undefined and not a function
*-- Replay with NO_COMPILE=1 expoSE replay '/home/blake/ExpoSE/lib/Harness/src/harness.js' '{"Switcher":false,"Target_Switch_Base":0,"ExpansionArg_type":0,"ExpansionArg_type_2":5,"ExpansionArg_array_length":0,"ExpansionArg_type_3":0,"_bound":7}'
*-- Test Case {"Switcher":false,"Target_Switch_Base":0,"ExpansionArg_type":2,"ExpansionArg_int":0,"ExpansionArg_type_2":0,"ExpansionArg_type_3":2,"ExpansionArg_string":"","_bound":8,"ExpansionArg_int_2":0} start 89.3936 took 9.3245s
*-- Errors occured in test {"Switcher":false,"Target_Switch_Base":0,"ExpansionArg_type":2,"ExpansionArg_int":0,"ExpansionArg_type_2":0,"ExpansionArg_type_3":2,"ExpansionArg_string":"","_bound":8,"ExpansionArg_int_2":0}
* Error: TypeError: Function.prototype.apply was called on 0, which is a number and not a function
*-- Replay with NO_COMPILE=1 expoSE replay '/home/blake/ExpoSE/lib/Harness/src/harness.js' '{"Switcher":false,"Target_Switch_Base":0,"ExpansionArg_type":2,"ExpansionArg_int":0,"ExpansionArg_type_2":0,"ExpansionArg_type_3":2,"ExpansionArg_string":"","_bound":8}'
*-- Test Case {"Switcher":false,"Target_Switch_Base":0,"ExpansionArg_type":1,"ExpansionArg_type_2":2,"ExpansionArg_int":6,"ExpansionArg_type_3":5,"ExpansionArg_bool":false,"_bound":12} start 88.1979 took 10.8439s
*-- Errors occured in test {"Switcher":false,"Target_Switch_Base":0,"ExpansionArg_type":1,"ExpansionArg_type_2":2,"ExpansionArg_int":6,"ExpansionArg_type_3":5,"ExpansionArg_bool":false,"_bound":12}
* Error: TypeError: Function.prototype.apply was called on false, which is a boolean and not a function
*-- Replay with NO_COMPILE=1 expoSE replay '/home/blake/ExpoSE/lib/Harness/src/harness.js' '{"Switcher":false,"Target_Switch_Base":0,"ExpansionArg_type":1,"ExpansionArg_type_2":2,"ExpansionArg_int":6,"ExpansionArg_type_3":5,"ExpansionArg_bool":false,"_bound":12}'
*-- Test Case {"Switcher":false,"Target_Switch_Base":0,"ExpansionArg_type":0,"ExpansionArg_type_2":1,"ExpansionArg_type_3":4,"ExpansionArg_string":"","_bound":8,"ExpansionArg_array_length":0} start 90.8028 took 9.5067s
*-- Errors occured in test {"Switcher":false,"Target_Switch_Base":0,"ExpansionArg_type":0,"ExpansionArg_type_2":1,"ExpansionArg_type_3":4,"ExpansionArg_string":"","_bound":8,"ExpansionArg_array_length":0}
* Error: TypeError: Function.prototype.apply was called on [object Array], which is a object and not a function
*-- Replay with NO_COMPILE=1 expoSE replay '/home/blake/ExpoSE/lib/Harness/src/harness.js' '{"Switcher":false,"Target_Switch_Base":0,"ExpansionArg_type":0,"ExpansionArg_type_2":1,"ExpansionArg_type_3":4,"ExpansionArg_string":"","_bound":8}'
*-- Test Case {"Switcher":false,"Target_Switch_Base":1,"ExpansionArg_type":1,"ExpansionArg_type_2":4,"ExpansionArg_string":"","_bound":8,"ExpansionArg_array_length":0} start 92.9065 took 8.4317s
*-- Errors occured in test {"Switcher":false,"Target_Switch_Base":1,"ExpansionArg_type":1,"ExpansionArg_type_2":4,"ExpansionArg_string":"","_bound":8,"ExpansionArg_array_length":0}
* Error: TypeError: Function.prototype.apply was called on [object Array], which is a object and not a function
*-- Replay with NO_COMPILE=1 expoSE replay '/home/blake/ExpoSE/lib/Harness/src/harness.js' '{"Switcher":false,"Target_Switch_Base":1,"ExpansionArg_type":1,"ExpansionArg_type_2":4,"ExpansionArg_string":"","_bound":8}'
*-- Test Case {"Switcher":false,"Target_Switch_Base":0,"ExpansionArg_type":4,"ExpansionArg_array_length":2,"ExpansionArg_array_element_0_type":0,"ExpansionArg_type_2":0,"ExpansionArg_type_3":0,"_bound":9,"ExpansionArg_array_element_1_type":0} start 93.321 took 8.7981s
*-- Errors occured in test {"Switcher":false,"Target_Switch_Base":0,"ExpansionArg_type":4,"ExpansionArg_array_length":2,"ExpansionArg_array_element_0_type":0,"ExpansionArg_type_2":0,"ExpansionArg_type_3":0,"_bound":9,"ExpansionArg_array_element_1_type":0}
* Error: TypeError: Function.prototype.apply was called on undefined, which is a undefined and not a function
*-- Replay with NO_COMPILE=1 expoSE replay '/home/blake/ExpoSE/lib/Harness/src/harness.js' '{"Switcher":false,"Target_Switch_Base":0,"ExpansionArg_type":4,"ExpansionArg_array_length":2,"ExpansionArg_array_element_0_type":0,"ExpansionArg_type_2":0,"ExpansionArg_type_3":0,"_bound":9}'
*-- Test Case {"Switcher":false,"Target_Switch_Base":0,"ExpansionArg_type":2,"ExpansionArg_int":0,"ExpansionArg_type_2":4,"ExpansionArg_array_length":2,"ExpansionArg_array_element_0_type":0,"ExpansionArg_type_3":0,"_bound":12,"ExpansionArg_array_element_1_type":0} start 93.7533 took 9.3104s
*-- Errors occured in test {"Switcher":false,"Target_Switch_Base":0,"ExpansionArg_type":2,"ExpansionArg_int":0,"ExpansionArg_type_2":4,"ExpansionArg_array_length":2,"ExpansionArg_array_element_0_type":0,"ExpansionArg_type_3":0,"_bound":12,"ExpansionArg_array_element_1_type":0}
* Error: TypeError: Function.prototype.apply was called on undefined, which is a undefined and not a function
*-- Replay with NO_COMPILE=1 expoSE replay '/home/blake/ExpoSE/lib/Harness/src/harness.js' '{"Switcher":false,"Target_Switch_Base":0,"ExpansionArg_type":2,"ExpansionArg_int":0,"ExpansionArg_type_2":4,"ExpansionArg_array_length":2,"ExpansionArg_array_element_0_type":0,"ExpansionArg_type_3":0,"_bound":12}'
*-- Test Case {"Switcher":false,"Target_Switch_Base":1,"ExpansionArg_type":1,"ExpansionArg_type_2":1,"ExpansionArg_int":0,"_bound":6} start 94.2251 took 11.2482s
*-- Errors occured in test {"Switcher":false,"Target_Switch_Base":1,"ExpansionArg_type":1,"ExpansionArg_type_2":1,"ExpansionArg_int":0,"_bound":6}
* Error: TypeError: Function.prototype.apply was called on null, which is a object and not a function
*-- Replay with NO_COMPILE=1 expoSE replay '/home/blake/ExpoSE/lib/Harness/src/harness.js' '{"Switcher":false,"Target_Switch_Base":1,"ExpansionArg_type":1,"ExpansionArg_type_2":1,"ExpansionArg_int":0,"_bound":6}'
*-- Test Case {"Switcher":false,"Target_Switch_Base":1,"ExpansionArg_type":2,"ExpansionArg_int":0,"ExpansionArg_type_2":4,"ExpansionArg_array_length":3,"ExpansionArg_array_element_0_type":0,"ExpansionArg_array_element_1_type":0,"_bound":15,"ExpansionArg_array_element_2_type":0} start 95.6825 took 15.1149s
*-- Errors occured in test {"Switcher":false,"Target_Switch_Base":1,"ExpansionArg_type":2,"ExpansionArg_int":0,"ExpansionArg_type_2":4,"ExpansionArg_array_length":3,"ExpansionArg_array_element_0_type":0,"ExpansionArg_array_element_1_type":0,"_bound":15,"ExpansionArg_array_element_2_type":0}
* Error: TypeError: Function.prototype.apply was called on [object Array], which is a object and not a function
*-- Replay with NO_COMPILE=1 expoSE replay '/home/blake/ExpoSE/lib/Harness/src/harness.js' '{"Switcher":false,"Target_Switch_Base":1,"ExpansionArg_type":2,"ExpansionArg_int":0,"ExpansionArg_type_2":4,"ExpansionArg_array_length":3,"ExpansionArg_array_element_0_type":0,"ExpansionArg_array_element_1_type":0,"_bound":15}'
*-- Test Case {"Switcher":false,"Target_Switch_Base":0,"ExpansionArg_type":1,"ExpansionArg_type_2":2,"ExpansionArg_int":3,"ExpansionArg_type_3":1,"_bound":9} start 99.1693 took 12.8601s
*-- Errors occured in test {"Switcher":false,"Target_Switch_Base":0,"ExpansionArg_type":1,"ExpansionArg_type_2":2,"ExpansionArg_int":3,"ExpansionArg_type_3":1,"_bound":9}
* Error: TypeError: Function.prototype.apply was called on null, which is a object and not a function
*-- Replay with NO_COMPILE=1 expoSE replay '/home/blake/ExpoSE/lib/Harness/src/harness.js' '{"Switcher":false,"Target_Switch_Base":0,"ExpansionArg_type":1,"ExpansionArg_type_2":2,"ExpansionArg_int":3,"ExpansionArg_type_3":1,"_bound":9}'
*-- Test Case {"Switcher":false,"Target_Switch_Base":0,"ExpansionArg_type":1,"ExpansionArg_type_2":0,"ExpansionArg_type_3":4,"ExpansionArg_array_length":2,"ExpansionArg_array_element_0_type":0,"_bound":12,"ExpansionArg_array_element_1_type":0} start 96.521 took 15.6543s
*-- Errors occured in test {"Switcher":false,"Target_Switch_Base":0,"ExpansionArg_type":1,"ExpansionArg_type_2":0,"ExpansionArg_type_3":4,"ExpansionArg_array_length":2,"ExpansionArg_array_element_0_type":0,"_bound":12,"ExpansionArg_array_element_1_type":0}
* Error: TypeError: Function.prototype.apply was called on [object Array], which is a object and not a function
*-- Replay with NO_COMPILE=1 expoSE replay '/home/blake/ExpoSE/lib/Harness/src/harness.js' '{"Switcher":false,"Target_Switch_Base":0,"ExpansionArg_type":1,"ExpansionArg_type_2":0,"ExpansionArg_type_3":4,"ExpansionArg_array_length":2,"ExpansionArg_array_element_0_type":0,"_bound":12}'
*-- Test Case {"Switcher":false,"Target_Switch_Base":0,"ExpansionArg_type":0,"ExpansionArg_type_2":2,"ExpansionArg_int":0,"ExpansionArg_type_3":3,"_bound":6,"ExpansionArg_string":"PureString"} start 98.901 took 13.6388s
*-- Errors occured in test {"Switcher":false,"Target_Switch_Base":0,"ExpansionArg_type":0,"ExpansionArg_type_2":2,"ExpansionArg_int":0,"ExpansionArg_type_3":3,"_bound":6,"ExpansionArg_string":"PureString"}
* Error: TypeError: Function.prototype.apply was called on PureString, which is a string and not a function
*-- Replay with NO_COMPILE=1 expoSE replay '/home/blake/ExpoSE/lib/Harness/src/harness.js' '{"Switcher":false,"Target_Switch_Base":0,"ExpansionArg_type":0,"ExpansionArg_type_2":2,"ExpansionArg_int":0,"ExpansionArg_type_3":3,"_bound":6}'
*-- Test Case {"Switcher":false,"Target_Switch_Base":0,"ExpansionArg_type":0,"ExpansionArg_type_2":1,"ExpansionArg_type_3":5,"ExpansionArg_array_length":0,"_bound":9,"ExpansionArg_bool":false} start 100.4461 took 14.3284s
*-- Errors occured in test {"Switcher":false,"Target_Switch_Base":0,"ExpansionArg_type":0,"ExpansionArg_type_2":1,"ExpansionArg_type_3":5,"ExpansionArg_array_length":0,"_bound":9,"ExpansionArg_bool":false}
* Error: TypeError: Function.prototype.apply was called on false, which is a boolean and not a function
*-- Replay with NO_COMPILE=1 expoSE replay '/home/blake/ExpoSE/lib/Harness/src/harness.js' '{"Switcher":false,"Target_Switch_Base":0,"ExpansionArg_type":0,"ExpansionArg_type_2":1,"ExpansionArg_type_3":5,"ExpansionArg_array_length":0,"_bound":9}'
*-- Test Case {"Switcher":false,"Target_Switch_Base":1,"ExpansionArg_type":1,"ExpansionArg_type_2":5,"ExpansionArg_array_length":0,"_bound":9,"ExpansionArg_bool":false} start 101.4674 took 16.2909s
*-- Errors occured in test {"Switcher":false,"Target_Switch_Base":1,"ExpansionArg_type":1,"ExpansionArg_type_2":5,"ExpansionArg_array_length":0,"_bound":9,"ExpansionArg_bool":false}
* Error: TypeError: Function.prototype.apply was called on false, which is a boolean and not a function
*-- Replay with NO_COMPILE=1 expoSE replay '/home/blake/ExpoSE/lib/Harness/src/harness.js' '{"Switcher":false,"Target_Switch_Base":1,"ExpansionArg_type":1,"ExpansionArg_type_2":5,"ExpansionArg_array_length":0,"_bound":9}'
*-- Test Case {"Switcher":false,"Target_Switch_Base":1,"ExpansionArg_type":3,"ExpansionArg_string":"","ExpansionArg_type_2":4,"_bound":7,"ExpansionArg_array_length":0} start 110.183 took 8.4045s
*-- Errors occured in test {"Switcher":false,"Target_Switch_Base":1,"ExpansionArg_type":3,"ExpansionArg_string":"","ExpansionArg_type_2":4,"_bound":7,"ExpansionArg_array_length":0}
* Error: TypeError: Function.prototype.apply was called on [object Array], which is a object and not a function
*-- Replay with NO_COMPILE=1 expoSE replay '/home/blake/ExpoSE/lib/Harness/src/harness.js' '{"Switcher":false,"Target_Switch_Base":1,"ExpansionArg_type":3,"ExpansionArg_string":"","ExpansionArg_type_2":4,"_bound":7}'
*-- Test Case {"Switcher":false,"Target_Switch_Base":0,"ExpansionArg_type":0,"ExpansionArg_type_2":5,"ExpansionArg_bool":true,"ExpansionArg_type_3":0,"_bound":9} start 102.2915 took 16.5562s
*-- Errors occured in test {"Switcher":false,"Target_Switch_Base":0,"ExpansionArg_type":0,"ExpansionArg_type_2":5,"ExpansionArg_bool":true,"ExpansionArg_type_3":0,"_bound":9}
* Error: TypeError: Function.prototype.apply was called on undefined, which is a undefined and not a function
*-- Replay with NO_COMPILE=1 expoSE replay '/home/blake/ExpoSE/lib/Harness/src/harness.js' '{"Switcher":false,"Target_Switch_Base":0,"ExpansionArg_type":0,"ExpansionArg_type_2":5,"ExpansionArg_bool":true,"ExpansionArg_type_3":0,"_bound":9}'
*-- Test Case {"Switcher":false,"Target_Switch_Base":0,"ExpansionArg_type":1,"ExpansionArg_type_2":1,"ExpansionArg_type_3":2,"_bound":6,"ExpansionArg_int":0} start 110.8929 took 11.6375s
*-- Errors occured in test {"Switcher":false,"Target_Switch_Base":0,"ExpansionArg_type":1,"ExpansionArg_type_2":1,"ExpansionArg_type_3":2,"_bound":6,"ExpansionArg_int":0}
* Error: TypeError: Function.prototype.apply was called on 0, which is a number and not a function
*-- Replay with NO_COMPILE=1 expoSE replay '/home/blake/ExpoSE/lib/Harness/src/harness.js' '{"Switcher":false,"Target_Switch_Base":0,"ExpansionArg_type":1,"ExpansionArg_type_2":1,"ExpansionArg_type_3":2,"_bound":6}'
*-- Test Case {"Switcher":false,"Target_Switch_Base":0,"ExpansionArg_type":2,"ExpansionArg_int":0,"ExpansionArg_type_2":0,"ExpansionArg_type_3":4,"ExpansionArg_array_length":2,"ExpansionArg_array_element_0_type":0,"_bound":13,"ExpansionArg_array_element_1_type":0} start 104.723 took 18.0459s
*-- Errors occured in test {"Switcher":false,"Target_Switch_Base":0,"ExpansionArg_type":2,"ExpansionArg_int":0,"ExpansionArg_type_2":0,"ExpansionArg_type_3":4,"ExpansionArg_array_length":2,"ExpansionArg_array_element_0_type":0,"_bound":13,"ExpansionArg_array_element_1_type":0}
* Error: TypeError: Function.prototype.apply was called on [object Array], which is a object and not a function
*-- Replay with NO_COMPILE=1 expoSE replay '/home/blake/ExpoSE/lib/Harness/src/harness.js' '{"Switcher":false,"Target_Switch_Base":0,"ExpansionArg_type":2,"ExpansionArg_int":0,"ExpansionArg_type_2":0,"ExpansionArg_type_3":4,"ExpansionArg_array_length":2,"ExpansionArg_array_element_0_type":0,"_bound":13}'
*-- Test Case {"Switcher":false,"Target_Switch_Base":0,"ExpansionArg_type":1,"ExpansionArg_type_2":2,"ExpansionArg_int":0,"ExpansionArg_type_3":4,"ExpansionArg_array_length":1,"_bound":12,"ExpansionArg_array_element_0_type":0} start 112.1019 took 10.6671s
*-- Errors occured in test {"Switcher":false,"Target_Switch_Base":0,"ExpansionArg_type":1,"ExpansionArg_type_2":2,"ExpansionArg_int":0,"ExpansionArg_type_3":4,"ExpansionArg_array_length":1,"_bound":12,"ExpansionArg_array_element_0_type":0}
* Error: TypeError: Function.prototype.apply was called on [object Array], which is a object and not a function
*-- Replay with NO_COMPILE=1 expoSE replay '/home/blake/ExpoSE/lib/Harness/src/harness.js' '{"Switcher":false,"Target_Switch_Base":0,"ExpansionArg_type":1,"ExpansionArg_type_2":2,"ExpansionArg_int":0,"ExpansionArg_type_3":4,"ExpansionArg_array_length":1,"_bound":12}'
*-- Test Case {"Switcher":false,"Target_Switch_Base":0,"ExpansionArg_type":3,"ExpansionArg_string":"","ExpansionArg_type_2":4,"ExpansionArg_type_3":0,"_bound":6,"ExpansionArg_array_length":0} start 112.2891 took 11.6184s
*-- Errors occured in test {"Switcher":false,"Target_Switch_Base":0,"ExpansionArg_type":3,"ExpansionArg_string":"","ExpansionArg_type_2":4,"ExpansionArg_type_3":0,"_bound":6,"ExpansionArg_array_length":0}
* Error: TypeError: Function.prototype.apply was called on undefined, which is a undefined and not a function
*-- Replay with NO_COMPILE=1 expoSE replay '/home/blake/ExpoSE/lib/Harness/src/harness.js' '{"Switcher":false,"Target_Switch_Base":0,"ExpansionArg_type":3,"ExpansionArg_string":"","ExpansionArg_type_2":4,"ExpansionArg_type_3":0,"_bound":6}'
*-- Test Case {"Switcher":false,"Target_Switch_Base":0,"ExpansionArg_type":0,"ExpansionArg_type_2":2,"ExpansionArg_int":0,"ExpansionArg_type_3":1,"ExpansionArg_string":"","_bound":7} start 112.714 took 11.4063s
*-- Errors occured in test {"Switcher":false,"Target_Switch_Base":0,"ExpansionArg_type":0,"ExpansionArg_type_2":2,"ExpansionArg_int":0,"ExpansionArg_type_3":1,"ExpansionArg_string":"","_bound":7}
* Error: TypeError: Function.prototype.apply was called on null, which is a object and not a function
*-- Replay with NO_COMPILE=1 expoSE replay '/home/blake/ExpoSE/lib/Harness/src/harness.js' '{"Switcher":false,"Target_Switch_Base":0,"ExpansionArg_type":0,"ExpansionArg_type_2":2,"ExpansionArg_int":0,"ExpansionArg_type_3":1,"ExpansionArg_string":"","_bound":7}'
*-- Test Case {"Switcher":false,"Target_Switch_Base":0,"ExpansionArg_type":0,"ExpansionArg_type_2":2,"ExpansionArg_int":0,"ExpansionArg_type_3":4,"ExpansionArg_string":"","_bound":9,"ExpansionArg_array_length":0} start 116.3062 took 10.1344s
*-- Errors occured in test {"Switcher":false,"Target_Switch_Base":0,"ExpansionArg_type":0,"ExpansionArg_type_2":2,"ExpansionArg_int":0,"ExpansionArg_type_3":4,"ExpansionArg_string":"","_bound":9,"ExpansionArg_array_length":0}
* Error: TypeError: Function.prototype.apply was called on [object Array], which is a object and not a function
*-- Replay with NO_COMPILE=1 expoSE replay '/home/blake/ExpoSE/lib/Harness/src/harness.js' '{"Switcher":false,"Target_Switch_Base":0,"ExpansionArg_type":0,"ExpansionArg_type_2":2,"ExpansionArg_int":0,"ExpansionArg_type_3":4,"ExpansionArg_string":"","_bound":9}'
*-- Test Case {"Switcher":false,"Target_Switch_Base":0,"ExpansionArg_type":0,"ExpansionArg_type_2":2,"ExpansionArg_int":0,"ExpansionArg_type_3":2,"ExpansionArg_string":"","_bound":8,"ExpansionArg_int_2":0} start 117.8992 took 8.7094s
*-- Errors occured in test {"Switcher":false,"Target_Switch_Base":0,"ExpansionArg_type":0,"ExpansionArg_type_2":2,"ExpansionArg_int":0,"ExpansionArg_type_3":2,"ExpansionArg_string":"","_bound":8,"ExpansionArg_int_2":0}
* Error: TypeError: Function.prototype.apply was called on 0, which is a number and not a function
*-- Replay with NO_COMPILE=1 expoSE replay '/home/blake/ExpoSE/lib/Harness/src/harness.js' '{"Switcher":false,"Target_Switch_Base":0,"ExpansionArg_type":0,"ExpansionArg_type_2":2,"ExpansionArg_int":0,"ExpansionArg_type_3":2,"ExpansionArg_string":"","_bound":8}'
*-- Test Case {"Switcher":false,"Target_Switch_Base":1,"ExpansionArg_type":3,"ExpansionArg_string":"","ExpansionArg_type_2":5,"ExpansionArg_array_length":0,"_bound":11,"ExpansionArg_bool":false} start 118.9817 took 9.5836s
*-- Errors occured in test {"Switcher":false,"Target_Switch_Base":1,"ExpansionArg_type":3,"ExpansionArg_string":"","ExpansionArg_type_2":5,"ExpansionArg_array_length":0,"_bound":11,"ExpansionArg_bool":false}
* Error: TypeError: Function.prototype.apply was called on false, which is a boolean and not a function
*-- Replay with NO_COMPILE=1 expoSE replay '/home/blake/ExpoSE/lib/Harness/src/harness.js' '{"Switcher":false,"Target_Switch_Base":1,"ExpansionArg_type":3,"ExpansionArg_string":"","ExpansionArg_type_2":5,"ExpansionArg_array_length":0,"_bound":11}'
*-- Test Case {"Switcher":false,"Target_Switch_Base":1,"ExpansionArg_type":3,"ExpansionArg_string":"\u0000<!-- TOC -->","ExpansionArg_type_2":4,"ExpansionArg_array_length":0,"_bound":13} start 118.7009 took 11.172s
*-- Errors occured in test {"Switcher":false,"Target_Switch_Base":1,"ExpansionArg_type":3,"ExpansionArg_string":"\u0000<!-- TOC -->","ExpansionArg_type_2":4,"ExpansionArg_array_length":0,"_bound":13}
* Error: TypeError: Function.prototype.apply was called on [object Array], which is a object and not a function
*-- Replay with NO_COMPILE=1 expoSE replay '/home/blake/ExpoSE/lib/Harness/src/harness.js' '{"Switcher":false,"Target_Switch_Base":1,"ExpansionArg_type":3,"ExpansionArg_string":"\u0000<!-- TOC -->","ExpansionArg_type_2":4,"ExpansionArg_array_length":0,"_bound":13}'
*-- Test Case {"Switcher":false,"Target_Switch_Base":0,"ExpansionArg_type":1,"ExpansionArg_type_2":1,"ExpansionArg_type_3":3,"ExpansionArg_int":0,"_bound":8,"ExpansionArg_string":"PureString"} start 122.7061 took 9.3214s
*-- Errors occured in test {"Switcher":false,"Target_Switch_Base":0,"ExpansionArg_type":1,"ExpansionArg_type_2":1,"ExpansionArg_type_3":3,"ExpansionArg_int":0,"_bound":8,"ExpansionArg_string":"PureString"}
* Error: TypeError: Function.prototype.apply was called on PureString, which is a string and not a function
*-- Replay with NO_COMPILE=1 expoSE replay '/home/blake/ExpoSE/lib/Harness/src/harness.js' '{"Switcher":false,"Target_Switch_Base":0,"ExpansionArg_type":1,"ExpansionArg_type_2":1,"ExpansionArg_type_3":3,"ExpansionArg_int":0,"_bound":8}'
*-- Test Case {"Switcher":false,"Target_Switch_Base":1,"ExpansionArg_type":3,"ExpansionArg_string":"","ExpansionArg_type_2":3,"ExpansionArg_array_length":0,"_bound":10,"ExpansionArg_string_2":"PureString"} start 122.8944 took 10.0686s
*-- Errors occured in test {"Switcher":false,"Target_Switch_Base":1,"ExpansionArg_type":3,"ExpansionArg_string":"","ExpansionArg_type_2":3,"ExpansionArg_array_length":0,"_bound":10,"ExpansionArg_string_2":"PureString"}
* Error: TypeError: Function.prototype.apply was called on PureString, which is a string and not a function
*-- Replay with NO_COMPILE=1 expoSE replay '/home/blake/ExpoSE/lib/Harness/src/harness.js' '{"Switcher":false,"Target_Switch_Base":1,"ExpansionArg_type":3,"ExpansionArg_string":"","ExpansionArg_type_2":3,"ExpansionArg_array_length":0,"_bound":10}'
*-- Test Case {"Switcher":false,"Target_Switch_Base":0,"ExpansionArg_type":3,"ExpansionArg_string":"","ExpansionArg_type_2":3,"ExpansionArg_array_length":0,"ExpansionArg_type_3":0,"_bound":9,"ExpansionArg_string_2":"PureString"} start 124.26 took 8.9105s
*-- Errors occured in test {"Switcher":false,"Target_Switch_Base":0,"ExpansionArg_type":3,"ExpansionArg_string":"","ExpansionArg_type_2":3,"ExpansionArg_array_length":0,"ExpansionArg_type_3":0,"_bound":9,"ExpansionArg_string_2":"PureString"}
* Error: TypeError: Function.prototype.apply was called on undefined, which is a undefined and not a function
*-- Replay with NO_COMPILE=1 expoSE replay '/home/blake/ExpoSE/lib/Harness/src/harness.js' '{"Switcher":false,"Target_Switch_Base":0,"ExpansionArg_type":3,"ExpansionArg_string":"","ExpansionArg_type_2":3,"ExpansionArg_array_length":0,"ExpansionArg_type_3":0,"_bound":9}'
*-- Test Case {"Switcher":false,"Target_Switch_Base":1,"ExpansionArg_type":3,"ExpansionArg_string":"","ExpansionArg_type_2":2,"ExpansionArg_array_length":0,"_bound":9,"ExpansionArg_int":0} start 123.1268 took 11.3381s
*-- Errors occured in test {"Switcher":false,"Target_Switch_Base":1,"ExpansionArg_type":3,"ExpansionArg_string":"","ExpansionArg_type_2":2,"ExpansionArg_array_length":0,"_bound":9,"ExpansionArg_int":0}
* Error: TypeError: Function.prototype.apply was called on 0, which is a number and not a function
*-- Replay with NO_COMPILE=1 expoSE replay '/home/blake/ExpoSE/lib/Harness/src/harness.js' '{"Switcher":false,"Target_Switch_Base":1,"ExpansionArg_type":3,"ExpansionArg_string":"","ExpansionArg_type_2":2,"ExpansionArg_array_length":0,"_bound":9}'
*-- Test Case {"Switcher":false,"Target_Switch_Base":0,"ExpansionArg_type":3,"ExpansionArg_string":"","ExpansionArg_type_2":1,"ExpansionArg_array_length":0,"ExpansionArg_type_3":0,"_bound":7} start 126.5411 took 10.0117s
*-- Errors occured in test {"Switcher":false,"Target_Switch_Base":0,"ExpansionArg_type":3,"ExpansionArg_string":"","ExpansionArg_type_2":1,"ExpansionArg_array_length":0,"ExpansionArg_type_3":0,"_bound":7}
* Error: TypeError: Function.prototype.apply was called on undefined, which is a undefined and not a function
*-- Replay with NO_COMPILE=1 expoSE replay '/home/blake/ExpoSE/lib/Harness/src/harness.js' '{"Switcher":false,"Target_Switch_Base":0,"ExpansionArg_type":3,"ExpansionArg_string":"","ExpansionArg_type_2":1,"ExpansionArg_array_length":0,"ExpansionArg_type_3":0,"_bound":7}'
*-- Test Case {"Switcher":false,"Target_Switch_Base":1,"ExpansionArg_type":3,"ExpansionArg_string":"","ExpansionArg_type_2":1,"ExpansionArg_array_length":0,"_bound":8} start 126.7455 took 11.5598s
*-- Errors occured in test {"Switcher":false,"Target_Switch_Base":1,"ExpansionArg_type":3,"ExpansionArg_string":"","ExpansionArg_type_2":1,"ExpansionArg_array_length":0,"_bound":8}
* Error: TypeError: Function.prototype.apply was called on null, which is a object and not a function
*-- Replay with NO_COMPILE=1 expoSE replay '/home/blake/ExpoSE/lib/Harness/src/harness.js' '{"Switcher":false,"Target_Switch_Base":1,"ExpansionArg_type":3,"ExpansionArg_string":"","ExpansionArg_type_2":1,"ExpansionArg_array_length":0,"_bound":8}'
*-- Test Case {"Switcher":false,"Target_Switch_Base":1,"ExpansionArg_type":3,"ExpansionArg_string":"\u0000<!-- TOC -->","ExpansionArg_type_2":5,"ExpansionArg_bool":false,"_bound":12} start 128.6941 took 10.3007s
*-- Errors occured in test {"Switcher":false,"Target_Switch_Base":1,"ExpansionArg_type":3,"ExpansionArg_string":"\u0000<!-- TOC -->","ExpansionArg_type_2":5,"ExpansionArg_bool":false,"_bound":12}
* Error: TypeError: Function.prototype.apply was called on false, which is a boolean and not a function
*-- Replay with NO_COMPILE=1 expoSE replay '/home/blake/ExpoSE/lib/Harness/src/harness.js' '{"Switcher":false,"Target_Switch_Base":1,"ExpansionArg_type":3,"ExpansionArg_string":"\u0000<!-- TOC -->","ExpansionArg_type_2":5,"ExpansionArg_bool":false,"_bound":12}'
*-- Test Case {"Switcher":false,"Target_Switch_Base":0,"ExpansionArg_type":0,"ExpansionArg_type_2":2,"ExpansionArg_int":5,"ExpansionArg_type_3":4,"ExpansionArg_array_length":0,"_bound":12} start 132.1661 took 8.6983s
*-- Errors occured in test {"Switcher":false,"Target_Switch_Base":0,"ExpansionArg_type":0,"ExpansionArg_type_2":2,"ExpansionArg_int":5,"ExpansionArg_type_3":4,"ExpansionArg_array_length":0,"_bound":12}
* Error: TypeError: Function.prototype.apply was called on [object Array], which is a object and not a function
*-- Replay with NO_COMPILE=1 expoSE replay '/home/blake/ExpoSE/lib/Harness/src/harness.js' '{"Switcher":false,"Target_Switch_Base":0,"ExpansionArg_type":0,"ExpansionArg_type_2":2,"ExpansionArg_int":5,"ExpansionArg_type_3":4,"ExpansionArg_array_length":0,"_bound":12}'
*-- Test Case {"Switcher":false,"Target_Switch_Base":1,"ExpansionArg_type":3,"ExpansionArg_string":"\u0000<!-- TOC END -->\u0000<!-- TOC -->\u0000<!-- TOC END -->","ExpansionArg_type_2":4,"ExpansionArg_array_length":0,"_bound":14} start 129.9448 took 12.5875s
*-- Errors occured in test {"Switcher":false,"Target_Switch_Base":1,"ExpansionArg_type":3,"ExpansionArg_string":"\u0000<!-- TOC END -->\u0000<!-- TOC -->\u0000<!-- TOC END -->","ExpansionArg_type_2":4,"ExpansionArg_array_length":0,"_bound":14}
* Error: TypeError: Function.prototype.apply was called on [object Array], which is a object and not a function
*-- Replay with NO_COMPILE=1 expoSE replay '/home/blake/ExpoSE/lib/Harness/src/harness.js' '{"Switcher":false,"Target_Switch_Base":1,"ExpansionArg_type":3,"ExpansionArg_string":"\u0000<!-- TOC END -->\u0000<!-- TOC -->\u0000<!-- TOC END -->","ExpansionArg_type_2":4,"ExpansionArg_array_length":0,"_bound":14}'
*-- Test Case {"Switcher":false,"Target_Switch_Base":1,"ExpansionArg_type":3,"ExpansionArg_string":"\u0000<!-- TOC -->","ExpansionArg_type_2":3,"ExpansionArg_string_2":"","_bound":11} start 133.0579 took 10.7072s
*-- Errors occured in test {"Switcher":false,"Target_Switch_Base":1,"ExpansionArg_type":3,"ExpansionArg_string":"\u0000<!-- TOC -->","ExpansionArg_type_2":3,"ExpansionArg_string_2":"","_bound":11}
* Error: TypeError: Function.prototype.apply was called on , which is a string and not a function
*-- Replay with NO_COMPILE=1 expoSE replay '/home/blake/ExpoSE/lib/Harness/src/harness.js' '{"Switcher":false,"Target_Switch_Base":1,"ExpansionArg_type":3,"ExpansionArg_string":"\u0000<!-- TOC -->","ExpansionArg_type_2":3,"ExpansionArg_string_2":"","_bound":11}'
*-- Test Case {"Switcher":false,"Target_Switch_Base":0,"ExpansionArg_type":3,"ExpansionArg_string":"\u0000<!-- TOC -->","ExpansionArg_type_2":4,"ExpansionArg_array_length":0,"ExpansionArg_type_3":0,"_bound":13} start 124.0414 took 21.6446s
*-- Errors occured in test {"Switcher":false,"Target_Switch_Base":0,"ExpansionArg_type":3,"ExpansionArg_string":"\u0000<!-- TOC -->","ExpansionArg_type_2":4,"ExpansionArg_array_length":0,"ExpansionArg_type_3":0,"_bound":13}
* Error: TypeError: Function.prototype.apply was called on undefined, which is a undefined and not a function
*-- Replay with NO_COMPILE=1 expoSE replay '/home/blake/ExpoSE/lib/Harness/src/harness.js' '{"Switcher":false,"Target_Switch_Base":0,"ExpansionArg_type":3,"ExpansionArg_string":"\u0000<!-- TOC -->","ExpansionArg_type_2":4,"ExpansionArg_array_length":0,"ExpansionArg_type_3":0,"_bound":13}'
*-- Test Case {"Switcher":false,"Target_Switch_Base":1,"ExpansionArg_type":3,"ExpansionArg_string":"\u0000<!-- TOC -->","ExpansionArg_type_2":1,"_bound":9} start 138.4353 took 8.6979s
*-- Errors occured in test {"Switcher":false,"Target_Switch_Base":1,"ExpansionArg_type":3,"ExpansionArg_string":"\u0000<!-- TOC -->","ExpansionArg_type_2":1,"_bound":9}
* Error: TypeError: Function.prototype.apply was called on null, which is a object and not a function
*-- Replay with NO_COMPILE=1 expoSE replay '/home/blake/ExpoSE/lib/Harness/src/harness.js' '{"Switcher":false,"Target_Switch_Base":1,"ExpansionArg_type":3,"ExpansionArg_string":"\u0000<!-- TOC -->","ExpansionArg_type_2":1,"_bound":9}'
*-- Test Case {"Switcher":false,"Target_Switch_Base":1,"ExpansionArg_type":3,"ExpansionArg_string":"\u0000<!-- TOC -->","ExpansionArg_type_2":2,"ExpansionArg_int":0,"_bound":10} start 134.6158 took 12.8513s
*-- Errors occured in test {"Switcher":false,"Target_Switch_Base":1,"ExpansionArg_type":3,"ExpansionArg_string":"\u0000<!-- TOC -->","ExpansionArg_type_2":2,"ExpansionArg_int":0,"_bound":10}
* Error: TypeError: Function.prototype.apply was called on 0, which is a number and not a function
*-- Replay with NO_COMPILE=1 expoSE replay '/home/blake/ExpoSE/lib/Harness/src/harness.js' '{"Switcher":false,"Target_Switch_Base":1,"ExpansionArg_type":3,"ExpansionArg_string":"\u0000<!-- TOC -->","ExpansionArg_type_2":2,"ExpansionArg_int":0,"_bound":10}'
*-- Test Case {"Switcher":false,"Target_Switch_Base":1,"ExpansionArg_type":3,"ExpansionArg_string":"\u0000<!-- TOC -->\u0000<!-- TOC END -->\u0000<!-- TOC END -->","ExpansionArg_type_2":5,"ExpansionArg_bool":false,"_bound":13} start 139.0971 took 12.078s
*-- Errors occured in test {"Switcher":false,"Target_Switch_Base":1,"ExpansionArg_type":3,"ExpansionArg_string":"\u0000<!-- TOC -->\u0000<!-- TOC END -->\u0000<!-- TOC END -->","ExpansionArg_type_2":5,"ExpansionArg_bool":false,"_bound":13}
* Error: TypeError: Function.prototype.apply was called on false, which is a boolean and not a function
*-- Replay with NO_COMPILE=1 expoSE replay '/home/blake/ExpoSE/lib/Harness/src/harness.js' '{"Switcher":false,"Target_Switch_Base":1,"ExpansionArg_type":3,"ExpansionArg_string":"\u0000<!-- TOC -->\u0000<!-- TOC END -->\u0000<!-- TOC END -->","ExpansionArg_type_2":5,"ExpansionArg_bool":false,"_bound":13}'
*-- Test Case {"Switcher":false,"Target_Switch_Base":0,"ExpansionArg_type":3,"ExpansionArg_string":"\u0000<!-- TOC -->","ExpansionArg_type_2":3,"ExpansionArg_string_2":"!0!","ExpansionArg_type_3":0,"_bound":12} start 133.3865 took 20.3155s
*-- Errors occured in test {"Switcher":false,"Target_Switch_Base":0,"ExpansionArg_type":3,"ExpansionArg_string":"\u0000<!-- TOC -->","ExpansionArg_type_2":3,"ExpansionArg_string_2":"!0!","ExpansionArg_type_3":0,"_bound":12}
* Error: TypeError: Function.prototype.apply was called on undefined, which is a undefined and not a function
*-- Replay with NO_COMPILE=1 expoSE replay '/home/blake/ExpoSE/lib/Harness/src/harness.js' '{"Switcher":false,"Target_Switch_Base":0,"ExpansionArg_type":3,"ExpansionArg_string":"\u0000<!-- TOC -->","ExpansionArg_type_2":3,"ExpansionArg_string_2":"!0!","ExpansionArg_type_3":0,"_bound":12}'
*-- Test Case {"Switcher":false,"Target_Switch_Base":0,"ExpansionArg_type":1,"ExpansionArg_type_2":1,"ExpansionArg_type_3":4,"ExpansionArg_string":"","_bound":9,"ExpansionArg_array_length":0} start 142.7283 took 12.1475s
*-- Errors occured in test {"Switcher":false,"Target_Switch_Base":0,"ExpansionArg_type":1,"ExpansionArg_type_2":1,"ExpansionArg_type_3":4,"ExpansionArg_string":"","_bound":9,"ExpansionArg_array_length":0}
* Error: TypeError: Function.prototype.apply was called on [object Array], which is a object and not a function
*-- Replay with NO_COMPILE=1 expoSE replay '/home/blake/ExpoSE/lib/Harness/src/harness.js' '{"Switcher":false,"Target_Switch_Base":0,"ExpansionArg_type":1,"ExpansionArg_type_2":1,"ExpansionArg_type_3":4,"ExpansionArg_string":"","_bound":9}'
*-- Test Case {"Switcher":false,"Target_Switch_Base":0,"ExpansionArg_type":0,"ExpansionArg_type_2":2,"ExpansionArg_int":0,"ExpansionArg_type_3":5,"ExpansionArg_array_length":0,"_bound":10,"ExpansionArg_bool":false} start 141.0262 took 14.183s
*-- Errors occured in test {"Switcher":false,"Target_Switch_Base":0,"ExpansionArg_type":0,"ExpansionArg_type_2":2,"ExpansionArg_int":0,"ExpansionArg_type_3":5,"ExpansionArg_array_length":0,"_bound":10,"ExpansionArg_bool":false}
* Error: TypeError: Function.prototype.apply was called on false, which is a boolean and not a function
*-- Replay with NO_COMPILE=1 expoSE replay '/home/blake/ExpoSE/lib/Harness/src/harness.js' '{"Switcher":false,"Target_Switch_Base":0,"ExpansionArg_type":0,"ExpansionArg_type_2":2,"ExpansionArg_int":0,"ExpansionArg_type_3":5,"ExpansionArg_array_length":0,"_bound":10}'
*-- Test Case {"Switcher":false,"Target_Switch_Base":1,"ExpansionArg_type":3,"ExpansionArg_string":"\u0000<!-- TOC -->\u0000<!-- TOC END -->\u0000<!-- TOC END -->","ExpansionArg_type_2":3,"ExpansionArg_string_2":"","_bound":12} start 144.0052 took 11.4077s
*-- Errors occured in test {"Switcher":false,"Target_Switch_Base":1,"ExpansionArg_type":3,"ExpansionArg_string":"\u0000<!-- TOC -->\u0000<!-- TOC END -->\u0000<!-- TOC END -->","ExpansionArg_type_2":3,"ExpansionArg_string_2":"","_bound":12}
* Error: TypeError: Function.prototype.apply was called on , which is a string and not a function
*-- Replay with NO_COMPILE=1 expoSE replay '/home/blake/ExpoSE/lib/Harness/src/harness.js' '{"Switcher":false,"Target_Switch_Base":1,"ExpansionArg_type":3,"ExpansionArg_string":"\u0000<!-- TOC -->\u0000<!-- TOC END -->\u0000<!-- TOC END -->","ExpansionArg_type_2":3,"ExpansionArg_string_2":"","_bound":12}'
*-- Test Case {"Switcher":false,"Target_Switch_Base":0,"ExpansionArg_type":3,"ExpansionArg_string":"\u0000<!-- TOC -->","ExpansionArg_type_2":1,"ExpansionArg_type_3":0,"_bound":9} start 136.7252 took 19.932s
*-- Errors occured in test {"Switcher":false,"Target_Switch_Base":0,"ExpansionArg_type":3,"ExpansionArg_string":"\u0000<!-- TOC -->","ExpansionArg_type_2":1,"ExpansionArg_type_3":0,"_bound":9}
* Error: TypeError: Function.prototype.apply was called on undefined, which is a undefined and not a function
*-- Replay with NO_COMPILE=1 expoSE replay '/home/blake/ExpoSE/lib/Harness/src/harness.js' '{"Switcher":false,"Target_Switch_Base":0,"ExpansionArg_type":3,"ExpansionArg_string":"\u0000<!-- TOC -->","ExpansionArg_type_2":1,"ExpansionArg_type_3":0,"_bound":9}'
*-- Test Case {"Switcher":false,"Target_Switch_Base":1,"ExpansionArg_type":3,"ExpansionArg_string":"\u0000<!-- TOC END -->\u0000<!-- TOC --><!-- TOC END -->","ExpansionArg_type_2":2,"ExpansionArg_int":0,"_bound":11} start 155.277 took 8.8838s
*-- Errors occured in test {"Switcher":false,"Target_Switch_Base":1,"ExpansionArg_type":3,"ExpansionArg_string":"\u0000<!-- TOC END -->\u0000<!-- TOC --><!-- TOC END -->","ExpansionArg_type_2":2,"ExpansionArg_int":0,"_bound":11}
* Error: TypeError: Function.prototype.apply was called on 0, which is a number and not a function
*-- Replay with NO_COMPILE=1 expoSE replay '/home/blake/ExpoSE/lib/Harness/src/harness.js' '{"Switcher":false,"Target_Switch_Base":1,"ExpansionArg_type":3,"ExpansionArg_string":"\u0000<!-- TOC END -->\u0000<!-- TOC --><!-- TOC END -->","ExpansionArg_type_2":2,"ExpansionArg_int":0,"_bound":11}'
*-- Test Case {"Switcher":false,"Target_Switch_Base":1,"ExpansionArg_type":3,"ExpansionArg_string":"\u0000<!-- TOC -->\u0000<!-- TOC END -->\u0000<!-- TOC END -->","ExpansionArg_type_2":1,"_bound":10} start 155.0219 took 11.6156s
*-- Errors occured in test {"Switcher":false,"Target_Switch_Base":1,"ExpansionArg_type":3,"ExpansionArg_string":"\u0000<!-- TOC -->\u0000<!-- TOC END -->\u0000<!-- TOC END -->","ExpansionArg_type_2":1,"_bound":10}
* Error: TypeError: Function.prototype.apply was called on null, which is a object and not a function
*-- Replay with NO_COMPILE=1 expoSE replay '/home/blake/ExpoSE/lib/Harness/src/harness.js' '{"Switcher":false,"Target_Switch_Base":1,"ExpansionArg_type":3,"ExpansionArg_string":"\u0000<!-- TOC -->\u0000<!-- TOC END -->\u0000<!-- TOC END -->","ExpansionArg_type_2":1,"_bound":10}'
*-- Test Case {"Switcher":false,"Target_Switch_Base":0,"ExpansionArg_type":3,"ExpansionArg_string":"\u0000\u0000<!-- TOC -->\t","ExpansionArg_type_2":0,"ExpansionArg_type_3":0,"_bound":24} start 54.8577 took 312.9172s
*-- Errors occured in test {"Switcher":false,"Target_Switch_Base":0,"ExpansionArg_type":3,"ExpansionArg_string":"\u0000\u0000<!-- TOC -->\t","ExpansionArg_type_2":0,"ExpansionArg_type_3":0,"_bound":24}
* Error: Exception E: SyntaxError: Unexpected end of JSON input of test data on 
* Error: Exception E: SyntaxError: Unexpected end of JSON input of coverage data on 
* Error: Error extracting final output - a fatal error must have occured
*-- Replay with NO_COMPILE=1 expoSE replay '/home/blake/ExpoSE/lib/Harness/src/harness.js' '{"Switcher":false,"Target_Switch_Base":0,"ExpansionArg_type":3,"ExpansionArg_string":"\u0000\u0000<!-- TOC -->\t","ExpansionArg_type_2":0,"ExpansionArg_type_3":0,"_bound":24}'
*-- Test Case {"Switcher":false,"Target_Switch_Base":0,"ExpansionArg_type":3,"ExpansionArg_string":"<!-- TOC --> ","ExpansionArg_type_2":0,"ExpansionArg_type_3":0,"_bound":36} start 58.9549 took 309.9113s
*-- Errors occured in test {"Switcher":false,"Target_Switch_Base":0,"ExpansionArg_type":3,"ExpansionArg_string":"<!-- TOC --> ","ExpansionArg_type_2":0,"ExpansionArg_type_3":0,"_bound":36}
* Error: TypeError: Function.prototype.apply was called on undefined, which is a undefined and not a function
*-- Replay with NO_COMPILE=1 expoSE replay '/home/blake/ExpoSE/lib/Harness/src/harness.js' '{"Switcher":false,"Target_Switch_Base":0,"ExpansionArg_type":3,"ExpansionArg_string":"<!-- TOC --> ","ExpansionArg_type_2":0,"ExpansionArg_type_3":0,"_bound":36}'
*-- Test Case {"Switcher":false,"Target_Switch_Base":0,"ExpansionArg_type":3,"ExpansionArg_string":"\u0000\u0000<!-- TOC -->\u0000\u0000\u0000","ExpansionArg_type_2":0,"ExpansionArg_type_3":0,"_bound":28} start 58.677 took 311.3371s
*-- Errors occured in test {"Switcher":false,"Target_Switch_Base":0,"ExpansionArg_type":3,"ExpansionArg_string":"\u0000\u0000<!-- TOC -->\u0000\u0000\u0000","ExpansionArg_type_2":0,"ExpansionArg_type_3":0,"_bound":28}
* Error: Exception E: SyntaxError: Unexpected end of JSON input of test data on 
* Error: Exception E: SyntaxError: Unexpected end of JSON input of coverage data on 
* Error: Error extracting final output - a fatal error must have occured
*-- Replay with NO_COMPILE=1 expoSE replay '/home/blake/ExpoSE/lib/Harness/src/harness.js' '{"Switcher":false,"Target_Switch_Base":0,"ExpansionArg_type":3,"ExpansionArg_string":"\u0000\u0000<!-- TOC -->\u0000\u0000\u0000","ExpansionArg_type_2":0,"ExpansionArg_type_3":0,"_bound":28}'
*-- Test Case {"Switcher":false,"Target_Switch_Base":0,"ExpansionArg_type":3,"ExpansionArg_string":"\u0000<!-- TOC -->\u0000<!-- TOC END -->\u0000<!-- TOC END -->","ExpansionArg_type_2":0,"ExpansionArg_type_3":0,"_bound":9} start 56.133 took 314.1137s
*-- Errors occured in test {"Switcher":false,"Target_Switch_Base":0,"ExpansionArg_type":3,"ExpansionArg_string":"\u0000<!-- TOC -->\u0000<!-- TOC END -->\u0000<!-- TOC END -->","ExpansionArg_type_2":0,"ExpansionArg_type_3":0,"_bound":9}
* Error: Exception E: SyntaxError: Unexpected end of JSON input of test data on 
* Error: Exception E: SyntaxError: Unexpected end of JSON input of coverage data on 
* Error: Error extracting final output - a fatal error must have occured
*-- Replay with NO_COMPILE=1 expoSE replay '/home/blake/ExpoSE/lib/Harness/src/harness.js' '{"Switcher":false,"Target_Switch_Base":0,"ExpansionArg_type":3,"ExpansionArg_string":"\u0000<!-- TOC -->\u0000<!-- TOC END -->\u0000<!-- TOC END -->","ExpansionArg_type_2":0,"ExpansionArg_type_3":0,"_bound":9}'
*-- Test Case {"Switcher":false,"Target_Switch_Base":0,"ExpansionArg_type":3,"ExpansionArg_string":"<!-- TOC -->","ExpansionArg_type_2":0,"ExpansionArg_type_3":0,"_bound":32} start 57.9329 took 314.9571s
*-- Errors occured in test {"Switcher":false,"Target_Switch_Base":0,"ExpansionArg_type":3,"ExpansionArg_string":"<!-- TOC -->","ExpansionArg_type_2":0,"ExpansionArg_type_3":0,"_bound":32}
* Error: Exception E: SyntaxError: Unexpected end of JSON input of test data on 
* Error: Exception E: SyntaxError: Unexpected end of JSON input of coverage data on 
* Error: Error extracting final output - a fatal error must have occured
*-- Replay with NO_COMPILE=1 expoSE replay '/home/blake/ExpoSE/lib/Harness/src/harness.js' '{"Switcher":false,"Target_Switch_Base":0,"ExpansionArg_type":3,"ExpansionArg_string":"<!-- TOC -->","ExpansionArg_type_2":0,"ExpansionArg_type_3":0,"_bound":32}'
*-- Test Case {"Switcher":false,"Target_Switch_Base":0,"ExpansionArg_type":3,"ExpansionArg_string":"<!-- TOC -->\u0000","ExpansionArg_type_2":0,"ExpansionArg_type_3":0,"_bound":37} start 54.1534 took 319.4442s
*-- Errors occured in test {"Switcher":false,"Target_Switch_Base":0,"ExpansionArg_type":3,"ExpansionArg_string":"<!-- TOC -->\u0000","ExpansionArg_type_2":0,"ExpansionArg_type_3":0,"_bound":37}
* Error: Exception E: SyntaxError: Unexpected end of JSON input of test data on 
* Error: Exception E: SyntaxError: Unexpected end of JSON input of coverage data on 
* Error: Error extracting final output - a fatal error must have occured
*-- Replay with NO_COMPILE=1 expoSE replay '/home/blake/ExpoSE/lib/Harness/src/harness.js' '{"Switcher":false,"Target_Switch_Base":0,"ExpansionArg_type":3,"ExpansionArg_string":"<!-- TOC -->\u0000","ExpansionArg_type_2":0,"ExpansionArg_type_3":0,"_bound":37}'
*-- Test Case {"Switcher":false,"Target_Switch_Base":0,"ExpansionArg_type":3,"ExpansionArg_string":"<!-- TOC -->","ExpansionArg_type_2":3,"ExpansionArg_string_2":"!0!","ExpansionArg_type_3":0,"_bound":32} start 370.0685 took 15.025s
*-- Errors occured in test {"Switcher":false,"Target_Switch_Base":0,"ExpansionArg_type":3,"ExpansionArg_string":"<!-- TOC -->","ExpansionArg_type_2":3,"ExpansionArg_string_2":"!0!","ExpansionArg_type_3":0,"_bound":32}
* Error: TypeError: Function.prototype.apply was called on undefined, which is a undefined and not a function
*-- Replay with NO_COMPILE=1 expoSE replay '/home/blake/ExpoSE/lib/Harness/src/harness.js' '{"Switcher":false,"Target_Switch_Base":0,"ExpansionArg_type":3,"ExpansionArg_string":"<!-- TOC -->","ExpansionArg_type_2":3,"ExpansionArg_string_2":"!0!","ExpansionArg_type_3":0,"_bound":32}'
*-- Test Case {"Switcher":false,"Target_Switch_Base":0,"ExpansionArg_type":3,"ExpansionArg_string":"\u0000\u0000<!-- TOC -->\u0000\u0000\u0000\u0000\u0000\r\n","ExpansionArg_type_2":0,"ExpansionArg_type_3":0,"_bound":20} start 57.1255 took 337.3541s
*-- Errors occured in test {"Switcher":false,"Target_Switch_Base":0,"ExpansionArg_type":3,"ExpansionArg_string":"\u0000\u0000<!-- TOC -->\u0000\u0000\u0000\u0000\u0000\r\n","ExpansionArg_type_2":0,"ExpansionArg_type_3":0,"_bound":20}
* Error: TypeError: Function.prototype.apply was called on undefined, which is a undefined and not a function
*-- Replay with NO_COMPILE=1 expoSE replay '/home/blake/ExpoSE/lib/Harness/src/harness.js' '{"Switcher":false,"Target_Switch_Base":0,"ExpansionArg_type":3,"ExpansionArg_string":"\u0000\u0000<!-- TOC -->\u0000\u0000\u0000\u0000\u0000\r\n","ExpansionArg_type_2":0,"ExpansionArg_type_3":0,"_bound":20}'
*-- Test Case {"Switcher":false,"Target_Switch_Base":0,"ExpansionArg_type":3,"ExpansionArg_string":"<!-- TOC -->","ExpansionArg_type_2":4,"ExpansionArg_array_length":0,"ExpansionArg_type_3":0,"_bound":33} start 147.3051 took 311.8538s
*-- Errors occured in test {"Switcher":false,"Target_Switch_Base":0,"ExpansionArg_type":3,"ExpansionArg_string":"<!-- TOC -->","ExpansionArg_type_2":4,"ExpansionArg_array_length":0,"ExpansionArg_type_3":0,"_bound":33}
* Error: Exception E: SyntaxError: Unexpected end of JSON input of coverage data on 
* Error: Exception E: SyntaxError: Unexpected end of JSON input of test data on 
* Error: Error extracting final output - a fatal error must have occured
*-- Replay with NO_COMPILE=1 expoSE replay '/home/blake/ExpoSE/lib/Harness/src/harness.js' '{"Switcher":false,"Target_Switch_Base":0,"ExpansionArg_type":3,"ExpansionArg_string":"<!-- TOC -->","ExpansionArg_type_2":4,"ExpansionArg_array_length":0,"ExpansionArg_type_3":0,"_bound":33}'
*-- Test Case {"Switcher":false,"Target_Switch_Base":0,"ExpansionArg_type":3,"ExpansionArg_string":"\u0000<!-- TOC -->\u0000<!-- TOC END -->\u0000<!-- TOC END -->","ExpansionArg_type_2":4,"ExpansionArg_array_length":0,"ExpansionArg_type_3":0,"_bound":14} start 147.7233 took 314.9028s
*-- Errors occured in test {"Switcher":false,"Target_Switch_Base":0,"ExpansionArg_type":3,"ExpansionArg_string":"\u0000<!-- TOC -->\u0000<!-- TOC END -->\u0000<!-- TOC END -->","ExpansionArg_type_2":4,"ExpansionArg_array_length":0,"ExpansionArg_type_3":0,"_bound":14}
* Error: Exception E: SyntaxError: Unexpected end of JSON input of test data on 
* Error: Exception E: SyntaxError: Unexpected end of JSON input of coverage data on 
* Error: Error extracting final output - a fatal error must have occured
*-- Replay with NO_COMPILE=1 expoSE replay '/home/blake/ExpoSE/lib/Harness/src/harness.js' '{"Switcher":false,"Target_Switch_Base":0,"ExpansionArg_type":3,"ExpansionArg_string":"\u0000<!-- TOC -->\u0000<!-- TOC END -->\u0000<!-- TOC END -->","ExpansionArg_type_2":4,"ExpansionArg_array_length":0,"ExpansionArg_type_3":0,"_bound":14}'
*-- Test Case {"Switcher":false,"Target_Switch_Base":0,"ExpansionArg_type":3,"ExpansionArg_string":"\u0000<!-- TOC -->\r\n","ExpansionArg_type_2":4,"ExpansionArg_array_length":0,"ExpansionArg_type_3":0,"_bound":25} start 153.6255 took 310.1416s
*-- Errors occured in test {"Switcher":false,"Target_Switch_Base":0,"ExpansionArg_type":3,"ExpansionArg_string":"\u0000<!-- TOC -->\r\n","ExpansionArg_type_2":4,"ExpansionArg_array_length":0,"ExpansionArg_type_3":0,"_bound":25}
* Error: Exception E: SyntaxError: Unexpected end of JSON input of test data on 
* Error: Exception E: SyntaxError: Unexpected end of JSON input of coverage data on 
* Error: Error extracting final output - a fatal error must have occured
*-- Replay with NO_COMPILE=1 expoSE replay '/home/blake/ExpoSE/lib/Harness/src/harness.js' '{"Switcher":false,"Target_Switch_Base":0,"ExpansionArg_type":3,"ExpansionArg_string":"\u0000<!-- TOC -->\r\n","ExpansionArg_type_2":4,"ExpansionArg_array_length":0,"ExpansionArg_type_3":0,"_bound":25}'
*-- Test Case {"Switcher":false,"Target_Switch_Base":0,"ExpansionArg_type":0,"ExpansionArg_type_2":2,"ExpansionArg_int":4,"ExpansionArg_type_3":3,"ExpansionArg_string":"","_bound":10} start 459.2285 took 8.6856s
*-- Errors occured in test {"Switcher":false,"Target_Switch_Base":0,"ExpansionArg_type":0,"ExpansionArg_type_2":2,"ExpansionArg_int":4,"ExpansionArg_type_3":3,"ExpansionArg_string":"","_bound":10}
* Error: TypeError: Function.prototype.apply was called on , which is a string and not a function
*-- Replay with NO_COMPILE=1 expoSE replay '/home/blake/ExpoSE/lib/Harness/src/harness.js' '{"Switcher":false,"Target_Switch_Base":0,"ExpansionArg_type":0,"ExpansionArg_type_2":2,"ExpansionArg_int":4,"ExpansionArg_type_3":3,"ExpansionArg_string":"","_bound":10}'
*-- Test Case {"Switcher":false,"Target_Switch_Base":0,"ExpansionArg_type":3,"ExpansionArg_string":"<!-- TOC -->\u0000","ExpansionArg_type_2":4,"ExpansionArg_array_length":0,"ExpansionArg_type_3":0,"_bound":42} start 145.869 took 324.6791s
*-- Errors occured in test {"Switcher":false,"Target_Switch_Base":0,"ExpansionArg_type":3,"ExpansionArg_string":"<!-- TOC -->\u0000","ExpansionArg_type_2":4,"ExpansionArg_array_length":0,"ExpansionArg_type_3":0,"_bound":42}
* Error: Exception E: SyntaxError: Unexpected end of JSON input of test data on 
* Error: Exception E: SyntaxError: Unexpected end of JSON input of coverage data on 
* Error: Error extracting final output - a fatal error must have occured
*-- Replay with NO_COMPILE=1 expoSE replay '/home/blake/ExpoSE/lib/Harness/src/harness.js' '{"Switcher":false,"Target_Switch_Base":0,"ExpansionArg_type":3,"ExpansionArg_string":"<!-- TOC -->\u0000","ExpansionArg_type_2":4,"ExpansionArg_array_length":0,"ExpansionArg_type_3":0,"_bound":42}'
*-- Test Case {"Switcher":false,"Target_Switch_Base":0,"ExpansionArg_type":3,"ExpansionArg_string":"\u0000<!-- TOC END -->\u0000<!-- TOC -->\u0000<!-- TOC END -->","ExpansionArg_type_2":3,"ExpansionArg_string_2":"!0!","ExpansionArg_type_3":0,"_bound":13} start 155.5171 took 315.4837s
*-- Errors occured in test {"Switcher":false,"Target_Switch_Base":0,"ExpansionArg_type":3,"ExpansionArg_string":"\u0000<!-- TOC END -->\u0000<!-- TOC -->\u0000<!-- TOC END -->","ExpansionArg_type_2":3,"ExpansionArg_string_2":"!0!","ExpansionArg_type_3":0,"_bound":13}
* Error: Exception E: SyntaxError: Unexpected end of JSON input of coverage data on 
* Error: Exception E: SyntaxError: Unexpected end of JSON input of test data on 
* Error: Error extracting final output - a fatal error must have occured
*-- Replay with NO_COMPILE=1 expoSE replay '/home/blake/ExpoSE/lib/Harness/src/harness.js' '{"Switcher":false,"Target_Switch_Base":0,"ExpansionArg_type":3,"ExpansionArg_string":"\u0000<!-- TOC END -->\u0000<!-- TOC -->\u0000<!-- TOC END -->","ExpansionArg_type_2":3,"ExpansionArg_string_2":"!0!","ExpansionArg_type_3":0,"_bound":13}'
*-- Test Case {"Switcher":false,"Target_Switch_Base":0,"ExpansionArg_type":1,"ExpansionArg_type_2":1,"ExpansionArg_type_3":1,"ExpansionArg_int":0,"_bound":7} start 462.7159 took 8.803s
*-- Errors occured in test {"Switcher":false,"Target_Switch_Base":0,"ExpansionArg_type":1,"ExpansionArg_type_2":1,"ExpansionArg_type_3":1,"ExpansionArg_int":0,"_bound":7}
* Error: TypeError: Function.prototype.apply was called on null, which is a object and not a function
*-- Replay with NO_COMPILE=1 expoSE replay '/home/blake/ExpoSE/lib/Harness/src/harness.js' '{"Switcher":false,"Target_Switch_Base":0,"ExpansionArg_type":1,"ExpansionArg_type_2":1,"ExpansionArg_type_3":1,"ExpansionArg_int":0,"_bound":7}'
*-- Test Case {"Switcher":false,"Target_Switch_Base":0,"ExpansionArg_type":1,"ExpansionArg_type_2":1,"ExpansionArg_type_3":5,"ExpansionArg_array_length":0,"_bound":10,"ExpansionArg_bool":false} start 463.8162 took 10.6452s
*-- Errors occured in test {"Switcher":false,"Target_Switch_Base":0,"ExpansionArg_type":1,"ExpansionArg_type_2":1,"ExpansionArg_type_3":5,"ExpansionArg_array_length":0,"_bound":10,"ExpansionArg_bool":false}
* Error: TypeError: Function.prototype.apply was called on false, which is a boolean and not a function
*-- Replay with NO_COMPILE=1 expoSE replay '/home/blake/ExpoSE/lib/Harness/src/harness.js' '{"Switcher":false,"Target_Switch_Base":0,"ExpansionArg_type":1,"ExpansionArg_type_2":1,"ExpansionArg_type_3":5,"ExpansionArg_array_length":0,"_bound":10}'
*-- Test Case {"Switcher":false,"Target_Switch_Base":0,"ExpansionArg_type":3,"ExpansionArg_string":"<!-- TOC --> ","ExpansionArg_type_2":4,"ExpansionArg_array_length":0,"ExpansionArg_type_3":0,"_bound":41} start 166.7822 took 310.746s
*-- Errors occured in test {"Switcher":false,"Target_Switch_Base":0,"ExpansionArg_type":3,"ExpansionArg_string":"<!-- TOC --> ","ExpansionArg_type_2":4,"ExpansionArg_array_length":0,"ExpansionArg_type_3":0,"_bound":41}
* Error: TypeError: Function.prototype.apply was called on undefined, which is a undefined and not a function
*-- Replay with NO_COMPILE=1 expoSE replay '/home/blake/ExpoSE/lib/Harness/src/harness.js' '{"Switcher":false,"Target_Switch_Base":0,"ExpansionArg_type":3,"ExpansionArg_string":"<!-- TOC --> ","ExpansionArg_type_2":4,"ExpansionArg_array_length":0,"ExpansionArg_type_3":0,"_bound":41}'
*-- Test Case {"Switcher":false,"Target_Switch_Base":0,"ExpansionArg_type":0,"ExpansionArg_type_2":2,"ExpansionArg_int":3,"ExpansionArg_type_3":1,"_bound":8} start 468.0377 took 10.2177s
*-- Errors occured in test {"Switcher":false,"Target_Switch_Base":0,"ExpansionArg_type":0,"ExpansionArg_type_2":2,"ExpansionArg_int":3,"ExpansionArg_type_3":1,"_bound":8}
* Error: TypeError: Function.prototype.apply was called on null, which is a object and not a function
*-- Replay with NO_COMPILE=1 expoSE replay '/home/blake/ExpoSE/lib/Harness/src/harness.js' '{"Switcher":false,"Target_Switch_Base":0,"ExpansionArg_type":0,"ExpansionArg_type_2":2,"ExpansionArg_int":3,"ExpansionArg_type_3":1,"_bound":8}'
*-- Test Case {"Switcher":false,"Target_Switch_Base":0,"ExpansionArg_type":3,"ExpansionArg_string":"<!-- TOC -->\u0000","ExpansionArg_type_2":3,"ExpansionArg_string_2":"!0!","ExpansionArg_type_3":0,"_bound":41} start 153.8741 took 328.6598s
*-- Errors occured in test {"Switcher":false,"Target_Switch_Base":0,"ExpansionArg_type":3,"ExpansionArg_string":"<!-- TOC -->\u0000","ExpansionArg_type_2":3,"ExpansionArg_string_2":"!0!","ExpansionArg_type_3":0,"_bound":41}
* Error: Exception E: SyntaxError: Unexpected end of JSON input of test data on 
* Error: Exception E: SyntaxError: Unexpected end of JSON input of coverage data on 
* Error: Error extracting final output - a fatal error must have occured
*-- Replay with NO_COMPILE=1 expoSE replay '/home/blake/ExpoSE/lib/Harness/src/harness.js' '{"Switcher":false,"Target_Switch_Base":0,"ExpansionArg_type":3,"ExpansionArg_string":"<!-- TOC -->\u0000","ExpansionArg_type_2":3,"ExpansionArg_string_2":"!0!","ExpansionArg_type_3":0,"_bound":41}'
*-- Test Case {"Switcher":false,"Target_Switch_Base":0,"ExpansionArg_type":3,"ExpansionArg_string":"\u0000<!-- TOC END -->\u0000<!-- TOC --><!-- TOC END -->","ExpansionArg_type_2":1,"ExpansionArg_type_3":0,"_bound":10} start 164.277 took 318.884s
*-- Errors occured in test {"Switcher":false,"Target_Switch_Base":0,"ExpansionArg_type":3,"ExpansionArg_string":"\u0000<!-- TOC END -->\u0000<!-- TOC --><!-- TOC END -->","ExpansionArg_type_2":1,"ExpansionArg_type_3":0,"_bound":10}
* Error: Exception E: SyntaxError: Unexpected end of JSON input of coverage data on 
* Error: Exception E: SyntaxError: Unexpected end of JSON input of test data on 
* Error: Error extracting final output - a fatal error must have occured
*-- Replay with NO_COMPILE=1 expoSE replay '/home/blake/ExpoSE/lib/Harness/src/harness.js' '{"Switcher":false,"Target_Switch_Base":0,"ExpansionArg_type":3,"ExpansionArg_string":"\u0000<!-- TOC END -->\u0000<!-- TOC --><!-- TOC END -->","ExpansionArg_type_2":1,"ExpansionArg_type_3":0,"_bound":10}'
*-- Test Case {"Switcher":false,"Target_Switch_Base":0,"ExpansionArg_type":3,"ExpansionArg_string":"<!-- TOC -->\u0000","ExpansionArg_type_2":1,"ExpansionArg_type_3":0,"_bound":38} start 156.791 took 326.9681s
*-- Errors occured in test {"Switcher":false,"Target_Switch_Base":0,"ExpansionArg_type":3,"ExpansionArg_string":"<!-- TOC -->\u0000","ExpansionArg_type_2":1,"ExpansionArg_type_3":0,"_bound":38}
* Error: TypeError: Function.prototype.apply was called on undefined, which is a undefined and not a function
*-- Replay with NO_COMPILE=1 expoSE replay '/home/blake/ExpoSE/lib/Harness/src/harness.js' '{"Switcher":false,"Target_Switch_Base":0,"ExpansionArg_type":3,"ExpansionArg_string":"<!-- TOC -->\u0000","ExpansionArg_type_2":1,"ExpansionArg_type_3":0,"_bound":38}'
*-- Test Case {"Switcher":false,"Target_Switch_Base":0,"ExpansionArg_type":0,"ExpansionArg_type_2":2,"ExpansionArg_int":1,"ExpansionArg_type_3":2,"ExpansionArg_int_2":0,"_bound":9} start 474.6615 took 12.2209s
*-- Errors occured in test {"Switcher":false,"Target_Switch_Base":0,"ExpansionArg_type":0,"ExpansionArg_type_2":2,"ExpansionArg_int":1,"ExpansionArg_type_3":2,"ExpansionArg_int_2":0,"_bound":9}
* Error: TypeError: Function.prototype.apply was called on 0, which is a number and not a function
*-- Replay with NO_COMPILE=1 expoSE replay '/home/blake/ExpoSE/lib/Harness/src/harness.js' '{"Switcher":false,"Target_Switch_Base":0,"ExpansionArg_type":0,"ExpansionArg_type_2":2,"ExpansionArg_int":1,"ExpansionArg_type_3":2,"ExpansionArg_int_2":0,"_bound":9}'
*-- Test Case {"Switcher":false,"Target_Switch_Base":0,"ExpansionArg_type":3,"ExpansionArg_string":"","ExpansionArg_type_2":5,"ExpansionArg_array_length":0,"ExpansionArg_type_3":0,"_bound":10,"ExpansionArg_bool":false} start 478.357 took 9.5933s
*-- Errors occured in test {"Switcher":false,"Target_Switch_Base":0,"ExpansionArg_type":3,"ExpansionArg_string":"","ExpansionArg_type_2":5,"ExpansionArg_array_length":0,"ExpansionArg_type_3":0,"_bound":10,"ExpansionArg_bool":false}
* Error: TypeError: Function.prototype.apply was called on undefined, which is a undefined and not a function
*-- Replay with NO_COMPILE=1 expoSE replay '/home/blake/ExpoSE/lib/Harness/src/harness.js' '{"Switcher":false,"Target_Switch_Base":0,"ExpansionArg_type":3,"ExpansionArg_string":"","ExpansionArg_type_2":5,"ExpansionArg_array_length":0,"ExpansionArg_type_3":0,"_bound":10}'
*-- Test Case {"Switcher":false,"Target_Switch_Base":0,"ExpansionArg_type":3,"ExpansionArg_string":"","ExpansionArg_type_2":0,"ExpansionArg_type_3":4,"_bound":7,"ExpansionArg_array_length":0} start 483.1903 took 8.4667s
*-- Errors occured in test {"Switcher":false,"Target_Switch_Base":0,"ExpansionArg_type":3,"ExpansionArg_string":"","ExpansionArg_type_2":0,"ExpansionArg_type_3":4,"_bound":7,"ExpansionArg_array_length":0}
* Error: TypeError: Function.prototype.apply was called on [object Array], which is a object and not a function
*-- Replay with NO_COMPILE=1 expoSE replay '/home/blake/ExpoSE/lib/Harness/src/harness.js' '{"Switcher":false,"Target_Switch_Base":0,"ExpansionArg_type":3,"ExpansionArg_string":"","ExpansionArg_type_2":0,"ExpansionArg_type_3":4,"_bound":7}'
*-- Test Case {"Switcher":false,"Target_Switch_Base":0,"ExpansionArg_type":2,"ExpansionArg_int":0,"ExpansionArg_type_2":3,"ExpansionArg_string":"","ExpansionArg_type_3":4,"_bound":9,"ExpansionArg_array_length":0} start 482.5826 took 12.5389s
*-- Errors occured in test {"Switcher":false,"Target_Switch_Base":0,"ExpansionArg_type":2,"ExpansionArg_int":0,"ExpansionArg_type_2":3,"ExpansionArg_string":"","ExpansionArg_type_3":4,"_bound":9,"ExpansionArg_array_length":0}
* Error: TypeError: Function.prototype.apply was called on [object Array], which is a object and not a function
*-- Replay with NO_COMPILE=1 expoSE replay '/home/blake/ExpoSE/lib/Harness/src/harness.js' '{"Switcher":false,"Target_Switch_Base":0,"ExpansionArg_type":2,"ExpansionArg_int":0,"ExpansionArg_type_2":3,"ExpansionArg_string":"","ExpansionArg_type_3":4,"_bound":9}'
*-- Test Case {"Switcher":false,"Target_Switch_Base":0,"ExpansionArg_type":3,"ExpansionArg_string":"\u0000<!-- TOC -->","ExpansionArg_type_2":5,"ExpansionArg_bool":false,"ExpansionArg_type_3":0,"_bound":13} start 491.7531 took 15.3941s
*-- Errors occured in test {"Switcher":false,"Target_Switch_Base":0,"ExpansionArg_type":3,"ExpansionArg_string":"\u0000<!-- TOC -->","ExpansionArg_type_2":5,"ExpansionArg_bool":false,"ExpansionArg_type_3":0,"_bound":13}
* Error: TypeError: Function.prototype.apply was called on undefined, which is a undefined and not a function
*-- Replay with NO_COMPILE=1 expoSE replay '/home/blake/ExpoSE/lib/Harness/src/harness.js' '{"Switcher":false,"Target_Switch_Base":0,"ExpansionArg_type":3,"ExpansionArg_string":"\u0000<!-- TOC -->","ExpansionArg_type_2":5,"ExpansionArg_bool":false,"ExpansionArg_type_3":0,"_bound":13}'
*-- Test Case {"Switcher":false,"Target_Switch_Base":0,"ExpansionArg_type":3,"ExpansionArg_string":"\u0000<!-- TOC -->","ExpansionArg_type_2":0,"ExpansionArg_type_3":4,"ExpansionArg_array_length":0,"_bound":13} start 495.2251 took 13.7402s
*-- Errors occured in test {"Switcher":false,"Target_Switch_Base":0,"ExpansionArg_type":3,"ExpansionArg_string":"\u0000<!-- TOC -->","ExpansionArg_type_2":0,"ExpansionArg_type_3":4,"ExpansionArg_array_length":0,"_bound":13}
* Error: TypeError: Function.prototype.apply was called on [object Array], which is a object and not a function
*-- Replay with NO_COMPILE=1 expoSE replay '/home/blake/ExpoSE/lib/Harness/src/harness.js' '{"Switcher":false,"Target_Switch_Base":0,"ExpansionArg_type":3,"ExpansionArg_string":"\u0000<!-- TOC -->","ExpansionArg_type_2":0,"ExpansionArg_type_3":4,"ExpansionArg_array_length":0,"_bound":13}'
*-- Test Case {"Switcher":false,"Target_Switch_Base":0,"ExpansionArg_type":3,"ExpansionArg_string":"\u0000<!-- TOC -->","ExpansionArg_type_2":4,"ExpansionArg_array_length":0,"ExpansionArg_type_3":0,"_bound":37} start 372.9503 took 309.5055s
*-- Errors occured in test {"Switcher":false,"Target_Switch_Base":0,"ExpansionArg_type":3,"ExpansionArg_string":"\u0000<!-- TOC -->","ExpansionArg_type_2":4,"ExpansionArg_array_length":0,"ExpansionArg_type_3":0,"_bound":37}
* Error: Exception E: SyntaxError: Unexpected end of JSON input of coverage data on 
* Error: Exception E: SyntaxError: Unexpected end of JSON input of test data on 
* Error: Error extracting final output - a fatal error must have occured
*-- Replay with NO_COMPILE=1 expoSE replay '/home/blake/ExpoSE/lib/Harness/src/harness.js' '{"Switcher":false,"Target_Switch_Base":0,"ExpansionArg_type":3,"ExpansionArg_string":"\u0000<!-- TOC -->","ExpansionArg_type_2":4,"ExpansionArg_array_length":0,"ExpansionArg_type_3":0,"_bound":37}'
*-- Test Case {"Switcher":false,"Target_Switch_Base":0,"ExpansionArg_type":3,"ExpansionArg_string":"<!-- TOC -->\u0000\u0000\t","ExpansionArg_type_2":4,"ExpansionArg_array_length":0,"ExpansionArg_type_3":0,"_bound":29} start 367.8438 took 319.3766s
*-- Errors occured in test {"Switcher":false,"Target_Switch_Base":0,"ExpansionArg_type":3,"ExpansionArg_string":"<!-- TOC -->\u0000\u0000\t","ExpansionArg_type_2":4,"ExpansionArg_array_length":0,"ExpansionArg_type_3":0,"_bound":29}
* Error: Exception E: SyntaxError: Unexpected end of JSON input of test data on 
* Error: Exception E: SyntaxError: Unexpected end of JSON input of coverage data on 
* Error: Error extracting final output - a fatal error must have occured
*-- Replay with NO_COMPILE=1 expoSE replay '/home/blake/ExpoSE/lib/Harness/src/harness.js' '{"Switcher":false,"Target_Switch_Base":0,"ExpansionArg_type":3,"ExpansionArg_string":"<!-- TOC -->\u0000\u0000\t","ExpansionArg_type_2":4,"ExpansionArg_array_length":0,"ExpansionArg_type_3":0,"_bound":29}'
*-- Test Case {"Switcher":false,"Target_Switch_Base":0,"ExpansionArg_type":3,"ExpansionArg_string":"<!-- TOC -->\u0000","ExpansionArg_type_2":0,"ExpansionArg_type_3":0,"_bound":41} start 369.1563 took 323.6662s
*-- Errors occured in test {"Switcher":false,"Target_Switch_Base":0,"ExpansionArg_type":3,"ExpansionArg_string":"<!-- TOC -->\u0000","ExpansionArg_type_2":0,"ExpansionArg_type_3":0,"_bound":41}
* Error: TypeError: Function.prototype.apply was called on undefined, which is a undefined and not a function
*-- Replay with NO_COMPILE=1 expoSE replay '/home/blake/ExpoSE/lib/Harness/src/harness.js' '{"Switcher":false,"Target_Switch_Base":0,"ExpansionArg_type":3,"ExpansionArg_string":"<!-- TOC -->\u0000","ExpansionArg_type_2":0,"ExpansionArg_type_3":0,"_bound":41}'
*-- Test Case {"Switcher":false,"Target_Switch_Base":0,"ExpansionArg_type":3,"ExpansionArg_string":"\u0000<!-- TOC --> \r\n","ExpansionArg_type_2":3,"ExpansionArg_string_2":"!0!","ExpansionArg_type_3":0,"_bound":24} start 370.2963 took 323.4905s
*-- Errors occured in test {"Switcher":false,"Target_Switch_Base":0,"ExpansionArg_type":3,"ExpansionArg_string":"\u0000<!-- TOC --> \r\n","ExpansionArg_type_2":3,"ExpansionArg_string_2":"!0!","ExpansionArg_type_3":0,"_bound":24}
* Error: Exception E: SyntaxError: Unexpected end of JSON input of test data on 
* Error: Exception E: SyntaxError: Unexpected end of JSON input of coverage data on 
* Error: Error extracting final output - a fatal error must have occured
*-- Replay with NO_COMPILE=1 expoSE replay '/home/blake/ExpoSE/lib/Harness/src/harness.js' '{"Switcher":false,"Target_Switch_Base":0,"ExpansionArg_type":3,"ExpansionArg_string":"\u0000<!-- TOC --> \r\n","ExpansionArg_type_2":3,"ExpansionArg_string_2":"!0!","ExpansionArg_type_3":0,"_bound":24}'
*-- Test Case {"Switcher":false,"Target_Switch_Base":0,"ExpansionArg_type":3,"ExpansionArg_string":"<!-- TOC -->\r\u0000\u0000\u0000\u0000\u0000\u0000\u0000\u0000\r\n","ExpansionArg_type_2":1,"ExpansionArg_type_3":0,"_bound":21} start 373.641 took 328.0672s
*-- Errors occured in test {"Switcher":false,"Target_Switch_Base":0,"ExpansionArg_type":3,"ExpansionArg_string":"<!-- TOC -->\r\u0000\u0000\u0000\u0000\u0000\u0000\u0000\u0000\r\n","ExpansionArg_type_2":1,"ExpansionArg_type_3":0,"_bound":21}
* Error: TypeError: Function.prototype.apply was called on undefined, which is a undefined and not a function
*-- Replay with NO_COMPILE=1 expoSE replay '/home/blake/ExpoSE/lib/Harness/src/harness.js' '{"Switcher":false,"Target_Switch_Base":0,"ExpansionArg_type":3,"ExpansionArg_string":"<!-- TOC -->\r\u0000\u0000\u0000\u0000\u0000\u0000\u0000\u0000\r\n","ExpansionArg_type_2":1,"ExpansionArg_type_3":0,"_bound":21}'
*-- Test Case {"Switcher":false,"Target_Switch_Base":0,"ExpansionArg_type":3,"ExpansionArg_string":"","ExpansionArg_type_2":0,"ExpansionArg_type_3":5,"ExpansionArg_array_length":0,"_bound":11,"ExpansionArg_bool":false} start 693.8566 took 10.3192s
*-- Errors occured in test {"Switcher":false,"Target_Switch_Base":0,"ExpansionArg_type":3,"ExpansionArg_string":"","ExpansionArg_type_2":0,"ExpansionArg_type_3":5,"ExpansionArg_array_length":0,"_bound":11,"ExpansionArg_bool":false}
* Error: TypeError: Function.prototype.apply was called on false, which is a boolean and not a function
*-- Replay with NO_COMPILE=1 expoSE replay '/home/blake/ExpoSE/lib/Harness/src/harness.js' '{"Switcher":false,"Target_Switch_Base":0,"ExpansionArg_type":3,"ExpansionArg_string":"","ExpansionArg_type_2":0,"ExpansionArg_type_3":5,"ExpansionArg_array_length":0,"_bound":11}'
*-- Test Case {"Switcher":false,"Target_Switch_Base":0,"ExpansionArg_type":3,"ExpansionArg_string":"<!-- TOC --> ","ExpansionArg_type_2":3,"ExpansionArg_string_2":"!0!","ExpansionArg_type_3":0,"_bound":40} start 394.5924 took 309.9736s
*-- Errors occured in test {"Switcher":false,"Target_Switch_Base":0,"ExpansionArg_type":3,"ExpansionArg_string":"<!-- TOC --> ","ExpansionArg_type_2":3,"ExpansionArg_string_2":"!0!","ExpansionArg_type_3":0,"_bound":40}
* Error: Exception E: SyntaxError: Unexpected end of JSON input of test data on 
* Error: Exception E: SyntaxError: Unexpected end of JSON input of coverage data on 
* Error: Error extracting final output - a fatal error must have occured
*-- Replay with NO_COMPILE=1 expoSE replay '/home/blake/ExpoSE/lib/Harness/src/harness.js' '{"Switcher":false,"Target_Switch_Base":0,"ExpansionArg_type":3,"ExpansionArg_string":"<!-- TOC --> ","ExpansionArg_type_2":3,"ExpansionArg_string_2":"!0!","ExpansionArg_type_3":0,"_bound":40}'
*-- Test Case {"Switcher":false,"Target_Switch_Base":0,"ExpansionArg_type":3,"ExpansionArg_string":"","ExpansionArg_type_2":0,"ExpansionArg_type_3":2,"ExpansionArg_array_length":0,"_bound":9,"ExpansionArg_int":0} start 701.8336 took 9.5417s
*-- Errors occured in test {"Switcher":false,"Target_Switch_Base":0,"ExpansionArg_type":3,"ExpansionArg_string":"","ExpansionArg_type_2":0,"ExpansionArg_type_3":2,"ExpansionArg_array_length":0,"_bound":9,"ExpansionArg_int":0}
* Error: TypeError: Function.prototype.apply was called on 0, which is a number and not a function
*-- Replay with NO_COMPILE=1 expoSE replay '/home/blake/ExpoSE/lib/Harness/src/harness.js' '{"Switcher":false,"Target_Switch_Base":0,"ExpansionArg_type":3,"ExpansionArg_string":"","ExpansionArg_type_2":0,"ExpansionArg_type_3":2,"ExpansionArg_array_length":0,"_bound":9}'
*-- Test Case {"Switcher":false,"Target_Switch_Base":0,"ExpansionArg_type":3,"ExpansionArg_string":"","ExpansionArg_type_2":0,"ExpansionArg_type_3":1,"ExpansionArg_array_length":0,"_bound":8} start 704.6499 took 8.7845s
*-- Errors occured in test {"Switcher":false,"Target_Switch_Base":0,"ExpansionArg_type":3,"ExpansionArg_string":"","ExpansionArg_type_2":0,"ExpansionArg_type_3":1,"ExpansionArg_array_length":0,"_bound":8}
* Error: TypeError: Function.prototype.apply was called on null, which is a object and not a function
*-- Replay with NO_COMPILE=1 expoSE replay '/home/blake/ExpoSE/lib/Harness/src/harness.js' '{"Switcher":false,"Target_Switch_Base":0,"ExpansionArg_type":3,"ExpansionArg_string":"","ExpansionArg_type_2":0,"ExpansionArg_type_3":1,"ExpansionArg_array_length":0,"_bound":8}'
*-- Test Case {"Switcher":false,"Target_Switch_Base":0,"ExpansionArg_type":3,"ExpansionArg_string":"\u0000<!-- TOC -->","ExpansionArg_type_2":0,"ExpansionArg_type_3":5,"ExpansionArg_bool":false,"_bound":12} start 704.3399 took 13.0488s
*-- Errors occured in test {"Switcher":false,"Target_Switch_Base":0,"ExpansionArg_type":3,"ExpansionArg_string":"\u0000<!-- TOC -->","ExpansionArg_type_2":0,"ExpansionArg_type_3":5,"ExpansionArg_bool":false,"_bound":12}
* Error: TypeError: Function.prototype.apply was called on false, which is a boolean and not a function
*-- Replay with NO_COMPILE=1 expoSE replay '/home/blake/ExpoSE/lib/Harness/src/harness.js' '{"Switcher":false,"Target_Switch_Base":0,"ExpansionArg_type":3,"ExpansionArg_string":"\u0000<!-- TOC -->","ExpansionArg_type_2":0,"ExpansionArg_type_3":5,"ExpansionArg_bool":false,"_bound":12}'
*-- Test Case {"Switcher":false,"Target_Switch_Base":0,"ExpansionArg_type":3,"ExpansionArg_string":"<!-- TOC -->\t","ExpansionArg_type_2":3,"ExpansionArg_string_2":"!0!","ExpansionArg_type_3":0,"_bound":28} start 385.1997 took 332.7017s
*-- Errors occured in test {"Switcher":false,"Target_Switch_Base":0,"ExpansionArg_type":3,"ExpansionArg_string":"<!-- TOC -->\t","ExpansionArg_type_2":3,"ExpansionArg_string_2":"!0!","ExpansionArg_type_3":0,"_bound":28}
* Error: TypeError: Function.prototype.apply was called on undefined, which is a undefined and not a function
*-- Replay with NO_COMPILE=1 expoSE replay '/home/blake/ExpoSE/lib/Harness/src/harness.js' '{"Switcher":false,"Target_Switch_Base":0,"ExpansionArg_type":3,"ExpansionArg_string":"<!-- TOC -->\t","ExpansionArg_type_2":3,"ExpansionArg_string_2":"!0!","ExpansionArg_type_3":0,"_bound":28}'
*-- Test Case {"Switcher":false,"Target_Switch_Base":0,"ExpansionArg_type":3,"ExpansionArg_string":"\u0000<!-- TOC -->","ExpansionArg_type_2":0,"ExpansionArg_type_3":2,"ExpansionArg_int":0,"_bound":10} start 711.4843 took 18.4105s
*-- Errors occured in test {"Switcher":false,"Target_Switch_Base":0,"ExpansionArg_type":3,"ExpansionArg_string":"\u0000<!-- TOC -->","ExpansionArg_type_2":0,"ExpansionArg_type_3":2,"ExpansionArg_int":0,"_bound":10}
* Error: TypeError: Function.prototype.apply was called on 0, which is a number and not a function
*-- Replay with NO_COMPILE=1 expoSE replay '/home/blake/ExpoSE/lib/Harness/src/harness.js' '{"Switcher":false,"Target_Switch_Base":0,"ExpansionArg_type":3,"ExpansionArg_string":"\u0000<!-- TOC -->","ExpansionArg_type_2":0,"ExpansionArg_type_3":2,"ExpansionArg_int":0,"_bound":10}'
*-- Test Case {"Switcher":false,"Target_Switch_Base":0,"ExpansionArg_type":3,"ExpansionArg_string":"\u0000<!-- TOC -->","ExpansionArg_type_2":0,"ExpansionArg_type_3":1,"_bound":9} start 713.5448 took 23.5573s
*-- Errors occured in test {"Switcher":false,"Target_Switch_Base":0,"ExpansionArg_type":3,"ExpansionArg_string":"\u0000<!-- TOC -->","ExpansionArg_type_2":0,"ExpansionArg_type_3":1,"_bound":9}
* Error: TypeError: Function.prototype.apply was called on null, which is a object and not a function
*-- Replay with NO_COMPILE=1 expoSE replay '/home/blake/ExpoSE/lib/Harness/src/harness.js' '{"Switcher":false,"Target_Switch_Base":0,"ExpansionArg_type":3,"ExpansionArg_string":"\u0000<!-- TOC -->","ExpansionArg_type_2":0,"ExpansionArg_type_3":1,"_bound":9}'
*-- Test Case {"Switcher":false,"Target_Switch_Base":0,"ExpansionArg_type":3,"ExpansionArg_string":"<!-- TOC -->\u0000\u0000","ExpansionArg_type_2":4,"ExpansionArg_array_length":0,"ExpansionArg_type_3":0,"_bound":46} start 477.6568 took 313.6483s
*-- Errors occured in test {"Switcher":false,"Target_Switch_Base":0,"ExpansionArg_type":3,"ExpansionArg_string":"<!-- TOC -->\u0000\u0000","ExpansionArg_type_2":4,"ExpansionArg_array_length":0,"ExpansionArg_type_3":0,"_bound":46}
* Error: Exception E: SyntaxError: Unexpected end of JSON input of test data on 
* Error: Exception E: SyntaxError: Unexpected end of JSON input of coverage data on 
* Error: Error extracting final output - a fatal error must have occured
*-- Replay with NO_COMPILE=1 expoSE replay '/home/blake/ExpoSE/lib/Harness/src/harness.js' '{"Switcher":false,"Target_Switch_Base":0,"ExpansionArg_type":3,"ExpansionArg_string":"<!-- TOC -->\u0000\u0000","ExpansionArg_type_2":4,"ExpansionArg_array_length":0,"ExpansionArg_type_3":0,"_bound":46}'
*-- Test Case {"Switcher":false,"Target_Switch_Base":0,"ExpansionArg_type":3,"ExpansionArg_string":"<!-- TOC -->","ExpansionArg_type_2":3,"ExpansionArg_string_2":"!0!","ExpansionArg_type_3":0,"_bound":36} start 470.5772 took 327.4576s
*-- Errors occured in test {"Switcher":false,"Target_Switch_Base":0,"ExpansionArg_type":3,"ExpansionArg_string":"<!-- TOC -->","ExpansionArg_type_2":3,"ExpansionArg_string_2":"!0!","ExpansionArg_type_3":0,"_bound":36}
* Error: TypeError: Function.prototype.apply was called on undefined, which is a undefined and not a function
*-- Replay with NO_COMPILE=1 expoSE replay '/home/blake/ExpoSE/lib/Harness/src/harness.js' '{"Switcher":false,"Target_Switch_Base":0,"ExpansionArg_type":3,"ExpansionArg_string":"<!-- TOC -->","ExpansionArg_type_2":3,"ExpansionArg_string_2":"!0!","ExpansionArg_type_3":0,"_bound":36}'
*-- Test Case {"Switcher":false,"Target_Switch_Base":0,"ExpansionArg_type":3,"ExpansionArg_string":"<!-- TOC -->```\u0000\ns```","ExpansionArg_type_2":1,"ExpansionArg_type_3":0,"_bound":75} start 483.92 took 316.5636s
*-- Errors occured in test {"Switcher":false,"Target_Switch_Base":0,"ExpansionArg_type":3,"ExpansionArg_string":"<!-- TOC -->```\u0000\ns```","ExpansionArg_type_2":1,"ExpansionArg_type_3":0,"_bound":75}
* Error: TypeError: Function.prototype.apply was called on undefined, which is a undefined and not a function
*-- Replay with NO_COMPILE=1 expoSE replay '/home/blake/ExpoSE/lib/Harness/src/harness.js' '{"Switcher":false,"Target_Switch_Base":0,"ExpansionArg_type":3,"ExpansionArg_string":"<!-- TOC -->```\u0000\ns```","ExpansionArg_type_2":1,"ExpansionArg_type_3":0,"_bound":75}'
*-- Test Case {"Switcher":false,"Target_Switch_Base":0,"ExpansionArg_type":3,"ExpansionArg_string":"<!-- TOC -->\t","ExpansionArg_type_2":1,"ExpansionArg_type_3":0,"_bound":25} start 471.6136 took 330.4738s
*-- Errors occured in test {"Switcher":false,"Target_Switch_Base":0,"ExpansionArg_type":3,"ExpansionArg_string":"<!-- TOC -->\t","ExpansionArg_type_2":1,"ExpansionArg_type_3":0,"_bound":25}
* Error: TypeError: Function.prototype.apply was called on undefined, which is a undefined and not a function
*-- Replay with NO_COMPILE=1 expoSE replay '/home/blake/ExpoSE/lib/Harness/src/harness.js' '{"Switcher":false,"Target_Switch_Base":0,"ExpansionArg_type":3,"ExpansionArg_string":"<!-- TOC -->\t","ExpansionArg_type_2":1,"ExpansionArg_type_3":0,"_bound":25}'
*-- Test Case {"Switcher":false,"Target_Switch_Base":0,"ExpansionArg_type":3,"ExpansionArg_string":"\u0000<!-- TOC -->","ExpansionArg_type_2":1,"ExpansionArg_type_3":0,"_bound":29} start 471.0697 took 333.6283s
*-- Errors occured in test {"Switcher":false,"Target_Switch_Base":0,"ExpansionArg_type":3,"ExpansionArg_string":"\u0000<!-- TOC -->","ExpansionArg_type_2":1,"ExpansionArg_type_3":0,"_bound":29}
* Error: TypeError: Function.prototype.apply was called on undefined, which is a undefined and not a function
*-- Replay with NO_COMPILE=1 expoSE replay '/home/blake/ExpoSE/lib/Harness/src/harness.js' '{"Switcher":false,"Target_Switch_Base":0,"ExpansionArg_type":3,"ExpansionArg_string":"\u0000<!-- TOC -->","ExpansionArg_type_2":1,"ExpansionArg_type_3":0,"_bound":29}'
*-- Test Case {"Switcher":false,"Target_Switch_Base":0,"ExpansionArg_type":1,"ExpansionArg_type_2":2,"ExpansionArg_int":3,"ExpansionArg_type_3":4,"ExpansionArg_array_length":1,"ExpansionArg_array_element_0_type":0,"_bound":15} start 800.7126 took 12.4153s
*-- Errors occured in test {"Switcher":false,"Target_Switch_Base":0,"ExpansionArg_type":1,"ExpansionArg_type_2":2,"ExpansionArg_int":3,"ExpansionArg_type_3":4,"ExpansionArg_array_length":1,"ExpansionArg_array_element_0_type":0,"_bound":15}
* Error: TypeError: Function.prototype.apply was called on [object Array], which is a object and not a function
*-- Replay with NO_COMPILE=1 expoSE replay '/home/blake/ExpoSE/lib/Harness/src/harness.js' '{"Switcher":false,"Target_Switch_Base":0,"ExpansionArg_type":1,"ExpansionArg_type_2":2,"ExpansionArg_int":3,"ExpansionArg_type_3":4,"ExpansionArg_array_length":1,"ExpansionArg_array_element_0_type":0,"_bound":15}'
*-- Test Case {"Switcher":false,"Target_Switch_Base":0,"ExpansionArg_type":3,"ExpansionArg_string":"<!-- TOC -->    \u0000\n","ExpansionArg_type_2":1,"ExpansionArg_type_3":0,"_bound":50} start 487.0127 took 326.2687s
*-- Errors occured in test {"Switcher":false,"Target_Switch_Base":0,"ExpansionArg_type":3,"ExpansionArg_string":"<!-- TOC -->    \u0000\n","ExpansionArg_type_2":1,"ExpansionArg_type_3":0,"_bound":50}
* Error: TypeError: Function.prototype.apply was called on undefined, which is a undefined and not a function
*-- Replay with NO_COMPILE=1 expoSE replay '/home/blake/ExpoSE/lib/Harness/src/harness.js' '{"Switcher":false,"Target_Switch_Base":0,"ExpansionArg_type":3,"ExpansionArg_string":"<!-- TOC -->    \u0000\n","ExpansionArg_type_2":1,"ExpansionArg_type_3":0,"_bound":50}'
*-- Test Case {"Switcher":false,"Target_Switch_Base":0,"ExpansionArg_type":3,"ExpansionArg_string":"","ExpansionArg_type_2":2,"ExpansionArg_array_length":0,"ExpansionArg_type_3":0,"_bound":8,"ExpansionArg_int":0} start 804.8498 took 9.6913s
*-- Errors occured in test {"Switcher":false,"Target_Switch_Base":0,"ExpansionArg_type":3,"ExpansionArg_string":"","ExpansionArg_type_2":2,"ExpansionArg_array_length":0,"ExpansionArg_type_3":0,"_bound":8,"ExpansionArg_int":0}
* Error: TypeError: Function.prototype.apply was called on undefined, which is a undefined and not a function
*-- Replay with NO_COMPILE=1 expoSE replay '/home/blake/ExpoSE/lib/Harness/src/harness.js' '{"Switcher":false,"Target_Switch_Base":0,"ExpansionArg_type":3,"ExpansionArg_string":"","ExpansionArg_type_2":2,"ExpansionArg_array_length":0,"ExpansionArg_type_3":0,"_bound":8}'
*-- Test Case {"Switcher":false,"Target_Switch_Base":0,"ExpansionArg_type":3,"ExpansionArg_string":"<!-- TOC -->\n","ExpansionArg_type_2":1,"ExpansionArg_type_3":0,"_bound":42} start 488.4629 took 331.2154s
*-- Errors occured in test {"Switcher":false,"Target_Switch_Base":0,"ExpansionArg_type":3,"ExpansionArg_string":"<!-- TOC -->\n","ExpansionArg_type_2":1,"ExpansionArg_type_3":0,"_bound":42}
* Error: TypeError: Function.prototype.apply was called on undefined, which is a undefined and not a function
*-- Replay with NO_COMPILE=1 expoSE replay '/home/blake/ExpoSE/lib/Harness/src/harness.js' '{"Switcher":false,"Target_Switch_Base":0,"ExpansionArg_type":3,"ExpansionArg_string":"<!-- TOC -->\n","ExpansionArg_type_2":1,"ExpansionArg_type_3":0,"_bound":42}'
*-- Test Case {"Switcher":false,"Target_Switch_Base":0,"ExpansionArg_type":0,"ExpansionArg_type_2":3,"ExpansionArg_string":"","ExpansionArg_type_3":4,"_bound":7,"ExpansionArg_array_length":0} start 813.209 took 8.6859s
*-- Errors occured in test {"Switcher":false,"Target_Switch_Base":0,"ExpansionArg_type":0,"ExpansionArg_type_2":3,"ExpansionArg_string":"","ExpansionArg_type_3":4,"_bound":7,"ExpansionArg_array_length":0}
* Error: TypeError: Function.prototype.apply was called on [object Array], which is a object and not a function
*-- Replay with NO_COMPILE=1 expoSE replay '/home/blake/ExpoSE/lib/Harness/src/harness.js' '{"Switcher":false,"Target_Switch_Base":0,"ExpansionArg_type":0,"ExpansionArg_type_2":3,"ExpansionArg_string":"","ExpansionArg_type_3":4,"_bound":7}'
*-- Test Case {"Switcher":false,"Target_Switch_Base":0,"ExpansionArg_type":0,"ExpansionArg_type_2":4,"ExpansionArg_array_length":1,"ExpansionArg_type_3":0,"_bound":8,"ExpansionArg_array_element_0_type":0} start 813.3868 took 9.8954s
*-- Errors occured in test {"Switcher":false,"Target_Switch_Base":0,"ExpansionArg_type":0,"ExpansionArg_type_2":4,"ExpansionArg_array_length":1,"ExpansionArg_type_3":0,"_bound":8,"ExpansionArg_array_element_0_type":0}
* Error: TypeError: Function.prototype.apply was called on undefined, which is a undefined and not a function
*-- Replay with NO_COMPILE=1 expoSE replay '/home/blake/ExpoSE/lib/Harness/src/harness.js' '{"Switcher":false,"Target_Switch_Base":0,"ExpansionArg_type":0,"ExpansionArg_type_2":4,"ExpansionArg_array_length":1,"ExpansionArg_type_3":0,"_bound":8}'
*-- Test Case {"Switcher":false,"Target_Switch_Base":0,"ExpansionArg_type":3,"ExpansionArg_string":"\u0000<!-- TOC -->","ExpansionArg_type_2":2,"ExpansionArg_int":0,"ExpansionArg_type_3":0,"_bound":11} start 814.6692 took 13.541s
*-- Errors occured in test {"Switcher":false,"Target_Switch_Base":0,"ExpansionArg_type":3,"ExpansionArg_string":"\u0000<!-- TOC -->","ExpansionArg_type_2":2,"ExpansionArg_int":0,"ExpansionArg_type_3":0,"_bound":11}
* Error: TypeError: Function.prototype.apply was called on undefined, which is a undefined and not a function
*-- Replay with NO_COMPILE=1 expoSE replay '/home/blake/ExpoSE/lib/Harness/src/harness.js' '{"Switcher":false,"Target_Switch_Base":0,"ExpansionArg_type":3,"ExpansionArg_string":"\u0000<!-- TOC -->","ExpansionArg_type_2":2,"ExpansionArg_int":0,"ExpansionArg_type_3":0,"_bound":11}'
*-- Test Case {"Switcher":false,"Target_Switch_Base":0,"ExpansionArg_type":0,"ExpansionArg_type_2":3,"ExpansionArg_string":"","ExpansionArg_type_3":3,"ExpansionArg_array_length":0,"_bound":10,"ExpansionArg_string_2":"PureString"} start 823.3929 took 8.0418s
*-- Errors occured in test {"Switcher":false,"Target_Switch_Base":0,"ExpansionArg_type":0,"ExpansionArg_type_2":3,"ExpansionArg_string":"","ExpansionArg_type_3":3,"ExpansionArg_array_length":0,"_bound":10,"ExpansionArg_string_2":"PureString"}
* Error: TypeError: Function.prototype.apply was called on PureString, which is a string and not a function
*-- Replay with NO_COMPILE=1 expoSE replay '/home/blake/ExpoSE/lib/Harness/src/harness.js' '{"Switcher":false,"Target_Switch_Base":0,"ExpansionArg_type":0,"ExpansionArg_type_2":3,"ExpansionArg_string":"","ExpansionArg_type_3":3,"ExpansionArg_array_length":0,"_bound":10}'
*-- Test Case {"Switcher":false,"Target_Switch_Base":0,"ExpansionArg_type":3,"ExpansionArg_string":"\u0000<!-- TOC -->\u0000<!-- TOC END -->\u0000<!-- TOC END -->","ExpansionArg_type_2":5,"ExpansionArg_bool":false,"ExpansionArg_type_3":0,"_bound":14} start 509.0612 took 328.7791s
*-- Errors occured in test {"Switcher":false,"Target_Switch_Base":0,"ExpansionArg_type":3,"ExpansionArg_string":"\u0000<!-- TOC -->\u0000<!-- TOC END -->\u0000<!-- TOC END -->","ExpansionArg_type_2":5,"ExpansionArg_bool":false,"ExpansionArg_type_3":0,"_bound":14}
* Error: TypeError: Function.prototype.apply was called on undefined, which is a undefined and not a function
*-- Replay with NO_COMPILE=1 expoSE replay '/home/blake/ExpoSE/lib/Harness/src/harness.js' '{"Switcher":false,"Target_Switch_Base":0,"ExpansionArg_type":3,"ExpansionArg_string":"\u0000<!-- TOC -->\u0000<!-- TOC END -->\u0000<!-- TOC END -->","ExpansionArg_type_2":5,"ExpansionArg_bool":false,"ExpansionArg_type_3":0,"_bound":14}'
*-- Test Case {"Switcher":false,"Target_Switch_Base":0,"ExpansionArg_type":3,"ExpansionArg_string":"<!-- TOC -->\u0000","ExpansionArg_type_2":5,"ExpansionArg_bool":false,"ExpansionArg_type_3":0,"_bound":42} start 507.2175 took 333.1004s
*-- Errors occured in test {"Switcher":false,"Target_Switch_Base":0,"ExpansionArg_type":3,"ExpansionArg_string":"<!-- TOC -->\u0000","ExpansionArg_type_2":5,"ExpansionArg_bool":false,"ExpansionArg_type_3":0,"_bound":42}
* Error: Exception E: SyntaxError: Unexpected end of JSON input of test data on 
* Error: Exception E: SyntaxError: Unexpected end of JSON input of coverage data on 
* Error: Error extracting final output - a fatal error must have occured
*-- Replay with NO_COMPILE=1 expoSE replay '/home/blake/ExpoSE/lib/Harness/src/harness.js' '{"Switcher":false,"Target_Switch_Base":0,"ExpansionArg_type":3,"ExpansionArg_string":"<!-- TOC -->\u0000","ExpansionArg_type_2":5,"ExpansionArg_bool":false,"ExpansionArg_type_3":0,"_bound":42}'
*-- Test Case {"Switcher":false,"Target_Switch_Base":0,"ExpansionArg_type":0,"ExpansionArg_type_2":3,"ExpansionArg_string":"","ExpansionArg_type_3":2,"ExpansionArg_array_length":0,"_bound":9,"ExpansionArg_int":0} start 837.9694 took 10.3813s
*-- Errors occured in test {"Switcher":false,"Target_Switch_Base":0,"ExpansionArg_type":0,"ExpansionArg_type_2":3,"ExpansionArg_string":"","ExpansionArg_type_3":2,"ExpansionArg_array_length":0,"_bound":9,"ExpansionArg_int":0}
* Error: TypeError: Function.prototype.apply was called on 0, which is a number and not a function
*-- Replay with NO_COMPILE=1 expoSE replay '/home/blake/ExpoSE/lib/Harness/src/harness.js' '{"Switcher":false,"Target_Switch_Base":0,"ExpansionArg_type":0,"ExpansionArg_type_2":3,"ExpansionArg_string":"","ExpansionArg_type_3":2,"ExpansionArg_array_length":0,"_bound":9}'
*-- Test Case {"Switcher":false,"Target_Switch_Base":0,"ExpansionArg_type":0,"ExpansionArg_type_2":3,"ExpansionArg_string":"","ExpansionArg_type_3":1,"ExpansionArg_array_length":0,"_bound":8} start 840.3892 took 8.6986s
*-- Errors occured in test {"Switcher":false,"Target_Switch_Base":0,"ExpansionArg_type":0,"ExpansionArg_type_2":3,"ExpansionArg_string":"","ExpansionArg_type_3":1,"ExpansionArg_array_length":0,"_bound":8}
* Error: TypeError: Function.prototype.apply was called on null, which is a object and not a function
*-- Replay with NO_COMPILE=1 expoSE replay '/home/blake/ExpoSE/lib/Harness/src/harness.js' '{"Switcher":false,"Target_Switch_Base":0,"ExpansionArg_type":0,"ExpansionArg_type_2":3,"ExpansionArg_string":"","ExpansionArg_type_3":1,"ExpansionArg_array_length":0,"_bound":8}'
*-- Test Case {"Switcher":false,"Target_Switch_Base":0,"ExpansionArg_type":3,"ExpansionArg_string":"","ExpansionArg_type_2":0,"ExpansionArg_type_3":3,"ExpansionArg_array_length":0,"_bound":10,"ExpansionArg_string_2":"PureString"} start 849.2612 took 11.3326s
*-- Errors occured in test {"Switcher":false,"Target_Switch_Base":0,"ExpansionArg_type":3,"ExpansionArg_string":"","ExpansionArg_type_2":0,"ExpansionArg_type_3":3,"ExpansionArg_array_length":0,"_bound":10,"ExpansionArg_string_2":"PureString"}
* Error: TypeError: Function.prototype.apply was called on PureString, which is a string and not a function
*-- Replay with NO_COMPILE=1 expoSE replay '/home/blake/ExpoSE/lib/Harness/src/harness.js' '{"Switcher":false,"Target_Switch_Base":0,"ExpansionArg_type":3,"ExpansionArg_string":"","ExpansionArg_type_2":0,"ExpansionArg_type_3":3,"ExpansionArg_array_length":0,"_bound":10}'
*-- Test Case {"Switcher":false,"Target_Switch_Base":0,"ExpansionArg_type":3,"ExpansionArg_string":"\u0000<!-- TOC -->","ExpansionArg_type_2":0,"ExpansionArg_type_3":3,"ExpansionArg_string_2":"","_bound":11} start 860.7644 took 15.7281s
*-- Errors occured in test {"Switcher":false,"Target_Switch_Base":0,"ExpansionArg_type":3,"ExpansionArg_string":"\u0000<!-- TOC -->","ExpansionArg_type_2":0,"ExpansionArg_type_3":3,"ExpansionArg_string_2":"","_bound":11}
* Error: TypeError: Function.prototype.apply was called on , which is a string and not a function
*-- Replay with NO_COMPILE=1 expoSE replay '/home/blake/ExpoSE/lib/Harness/src/harness.js' '{"Switcher":false,"Target_Switch_Base":0,"ExpansionArg_type":3,"ExpansionArg_string":"\u0000<!-- TOC -->","ExpansionArg_type_2":0,"ExpansionArg_type_3":3,"ExpansionArg_string_2":"","_bound":11}'
*-- Coverage Data
*- File /home/blake/ExpoSE/lib/Harness/src/harness.js. Coverage (Term): 81% Coverage (LOC): 86%
*- File /home/blake/ExpoSE/lib/S$/bin/symbols.js. Coverage (Term): 51% Coverage (LOC): 66%
*- File /home/blake/Targets/toc-md/node_modules/toc-md/lib/index.js. Coverage (Term): 84% Coverage (LOC): 90%
*- File /home/blake/Targets/toc-md/node_modules/toc-md/lib/api.js. Coverage (Term): 98% Coverage (LOC): 100%
*- File /home/blake/Targets/toc-md/node_modules/toc-md/lib/generate.js. Coverage (Term): 90% Coverage (LOC): 90%
*- File /home/blake/Targets/toc-md/node_modules/marked/lib/marked.js. Coverage (Term): 24% Coverage (LOC): 35%
*- File /home/blake/Targets/toc-md/node_modules/toc-md/lib/toc.js. Coverage (Term): 42% Coverage (LOC): 45%
*- File /home/blake/Targets/toc-md/node_modules/inherit/index.js. Coverage (Term): 95% Coverage (LOC): 100%
*- File /home/blake/Targets/toc-md/node_modules/inherit/lib/inherit.js. Coverage (Term): 33% Coverage (LOC): 42%
*- File /home/blake/Targets/toc-md/node_modules/toc-md/lib/utils.js. Coverage (Term): 17% Coverage (LOC): 28%
*- File /home/blake/Targets/toc-md/node_modules/lodash/index.js. Coverage (Term): 20% Coverage (LOC): 31%
*- File /home/blake/Targets/toc-md/node_modules/parse5/lib/index.js. Coverage (Term): 48% Coverage (LOC): 61%
*- File /home/blake/Targets/toc-md/node_modules/parse5/lib/parser/index.js. Coverage (Term): 19% Coverage (LOC): 25%
*- File /home/blake/Targets/toc-md/node_modules/parse5/lib/tokenizer/index.js. Coverage (Term): 13% Coverage (LOC): 20%
*- File /home/blake/Targets/toc-md/node_modules/parse5/lib/tokenizer/preprocessor.js. Coverage (Term): 16% Coverage (LOC): 28%
*- File /home/blake/Targets/toc-md/node_modules/parse5/lib/common/unicode.js. Coverage (Term): 99% Coverage (LOC): 100%
*- File /home/blake/Targets/toc-md/node_modules/parse5/lib/location_info/tokenizer_mixin.js. Coverage (Term): 6% Coverage (LOC): 7%
*- File /home/blake/Targets/toc-md/node_modules/parse5/lib/tokenizer/named_entity_trie.js. Coverage (Term): 100% Coverage (LOC): 100%
*- File /home/blake/Targets/toc-md/node_modules/parse5/lib/parser/open_element_stack.js. Coverage (Term): 11% Coverage (LOC): 26%
*- File /home/blake/Targets/toc-md/node_modules/parse5/lib/common/html.js. Coverage (Term): 100% Coverage (LOC): 100%
*- File /home/blake/Targets/toc-md/node_modules/parse5/lib/parser/formatting_element_list.js. Coverage (Term): 12% Coverage (LOC): 23%
*- File /home/blake/Targets/toc-md/node_modules/parse5/lib/location_info/parser_mixin.js. Coverage (Term): 6% Coverage (LOC): 7%
*- File /home/blake/Targets/toc-md/node_modules/parse5/lib/tree_adapters/default.js. Coverage (Term): 21% Coverage (LOC): 42%
*- File /home/blake/Targets/toc-md/node_modules/parse5/lib/common/doctype.js. Coverage (Term): 39% Coverage (LOC): 74%
*- File /home/blake/Targets/toc-md/node_modules/parse5/lib/common/foreign_content.js. Coverage (Term): 61% Coverage (LOC): 86%
*- File /home/blake/Targets/toc-md/node_modules/parse5/lib/common/merge_options.js. Coverage (Term): 27% Coverage (LOC): 36%
*- File /home/blake/Targets/toc-md/node_modules/parse5/lib/serializer/index.js. Coverage (Term): 15% Coverage (LOC): 27%
*- File /home/blake/Targets/toc-md/node_modules/parse5/lib/tree_adapters/htmlparser2.js. Coverage (Term): 19% Coverage (LOC): 36%
*- File /home/blake/Targets/toc-md/node_modules/parse5/lib/parser/stream.js. Coverage (Term): 25% Coverage (LOC): 37%
*- File /home/blake/Targets/toc-md/node_modules/parse5/lib/serializer/stream.js. Coverage (Term): 49% Coverage (LOC): 50%
*- File /home/blake/Targets/toc-md/node_modules/parse5/lib/sax/index.js. Coverage (Term): 24% Coverage (LOC): 31%
*- File /home/blake/Targets/toc-md/node_modules/parse5/lib/sax/dev_null_stream.js. Coverage (Term): 69% Coverage (LOC): 82%
*- File /home/blake/Targets/toc-md/node_modules/parse5/lib/sax/parser_feedback_simulator.js. Coverage (Term): 18% Coverage (LOC): 27%
*- File /home/blake/Targets/toc-md/node_modules/toc-md/lib/defaults.js. Coverage (Term): 97% Coverage (LOC): 100%
*- Re-run with EXPOSE_PRINT_COVERAGE=1 to print line by line coverage information
** ExpoSE Finished. 192 paths with 191 errors **
