/root/Targets/todo-format
└─┬ todo-format@0.2.1 
  ├─┬ chalk@0.5.1 
  │ ├── ansi-styles@1.1.0 
  │ ├── escape-string-regexp@1.0.5 
  │ ├─┬ has-ansi@0.1.0 
  │ │ └── ansi-regex@0.2.1 
  │ ├── strip-ansi@0.3.0 
  │ └── supports-color@0.2.0 
  ├── check-types@1.4.0 
  ├── console.json@0.1.2 
  ├─┬ optimist@0.6.1 
  │ ├── minimist@0.0.10 
  │ └── wordwrap@0.0.3 
  └── string@3.0.0 

Setup Done exists, not setting up
:../FeatureTester/libs/:/root/Targets/todo-format/node_modules
Set Default Z3_PATH to ./node_modules/z3javascript/bin/libz3.so
ExpoSE Master: /root/ExpoSE/lib/Harness/src/harness.js max concurrent: 16 max paths: 1000000
Setting timeout to 900000
*** [0 done /0 queued / 1 running / 0 errors / 0% coverage ] ****** [0 done /0 queued / 1 running / 0 errors / 0% coverage ] ****** [1 done /0 queued / 0 running / 1 errors / 33% coverage ] ***
*-- Stat Module Output --*
*-- concretizations: ["defineProperty","bound log"]
*-- Stat Module Done --*
*-- Test Case {"_bound":0} start 0.0372 took 3.8553s
*-- Errors occured in test {"_bound":0}
* Error: Tropigate failed because SyntaxError: Unexpected character '#' (1:78) on program #!/usr/bin/env node

require('console.json');
var argv = require('optimist').boolean(['j', 'json']).argv;
var check = require('check-types');
var chalk = require('chalk');

var exists = require('fs').existsSync;
var read = require('fs').readFileSync;
var checkTodos = require('./src/todo-format');
check.verify.fn(checkTodos, 'missing check todos function');
var pkg = require('./package.json');

var filename = argv._[0];
if (!check.unemptyString(filename)) {
  console.error('usage', pkg.name, '<input filename>');
  process.exit(-1);
}
if (!exists(filename)) {
  console.error(chalk.red('could not find file', filename));
  process.exit(-1);
}

var outputJson = argv.j || argv.json;

var content = read(filename, 'utf-8');
var errors = checkTodos({
  content: content,
  verbose: !outputJson,
  filename: filename
});

if (outputJson) {
  console.json(errors);
}
process.exit(errors.length);
 at SyntaxError: Unexpected character '#' (1:78)
    at Parser.pp$4.raise (/root/ExpoSE/lib/Tropigate/node_modules/acorn/dist/acorn.js:2221:15)
    at Parser.pp$7.getTokenFromCode (/root/ExpoSE/lib/Tropigate/node_modules/acorn/dist/acorn.js:2756:10)
    at Parser.pp$7.readToken (/root/ExpoSE/lib/Tropigate/node_modules/acorn/dist/acorn.js:2477:17)
    at Parser.readToken (/root/ExpoSE/lib/Tropigate/bin/Tokens.js:124:26)
    at Parser.pp$7.nextToken (/root/ExpoSE/lib/Tropigate/node_modules/acorn/dist/acorn.js:2468:15)
    at Parser.pp$7.next (/root/ExpoSE/lib/Tropigate/node_modules/acorn/dist/acorn.js:2413:10)
    at Parser.pp.eat (/root/ExpoSE/lib/Tropigate/node_modules/acorn/dist/acorn.js:536:12)
    at Parser.pp.semicolon (/root/ExpoSE/lib/Tropigate/node_modules/acorn/dist/acorn.js:581:15)
    at Parser.pp$1.parseVarStatement (/root/ExpoSE/lib/Tropigate/node_modules/acorn/dist/acorn.js:918:10)
    at Parser.pp$1.parseStatement (/root/ExpoSE/lib/Tropigate/node_modules/acorn/dist/acorn.js:706:19)
*-- Replay with NO_COMPILE=1 expoSE replay '/root/ExpoSE/lib/Harness/src/harness.js' '{"_bound":0}'
*-- Coverage Data
*- File /root/ExpoSE/lib/Harness/src/harness.js. Coverage (Term): 18% Coverage (LOC): 24%
*- File /root/ExpoSE/lib/S$/bin/symbols.js. Coverage (Term): 16% Coverage (LOC): 34%
*- Re-run with EXPOSE_PRINT_COVERAGE=1 to print line by line coverage information
** ExpoSE Finished. 1 paths with 1 errors **
