/root/Targets/tokei
└── tokei@0.3.5 

Setup Done exists, not setting up
:../FeatureTester/libs/:/root/Targets/tokei/node_modules
Set Default Z3_PATH to ./node_modules/z3javascript/bin/libz3.so
ExpoSE Master: /root/ExpoSE/lib/Harness/src/harness.js max concurrent: 16 max paths: 1000000
Setting timeout to 900000
*** [0 done /0 queued / 1 running / 0 errors / 0% coverage ] ****** [0 done /0 queued / 1 running / 0 errors / 0% coverage ] ****** [1 done /2 queued / 1 running / 0 errors / 95% coverage ] ****** [1 done /1 queued / 2 running / 0 errors / 95% coverage ] ****** [1 done /0 queued / 3 running / 0 errors / 95% coverage ] ****** [1 done /0 queued / 3 running / 0 errors / 95% coverage ] ****** [2 done /1 queued / 3 running / 0 errors / 95% coverage ] ****** [2 done /0 queued / 4 running / 0 errors / 95% coverage ] ****** [2 done /0 queued / 4 running / 0 errors / 95% coverage ] ****** [3 done /0 queued / 4 running / 0 errors / 95% coverage ] ****** [3 done /0 queued / 4 running / 0 errors / 95% coverage ] ****** [4 done /4 queued / 4 running / 1 errors / 96% coverage ] ****** [4 done /3 queued / 5 running / 1 errors / 96% coverage ] ****** [4 done /2 queued / 6 running / 1 errors / 96% coverage ] ****** [4 done /1 queued / 7 running / 1 errors / 96% coverage ] ****** [4 done /0 queued / 8 running / 1 errors / 96% coverage ] ****** [4 done /0 queued / 8 running / 1 errors / 96% coverage ] ****** [5 done /2 queued / 8 running / 1 errors / 96% coverage ] ****** [5 done /1 queued / 9 running / 1 errors / 96% coverage ] ****** [5 done /0 queued / 10 running / 1 errors / 96% coverage ] ****** [5 done /0 queued / 10 running / 1 errors / 96% coverage ] ****** [6 done /3 queued / 10 running / 2 errors / 96% coverage ] ****** [6 done /2 queued / 11 running / 2 errors / 96% coverage ] ****** [6 done /1 queued / 12 running / 2 errors / 96% coverage ] ****** [6 done /0 queued / 13 running / 2 errors / 96% coverage ] ****** [6 done /0 queued / 13 running / 2 errors / 96% coverage ] ****** [7 done /2 queued / 13 running / 3 errors / 96% coverage ] ****** [7 done /1 queued / 14 running / 3 errors / 96% coverage ] ****** [7 done /0 queued / 15 running / 3 errors / 96% coverage ] ****** [7 done /0 queued / 15 running / 3 errors / 96% coverage ] ****** [8 done /0 queued / 14 running / 3 errors / 96% coverage ] ****** [9 done /0 queued / 14 running / 4 errors / 96% coverage ] ****** [9 done /0 queued / 14 running / 4 errors / 96% coverage ] ****** [10 done /4 queued / 14 running / 5 errors / 96% coverage ] ****** [10 done /3 queued / 15 running / 5 errors / 96% coverage ] ****** [10 done /2 queued / 16 running / 5 errors / 96% coverage ] ****** [10 done /2 queued / 16 running / 5 errors / 96% coverage ] ****** [11 done /3 queued / 16 running / 6 errors / 96% coverage ] ****** [11 done /3 queued / 16 running / 6 errors / 96% coverage ] ****** [12 done /3 queued / 16 running / 6 errors / 96% coverage ] ****** [12 done /3 queued / 16 running / 6 errors / 96% coverage ] ***
*-- Stat Module Output --*
*-- concretizations: ["defineProperty","bound log","for","freeze","create","random","RegExp","call","charCodeAt","toString","apply","bound ","bound tokei","now","Date","getTime","isNaN","isFrozen","join","bound hooks","floor","ceil","round","bound calendar$1","setHours","setMinutes","setSeconds","setMilliseconds"]
*-- Stat Module Done --*
*-- Test Case {"_bound":0,"Switcher":false,"Target_Switch_Base":0,"ExpansionArg_type":0,"ExpandedSwitcher":0} start 0.0468 took 268.2551s
*-- Test Case {"Switcher":false,"Target_Switch_Base":1,"ExpansionArg_type":0,"ExpandedSwitcher":0,"_bound":2} start 272.8052 took 262.8226s
*-- Test Case {"Switcher":false,"Target_Switch_Base":0,"ExpansionArg_type":1,"ExpandedSwitcher":0,"_bound":3} start 275.7377 took 268.3882s
*-- Test Case {"Switcher":true,"Target_Switch_Base":0,"ExpansionArg_type":0,"ExpandedSwitcher":0,"_bound":1,"Target_Switcher":0,"ExpansionArg_type_2":0,"ExpansionArg_type_3":0} start 274.1293 took 276.5823s
*-- Errors occured in test {"Switcher":true,"Target_Switch_Base":0,"ExpansionArg_type":0,"ExpandedSwitcher":0,"_bound":1,"Target_Switcher":0,"ExpansionArg_type_2":0,"ExpansionArg_type_3":0}
* Error: TypeError: Function.prototype.apply was called on undefined, which is a undefined and not a function
*-- Replay with NO_COMPILE=1 expoSE replay '/root/ExpoSE/lib/Harness/src/harness.js' '{"Switcher":true,"Target_Switch_Base":0,"ExpansionArg_type":0,"ExpandedSwitcher":0,"_bound":1}'
*-- Test Case {"Switcher":false,"Target_Switch_Base":1,"ExpansionArg_type":2,"ExpandedSwitcher":0,"_bound":4,"ExpansionArg_int":0} start 540.0143 took 226.6543s
*-- Test Case {"Switcher":false,"Target_Switch_Base":2,"ExpansionArg_type":0,"ExpandedSwitcher":0,"_bound":3,"ExpansionArg_type_2":0} start 541.4864 took 235.3323s
*-- Errors occured in test {"Switcher":false,"Target_Switch_Base":2,"ExpansionArg_type":0,"ExpandedSwitcher":0,"_bound":3,"ExpansionArg_type_2":0}
* Error: TypeError: Function.prototype.apply was called on undefined, which is a undefined and not a function
*-- Replay with NO_COMPILE=1 expoSE replay '/root/ExpoSE/lib/Harness/src/harness.js' '{"Switcher":false,"Target_Switch_Base":2,"ExpansionArg_type":0,"ExpandedSwitcher":0,"_bound":3}'
*-- Test Case {"Switcher":true,"ExpansionArg_type":0,"Target_Switcher":0,"ExpandedSwitcher":1,"ExpansionArg_type_2":0,"ExpansionArg_type_3":0,"_bound":4} start 559.0028 took 233.7842s
*-- Errors occured in test {"Switcher":true,"ExpansionArg_type":0,"Target_Switcher":0,"ExpandedSwitcher":1,"ExpansionArg_type_2":0,"ExpansionArg_type_3":0,"_bound":4}
* Error: TypeError: Function.prototype.apply was called on undefined, which is a undefined and not a function
*-- Replay with NO_COMPILE=1 expoSE replay '/root/ExpoSE/lib/Harness/src/harness.js' '{"Switcher":true,"ExpansionArg_type":0,"Target_Switcher":0,"ExpandedSwitcher":1,"ExpansionArg_type_2":0,"ExpansionArg_type_3":0,"_bound":4}'
*-- Test Case {"Switcher":true,"ExpansionArg_type":0,"Target_Switcher":1,"ExpandedSwitcher":0,"ExpansionArg_type_2":0,"ExpansionArg_type_3":0,"_bound":3} start 555.1097 took 250.6263s
*-- Test Case {"Switcher":true,"ExpansionArg_type":0,"Target_Switcher":0,"ExpandedSwitcher":0,"ExpansionArg_type_2":0,"ExpansionArg_type_3":1,"_bound":6} start 560.2721 took 245.4641s
*-- Errors occured in test {"Switcher":true,"ExpansionArg_type":0,"Target_Switcher":0,"ExpandedSwitcher":0,"ExpansionArg_type_2":0,"ExpansionArg_type_3":1,"_bound":6}
* Error: TypeError: Function.prototype.apply was called on undefined, which is a undefined and not a function
*-- Replay with NO_COMPILE=1 expoSE replay '/root/ExpoSE/lib/Harness/src/harness.js' '{"Switcher":true,"ExpansionArg_type":0,"Target_Switcher":0,"ExpandedSwitcher":0,"ExpansionArg_type_2":0,"ExpansionArg_type_3":1,"_bound":6}'
*-- Test Case {"Switcher":true,"ExpansionArg_type":1,"Target_Switcher":0,"ExpandedSwitcher":0,"ExpansionArg_type_2":0,"ExpansionArg_type_3":0,"_bound":2} start 556.2608 took 298.4997s
*-- Errors occured in test {"Switcher":true,"ExpansionArg_type":1,"Target_Switcher":0,"ExpandedSwitcher":0,"ExpansionArg_type_2":0,"ExpansionArg_type_3":0,"_bound":2}
* Error: TypeError: Function.prototype.apply was called on undefined, which is a undefined and not a function
*-- Replay with NO_COMPILE=1 expoSE replay '/root/ExpoSE/lib/Harness/src/harness.js' '{"Switcher":true,"ExpansionArg_type":1,"Target_Switcher":0,"ExpandedSwitcher":0,"ExpansionArg_type_2":0,"ExpansionArg_type_3":0,"_bound":2}'
*-- Test Case {"Switcher":true,"ExpansionArg_type":0,"Target_Switcher":0,"ExpandedSwitcher":0,"ExpansionArg_type_2":1,"ExpansionArg_type_3":0,"_bound":5} start 557.54 took 312.0525s
*-- Errors occured in test {"Switcher":true,"ExpansionArg_type":0,"Target_Switcher":0,"ExpandedSwitcher":0,"ExpansionArg_type_2":1,"ExpansionArg_type_3":0,"_bound":5}
* Error: TypeError: Function.prototype.apply was called on undefined, which is a undefined and not a function
*-- Replay with NO_COMPILE=1 expoSE replay '/root/ExpoSE/lib/Harness/src/harness.js' '{"Switcher":true,"ExpansionArg_type":0,"Target_Switcher":0,"ExpandedSwitcher":0,"ExpansionArg_type_2":1,"ExpansionArg_type_3":0,"_bound":5}'
*-- Test Case {"Switcher":false,"Target_Switch_Base":0,"ExpansionArg_type":2,"ExpandedSwitcher":0,"_bound":4,"ExpansionArg_int":0} start 548.1023 took 321.4834s
*-- Coverage Data
*- File /root/ExpoSE/lib/Harness/src/harness.js. Coverage (Term): 96% Coverage (LOC): 97%
*- File /root/ExpoSE/lib/S$/bin/symbols.js. Coverage (Term): 24% Coverage (LOC): 42%
*- File /root/Targets/tokei/node_modules/tokei/src/index.js. Coverage (Term): 68% Coverage (LOC): 84%
*- File /root/Targets/tokei/node_modules/intl/index.js. Coverage (Term): 75% Coverage (LOC): 78%
*- File /root/Targets/tokei/node_modules/intl/lib/core.js. Coverage (Term): 19% Coverage (LOC): 47%
*- File /root/Targets/tokei/node_modules/intl/locale-data/complete.js. Coverage (Term): 100% Coverage (LOC): 100%
*- File /root/Targets/tokei/node_modules/moment-timezone/index.js. Coverage (Term): 97% Coverage (LOC): 100%
*- File /root/Targets/tokei/node_modules/moment-timezone/moment-timezone.js. Coverage (Term): 34% Coverage (LOC): 41%
*- File /root/Targets/tokei/node_modules/moment/moment.js. Coverage (Term): 30% Coverage (LOC): 46%
*- Re-run with EXPOSE_PRINT_COVERAGE=1 to print line by line coverage information
** ExpoSE Finished. 12 paths with 6 errors **
