/root/Targets/trumpjs
└─┬ trumpjs@0.9.2 
  └─┬ escodegen@1.9.0 
    ├── esprima@3.1.3 
    ├── estraverse@4.2.0 
    ├── esutils@2.0.2 
    ├─┬ optionator@0.8.2 
    │ ├── deep-is@0.1.3 
    │ ├── fast-levenshtein@2.0.6 
    │ ├── levn@0.3.0 
    │ ├── prelude-ls@1.1.2 
    │ ├── type-check@0.3.2 
    │ └── wordwrap@1.0.0 
    └── source-map@0.5.7 

Setup Done exists, not setting up
:../FeatureTester/libs/:/root/Targets/trumpjs/node_modules
Set Default Z3_PATH to ./node_modules/z3javascript/bin/libz3.so
ExpoSE Master: /root/ExpoSE/lib/Harness/src/harness.js max concurrent: 16 max paths: 1000000
Setting timeout to 900000
*** [0 done /0 queued / 1 running / 0 errors / 0% coverage ] ****** [0 done /0 queued / 1 running / 0 errors / 0% coverage ] ****** [1 done /1 queued / 1 running / 1 errors / 16% coverage ] ****** [1 done /0 queued / 2 running / 1 errors / 16% coverage ] ****** [1 done /0 queued / 2 running / 1 errors / 16% coverage ] ****** [2 done /0 queued / 2 running / 2 errors / 16% coverage ] ****** [2 done /0 queued / 2 running / 2 errors / 16% coverage ] ****** [3 done /0 queued / 1 running / 2 errors / 16% coverage ] ****** [4 done /0 queued / 1 running / 3 errors / 21% coverage ] ****** [4 done /0 queued / 1 running / 3 errors / 21% coverage ] ****** [5 done /0 queued / 0 running / 4 errors / 21% coverage ] ***
*-- Stat Module Output --*
*-- concretizations: ["defineProperty","bound log","freeze","toString","apply","bound "]
*-- Stat Module Done --*
*-- Test Case {"_bound":0,"Switcher":false,"Target_Switch_Base":0,"ExpansionArg_type":0} start 0.0644 took 6.3972s
*-- Errors occured in test {"_bound":0,"Switcher":false,"Target_Switch_Base":0,"ExpansionArg_type":0}
* Error: TypeError: Cannot read property 'length' of undefined
*-- Replay with NO_COMPILE=1 expoSE replay '/root/ExpoSE/lib/Harness/src/harness.js' '{"_bound":0}'
*-- Test Case {"Switcher":false,"Target_Switch_Base":0,"ExpansionArg_type":1,"_bound":2} start 6.5801 took 6.7048s
*-- Errors occured in test {"Switcher":false,"Target_Switch_Base":0,"ExpansionArg_type":1,"_bound":2}
* Error: TypeError: Cannot read property 'length' of null
*-- Replay with NO_COMPILE=1 expoSE replay '/root/ExpoSE/lib/Harness/src/harness.js' '{"Switcher":false,"Target_Switch_Base":0,"ExpansionArg_type":1,"_bound":2}'
*-- Test Case {"Switcher":false,"Target_Switch_Base":1,"ExpansionArg_type":0,"_bound":1} start 6.5594 took 7.0162s
*-- Test Case {"Switcher":false,"Target_Switch_Base":0,"ExpansionArg_type":2,"_bound":3,"ExpansionArg_int":0} start 13.3159 took 7.1605s
*-- Errors occured in test {"Switcher":false,"Target_Switch_Base":0,"ExpansionArg_type":2,"_bound":3,"ExpansionArg_int":0}
* Error: [object Object]
*-- Replay with NO_COMPILE=1 expoSE replay '/root/ExpoSE/lib/Harness/src/harness.js' '{"Switcher":false,"Target_Switch_Base":0,"ExpansionArg_type":2,"_bound":3}'
*-- Test Case {"Switcher":false,"Target_Switch_Base":0,"ExpansionArg_type":3,"ExpansionArg_int":0,"_bound":4} start 20.5109 took 7.3546s
*-- Errors occured in test {"Switcher":false,"Target_Switch_Base":0,"ExpansionArg_type":3,"ExpansionArg_int":0,"_bound":4}
* Error: Exception E: SyntaxError: Unexpected end of JSON input of test data on 
* Error: Exception E: SyntaxError: Unexpected end of JSON input of coverage data on 
* Error: Error extracting final output - a fatal error must have occured
*-- Replay with NO_COMPILE=1 expoSE replay '/root/ExpoSE/lib/Harness/src/harness.js' '{"Switcher":false,"Target_Switch_Base":0,"ExpansionArg_type":3,"ExpansionArg_int":0,"_bound":4}'
*-- Coverage Data
*- File /root/ExpoSE/lib/Harness/src/harness.js. Coverage (Term): 81% Coverage (LOC): 86%
*- File /root/ExpoSE/lib/S$/bin/symbols.js. Coverage (Term): 23% Coverage (LOC): 41%
*- File /root/Targets/trumpjs/node_modules/trumpjs/esprima.js. Coverage (Term): 13% Coverage (LOC): 16%
*- Re-run with EXPOSE_PRINT_COVERAGE=1 to print line by line coverage information
** ExpoSE Finished. 5 paths with 4 errors **
