/root/Targets/ut-port-http
├── UNMET PEER DEPENDENCY ut-bus@^5.9.0
└─┬ ut-port-http@6.5.0 
  ├── browser-request@0.3.3 
  ├── lodash.assign@4.2.0 
  ├─┬ request@2.79.0 
  │ ├── aws-sign2@0.6.0 
  │ ├── aws4@1.6.0 
  │ ├── caseless@0.11.0 
  │ ├─┬ combined-stream@1.0.5 
  │ │ └── delayed-stream@1.0.0 
  │ ├── extend@3.0.1 
  │ ├── forever-agent@0.6.1 
  │ ├─┬ form-data@2.1.4 
  │ │ └── asynckit@0.4.0 
  │ ├─┬ har-validator@2.0.6 
  │ │ ├─┬ chalk@1.1.3 
  │ │ │ ├── ansi-styles@2.2.1 
  │ │ │ ├── escape-string-regexp@1.0.5 
  │ │ │ ├─┬ has-ansi@2.0.0 
  │ │ │ │ └── ansi-regex@2.1.1 
  │ │ │ ├── strip-ansi@3.0.1 
  │ │ │ └── supports-color@2.0.0 
  │ │ ├── commander@2.11.0 
  │ │ ├─┬ is-my-json-valid@2.16.1 
  │ │ │ ├── generate-function@2.0.0 
  │ │ │ ├─┬ generate-object-property@1.2.0 
  │ │ │ │ └── is-property@1.0.2 
  │ │ │ ├── jsonpointer@4.0.1 
  │ │ │ └── xtend@4.0.1 
  │ │ └─┬ pinkie-promise@2.0.1 
  │ │   └── pinkie@2.0.4 
  │ ├─┬ hawk@3.1.3 
  │ │ ├── boom@2.10.1 
  │ │ ├── cryptiles@2.0.5 
  │ │ ├── hoek@2.16.3 
  │ │ └── sntp@1.0.9 
  │ ├─┬ http-signature@1.1.1 
  │ │ ├── assert-plus@0.2.0 
  │ │ ├─┬ jsprim@1.4.1 
  │ │ │ ├── assert-plus@1.0.0 
  │ │ │ ├── extsprintf@1.3.0 
  │ │ │ ├── json-schema@0.2.3 
  │ │ │ └─┬ verror@1.10.0 
  │ │ │   ├── assert-plus@1.0.0 
  │ │ │   └── core-util-is@1.0.2 
  │ │ └─┬ sshpk@1.13.1 
  │ │   ├── asn1@0.2.3 
  │ │   ├── assert-plus@1.0.0 
  │ │   ├── bcrypt-pbkdf@1.0.1 
  │ │   ├─┬ dashdash@1.14.1 
  │ │   │ └── assert-plus@1.0.0 
  │ │   ├── ecc-jsbn@0.1.1 
  │ │   ├─┬ getpass@0.1.7 
  │ │   │ └── assert-plus@1.0.0 
  │ │   ├── jsbn@0.1.1 
  │ │   └── tweetnacl@0.14.5 
  │ ├── is-typedarray@1.0.0 
  │ ├── isstream@0.1.2 
  │ ├── json-stringify-safe@5.0.1 
  │ ├─┬ mime-types@2.1.17 
  │ │ └── mime-db@1.30.0 
  │ ├── oauth-sign@0.8.2 
  │ ├── qs@6.3.2 
  │ ├── stringstream@0.0.5 
  │ ├─┬ tough-cookie@2.3.3 
  │ │ └── punycode@1.4.1 
  │ ├── tunnel-agent@0.4.3 
  │ └── uuid@3.1.0 
  ├─┬ timers-browserify@2.0.2 
  │ └── setimmediate@1.0.5 
  ├── ut-error@5.4.9 
  ├── when@3.7.7 
  └─┬ xml2js@0.4.17 
    ├── sax@1.2.4 
    └─┬ xmlbuilder@4.2.1 
      └── lodash@4.17.4 

Setup Done exists, not setting up
:../FeatureTester/libs/:/root/Targets/ut-port-http/node_modules
Set Default Z3_PATH to ./node_modules/z3javascript/bin/libz3.so
ExpoSE Master: /root/ExpoSE/lib/Harness/src/harness.js max concurrent: 16 max paths: 1000000
Setting timeout to 900000
*** [0 done /0 queued / 1 running / 0 errors / 0% coverage ] ****** [0 done /0 queued / 1 running / 0 errors / 0% coverage ] ****** [1 done /0 queued / 0 running / 1 errors / 33% coverage ] ***
*-- Stat Module Output --*
*-- concretizations: ["defineProperty","bound log"]
*-- Stat Module Done --*
*-- Test Case {"_bound":0} start 0.07 took 4.217s
*-- Errors occured in test {"_bound":0}
* Error: SyntaxError: Unexpected token .
*-- Replay with NO_COMPILE=1 expoSE replay '/root/ExpoSE/lib/Harness/src/harness.js' '{"_bound":0}'
*-- Coverage Data
*- File /root/ExpoSE/lib/Harness/src/harness.js. Coverage (Term): 18% Coverage (LOC): 24%
*- File /root/ExpoSE/lib/S$/bin/symbols.js. Coverage (Term): 16% Coverage (LOC): 34%
*- Re-run with EXPOSE_PRINT_COVERAGE=1 to print line by line coverage information
** ExpoSE Finished. 1 paths with 1 errors **
