
> pg-promise@5.3.1 postinstall /root/Targets/ut-port-postgres/node_modules/pg-promise
> node install.js

/root/Targets/ut-port-postgres
├── UNMET PEER DEPENDENCY ut-bus@^5.9.0
└─┬ ut-port-postgres@5.7.11 
  ├─┬ pg-promise@5.3.1 
  │ ├── manakin@0.4.8 
  │ ├─┬ pg@5.1.0 
  │ │ ├── buffer-writer@1.0.1 
  │ │ ├── generic-pool@2.4.2 
  │ │ ├── packet-reader@0.2.0 
  │ │ ├── pg-connection-string@0.1.3 
  │ │ ├─┬ pg-types@1.12.1 
  │ │ │ ├── postgres-array@1.0.2 
  │ │ │ ├── postgres-bytea@1.0.0 
  │ │ │ ├── postgres-date@1.0.3 
  │ │ │ └─┬ postgres-interval@1.1.1 
  │ │ │   └── xtend@4.0.1 
  │ │ ├─┬ pgpass@0.0.6 
  │ │ │ └─┬ split@1.0.1 
  │ │ │   └── through@2.3.8 
  │ │ └── semver@4.3.2 
  │ ├── pg-minify@0.3.5 
  │ └── spex@1.2.1 
  ├── ut-error@5.4.9 
  └── when@3.7.7 

Setup Done exists, not setting up
:../FeatureTester/libs/:/root/Targets/ut-port-postgres/node_modules
Set Default Z3_PATH to ./node_modules/z3javascript/bin/libz3.so
ExpoSE Master: /root/ExpoSE/lib/Harness/src/harness.js max concurrent: 16 max paths: 1000000
Setting timeout to 900000
*** [0 done /0 queued / 1 running / 0 errors / 0% coverage ] ****** [0 done /0 queued / 1 running / 0 errors / 0% coverage ] ****** [1 done /0 queued / 0 running / 1 errors / 33% coverage ] ***
*-- Stat Module Output --*
*-- concretizations: ["defineProperty","bound log"]
*-- Stat Module Done --*
*-- Test Case {"_bound":0} start 0.0276 took 14.079s
*-- Errors occured in test {"_bound":0}
* Error: SyntaxError: Unexpected token .
*-- Replay with NO_COMPILE=1 expoSE replay '/root/ExpoSE/lib/Harness/src/harness.js' '{"_bound":0}'
*-- Coverage Data
*- File /root/ExpoSE/lib/Harness/src/harness.js. Coverage (Term): 18% Coverage (LOC): 24%
*- File /root/ExpoSE/lib/S$/bin/symbols.js. Coverage (Term): 16% Coverage (LOC): 34%
*- Re-run with EXPOSE_PRINT_COVERAGE=1 to print line by line coverage information
** ExpoSE Finished. 1 paths with 1 errors **
