/root/Targets/visallo-jsdoc-template
└─┬ visallo-jsdoc-template@1.1.3 
  └─┬ escodegen@1.9.0 
    ├── esprima@3.1.3 
    ├── estraverse@4.2.0 
    ├── esutils@2.0.2 
    ├─┬ optionator@0.8.2 
    │ ├── deep-is@0.1.3 
    │ ├── fast-levenshtein@2.0.6 
    │ ├── levn@0.3.0 
    │ ├── prelude-ls@1.1.2 
    │ ├── type-check@0.3.2 
    │ └── wordwrap@1.0.0 
    └── source-map@0.5.7 

Setup Done exists, not setting up
:../FeatureTester/libs/:/root/Targets/visallo-jsdoc-template/node_modules
Set Default Z3_PATH to ./node_modules/z3javascript/bin/libz3.so
ExpoSE Master: /root/ExpoSE/lib/Harness/src/harness.js max concurrent: 16 max paths: 1000000
Setting timeout to 900000
*** [0 done /0 queued / 1 running / 0 errors / 0% coverage ] ****** [0 done /0 queued / 1 running / 0 errors / 0% coverage ] ****** [1 done /0 queued / 0 running / 1 errors / 33% coverage ] ***
*-- Stat Module Output --*
*-- concretizations: ["defineProperty","bound log"]
*-- Stat Module Done --*
*-- Test Case {"_bound":0} start 0.0329 took 6.6313s
*-- Errors occured in test {"_bound":0}
* Error: SyntaxError: Unexpected token .
*-- Replay with NO_COMPILE=1 expoSE replay '/root/ExpoSE/lib/Harness/src/harness.js' '{"_bound":0}'
*-- Coverage Data
*- File /root/ExpoSE/lib/Harness/src/harness.js. Coverage (Term): 18% Coverage (LOC): 24%
*- File /root/ExpoSE/lib/S$/bin/symbols.js. Coverage (Term): 16% Coverage (LOC): 34%
*- Re-run with EXPOSE_PRINT_COVERAGE=1 to print line by line coverage information
** ExpoSE Finished. 1 paths with 1 errors **
