/root/Targets/vue-carousel-3d
└── vue-carousel-3d@0.1.18 

Setup Done exists, not setting up
:../FeatureTester/libs/:/root/Targets/vue-carousel-3d/node_modules
Set Default Z3_PATH to ./node_modules/z3javascript/bin/libz3.so
ExpoSE Master: /root/ExpoSE/lib/Harness/src/harness.js max concurrent: 16 max paths: 1000000
Setting timeout to 900000
*** [0 done /0 queued / 1 running / 0 errors / 0% coverage ] ****** [0 done /0 queued / 1 running / 0 errors / 0% coverage ] ****** [1 done /0 queued / 0 running / 1 errors / 19% coverage ] ***
*-- Stat Module Output --*
*-- concretizations: ["defineProperty","bound log","call"]
*-- Stat Module Done --*
*-- Test Case {"_bound":0} start 0.0538 took 10.9331s
*-- Errors occured in test {"_bound":0}
* Error: ReferenceError: document is not defined
*-- Replay with NO_COMPILE=1 expoSE replay '/root/ExpoSE/lib/Harness/src/harness.js' '{"_bound":0}'
*-- Coverage Data
*- File /root/ExpoSE/lib/Harness/src/harness.js. Coverage (Term): 18% Coverage (LOC): 24%
*- File /root/ExpoSE/lib/S$/bin/symbols.js. Coverage (Term): 16% Coverage (LOC): 34%
*- File /root/Targets/vue-carousel-3d/node_modules/vue-carousel-3d/dist/vue-carousel-3d.min.js. Coverage (Term): 9% Coverage (LOC): 16%
*- Re-run with EXPOSE_PRINT_COVERAGE=1 to print line by line coverage information
** ExpoSE Finished. 1 paths with 1 errors **
