/root/Targets/web-adplay-sdk
└─┬ web-adplay-sdk@0.10.5 
  ├─┬ kefir@3.7.4 
  │ └── symbol-observable@1.0.4 
  ├─┬ lie@3.1.1 
  │ └── immediate@3.0.6 
  ├── uuid@2.0.3 
  └── wolfy87-eventemitter@4.2.11 

Setup Done exists, not setting up
:../FeatureTester/libs/:/root/Targets/web-adplay-sdk/node_modules
Set Default Z3_PATH to ./node_modules/z3javascript/bin/libz3.so
ExpoSE Master: /root/ExpoSE/lib/Harness/src/harness.js max concurrent: 16 max paths: 1000000
Setting timeout to 900000
*** [0 done /0 queued / 1 running / 0 errors / 0% coverage ] ****** [0 done /0 queued / 1 running / 0 errors / 0% coverage ] ****** [1 done /0 queued / 0 running / 1 errors / 25% coverage ] ***
*-- Stat Module Output --*
*-- concretizations: ["defineProperty","bound log","call","for","charCodeAt","ArrayBuffer","Uint8Array","subarray","Array","toString","random"]
*-- Stat Module Done --*
*-- Test Case {"_bound":0} start 0.0378 took 23.2663s
*-- Errors occured in test {"_bound":0}
* Error: ReferenceError: document is not defined
*-- Replay with NO_COMPILE=1 expoSE replay '/root/ExpoSE/lib/Harness/src/harness.js' '{"_bound":0}'
*-- Coverage Data
*- File /root/ExpoSE/lib/Harness/src/harness.js. Coverage (Term): 18% Coverage (LOC): 24%
*- File /root/ExpoSE/lib/S$/bin/symbols.js. Coverage (Term): 16% Coverage (LOC): 34%
*- File /root/Targets/web-adplay-sdk/node_modules/web-adplay-sdk/build/main.min.js. Coverage (Term): 11% Coverage (LOC): 25%
*- Re-run with EXPOSE_PRINT_COVERAGE=1 to print line by line coverage information
** ExpoSE Finished. 1 paths with 1 errors **
