/root/Targets/whitestormjs
└─┬ whitestormjs@0.11.2 
  ├── inline-worker@1.1.0 
  ├── minivents@2.2.0 
  ├── stats.js@0.16.0 
  ├── three@0.80.1 
  ├── three-orbit-controls@72.0.0 
  ├── webworkify-webpack@1.1.8 
  └─┬ whs-ammo@0.0.6 
    ├── fs@0.0.2 
    └─┬ path@0.12.7 
      ├── process@0.11.10 
      └─┬ util@0.10.3 
        └── inherits@2.0.1 

Setup Done exists, not setting up
:../FeatureTester/libs/:/root/Targets/whitestormjs/node_modules
Set Default Z3_PATH to ./node_modules/z3javascript/bin/libz3.so
ExpoSE Master: /root/ExpoSE/lib/Harness/src/harness.js max concurrent: 16 max paths: 1000000
Setting timeout to 900000
*** [0 done /0 queued / 1 running / 0 errors / 0% coverage ] ****** [0 done /0 queued / 1 running / 0 errors / 0% coverage ] ****** [1 done /0 queued / 0 running / 1 errors / 24% coverage ] ***
*-- Stat Module Output --*
*-- concretizations: ["defineProperty","bound log"]
*-- Stat Module Done --*
*-- Test Case {"_bound":0} start 0.0851 took 6.5701s
*-- Errors occured in test {"_bound":0}
* Error: Error: Cannot find module 'babel-runtime/helpers/classCallCheck'
*-- Replay with NO_COMPILE=1 expoSE replay '/root/ExpoSE/lib/Harness/src/harness.js' '{"_bound":0}'
*-- Coverage Data
*- File /root/ExpoSE/lib/Harness/src/harness.js. Coverage (Term): 18% Coverage (LOC): 24%
*- File /root/ExpoSE/lib/S$/bin/symbols.js. Coverage (Term): 16% Coverage (LOC): 34%
*- File /root/Targets/whitestormjs/node_modules/whitestormjs/lib/index.js. Coverage (Term): 8% Coverage (LOC): 7%
*- File /root/Targets/whitestormjs/node_modules/whitestormjs/lib/cameras/index.js. Coverage (Term): 16% Coverage (LOC): 18%
*- File /root/Targets/whitestormjs/node_modules/whitestormjs/lib/cameras/CubeCamera.js. Coverage (Term): 13% Coverage (LOC): 16%
*- Re-run with EXPOSE_PRINT_COVERAGE=1 to print line by line coverage information
** ExpoSE Finished. 1 paths with 1 errors **
