
> ws@0.4.31 install /root/Targets/windlike/node_modules/ws
> (node-gyp rebuild 2> builderror.log) || (exit 0)

make: Entering directory '/root/Targets/windlike/node_modules/ws/build'
  CXX(target) Release/obj.target/bufferutil/src/bufferutil.o
bufferutil.target.mk:96: recipe for target 'Release/obj.target/bufferutil/src/bufferutil.o' failed
make: Leaving directory '/root/Targets/windlike/node_modules/ws/build'
/root/Targets/windlike
└─┬ windlike@0.0.9 
  ├─┬ engine.io@1.3.1 
  │ ├── base64id@0.1.0 
  │ ├── debug@0.6.0 
  │ ├─┬ engine.io-parser@1.0.6 
  │ │ ├── after@0.8.1 
  │ │ ├── arraybuffer.slice@0.0.6 
  │ │ ├── base64-arraybuffer@0.1.2 
  │ │ ├── blob@0.0.2 
  │ │ └── utf8@2.0.0 
  │ └─┬ ws@0.4.31 
  │   ├── commander@0.6.1 
  │   ├── nan@0.3.2 
  │   ├── options@0.0.6 
  │   └── tinycolor@0.0.1 
  ├─┬ engine.io-client@1.3.1 
  │ ├── component-emitter@1.1.2 
  │ ├── component-inherit@0.0.3 
  │ ├── debug@0.7.4 
  │ ├─┬ has-cors@1.0.3 
  │ │ └── global@2.0.1 
  │ ├── indexof@0.0.1 
  │ ├─┬ parsejson@0.0.1 
  │ │ └─┬ better-assert@1.0.2 
  │ │   └── callsite@1.0.0 
  │ ├── parseqs@0.0.2 
  │ ├── parseuri@0.0.2 
  │ └── xmlhttprequest@1.5.0 
  └─┬ mqtt@0.3.11 
    └─┬ readable-stream@1.0.34 
      ├── core-util-is@1.0.2 
      ├── inherits@2.0.3 
      ├── isarray@0.0.1 
      └── string_decoder@0.10.31 

Setup Done exists, not setting up
:../FeatureTester/libs/:/root/Targets/windlike/node_modules
Set Default Z3_PATH to ./node_modules/z3javascript/bin/libz3.so
ExpoSE Master: /root/ExpoSE/lib/Harness/src/harness.js max concurrent: 16 max paths: 1000000
Setting timeout to 900000
*** [0 done /0 queued / 1 running / 0 errors / 0% coverage ] ****** [0 done /0 queued / 1 running / 0 errors / 0% coverage ] ****** [1 done /0 queued / 0 running / 1 errors / 23% coverage ] ***
*-- Stat Module Output --*
*-- concretizations: ["defineProperty","bound log","Function"]
*-- Stat Module Done --*
*-- Test Case {"_bound":0} start 0.0383 took 7.8225s
*-- Errors occured in test {"_bound":0}
* Error: ReferenceError: require is not defined
*-- Replay with NO_COMPILE=1 expoSE replay '/root/ExpoSE/lib/Harness/src/harness.js' '{"_bound":0}'
*-- Coverage Data
*- File /root/ExpoSE/lib/Harness/src/harness.js. Coverage (Term): 18% Coverage (LOC): 24%
*- File /root/ExpoSE/lib/S$/bin/symbols.js. Coverage (Term): 16% Coverage (LOC): 34%
*- File /root/Targets/windlike/node_modules/windlike/index.js. Coverage (Term): 80% Coverage (LOC): 100%
*- File /root/Targets/windlike/node_modules/windlike/lib/windlike.js. Coverage (Term): 34% Coverage (LOC): 44%
*- File /root/Targets/windlike/node_modules/mqtt/index.js. Coverage (Term): 80% Coverage (LOC): 100%
*- File /root/Targets/windlike/node_modules/mqtt/lib/mqtt.js. Coverage (Term): 4% Coverage (LOC): 3%
*- File /root/Targets/windlike/node_modules/mqtt/lib/server.js. Coverage (Term): 17% Coverage (LOC): 9%
*- File /root/Targets/windlike/node_modules/mqtt/lib/connection.js. Coverage (Term): 19% Coverage (LOC): 14%
*- File /root/Targets/windlike/node_modules/mqtt/lib/protocol.js. Coverage (Term): 99% Coverage (LOC): 100%
*- File /root/Targets/windlike/node_modules/mqtt/lib/generate.js. Coverage (Term): 9% Coverage (LOC): 17%
*- File /root/Targets/windlike/node_modules/mqtt/lib/parse.js. Coverage (Term): 11% Coverage (LOC): 20%
*- File /root/Targets/windlike/node_modules/mqtt/lib/parsing_utils.js. Coverage (Term): 24% Coverage (LOC): 43%
*- File evalIndirect. Coverage (Term): 9% Coverage (LOC): 13%
*- Re-run with EXPOSE_PRINT_COVERAGE=1 to print line by line coverage information
** ExpoSE Finished. 1 paths with 1 errors **
