/root/Targets/wiresrc
├── UNMET PEER DEPENDENCY grunt@~0.4.0
└─┬ wiresrc@0.1.6 
  ├─┬ glob@4.0.6 
  │ ├─┬ graceful-fs@3.0.11 
  │ │ └── natives@1.1.0 
  │ ├── inherits@2.0.3 
  │ ├── minimatch@1.0.0 
  │ └─┬ once@1.4.0 
  │   └── wrappy@1.0.2 
  ├── lodash@2.4.2 
  ├─┬ minimatch@0.3.0 
  │ ├── lru-cache@2.7.3 
  │ └── sigmund@1.0.1 
  ├─┬ winston@0.7.3 
  │ ├── async@0.2.10 
  │ ├── colors@0.6.2 
  │ ├── cycle@1.0.3 
  │ ├── eyes@0.1.8 
  │ ├── pkginfo@0.3.1 
  │ ├─┬ request@2.16.6 
  │ │ ├── aws-sign@0.2.0 
  │ │ ├── cookie-jar@0.2.0 
  │ │ ├── forever-agent@0.2.0 
  │ │ ├─┬ form-data@0.0.10 
  │ │ │ └─┬ combined-stream@0.0.7 
  │ │ │   └── delayed-stream@0.0.5 
  │ │ ├─┬ hawk@0.10.2 
  │ │ │ ├── boom@0.3.8 
  │ │ │ ├── cryptiles@0.1.3 
  │ │ │ ├── hoek@0.7.6 
  │ │ │ └── sntp@0.1.4 
  │ │ ├── json-stringify-safe@3.0.0 
  │ │ ├── mime@1.2.11 
  │ │ ├── node-uuid@1.4.8 
  │ │ ├── oauth-sign@0.2.0 
  │ │ ├── qs@0.5.6 
  │ │ └── tunnel-agent@0.2.0 
  │ └── stack-trace@0.0.10 
  └─┬ wiredep@1.4.4 
    ├─┬ chalk@0.1.1 
    │ ├── ansi-styles@0.1.2 
    │ └── has-color@0.1.7 
    ├── glob@3.2.11 
    ├── lodash@1.3.1 
    └─┬ through2@0.4.2 
      ├─┬ readable-stream@1.0.34 
      │ ├── core-util-is@1.0.2 
      │ ├── isarray@0.0.1 
      │ └── string_decoder@0.10.31 
      └─┬ xtend@2.1.2 
        └── object-keys@0.4.0 

Setup Done exists, not setting up
:../FeatureTester/libs/:/root/Targets/wiresrc/node_modules
Set Default Z3_PATH to ./node_modules/z3javascript/bin/libz3.so
ExpoSE Master: /root/ExpoSE/lib/Harness/src/harness.js max concurrent: 16 max paths: 1000000
Setting timeout to 900000
*** [0 done /0 queued / 1 running / 0 errors / 0% coverage ] ****** [0 done /0 queued / 1 running / 0 errors / 0% coverage ] ****** [1 done /0 queued / 0 running / 1 errors / 17% coverage ] ***
*-- Stat Module Output --*
*-- concretizations: ["defineProperty","bound log","call","isArray","parse"]
*-- Stat Module Done --*
*-- Test Case {"_bound":0} start 0.0236 took 6.9225s
*-- Errors occured in test {"_bound":0}
* Error: TypeError: Object.prototype.__defineGetter__: Expecting function
*-- Replay with NO_COMPILE=1 expoSE replay '/root/ExpoSE/lib/Harness/src/harness.js' '{"_bound":0}'
*-- Coverage Data
*- File /root/ExpoSE/lib/Harness/src/harness.js. Coverage (Term): 18% Coverage (LOC): 24%
*- File /root/ExpoSE/lib/S$/bin/symbols.js. Coverage (Term): 16% Coverage (LOC): 34%
*- File /root/Targets/wiresrc/node_modules/wiresrc/wiresrc.js. Coverage (Term): 69% Coverage (LOC): 86%
*- File /root/Targets/wiresrc/node_modules/wiresrc/lib/inject.js. Coverage (Term): 8% Coverage (LOC): 6%
*- File /root/Targets/wiresrc/node_modules/winston/lib/winston.js. Coverage (Term): 9% Coverage (LOC): 8%
*- File /root/Targets/wiresrc/node_modules/pkginfo/lib/pkginfo.js. Coverage (Term): 85% Coverage (LOC): 91%
*- File /root/Targets/wiresrc/node_modules/winston/lib/winston/transports.js. Coverage (Term): 23% Coverage (LOC): 24%
*- File /root/Targets/wiresrc/node_modules/winston/lib/winston/common.js. Coverage (Term): 3% Coverage (LOC): 2%
*- File /root/Targets/wiresrc/node_modules/cycle/cycle.js. Coverage (Term): 7% Coverage (LOC): 11%
*- File /root/Targets/wiresrc/node_modules/winston/lib/winston/config.js. Coverage (Term): 8% Coverage (LOC): 13%
*- File /root/Targets/wiresrc/node_modules/colors/colors.js. Coverage (Term): 9% Coverage (LOC): 10%
*- Re-run with EXPOSE_PRINT_COVERAGE=1 to print line by line coverage information
** ExpoSE Finished. 1 paths with 1 errors **
