/root/Targets/word-quiz-generator
└─┬ word-quiz-generator@4.0.0 
  ├── colors@1.1.2 
  ├─┬ csv@1.1.1 
  │ ├── csv-generate@1.0.0 
  │ ├── csv-parse@1.2.3 
  │ ├─┬ csv-stringify@1.0.4 
  │ │ └── lodash.get@4.4.2 
  │ └── stream-transform@0.1.2 
  ├─┬ debug@2.6.9 
  │ └── ms@2.0.0 
  ├─┬ fs-extra-promise@0.4.1 
  │ ├── bluebird@3.5.0 
  │ └─┬ fs-extra@0.30.0 
  │   ├── graceful-fs@4.1.11 
  │   ├── jsonfile@2.4.0 
  │   ├── klaw@1.3.1 
  │   ├── path-is-absolute@1.0.1 
  │   └─┬ rimraf@2.6.2 
  │     └─┬ glob@7.1.2 
  │       ├── fs.realpath@1.0.0 
  │       ├─┬ inflight@1.0.6 
  │       │ └── wrappy@1.0.2 
  │       ├── inherits@2.0.3 
  │       ├─┬ minimatch@3.0.4 
  │       │ └─┬ brace-expansion@1.1.8 
  │       │   ├── balanced-match@1.0.0 
  │       │   └── concat-map@0.0.1 
  │       └── once@1.4.0 
  ├── lodash@4.17.4 
  ├── minimist@1.2.0 
  ├── pad@1.1.0 
  ├── progress@1.1.8 
  ├─┬ shell-quote@1.6.1 
  │ ├── array-filter@0.0.1 
  │ ├── array-map@0.0.0 
  │ ├── array-reduce@0.0.0 
  │ └── jsonify@0.0.0 
  ├─┬ source-map-support@0.4.18 
  │ └── source-map@0.5.7 
  └── xregexp@3.2.0 

Setup Done exists, not setting up
:../FeatureTester/libs/:/root/Targets/word-quiz-generator/node_modules
Set Default Z3_PATH to ./node_modules/z3javascript/bin/libz3.so
ExpoSE Master: /root/ExpoSE/lib/Harness/src/harness.js max concurrent: 16 max paths: 1000000
Setting timeout to 900000
*** [0 done /0 queued / 1 running / 0 errors / 0% coverage ] ****** [0 done /0 queued / 1 running / 0 errors / 0% coverage ] ****** [1 done /0 queued / 0 running / 1 errors / 34% coverage ] ***
*-- Stat Module Output --*
*-- concretizations: ["defineProperty","bound log"]
*-- Stat Module Done --*
*-- Test Case {"_bound":0} start 0.0462 took 4.6861s
*-- Errors occured in test {"_bound":0}
* Error: TypeError: Cannot read property 'length' of undefined
*-- Replay with NO_COMPILE=1 expoSE replay '/root/ExpoSE/lib/Harness/src/harness.js' '{"_bound":0}'
*-- Coverage Data
*- File /root/ExpoSE/lib/Harness/src/harness.js. Coverage (Term): 18% Coverage (LOC): 24%
*- File /root/ExpoSE/lib/S$/bin/symbols.js. Coverage (Term): 16% Coverage (LOC): 34%
*- File /root/Targets/word-quiz-generator/node_modules/word-quiz-generator/lib/index.js. Coverage (Term): 39% Coverage (LOC): 50%
*- Re-run with EXPOSE_PRINT_COVERAGE=1 to print line by line coverage information
** ExpoSE Finished. 1 paths with 1 errors **
