/root/Targets/x-mp13-spa_skeleton
└─┬ x-mp13-spa_skeleton@0.0.2 
  ├─┬ clean-css-brunch@1.7.2 
  │ └─┬ clean-css@3.1.9 
  │   └─┬ source-map@0.1.43 
  │     └── amdefine@1.0.1 
  ├── css-brunch@1.7.0 
  ├─┬ jade@1.9.2 
  │ ├── character-parser@1.2.1 
  │ ├── commander@2.6.0 
  │ ├─┬ constantinople@3.0.2 
  │ │ └── acorn@2.7.0 
  │ ├─┬ mkdirp@0.5.1 
  │ │ └── minimist@0.0.8 
  │ ├─┬ transformers@2.1.0 
  │ │ ├─┬ css@1.0.8 
  │ │ │ ├── css-parse@1.0.4 
  │ │ │ └── css-stringify@1.0.5 
  │ │ ├─┬ promise@2.0.0 
  │ │ │ └── is-promise@1.0.1 
  │ │ └─┬ uglify-js@2.2.5 
  │ │   └─┬ optimist@0.3.7 
  │ │     └── wordwrap@0.0.3 
  │ ├── void-elements@2.0.1 
  │ └─┬ with@4.0.3 
  │   ├── acorn@1.2.2 
  │   └── acorn-globals@1.0.9 
  ├─┬ jade-brunch@1.8.2 
  │ ├─┬ jade@1.11.0 
  │ │ ├─┬ jstransformer@0.0.2 
  │ │ │ ├── is-promise@2.1.0 
  │ │ │ └─┬ promise@6.1.0 
  │ │ │   └── asap@1.0.0 
  │ │ └─┬ uglify-js@2.8.29 
  │ │   ├── source-map@0.5.7 
  │ │   └─┬ yargs@3.10.0 
  │ │     └─┬ cliui@2.1.0 
  │ │       ├─┬ center-align@0.1.3 
  │ │       │ ├─┬ align-text@0.1.4 
  │ │       │ │ ├─┬ kind-of@3.2.2 
  │ │       │ │ │ └── is-buffer@1.1.5 
  │ │       │ │ ├── longest@1.0.1 
  │ │       │ │ └── repeat-string@1.6.1 
  │ │       │ └── lazy-cache@1.0.4 
  │ │       ├── right-align@0.1.3 
  │ │       └── wordwrap@0.0.2 
  │ ├─┬ progeny@0.5.2 
  │ │ ├── async-each@0.1.6 
  │ │ └─┬ fs-mode@1.0.1 
  │ │   └─┬ cbify@1.0.0 
  │ │     ├── fn-args@1.0.0 
  │ │     └── wrappy@1.0.2 
  │ └── umd-wrapper@0.1.0 
  ├─┬ javascript-brunch@1.7.1 
  │ └── esprima@1.0.4 
  └─┬ uglify-js-brunch@1.7.8 
    └─┬ uglify-js@2.4.24 
      ├── async@0.2.10 
      ├── source-map@0.1.34 
      ├── uglify-to-browserify@1.0.2 
      └─┬ yargs@3.5.4 
        ├── camelcase@1.2.1 
        ├── decamelize@1.2.0 
        ├── window-size@0.1.0 
        └── wordwrap@0.0.2 

Setup Done exists, not setting up
:../FeatureTester/libs/:/root/Targets/x-mp13-spa_skeleton/node_modules
Set Default Z3_PATH to ./node_modules/z3javascript/bin/libz3.so
ExpoSE Master: /root/ExpoSE/lib/Harness/src/harness.js max concurrent: 16 max paths: 1000000
Setting timeout to 900000
*** [0 done /0 queued / 1 running / 0 errors / 0% coverage ] ****** [0 done /0 queued / 1 running / 0 errors / 0% coverage ] ****** [1 done /0 queued / 0 running / 1 errors / 33% coverage ] ***
*-- Stat Module Output --*
*-- concretizations: ["defineProperty","bound log"]
*-- Stat Module Done --*
*-- Test Case {"_bound":0} start 0.0477 took 6.3821s
*-- Errors occured in test {"_bound":0}
* Error: Tropigate failed because SyntaxError: Unexpected token (1:78) on program <!doctype html>
<!--[if lt IE 7]> <html class="no-js lt-ie9 lt-ie8 lt-ie7" lang="en"> <![endif]-->
<!--[if IE 7]>    <html class="no-js lt-ie9 lt-ie8" lang="en"> <![endif]-->
<!--[if IE 8]>    <html class="no-js lt-ie9" lang="en"> <![endif]-->
<!--[if gt IE 8]><!--> <html class="no-js" lang="en"> <!--<![endif]-->
<head>
    <meta charset="utf-8">
    <title>Bookmarks</title>
    <script type="text/javascript" src="scripts/vendor.js"></script>
    <script type="text/javascript" src="scripts/app.js"></script>
    <script type="text/javascript">require('initialize');</script>
</head>
<body>
</body>
</html>
 at SyntaxError: Unexpected token (1:78)
    at Parser.pp$4.raise (/root/ExpoSE/lib/Tropigate/node_modules/acorn/dist/acorn.js:2221:15)
    at Parser.pp.unexpected (/root/ExpoSE/lib/Tropigate/node_modules/acorn/dist/acorn.js:603:10)
    at Parser.pp$3.parseExprAtom (/root/ExpoSE/lib/Tropigate/node_modules/acorn/dist/acorn.js:1822:12)
    at Parser.parseExprAtom (/root/ExpoSE/lib/Tropigate/bin/Expression.js:28:30)
    at Parser.pp$3.parseExprSubscripts (/root/ExpoSE/lib/Tropigate/node_modules/acorn/dist/acorn.js:1715:21)
    at Parser.parseMaybeUnary (/root/ExpoSE/lib/Tropigate/bin/Unary.js:34:29)
    at Parser.pp$3.parseExprOps (/root/ExpoSE/lib/Tropigate/node_modules/acorn/dist/acorn.js:1637:21)
    at Parser.pp$3.parseMaybeConditional (/root/ExpoSE/lib/Tropigate/node_modules/acorn/dist/acorn.js:1620:21)
    at Parser.pp$3.parseMaybeAssign (/root/ExpoSE/lib/Tropigate/node_modules/acorn/dist/acorn.js:1597:21)
    at Parser.pp$3.parseExpression (/root/ExpoSE/lib/Tropigate/node_modules/acorn/dist/acorn.js:1573:21)
*-- Replay with NO_COMPILE=1 expoSE replay '/root/ExpoSE/lib/Harness/src/harness.js' '{"_bound":0}'
*-- Coverage Data
*- File /root/ExpoSE/lib/Harness/src/harness.js. Coverage (Term): 18% Coverage (LOC): 24%
*- File /root/ExpoSE/lib/S$/bin/symbols.js. Coverage (Term): 16% Coverage (LOC): 34%
*- Re-run with EXPOSE_PRINT_COVERAGE=1 to print line by line coverage information
** ExpoSE Finished. 1 paths with 1 errors **
